[2022-07-28 20:23:07,626] {taskinstance.py:1035} INFO - Dependencies all met for <TaskInstance: btc_price_operator.compose_price_email manual__2022-07-28T20:23:03.132382+00:00 [queued]>
[2022-07-28 20:23:07,646] {taskinstance.py:1035} INFO - Dependencies all met for <TaskInstance: btc_price_operator.compose_price_email manual__2022-07-28T20:23:03.132382+00:00 [queued]>
[2022-07-28 20:23:07,646] {taskinstance.py:1241} INFO - 
--------------------------------------------------------------------------------
[2022-07-28 20:23:07,646] {taskinstance.py:1242} INFO - Starting attempt 1 of 1
[2022-07-28 20:23:07,646] {taskinstance.py:1243} INFO - 
--------------------------------------------------------------------------------
[2022-07-28 20:23:07,673] {taskinstance.py:1262} INFO - Executing <Task(_PythonDecoratedOperator): compose_price_email> on 2022-07-28 20:23:03.132382+00:00
[2022-07-28 20:23:07,682] {standard_task_runner.py:52} INFO - Started process 112 to run task
[2022-07-28 20:23:07,696] {standard_task_runner.py:76} INFO - Running: ['***', 'tasks', 'run', 'btc_price_operator', 'compose_price_email', 'manual__2022-07-28T20:23:03.132382+00:00', '--job-id', '111', '--raw', '--subdir', 'DAGS_FOLDER/btc_price.py', '--cfg-path', '/tmp/tmpbmyg4624', '--error-file', '/tmp/tmp5hjy9vhg']
[2022-07-28 20:23:07,697] {standard_task_runner.py:77} INFO - Job 111: Subtask compose_price_email
[2022-07-28 20:23:07,768] {logging_mixin.py:109} INFO - Running <TaskInstance: btc_price_operator.compose_price_email manual__2022-07-28T20:23:03.132382+00:00 [running]> on host aeed186f5814
[2022-07-28 20:23:07,879] {taskinstance.py:1429} INFO - Exporting the following env vars:
AIRFLOW_CTX_DAG_OWNER=***
AIRFLOW_CTX_DAG_ID=btc_price_operator
AIRFLOW_CTX_TASK_ID=compose_price_email
AIRFLOW_CTX_EXECUTION_DATE=2022-07-28T20:23:03.132382+00:00
AIRFLOW_CTX_DAG_RUN_ID=manual__2022-07-28T20:23:03.132382+00:00
[2022-07-28 20:23:07,881] {taskinstance.py:1703} ERROR - Task failed with exception
Traceback (most recent call last):
  File "/home/airflow/.local/lib/python3.7/site-packages/airflow/models/taskinstance.py", line 1332, in _run_raw_task
    self._execute_task_with_callbacks(context)
  File "/home/airflow/.local/lib/python3.7/site-packages/airflow/models/taskinstance.py", line 1458, in _execute_task_with_callbacks
    result = self._execute_task(context, self.task)
  File "/home/airflow/.local/lib/python3.7/site-packages/airflow/models/taskinstance.py", line 1514, in _execute_task
    result = execute_callable(context=context)
  File "/home/airflow/.local/lib/python3.7/site-packages/airflow/decorators/base.py", line 134, in execute
    return_value = super().execute(context)
  File "/home/airflow/.local/lib/python3.7/site-packages/airflow/operators/python.py", line 151, in execute
    return_value = self.execute_callable()
  File "/home/airflow/.local/lib/python3.7/site-packages/airflow/operators/python.py", line 162, in execute_callable
    return self.python_callable(*self.op_args, **self.op_kwargs)
  File "/opt/airflow/dags/btc_price.py", line 35, in compose_price_email
    return BTC.compose_price_email(price_json)
NameError: name 'BTC' is not defined
[2022-07-28 20:23:07,910] {taskinstance.py:1280} INFO - Marking task as FAILED. dag_id=btc_price_operator, task_id=compose_price_email, execution_date=20220728T202303, start_date=20220728T202307, end_date=20220728T202307
[2022-07-28 20:23:07,943] {standard_task_runner.py:91} ERROR - Failed to execute job 111 for task compose_price_email
Traceback (most recent call last):
  File "/home/airflow/.local/lib/python3.7/site-packages/airflow/task/task_runner/standard_task_runner.py", line 85, in _start_by_fork
    args.func(args, dag=self.dag)
  File "/home/airflow/.local/lib/python3.7/site-packages/airflow/cli/cli_parser.py", line 48, in command
    return func(*args, **kwargs)
  File "/home/airflow/.local/lib/python3.7/site-packages/airflow/utils/cli.py", line 92, in wrapper
    return f(*args, **kwargs)
  File "/home/airflow/.local/lib/python3.7/site-packages/airflow/cli/commands/task_command.py", line 292, in task_run
    _run_task_by_selected_method(args, dag, ti)
  File "/home/airflow/.local/lib/python3.7/site-packages/airflow/cli/commands/task_command.py", line 107, in _run_task_by_selected_method
    _run_raw_task(args, ti)
  File "/home/airflow/.local/lib/python3.7/site-packages/airflow/cli/commands/task_command.py", line 184, in _run_raw_task
    error_file=args.error_file,
  File "/home/airflow/.local/lib/python3.7/site-packages/airflow/utils/session.py", line 70, in wrapper
    return func(*args, session=session, **kwargs)
  File "/home/airflow/.local/lib/python3.7/site-packages/airflow/models/taskinstance.py", line 1332, in _run_raw_task
    self._execute_task_with_callbacks(context)
  File "/home/airflow/.local/lib/python3.7/site-packages/airflow/models/taskinstance.py", line 1458, in _execute_task_with_callbacks
    result = self._execute_task(context, self.task)
  File "/home/airflow/.local/lib/python3.7/site-packages/airflow/models/taskinstance.py", line 1514, in _execute_task
    result = execute_callable(context=context)
  File "/home/airflow/.local/lib/python3.7/site-packages/airflow/decorators/base.py", line 134, in execute
    return_value = super().execute(context)
  File "/home/airflow/.local/lib/python3.7/site-packages/airflow/operators/python.py", line 151, in execute
    return_value = self.execute_callable()
  File "/home/airflow/.local/lib/python3.7/site-packages/airflow/operators/python.py", line 162, in execute_callable
    return self.python_callable(*self.op_args, **self.op_kwargs)
  File "/opt/airflow/dags/btc_price.py", line 35, in compose_price_email
    return BTC.compose_price_email(price_json)
NameError: name 'BTC' is not defined
[2022-07-28 20:23:07,986] {local_task_job.py:154} INFO - Task exited with return code 1
[2022-07-28 20:23:08,034] {baseoperator.py:1386} WARNING - Dependency <Task(_PythonDecoratedOperator): compose_price_email>, send_price_email already registered for DAG: btc_price_operator
[2022-07-28 20:23:08,035] {baseoperator.py:1386} WARNING - Dependency <Task(EmailOperator): send_price_email>, compose_price_email already registered for DAG: btc_price_operator
[2022-07-28 20:23:08,035] {baseoperator.py:1386} WARNING - Dependency <Task(_PythonDecoratedOperator): compose_price_email>, send_price_email already registered for DAG: btc_price_operator
[2022-07-28 20:23:08,035] {baseoperator.py:1386} WARNING - Dependency <Task(EmailOperator): send_price_email>, compose_price_email already registered for DAG: btc_price_operator
[2022-07-28 20:23:08,035] {baseoperator.py:1386} WARNING - Dependency <Task(_PythonDecoratedOperator): compose_price_email>, send_price_email already registered for DAG: btc_price_operator
[2022-07-28 20:23:08,035] {baseoperator.py:1386} WARNING - Dependency <Task(EmailOperator): send_price_email>, compose_price_email already registered for DAG: btc_price_operator
[2022-07-28 20:23:08,035] {baseoperator.py:1386} WARNING - Dependency <Task(_PythonDecoratedOperator): compose_price_email>, send_price_email already registered for DAG: btc_price_operator
[2022-07-28 20:23:08,036] {baseoperator.py:1386} WARNING - Dependency <Task(EmailOperator): send_price_email>, compose_price_email already registered for DAG: btc_price_operator
[2022-07-28 20:23:08,036] {baseoperator.py:1386} WARNING - Dependency <Task(_PythonDecoratedOperator): compose_price_email>, send_price_email already registered for DAG: btc_price_operator
[2022-07-28 20:23:08,036] {baseoperator.py:1386} WARNING - Dependency <Task(EmailOperator): send_price_email>, compose_price_email already registered for DAG: btc_price_operator
[2022-07-28 20:23:08,071] {local_task_job.py:264} INFO - 0 downstream tasks scheduled from follow-on schedule check
