[2022-07-28 20:25:19,498] {taskinstance.py:1035} INFO - Dependencies all met for <TaskInstance: btc_price_operator.compose_price_email manual__2022-07-28T20:25:16.072153+00:00 [queued]>
[2022-07-28 20:25:19,509] {taskinstance.py:1035} INFO - Dependencies all met for <TaskInstance: btc_price_operator.compose_price_email manual__2022-07-28T20:25:16.072153+00:00 [queued]>
[2022-07-28 20:25:19,509] {taskinstance.py:1241} INFO - 
--------------------------------------------------------------------------------
[2022-07-28 20:25:19,509] {taskinstance.py:1242} INFO - Starting attempt 1 of 1
[2022-07-28 20:25:19,509] {taskinstance.py:1243} INFO - 
--------------------------------------------------------------------------------
[2022-07-28 20:25:19,525] {taskinstance.py:1262} INFO - Executing <Task(_PythonDecoratedOperator): compose_price_email> on 2022-07-28 20:25:16.072153+00:00
[2022-07-28 20:25:19,530] {standard_task_runner.py:52} INFO - Started process 84 to run task
[2022-07-28 20:25:19,534] {standard_task_runner.py:76} INFO - Running: ['***', 'tasks', 'run', 'btc_price_operator', 'compose_price_email', 'manual__2022-07-28T20:25:16.072153+00:00', '--job-id', '144', '--raw', '--subdir', 'DAGS_FOLDER/btc_price.py', '--cfg-path', '/tmp/tmplzl3i6tc', '--error-file', '/tmp/tmprph0gesv']
[2022-07-28 20:25:19,534] {standard_task_runner.py:77} INFO - Job 144: Subtask compose_price_email
[2022-07-28 20:25:19,580] {logging_mixin.py:109} INFO - Running <TaskInstance: btc_price_operator.compose_price_email manual__2022-07-28T20:25:16.072153+00:00 [running]> on host aeed186f5814
[2022-07-28 20:25:19,643] {taskinstance.py:1429} INFO - Exporting the following env vars:
AIRFLOW_CTX_DAG_OWNER=***
AIRFLOW_CTX_DAG_ID=btc_price_operator
AIRFLOW_CTX_TASK_ID=compose_price_email
AIRFLOW_CTX_EXECUTION_DATE=2022-07-28T20:25:16.072153+00:00
AIRFLOW_CTX_DAG_RUN_ID=manual__2022-07-28T20:25:16.072153+00:00
[2022-07-28 20:25:19,644] {python.py:152} INFO - Done. Returned value was: {'subject': 'Price JSON', 'body': 'Price JSON\n{"prices": [{"currency": "USD", "rate": 23840.5947, "price_date": "2022-07-28 20:25:16.855493"}, {"currency": "GBP", "rate": 19921.0102, "price_date": "2022-07-28 20:25:16.855493"}, {"currency": "EUR", "rate": 23224.22, "price_date": "2022-07-28 20:25:16.855493"}]}'}
[2022-07-28 20:25:19,668] {taskinstance.py:1280} INFO - Marking task as SUCCESS. dag_id=btc_price_operator, task_id=compose_price_email, execution_date=20220728T202516, start_date=20220728T202519, end_date=20220728T202519
[2022-07-28 20:25:19,708] {local_task_job.py:154} INFO - Task exited with return code 0
[2022-07-28 20:25:19,732] {baseoperator.py:1386} WARNING - Dependency <Task(_PythonDecoratedOperator): compose_price_email>, send_price_email already registered for DAG: btc_price_operator
[2022-07-28 20:25:19,732] {baseoperator.py:1386} WARNING - Dependency <Task(EmailOperator): send_price_email>, compose_price_email already registered for DAG: btc_price_operator
[2022-07-28 20:25:19,732] {baseoperator.py:1386} WARNING - Dependency <Task(_PythonDecoratedOperator): compose_price_email>, send_price_email already registered for DAG: btc_price_operator
[2022-07-28 20:25:19,732] {baseoperator.py:1386} WARNING - Dependency <Task(EmailOperator): send_price_email>, compose_price_email already registered for DAG: btc_price_operator
[2022-07-28 20:25:19,732] {baseoperator.py:1386} WARNING - Dependency <Task(_PythonDecoratedOperator): compose_price_email>, send_price_email already registered for DAG: btc_price_operator
[2022-07-28 20:25:19,732] {baseoperator.py:1386} WARNING - Dependency <Task(EmailOperator): send_price_email>, compose_price_email already registered for DAG: btc_price_operator
[2022-07-28 20:25:19,732] {baseoperator.py:1386} WARNING - Dependency <Task(_PythonDecoratedOperator): compose_price_email>, send_price_email already registered for DAG: btc_price_operator
[2022-07-28 20:25:19,732] {baseoperator.py:1386} WARNING - Dependency <Task(EmailOperator): send_price_email>, compose_price_email already registered for DAG: btc_price_operator
[2022-07-28 20:25:19,732] {baseoperator.py:1386} WARNING - Dependency <Task(_PythonDecoratedOperator): compose_price_email>, send_price_email already registered for DAG: btc_price_operator
[2022-07-28 20:25:19,732] {baseoperator.py:1386} WARNING - Dependency <Task(EmailOperator): send_price_email>, compose_price_email already registered for DAG: btc_price_operator
[2022-07-28 20:25:19,745] {local_task_job.py:264} INFO - 1 downstream tasks scheduled from follow-on schedule check
