[2022-08-04 19:09:05,135] {taskinstance.py:1035} INFO - Dependencies all met for <TaskInstance: btc_price_operator.compose_price_email manual__2022-08-04T19:09:01.240416+00:00 [queued]>
[2022-08-04 19:09:05,152] {taskinstance.py:1035} INFO - Dependencies all met for <TaskInstance: btc_price_operator.compose_price_email manual__2022-08-04T19:09:01.240416+00:00 [queued]>
[2022-08-04 19:09:05,153] {taskinstance.py:1241} INFO - 
--------------------------------------------------------------------------------
[2022-08-04 19:09:05,153] {taskinstance.py:1242} INFO - Starting attempt 1 of 1
[2022-08-04 19:09:05,153] {taskinstance.py:1243} INFO - 
--------------------------------------------------------------------------------
[2022-08-04 19:09:05,176] {taskinstance.py:1262} INFO - Executing <Task(_PythonDecoratedOperator): compose_price_email> on 2022-08-04 19:09:01.240416+00:00
[2022-08-04 19:09:05,182] {standard_task_runner.py:52} INFO - Started process 4123 to run task
[2022-08-04 19:09:05,189] {standard_task_runner.py:76} INFO - Running: ['***', 'tasks', 'run', 'btc_price_operator', 'compose_price_email', 'manual__2022-08-04T19:09:01.240416+00:00', '--job-id', '9', '--raw', '--subdir', 'DAGS_FOLDER/btc_price.py', '--cfg-path', '/tmp/tmp6tkfho2c', '--error-file', '/tmp/tmpu9psyu71']
[2022-08-04 19:09:05,190] {standard_task_runner.py:77} INFO - Job 9: Subtask compose_price_email
[2022-08-04 19:09:05,259] {logging_mixin.py:109} INFO - Running <TaskInstance: btc_price_operator.compose_price_email manual__2022-08-04T19:09:01.240416+00:00 [running]> on host 81472222a2e9
[2022-08-04 19:09:05,340] {taskinstance.py:1429} INFO - Exporting the following env vars:
AIRFLOW_CTX_DAG_OWNER=***
AIRFLOW_CTX_DAG_ID=btc_price_operator
AIRFLOW_CTX_TASK_ID=compose_price_email
AIRFLOW_CTX_EXECUTION_DATE=2022-08-04T19:09:01.240416+00:00
AIRFLOW_CTX_DAG_RUN_ID=manual__2022-08-04T19:09:01.240416+00:00
[2022-08-04 19:09:05,341] {python.py:152} INFO - Done. Returned value was: {'subject': 'Price JSON', 'body': 'Price JSON\n{"prices": [{"currency": "USD", "rate": 22530.6004, "price_date": "2022-08-04 19:09:02.058392"}, {"currency": "GBP", "rate": 18826.3895, "price_date": "2022-08-04 19:09:02.058392"}, {"currency": "EUR", "rate": 21948.0943, "price_date": "2022-08-04 19:09:02.058392"}]}'}
[2022-08-04 19:09:05,374] {taskinstance.py:1280} INFO - Marking task as SUCCESS. dag_id=btc_price_operator, task_id=compose_price_email, execution_date=20220804T190901, start_date=20220804T190905, end_date=20220804T190905
[2022-08-04 19:09:05,403] {local_task_job.py:154} INFO - Task exited with return code 0
[2022-08-04 19:09:05,438] {baseoperator.py:1386} WARNING - Dependency <Task(_PythonDecoratedOperator): compose_price_email>, send_price_email already registered for DAG: btc_price_operator
[2022-08-04 19:09:05,438] {baseoperator.py:1386} WARNING - Dependency <Task(EmailOperator): send_price_email>, compose_price_email already registered for DAG: btc_price_operator
[2022-08-04 19:09:05,438] {baseoperator.py:1386} WARNING - Dependency <Task(_PythonDecoratedOperator): compose_price_email>, send_price_email already registered for DAG: btc_price_operator
[2022-08-04 19:09:05,438] {baseoperator.py:1386} WARNING - Dependency <Task(EmailOperator): send_price_email>, compose_price_email already registered for DAG: btc_price_operator
[2022-08-04 19:09:05,438] {baseoperator.py:1386} WARNING - Dependency <Task(_PythonDecoratedOperator): compose_price_email>, send_price_email already registered for DAG: btc_price_operator
[2022-08-04 19:09:05,438] {baseoperator.py:1386} WARNING - Dependency <Task(EmailOperator): send_price_email>, compose_price_email already registered for DAG: btc_price_operator
[2022-08-04 19:09:05,438] {baseoperator.py:1386} WARNING - Dependency <Task(_PythonDecoratedOperator): compose_price_email>, send_price_email already registered for DAG: btc_price_operator
[2022-08-04 19:09:05,439] {baseoperator.py:1386} WARNING - Dependency <Task(EmailOperator): send_price_email>, compose_price_email already registered for DAG: btc_price_operator
[2022-08-04 19:09:05,439] {baseoperator.py:1386} WARNING - Dependency <Task(_PythonDecoratedOperator): compose_price_email>, send_price_email already registered for DAG: btc_price_operator
[2022-08-04 19:09:05,439] {baseoperator.py:1386} WARNING - Dependency <Task(EmailOperator): send_price_email>, compose_price_email already registered for DAG: btc_price_operator
[2022-08-04 19:09:05,456] {local_task_job.py:264} INFO - 1 downstream tasks scheduled from follow-on schedule check
