[2022-07-28 20:46:23,830] {taskinstance.py:1035} INFO - Dependencies all met for <TaskInstance: btc_price_operator.get_btc manual__2022-07-28T20:46:22.873956+00:00 [queued]>
[2022-07-28 20:46:23,839] {taskinstance.py:1035} INFO - Dependencies all met for <TaskInstance: btc_price_operator.get_btc manual__2022-07-28T20:46:22.873956+00:00 [queued]>
[2022-07-28 20:46:23,840] {taskinstance.py:1241} INFO - 
--------------------------------------------------------------------------------
[2022-07-28 20:46:23,840] {taskinstance.py:1242} INFO - Starting attempt 1 of 1
[2022-07-28 20:46:23,840] {taskinstance.py:1243} INFO - 
--------------------------------------------------------------------------------
[2022-07-28 20:46:23,853] {taskinstance.py:1262} INFO - Executing <Task(_PythonDecoratedOperator): get_btc> on 2022-07-28 20:46:22.873956+00:00
[2022-07-28 20:46:23,856] {standard_task_runner.py:52} INFO - Started process 137 to run task
[2022-07-28 20:46:23,860] {standard_task_runner.py:76} INFO - Running: ['***', 'tasks', 'run', 'btc_price_operator', 'get_btc', 'manual__2022-07-28T20:46:22.873956+00:00', '--job-id', '148', '--raw', '--subdir', 'DAGS_FOLDER/btc_price.py', '--cfg-path', '/tmp/tmpqzb64jhb', '--error-file', '/tmp/tmpe6x2ixsu']
[2022-07-28 20:46:23,860] {standard_task_runner.py:77} INFO - Job 148: Subtask get_btc
[2022-07-28 20:46:23,901] {logging_mixin.py:109} INFO - Running <TaskInstance: btc_price_operator.get_btc manual__2022-07-28T20:46:22.873956+00:00 [running]> on host aeed186f5814
[2022-07-28 20:46:23,948] {taskinstance.py:1429} INFO - Exporting the following env vars:
AIRFLOW_CTX_DAG_OWNER=***
AIRFLOW_CTX_DAG_ID=btc_price_operator
AIRFLOW_CTX_TASK_ID=get_btc
AIRFLOW_CTX_EXECUTION_DATE=2022-07-28T20:46:22.873956+00:00
AIRFLOW_CTX_DAG_RUN_ID=manual__2022-07-28T20:46:22.873956+00:00
[2022-07-28 20:46:24,017] {python.py:152} INFO - Done. Returned value was: {'prices': [{'currency': 'USD', 'rate': 23901.0111, 'price_date': '2022-07-28 20:46:23.646114'}, {'currency': 'GBP', 'rate': 19971.4937, 'price_date': '2022-07-28 20:46:23.646114'}, {'currency': 'EUR', 'rate': 23283.0744, 'price_date': '2022-07-28 20:46:23.646114'}]}
[2022-07-28 20:46:24,044] {taskinstance.py:1280} INFO - Marking task as SUCCESS. dag_id=btc_price_operator, task_id=get_btc, execution_date=20220728T204622, start_date=20220728T204623, end_date=20220728T204624
[2022-07-28 20:46:24,073] {local_task_job.py:154} INFO - Task exited with return code 0
[2022-07-28 20:46:24,096] {baseoperator.py:1386} WARNING - Dependency <Task(_PythonDecoratedOperator): compose_price_email>, send_price_email already registered for DAG: btc_price_operator
[2022-07-28 20:46:24,097] {baseoperator.py:1386} WARNING - Dependency <Task(EmailOperator): send_price_email>, compose_price_email already registered for DAG: btc_price_operator
[2022-07-28 20:46:24,097] {baseoperator.py:1386} WARNING - Dependency <Task(_PythonDecoratedOperator): compose_price_email>, send_price_email already registered for DAG: btc_price_operator
[2022-07-28 20:46:24,097] {baseoperator.py:1386} WARNING - Dependency <Task(EmailOperator): send_price_email>, compose_price_email already registered for DAG: btc_price_operator
[2022-07-28 20:46:24,097] {baseoperator.py:1386} WARNING - Dependency <Task(_PythonDecoratedOperator): compose_price_email>, send_price_email already registered for DAG: btc_price_operator
[2022-07-28 20:46:24,097] {baseoperator.py:1386} WARNING - Dependency <Task(EmailOperator): send_price_email>, compose_price_email already registered for DAG: btc_price_operator
[2022-07-28 20:46:24,097] {baseoperator.py:1386} WARNING - Dependency <Task(_PythonDecoratedOperator): compose_price_email>, send_price_email already registered for DAG: btc_price_operator
[2022-07-28 20:46:24,097] {baseoperator.py:1386} WARNING - Dependency <Task(EmailOperator): send_price_email>, compose_price_email already registered for DAG: btc_price_operator
[2022-07-28 20:46:24,097] {baseoperator.py:1386} WARNING - Dependency <Task(_PythonDecoratedOperator): compose_price_email>, send_price_email already registered for DAG: btc_price_operator
[2022-07-28 20:46:24,097] {baseoperator.py:1386} WARNING - Dependency <Task(EmailOperator): send_price_email>, compose_price_email already registered for DAG: btc_price_operator
[2022-07-28 20:46:24,113] {local_task_job.py:264} INFO - 1 downstream tasks scheduled from follow-on schedule check
