[2022-08-01 12:25:34,507] {processor.py:163} INFO - Started process (PID=38) to work on /opt/airflow/dags/btc_price.py
[2022-08-01 12:25:34,509] {processor.py:625} INFO - Processing file /opt/airflow/dags/btc_price.py for tasks to queue
[2022-08-01 12:25:34,511] {logging_mixin.py:109} INFO - [2022-08-01 12:25:34,510] {dagbag.py:500} INFO - Filling up the DagBag from /opt/airflow/dags/btc_price.py
[2022-08-01 12:25:34,620] {processor.py:637} INFO - DAG(s) dict_keys(['btc_price_operator']) retrieved from /opt/airflow/dags/btc_price.py
[2022-08-01 12:25:35,257] {logging_mixin.py:109} INFO - [2022-08-01 12:25:35,256] {dag.py:2396} INFO - Sync 1 DAGs
[2022-08-01 12:25:35,285] {logging_mixin.py:109} INFO - [2022-08-01 12:25:35,285] {dag.py:2928} INFO - Setting next_dagrun for btc_price_operator to None
[2022-08-01 12:25:35,307] {processor.py:171} INFO - Processing /opt/airflow/dags/btc_price.py took 0.809 seconds
[2022-08-01 12:26:06,057] {processor.py:163} INFO - Started process (PID=93) to work on /opt/airflow/dags/btc_price.py
[2022-08-01 12:26:06,061] {processor.py:625} INFO - Processing file /opt/airflow/dags/btc_price.py for tasks to queue
[2022-08-01 12:26:06,061] {logging_mixin.py:109} INFO - [2022-08-01 12:26:06,061] {dagbag.py:500} INFO - Filling up the DagBag from /opt/airflow/dags/btc_price.py
[2022-08-01 12:26:06,087] {processor.py:637} INFO - DAG(s) dict_keys(['btc_price_operator']) retrieved from /opt/airflow/dags/btc_price.py
[2022-08-01 12:26:06,338] {logging_mixin.py:109} INFO - [2022-08-01 12:26:06,338] {dag.py:2396} INFO - Sync 1 DAGs
[2022-08-01 12:26:06,350] {logging_mixin.py:109} INFO - [2022-08-01 12:26:06,350] {dag.py:2928} INFO - Setting next_dagrun for btc_price_operator to None
[2022-08-01 12:26:06,365] {processor.py:171} INFO - Processing /opt/airflow/dags/btc_price.py took 0.311 seconds
[2022-08-01 12:26:36,764] {processor.py:163} INFO - Started process (PID=145) to work on /opt/airflow/dags/btc_price.py
[2022-08-01 12:26:36,774] {processor.py:625} INFO - Processing file /opt/airflow/dags/btc_price.py for tasks to queue
[2022-08-01 12:26:36,774] {logging_mixin.py:109} INFO - [2022-08-01 12:26:36,774] {dagbag.py:500} INFO - Filling up the DagBag from /opt/airflow/dags/btc_price.py
[2022-08-01 12:26:36,801] {processor.py:637} INFO - DAG(s) dict_keys(['btc_price_operator']) retrieved from /opt/airflow/dags/btc_price.py
[2022-08-01 12:26:37,002] {logging_mixin.py:109} INFO - [2022-08-01 12:26:37,002] {dag.py:2396} INFO - Sync 1 DAGs
[2022-08-01 12:26:37,012] {logging_mixin.py:109} INFO - [2022-08-01 12:26:37,012] {dag.py:2928} INFO - Setting next_dagrun for btc_price_operator to None
[2022-08-01 12:26:37,030] {processor.py:171} INFO - Processing /opt/airflow/dags/btc_price.py took 0.268 seconds
[2022-08-01 12:27:07,309] {processor.py:163} INFO - Started process (PID=206) to work on /opt/airflow/dags/btc_price.py
[2022-08-01 12:27:07,314] {processor.py:625} INFO - Processing file /opt/airflow/dags/btc_price.py for tasks to queue
[2022-08-01 12:27:07,314] {logging_mixin.py:109} INFO - [2022-08-01 12:27:07,314] {dagbag.py:500} INFO - Filling up the DagBag from /opt/airflow/dags/btc_price.py
[2022-08-01 12:27:07,349] {processor.py:637} INFO - DAG(s) dict_keys(['btc_price_operator']) retrieved from /opt/airflow/dags/btc_price.py
[2022-08-01 12:27:07,674] {logging_mixin.py:109} INFO - [2022-08-01 12:27:07,674] {dag.py:2396} INFO - Sync 1 DAGs
[2022-08-01 12:27:07,693] {logging_mixin.py:109} INFO - [2022-08-01 12:27:07,692] {dag.py:2928} INFO - Setting next_dagrun for btc_price_operator to None
[2022-08-01 12:27:07,708] {processor.py:171} INFO - Processing /opt/airflow/dags/btc_price.py took 0.402 seconds
[2022-08-01 12:27:38,371] {processor.py:163} INFO - Started process (PID=258) to work on /opt/airflow/dags/btc_price.py
[2022-08-01 12:27:38,380] {processor.py:625} INFO - Processing file /opt/airflow/dags/btc_price.py for tasks to queue
[2022-08-01 12:27:38,381] {logging_mixin.py:109} INFO - [2022-08-01 12:27:38,380] {dagbag.py:500} INFO - Filling up the DagBag from /opt/airflow/dags/btc_price.py
[2022-08-01 12:27:38,403] {processor.py:637} INFO - DAG(s) dict_keys(['btc_price_operator']) retrieved from /opt/airflow/dags/btc_price.py
[2022-08-01 12:27:38,605] {logging_mixin.py:109} INFO - [2022-08-01 12:27:38,605] {dag.py:2396} INFO - Sync 1 DAGs
[2022-08-01 12:27:38,614] {logging_mixin.py:109} INFO - [2022-08-01 12:27:38,614] {dag.py:2928} INFO - Setting next_dagrun for btc_price_operator to None
[2022-08-01 12:27:38,631] {processor.py:171} INFO - Processing /opt/airflow/dags/btc_price.py took 0.261 seconds
[2022-08-01 12:28:09,600] {processor.py:163} INFO - Started process (PID=310) to work on /opt/airflow/dags/btc_price.py
[2022-08-01 12:28:09,601] {processor.py:625} INFO - Processing file /opt/airflow/dags/btc_price.py for tasks to queue
[2022-08-01 12:28:09,601] {logging_mixin.py:109} INFO - [2022-08-01 12:28:09,601] {dagbag.py:500} INFO - Filling up the DagBag from /opt/airflow/dags/btc_price.py
[2022-08-01 12:28:09,626] {processor.py:637} INFO - DAG(s) dict_keys(['btc_price_operator']) retrieved from /opt/airflow/dags/btc_price.py
[2022-08-01 12:28:09,804] {logging_mixin.py:109} INFO - [2022-08-01 12:28:09,804] {dag.py:2396} INFO - Sync 1 DAGs
[2022-08-01 12:28:09,813] {logging_mixin.py:109} INFO - [2022-08-01 12:28:09,812] {dag.py:2928} INFO - Setting next_dagrun for btc_price_operator to None
[2022-08-01 12:28:09,829] {processor.py:171} INFO - Processing /opt/airflow/dags/btc_price.py took 0.232 seconds
[2022-08-01 12:28:40,272] {processor.py:163} INFO - Started process (PID=371) to work on /opt/airflow/dags/btc_price.py
[2022-08-01 12:28:40,281] {processor.py:625} INFO - Processing file /opt/airflow/dags/btc_price.py for tasks to queue
[2022-08-01 12:28:40,281] {logging_mixin.py:109} INFO - [2022-08-01 12:28:40,281] {dagbag.py:500} INFO - Filling up the DagBag from /opt/airflow/dags/btc_price.py
[2022-08-01 12:28:40,303] {processor.py:637} INFO - DAG(s) dict_keys(['btc_price_operator']) retrieved from /opt/airflow/dags/btc_price.py
[2022-08-01 12:28:40,511] {logging_mixin.py:109} INFO - [2022-08-01 12:28:40,511] {dag.py:2396} INFO - Sync 1 DAGs
[2022-08-01 12:28:40,520] {logging_mixin.py:109} INFO - [2022-08-01 12:28:40,520] {dag.py:2928} INFO - Setting next_dagrun for btc_price_operator to None
[2022-08-01 12:28:40,528] {processor.py:171} INFO - Processing /opt/airflow/dags/btc_price.py took 0.258 seconds
[2022-08-01 12:29:11,359] {processor.py:163} INFO - Started process (PID=432) to work on /opt/airflow/dags/btc_price.py
[2022-08-01 12:29:11,360] {processor.py:625} INFO - Processing file /opt/airflow/dags/btc_price.py for tasks to queue
[2022-08-01 12:29:11,360] {logging_mixin.py:109} INFO - [2022-08-01 12:29:11,360] {dagbag.py:500} INFO - Filling up the DagBag from /opt/airflow/dags/btc_price.py
[2022-08-01 12:29:11,395] {processor.py:637} INFO - DAG(s) dict_keys(['btc_price_operator']) retrieved from /opt/airflow/dags/btc_price.py
[2022-08-01 12:29:11,405] {logging_mixin.py:109} INFO - [2022-08-01 12:29:11,405] {dag.py:2396} INFO - Sync 1 DAGs
[2022-08-01 12:29:11,421] {logging_mixin.py:109} INFO - [2022-08-01 12:29:11,420] {dag.py:2928} INFO - Setting next_dagrun for btc_price_operator to None
[2022-08-01 12:29:11,433] {processor.py:171} INFO - Processing /opt/airflow/dags/btc_price.py took 0.078 seconds
[2022-08-01 12:29:42,098] {processor.py:163} INFO - Started process (PID=484) to work on /opt/airflow/dags/btc_price.py
[2022-08-01 12:29:42,107] {processor.py:625} INFO - Processing file /opt/airflow/dags/btc_price.py for tasks to queue
[2022-08-01 12:29:42,107] {logging_mixin.py:109} INFO - [2022-08-01 12:29:42,107] {dagbag.py:500} INFO - Filling up the DagBag from /opt/airflow/dags/btc_price.py
[2022-08-01 12:29:42,138] {processor.py:637} INFO - DAG(s) dict_keys(['btc_price_operator']) retrieved from /opt/airflow/dags/btc_price.py
[2022-08-01 12:29:42,145] {logging_mixin.py:109} INFO - [2022-08-01 12:29:42,145] {dag.py:2396} INFO - Sync 1 DAGs
[2022-08-01 12:29:42,157] {logging_mixin.py:109} INFO - [2022-08-01 12:29:42,157] {dag.py:2928} INFO - Setting next_dagrun for btc_price_operator to None
[2022-08-01 12:29:42,166] {processor.py:171} INFO - Processing /opt/airflow/dags/btc_price.py took 0.072 seconds
[2022-08-01 12:30:12,292] {processor.py:163} INFO - Started process (PID=545) to work on /opt/airflow/dags/btc_price.py
[2022-08-01 12:30:12,293] {processor.py:625} INFO - Processing file /opt/airflow/dags/btc_price.py for tasks to queue
[2022-08-01 12:30:12,293] {logging_mixin.py:109} INFO - [2022-08-01 12:30:12,293] {dagbag.py:500} INFO - Filling up the DagBag from /opt/airflow/dags/btc_price.py
[2022-08-01 12:30:12,319] {processor.py:637} INFO - DAG(s) dict_keys(['btc_price_operator']) retrieved from /opt/airflow/dags/btc_price.py
[2022-08-01 12:30:12,587] {logging_mixin.py:109} INFO - [2022-08-01 12:30:12,587] {dag.py:2396} INFO - Sync 1 DAGs
[2022-08-01 12:30:12,599] {logging_mixin.py:109} INFO - [2022-08-01 12:30:12,599] {dag.py:2928} INFO - Setting next_dagrun for btc_price_operator to None
[2022-08-01 12:30:12,613] {processor.py:171} INFO - Processing /opt/airflow/dags/btc_price.py took 0.323 seconds
[2022-08-01 12:30:43,507] {processor.py:163} INFO - Started process (PID=599) to work on /opt/airflow/dags/btc_price.py
[2022-08-01 12:30:43,510] {processor.py:625} INFO - Processing file /opt/airflow/dags/btc_price.py for tasks to queue
[2022-08-01 12:30:43,511] {logging_mixin.py:109} INFO - [2022-08-01 12:30:43,510] {dagbag.py:500} INFO - Filling up the DagBag from /opt/airflow/dags/btc_price.py
[2022-08-01 12:30:43,552] {processor.py:637} INFO - DAG(s) dict_keys(['btc_price_operator']) retrieved from /opt/airflow/dags/btc_price.py
[2022-08-01 12:30:43,995] {logging_mixin.py:109} INFO - [2022-08-01 12:30:43,994] {dag.py:2396} INFO - Sync 1 DAGs
[2022-08-01 12:30:44,017] {logging_mixin.py:109} INFO - [2022-08-01 12:30:44,016] {dag.py:2928} INFO - Setting next_dagrun for btc_price_operator to None
[2022-08-01 12:30:44,036] {processor.py:171} INFO - Processing /opt/airflow/dags/btc_price.py took 0.533 seconds
[2022-08-01 12:31:14,606] {processor.py:163} INFO - Started process (PID=651) to work on /opt/airflow/dags/btc_price.py
[2022-08-01 12:31:14,609] {processor.py:625} INFO - Processing file /opt/airflow/dags/btc_price.py for tasks to queue
[2022-08-01 12:31:14,609] {logging_mixin.py:109} INFO - [2022-08-01 12:31:14,609] {dagbag.py:500} INFO - Filling up the DagBag from /opt/airflow/dags/btc_price.py
[2022-08-01 12:31:14,647] {processor.py:637} INFO - DAG(s) dict_keys(['btc_price_operator']) retrieved from /opt/airflow/dags/btc_price.py
[2022-08-01 12:31:14,823] {logging_mixin.py:109} INFO - [2022-08-01 12:31:14,822] {dag.py:2396} INFO - Sync 1 DAGs
[2022-08-01 12:31:14,831] {logging_mixin.py:109} INFO - [2022-08-01 12:31:14,831] {dag.py:2928} INFO - Setting next_dagrun for btc_price_operator to None
[2022-08-01 12:31:14,838] {processor.py:171} INFO - Processing /opt/airflow/dags/btc_price.py took 0.235 seconds
[2022-08-01 12:31:45,168] {processor.py:163} INFO - Started process (PID=715) to work on /opt/airflow/dags/btc_price.py
[2022-08-01 12:31:45,170] {processor.py:625} INFO - Processing file /opt/airflow/dags/btc_price.py for tasks to queue
[2022-08-01 12:31:45,172] {logging_mixin.py:109} INFO - [2022-08-01 12:31:45,171] {dagbag.py:500} INFO - Filling up the DagBag from /opt/airflow/dags/btc_price.py
[2022-08-01 12:31:45,245] {processor.py:637} INFO - DAG(s) dict_keys(['btc_price_operator']) retrieved from /opt/airflow/dags/btc_price.py
[2022-08-01 12:31:45,743] {logging_mixin.py:109} INFO - [2022-08-01 12:31:45,743] {dag.py:2396} INFO - Sync 1 DAGs
[2022-08-01 12:31:45,765] {logging_mixin.py:109} INFO - [2022-08-01 12:31:45,765] {dag.py:2928} INFO - Setting next_dagrun for btc_price_operator to None
[2022-08-01 12:31:45,784] {processor.py:171} INFO - Processing /opt/airflow/dags/btc_price.py took 0.621 seconds
[2022-08-01 12:32:15,991] {processor.py:163} INFO - Started process (PID=764) to work on /opt/airflow/dags/btc_price.py
[2022-08-01 12:32:15,995] {processor.py:625} INFO - Processing file /opt/airflow/dags/btc_price.py for tasks to queue
[2022-08-01 12:32:15,996] {logging_mixin.py:109} INFO - [2022-08-01 12:32:15,996] {dagbag.py:500} INFO - Filling up the DagBag from /opt/airflow/dags/btc_price.py
[2022-08-01 12:32:16,024] {processor.py:637} INFO - DAG(s) dict_keys(['btc_price_operator']) retrieved from /opt/airflow/dags/btc_price.py
[2022-08-01 12:32:16,234] {logging_mixin.py:109} INFO - [2022-08-01 12:32:16,234] {dag.py:2396} INFO - Sync 1 DAGs
[2022-08-01 12:32:16,246] {logging_mixin.py:109} INFO - [2022-08-01 12:32:16,246] {dag.py:2928} INFO - Setting next_dagrun for btc_price_operator to None
[2022-08-01 12:32:16,259] {processor.py:171} INFO - Processing /opt/airflow/dags/btc_price.py took 0.270 seconds
[2022-08-01 12:32:47,228] {processor.py:163} INFO - Started process (PID=826) to work on /opt/airflow/dags/btc_price.py
[2022-08-01 12:32:47,229] {processor.py:625} INFO - Processing file /opt/airflow/dags/btc_price.py for tasks to queue
[2022-08-01 12:32:47,230] {logging_mixin.py:109} INFO - [2022-08-01 12:32:47,230] {dagbag.py:500} INFO - Filling up the DagBag from /opt/airflow/dags/btc_price.py
[2022-08-01 12:32:47,277] {processor.py:637} INFO - DAG(s) dict_keys(['btc_price_operator']) retrieved from /opt/airflow/dags/btc_price.py
[2022-08-01 12:32:47,802] {logging_mixin.py:109} INFO - [2022-08-01 12:32:47,802] {dag.py:2396} INFO - Sync 1 DAGs
[2022-08-01 12:32:47,840] {logging_mixin.py:109} INFO - [2022-08-01 12:32:47,839] {dag.py:2928} INFO - Setting next_dagrun for btc_price_operator to None
[2022-08-01 12:32:47,862] {processor.py:171} INFO - Processing /opt/airflow/dags/btc_price.py took 0.640 seconds
[2022-08-01 12:33:18,304] {processor.py:163} INFO - Started process (PID=877) to work on /opt/airflow/dags/btc_price.py
[2022-08-01 12:33:18,306] {processor.py:625} INFO - Processing file /opt/airflow/dags/btc_price.py for tasks to queue
[2022-08-01 12:33:18,307] {logging_mixin.py:109} INFO - [2022-08-01 12:33:18,306] {dagbag.py:500} INFO - Filling up the DagBag from /opt/airflow/dags/btc_price.py
[2022-08-01 12:33:18,329] {processor.py:637} INFO - DAG(s) dict_keys(['btc_price_operator']) retrieved from /opt/airflow/dags/btc_price.py
[2022-08-01 12:33:18,501] {logging_mixin.py:109} INFO - [2022-08-01 12:33:18,501] {dag.py:2396} INFO - Sync 1 DAGs
[2022-08-01 12:33:18,511] {logging_mixin.py:109} INFO - [2022-08-01 12:33:18,511] {dag.py:2928} INFO - Setting next_dagrun for btc_price_operator to None
[2022-08-01 12:33:18,522] {processor.py:171} INFO - Processing /opt/airflow/dags/btc_price.py took 0.221 seconds
[2022-08-01 12:33:48,620] {processor.py:163} INFO - Started process (PID=936) to work on /opt/airflow/dags/btc_price.py
[2022-08-01 12:33:48,622] {processor.py:625} INFO - Processing file /opt/airflow/dags/btc_price.py for tasks to queue
[2022-08-01 12:33:48,623] {logging_mixin.py:109} INFO - [2022-08-01 12:33:48,623] {dagbag.py:500} INFO - Filling up the DagBag from /opt/airflow/dags/btc_price.py
[2022-08-01 12:33:48,682] {processor.py:637} INFO - DAG(s) dict_keys(['btc_price_operator']) retrieved from /opt/airflow/dags/btc_price.py
[2022-08-01 12:33:49,195] {logging_mixin.py:109} INFO - [2022-08-01 12:33:49,195] {dag.py:2396} INFO - Sync 1 DAGs
[2022-08-01 12:33:49,218] {logging_mixin.py:109} INFO - [2022-08-01 12:33:49,218] {dag.py:2928} INFO - Setting next_dagrun for btc_price_operator to None
[2022-08-01 12:33:49,237] {processor.py:171} INFO - Processing /opt/airflow/dags/btc_price.py took 0.622 seconds
[2022-08-01 12:34:19,924] {processor.py:163} INFO - Started process (PID=990) to work on /opt/airflow/dags/btc_price.py
[2022-08-01 12:34:19,925] {processor.py:625} INFO - Processing file /opt/airflow/dags/btc_price.py for tasks to queue
[2022-08-01 12:34:19,926] {logging_mixin.py:109} INFO - [2022-08-01 12:34:19,926] {dagbag.py:500} INFO - Filling up the DagBag from /opt/airflow/dags/btc_price.py
[2022-08-01 12:34:19,954] {processor.py:637} INFO - DAG(s) dict_keys(['btc_price_operator']) retrieved from /opt/airflow/dags/btc_price.py
[2022-08-01 12:34:20,210] {logging_mixin.py:109} INFO - [2022-08-01 12:34:20,210] {dag.py:2396} INFO - Sync 1 DAGs
[2022-08-01 12:34:20,224] {logging_mixin.py:109} INFO - [2022-08-01 12:34:20,224] {dag.py:2928} INFO - Setting next_dagrun for btc_price_operator to None
[2022-08-01 12:34:20,243] {processor.py:171} INFO - Processing /opt/airflow/dags/btc_price.py took 0.322 seconds
[2022-08-01 12:34:50,311] {processor.py:163} INFO - Started process (PID=1042) to work on /opt/airflow/dags/btc_price.py
[2022-08-01 12:34:50,313] {processor.py:625} INFO - Processing file /opt/airflow/dags/btc_price.py for tasks to queue
[2022-08-01 12:34:50,314] {logging_mixin.py:109} INFO - [2022-08-01 12:34:50,314] {dagbag.py:500} INFO - Filling up the DagBag from /opt/airflow/dags/btc_price.py
[2022-08-01 12:34:50,395] {processor.py:637} INFO - DAG(s) dict_keys(['btc_price_operator']) retrieved from /opt/airflow/dags/btc_price.py
[2022-08-01 12:34:50,962] {logging_mixin.py:109} INFO - [2022-08-01 12:34:50,961] {dag.py:2396} INFO - Sync 1 DAGs
[2022-08-01 12:34:50,999] {logging_mixin.py:109} INFO - [2022-08-01 12:34:50,999] {dag.py:2928} INFO - Setting next_dagrun for btc_price_operator to None
[2022-08-01 12:34:51,018] {processor.py:171} INFO - Processing /opt/airflow/dags/btc_price.py took 0.718 seconds
[2022-08-01 12:35:21,369] {processor.py:163} INFO - Started process (PID=1103) to work on /opt/airflow/dags/btc_price.py
[2022-08-01 12:35:21,370] {processor.py:625} INFO - Processing file /opt/airflow/dags/btc_price.py for tasks to queue
[2022-08-01 12:35:21,371] {logging_mixin.py:109} INFO - [2022-08-01 12:35:21,371] {dagbag.py:500} INFO - Filling up the DagBag from /opt/airflow/dags/btc_price.py
[2022-08-01 12:35:21,406] {processor.py:637} INFO - DAG(s) dict_keys(['btc_price_operator']) retrieved from /opt/airflow/dags/btc_price.py
[2022-08-01 12:35:21,742] {logging_mixin.py:109} INFO - [2022-08-01 12:35:21,742] {dag.py:2396} INFO - Sync 1 DAGs
[2022-08-01 12:35:21,758] {logging_mixin.py:109} INFO - [2022-08-01 12:35:21,758] {dag.py:2928} INFO - Setting next_dagrun for btc_price_operator to None
[2022-08-01 12:35:21,769] {processor.py:171} INFO - Processing /opt/airflow/dags/btc_price.py took 0.405 seconds
[2022-08-01 12:35:51,807] {processor.py:163} INFO - Started process (PID=1155) to work on /opt/airflow/dags/btc_price.py
[2022-08-01 12:35:51,811] {processor.py:625} INFO - Processing file /opt/airflow/dags/btc_price.py for tasks to queue
[2022-08-01 12:35:51,812] {logging_mixin.py:109} INFO - [2022-08-01 12:35:51,812] {dagbag.py:500} INFO - Filling up the DagBag from /opt/airflow/dags/btc_price.py
[2022-08-01 12:35:51,835] {processor.py:637} INFO - DAG(s) dict_keys(['btc_price_operator']) retrieved from /opt/airflow/dags/btc_price.py
[2022-08-01 12:35:52,022] {logging_mixin.py:109} INFO - [2022-08-01 12:35:52,022] {dag.py:2396} INFO - Sync 1 DAGs
[2022-08-01 12:35:52,030] {logging_mixin.py:109} INFO - [2022-08-01 12:35:52,030] {dag.py:2928} INFO - Setting next_dagrun for btc_price_operator to None
[2022-08-01 12:35:52,042] {processor.py:171} INFO - Processing /opt/airflow/dags/btc_price.py took 0.238 seconds
[2022-08-01 12:40:08,653] {processor.py:163} INFO - Started process (PID=38) to work on /opt/airflow/dags/btc_price.py
[2022-08-01 12:40:08,657] {processor.py:625} INFO - Processing file /opt/airflow/dags/btc_price.py for tasks to queue
[2022-08-01 12:40:08,659] {logging_mixin.py:109} INFO - [2022-08-01 12:40:08,658] {dagbag.py:500} INFO - Filling up the DagBag from /opt/airflow/dags/btc_price.py
[2022-08-01 12:40:08,754] {processor.py:637} INFO - DAG(s) dict_keys(['btc_price_operator']) retrieved from /opt/airflow/dags/btc_price.py
[2022-08-01 12:40:09,553] {logging_mixin.py:109} INFO - [2022-08-01 12:40:09,553] {dag.py:2396} INFO - Sync 1 DAGs
[2022-08-01 12:40:09,586] {logging_mixin.py:109} INFO - [2022-08-01 12:40:09,586] {dag.py:2928} INFO - Setting next_dagrun for btc_price_operator to None
[2022-08-01 12:40:09,630] {processor.py:171} INFO - Processing /opt/airflow/dags/btc_price.py took 0.985 seconds
[2022-08-01 12:40:40,450] {processor.py:163} INFO - Started process (PID=91) to work on /opt/airflow/dags/btc_price.py
[2022-08-01 12:40:40,458] {processor.py:625} INFO - Processing file /opt/airflow/dags/btc_price.py for tasks to queue
[2022-08-01 12:40:40,459] {logging_mixin.py:109} INFO - [2022-08-01 12:40:40,459] {dagbag.py:500} INFO - Filling up the DagBag from /opt/airflow/dags/btc_price.py
[2022-08-01 12:40:40,480] {processor.py:637} INFO - DAG(s) dict_keys(['btc_price_operator']) retrieved from /opt/airflow/dags/btc_price.py
[2022-08-01 12:40:40,665] {logging_mixin.py:109} INFO - [2022-08-01 12:40:40,665] {dag.py:2396} INFO - Sync 1 DAGs
[2022-08-01 12:40:40,674] {logging_mixin.py:109} INFO - [2022-08-01 12:40:40,674] {dag.py:2928} INFO - Setting next_dagrun for btc_price_operator to None
[2022-08-01 12:40:40,686] {processor.py:171} INFO - Processing /opt/airflow/dags/btc_price.py took 0.239 seconds
[2022-08-01 13:20:37,928] {processor.py:163} INFO - Started process (PID=38) to work on /opt/airflow/dags/btc_price.py
[2022-08-01 13:20:37,931] {processor.py:625} INFO - Processing file /opt/airflow/dags/btc_price.py for tasks to queue
[2022-08-01 13:20:37,931] {logging_mixin.py:109} INFO - [2022-08-01 13:20:37,931] {dagbag.py:500} INFO - Filling up the DagBag from /opt/airflow/dags/btc_price.py
[2022-08-01 13:20:38,004] {processor.py:637} INFO - DAG(s) dict_keys(['btc_price_operator']) retrieved from /opt/airflow/dags/btc_price.py
[2022-08-01 13:20:38,546] {logging_mixin.py:109} INFO - [2022-08-01 13:20:38,545] {dag.py:2396} INFO - Sync 1 DAGs
[2022-08-01 13:20:38,577] {logging_mixin.py:109} INFO - [2022-08-01 13:20:38,576] {dag.py:2928} INFO - Setting next_dagrun for btc_price_operator to None
[2022-08-01 13:20:38,598] {processor.py:171} INFO - Processing /opt/airflow/dags/btc_price.py took 0.678 seconds
[2022-08-01 13:21:08,760] {processor.py:163} INFO - Started process (PID=90) to work on /opt/airflow/dags/btc_price.py
[2022-08-01 13:21:08,775] {processor.py:625} INFO - Processing file /opt/airflow/dags/btc_price.py for tasks to queue
[2022-08-01 13:21:08,776] {logging_mixin.py:109} INFO - [2022-08-01 13:21:08,776] {dagbag.py:500} INFO - Filling up the DagBag from /opt/airflow/dags/btc_price.py
[2022-08-01 13:21:08,992] {processor.py:637} INFO - DAG(s) dict_keys(['btc_price_operator']) retrieved from /opt/airflow/dags/btc_price.py
[2022-08-01 13:21:10,903] {logging_mixin.py:109} INFO - [2022-08-01 13:21:10,903] {dag.py:2396} INFO - Sync 1 DAGs
[2022-08-01 13:21:10,998] {logging_mixin.py:109} INFO - [2022-08-01 13:21:10,998] {dag.py:2928} INFO - Setting next_dagrun for btc_price_operator to None
[2022-08-01 13:21:11,074] {processor.py:171} INFO - Processing /opt/airflow/dags/btc_price.py took 2.332 seconds
[2022-08-01 13:21:41,161] {processor.py:163} INFO - Started process (PID=135) to work on /opt/airflow/dags/btc_price.py
[2022-08-01 13:21:41,165] {processor.py:625} INFO - Processing file /opt/airflow/dags/btc_price.py for tasks to queue
[2022-08-01 13:21:41,166] {logging_mixin.py:109} INFO - [2022-08-01 13:21:41,166] {dagbag.py:500} INFO - Filling up the DagBag from /opt/airflow/dags/btc_price.py
[2022-08-01 13:21:41,188] {processor.py:637} INFO - DAG(s) dict_keys(['btc_price_operator']) retrieved from /opt/airflow/dags/btc_price.py
[2022-08-01 13:21:41,347] {logging_mixin.py:109} INFO - [2022-08-01 13:21:41,347] {dag.py:2396} INFO - Sync 1 DAGs
[2022-08-01 13:21:41,355] {logging_mixin.py:109} INFO - [2022-08-01 13:21:41,355] {dag.py:2928} INFO - Setting next_dagrun for btc_price_operator to None
[2022-08-01 13:21:41,363] {processor.py:171} INFO - Processing /opt/airflow/dags/btc_price.py took 0.205 seconds
[2022-08-01 13:22:11,440] {processor.py:163} INFO - Started process (PID=196) to work on /opt/airflow/dags/btc_price.py
[2022-08-01 13:22:11,445] {processor.py:625} INFO - Processing file /opt/airflow/dags/btc_price.py for tasks to queue
[2022-08-01 13:22:11,445] {logging_mixin.py:109} INFO - [2022-08-01 13:22:11,445] {dagbag.py:500} INFO - Filling up the DagBag from /opt/airflow/dags/btc_price.py
[2022-08-01 13:22:11,474] {processor.py:637} INFO - DAG(s) dict_keys(['btc_price_operator']) retrieved from /opt/airflow/dags/btc_price.py
[2022-08-01 13:22:11,694] {logging_mixin.py:109} INFO - [2022-08-01 13:22:11,694] {dag.py:2396} INFO - Sync 1 DAGs
[2022-08-01 13:22:11,704] {logging_mixin.py:109} INFO - [2022-08-01 13:22:11,704] {dag.py:2928} INFO - Setting next_dagrun for btc_price_operator to None
[2022-08-01 13:22:11,717] {processor.py:171} INFO - Processing /opt/airflow/dags/btc_price.py took 0.279 seconds
[2022-08-01 13:22:42,563] {processor.py:163} INFO - Started process (PID=248) to work on /opt/airflow/dags/btc_price.py
[2022-08-01 13:22:42,572] {processor.py:625} INFO - Processing file /opt/airflow/dags/btc_price.py for tasks to queue
[2022-08-01 13:22:42,572] {logging_mixin.py:109} INFO - [2022-08-01 13:22:42,572] {dagbag.py:500} INFO - Filling up the DagBag from /opt/airflow/dags/btc_price.py
[2022-08-01 13:22:42,630] {processor.py:637} INFO - DAG(s) dict_keys(['btc_price_operator']) retrieved from /opt/airflow/dags/btc_price.py
[2022-08-01 13:22:42,811] {logging_mixin.py:109} INFO - [2022-08-01 13:22:42,811] {dag.py:2396} INFO - Sync 1 DAGs
[2022-08-01 13:22:42,819] {logging_mixin.py:109} INFO - [2022-08-01 13:22:42,819] {dag.py:2928} INFO - Setting next_dagrun for btc_price_operator to None
[2022-08-01 13:22:42,827] {processor.py:171} INFO - Processing /opt/airflow/dags/btc_price.py took 0.267 seconds
[2022-08-01 13:23:13,521] {processor.py:163} INFO - Started process (PID=309) to work on /opt/airflow/dags/btc_price.py
[2022-08-01 13:23:13,522] {processor.py:625} INFO - Processing file /opt/airflow/dags/btc_price.py for tasks to queue
[2022-08-01 13:23:13,523] {logging_mixin.py:109} INFO - [2022-08-01 13:23:13,523] {dagbag.py:500} INFO - Filling up the DagBag from /opt/airflow/dags/btc_price.py
[2022-08-01 13:23:13,546] {processor.py:637} INFO - DAG(s) dict_keys(['btc_price_operator']) retrieved from /opt/airflow/dags/btc_price.py
[2022-08-01 13:23:13,770] {logging_mixin.py:109} INFO - [2022-08-01 13:23:13,770] {dag.py:2396} INFO - Sync 1 DAGs
[2022-08-01 13:23:13,782] {logging_mixin.py:109} INFO - [2022-08-01 13:23:13,782] {dag.py:2928} INFO - Setting next_dagrun for btc_price_operator to None
[2022-08-01 13:23:13,790] {processor.py:171} INFO - Processing /opt/airflow/dags/btc_price.py took 0.271 seconds
[2022-08-01 13:23:44,753] {processor.py:163} INFO - Started process (PID=361) to work on /opt/airflow/dags/btc_price.py
[2022-08-01 13:23:44,754] {processor.py:625} INFO - Processing file /opt/airflow/dags/btc_price.py for tasks to queue
[2022-08-01 13:23:44,755] {logging_mixin.py:109} INFO - [2022-08-01 13:23:44,755] {dagbag.py:500} INFO - Filling up the DagBag from /opt/airflow/dags/btc_price.py
[2022-08-01 13:23:44,778] {processor.py:637} INFO - DAG(s) dict_keys(['btc_price_operator']) retrieved from /opt/airflow/dags/btc_price.py
[2022-08-01 13:23:44,997] {logging_mixin.py:109} INFO - [2022-08-01 13:23:44,997] {dag.py:2396} INFO - Sync 1 DAGs
[2022-08-01 13:23:45,007] {logging_mixin.py:109} INFO - [2022-08-01 13:23:45,007] {dag.py:2928} INFO - Setting next_dagrun for btc_price_operator to None
[2022-08-01 13:23:45,024] {processor.py:171} INFO - Processing /opt/airflow/dags/btc_price.py took 0.273 seconds
[2022-08-01 13:24:15,639] {processor.py:163} INFO - Started process (PID=413) to work on /opt/airflow/dags/btc_price.py
[2022-08-01 13:24:15,650] {processor.py:625} INFO - Processing file /opt/airflow/dags/btc_price.py for tasks to queue
[2022-08-01 13:24:15,651] {logging_mixin.py:109} INFO - [2022-08-01 13:24:15,651] {dagbag.py:500} INFO - Filling up the DagBag from /opt/airflow/dags/btc_price.py
[2022-08-01 13:24:15,824] {processor.py:637} INFO - DAG(s) dict_keys(['btc_price_operator']) retrieved from /opt/airflow/dags/btc_price.py
[2022-08-01 13:24:16,710] {logging_mixin.py:109} INFO - [2022-08-01 13:24:16,710] {dag.py:2396} INFO - Sync 1 DAGs
[2022-08-01 13:24:16,759] {logging_mixin.py:109} INFO - [2022-08-01 13:24:16,759] {dag.py:2928} INFO - Setting next_dagrun for btc_price_operator to None
[2022-08-01 13:24:16,793] {processor.py:171} INFO - Processing /opt/airflow/dags/btc_price.py took 1.161 seconds
[2022-08-01 13:24:47,394] {processor.py:163} INFO - Started process (PID=465) to work on /opt/airflow/dags/btc_price.py
[2022-08-01 13:24:47,399] {processor.py:625} INFO - Processing file /opt/airflow/dags/btc_price.py for tasks to queue
[2022-08-01 13:24:47,406] {logging_mixin.py:109} INFO - [2022-08-01 13:24:47,406] {dagbag.py:500} INFO - Filling up the DagBag from /opt/airflow/dags/btc_price.py
[2022-08-01 13:24:47,597] {processor.py:637} INFO - DAG(s) dict_keys(['btc_price_operator']) retrieved from /opt/airflow/dags/btc_price.py
[2022-08-01 13:24:48,908] {logging_mixin.py:109} INFO - [2022-08-01 13:24:48,908] {dag.py:2396} INFO - Sync 1 DAGs
[2022-08-01 13:24:48,966] {logging_mixin.py:109} INFO - [2022-08-01 13:24:48,966] {dag.py:2928} INFO - Setting next_dagrun for btc_price_operator to None
[2022-08-01 13:24:49,011] {processor.py:171} INFO - Processing /opt/airflow/dags/btc_price.py took 1.634 seconds
[2022-08-01 13:25:19,247] {processor.py:163} INFO - Started process (PID=517) to work on /opt/airflow/dags/btc_price.py
[2022-08-01 13:25:19,249] {processor.py:625} INFO - Processing file /opt/airflow/dags/btc_price.py for tasks to queue
[2022-08-01 13:25:19,249] {logging_mixin.py:109} INFO - [2022-08-01 13:25:19,249] {dagbag.py:500} INFO - Filling up the DagBag from /opt/airflow/dags/btc_price.py
[2022-08-01 13:25:19,275] {processor.py:637} INFO - DAG(s) dict_keys(['btc_price_operator']) retrieved from /opt/airflow/dags/btc_price.py
[2022-08-01 13:25:19,501] {logging_mixin.py:109} INFO - [2022-08-01 13:25:19,501] {dag.py:2396} INFO - Sync 1 DAGs
[2022-08-01 13:25:19,511] {logging_mixin.py:109} INFO - [2022-08-01 13:25:19,511] {dag.py:2928} INFO - Setting next_dagrun for btc_price_operator to None
[2022-08-01 13:25:19,526] {processor.py:171} INFO - Processing /opt/airflow/dags/btc_price.py took 0.281 seconds
[2022-08-01 13:25:49,545] {processor.py:163} INFO - Started process (PID=570) to work on /opt/airflow/dags/btc_price.py
[2022-08-01 13:25:49,546] {processor.py:625} INFO - Processing file /opt/airflow/dags/btc_price.py for tasks to queue
[2022-08-01 13:25:49,547] {logging_mixin.py:109} INFO - [2022-08-01 13:25:49,547] {dagbag.py:500} INFO - Filling up the DagBag from /opt/airflow/dags/btc_price.py
[2022-08-01 13:25:49,584] {processor.py:637} INFO - DAG(s) dict_keys(['btc_price_operator']) retrieved from /opt/airflow/dags/btc_price.py
[2022-08-01 13:25:49,903] {logging_mixin.py:109} INFO - [2022-08-01 13:25:49,903] {dag.py:2396} INFO - Sync 1 DAGs
[2022-08-01 13:25:49,919] {logging_mixin.py:109} INFO - [2022-08-01 13:25:49,919] {dag.py:2928} INFO - Setting next_dagrun for btc_price_operator to None
[2022-08-01 13:25:49,939] {processor.py:171} INFO - Processing /opt/airflow/dags/btc_price.py took 0.397 seconds
[2022-08-01 13:26:20,042] {processor.py:163} INFO - Started process (PID=622) to work on /opt/airflow/dags/btc_price.py
[2022-08-01 13:26:20,044] {processor.py:625} INFO - Processing file /opt/airflow/dags/btc_price.py for tasks to queue
[2022-08-01 13:26:20,044] {logging_mixin.py:109} INFO - [2022-08-01 13:26:20,044] {dagbag.py:500} INFO - Filling up the DagBag from /opt/airflow/dags/btc_price.py
[2022-08-01 13:26:20,100] {processor.py:637} INFO - DAG(s) dict_keys(['btc_price_operator']) retrieved from /opt/airflow/dags/btc_price.py
[2022-08-01 13:26:20,297] {logging_mixin.py:109} INFO - [2022-08-01 13:26:20,297] {dag.py:2396} INFO - Sync 1 DAGs
[2022-08-01 13:26:20,307] {logging_mixin.py:109} INFO - [2022-08-01 13:26:20,306] {dag.py:2928} INFO - Setting next_dagrun for btc_price_operator to None
[2022-08-01 13:26:20,318] {processor.py:171} INFO - Processing /opt/airflow/dags/btc_price.py took 0.279 seconds
[2022-08-01 13:26:51,289] {processor.py:163} INFO - Started process (PID=683) to work on /opt/airflow/dags/btc_price.py
[2022-08-01 13:26:51,294] {processor.py:625} INFO - Processing file /opt/airflow/dags/btc_price.py for tasks to queue
[2022-08-01 13:26:51,294] {logging_mixin.py:109} INFO - [2022-08-01 13:26:51,294] {dagbag.py:500} INFO - Filling up the DagBag from /opt/airflow/dags/btc_price.py
[2022-08-01 13:26:51,331] {processor.py:637} INFO - DAG(s) dict_keys(['btc_price_operator']) retrieved from /opt/airflow/dags/btc_price.py
[2022-08-01 13:26:51,750] {logging_mixin.py:109} INFO - [2022-08-01 13:26:51,750] {dag.py:2396} INFO - Sync 1 DAGs
[2022-08-01 13:26:51,774] {logging_mixin.py:109} INFO - [2022-08-01 13:26:51,774] {dag.py:2928} INFO - Setting next_dagrun for btc_price_operator to None
[2022-08-01 13:26:51,787] {processor.py:171} INFO - Processing /opt/airflow/dags/btc_price.py took 0.502 seconds
[2022-08-01 13:27:22,067] {processor.py:163} INFO - Started process (PID=735) to work on /opt/airflow/dags/btc_price.py
[2022-08-01 13:27:22,076] {processor.py:625} INFO - Processing file /opt/airflow/dags/btc_price.py for tasks to queue
[2022-08-01 13:27:22,076] {logging_mixin.py:109} INFO - [2022-08-01 13:27:22,076] {dagbag.py:500} INFO - Filling up the DagBag from /opt/airflow/dags/btc_price.py
[2022-08-01 13:27:22,105] {processor.py:637} INFO - DAG(s) dict_keys(['btc_price_operator']) retrieved from /opt/airflow/dags/btc_price.py
[2022-08-01 13:27:22,319] {logging_mixin.py:109} INFO - [2022-08-01 13:27:22,319] {dag.py:2396} INFO - Sync 1 DAGs
[2022-08-01 13:27:22,332] {logging_mixin.py:109} INFO - [2022-08-01 13:27:22,331] {dag.py:2928} INFO - Setting next_dagrun for btc_price_operator to None
[2022-08-01 13:27:22,342] {processor.py:171} INFO - Processing /opt/airflow/dags/btc_price.py took 0.277 seconds
[2022-08-01 13:27:52,676] {processor.py:163} INFO - Started process (PID=787) to work on /opt/airflow/dags/btc_price.py
[2022-08-01 13:27:52,680] {processor.py:625} INFO - Processing file /opt/airflow/dags/btc_price.py for tasks to queue
[2022-08-01 13:27:52,680] {logging_mixin.py:109} INFO - [2022-08-01 13:27:52,680] {dagbag.py:500} INFO - Filling up the DagBag from /opt/airflow/dags/btc_price.py
[2022-08-01 13:27:52,711] {processor.py:637} INFO - DAG(s) dict_keys(['btc_price_operator']) retrieved from /opt/airflow/dags/btc_price.py
[2022-08-01 13:27:53,016] {logging_mixin.py:109} INFO - [2022-08-01 13:27:53,016] {dag.py:2396} INFO - Sync 1 DAGs
[2022-08-01 13:27:53,032] {logging_mixin.py:109} INFO - [2022-08-01 13:27:53,032] {dag.py:2928} INFO - Setting next_dagrun for btc_price_operator to None
[2022-08-01 13:27:53,043] {processor.py:171} INFO - Processing /opt/airflow/dags/btc_price.py took 0.370 seconds
[2022-08-01 13:28:23,820] {processor.py:163} INFO - Started process (PID=848) to work on /opt/airflow/dags/btc_price.py
[2022-08-01 13:28:23,825] {processor.py:625} INFO - Processing file /opt/airflow/dags/btc_price.py for tasks to queue
[2022-08-01 13:28:23,825] {logging_mixin.py:109} INFO - [2022-08-01 13:28:23,825] {dagbag.py:500} INFO - Filling up the DagBag from /opt/airflow/dags/btc_price.py
[2022-08-01 13:28:23,864] {processor.py:637} INFO - DAG(s) dict_keys(['btc_price_operator']) retrieved from /opt/airflow/dags/btc_price.py
[2022-08-01 13:28:24,267] {logging_mixin.py:109} INFO - [2022-08-01 13:28:24,267] {dag.py:2396} INFO - Sync 1 DAGs
[2022-08-01 13:28:24,289] {logging_mixin.py:109} INFO - [2022-08-01 13:28:24,289] {dag.py:2928} INFO - Setting next_dagrun for btc_price_operator to None
[2022-08-01 13:28:24,305] {processor.py:171} INFO - Processing /opt/airflow/dags/btc_price.py took 0.490 seconds
[2022-08-01 13:28:55,131] {processor.py:163} INFO - Started process (PID=900) to work on /opt/airflow/dags/btc_price.py
[2022-08-01 13:28:55,139] {processor.py:625} INFO - Processing file /opt/airflow/dags/btc_price.py for tasks to queue
[2022-08-01 13:28:55,140] {logging_mixin.py:109} INFO - [2022-08-01 13:28:55,140] {dagbag.py:500} INFO - Filling up the DagBag from /opt/airflow/dags/btc_price.py
[2022-08-01 13:28:55,164] {processor.py:637} INFO - DAG(s) dict_keys(['btc_price_operator']) retrieved from /opt/airflow/dags/btc_price.py
[2022-08-01 13:28:55,347] {logging_mixin.py:109} INFO - [2022-08-01 13:28:55,347] {dag.py:2396} INFO - Sync 1 DAGs
[2022-08-01 13:28:55,358] {logging_mixin.py:109} INFO - [2022-08-01 13:28:55,358] {dag.py:2928} INFO - Setting next_dagrun for btc_price_operator to None
[2022-08-01 13:28:55,375] {processor.py:171} INFO - Processing /opt/airflow/dags/btc_price.py took 0.247 seconds
[2022-08-01 13:29:25,518] {processor.py:163} INFO - Started process (PID=952) to work on /opt/airflow/dags/btc_price.py
[2022-08-01 13:29:25,519] {processor.py:625} INFO - Processing file /opt/airflow/dags/btc_price.py for tasks to queue
[2022-08-01 13:29:25,519] {logging_mixin.py:109} INFO - [2022-08-01 13:29:25,519] {dagbag.py:500} INFO - Filling up the DagBag from /opt/airflow/dags/btc_price.py
[2022-08-01 13:29:25,545] {processor.py:637} INFO - DAG(s) dict_keys(['btc_price_operator']) retrieved from /opt/airflow/dags/btc_price.py
[2022-08-01 13:29:25,728] {logging_mixin.py:109} INFO - [2022-08-01 13:29:25,728] {dag.py:2396} INFO - Sync 1 DAGs
[2022-08-01 13:29:25,737] {logging_mixin.py:109} INFO - [2022-08-01 13:29:25,737] {dag.py:2928} INFO - Setting next_dagrun for btc_price_operator to None
[2022-08-01 13:29:25,749] {processor.py:171} INFO - Processing /opt/airflow/dags/btc_price.py took 0.233 seconds
[2022-08-01 13:29:56,214] {processor.py:163} INFO - Started process (PID=1013) to work on /opt/airflow/dags/btc_price.py
[2022-08-01 13:29:56,215] {processor.py:625} INFO - Processing file /opt/airflow/dags/btc_price.py for tasks to queue
[2022-08-01 13:29:56,216] {logging_mixin.py:109} INFO - [2022-08-01 13:29:56,216] {dagbag.py:500} INFO - Filling up the DagBag from /opt/airflow/dags/btc_price.py
[2022-08-01 13:29:56,244] {processor.py:637} INFO - DAG(s) dict_keys(['btc_price_operator']) retrieved from /opt/airflow/dags/btc_price.py
[2022-08-01 13:29:56,435] {logging_mixin.py:109} INFO - [2022-08-01 13:29:56,435] {dag.py:2396} INFO - Sync 1 DAGs
[2022-08-01 13:29:56,445] {logging_mixin.py:109} INFO - [2022-08-01 13:29:56,445] {dag.py:2928} INFO - Setting next_dagrun for btc_price_operator to None
[2022-08-01 13:29:56,454] {processor.py:171} INFO - Processing /opt/airflow/dags/btc_price.py took 0.242 seconds
[2022-08-01 13:30:26,488] {processor.py:163} INFO - Started process (PID=1066) to work on /opt/airflow/dags/btc_price.py
[2022-08-01 13:30:26,490] {processor.py:625} INFO - Processing file /opt/airflow/dags/btc_price.py for tasks to queue
[2022-08-01 13:30:26,491] {logging_mixin.py:109} INFO - [2022-08-01 13:30:26,490] {dagbag.py:500} INFO - Filling up the DagBag from /opt/airflow/dags/btc_price.py
[2022-08-01 13:30:26,521] {processor.py:637} INFO - DAG(s) dict_keys(['btc_price_operator']) retrieved from /opt/airflow/dags/btc_price.py
[2022-08-01 13:30:26,767] {logging_mixin.py:109} INFO - [2022-08-01 13:30:26,767] {dag.py:2396} INFO - Sync 1 DAGs
[2022-08-01 13:30:26,780] {logging_mixin.py:109} INFO - [2022-08-01 13:30:26,780] {dag.py:2928} INFO - Setting next_dagrun for btc_price_operator to None
[2022-08-01 13:30:26,792] {processor.py:171} INFO - Processing /opt/airflow/dags/btc_price.py took 0.306 seconds
