[2022-07-28 20:23:06,114] {taskinstance.py:1035} INFO - Dependencies all met for <TaskInstance: btc_price_operator.process_prices manual__2022-07-28T20:23:03.132382+00:00 [queued]>
[2022-07-28 20:23:06,132] {taskinstance.py:1035} INFO - Dependencies all met for <TaskInstance: btc_price_operator.process_prices manual__2022-07-28T20:23:03.132382+00:00 [queued]>
[2022-07-28 20:23:06,132] {taskinstance.py:1241} INFO - 
--------------------------------------------------------------------------------
[2022-07-28 20:23:06,133] {taskinstance.py:1242} INFO - Starting attempt 1 of 1
[2022-07-28 20:23:06,133] {taskinstance.py:1243} INFO - 
--------------------------------------------------------------------------------
[2022-07-28 20:23:06,150] {taskinstance.py:1262} INFO - Executing <Task(_PythonDecoratedOperator): process_prices> on 2022-07-28 20:23:03.132382+00:00
[2022-07-28 20:23:06,155] {standard_task_runner.py:52} INFO - Started process 103 to run task
[2022-07-28 20:23:06,163] {standard_task_runner.py:76} INFO - Running: ['***', 'tasks', 'run', 'btc_price_operator', 'process_prices', 'manual__2022-07-28T20:23:03.132382+00:00', '--job-id', '110', '--raw', '--subdir', 'DAGS_FOLDER/btc_price.py', '--cfg-path', '/tmp/tmpy0_a0p4c', '--error-file', '/tmp/tmp9cu2x7ef']
[2022-07-28 20:23:06,163] {standard_task_runner.py:77} INFO - Job 110: Subtask process_prices
[2022-07-28 20:23:06,238] {logging_mixin.py:109} INFO - Running <TaskInstance: btc_price_operator.process_prices manual__2022-07-28T20:23:03.132382+00:00 [running]> on host aeed186f5814
[2022-07-28 20:23:06,328] {taskinstance.py:1429} INFO - Exporting the following env vars:
AIRFLOW_CTX_DAG_OWNER=***
AIRFLOW_CTX_DAG_ID=btc_price_operator
AIRFLOW_CTX_TASK_ID=process_prices
AIRFLOW_CTX_EXECUTION_DATE=2022-07-28T20:23:03.132382+00:00
AIRFLOW_CTX_DAG_RUN_ID=manual__2022-07-28T20:23:03.132382+00:00
[2022-07-28 20:23:06,329] {python.py:152} INFO - Done. Returned value was: {"prices": [{"currency": "USD", "rate": 23843.226, "price_date": "2022-07-28 20:23:04.515923"}, {"currency": "GBP", "rate": 19923.2089, "price_date": "2022-07-28 20:23:04.515923"}, {"currency": "EUR", "rate": 23226.7832, "price_date": "2022-07-28 20:23:04.515923"}]}
[2022-07-28 20:23:06,364] {taskinstance.py:1280} INFO - Marking task as SUCCESS. dag_id=btc_price_operator, task_id=process_prices, execution_date=20220728T202303, start_date=20220728T202306, end_date=20220728T202306
[2022-07-28 20:23:06,415] {local_task_job.py:154} INFO - Task exited with return code 0
[2022-07-28 20:23:06,454] {baseoperator.py:1386} WARNING - Dependency <Task(_PythonDecoratedOperator): compose_price_email>, send_price_email already registered for DAG: btc_price_operator
[2022-07-28 20:23:06,455] {baseoperator.py:1386} WARNING - Dependency <Task(EmailOperator): send_price_email>, compose_price_email already registered for DAG: btc_price_operator
[2022-07-28 20:23:06,455] {baseoperator.py:1386} WARNING - Dependency <Task(_PythonDecoratedOperator): compose_price_email>, send_price_email already registered for DAG: btc_price_operator
[2022-07-28 20:23:06,455] {baseoperator.py:1386} WARNING - Dependency <Task(EmailOperator): send_price_email>, compose_price_email already registered for DAG: btc_price_operator
[2022-07-28 20:23:06,455] {baseoperator.py:1386} WARNING - Dependency <Task(_PythonDecoratedOperator): compose_price_email>, send_price_email already registered for DAG: btc_price_operator
[2022-07-28 20:23:06,455] {baseoperator.py:1386} WARNING - Dependency <Task(EmailOperator): send_price_email>, compose_price_email already registered for DAG: btc_price_operator
[2022-07-28 20:23:06,455] {baseoperator.py:1386} WARNING - Dependency <Task(_PythonDecoratedOperator): compose_price_email>, send_price_email already registered for DAG: btc_price_operator
[2022-07-28 20:23:06,456] {baseoperator.py:1386} WARNING - Dependency <Task(EmailOperator): send_price_email>, compose_price_email already registered for DAG: btc_price_operator
[2022-07-28 20:23:06,456] {baseoperator.py:1386} WARNING - Dependency <Task(_PythonDecoratedOperator): compose_price_email>, send_price_email already registered for DAG: btc_price_operator
[2022-07-28 20:23:06,456] {baseoperator.py:1386} WARNING - Dependency <Task(EmailOperator): send_price_email>, compose_price_email already registered for DAG: btc_price_operator
[2022-07-28 20:23:06,484] {local_task_job.py:264} INFO - 1 downstream tasks scheduled from follow-on schedule check
