[2022-08-01 12:25:38,197] {processor.py:163} INFO - Started process (PID=67) to work on /home/airflow/.local/lib/python3.7/site-packages/airflow/example_dags/example_subdag_operator.py
[2022-08-01 12:25:38,199] {processor.py:625} INFO - Processing file /home/airflow/.local/lib/python3.7/site-packages/airflow/example_dags/example_subdag_operator.py for tasks to queue
[2022-08-01 12:25:38,200] {logging_mixin.py:109} INFO - [2022-08-01 12:25:38,200] {dagbag.py:500} INFO - Filling up the DagBag from /home/airflow/.local/lib/python3.7/site-packages/airflow/example_dags/example_subdag_operator.py
[2022-08-01 12:25:38,260] {processor.py:637} INFO - DAG(s) dict_keys(['example_subdag_operator.section-1', 'example_subdag_operator.section-2', 'example_subdag_operator']) retrieved from /home/airflow/.local/lib/python3.7/site-packages/airflow/example_dags/example_subdag_operator.py
[2022-08-01 12:25:38,649] {logging_mixin.py:109} INFO - [2022-08-01 12:25:38,648] {dag.py:2396} INFO - Sync 3 DAGs
[2022-08-01 12:25:38,666] {logging_mixin.py:109} INFO - [2022-08-01 12:25:38,666] {dag.py:2928} INFO - Setting next_dagrun for example_subdag_operator to 2022-07-30T00:00:00+00:00
[2022-08-01 12:25:38,666] {logging_mixin.py:109} INFO - [2022-08-01 12:25:38,666] {dag.py:2928} INFO - Setting next_dagrun for example_subdag_operator.section-1 to None
[2022-08-01 12:25:38,667] {logging_mixin.py:109} INFO - [2022-08-01 12:25:38,667] {dag.py:2928} INFO - Setting next_dagrun for example_subdag_operator.section-2 to None
[2022-08-01 12:25:38,677] {logging_mixin.py:109} INFO - [2022-08-01 12:25:38,677] {dag.py:2396} INFO - Sync 2 DAGs
[2022-08-01 12:25:38,691] {logging_mixin.py:109} INFO - [2022-08-01 12:25:38,691] {dag.py:2928} INFO - Setting next_dagrun for example_subdag_operator.section-1 to None
[2022-08-01 12:25:38,692] {logging_mixin.py:109} INFO - [2022-08-01 12:25:38,692] {dag.py:2928} INFO - Setting next_dagrun for example_subdag_operator.section-2 to None
[2022-08-01 12:25:38,704] {processor.py:171} INFO - Processing /home/airflow/.local/lib/python3.7/site-packages/airflow/example_dags/example_subdag_operator.py took 0.513 seconds
[2022-08-01 12:26:09,206] {processor.py:163} INFO - Started process (PID=120) to work on /home/airflow/.local/lib/python3.7/site-packages/airflow/example_dags/example_subdag_operator.py
[2022-08-01 12:26:09,208] {processor.py:625} INFO - Processing file /home/airflow/.local/lib/python3.7/site-packages/airflow/example_dags/example_subdag_operator.py for tasks to queue
[2022-08-01 12:26:09,208] {logging_mixin.py:109} INFO - [2022-08-01 12:26:09,208] {dagbag.py:500} INFO - Filling up the DagBag from /home/airflow/.local/lib/python3.7/site-packages/airflow/example_dags/example_subdag_operator.py
[2022-08-01 12:26:09,243] {processor.py:637} INFO - DAG(s) dict_keys(['example_subdag_operator.section-1', 'example_subdag_operator.section-2', 'example_subdag_operator']) retrieved from /home/airflow/.local/lib/python3.7/site-packages/airflow/example_dags/example_subdag_operator.py
[2022-08-01 12:26:09,254] {logging_mixin.py:109} INFO - [2022-08-01 12:26:09,254] {dag.py:2396} INFO - Sync 3 DAGs
[2022-08-01 12:26:09,268] {logging_mixin.py:109} INFO - [2022-08-01 12:26:09,268] {dag.py:2928} INFO - Setting next_dagrun for example_subdag_operator to 2022-07-30T00:00:00+00:00
[2022-08-01 12:26:09,269] {logging_mixin.py:109} INFO - [2022-08-01 12:26:09,269] {dag.py:2928} INFO - Setting next_dagrun for example_subdag_operator.section-1 to None
[2022-08-01 12:26:09,269] {logging_mixin.py:109} INFO - [2022-08-01 12:26:09,269] {dag.py:2928} INFO - Setting next_dagrun for example_subdag_operator.section-2 to None
[2022-08-01 12:26:09,274] {logging_mixin.py:109} INFO - [2022-08-01 12:26:09,274] {dag.py:2396} INFO - Sync 2 DAGs
[2022-08-01 12:26:09,281] {logging_mixin.py:109} INFO - [2022-08-01 12:26:09,281] {dag.py:2928} INFO - Setting next_dagrun for example_subdag_operator.section-1 to None
[2022-08-01 12:26:09,281] {logging_mixin.py:109} INFO - [2022-08-01 12:26:09,281] {dag.py:2928} INFO - Setting next_dagrun for example_subdag_operator.section-2 to None
[2022-08-01 12:26:09,294] {processor.py:171} INFO - Processing /home/airflow/.local/lib/python3.7/site-packages/airflow/example_dags/example_subdag_operator.py took 0.091 seconds
[2022-08-01 12:26:39,718] {processor.py:163} INFO - Started process (PID=172) to work on /home/airflow/.local/lib/python3.7/site-packages/airflow/example_dags/example_subdag_operator.py
[2022-08-01 12:26:39,720] {processor.py:625} INFO - Processing file /home/airflow/.local/lib/python3.7/site-packages/airflow/example_dags/example_subdag_operator.py for tasks to queue
[2022-08-01 12:26:39,721] {logging_mixin.py:109} INFO - [2022-08-01 12:26:39,720] {dagbag.py:500} INFO - Filling up the DagBag from /home/airflow/.local/lib/python3.7/site-packages/airflow/example_dags/example_subdag_operator.py
[2022-08-01 12:26:39,753] {processor.py:637} INFO - DAG(s) dict_keys(['example_subdag_operator.section-1', 'example_subdag_operator.section-2', 'example_subdag_operator']) retrieved from /home/airflow/.local/lib/python3.7/site-packages/airflow/example_dags/example_subdag_operator.py
[2022-08-01 12:26:39,767] {logging_mixin.py:109} INFO - [2022-08-01 12:26:39,767] {dag.py:2396} INFO - Sync 3 DAGs
[2022-08-01 12:26:39,787] {logging_mixin.py:109} INFO - [2022-08-01 12:26:39,787] {dag.py:2928} INFO - Setting next_dagrun for example_subdag_operator to 2022-07-30T00:00:00+00:00
[2022-08-01 12:26:39,787] {logging_mixin.py:109} INFO - [2022-08-01 12:26:39,787] {dag.py:2928} INFO - Setting next_dagrun for example_subdag_operator.section-1 to None
[2022-08-01 12:26:39,788] {logging_mixin.py:109} INFO - [2022-08-01 12:26:39,788] {dag.py:2928} INFO - Setting next_dagrun for example_subdag_operator.section-2 to None
[2022-08-01 12:26:39,795] {logging_mixin.py:109} INFO - [2022-08-01 12:26:39,795] {dag.py:2396} INFO - Sync 2 DAGs
[2022-08-01 12:26:39,807] {logging_mixin.py:109} INFO - [2022-08-01 12:26:39,807] {dag.py:2928} INFO - Setting next_dagrun for example_subdag_operator.section-1 to None
[2022-08-01 12:26:39,807] {logging_mixin.py:109} INFO - [2022-08-01 12:26:39,807] {dag.py:2928} INFO - Setting next_dagrun for example_subdag_operator.section-2 to None
[2022-08-01 12:26:39,823] {processor.py:171} INFO - Processing /home/airflow/.local/lib/python3.7/site-packages/airflow/example_dags/example_subdag_operator.py took 0.107 seconds
[2022-08-01 12:27:10,238] {processor.py:163} INFO - Started process (PID=233) to work on /home/airflow/.local/lib/python3.7/site-packages/airflow/example_dags/example_subdag_operator.py
[2022-08-01 12:27:10,240] {processor.py:625} INFO - Processing file /home/airflow/.local/lib/python3.7/site-packages/airflow/example_dags/example_subdag_operator.py for tasks to queue
[2022-08-01 12:27:10,241] {logging_mixin.py:109} INFO - [2022-08-01 12:27:10,241] {dagbag.py:500} INFO - Filling up the DagBag from /home/airflow/.local/lib/python3.7/site-packages/airflow/example_dags/example_subdag_operator.py
[2022-08-01 12:27:10,295] {processor.py:637} INFO - DAG(s) dict_keys(['example_subdag_operator.section-1', 'example_subdag_operator.section-2', 'example_subdag_operator']) retrieved from /home/airflow/.local/lib/python3.7/site-packages/airflow/example_dags/example_subdag_operator.py
[2022-08-01 12:27:10,311] {logging_mixin.py:109} INFO - [2022-08-01 12:27:10,311] {dag.py:2396} INFO - Sync 3 DAGs
[2022-08-01 12:27:10,334] {logging_mixin.py:109} INFO - [2022-08-01 12:27:10,334] {dag.py:2928} INFO - Setting next_dagrun for example_subdag_operator to 2022-07-30T00:00:00+00:00
[2022-08-01 12:27:10,335] {logging_mixin.py:109} INFO - [2022-08-01 12:27:10,335] {dag.py:2928} INFO - Setting next_dagrun for example_subdag_operator.section-1 to None
[2022-08-01 12:27:10,335] {logging_mixin.py:109} INFO - [2022-08-01 12:27:10,335] {dag.py:2928} INFO - Setting next_dagrun for example_subdag_operator.section-2 to None
[2022-08-01 12:27:10,345] {logging_mixin.py:109} INFO - [2022-08-01 12:27:10,345] {dag.py:2396} INFO - Sync 2 DAGs
[2022-08-01 12:27:10,358] {logging_mixin.py:109} INFO - [2022-08-01 12:27:10,357] {dag.py:2928} INFO - Setting next_dagrun for example_subdag_operator.section-1 to None
[2022-08-01 12:27:10,358] {logging_mixin.py:109} INFO - [2022-08-01 12:27:10,358] {dag.py:2928} INFO - Setting next_dagrun for example_subdag_operator.section-2 to None
[2022-08-01 12:27:10,371] {processor.py:171} INFO - Processing /home/airflow/.local/lib/python3.7/site-packages/airflow/example_dags/example_subdag_operator.py took 0.139 seconds
[2022-08-01 12:27:40,786] {processor.py:163} INFO - Started process (PID=284) to work on /home/airflow/.local/lib/python3.7/site-packages/airflow/example_dags/example_subdag_operator.py
[2022-08-01 12:27:40,787] {processor.py:625} INFO - Processing file /home/airflow/.local/lib/python3.7/site-packages/airflow/example_dags/example_subdag_operator.py for tasks to queue
[2022-08-01 12:27:40,788] {logging_mixin.py:109} INFO - [2022-08-01 12:27:40,788] {dagbag.py:500} INFO - Filling up the DagBag from /home/airflow/.local/lib/python3.7/site-packages/airflow/example_dags/example_subdag_operator.py
[2022-08-01 12:27:40,815] {processor.py:637} INFO - DAG(s) dict_keys(['example_subdag_operator.section-1', 'example_subdag_operator.section-2', 'example_subdag_operator']) retrieved from /home/airflow/.local/lib/python3.7/site-packages/airflow/example_dags/example_subdag_operator.py
[2022-08-01 12:27:40,822] {logging_mixin.py:109} INFO - [2022-08-01 12:27:40,822] {dag.py:2396} INFO - Sync 3 DAGs
[2022-08-01 12:27:40,832] {logging_mixin.py:109} INFO - [2022-08-01 12:27:40,831] {dag.py:2928} INFO - Setting next_dagrun for example_subdag_operator to 2022-07-30T00:00:00+00:00
[2022-08-01 12:27:40,832] {logging_mixin.py:109} INFO - [2022-08-01 12:27:40,832] {dag.py:2928} INFO - Setting next_dagrun for example_subdag_operator.section-1 to None
[2022-08-01 12:27:40,832] {logging_mixin.py:109} INFO - [2022-08-01 12:27:40,832] {dag.py:2928} INFO - Setting next_dagrun for example_subdag_operator.section-2 to None
[2022-08-01 12:27:40,836] {logging_mixin.py:109} INFO - [2022-08-01 12:27:40,836] {dag.py:2396} INFO - Sync 2 DAGs
[2022-08-01 12:27:40,842] {logging_mixin.py:109} INFO - [2022-08-01 12:27:40,841] {dag.py:2928} INFO - Setting next_dagrun for example_subdag_operator.section-1 to None
[2022-08-01 12:27:40,842] {logging_mixin.py:109} INFO - [2022-08-01 12:27:40,842] {dag.py:2928} INFO - Setting next_dagrun for example_subdag_operator.section-2 to None
[2022-08-01 12:27:40,851] {processor.py:171} INFO - Processing /home/airflow/.local/lib/python3.7/site-packages/airflow/example_dags/example_subdag_operator.py took 0.068 seconds
[2022-08-01 12:28:11,458] {processor.py:163} INFO - Started process (PID=345) to work on /home/airflow/.local/lib/python3.7/site-packages/airflow/example_dags/example_subdag_operator.py
[2022-08-01 12:28:11,459] {processor.py:625} INFO - Processing file /home/airflow/.local/lib/python3.7/site-packages/airflow/example_dags/example_subdag_operator.py for tasks to queue
[2022-08-01 12:28:11,460] {logging_mixin.py:109} INFO - [2022-08-01 12:28:11,460] {dagbag.py:500} INFO - Filling up the DagBag from /home/airflow/.local/lib/python3.7/site-packages/airflow/example_dags/example_subdag_operator.py
[2022-08-01 12:28:11,504] {processor.py:637} INFO - DAG(s) dict_keys(['example_subdag_operator.section-1', 'example_subdag_operator.section-2', 'example_subdag_operator']) retrieved from /home/airflow/.local/lib/python3.7/site-packages/airflow/example_dags/example_subdag_operator.py
[2022-08-01 12:28:11,517] {logging_mixin.py:109} INFO - [2022-08-01 12:28:11,517] {dag.py:2396} INFO - Sync 3 DAGs
[2022-08-01 12:28:11,536] {logging_mixin.py:109} INFO - [2022-08-01 12:28:11,536] {dag.py:2928} INFO - Setting next_dagrun for example_subdag_operator to 2022-07-30T00:00:00+00:00
[2022-08-01 12:28:11,537] {logging_mixin.py:109} INFO - [2022-08-01 12:28:11,537] {dag.py:2928} INFO - Setting next_dagrun for example_subdag_operator.section-1 to None
[2022-08-01 12:28:11,537] {logging_mixin.py:109} INFO - [2022-08-01 12:28:11,537] {dag.py:2928} INFO - Setting next_dagrun for example_subdag_operator.section-2 to None
[2022-08-01 12:28:11,544] {logging_mixin.py:109} INFO - [2022-08-01 12:28:11,544] {dag.py:2396} INFO - Sync 2 DAGs
[2022-08-01 12:28:11,554] {logging_mixin.py:109} INFO - [2022-08-01 12:28:11,554] {dag.py:2928} INFO - Setting next_dagrun for example_subdag_operator.section-1 to None
[2022-08-01 12:28:11,554] {logging_mixin.py:109} INFO - [2022-08-01 12:28:11,554] {dag.py:2928} INFO - Setting next_dagrun for example_subdag_operator.section-2 to None
[2022-08-01 12:28:11,564] {processor.py:171} INFO - Processing /home/airflow/.local/lib/python3.7/site-packages/airflow/example_dags/example_subdag_operator.py took 0.111 seconds
[2022-08-01 12:28:41,764] {processor.py:163} INFO - Started process (PID=397) to work on /home/airflow/.local/lib/python3.7/site-packages/airflow/example_dags/example_subdag_operator.py
[2022-08-01 12:28:41,765] {processor.py:625} INFO - Processing file /home/airflow/.local/lib/python3.7/site-packages/airflow/example_dags/example_subdag_operator.py for tasks to queue
[2022-08-01 12:28:41,766] {logging_mixin.py:109} INFO - [2022-08-01 12:28:41,766] {dagbag.py:500} INFO - Filling up the DagBag from /home/airflow/.local/lib/python3.7/site-packages/airflow/example_dags/example_subdag_operator.py
[2022-08-01 12:28:41,794] {processor.py:637} INFO - DAG(s) dict_keys(['example_subdag_operator.section-1', 'example_subdag_operator.section-2', 'example_subdag_operator']) retrieved from /home/airflow/.local/lib/python3.7/site-packages/airflow/example_dags/example_subdag_operator.py
[2022-08-01 12:28:41,803] {logging_mixin.py:109} INFO - [2022-08-01 12:28:41,803] {dag.py:2396} INFO - Sync 3 DAGs
[2022-08-01 12:28:41,815] {logging_mixin.py:109} INFO - [2022-08-01 12:28:41,815] {dag.py:2928} INFO - Setting next_dagrun for example_subdag_operator to 2022-07-30T00:00:00+00:00
[2022-08-01 12:28:41,815] {logging_mixin.py:109} INFO - [2022-08-01 12:28:41,815] {dag.py:2928} INFO - Setting next_dagrun for example_subdag_operator.section-1 to None
[2022-08-01 12:28:41,815] {logging_mixin.py:109} INFO - [2022-08-01 12:28:41,815] {dag.py:2928} INFO - Setting next_dagrun for example_subdag_operator.section-2 to None
[2022-08-01 12:28:41,820] {logging_mixin.py:109} INFO - [2022-08-01 12:28:41,820] {dag.py:2396} INFO - Sync 2 DAGs
[2022-08-01 12:28:41,827] {logging_mixin.py:109} INFO - [2022-08-01 12:28:41,827] {dag.py:2928} INFO - Setting next_dagrun for example_subdag_operator.section-1 to None
[2022-08-01 12:28:41,827] {logging_mixin.py:109} INFO - [2022-08-01 12:28:41,827] {dag.py:2928} INFO - Setting next_dagrun for example_subdag_operator.section-2 to None
[2022-08-01 12:28:41,836] {processor.py:171} INFO - Processing /home/airflow/.local/lib/python3.7/site-packages/airflow/example_dags/example_subdag_operator.py took 0.075 seconds
[2022-08-01 12:29:13,202] {processor.py:163} INFO - Started process (PID=458) to work on /home/airflow/.local/lib/python3.7/site-packages/airflow/example_dags/example_subdag_operator.py
[2022-08-01 12:29:13,204] {processor.py:625} INFO - Processing file /home/airflow/.local/lib/python3.7/site-packages/airflow/example_dags/example_subdag_operator.py for tasks to queue
[2022-08-01 12:29:13,204] {logging_mixin.py:109} INFO - [2022-08-01 12:29:13,204] {dagbag.py:500} INFO - Filling up the DagBag from /home/airflow/.local/lib/python3.7/site-packages/airflow/example_dags/example_subdag_operator.py
[2022-08-01 12:29:13,255] {processor.py:637} INFO - DAG(s) dict_keys(['example_subdag_operator.section-1', 'example_subdag_operator.section-2', 'example_subdag_operator']) retrieved from /home/airflow/.local/lib/python3.7/site-packages/airflow/example_dags/example_subdag_operator.py
[2022-08-01 12:29:13,269] {logging_mixin.py:109} INFO - [2022-08-01 12:29:13,269] {dag.py:2396} INFO - Sync 3 DAGs
[2022-08-01 12:29:13,291] {logging_mixin.py:109} INFO - [2022-08-01 12:29:13,291] {dag.py:2928} INFO - Setting next_dagrun for example_subdag_operator to 2022-07-30T00:00:00+00:00
[2022-08-01 12:29:13,292] {logging_mixin.py:109} INFO - [2022-08-01 12:29:13,292] {dag.py:2928} INFO - Setting next_dagrun for example_subdag_operator.section-1 to None
[2022-08-01 12:29:13,292] {logging_mixin.py:109} INFO - [2022-08-01 12:29:13,292] {dag.py:2928} INFO - Setting next_dagrun for example_subdag_operator.section-2 to None
[2022-08-01 12:29:13,299] {logging_mixin.py:109} INFO - [2022-08-01 12:29:13,299] {dag.py:2396} INFO - Sync 2 DAGs
[2022-08-01 12:29:13,310] {logging_mixin.py:109} INFO - [2022-08-01 12:29:13,310] {dag.py:2928} INFO - Setting next_dagrun for example_subdag_operator.section-1 to None
[2022-08-01 12:29:13,310] {logging_mixin.py:109} INFO - [2022-08-01 12:29:13,310] {dag.py:2928} INFO - Setting next_dagrun for example_subdag_operator.section-2 to None
[2022-08-01 12:29:13,322] {processor.py:171} INFO - Processing /home/airflow/.local/lib/python3.7/site-packages/airflow/example_dags/example_subdag_operator.py took 0.125 seconds
[2022-08-01 12:29:43,674] {processor.py:163} INFO - Started process (PID=510) to work on /home/airflow/.local/lib/python3.7/site-packages/airflow/example_dags/example_subdag_operator.py
[2022-08-01 12:29:43,677] {processor.py:625} INFO - Processing file /home/airflow/.local/lib/python3.7/site-packages/airflow/example_dags/example_subdag_operator.py for tasks to queue
[2022-08-01 12:29:43,677] {logging_mixin.py:109} INFO - [2022-08-01 12:29:43,677] {dagbag.py:500} INFO - Filling up the DagBag from /home/airflow/.local/lib/python3.7/site-packages/airflow/example_dags/example_subdag_operator.py
[2022-08-01 12:29:43,713] {processor.py:637} INFO - DAG(s) dict_keys(['example_subdag_operator.section-1', 'example_subdag_operator.section-2', 'example_subdag_operator']) retrieved from /home/airflow/.local/lib/python3.7/site-packages/airflow/example_dags/example_subdag_operator.py
[2022-08-01 12:29:43,725] {logging_mixin.py:109} INFO - [2022-08-01 12:29:43,725] {dag.py:2396} INFO - Sync 3 DAGs
[2022-08-01 12:29:43,740] {logging_mixin.py:109} INFO - [2022-08-01 12:29:43,740] {dag.py:2928} INFO - Setting next_dagrun for example_subdag_operator to 2022-07-30T00:00:00+00:00
[2022-08-01 12:29:43,741] {logging_mixin.py:109} INFO - [2022-08-01 12:29:43,740] {dag.py:2928} INFO - Setting next_dagrun for example_subdag_operator.section-1 to None
[2022-08-01 12:29:43,741] {logging_mixin.py:109} INFO - [2022-08-01 12:29:43,741] {dag.py:2928} INFO - Setting next_dagrun for example_subdag_operator.section-2 to None
[2022-08-01 12:29:43,748] {logging_mixin.py:109} INFO - [2022-08-01 12:29:43,748] {dag.py:2396} INFO - Sync 2 DAGs
[2022-08-01 12:29:43,756] {logging_mixin.py:109} INFO - [2022-08-01 12:29:43,756] {dag.py:2928} INFO - Setting next_dagrun for example_subdag_operator.section-1 to None
[2022-08-01 12:29:43,756] {logging_mixin.py:109} INFO - [2022-08-01 12:29:43,756] {dag.py:2928} INFO - Setting next_dagrun for example_subdag_operator.section-2 to None
[2022-08-01 12:29:43,765] {processor.py:171} INFO - Processing /home/airflow/.local/lib/python3.7/site-packages/airflow/example_dags/example_subdag_operator.py took 0.095 seconds
[2022-08-01 12:30:14,265] {processor.py:163} INFO - Started process (PID=571) to work on /home/airflow/.local/lib/python3.7/site-packages/airflow/example_dags/example_subdag_operator.py
[2022-08-01 12:30:14,267] {processor.py:625} INFO - Processing file /home/airflow/.local/lib/python3.7/site-packages/airflow/example_dags/example_subdag_operator.py for tasks to queue
[2022-08-01 12:30:14,267] {logging_mixin.py:109} INFO - [2022-08-01 12:30:14,267] {dagbag.py:500} INFO - Filling up the DagBag from /home/airflow/.local/lib/python3.7/site-packages/airflow/example_dags/example_subdag_operator.py
[2022-08-01 12:30:14,307] {processor.py:637} INFO - DAG(s) dict_keys(['example_subdag_operator.section-1', 'example_subdag_operator.section-2', 'example_subdag_operator']) retrieved from /home/airflow/.local/lib/python3.7/site-packages/airflow/example_dags/example_subdag_operator.py
[2022-08-01 12:30:14,320] {logging_mixin.py:109} INFO - [2022-08-01 12:30:14,320] {dag.py:2396} INFO - Sync 3 DAGs
[2022-08-01 12:30:14,338] {logging_mixin.py:109} INFO - [2022-08-01 12:30:14,337] {dag.py:2928} INFO - Setting next_dagrun for example_subdag_operator to 2022-07-30T00:00:00+00:00
[2022-08-01 12:30:14,338] {logging_mixin.py:109} INFO - [2022-08-01 12:30:14,338] {dag.py:2928} INFO - Setting next_dagrun for example_subdag_operator.section-1 to None
[2022-08-01 12:30:14,338] {logging_mixin.py:109} INFO - [2022-08-01 12:30:14,338] {dag.py:2928} INFO - Setting next_dagrun for example_subdag_operator.section-2 to None
[2022-08-01 12:30:14,344] {logging_mixin.py:109} INFO - [2022-08-01 12:30:14,344] {dag.py:2396} INFO - Sync 2 DAGs
[2022-08-01 12:30:14,353] {logging_mixin.py:109} INFO - [2022-08-01 12:30:14,353] {dag.py:2928} INFO - Setting next_dagrun for example_subdag_operator.section-1 to None
[2022-08-01 12:30:14,354] {logging_mixin.py:109} INFO - [2022-08-01 12:30:14,354] {dag.py:2928} INFO - Setting next_dagrun for example_subdag_operator.section-2 to None
[2022-08-01 12:30:14,363] {processor.py:171} INFO - Processing /home/airflow/.local/lib/python3.7/site-packages/airflow/example_dags/example_subdag_operator.py took 0.103 seconds
[2022-08-01 12:30:48,024] {processor.py:163} INFO - Started process (PID=624) to work on /home/airflow/.local/lib/python3.7/site-packages/airflow/example_dags/example_subdag_operator.py
[2022-08-01 12:30:48,026] {processor.py:625} INFO - Processing file /home/airflow/.local/lib/python3.7/site-packages/airflow/example_dags/example_subdag_operator.py for tasks to queue
[2022-08-01 12:30:48,027] {logging_mixin.py:109} INFO - [2022-08-01 12:30:48,027] {dagbag.py:500} INFO - Filling up the DagBag from /home/airflow/.local/lib/python3.7/site-packages/airflow/example_dags/example_subdag_operator.py
[2022-08-01 12:30:48,096] {processor.py:637} INFO - DAG(s) dict_keys(['example_subdag_operator.section-1', 'example_subdag_operator.section-2', 'example_subdag_operator']) retrieved from /home/airflow/.local/lib/python3.7/site-packages/airflow/example_dags/example_subdag_operator.py
[2022-08-01 12:30:48,118] {logging_mixin.py:109} INFO - [2022-08-01 12:30:48,118] {dag.py:2396} INFO - Sync 3 DAGs
[2022-08-01 12:30:48,158] {logging_mixin.py:109} INFO - [2022-08-01 12:30:48,158] {dag.py:2928} INFO - Setting next_dagrun for example_subdag_operator to 2022-07-30T00:00:00+00:00
[2022-08-01 12:30:48,158] {logging_mixin.py:109} INFO - [2022-08-01 12:30:48,158] {dag.py:2928} INFO - Setting next_dagrun for example_subdag_operator.section-1 to None
[2022-08-01 12:30:48,159] {logging_mixin.py:109} INFO - [2022-08-01 12:30:48,159] {dag.py:2928} INFO - Setting next_dagrun for example_subdag_operator.section-2 to None
[2022-08-01 12:30:48,169] {logging_mixin.py:109} INFO - [2022-08-01 12:30:48,168] {dag.py:2396} INFO - Sync 2 DAGs
[2022-08-01 12:30:48,183] {logging_mixin.py:109} INFO - [2022-08-01 12:30:48,183] {dag.py:2928} INFO - Setting next_dagrun for example_subdag_operator.section-1 to None
[2022-08-01 12:30:48,184] {logging_mixin.py:109} INFO - [2022-08-01 12:30:48,184] {dag.py:2928} INFO - Setting next_dagrun for example_subdag_operator.section-2 to None
[2022-08-01 12:30:48,197] {processor.py:171} INFO - Processing /home/airflow/.local/lib/python3.7/site-packages/airflow/example_dags/example_subdag_operator.py took 0.185 seconds
[2022-08-01 12:31:19,068] {processor.py:163} INFO - Started process (PID=685) to work on /home/airflow/.local/lib/python3.7/site-packages/airflow/example_dags/example_subdag_operator.py
[2022-08-01 12:31:19,069] {processor.py:625} INFO - Processing file /home/airflow/.local/lib/python3.7/site-packages/airflow/example_dags/example_subdag_operator.py for tasks to queue
[2022-08-01 12:31:19,070] {logging_mixin.py:109} INFO - [2022-08-01 12:31:19,070] {dagbag.py:500} INFO - Filling up the DagBag from /home/airflow/.local/lib/python3.7/site-packages/airflow/example_dags/example_subdag_operator.py
[2022-08-01 12:31:19,106] {processor.py:637} INFO - DAG(s) dict_keys(['example_subdag_operator.section-1', 'example_subdag_operator.section-2', 'example_subdag_operator']) retrieved from /home/airflow/.local/lib/python3.7/site-packages/airflow/example_dags/example_subdag_operator.py
[2022-08-01 12:31:19,120] {logging_mixin.py:109} INFO - [2022-08-01 12:31:19,120] {dag.py:2396} INFO - Sync 3 DAGs
[2022-08-01 12:31:19,138] {logging_mixin.py:109} INFO - [2022-08-01 12:31:19,138] {dag.py:2928} INFO - Setting next_dagrun for example_subdag_operator to 2022-07-30T00:00:00+00:00
[2022-08-01 12:31:19,138] {logging_mixin.py:109} INFO - [2022-08-01 12:31:19,138] {dag.py:2928} INFO - Setting next_dagrun for example_subdag_operator.section-1 to None
[2022-08-01 12:31:19,139] {logging_mixin.py:109} INFO - [2022-08-01 12:31:19,138] {dag.py:2928} INFO - Setting next_dagrun for example_subdag_operator.section-2 to None
[2022-08-01 12:31:19,145] {logging_mixin.py:109} INFO - [2022-08-01 12:31:19,144] {dag.py:2396} INFO - Sync 2 DAGs
[2022-08-01 12:31:19,153] {logging_mixin.py:109} INFO - [2022-08-01 12:31:19,153] {dag.py:2928} INFO - Setting next_dagrun for example_subdag_operator.section-1 to None
[2022-08-01 12:31:19,154] {logging_mixin.py:109} INFO - [2022-08-01 12:31:19,153] {dag.py:2928} INFO - Setting next_dagrun for example_subdag_operator.section-2 to None
[2022-08-01 12:31:19,162] {processor.py:171} INFO - Processing /home/airflow/.local/lib/python3.7/site-packages/airflow/example_dags/example_subdag_operator.py took 0.098 seconds
[2022-08-01 12:31:49,317] {processor.py:163} INFO - Started process (PID=736) to work on /home/airflow/.local/lib/python3.7/site-packages/airflow/example_dags/example_subdag_operator.py
[2022-08-01 12:31:49,319] {processor.py:625} INFO - Processing file /home/airflow/.local/lib/python3.7/site-packages/airflow/example_dags/example_subdag_operator.py for tasks to queue
[2022-08-01 12:31:49,319] {logging_mixin.py:109} INFO - [2022-08-01 12:31:49,319] {dagbag.py:500} INFO - Filling up the DagBag from /home/airflow/.local/lib/python3.7/site-packages/airflow/example_dags/example_subdag_operator.py
[2022-08-01 12:31:49,355] {processor.py:637} INFO - DAG(s) dict_keys(['example_subdag_operator.section-1', 'example_subdag_operator.section-2', 'example_subdag_operator']) retrieved from /home/airflow/.local/lib/python3.7/site-packages/airflow/example_dags/example_subdag_operator.py
[2022-08-01 12:31:49,366] {logging_mixin.py:109} INFO - [2022-08-01 12:31:49,366] {dag.py:2396} INFO - Sync 3 DAGs
[2022-08-01 12:31:49,380] {logging_mixin.py:109} INFO - [2022-08-01 12:31:49,380] {dag.py:2928} INFO - Setting next_dagrun for example_subdag_operator to 2022-07-30T00:00:00+00:00
[2022-08-01 12:31:49,380] {logging_mixin.py:109} INFO - [2022-08-01 12:31:49,380] {dag.py:2928} INFO - Setting next_dagrun for example_subdag_operator.section-1 to None
[2022-08-01 12:31:49,380] {logging_mixin.py:109} INFO - [2022-08-01 12:31:49,380] {dag.py:2928} INFO - Setting next_dagrun for example_subdag_operator.section-2 to None
[2022-08-01 12:31:49,385] {logging_mixin.py:109} INFO - [2022-08-01 12:31:49,385] {dag.py:2396} INFO - Sync 2 DAGs
[2022-08-01 12:31:49,393] {logging_mixin.py:109} INFO - [2022-08-01 12:31:49,393] {dag.py:2928} INFO - Setting next_dagrun for example_subdag_operator.section-1 to None
[2022-08-01 12:31:49,393] {logging_mixin.py:109} INFO - [2022-08-01 12:31:49,393] {dag.py:2928} INFO - Setting next_dagrun for example_subdag_operator.section-2 to None
[2022-08-01 12:31:49,403] {processor.py:171} INFO - Processing /home/airflow/.local/lib/python3.7/site-packages/airflow/example_dags/example_subdag_operator.py took 0.089 seconds
[2022-08-01 12:32:19,418] {processor.py:163} INFO - Started process (PID=788) to work on /home/airflow/.local/lib/python3.7/site-packages/airflow/example_dags/example_subdag_operator.py
[2022-08-01 12:32:19,420] {processor.py:625} INFO - Processing file /home/airflow/.local/lib/python3.7/site-packages/airflow/example_dags/example_subdag_operator.py for tasks to queue
[2022-08-01 12:32:19,420] {logging_mixin.py:109} INFO - [2022-08-01 12:32:19,420] {dagbag.py:500} INFO - Filling up the DagBag from /home/airflow/.local/lib/python3.7/site-packages/airflow/example_dags/example_subdag_operator.py
[2022-08-01 12:32:19,456] {processor.py:637} INFO - DAG(s) dict_keys(['example_subdag_operator.section-1', 'example_subdag_operator.section-2', 'example_subdag_operator']) retrieved from /home/airflow/.local/lib/python3.7/site-packages/airflow/example_dags/example_subdag_operator.py
[2022-08-01 12:32:19,469] {logging_mixin.py:109} INFO - [2022-08-01 12:32:19,469] {dag.py:2396} INFO - Sync 3 DAGs
[2022-08-01 12:32:19,484] {logging_mixin.py:109} INFO - [2022-08-01 12:32:19,484] {dag.py:2928} INFO - Setting next_dagrun for example_subdag_operator to 2022-07-30T00:00:00+00:00
[2022-08-01 12:32:19,485] {logging_mixin.py:109} INFO - [2022-08-01 12:32:19,485] {dag.py:2928} INFO - Setting next_dagrun for example_subdag_operator.section-1 to None
[2022-08-01 12:32:19,485] {logging_mixin.py:109} INFO - [2022-08-01 12:32:19,485] {dag.py:2928} INFO - Setting next_dagrun for example_subdag_operator.section-2 to None
[2022-08-01 12:32:19,490] {logging_mixin.py:109} INFO - [2022-08-01 12:32:19,490] {dag.py:2396} INFO - Sync 2 DAGs
[2022-08-01 12:32:19,499] {logging_mixin.py:109} INFO - [2022-08-01 12:32:19,499] {dag.py:2928} INFO - Setting next_dagrun for example_subdag_operator.section-1 to None
[2022-08-01 12:32:19,499] {logging_mixin.py:109} INFO - [2022-08-01 12:32:19,499] {dag.py:2928} INFO - Setting next_dagrun for example_subdag_operator.section-2 to None
[2022-08-01 12:32:19,508] {processor.py:171} INFO - Processing /home/airflow/.local/lib/python3.7/site-packages/airflow/example_dags/example_subdag_operator.py took 0.093 seconds
[2022-08-01 12:32:50,408] {processor.py:163} INFO - Started process (PID=850) to work on /home/airflow/.local/lib/python3.7/site-packages/airflow/example_dags/example_subdag_operator.py
[2022-08-01 12:32:50,409] {processor.py:625} INFO - Processing file /home/airflow/.local/lib/python3.7/site-packages/airflow/example_dags/example_subdag_operator.py for tasks to queue
[2022-08-01 12:32:50,410] {logging_mixin.py:109} INFO - [2022-08-01 12:32:50,410] {dagbag.py:500} INFO - Filling up the DagBag from /home/airflow/.local/lib/python3.7/site-packages/airflow/example_dags/example_subdag_operator.py
[2022-08-01 12:32:50,465] {processor.py:637} INFO - DAG(s) dict_keys(['example_subdag_operator.section-1', 'example_subdag_operator.section-2', 'example_subdag_operator']) retrieved from /home/airflow/.local/lib/python3.7/site-packages/airflow/example_dags/example_subdag_operator.py
[2022-08-01 12:32:50,483] {logging_mixin.py:109} INFO - [2022-08-01 12:32:50,483] {dag.py:2396} INFO - Sync 3 DAGs
[2022-08-01 12:32:50,507] {logging_mixin.py:109} INFO - [2022-08-01 12:32:50,507] {dag.py:2928} INFO - Setting next_dagrun for example_subdag_operator to 2022-07-30T00:00:00+00:00
[2022-08-01 12:32:50,508] {logging_mixin.py:109} INFO - [2022-08-01 12:32:50,508] {dag.py:2928} INFO - Setting next_dagrun for example_subdag_operator.section-1 to None
[2022-08-01 12:32:50,508] {logging_mixin.py:109} INFO - [2022-08-01 12:32:50,508] {dag.py:2928} INFO - Setting next_dagrun for example_subdag_operator.section-2 to None
[2022-08-01 12:32:50,518] {logging_mixin.py:109} INFO - [2022-08-01 12:32:50,518] {dag.py:2396} INFO - Sync 2 DAGs
[2022-08-01 12:32:50,534] {logging_mixin.py:109} INFO - [2022-08-01 12:32:50,534] {dag.py:2928} INFO - Setting next_dagrun for example_subdag_operator.section-1 to None
[2022-08-01 12:32:50,535] {logging_mixin.py:109} INFO - [2022-08-01 12:32:50,535] {dag.py:2928} INFO - Setting next_dagrun for example_subdag_operator.section-2 to None
[2022-08-01 12:32:50,550] {processor.py:171} INFO - Processing /home/airflow/.local/lib/python3.7/site-packages/airflow/example_dags/example_subdag_operator.py took 0.148 seconds
[2022-08-01 12:33:21,569] {processor.py:163} INFO - Started process (PID=901) to work on /home/airflow/.local/lib/python3.7/site-packages/airflow/example_dags/example_subdag_operator.py
[2022-08-01 12:33:21,573] {processor.py:625} INFO - Processing file /home/airflow/.local/lib/python3.7/site-packages/airflow/example_dags/example_subdag_operator.py for tasks to queue
[2022-08-01 12:33:21,573] {logging_mixin.py:109} INFO - [2022-08-01 12:33:21,573] {dagbag.py:500} INFO - Filling up the DagBag from /home/airflow/.local/lib/python3.7/site-packages/airflow/example_dags/example_subdag_operator.py
[2022-08-01 12:33:21,602] {processor.py:637} INFO - DAG(s) dict_keys(['example_subdag_operator.section-1', 'example_subdag_operator.section-2', 'example_subdag_operator']) retrieved from /home/airflow/.local/lib/python3.7/site-packages/airflow/example_dags/example_subdag_operator.py
[2022-08-01 12:33:21,612] {logging_mixin.py:109} INFO - [2022-08-01 12:33:21,612] {dag.py:2396} INFO - Sync 3 DAGs
[2022-08-01 12:33:21,623] {logging_mixin.py:109} INFO - [2022-08-01 12:33:21,623] {dag.py:2928} INFO - Setting next_dagrun for example_subdag_operator to 2022-07-30T00:00:00+00:00
[2022-08-01 12:33:21,623] {logging_mixin.py:109} INFO - [2022-08-01 12:33:21,623] {dag.py:2928} INFO - Setting next_dagrun for example_subdag_operator.section-1 to None
[2022-08-01 12:33:21,623] {logging_mixin.py:109} INFO - [2022-08-01 12:33:21,623] {dag.py:2928} INFO - Setting next_dagrun for example_subdag_operator.section-2 to None
[2022-08-01 12:33:21,627] {logging_mixin.py:109} INFO - [2022-08-01 12:33:21,627] {dag.py:2396} INFO - Sync 2 DAGs
[2022-08-01 12:33:21,632] {logging_mixin.py:109} INFO - [2022-08-01 12:33:21,632] {dag.py:2928} INFO - Setting next_dagrun for example_subdag_operator.section-1 to None
[2022-08-01 12:33:21,632] {logging_mixin.py:109} INFO - [2022-08-01 12:33:21,632] {dag.py:2928} INFO - Setting next_dagrun for example_subdag_operator.section-2 to None
[2022-08-01 12:33:21,638] {processor.py:171} INFO - Processing /home/airflow/.local/lib/python3.7/site-packages/airflow/example_dags/example_subdag_operator.py took 0.072 seconds
[2022-08-01 12:33:52,322] {processor.py:163} INFO - Started process (PID=962) to work on /home/airflow/.local/lib/python3.7/site-packages/airflow/example_dags/example_subdag_operator.py
[2022-08-01 12:33:52,325] {processor.py:625} INFO - Processing file /home/airflow/.local/lib/python3.7/site-packages/airflow/example_dags/example_subdag_operator.py for tasks to queue
[2022-08-01 12:33:52,326] {logging_mixin.py:109} INFO - [2022-08-01 12:33:52,325] {dagbag.py:500} INFO - Filling up the DagBag from /home/airflow/.local/lib/python3.7/site-packages/airflow/example_dags/example_subdag_operator.py
[2022-08-01 12:33:52,382] {processor.py:637} INFO - DAG(s) dict_keys(['example_subdag_operator.section-1', 'example_subdag_operator.section-2', 'example_subdag_operator']) retrieved from /home/airflow/.local/lib/python3.7/site-packages/airflow/example_dags/example_subdag_operator.py
[2022-08-01 12:33:52,404] {logging_mixin.py:109} INFO - [2022-08-01 12:33:52,403] {dag.py:2396} INFO - Sync 3 DAGs
[2022-08-01 12:33:52,431] {logging_mixin.py:109} INFO - [2022-08-01 12:33:52,430] {dag.py:2928} INFO - Setting next_dagrun for example_subdag_operator to 2022-07-30T00:00:00+00:00
[2022-08-01 12:33:52,431] {logging_mixin.py:109} INFO - [2022-08-01 12:33:52,431] {dag.py:2928} INFO - Setting next_dagrun for example_subdag_operator.section-1 to None
[2022-08-01 12:33:52,431] {logging_mixin.py:109} INFO - [2022-08-01 12:33:52,431] {dag.py:2928} INFO - Setting next_dagrun for example_subdag_operator.section-2 to None
[2022-08-01 12:33:52,441] {logging_mixin.py:109} INFO - [2022-08-01 12:33:52,441] {dag.py:2396} INFO - Sync 2 DAGs
[2022-08-01 12:33:52,453] {logging_mixin.py:109} INFO - [2022-08-01 12:33:52,453] {dag.py:2928} INFO - Setting next_dagrun for example_subdag_operator.section-1 to None
[2022-08-01 12:33:52,453] {logging_mixin.py:109} INFO - [2022-08-01 12:33:52,453] {dag.py:2928} INFO - Setting next_dagrun for example_subdag_operator.section-2 to None
[2022-08-01 12:33:52,465] {processor.py:171} INFO - Processing /home/airflow/.local/lib/python3.7/site-packages/airflow/example_dags/example_subdag_operator.py took 0.150 seconds
[2022-08-01 12:34:22,576] {processor.py:163} INFO - Started process (PID=1014) to work on /home/airflow/.local/lib/python3.7/site-packages/airflow/example_dags/example_subdag_operator.py
[2022-08-01 12:34:22,577] {processor.py:625} INFO - Processing file /home/airflow/.local/lib/python3.7/site-packages/airflow/example_dags/example_subdag_operator.py for tasks to queue
[2022-08-01 12:34:22,578] {logging_mixin.py:109} INFO - [2022-08-01 12:34:22,578] {dagbag.py:500} INFO - Filling up the DagBag from /home/airflow/.local/lib/python3.7/site-packages/airflow/example_dags/example_subdag_operator.py
[2022-08-01 12:34:22,616] {processor.py:637} INFO - DAG(s) dict_keys(['example_subdag_operator.section-1', 'example_subdag_operator.section-2', 'example_subdag_operator']) retrieved from /home/airflow/.local/lib/python3.7/site-packages/airflow/example_dags/example_subdag_operator.py
[2022-08-01 12:34:22,630] {logging_mixin.py:109} INFO - [2022-08-01 12:34:22,630] {dag.py:2396} INFO - Sync 3 DAGs
[2022-08-01 12:34:22,648] {logging_mixin.py:109} INFO - [2022-08-01 12:34:22,648] {dag.py:2928} INFO - Setting next_dagrun for example_subdag_operator to 2022-07-30T00:00:00+00:00
[2022-08-01 12:34:22,649] {logging_mixin.py:109} INFO - [2022-08-01 12:34:22,648] {dag.py:2928} INFO - Setting next_dagrun for example_subdag_operator.section-1 to None
[2022-08-01 12:34:22,649] {logging_mixin.py:109} INFO - [2022-08-01 12:34:22,649] {dag.py:2928} INFO - Setting next_dagrun for example_subdag_operator.section-2 to None
[2022-08-01 12:34:22,655] {logging_mixin.py:109} INFO - [2022-08-01 12:34:22,654] {dag.py:2396} INFO - Sync 2 DAGs
[2022-08-01 12:34:22,664] {logging_mixin.py:109} INFO - [2022-08-01 12:34:22,663] {dag.py:2928} INFO - Setting next_dagrun for example_subdag_operator.section-1 to None
[2022-08-01 12:34:22,664] {logging_mixin.py:109} INFO - [2022-08-01 12:34:22,664] {dag.py:2928} INFO - Setting next_dagrun for example_subdag_operator.section-2 to None
[2022-08-01 12:34:22,672] {processor.py:171} INFO - Processing /home/airflow/.local/lib/python3.7/site-packages/airflow/example_dags/example_subdag_operator.py took 0.101 seconds
[2022-08-01 12:34:54,779] {processor.py:163} INFO - Started process (PID=1075) to work on /home/airflow/.local/lib/python3.7/site-packages/airflow/example_dags/example_subdag_operator.py
[2022-08-01 12:34:54,782] {processor.py:625} INFO - Processing file /home/airflow/.local/lib/python3.7/site-packages/airflow/example_dags/example_subdag_operator.py for tasks to queue
[2022-08-01 12:34:54,783] {logging_mixin.py:109} INFO - [2022-08-01 12:34:54,782] {dagbag.py:500} INFO - Filling up the DagBag from /home/airflow/.local/lib/python3.7/site-packages/airflow/example_dags/example_subdag_operator.py
[2022-08-01 12:34:54,847] {processor.py:637} INFO - DAG(s) dict_keys(['example_subdag_operator.section-1', 'example_subdag_operator.section-2', 'example_subdag_operator']) retrieved from /home/airflow/.local/lib/python3.7/site-packages/airflow/example_dags/example_subdag_operator.py
[2022-08-01 12:34:54,882] {logging_mixin.py:109} INFO - [2022-08-01 12:34:54,881] {dag.py:2396} INFO - Sync 3 DAGs
[2022-08-01 12:34:54,927] {logging_mixin.py:109} INFO - [2022-08-01 12:34:54,926] {dag.py:2928} INFO - Setting next_dagrun for example_subdag_operator to 2022-07-30T00:00:00+00:00
[2022-08-01 12:34:54,927] {logging_mixin.py:109} INFO - [2022-08-01 12:34:54,927] {dag.py:2928} INFO - Setting next_dagrun for example_subdag_operator.section-1 to None
[2022-08-01 12:34:54,927] {logging_mixin.py:109} INFO - [2022-08-01 12:34:54,927] {dag.py:2928} INFO - Setting next_dagrun for example_subdag_operator.section-2 to None
[2022-08-01 12:34:54,937] {logging_mixin.py:109} INFO - [2022-08-01 12:34:54,937] {dag.py:2396} INFO - Sync 2 DAGs
[2022-08-01 12:34:54,959] {logging_mixin.py:109} INFO - [2022-08-01 12:34:54,958] {dag.py:2928} INFO - Setting next_dagrun for example_subdag_operator.section-1 to None
[2022-08-01 12:34:54,959] {logging_mixin.py:109} INFO - [2022-08-01 12:34:54,959] {dag.py:2928} INFO - Setting next_dagrun for example_subdag_operator.section-2 to None
[2022-08-01 12:34:54,975] {processor.py:171} INFO - Processing /home/airflow/.local/lib/python3.7/site-packages/airflow/example_dags/example_subdag_operator.py took 0.204 seconds
[2022-08-01 12:35:25,538] {processor.py:163} INFO - Started process (PID=1127) to work on /home/airflow/.local/lib/python3.7/site-packages/airflow/example_dags/example_subdag_operator.py
[2022-08-01 12:35:25,539] {processor.py:625} INFO - Processing file /home/airflow/.local/lib/python3.7/site-packages/airflow/example_dags/example_subdag_operator.py for tasks to queue
[2022-08-01 12:35:25,540] {logging_mixin.py:109} INFO - [2022-08-01 12:35:25,539] {dagbag.py:500} INFO - Filling up the DagBag from /home/airflow/.local/lib/python3.7/site-packages/airflow/example_dags/example_subdag_operator.py
[2022-08-01 12:35:25,576] {processor.py:637} INFO - DAG(s) dict_keys(['example_subdag_operator.section-1', 'example_subdag_operator.section-2', 'example_subdag_operator']) retrieved from /home/airflow/.local/lib/python3.7/site-packages/airflow/example_dags/example_subdag_operator.py
[2022-08-01 12:35:25,587] {logging_mixin.py:109} INFO - [2022-08-01 12:35:25,587] {dag.py:2396} INFO - Sync 3 DAGs
[2022-08-01 12:35:25,602] {logging_mixin.py:109} INFO - [2022-08-01 12:35:25,601] {dag.py:2928} INFO - Setting next_dagrun for example_subdag_operator to 2022-07-30T00:00:00+00:00
[2022-08-01 12:35:25,602] {logging_mixin.py:109} INFO - [2022-08-01 12:35:25,602] {dag.py:2928} INFO - Setting next_dagrun for example_subdag_operator.section-1 to None
[2022-08-01 12:35:25,602] {logging_mixin.py:109} INFO - [2022-08-01 12:35:25,602] {dag.py:2928} INFO - Setting next_dagrun for example_subdag_operator.section-2 to None
[2022-08-01 12:35:25,608] {logging_mixin.py:109} INFO - [2022-08-01 12:35:25,608] {dag.py:2396} INFO - Sync 2 DAGs
[2022-08-01 12:35:25,616] {logging_mixin.py:109} INFO - [2022-08-01 12:35:25,616] {dag.py:2928} INFO - Setting next_dagrun for example_subdag_operator.section-1 to None
[2022-08-01 12:35:25,616] {logging_mixin.py:109} INFO - [2022-08-01 12:35:25,616] {dag.py:2928} INFO - Setting next_dagrun for example_subdag_operator.section-2 to None
[2022-08-01 12:35:25,624] {processor.py:171} INFO - Processing /home/airflow/.local/lib/python3.7/site-packages/airflow/example_dags/example_subdag_operator.py took 0.089 seconds
[2022-08-01 12:35:56,169] {processor.py:163} INFO - Started process (PID=1188) to work on /home/airflow/.local/lib/python3.7/site-packages/airflow/example_dags/example_subdag_operator.py
[2022-08-01 12:35:56,170] {processor.py:625} INFO - Processing file /home/airflow/.local/lib/python3.7/site-packages/airflow/example_dags/example_subdag_operator.py for tasks to queue
[2022-08-01 12:35:56,170] {logging_mixin.py:109} INFO - [2022-08-01 12:35:56,170] {dagbag.py:500} INFO - Filling up the DagBag from /home/airflow/.local/lib/python3.7/site-packages/airflow/example_dags/example_subdag_operator.py
[2022-08-01 12:35:56,196] {processor.py:637} INFO - DAG(s) dict_keys(['example_subdag_operator.section-1', 'example_subdag_operator.section-2', 'example_subdag_operator']) retrieved from /home/airflow/.local/lib/python3.7/site-packages/airflow/example_dags/example_subdag_operator.py
[2022-08-01 12:35:56,206] {logging_mixin.py:109} INFO - [2022-08-01 12:35:56,206] {dag.py:2396} INFO - Sync 3 DAGs
[2022-08-01 12:35:56,217] {logging_mixin.py:109} INFO - [2022-08-01 12:35:56,217] {dag.py:2928} INFO - Setting next_dagrun for example_subdag_operator to 2022-07-30T00:00:00+00:00
[2022-08-01 12:35:56,217] {logging_mixin.py:109} INFO - [2022-08-01 12:35:56,217] {dag.py:2928} INFO - Setting next_dagrun for example_subdag_operator.section-1 to None
[2022-08-01 12:35:56,218] {logging_mixin.py:109} INFO - [2022-08-01 12:35:56,218] {dag.py:2928} INFO - Setting next_dagrun for example_subdag_operator.section-2 to None
[2022-08-01 12:35:56,222] {logging_mixin.py:109} INFO - [2022-08-01 12:35:56,222] {dag.py:2396} INFO - Sync 2 DAGs
[2022-08-01 12:35:56,230] {logging_mixin.py:109} INFO - [2022-08-01 12:35:56,230] {dag.py:2928} INFO - Setting next_dagrun for example_subdag_operator.section-1 to None
[2022-08-01 12:35:56,231] {logging_mixin.py:109} INFO - [2022-08-01 12:35:56,231] {dag.py:2928} INFO - Setting next_dagrun for example_subdag_operator.section-2 to None
[2022-08-01 12:35:56,237] {processor.py:171} INFO - Processing /home/airflow/.local/lib/python3.7/site-packages/airflow/example_dags/example_subdag_operator.py took 0.071 seconds
[2022-08-01 12:40:13,816] {processor.py:163} INFO - Started process (PID=67) to work on /home/airflow/.local/lib/python3.7/site-packages/airflow/example_dags/example_subdag_operator.py
[2022-08-01 12:40:13,819] {processor.py:625} INFO - Processing file /home/airflow/.local/lib/python3.7/site-packages/airflow/example_dags/example_subdag_operator.py for tasks to queue
[2022-08-01 12:40:13,820] {logging_mixin.py:109} INFO - [2022-08-01 12:40:13,820] {dagbag.py:500} INFO - Filling up the DagBag from /home/airflow/.local/lib/python3.7/site-packages/airflow/example_dags/example_subdag_operator.py
[2022-08-01 12:40:13,881] {processor.py:637} INFO - DAG(s) dict_keys(['example_subdag_operator.section-1', 'example_subdag_operator.section-2', 'example_subdag_operator']) retrieved from /home/airflow/.local/lib/python3.7/site-packages/airflow/example_dags/example_subdag_operator.py
[2022-08-01 12:40:13,904] {logging_mixin.py:109} INFO - [2022-08-01 12:40:13,904] {dag.py:2396} INFO - Sync 3 DAGs
[2022-08-01 12:40:13,931] {logging_mixin.py:109} INFO - [2022-08-01 12:40:13,931] {dag.py:2928} INFO - Setting next_dagrun for example_subdag_operator to 2022-07-30T00:00:00+00:00
[2022-08-01 12:40:13,932] {logging_mixin.py:109} INFO - [2022-08-01 12:40:13,932] {dag.py:2928} INFO - Setting next_dagrun for example_subdag_operator.section-1 to None
[2022-08-01 12:40:13,932] {logging_mixin.py:109} INFO - [2022-08-01 12:40:13,932] {dag.py:2928} INFO - Setting next_dagrun for example_subdag_operator.section-2 to None
[2022-08-01 12:40:13,941] {logging_mixin.py:109} INFO - [2022-08-01 12:40:13,941] {dag.py:2396} INFO - Sync 2 DAGs
[2022-08-01 12:40:13,957] {logging_mixin.py:109} INFO - [2022-08-01 12:40:13,957] {dag.py:2928} INFO - Setting next_dagrun for example_subdag_operator.section-1 to None
[2022-08-01 12:40:13,958] {logging_mixin.py:109} INFO - [2022-08-01 12:40:13,957] {dag.py:2928} INFO - Setting next_dagrun for example_subdag_operator.section-2 to None
[2022-08-01 12:40:13,971] {processor.py:171} INFO - Processing /home/airflow/.local/lib/python3.7/site-packages/airflow/example_dags/example_subdag_operator.py took 0.160 seconds
[2022-08-01 12:40:44,847] {processor.py:163} INFO - Started process (PID=118) to work on /home/airflow/.local/lib/python3.7/site-packages/airflow/example_dags/example_subdag_operator.py
[2022-08-01 12:40:44,848] {processor.py:625} INFO - Processing file /home/airflow/.local/lib/python3.7/site-packages/airflow/example_dags/example_subdag_operator.py for tasks to queue
[2022-08-01 12:40:44,849] {logging_mixin.py:109} INFO - [2022-08-01 12:40:44,849] {dagbag.py:500} INFO - Filling up the DagBag from /home/airflow/.local/lib/python3.7/site-packages/airflow/example_dags/example_subdag_operator.py
[2022-08-01 12:40:44,875] {processor.py:637} INFO - DAG(s) dict_keys(['example_subdag_operator.section-1', 'example_subdag_operator.section-2', 'example_subdag_operator']) retrieved from /home/airflow/.local/lib/python3.7/site-packages/airflow/example_dags/example_subdag_operator.py
[2022-08-01 12:40:44,884] {logging_mixin.py:109} INFO - [2022-08-01 12:40:44,884] {dag.py:2396} INFO - Sync 3 DAGs
[2022-08-01 12:40:44,895] {logging_mixin.py:109} INFO - [2022-08-01 12:40:44,895] {dag.py:2928} INFO - Setting next_dagrun for example_subdag_operator to 2022-07-30T00:00:00+00:00
[2022-08-01 12:40:44,895] {logging_mixin.py:109} INFO - [2022-08-01 12:40:44,895] {dag.py:2928} INFO - Setting next_dagrun for example_subdag_operator.section-1 to None
[2022-08-01 12:40:44,895] {logging_mixin.py:109} INFO - [2022-08-01 12:40:44,895] {dag.py:2928} INFO - Setting next_dagrun for example_subdag_operator.section-2 to None
[2022-08-01 12:40:44,900] {logging_mixin.py:109} INFO - [2022-08-01 12:40:44,899] {dag.py:2396} INFO - Sync 2 DAGs
[2022-08-01 12:40:44,905] {logging_mixin.py:109} INFO - [2022-08-01 12:40:44,905] {dag.py:2928} INFO - Setting next_dagrun for example_subdag_operator.section-1 to None
[2022-08-01 12:40:44,905] {logging_mixin.py:109} INFO - [2022-08-01 12:40:44,905] {dag.py:2928} INFO - Setting next_dagrun for example_subdag_operator.section-2 to None
[2022-08-01 12:40:44,916] {processor.py:171} INFO - Processing /home/airflow/.local/lib/python3.7/site-packages/airflow/example_dags/example_subdag_operator.py took 0.072 seconds
[2022-08-01 13:20:43,040] {processor.py:163} INFO - Started process (PID=67) to work on /home/airflow/.local/lib/python3.7/site-packages/airflow/example_dags/example_subdag_operator.py
[2022-08-01 13:20:43,046] {processor.py:625} INFO - Processing file /home/airflow/.local/lib/python3.7/site-packages/airflow/example_dags/example_subdag_operator.py for tasks to queue
[2022-08-01 13:20:43,048] {logging_mixin.py:109} INFO - [2022-08-01 13:20:43,048] {dagbag.py:500} INFO - Filling up the DagBag from /home/airflow/.local/lib/python3.7/site-packages/airflow/example_dags/example_subdag_operator.py
[2022-08-01 13:20:43,187] {processor.py:637} INFO - DAG(s) dict_keys(['example_subdag_operator.section-1', 'example_subdag_operator.section-2', 'example_subdag_operator']) retrieved from /home/airflow/.local/lib/python3.7/site-packages/airflow/example_dags/example_subdag_operator.py
[2022-08-01 13:20:43,239] {logging_mixin.py:109} INFO - [2022-08-01 13:20:43,239] {dag.py:2396} INFO - Sync 3 DAGs
[2022-08-01 13:20:43,309] {logging_mixin.py:109} INFO - [2022-08-01 13:20:43,309] {dag.py:2928} INFO - Setting next_dagrun for example_subdag_operator to 2022-07-30T00:00:00+00:00
[2022-08-01 13:20:43,310] {logging_mixin.py:109} INFO - [2022-08-01 13:20:43,310] {dag.py:2928} INFO - Setting next_dagrun for example_subdag_operator.section-1 to None
[2022-08-01 13:20:43,310] {logging_mixin.py:109} INFO - [2022-08-01 13:20:43,310] {dag.py:2928} INFO - Setting next_dagrun for example_subdag_operator.section-2 to None
[2022-08-01 13:20:43,346] {logging_mixin.py:109} INFO - [2022-08-01 13:20:43,345] {dag.py:2396} INFO - Sync 2 DAGs
[2022-08-01 13:20:43,397] {logging_mixin.py:109} INFO - [2022-08-01 13:20:43,396] {dag.py:2928} INFO - Setting next_dagrun for example_subdag_operator.section-1 to None
[2022-08-01 13:20:43,397] {logging_mixin.py:109} INFO - [2022-08-01 13:20:43,397] {dag.py:2928} INFO - Setting next_dagrun for example_subdag_operator.section-2 to None
[2022-08-01 13:20:43,434] {processor.py:171} INFO - Processing /home/airflow/.local/lib/python3.7/site-packages/airflow/example_dags/example_subdag_operator.py took 0.406 seconds
[2022-08-01 13:21:18,507] {processor.py:163} INFO - Started process (PID=119) to work on /home/airflow/.local/lib/python3.7/site-packages/airflow/example_dags/example_subdag_operator.py
[2022-08-01 13:21:18,511] {processor.py:625} INFO - Processing file /home/airflow/.local/lib/python3.7/site-packages/airflow/example_dags/example_subdag_operator.py for tasks to queue
[2022-08-01 13:21:18,513] {logging_mixin.py:109} INFO - [2022-08-01 13:21:18,513] {dagbag.py:500} INFO - Filling up the DagBag from /home/airflow/.local/lib/python3.7/site-packages/airflow/example_dags/example_subdag_operator.py
[2022-08-01 13:21:18,600] {processor.py:637} INFO - DAG(s) dict_keys(['example_subdag_operator.section-1', 'example_subdag_operator.section-2', 'example_subdag_operator']) retrieved from /home/airflow/.local/lib/python3.7/site-packages/airflow/example_dags/example_subdag_operator.py
[2022-08-01 13:21:18,638] {logging_mixin.py:109} INFO - [2022-08-01 13:21:18,637] {dag.py:2396} INFO - Sync 3 DAGs
[2022-08-01 13:21:18,676] {logging_mixin.py:109} INFO - [2022-08-01 13:21:18,676] {dag.py:2928} INFO - Setting next_dagrun for example_subdag_operator to 2022-07-30T00:00:00+00:00
[2022-08-01 13:21:18,677] {logging_mixin.py:109} INFO - [2022-08-01 13:21:18,677] {dag.py:2928} INFO - Setting next_dagrun for example_subdag_operator.section-1 to None
[2022-08-01 13:21:18,677] {logging_mixin.py:109} INFO - [2022-08-01 13:21:18,677] {dag.py:2928} INFO - Setting next_dagrun for example_subdag_operator.section-2 to None
[2022-08-01 13:21:18,692] {logging_mixin.py:109} INFO - [2022-08-01 13:21:18,692] {dag.py:2396} INFO - Sync 2 DAGs
[2022-08-01 13:21:18,716] {logging_mixin.py:109} INFO - [2022-08-01 13:21:18,715] {dag.py:2928} INFO - Setting next_dagrun for example_subdag_operator.section-1 to None
[2022-08-01 13:21:18,716] {logging_mixin.py:109} INFO - [2022-08-01 13:21:18,716] {dag.py:2928} INFO - Setting next_dagrun for example_subdag_operator.section-2 to None
[2022-08-01 13:21:18,736] {processor.py:171} INFO - Processing /home/airflow/.local/lib/python3.7/site-packages/airflow/example_dags/example_subdag_operator.py took 0.236 seconds
[2022-08-01 13:21:48,944] {processor.py:163} INFO - Started process (PID=171) to work on /home/airflow/.local/lib/python3.7/site-packages/airflow/example_dags/example_subdag_operator.py
[2022-08-01 13:21:48,946] {processor.py:625} INFO - Processing file /home/airflow/.local/lib/python3.7/site-packages/airflow/example_dags/example_subdag_operator.py for tasks to queue
[2022-08-01 13:21:48,947] {logging_mixin.py:109} INFO - [2022-08-01 13:21:48,947] {dagbag.py:500} INFO - Filling up the DagBag from /home/airflow/.local/lib/python3.7/site-packages/airflow/example_dags/example_subdag_operator.py
[2022-08-01 13:21:48,987] {processor.py:637} INFO - DAG(s) dict_keys(['example_subdag_operator.section-1', 'example_subdag_operator.section-2', 'example_subdag_operator']) retrieved from /home/airflow/.local/lib/python3.7/site-packages/airflow/example_dags/example_subdag_operator.py
[2022-08-01 13:21:49,001] {logging_mixin.py:109} INFO - [2022-08-01 13:21:49,000] {dag.py:2396} INFO - Sync 3 DAGs
[2022-08-01 13:21:49,020] {logging_mixin.py:109} INFO - [2022-08-01 13:21:49,019] {dag.py:2928} INFO - Setting next_dagrun for example_subdag_operator to 2022-07-30T00:00:00+00:00
[2022-08-01 13:21:49,020] {logging_mixin.py:109} INFO - [2022-08-01 13:21:49,020] {dag.py:2928} INFO - Setting next_dagrun for example_subdag_operator.section-1 to None
[2022-08-01 13:21:49,020] {logging_mixin.py:109} INFO - [2022-08-01 13:21:49,020] {dag.py:2928} INFO - Setting next_dagrun for example_subdag_operator.section-2 to None
[2022-08-01 13:21:49,027] {logging_mixin.py:109} INFO - [2022-08-01 13:21:49,027] {dag.py:2396} INFO - Sync 2 DAGs
[2022-08-01 13:21:49,038] {logging_mixin.py:109} INFO - [2022-08-01 13:21:49,037] {dag.py:2928} INFO - Setting next_dagrun for example_subdag_operator.section-1 to None
[2022-08-01 13:21:49,038] {logging_mixin.py:109} INFO - [2022-08-01 13:21:49,038] {dag.py:2928} INFO - Setting next_dagrun for example_subdag_operator.section-2 to None
[2022-08-01 13:21:49,050] {processor.py:171} INFO - Processing /home/airflow/.local/lib/python3.7/site-packages/airflow/example_dags/example_subdag_operator.py took 0.110 seconds
[2022-08-01 13:22:19,915] {processor.py:163} INFO - Started process (PID=223) to work on /home/airflow/.local/lib/python3.7/site-packages/airflow/example_dags/example_subdag_operator.py
[2022-08-01 13:22:19,916] {processor.py:625} INFO - Processing file /home/airflow/.local/lib/python3.7/site-packages/airflow/example_dags/example_subdag_operator.py for tasks to queue
[2022-08-01 13:22:19,917] {logging_mixin.py:109} INFO - [2022-08-01 13:22:19,917] {dagbag.py:500} INFO - Filling up the DagBag from /home/airflow/.local/lib/python3.7/site-packages/airflow/example_dags/example_subdag_operator.py
[2022-08-01 13:22:19,948] {processor.py:637} INFO - DAG(s) dict_keys(['example_subdag_operator.section-1', 'example_subdag_operator.section-2', 'example_subdag_operator']) retrieved from /home/airflow/.local/lib/python3.7/site-packages/airflow/example_dags/example_subdag_operator.py
[2022-08-01 13:22:19,959] {logging_mixin.py:109} INFO - [2022-08-01 13:22:19,959] {dag.py:2396} INFO - Sync 3 DAGs
[2022-08-01 13:22:19,973] {logging_mixin.py:109} INFO - [2022-08-01 13:22:19,973] {dag.py:2928} INFO - Setting next_dagrun for example_subdag_operator to 2022-07-30T00:00:00+00:00
[2022-08-01 13:22:19,973] {logging_mixin.py:109} INFO - [2022-08-01 13:22:19,973] {dag.py:2928} INFO - Setting next_dagrun for example_subdag_operator.section-1 to None
[2022-08-01 13:22:19,973] {logging_mixin.py:109} INFO - [2022-08-01 13:22:19,973] {dag.py:2928} INFO - Setting next_dagrun for example_subdag_operator.section-2 to None
[2022-08-01 13:22:19,979] {logging_mixin.py:109} INFO - [2022-08-01 13:22:19,979] {dag.py:2396} INFO - Sync 2 DAGs
[2022-08-01 13:22:19,986] {logging_mixin.py:109} INFO - [2022-08-01 13:22:19,986] {dag.py:2928} INFO - Setting next_dagrun for example_subdag_operator.section-1 to None
[2022-08-01 13:22:19,986] {logging_mixin.py:109} INFO - [2022-08-01 13:22:19,986] {dag.py:2928} INFO - Setting next_dagrun for example_subdag_operator.section-2 to None
[2022-08-01 13:22:19,999] {processor.py:171} INFO - Processing /home/airflow/.local/lib/python3.7/site-packages/airflow/example_dags/example_subdag_operator.py took 0.087 seconds
[2022-08-01 13:22:50,044] {processor.py:163} INFO - Started process (PID=284) to work on /home/airflow/.local/lib/python3.7/site-packages/airflow/example_dags/example_subdag_operator.py
[2022-08-01 13:22:50,045] {processor.py:625} INFO - Processing file /home/airflow/.local/lib/python3.7/site-packages/airflow/example_dags/example_subdag_operator.py for tasks to queue
[2022-08-01 13:22:50,045] {logging_mixin.py:109} INFO - [2022-08-01 13:22:50,045] {dagbag.py:500} INFO - Filling up the DagBag from /home/airflow/.local/lib/python3.7/site-packages/airflow/example_dags/example_subdag_operator.py
[2022-08-01 13:22:50,078] {processor.py:637} INFO - DAG(s) dict_keys(['example_subdag_operator.section-1', 'example_subdag_operator.section-2', 'example_subdag_operator']) retrieved from /home/airflow/.local/lib/python3.7/site-packages/airflow/example_dags/example_subdag_operator.py
[2022-08-01 13:22:50,088] {logging_mixin.py:109} INFO - [2022-08-01 13:22:50,088] {dag.py:2396} INFO - Sync 3 DAGs
[2022-08-01 13:22:50,103] {logging_mixin.py:109} INFO - [2022-08-01 13:22:50,103] {dag.py:2928} INFO - Setting next_dagrun for example_subdag_operator to 2022-07-30T00:00:00+00:00
[2022-08-01 13:22:50,103] {logging_mixin.py:109} INFO - [2022-08-01 13:22:50,103] {dag.py:2928} INFO - Setting next_dagrun for example_subdag_operator.section-1 to None
[2022-08-01 13:22:50,103] {logging_mixin.py:109} INFO - [2022-08-01 13:22:50,103] {dag.py:2928} INFO - Setting next_dagrun for example_subdag_operator.section-2 to None
[2022-08-01 13:22:50,108] {logging_mixin.py:109} INFO - [2022-08-01 13:22:50,108] {dag.py:2396} INFO - Sync 2 DAGs
[2022-08-01 13:22:50,116] {logging_mixin.py:109} INFO - [2022-08-01 13:22:50,116] {dag.py:2928} INFO - Setting next_dagrun for example_subdag_operator.section-1 to None
[2022-08-01 13:22:50,116] {logging_mixin.py:109} INFO - [2022-08-01 13:22:50,116] {dag.py:2928} INFO - Setting next_dagrun for example_subdag_operator.section-2 to None
[2022-08-01 13:22:50,128] {processor.py:171} INFO - Processing /home/airflow/.local/lib/python3.7/site-packages/airflow/example_dags/example_subdag_operator.py took 0.087 seconds
[2022-08-01 13:23:20,171] {processor.py:163} INFO - Started process (PID=335) to work on /home/airflow/.local/lib/python3.7/site-packages/airflow/example_dags/example_subdag_operator.py
[2022-08-01 13:23:20,173] {processor.py:625} INFO - Processing file /home/airflow/.local/lib/python3.7/site-packages/airflow/example_dags/example_subdag_operator.py for tasks to queue
[2022-08-01 13:23:20,173] {logging_mixin.py:109} INFO - [2022-08-01 13:23:20,173] {dagbag.py:500} INFO - Filling up the DagBag from /home/airflow/.local/lib/python3.7/site-packages/airflow/example_dags/example_subdag_operator.py
[2022-08-01 13:23:20,198] {processor.py:637} INFO - DAG(s) dict_keys(['example_subdag_operator.section-1', 'example_subdag_operator.section-2', 'example_subdag_operator']) retrieved from /home/airflow/.local/lib/python3.7/site-packages/airflow/example_dags/example_subdag_operator.py
[2022-08-01 13:23:20,206] {logging_mixin.py:109} INFO - [2022-08-01 13:23:20,206] {dag.py:2396} INFO - Sync 3 DAGs
[2022-08-01 13:23:20,216] {logging_mixin.py:109} INFO - [2022-08-01 13:23:20,216] {dag.py:2928} INFO - Setting next_dagrun for example_subdag_operator to 2022-07-30T00:00:00+00:00
[2022-08-01 13:23:20,216] {logging_mixin.py:109} INFO - [2022-08-01 13:23:20,216] {dag.py:2928} INFO - Setting next_dagrun for example_subdag_operator.section-1 to None
[2022-08-01 13:23:20,216] {logging_mixin.py:109} INFO - [2022-08-01 13:23:20,216] {dag.py:2928} INFO - Setting next_dagrun for example_subdag_operator.section-2 to None
[2022-08-01 13:23:20,220] {logging_mixin.py:109} INFO - [2022-08-01 13:23:20,220] {dag.py:2396} INFO - Sync 2 DAGs
[2022-08-01 13:23:20,225] {logging_mixin.py:109} INFO - [2022-08-01 13:23:20,225] {dag.py:2928} INFO - Setting next_dagrun for example_subdag_operator.section-1 to None
[2022-08-01 13:23:20,225] {logging_mixin.py:109} INFO - [2022-08-01 13:23:20,225] {dag.py:2928} INFO - Setting next_dagrun for example_subdag_operator.section-2 to None
[2022-08-01 13:23:20,231] {processor.py:171} INFO - Processing /home/airflow/.local/lib/python3.7/site-packages/airflow/example_dags/example_subdag_operator.py took 0.062 seconds
[2022-08-01 13:23:50,414] {processor.py:163} INFO - Started process (PID=396) to work on /home/airflow/.local/lib/python3.7/site-packages/airflow/example_dags/example_subdag_operator.py
[2022-08-01 13:23:50,417] {processor.py:625} INFO - Processing file /home/airflow/.local/lib/python3.7/site-packages/airflow/example_dags/example_subdag_operator.py for tasks to queue
[2022-08-01 13:23:50,418] {logging_mixin.py:109} INFO - [2022-08-01 13:23:50,418] {dagbag.py:500} INFO - Filling up the DagBag from /home/airflow/.local/lib/python3.7/site-packages/airflow/example_dags/example_subdag_operator.py
[2022-08-01 13:23:50,471] {processor.py:637} INFO - DAG(s) dict_keys(['example_subdag_operator.section-1', 'example_subdag_operator.section-2', 'example_subdag_operator']) retrieved from /home/airflow/.local/lib/python3.7/site-packages/airflow/example_dags/example_subdag_operator.py
[2022-08-01 13:23:50,488] {logging_mixin.py:109} INFO - [2022-08-01 13:23:50,488] {dag.py:2396} INFO - Sync 3 DAGs
[2022-08-01 13:23:50,516] {logging_mixin.py:109} INFO - [2022-08-01 13:23:50,516] {dag.py:2928} INFO - Setting next_dagrun for example_subdag_operator to 2022-07-30T00:00:00+00:00
[2022-08-01 13:23:50,517] {logging_mixin.py:109} INFO - [2022-08-01 13:23:50,517] {dag.py:2928} INFO - Setting next_dagrun for example_subdag_operator.section-1 to None
[2022-08-01 13:23:50,517] {logging_mixin.py:109} INFO - [2022-08-01 13:23:50,517] {dag.py:2928} INFO - Setting next_dagrun for example_subdag_operator.section-2 to None
[2022-08-01 13:23:50,524] {logging_mixin.py:109} INFO - [2022-08-01 13:23:50,524] {dag.py:2396} INFO - Sync 2 DAGs
[2022-08-01 13:23:50,536] {logging_mixin.py:109} INFO - [2022-08-01 13:23:50,536] {dag.py:2928} INFO - Setting next_dagrun for example_subdag_operator.section-1 to None
[2022-08-01 13:23:50,537] {logging_mixin.py:109} INFO - [2022-08-01 13:23:50,537] {dag.py:2928} INFO - Setting next_dagrun for example_subdag_operator.section-2 to None
[2022-08-01 13:23:50,547] {processor.py:171} INFO - Processing /home/airflow/.local/lib/python3.7/site-packages/airflow/example_dags/example_subdag_operator.py took 0.140 seconds
[2022-08-01 13:24:20,961] {processor.py:163} INFO - Started process (PID=439) to work on /home/airflow/.local/lib/python3.7/site-packages/airflow/example_dags/example_subdag_operator.py
[2022-08-01 13:24:20,964] {processor.py:625} INFO - Processing file /home/airflow/.local/lib/python3.7/site-packages/airflow/example_dags/example_subdag_operator.py for tasks to queue
[2022-08-01 13:24:20,965] {logging_mixin.py:109} INFO - [2022-08-01 13:24:20,965] {dagbag.py:500} INFO - Filling up the DagBag from /home/airflow/.local/lib/python3.7/site-packages/airflow/example_dags/example_subdag_operator.py
[2022-08-01 13:24:21,078] {processor.py:637} INFO - DAG(s) dict_keys(['example_subdag_operator.section-1', 'example_subdag_operator.section-2', 'example_subdag_operator']) retrieved from /home/airflow/.local/lib/python3.7/site-packages/airflow/example_dags/example_subdag_operator.py
[2022-08-01 13:24:21,108] {logging_mixin.py:109} INFO - [2022-08-01 13:24:21,108] {dag.py:2396} INFO - Sync 3 DAGs
[2022-08-01 13:24:21,156] {logging_mixin.py:109} INFO - [2022-08-01 13:24:21,155] {dag.py:2928} INFO - Setting next_dagrun for example_subdag_operator to 2022-07-30T00:00:00+00:00
[2022-08-01 13:24:21,156] {logging_mixin.py:109} INFO - [2022-08-01 13:24:21,156] {dag.py:2928} INFO - Setting next_dagrun for example_subdag_operator.section-1 to None
[2022-08-01 13:24:21,157] {logging_mixin.py:109} INFO - [2022-08-01 13:24:21,157] {dag.py:2928} INFO - Setting next_dagrun for example_subdag_operator.section-2 to None
[2022-08-01 13:24:21,168] {logging_mixin.py:109} INFO - [2022-08-01 13:24:21,168] {dag.py:2396} INFO - Sync 2 DAGs
[2022-08-01 13:24:21,208] {logging_mixin.py:109} INFO - [2022-08-01 13:24:21,208] {dag.py:2928} INFO - Setting next_dagrun for example_subdag_operator.section-1 to None
[2022-08-01 13:24:21,208] {logging_mixin.py:109} INFO - [2022-08-01 13:24:21,208] {dag.py:2928} INFO - Setting next_dagrun for example_subdag_operator.section-2 to None
[2022-08-01 13:24:21,227] {processor.py:171} INFO - Processing /home/airflow/.local/lib/python3.7/site-packages/airflow/example_dags/example_subdag_operator.py took 0.279 seconds
[2022-08-01 13:24:55,140] {processor.py:163} INFO - Started process (PID=491) to work on /home/airflow/.local/lib/python3.7/site-packages/airflow/example_dags/example_subdag_operator.py
[2022-08-01 13:24:55,144] {processor.py:625} INFO - Processing file /home/airflow/.local/lib/python3.7/site-packages/airflow/example_dags/example_subdag_operator.py for tasks to queue
[2022-08-01 13:24:55,146] {logging_mixin.py:109} INFO - [2022-08-01 13:24:55,146] {dagbag.py:500} INFO - Filling up the DagBag from /home/airflow/.local/lib/python3.7/site-packages/airflow/example_dags/example_subdag_operator.py
[2022-08-01 13:24:55,229] {processor.py:637} INFO - DAG(s) dict_keys(['example_subdag_operator.section-1', 'example_subdag_operator.section-2', 'example_subdag_operator']) retrieved from /home/airflow/.local/lib/python3.7/site-packages/airflow/example_dags/example_subdag_operator.py
[2022-08-01 13:24:55,257] {logging_mixin.py:109} INFO - [2022-08-01 13:24:55,256] {dag.py:2396} INFO - Sync 3 DAGs
[2022-08-01 13:24:55,294] {logging_mixin.py:109} INFO - [2022-08-01 13:24:55,293] {dag.py:2928} INFO - Setting next_dagrun for example_subdag_operator to 2022-07-30T00:00:00+00:00
[2022-08-01 13:24:55,294] {logging_mixin.py:109} INFO - [2022-08-01 13:24:55,294] {dag.py:2928} INFO - Setting next_dagrun for example_subdag_operator.section-1 to None
[2022-08-01 13:24:55,294] {logging_mixin.py:109} INFO - [2022-08-01 13:24:55,294] {dag.py:2928} INFO - Setting next_dagrun for example_subdag_operator.section-2 to None
[2022-08-01 13:24:55,305] {logging_mixin.py:109} INFO - [2022-08-01 13:24:55,305] {dag.py:2396} INFO - Sync 2 DAGs
[2022-08-01 13:24:55,320] {logging_mixin.py:109} INFO - [2022-08-01 13:24:55,319] {dag.py:2928} INFO - Setting next_dagrun for example_subdag_operator.section-1 to None
[2022-08-01 13:24:55,320] {logging_mixin.py:109} INFO - [2022-08-01 13:24:55,320] {dag.py:2928} INFO - Setting next_dagrun for example_subdag_operator.section-2 to None
[2022-08-01 13:24:55,338] {processor.py:171} INFO - Processing /home/airflow/.local/lib/python3.7/site-packages/airflow/example_dags/example_subdag_operator.py took 0.205 seconds
[2022-08-01 13:25:25,728] {processor.py:163} INFO - Started process (PID=543) to work on /home/airflow/.local/lib/python3.7/site-packages/airflow/example_dags/example_subdag_operator.py
[2022-08-01 13:25:25,730] {processor.py:625} INFO - Processing file /home/airflow/.local/lib/python3.7/site-packages/airflow/example_dags/example_subdag_operator.py for tasks to queue
[2022-08-01 13:25:25,731] {logging_mixin.py:109} INFO - [2022-08-01 13:25:25,731] {dagbag.py:500} INFO - Filling up the DagBag from /home/airflow/.local/lib/python3.7/site-packages/airflow/example_dags/example_subdag_operator.py
[2022-08-01 13:25:25,786] {processor.py:637} INFO - DAG(s) dict_keys(['example_subdag_operator.section-1', 'example_subdag_operator.section-2', 'example_subdag_operator']) retrieved from /home/airflow/.local/lib/python3.7/site-packages/airflow/example_dags/example_subdag_operator.py
[2022-08-01 13:25:25,809] {logging_mixin.py:109} INFO - [2022-08-01 13:25:25,809] {dag.py:2396} INFO - Sync 3 DAGs
[2022-08-01 13:25:25,835] {logging_mixin.py:109} INFO - [2022-08-01 13:25:25,835] {dag.py:2928} INFO - Setting next_dagrun for example_subdag_operator to 2022-07-30T00:00:00+00:00
[2022-08-01 13:25:25,836] {logging_mixin.py:109} INFO - [2022-08-01 13:25:25,836] {dag.py:2928} INFO - Setting next_dagrun for example_subdag_operator.section-1 to None
[2022-08-01 13:25:25,836] {logging_mixin.py:109} INFO - [2022-08-01 13:25:25,836] {dag.py:2928} INFO - Setting next_dagrun for example_subdag_operator.section-2 to None
[2022-08-01 13:25:25,843] {logging_mixin.py:109} INFO - [2022-08-01 13:25:25,842] {dag.py:2396} INFO - Sync 2 DAGs
[2022-08-01 13:25:25,854] {logging_mixin.py:109} INFO - [2022-08-01 13:25:25,854] {dag.py:2928} INFO - Setting next_dagrun for example_subdag_operator.section-1 to None
[2022-08-01 13:25:25,854] {logging_mixin.py:109} INFO - [2022-08-01 13:25:25,854] {dag.py:2928} INFO - Setting next_dagrun for example_subdag_operator.section-2 to None
[2022-08-01 13:25:25,864] {processor.py:171} INFO - Processing /home/airflow/.local/lib/python3.7/site-packages/airflow/example_dags/example_subdag_operator.py took 0.140 seconds
[2022-08-01 13:25:56,136] {processor.py:163} INFO - Started process (PID=603) to work on /home/airflow/.local/lib/python3.7/site-packages/airflow/example_dags/example_subdag_operator.py
[2022-08-01 13:25:56,137] {processor.py:625} INFO - Processing file /home/airflow/.local/lib/python3.7/site-packages/airflow/example_dags/example_subdag_operator.py for tasks to queue
[2022-08-01 13:25:56,138] {logging_mixin.py:109} INFO - [2022-08-01 13:25:56,137] {dagbag.py:500} INFO - Filling up the DagBag from /home/airflow/.local/lib/python3.7/site-packages/airflow/example_dags/example_subdag_operator.py
[2022-08-01 13:25:56,168] {processor.py:637} INFO - DAG(s) dict_keys(['example_subdag_operator.section-1', 'example_subdag_operator.section-2', 'example_subdag_operator']) retrieved from /home/airflow/.local/lib/python3.7/site-packages/airflow/example_dags/example_subdag_operator.py
[2022-08-01 13:25:56,178] {logging_mixin.py:109} INFO - [2022-08-01 13:25:56,178] {dag.py:2396} INFO - Sync 3 DAGs
[2022-08-01 13:25:56,193] {logging_mixin.py:109} INFO - [2022-08-01 13:25:56,192] {dag.py:2928} INFO - Setting next_dagrun for example_subdag_operator to 2022-07-30T00:00:00+00:00
[2022-08-01 13:25:56,193] {logging_mixin.py:109} INFO - [2022-08-01 13:25:56,193] {dag.py:2928} INFO - Setting next_dagrun for example_subdag_operator.section-1 to None
[2022-08-01 13:25:56,193] {logging_mixin.py:109} INFO - [2022-08-01 13:25:56,193] {dag.py:2928} INFO - Setting next_dagrun for example_subdag_operator.section-2 to None
[2022-08-01 13:25:56,199] {logging_mixin.py:109} INFO - [2022-08-01 13:25:56,199] {dag.py:2396} INFO - Sync 2 DAGs
[2022-08-01 13:25:56,208] {logging_mixin.py:109} INFO - [2022-08-01 13:25:56,208] {dag.py:2928} INFO - Setting next_dagrun for example_subdag_operator.section-1 to None
[2022-08-01 13:25:56,208] {logging_mixin.py:109} INFO - [2022-08-01 13:25:56,208] {dag.py:2928} INFO - Setting next_dagrun for example_subdag_operator.section-2 to None
[2022-08-01 13:25:56,217] {processor.py:171} INFO - Processing /home/airflow/.local/lib/python3.7/site-packages/airflow/example_dags/example_subdag_operator.py took 0.083 seconds
[2022-08-01 13:26:26,862] {processor.py:163} INFO - Started process (PID=657) to work on /home/airflow/.local/lib/python3.7/site-packages/airflow/example_dags/example_subdag_operator.py
[2022-08-01 13:26:26,863] {processor.py:625} INFO - Processing file /home/airflow/.local/lib/python3.7/site-packages/airflow/example_dags/example_subdag_operator.py for tasks to queue
[2022-08-01 13:26:26,863] {logging_mixin.py:109} INFO - [2022-08-01 13:26:26,863] {dagbag.py:500} INFO - Filling up the DagBag from /home/airflow/.local/lib/python3.7/site-packages/airflow/example_dags/example_subdag_operator.py
[2022-08-01 13:26:26,894] {processor.py:637} INFO - DAG(s) dict_keys(['example_subdag_operator.section-1', 'example_subdag_operator.section-2', 'example_subdag_operator']) retrieved from /home/airflow/.local/lib/python3.7/site-packages/airflow/example_dags/example_subdag_operator.py
[2022-08-01 13:26:26,905] {logging_mixin.py:109} INFO - [2022-08-01 13:26:26,905] {dag.py:2396} INFO - Sync 3 DAGs
[2022-08-01 13:26:26,920] {logging_mixin.py:109} INFO - [2022-08-01 13:26:26,920] {dag.py:2928} INFO - Setting next_dagrun for example_subdag_operator to 2022-07-30T00:00:00+00:00
[2022-08-01 13:26:26,920] {logging_mixin.py:109} INFO - [2022-08-01 13:26:26,920] {dag.py:2928} INFO - Setting next_dagrun for example_subdag_operator.section-1 to None
[2022-08-01 13:26:26,920] {logging_mixin.py:109} INFO - [2022-08-01 13:26:26,920] {dag.py:2928} INFO - Setting next_dagrun for example_subdag_operator.section-2 to None
[2022-08-01 13:26:26,925] {logging_mixin.py:109} INFO - [2022-08-01 13:26:26,925] {dag.py:2396} INFO - Sync 2 DAGs
[2022-08-01 13:26:26,933] {logging_mixin.py:109} INFO - [2022-08-01 13:26:26,932] {dag.py:2928} INFO - Setting next_dagrun for example_subdag_operator.section-1 to None
[2022-08-01 13:26:26,933] {logging_mixin.py:109} INFO - [2022-08-01 13:26:26,933] {dag.py:2928} INFO - Setting next_dagrun for example_subdag_operator.section-2 to None
[2022-08-01 13:26:26,942] {processor.py:171} INFO - Processing /home/airflow/.local/lib/python3.7/site-packages/airflow/example_dags/example_subdag_operator.py took 0.082 seconds
[2022-08-01 13:26:57,951] {processor.py:163} INFO - Started process (PID=709) to work on /home/airflow/.local/lib/python3.7/site-packages/airflow/example_dags/example_subdag_operator.py
[2022-08-01 13:26:57,959] {processor.py:625} INFO - Processing file /home/airflow/.local/lib/python3.7/site-packages/airflow/example_dags/example_subdag_operator.py for tasks to queue
[2022-08-01 13:26:57,960] {logging_mixin.py:109} INFO - [2022-08-01 13:26:57,960] {dagbag.py:500} INFO - Filling up the DagBag from /home/airflow/.local/lib/python3.7/site-packages/airflow/example_dags/example_subdag_operator.py
[2022-08-01 13:26:58,027] {processor.py:637} INFO - DAG(s) dict_keys(['example_subdag_operator.section-1', 'example_subdag_operator.section-2', 'example_subdag_operator']) retrieved from /home/airflow/.local/lib/python3.7/site-packages/airflow/example_dags/example_subdag_operator.py
[2022-08-01 13:26:58,049] {logging_mixin.py:109} INFO - [2022-08-01 13:26:58,049] {dag.py:2396} INFO - Sync 3 DAGs
[2022-08-01 13:26:58,084] {logging_mixin.py:109} INFO - [2022-08-01 13:26:58,083] {dag.py:2928} INFO - Setting next_dagrun for example_subdag_operator to 2022-07-30T00:00:00+00:00
[2022-08-01 13:26:58,084] {logging_mixin.py:109} INFO - [2022-08-01 13:26:58,084] {dag.py:2928} INFO - Setting next_dagrun for example_subdag_operator.section-1 to None
[2022-08-01 13:26:58,085] {logging_mixin.py:109} INFO - [2022-08-01 13:26:58,084] {dag.py:2928} INFO - Setting next_dagrun for example_subdag_operator.section-2 to None
[2022-08-01 13:26:58,096] {logging_mixin.py:109} INFO - [2022-08-01 13:26:58,096] {dag.py:2396} INFO - Sync 2 DAGs
[2022-08-01 13:26:58,116] {logging_mixin.py:109} INFO - [2022-08-01 13:26:58,116] {dag.py:2928} INFO - Setting next_dagrun for example_subdag_operator.section-1 to None
[2022-08-01 13:26:58,116] {logging_mixin.py:109} INFO - [2022-08-01 13:26:58,116] {dag.py:2928} INFO - Setting next_dagrun for example_subdag_operator.section-2 to None
[2022-08-01 13:26:58,133] {processor.py:171} INFO - Processing /home/airflow/.local/lib/python3.7/site-packages/airflow/example_dags/example_subdag_operator.py took 0.189 seconds
[2022-08-01 13:27:28,876] {processor.py:163} INFO - Started process (PID=761) to work on /home/airflow/.local/lib/python3.7/site-packages/airflow/example_dags/example_subdag_operator.py
[2022-08-01 13:27:28,877] {processor.py:625} INFO - Processing file /home/airflow/.local/lib/python3.7/site-packages/airflow/example_dags/example_subdag_operator.py for tasks to queue
[2022-08-01 13:27:28,878] {logging_mixin.py:109} INFO - [2022-08-01 13:27:28,878] {dagbag.py:500} INFO - Filling up the DagBag from /home/airflow/.local/lib/python3.7/site-packages/airflow/example_dags/example_subdag_operator.py
[2022-08-01 13:27:28,929] {processor.py:637} INFO - DAG(s) dict_keys(['example_subdag_operator.section-1', 'example_subdag_operator.section-2', 'example_subdag_operator']) retrieved from /home/airflow/.local/lib/python3.7/site-packages/airflow/example_dags/example_subdag_operator.py
[2022-08-01 13:27:28,943] {logging_mixin.py:109} INFO - [2022-08-01 13:27:28,943] {dag.py:2396} INFO - Sync 3 DAGs
[2022-08-01 13:27:28,962] {logging_mixin.py:109} INFO - [2022-08-01 13:27:28,961] {dag.py:2928} INFO - Setting next_dagrun for example_subdag_operator to 2022-07-30T00:00:00+00:00
[2022-08-01 13:27:28,962] {logging_mixin.py:109} INFO - [2022-08-01 13:27:28,962] {dag.py:2928} INFO - Setting next_dagrun for example_subdag_operator.section-1 to None
[2022-08-01 13:27:28,962] {logging_mixin.py:109} INFO - [2022-08-01 13:27:28,962] {dag.py:2928} INFO - Setting next_dagrun for example_subdag_operator.section-2 to None
[2022-08-01 13:27:28,968] {logging_mixin.py:109} INFO - [2022-08-01 13:27:28,968] {dag.py:2396} INFO - Sync 2 DAGs
[2022-08-01 13:27:28,977] {logging_mixin.py:109} INFO - [2022-08-01 13:27:28,977] {dag.py:2928} INFO - Setting next_dagrun for example_subdag_operator.section-1 to None
[2022-08-01 13:27:28,978] {logging_mixin.py:109} INFO - [2022-08-01 13:27:28,977] {dag.py:2928} INFO - Setting next_dagrun for example_subdag_operator.section-2 to None
[2022-08-01 13:27:28,985] {processor.py:171} INFO - Processing /home/airflow/.local/lib/python3.7/site-packages/airflow/example_dags/example_subdag_operator.py took 0.114 seconds
[2022-08-01 13:27:59,342] {processor.py:163} INFO - Started process (PID=822) to work on /home/airflow/.local/lib/python3.7/site-packages/airflow/example_dags/example_subdag_operator.py
[2022-08-01 13:27:59,344] {processor.py:625} INFO - Processing file /home/airflow/.local/lib/python3.7/site-packages/airflow/example_dags/example_subdag_operator.py for tasks to queue
[2022-08-01 13:27:59,345] {logging_mixin.py:109} INFO - [2022-08-01 13:27:59,344] {dagbag.py:500} INFO - Filling up the DagBag from /home/airflow/.local/lib/python3.7/site-packages/airflow/example_dags/example_subdag_operator.py
[2022-08-01 13:27:59,404] {processor.py:637} INFO - DAG(s) dict_keys(['example_subdag_operator.section-1', 'example_subdag_operator.section-2', 'example_subdag_operator']) retrieved from /home/airflow/.local/lib/python3.7/site-packages/airflow/example_dags/example_subdag_operator.py
[2022-08-01 13:27:59,422] {logging_mixin.py:109} INFO - [2022-08-01 13:27:59,422] {dag.py:2396} INFO - Sync 3 DAGs
[2022-08-01 13:27:59,449] {logging_mixin.py:109} INFO - [2022-08-01 13:27:59,449] {dag.py:2928} INFO - Setting next_dagrun for example_subdag_operator to 2022-07-30T00:00:00+00:00
[2022-08-01 13:27:59,452] {logging_mixin.py:109} INFO - [2022-08-01 13:27:59,452] {dag.py:2928} INFO - Setting next_dagrun for example_subdag_operator.section-1 to None
[2022-08-01 13:27:59,453] {logging_mixin.py:109} INFO - [2022-08-01 13:27:59,453] {dag.py:2928} INFO - Setting next_dagrun for example_subdag_operator.section-2 to None
[2022-08-01 13:27:59,469] {logging_mixin.py:109} INFO - [2022-08-01 13:27:59,468] {dag.py:2396} INFO - Sync 2 DAGs
[2022-08-01 13:27:59,482] {logging_mixin.py:109} INFO - [2022-08-01 13:27:59,482] {dag.py:2928} INFO - Setting next_dagrun for example_subdag_operator.section-1 to None
[2022-08-01 13:27:59,482] {logging_mixin.py:109} INFO - [2022-08-01 13:27:59,482] {dag.py:2928} INFO - Setting next_dagrun for example_subdag_operator.section-2 to None
[2022-08-01 13:27:59,495] {processor.py:171} INFO - Processing /home/airflow/.local/lib/python3.7/site-packages/airflow/example_dags/example_subdag_operator.py took 0.159 seconds
[2022-08-01 13:28:29,998] {processor.py:163} INFO - Started process (PID=874) to work on /home/airflow/.local/lib/python3.7/site-packages/airflow/example_dags/example_subdag_operator.py
[2022-08-01 13:28:30,003] {processor.py:625} INFO - Processing file /home/airflow/.local/lib/python3.7/site-packages/airflow/example_dags/example_subdag_operator.py for tasks to queue
[2022-08-01 13:28:30,004] {logging_mixin.py:109} INFO - [2022-08-01 13:28:30,004] {dagbag.py:500} INFO - Filling up the DagBag from /home/airflow/.local/lib/python3.7/site-packages/airflow/example_dags/example_subdag_operator.py
[2022-08-01 13:28:30,057] {processor.py:637} INFO - DAG(s) dict_keys(['example_subdag_operator.section-1', 'example_subdag_operator.section-2', 'example_subdag_operator']) retrieved from /home/airflow/.local/lib/python3.7/site-packages/airflow/example_dags/example_subdag_operator.py
[2022-08-01 13:28:30,075] {logging_mixin.py:109} INFO - [2022-08-01 13:28:30,075] {dag.py:2396} INFO - Sync 3 DAGs
[2022-08-01 13:28:30,100] {logging_mixin.py:109} INFO - [2022-08-01 13:28:30,099] {dag.py:2928} INFO - Setting next_dagrun for example_subdag_operator to 2022-07-30T00:00:00+00:00
[2022-08-01 13:28:30,100] {logging_mixin.py:109} INFO - [2022-08-01 13:28:30,100] {dag.py:2928} INFO - Setting next_dagrun for example_subdag_operator.section-1 to None
[2022-08-01 13:28:30,100] {logging_mixin.py:109} INFO - [2022-08-01 13:28:30,100] {dag.py:2928} INFO - Setting next_dagrun for example_subdag_operator.section-2 to None
[2022-08-01 13:28:30,108] {logging_mixin.py:109} INFO - [2022-08-01 13:28:30,107] {dag.py:2396} INFO - Sync 2 DAGs
[2022-08-01 13:28:30,121] {logging_mixin.py:109} INFO - [2022-08-01 13:28:30,121] {dag.py:2928} INFO - Setting next_dagrun for example_subdag_operator.section-1 to None
[2022-08-01 13:28:30,122] {logging_mixin.py:109} INFO - [2022-08-01 13:28:30,122] {dag.py:2928} INFO - Setting next_dagrun for example_subdag_operator.section-2 to None
[2022-08-01 13:28:30,138] {processor.py:171} INFO - Processing /home/airflow/.local/lib/python3.7/site-packages/airflow/example_dags/example_subdag_operator.py took 0.146 seconds
[2022-08-01 13:29:00,585] {processor.py:163} INFO - Started process (PID=926) to work on /home/airflow/.local/lib/python3.7/site-packages/airflow/example_dags/example_subdag_operator.py
[2022-08-01 13:29:00,587] {processor.py:625} INFO - Processing file /home/airflow/.local/lib/python3.7/site-packages/airflow/example_dags/example_subdag_operator.py for tasks to queue
[2022-08-01 13:29:00,587] {logging_mixin.py:109} INFO - [2022-08-01 13:29:00,587] {dagbag.py:500} INFO - Filling up the DagBag from /home/airflow/.local/lib/python3.7/site-packages/airflow/example_dags/example_subdag_operator.py
[2022-08-01 13:29:00,611] {processor.py:637} INFO - DAG(s) dict_keys(['example_subdag_operator.section-1', 'example_subdag_operator.section-2', 'example_subdag_operator']) retrieved from /home/airflow/.local/lib/python3.7/site-packages/airflow/example_dags/example_subdag_operator.py
[2022-08-01 13:29:00,619] {logging_mixin.py:109} INFO - [2022-08-01 13:29:00,619] {dag.py:2396} INFO - Sync 3 DAGs
[2022-08-01 13:29:00,629] {logging_mixin.py:109} INFO - [2022-08-01 13:29:00,629] {dag.py:2928} INFO - Setting next_dagrun for example_subdag_operator to 2022-07-30T00:00:00+00:00
[2022-08-01 13:29:00,629] {logging_mixin.py:109} INFO - [2022-08-01 13:29:00,629] {dag.py:2928} INFO - Setting next_dagrun for example_subdag_operator.section-1 to None
[2022-08-01 13:29:00,629] {logging_mixin.py:109} INFO - [2022-08-01 13:29:00,629] {dag.py:2928} INFO - Setting next_dagrun for example_subdag_operator.section-2 to None
[2022-08-01 13:29:00,633] {logging_mixin.py:109} INFO - [2022-08-01 13:29:00,633] {dag.py:2396} INFO - Sync 2 DAGs
[2022-08-01 13:29:00,639] {logging_mixin.py:109} INFO - [2022-08-01 13:29:00,639] {dag.py:2928} INFO - Setting next_dagrun for example_subdag_operator.section-1 to None
[2022-08-01 13:29:00,639] {logging_mixin.py:109} INFO - [2022-08-01 13:29:00,639] {dag.py:2928} INFO - Setting next_dagrun for example_subdag_operator.section-2 to None
[2022-08-01 13:29:00,646] {processor.py:171} INFO - Processing /home/airflow/.local/lib/python3.7/site-packages/airflow/example_dags/example_subdag_operator.py took 0.062 seconds
[2022-08-01 13:29:30,989] {processor.py:163} INFO - Started process (PID=987) to work on /home/airflow/.local/lib/python3.7/site-packages/airflow/example_dags/example_subdag_operator.py
[2022-08-01 13:29:30,989] {processor.py:625} INFO - Processing file /home/airflow/.local/lib/python3.7/site-packages/airflow/example_dags/example_subdag_operator.py for tasks to queue
[2022-08-01 13:29:30,990] {logging_mixin.py:109} INFO - [2022-08-01 13:29:30,990] {dagbag.py:500} INFO - Filling up the DagBag from /home/airflow/.local/lib/python3.7/site-packages/airflow/example_dags/example_subdag_operator.py
[2022-08-01 13:29:31,019] {processor.py:637} INFO - DAG(s) dict_keys(['example_subdag_operator.section-1', 'example_subdag_operator.section-2', 'example_subdag_operator']) retrieved from /home/airflow/.local/lib/python3.7/site-packages/airflow/example_dags/example_subdag_operator.py
[2022-08-01 13:29:31,028] {logging_mixin.py:109} INFO - [2022-08-01 13:29:31,028] {dag.py:2396} INFO - Sync 3 DAGs
[2022-08-01 13:29:31,040] {logging_mixin.py:109} INFO - [2022-08-01 13:29:31,039] {dag.py:2928} INFO - Setting next_dagrun for example_subdag_operator to 2022-07-30T00:00:00+00:00
[2022-08-01 13:29:31,040] {logging_mixin.py:109} INFO - [2022-08-01 13:29:31,040] {dag.py:2928} INFO - Setting next_dagrun for example_subdag_operator.section-1 to None
[2022-08-01 13:29:31,040] {logging_mixin.py:109} INFO - [2022-08-01 13:29:31,040] {dag.py:2928} INFO - Setting next_dagrun for example_subdag_operator.section-2 to None
[2022-08-01 13:29:31,044] {logging_mixin.py:109} INFO - [2022-08-01 13:29:31,044] {dag.py:2396} INFO - Sync 2 DAGs
[2022-08-01 13:29:31,050] {logging_mixin.py:109} INFO - [2022-08-01 13:29:31,050] {dag.py:2928} INFO - Setting next_dagrun for example_subdag_operator.section-1 to None
[2022-08-01 13:29:31,050] {logging_mixin.py:109} INFO - [2022-08-01 13:29:31,050] {dag.py:2928} INFO - Setting next_dagrun for example_subdag_operator.section-2 to None
[2022-08-01 13:29:31,057] {processor.py:171} INFO - Processing /home/airflow/.local/lib/python3.7/site-packages/airflow/example_dags/example_subdag_operator.py took 0.071 seconds
[2022-08-01 13:30:01,589] {processor.py:163} INFO - Started process (PID=1039) to work on /home/airflow/.local/lib/python3.7/site-packages/airflow/example_dags/example_subdag_operator.py
[2022-08-01 13:30:01,591] {processor.py:625} INFO - Processing file /home/airflow/.local/lib/python3.7/site-packages/airflow/example_dags/example_subdag_operator.py for tasks to queue
[2022-08-01 13:30:01,592] {logging_mixin.py:109} INFO - [2022-08-01 13:30:01,592] {dagbag.py:500} INFO - Filling up the DagBag from /home/airflow/.local/lib/python3.7/site-packages/airflow/example_dags/example_subdag_operator.py
[2022-08-01 13:30:01,631] {processor.py:637} INFO - DAG(s) dict_keys(['example_subdag_operator.section-1', 'example_subdag_operator.section-2', 'example_subdag_operator']) retrieved from /home/airflow/.local/lib/python3.7/site-packages/airflow/example_dags/example_subdag_operator.py
[2022-08-01 13:30:01,644] {logging_mixin.py:109} INFO - [2022-08-01 13:30:01,644] {dag.py:2396} INFO - Sync 3 DAGs
[2022-08-01 13:30:01,662] {logging_mixin.py:109} INFO - [2022-08-01 13:30:01,662] {dag.py:2928} INFO - Setting next_dagrun for example_subdag_operator to 2022-07-30T00:00:00+00:00
[2022-08-01 13:30:01,662] {logging_mixin.py:109} INFO - [2022-08-01 13:30:01,662] {dag.py:2928} INFO - Setting next_dagrun for example_subdag_operator.section-1 to None
[2022-08-01 13:30:01,663] {logging_mixin.py:109} INFO - [2022-08-01 13:30:01,663] {dag.py:2928} INFO - Setting next_dagrun for example_subdag_operator.section-2 to None
[2022-08-01 13:30:01,668] {logging_mixin.py:109} INFO - [2022-08-01 13:30:01,668] {dag.py:2396} INFO - Sync 2 DAGs
[2022-08-01 13:30:01,677] {logging_mixin.py:109} INFO - [2022-08-01 13:30:01,677] {dag.py:2928} INFO - Setting next_dagrun for example_subdag_operator.section-1 to None
[2022-08-01 13:30:01,677] {logging_mixin.py:109} INFO - [2022-08-01 13:30:01,677] {dag.py:2928} INFO - Setting next_dagrun for example_subdag_operator.section-2 to None
[2022-08-01 13:30:01,685] {processor.py:171} INFO - Processing /home/airflow/.local/lib/python3.7/site-packages/airflow/example_dags/example_subdag_operator.py took 0.100 seconds
