[2022-08-01 12:25:36,890] {processor.py:163} INFO - Started process (PID=53) to work on /home/airflow/.local/lib/python3.7/site-packages/airflow/example_dags/example_branch_day_of_week_operator.py
[2022-08-01 12:25:36,891] {processor.py:625} INFO - Processing file /home/airflow/.local/lib/python3.7/site-packages/airflow/example_dags/example_branch_day_of_week_operator.py for tasks to queue
[2022-08-01 12:25:36,892] {logging_mixin.py:109} INFO - [2022-08-01 12:25:36,892] {dagbag.py:500} INFO - Filling up the DagBag from /home/airflow/.local/lib/python3.7/site-packages/airflow/example_dags/example_branch_day_of_week_operator.py
[2022-08-01 12:25:36,930] {processor.py:637} INFO - DAG(s) dict_keys(['example_weekday_branch_operator']) retrieved from /home/airflow/.local/lib/python3.7/site-packages/airflow/example_dags/example_branch_day_of_week_operator.py
[2022-08-01 12:25:36,951] {logging_mixin.py:109} INFO - [2022-08-01 12:25:36,951] {dag.py:2396} INFO - Sync 1 DAGs
[2022-08-01 12:25:36,983] {logging_mixin.py:109} INFO - [2022-08-01 12:25:36,983] {dag.py:2928} INFO - Setting next_dagrun for example_weekday_branch_operator to 2022-07-31 00:00:00+00:00
[2022-08-01 12:25:37,000] {processor.py:171} INFO - Processing /home/airflow/.local/lib/python3.7/site-packages/airflow/example_dags/example_branch_day_of_week_operator.py took 0.114 seconds
[2022-08-01 12:26:07,368] {processor.py:163} INFO - Started process (PID=106) to work on /home/airflow/.local/lib/python3.7/site-packages/airflow/example_dags/example_branch_day_of_week_operator.py
[2022-08-01 12:26:07,369] {processor.py:625} INFO - Processing file /home/airflow/.local/lib/python3.7/site-packages/airflow/example_dags/example_branch_day_of_week_operator.py for tasks to queue
[2022-08-01 12:26:07,370] {logging_mixin.py:109} INFO - [2022-08-01 12:26:07,370] {dagbag.py:500} INFO - Filling up the DagBag from /home/airflow/.local/lib/python3.7/site-packages/airflow/example_dags/example_branch_day_of_week_operator.py
[2022-08-01 12:26:07,397] {processor.py:637} INFO - DAG(s) dict_keys(['example_weekday_branch_operator']) retrieved from /home/airflow/.local/lib/python3.7/site-packages/airflow/example_dags/example_branch_day_of_week_operator.py
[2022-08-01 12:26:07,408] {logging_mixin.py:109} INFO - [2022-08-01 12:26:07,407] {dag.py:2396} INFO - Sync 1 DAGs
[2022-08-01 12:26:07,429] {logging_mixin.py:109} INFO - [2022-08-01 12:26:07,429] {dag.py:2928} INFO - Setting next_dagrun for example_weekday_branch_operator to 2022-07-31 00:00:00+00:00
[2022-08-01 12:26:07,442] {processor.py:171} INFO - Processing /home/airflow/.local/lib/python3.7/site-packages/airflow/example_dags/example_branch_day_of_week_operator.py took 0.078 seconds
[2022-08-01 12:26:37,826] {processor.py:163} INFO - Started process (PID=158) to work on /home/airflow/.local/lib/python3.7/site-packages/airflow/example_dags/example_branch_day_of_week_operator.py
[2022-08-01 12:26:37,828] {processor.py:625} INFO - Processing file /home/airflow/.local/lib/python3.7/site-packages/airflow/example_dags/example_branch_day_of_week_operator.py for tasks to queue
[2022-08-01 12:26:37,828] {logging_mixin.py:109} INFO - [2022-08-01 12:26:37,828] {dagbag.py:500} INFO - Filling up the DagBag from /home/airflow/.local/lib/python3.7/site-packages/airflow/example_dags/example_branch_day_of_week_operator.py
[2022-08-01 12:26:37,863] {processor.py:637} INFO - DAG(s) dict_keys(['example_weekday_branch_operator']) retrieved from /home/airflow/.local/lib/python3.7/site-packages/airflow/example_dags/example_branch_day_of_week_operator.py
[2022-08-01 12:26:37,875] {logging_mixin.py:109} INFO - [2022-08-01 12:26:37,875] {dag.py:2396} INFO - Sync 1 DAGs
[2022-08-01 12:26:37,893] {logging_mixin.py:109} INFO - [2022-08-01 12:26:37,893] {dag.py:2928} INFO - Setting next_dagrun for example_weekday_branch_operator to 2022-07-31 00:00:00+00:00
[2022-08-01 12:26:37,906] {processor.py:171} INFO - Processing /home/airflow/.local/lib/python3.7/site-packages/airflow/example_dags/example_branch_day_of_week_operator.py took 0.083 seconds
[2022-08-01 12:27:08,536] {processor.py:163} INFO - Started process (PID=218) to work on /home/airflow/.local/lib/python3.7/site-packages/airflow/example_dags/example_branch_day_of_week_operator.py
[2022-08-01 12:27:08,538] {processor.py:625} INFO - Processing file /home/airflow/.local/lib/python3.7/site-packages/airflow/example_dags/example_branch_day_of_week_operator.py for tasks to queue
[2022-08-01 12:27:08,539] {logging_mixin.py:109} INFO - [2022-08-01 12:27:08,538] {dagbag.py:500} INFO - Filling up the DagBag from /home/airflow/.local/lib/python3.7/site-packages/airflow/example_dags/example_branch_day_of_week_operator.py
[2022-08-01 12:27:08,583] {processor.py:637} INFO - DAG(s) dict_keys(['example_weekday_branch_operator']) retrieved from /home/airflow/.local/lib/python3.7/site-packages/airflow/example_dags/example_branch_day_of_week_operator.py
[2022-08-01 12:27:08,600] {logging_mixin.py:109} INFO - [2022-08-01 12:27:08,599] {dag.py:2396} INFO - Sync 1 DAGs
[2022-08-01 12:27:08,629] {logging_mixin.py:109} INFO - [2022-08-01 12:27:08,629] {dag.py:2928} INFO - Setting next_dagrun for example_weekday_branch_operator to 2022-07-31 00:00:00+00:00
[2022-08-01 12:27:08,646] {processor.py:171} INFO - Processing /home/airflow/.local/lib/python3.7/site-packages/airflow/example_dags/example_branch_day_of_week_operator.py took 0.115 seconds
[2022-08-01 12:27:39,167] {processor.py:163} INFO - Started process (PID=270) to work on /home/airflow/.local/lib/python3.7/site-packages/airflow/example_dags/example_branch_day_of_week_operator.py
[2022-08-01 12:27:39,168] {processor.py:625} INFO - Processing file /home/airflow/.local/lib/python3.7/site-packages/airflow/example_dags/example_branch_day_of_week_operator.py for tasks to queue
[2022-08-01 12:27:39,168] {logging_mixin.py:109} INFO - [2022-08-01 12:27:39,168] {dagbag.py:500} INFO - Filling up the DagBag from /home/airflow/.local/lib/python3.7/site-packages/airflow/example_dags/example_branch_day_of_week_operator.py
[2022-08-01 12:27:39,186] {processor.py:637} INFO - DAG(s) dict_keys(['example_weekday_branch_operator']) retrieved from /home/airflow/.local/lib/python3.7/site-packages/airflow/example_dags/example_branch_day_of_week_operator.py
[2022-08-01 12:27:39,194] {logging_mixin.py:109} INFO - [2022-08-01 12:27:39,194] {dag.py:2396} INFO - Sync 1 DAGs
[2022-08-01 12:27:39,206] {logging_mixin.py:109} INFO - [2022-08-01 12:27:39,206] {dag.py:2928} INFO - Setting next_dagrun for example_weekday_branch_operator to 2022-07-31 00:00:00+00:00
[2022-08-01 12:27:39,214] {processor.py:171} INFO - Processing /home/airflow/.local/lib/python3.7/site-packages/airflow/example_dags/example_branch_day_of_week_operator.py took 0.050 seconds
[2022-08-01 12:28:10,520] {processor.py:163} INFO - Started process (PID=332) to work on /home/airflow/.local/lib/python3.7/site-packages/airflow/example_dags/example_branch_day_of_week_operator.py
[2022-08-01 12:28:10,521] {processor.py:625} INFO - Processing file /home/airflow/.local/lib/python3.7/site-packages/airflow/example_dags/example_branch_day_of_week_operator.py for tasks to queue
[2022-08-01 12:28:10,522] {logging_mixin.py:109} INFO - [2022-08-01 12:28:10,522] {dagbag.py:500} INFO - Filling up the DagBag from /home/airflow/.local/lib/python3.7/site-packages/airflow/example_dags/example_branch_day_of_week_operator.py
[2022-08-01 12:28:10,543] {processor.py:637} INFO - DAG(s) dict_keys(['example_weekday_branch_operator']) retrieved from /home/airflow/.local/lib/python3.7/site-packages/airflow/example_dags/example_branch_day_of_week_operator.py
[2022-08-01 12:28:10,550] {logging_mixin.py:109} INFO - [2022-08-01 12:28:10,550] {dag.py:2396} INFO - Sync 1 DAGs
[2022-08-01 12:28:10,561] {logging_mixin.py:109} INFO - [2022-08-01 12:28:10,561] {dag.py:2928} INFO - Setting next_dagrun for example_weekday_branch_operator to 2022-07-31 00:00:00+00:00
[2022-08-01 12:28:10,569] {processor.py:171} INFO - Processing /home/airflow/.local/lib/python3.7/site-packages/airflow/example_dags/example_branch_day_of_week_operator.py took 0.051 seconds
[2022-08-01 12:28:41,035] {processor.py:163} INFO - Started process (PID=384) to work on /home/airflow/.local/lib/python3.7/site-packages/airflow/example_dags/example_branch_day_of_week_operator.py
[2022-08-01 12:28:41,037] {processor.py:625} INFO - Processing file /home/airflow/.local/lib/python3.7/site-packages/airflow/example_dags/example_branch_day_of_week_operator.py for tasks to queue
[2022-08-01 12:28:41,037] {logging_mixin.py:109} INFO - [2022-08-01 12:28:41,037] {dagbag.py:500} INFO - Filling up the DagBag from /home/airflow/.local/lib/python3.7/site-packages/airflow/example_dags/example_branch_day_of_week_operator.py
[2022-08-01 12:28:41,059] {processor.py:637} INFO - DAG(s) dict_keys(['example_weekday_branch_operator']) retrieved from /home/airflow/.local/lib/python3.7/site-packages/airflow/example_dags/example_branch_day_of_week_operator.py
[2022-08-01 12:28:41,067] {logging_mixin.py:109} INFO - [2022-08-01 12:28:41,067] {dag.py:2396} INFO - Sync 1 DAGs
[2022-08-01 12:28:41,078] {logging_mixin.py:109} INFO - [2022-08-01 12:28:41,078] {dag.py:2928} INFO - Setting next_dagrun for example_weekday_branch_operator to 2022-07-31 00:00:00+00:00
[2022-08-01 12:28:41,087] {processor.py:171} INFO - Processing /home/airflow/.local/lib/python3.7/site-packages/airflow/example_dags/example_branch_day_of_week_operator.py took 0.054 seconds
[2022-08-01 12:29:12,106] {processor.py:163} INFO - Started process (PID=445) to work on /home/airflow/.local/lib/python3.7/site-packages/airflow/example_dags/example_branch_day_of_week_operator.py
[2022-08-01 12:29:12,107] {processor.py:625} INFO - Processing file /home/airflow/.local/lib/python3.7/site-packages/airflow/example_dags/example_branch_day_of_week_operator.py for tasks to queue
[2022-08-01 12:29:12,107] {logging_mixin.py:109} INFO - [2022-08-01 12:29:12,107] {dagbag.py:500} INFO - Filling up the DagBag from /home/airflow/.local/lib/python3.7/site-packages/airflow/example_dags/example_branch_day_of_week_operator.py
[2022-08-01 12:29:12,138] {processor.py:637} INFO - DAG(s) dict_keys(['example_weekday_branch_operator']) retrieved from /home/airflow/.local/lib/python3.7/site-packages/airflow/example_dags/example_branch_day_of_week_operator.py
[2022-08-01 12:29:12,148] {logging_mixin.py:109} INFO - [2022-08-01 12:29:12,148] {dag.py:2396} INFO - Sync 1 DAGs
[2022-08-01 12:29:12,167] {logging_mixin.py:109} INFO - [2022-08-01 12:29:12,166] {dag.py:2928} INFO - Setting next_dagrun for example_weekday_branch_operator to 2022-07-31 00:00:00+00:00
[2022-08-01 12:29:12,181] {processor.py:171} INFO - Processing /home/airflow/.local/lib/python3.7/site-packages/airflow/example_dags/example_branch_day_of_week_operator.py took 0.079 seconds
[2022-08-01 12:29:42,890] {processor.py:163} INFO - Started process (PID=497) to work on /home/airflow/.local/lib/python3.7/site-packages/airflow/example_dags/example_branch_day_of_week_operator.py
[2022-08-01 12:29:42,892] {processor.py:625} INFO - Processing file /home/airflow/.local/lib/python3.7/site-packages/airflow/example_dags/example_branch_day_of_week_operator.py for tasks to queue
[2022-08-01 12:29:42,892] {logging_mixin.py:109} INFO - [2022-08-01 12:29:42,892] {dagbag.py:500} INFO - Filling up the DagBag from /home/airflow/.local/lib/python3.7/site-packages/airflow/example_dags/example_branch_day_of_week_operator.py
[2022-08-01 12:29:42,920] {processor.py:637} INFO - DAG(s) dict_keys(['example_weekday_branch_operator']) retrieved from /home/airflow/.local/lib/python3.7/site-packages/airflow/example_dags/example_branch_day_of_week_operator.py
[2022-08-01 12:29:42,929] {logging_mixin.py:109} INFO - [2022-08-01 12:29:42,929] {dag.py:2396} INFO - Sync 1 DAGs
[2022-08-01 12:29:42,944] {logging_mixin.py:109} INFO - [2022-08-01 12:29:42,944] {dag.py:2928} INFO - Setting next_dagrun for example_weekday_branch_operator to 2022-07-31 00:00:00+00:00
[2022-08-01 12:29:42,955] {processor.py:171} INFO - Processing /home/airflow/.local/lib/python3.7/site-packages/airflow/example_dags/example_branch_day_of_week_operator.py took 0.069 seconds
[2022-08-01 12:30:13,223] {processor.py:163} INFO - Started process (PID=557) to work on /home/airflow/.local/lib/python3.7/site-packages/airflow/example_dags/example_branch_day_of_week_operator.py
[2022-08-01 12:30:13,225] {processor.py:625} INFO - Processing file /home/airflow/.local/lib/python3.7/site-packages/airflow/example_dags/example_branch_day_of_week_operator.py for tasks to queue
[2022-08-01 12:30:13,226] {logging_mixin.py:109} INFO - [2022-08-01 12:30:13,225] {dagbag.py:500} INFO - Filling up the DagBag from /home/airflow/.local/lib/python3.7/site-packages/airflow/example_dags/example_branch_day_of_week_operator.py
[2022-08-01 12:30:13,263] {processor.py:637} INFO - DAG(s) dict_keys(['example_weekday_branch_operator']) retrieved from /home/airflow/.local/lib/python3.7/site-packages/airflow/example_dags/example_branch_day_of_week_operator.py
[2022-08-01 12:30:13,277] {logging_mixin.py:109} INFO - [2022-08-01 12:30:13,277] {dag.py:2396} INFO - Sync 1 DAGs
[2022-08-01 12:30:13,300] {logging_mixin.py:109} INFO - [2022-08-01 12:30:13,300] {dag.py:2928} INFO - Setting next_dagrun for example_weekday_branch_operator to 2022-07-31 00:00:00+00:00
[2022-08-01 12:30:13,314] {processor.py:171} INFO - Processing /home/airflow/.local/lib/python3.7/site-packages/airflow/example_dags/example_branch_day_of_week_operator.py took 0.097 seconds
[2022-08-01 12:30:45,728] {processor.py:163} INFO - Started process (PID=609) to work on /home/airflow/.local/lib/python3.7/site-packages/airflow/example_dags/example_branch_day_of_week_operator.py
[2022-08-01 12:30:45,732] {processor.py:625} INFO - Processing file /home/airflow/.local/lib/python3.7/site-packages/airflow/example_dags/example_branch_day_of_week_operator.py for tasks to queue
[2022-08-01 12:30:45,734] {logging_mixin.py:109} INFO - [2022-08-01 12:30:45,733] {dagbag.py:500} INFO - Filling up the DagBag from /home/airflow/.local/lib/python3.7/site-packages/airflow/example_dags/example_branch_day_of_week_operator.py
[2022-08-01 12:30:45,832] {processor.py:637} INFO - DAG(s) dict_keys(['example_weekday_branch_operator']) retrieved from /home/airflow/.local/lib/python3.7/site-packages/airflow/example_dags/example_branch_day_of_week_operator.py
[2022-08-01 12:30:45,870] {logging_mixin.py:109} INFO - [2022-08-01 12:30:45,870] {dag.py:2396} INFO - Sync 1 DAGs
[2022-08-01 12:30:45,935] {logging_mixin.py:109} INFO - [2022-08-01 12:30:45,932] {dag.py:2928} INFO - Setting next_dagrun for example_weekday_branch_operator to 2022-07-31 00:00:00+00:00
[2022-08-01 12:30:45,970] {processor.py:171} INFO - Processing /home/airflow/.local/lib/python3.7/site-packages/airflow/example_dags/example_branch_day_of_week_operator.py took 0.254 seconds
[2022-08-01 12:31:16,163] {processor.py:163} INFO - Started process (PID=661) to work on /home/airflow/.local/lib/python3.7/site-packages/airflow/example_dags/example_branch_day_of_week_operator.py
[2022-08-01 12:31:16,165] {processor.py:625} INFO - Processing file /home/airflow/.local/lib/python3.7/site-packages/airflow/example_dags/example_branch_day_of_week_operator.py for tasks to queue
[2022-08-01 12:31:16,165] {logging_mixin.py:109} INFO - [2022-08-01 12:31:16,165] {dagbag.py:500} INFO - Filling up the DagBag from /home/airflow/.local/lib/python3.7/site-packages/airflow/example_dags/example_branch_day_of_week_operator.py
[2022-08-01 12:31:16,186] {processor.py:637} INFO - DAG(s) dict_keys(['example_weekday_branch_operator']) retrieved from /home/airflow/.local/lib/python3.7/site-packages/airflow/example_dags/example_branch_day_of_week_operator.py
[2022-08-01 12:31:16,194] {logging_mixin.py:109} INFO - [2022-08-01 12:31:16,193] {dag.py:2396} INFO - Sync 1 DAGs
[2022-08-01 12:31:16,206] {logging_mixin.py:109} INFO - [2022-08-01 12:31:16,206] {dag.py:2928} INFO - Setting next_dagrun for example_weekday_branch_operator to 2022-07-31 00:00:00+00:00
[2022-08-01 12:31:16,213] {processor.py:171} INFO - Processing /home/airflow/.local/lib/python3.7/site-packages/airflow/example_dags/example_branch_day_of_week_operator.py took 0.053 seconds
[2022-08-01 12:31:47,153] {processor.py:163} INFO - Started process (PID=722) to work on /home/airflow/.local/lib/python3.7/site-packages/airflow/example_dags/example_branch_day_of_week_operator.py
[2022-08-01 12:31:47,154] {processor.py:625} INFO - Processing file /home/airflow/.local/lib/python3.7/site-packages/airflow/example_dags/example_branch_day_of_week_operator.py for tasks to queue
[2022-08-01 12:31:47,155] {logging_mixin.py:109} INFO - [2022-08-01 12:31:47,155] {dagbag.py:500} INFO - Filling up the DagBag from /home/airflow/.local/lib/python3.7/site-packages/airflow/example_dags/example_branch_day_of_week_operator.py
[2022-08-01 12:31:47,195] {processor.py:637} INFO - DAG(s) dict_keys(['example_weekday_branch_operator']) retrieved from /home/airflow/.local/lib/python3.7/site-packages/airflow/example_dags/example_branch_day_of_week_operator.py
[2022-08-01 12:31:47,208] {logging_mixin.py:109} INFO - [2022-08-01 12:31:47,208] {dag.py:2396} INFO - Sync 1 DAGs
[2022-08-01 12:31:47,236] {logging_mixin.py:109} INFO - [2022-08-01 12:31:47,236] {dag.py:2928} INFO - Setting next_dagrun for example_weekday_branch_operator to 2022-07-31 00:00:00+00:00
[2022-08-01 12:31:47,250] {processor.py:171} INFO - Processing /home/airflow/.local/lib/python3.7/site-packages/airflow/example_dags/example_branch_day_of_week_operator.py took 0.101 seconds
[2022-08-01 12:32:17,656] {processor.py:163} INFO - Started process (PID=774) to work on /home/airflow/.local/lib/python3.7/site-packages/airflow/example_dags/example_branch_day_of_week_operator.py
[2022-08-01 12:32:17,657] {processor.py:625} INFO - Processing file /home/airflow/.local/lib/python3.7/site-packages/airflow/example_dags/example_branch_day_of_week_operator.py for tasks to queue
[2022-08-01 12:32:17,658] {logging_mixin.py:109} INFO - [2022-08-01 12:32:17,658] {dagbag.py:500} INFO - Filling up the DagBag from /home/airflow/.local/lib/python3.7/site-packages/airflow/example_dags/example_branch_day_of_week_operator.py
[2022-08-01 12:32:17,686] {processor.py:637} INFO - DAG(s) dict_keys(['example_weekday_branch_operator']) retrieved from /home/airflow/.local/lib/python3.7/site-packages/airflow/example_dags/example_branch_day_of_week_operator.py
[2022-08-01 12:32:17,696] {logging_mixin.py:109} INFO - [2022-08-01 12:32:17,696] {dag.py:2396} INFO - Sync 1 DAGs
[2022-08-01 12:32:17,713] {logging_mixin.py:109} INFO - [2022-08-01 12:32:17,713] {dag.py:2928} INFO - Setting next_dagrun for example_weekday_branch_operator to 2022-07-31 00:00:00+00:00
[2022-08-01 12:32:17,724] {processor.py:171} INFO - Processing /home/airflow/.local/lib/python3.7/site-packages/airflow/example_dags/example_branch_day_of_week_operator.py took 0.071 seconds
[2022-08-01 12:32:48,972] {processor.py:163} INFO - Started process (PID=836) to work on /home/airflow/.local/lib/python3.7/site-packages/airflow/example_dags/example_branch_day_of_week_operator.py
[2022-08-01 12:32:48,974] {processor.py:625} INFO - Processing file /home/airflow/.local/lib/python3.7/site-packages/airflow/example_dags/example_branch_day_of_week_operator.py for tasks to queue
[2022-08-01 12:32:48,975] {logging_mixin.py:109} INFO - [2022-08-01 12:32:48,975] {dagbag.py:500} INFO - Filling up the DagBag from /home/airflow/.local/lib/python3.7/site-packages/airflow/example_dags/example_branch_day_of_week_operator.py
[2022-08-01 12:32:49,018] {processor.py:637} INFO - DAG(s) dict_keys(['example_weekday_branch_operator']) retrieved from /home/airflow/.local/lib/python3.7/site-packages/airflow/example_dags/example_branch_day_of_week_operator.py
[2022-08-01 12:32:49,030] {logging_mixin.py:109} INFO - [2022-08-01 12:32:49,030] {dag.py:2396} INFO - Sync 1 DAGs
[2022-08-01 12:32:49,057] {logging_mixin.py:109} INFO - [2022-08-01 12:32:49,057] {dag.py:2928} INFO - Setting next_dagrun for example_weekday_branch_operator to 2022-07-31 00:00:00+00:00
[2022-08-01 12:32:49,077] {processor.py:171} INFO - Processing /home/airflow/.local/lib/python3.7/site-packages/airflow/example_dags/example_branch_day_of_week_operator.py took 0.110 seconds
[2022-08-01 12:33:19,942] {processor.py:163} INFO - Started process (PID=888) to work on /home/airflow/.local/lib/python3.7/site-packages/airflow/example_dags/example_branch_day_of_week_operator.py
[2022-08-01 12:33:19,943] {processor.py:625} INFO - Processing file /home/airflow/.local/lib/python3.7/site-packages/airflow/example_dags/example_branch_day_of_week_operator.py for tasks to queue
[2022-08-01 12:33:19,943] {logging_mixin.py:109} INFO - [2022-08-01 12:33:19,943] {dagbag.py:500} INFO - Filling up the DagBag from /home/airflow/.local/lib/python3.7/site-packages/airflow/example_dags/example_branch_day_of_week_operator.py
[2022-08-01 12:33:19,963] {processor.py:637} INFO - DAG(s) dict_keys(['example_weekday_branch_operator']) retrieved from /home/airflow/.local/lib/python3.7/site-packages/airflow/example_dags/example_branch_day_of_week_operator.py
[2022-08-01 12:33:19,970] {logging_mixin.py:109} INFO - [2022-08-01 12:33:19,970] {dag.py:2396} INFO - Sync 1 DAGs
[2022-08-01 12:33:19,980] {logging_mixin.py:109} INFO - [2022-08-01 12:33:19,980] {dag.py:2928} INFO - Setting next_dagrun for example_weekday_branch_operator to 2022-07-31 00:00:00+00:00
[2022-08-01 12:33:19,988] {processor.py:171} INFO - Processing /home/airflow/.local/lib/python3.7/site-packages/airflow/example_dags/example_branch_day_of_week_operator.py took 0.048 seconds
[2022-08-01 12:33:51,168] {processor.py:163} INFO - Started process (PID=949) to work on /home/airflow/.local/lib/python3.7/site-packages/airflow/example_dags/example_branch_day_of_week_operator.py
[2022-08-01 12:33:51,171] {processor.py:625} INFO - Processing file /home/airflow/.local/lib/python3.7/site-packages/airflow/example_dags/example_branch_day_of_week_operator.py for tasks to queue
[2022-08-01 12:33:51,172] {logging_mixin.py:109} INFO - [2022-08-01 12:33:51,172] {dagbag.py:500} INFO - Filling up the DagBag from /home/airflow/.local/lib/python3.7/site-packages/airflow/example_dags/example_branch_day_of_week_operator.py
[2022-08-01 12:33:51,224] {processor.py:637} INFO - DAG(s) dict_keys(['example_weekday_branch_operator']) retrieved from /home/airflow/.local/lib/python3.7/site-packages/airflow/example_dags/example_branch_day_of_week_operator.py
[2022-08-01 12:33:51,242] {logging_mixin.py:109} INFO - [2022-08-01 12:33:51,242] {dag.py:2396} INFO - Sync 1 DAGs
[2022-08-01 12:33:51,266] {logging_mixin.py:109} INFO - [2022-08-01 12:33:51,266] {dag.py:2928} INFO - Setting next_dagrun for example_weekday_branch_operator to 2022-07-31 00:00:00+00:00
[2022-08-01 12:33:51,280] {processor.py:171} INFO - Processing /home/airflow/.local/lib/python3.7/site-packages/airflow/example_dags/example_branch_day_of_week_operator.py took 0.117 seconds
[2022-08-01 12:34:21,806] {processor.py:163} INFO - Started process (PID=1001) to work on /home/airflow/.local/lib/python3.7/site-packages/airflow/example_dags/example_branch_day_of_week_operator.py
[2022-08-01 12:34:21,808] {processor.py:625} INFO - Processing file /home/airflow/.local/lib/python3.7/site-packages/airflow/example_dags/example_branch_day_of_week_operator.py for tasks to queue
[2022-08-01 12:34:21,808] {logging_mixin.py:109} INFO - [2022-08-01 12:34:21,808] {dagbag.py:500} INFO - Filling up the DagBag from /home/airflow/.local/lib/python3.7/site-packages/airflow/example_dags/example_branch_day_of_week_operator.py
[2022-08-01 12:34:21,835] {processor.py:637} INFO - DAG(s) dict_keys(['example_weekday_branch_operator']) retrieved from /home/airflow/.local/lib/python3.7/site-packages/airflow/example_dags/example_branch_day_of_week_operator.py
[2022-08-01 12:34:21,843] {logging_mixin.py:109} INFO - [2022-08-01 12:34:21,843] {dag.py:2396} INFO - Sync 1 DAGs
[2022-08-01 12:34:21,860] {logging_mixin.py:109} INFO - [2022-08-01 12:34:21,860] {dag.py:2928} INFO - Setting next_dagrun for example_weekday_branch_operator to 2022-07-31 00:00:00+00:00
[2022-08-01 12:34:21,872] {processor.py:171} INFO - Processing /home/airflow/.local/lib/python3.7/site-packages/airflow/example_dags/example_branch_day_of_week_operator.py took 0.068 seconds
[2022-08-01 12:34:53,080] {processor.py:163} INFO - Started process (PID=1062) to work on /home/airflow/.local/lib/python3.7/site-packages/airflow/example_dags/example_branch_day_of_week_operator.py
[2022-08-01 12:34:53,090] {processor.py:625} INFO - Processing file /home/airflow/.local/lib/python3.7/site-packages/airflow/example_dags/example_branch_day_of_week_operator.py for tasks to queue
[2022-08-01 12:34:53,093] {logging_mixin.py:109} INFO - [2022-08-01 12:34:53,093] {dagbag.py:500} INFO - Filling up the DagBag from /home/airflow/.local/lib/python3.7/site-packages/airflow/example_dags/example_branch_day_of_week_operator.py
[2022-08-01 12:34:53,219] {processor.py:637} INFO - DAG(s) dict_keys(['example_weekday_branch_operator']) retrieved from /home/airflow/.local/lib/python3.7/site-packages/airflow/example_dags/example_branch_day_of_week_operator.py
[2022-08-01 12:34:53,249] {logging_mixin.py:109} INFO - [2022-08-01 12:34:53,249] {dag.py:2396} INFO - Sync 1 DAGs
[2022-08-01 12:34:53,287] {logging_mixin.py:109} INFO - [2022-08-01 12:34:53,287] {dag.py:2928} INFO - Setting next_dagrun for example_weekday_branch_operator to 2022-07-31 00:00:00+00:00
[2022-08-01 12:34:53,330] {processor.py:171} INFO - Processing /home/airflow/.local/lib/python3.7/site-packages/airflow/example_dags/example_branch_day_of_week_operator.py took 0.257 seconds
[2022-08-01 12:35:23,368] {processor.py:163} INFO - Started process (PID=1113) to work on /home/airflow/.local/lib/python3.7/site-packages/airflow/example_dags/example_branch_day_of_week_operator.py
[2022-08-01 12:35:23,370] {processor.py:625} INFO - Processing file /home/airflow/.local/lib/python3.7/site-packages/airflow/example_dags/example_branch_day_of_week_operator.py for tasks to queue
[2022-08-01 12:35:23,372] {logging_mixin.py:109} INFO - [2022-08-01 12:35:23,371] {dagbag.py:500} INFO - Filling up the DagBag from /home/airflow/.local/lib/python3.7/site-packages/airflow/example_dags/example_branch_day_of_week_operator.py
[2022-08-01 12:35:23,413] {processor.py:637} INFO - DAG(s) dict_keys(['example_weekday_branch_operator']) retrieved from /home/airflow/.local/lib/python3.7/site-packages/airflow/example_dags/example_branch_day_of_week_operator.py
[2022-08-01 12:35:23,424] {logging_mixin.py:109} INFO - [2022-08-01 12:35:23,424] {dag.py:2396} INFO - Sync 1 DAGs
[2022-08-01 12:35:23,445] {logging_mixin.py:109} INFO - [2022-08-01 12:35:23,445] {dag.py:2928} INFO - Setting next_dagrun for example_weekday_branch_operator to 2022-07-31 00:00:00+00:00
[2022-08-01 12:35:23,459] {processor.py:171} INFO - Processing /home/airflow/.local/lib/python3.7/site-packages/airflow/example_dags/example_branch_day_of_week_operator.py took 0.096 seconds
[2022-08-01 12:35:54,317] {processor.py:163} INFO - Started process (PID=1165) to work on /home/airflow/.local/lib/python3.7/site-packages/airflow/example_dags/example_branch_day_of_week_operator.py
[2022-08-01 12:35:54,318] {processor.py:625} INFO - Processing file /home/airflow/.local/lib/python3.7/site-packages/airflow/example_dags/example_branch_day_of_week_operator.py for tasks to queue
[2022-08-01 12:35:54,318] {logging_mixin.py:109} INFO - [2022-08-01 12:35:54,318] {dagbag.py:500} INFO - Filling up the DagBag from /home/airflow/.local/lib/python3.7/site-packages/airflow/example_dags/example_branch_day_of_week_operator.py
[2022-08-01 12:35:54,339] {processor.py:637} INFO - DAG(s) dict_keys(['example_weekday_branch_operator']) retrieved from /home/airflow/.local/lib/python3.7/site-packages/airflow/example_dags/example_branch_day_of_week_operator.py
[2022-08-01 12:35:54,346] {logging_mixin.py:109} INFO - [2022-08-01 12:35:54,346] {dag.py:2396} INFO - Sync 1 DAGs
[2022-08-01 12:35:54,358] {logging_mixin.py:109} INFO - [2022-08-01 12:35:54,358] {dag.py:2928} INFO - Setting next_dagrun for example_weekday_branch_operator to 2022-07-31 00:00:00+00:00
[2022-08-01 12:35:54,366] {processor.py:171} INFO - Processing /home/airflow/.local/lib/python3.7/site-packages/airflow/example_dags/example_branch_day_of_week_operator.py took 0.052 seconds
[2022-08-01 12:40:11,616] {processor.py:163} INFO - Started process (PID=53) to work on /home/airflow/.local/lib/python3.7/site-packages/airflow/example_dags/example_branch_day_of_week_operator.py
[2022-08-01 12:40:11,619] {processor.py:625} INFO - Processing file /home/airflow/.local/lib/python3.7/site-packages/airflow/example_dags/example_branch_day_of_week_operator.py for tasks to queue
[2022-08-01 12:40:11,620] {logging_mixin.py:109} INFO - [2022-08-01 12:40:11,620] {dagbag.py:500} INFO - Filling up the DagBag from /home/airflow/.local/lib/python3.7/site-packages/airflow/example_dags/example_branch_day_of_week_operator.py
[2022-08-01 12:40:11,678] {processor.py:637} INFO - DAG(s) dict_keys(['example_weekday_branch_operator']) retrieved from /home/airflow/.local/lib/python3.7/site-packages/airflow/example_dags/example_branch_day_of_week_operator.py
[2022-08-01 12:40:11,702] {logging_mixin.py:109} INFO - [2022-08-01 12:40:11,702] {dag.py:2396} INFO - Sync 1 DAGs
[2022-08-01 12:40:11,743] {logging_mixin.py:109} INFO - [2022-08-01 12:40:11,743] {dag.py:2928} INFO - Setting next_dagrun for example_weekday_branch_operator to 2022-07-31 00:00:00+00:00
[2022-08-01 12:40:11,766] {processor.py:171} INFO - Processing /home/airflow/.local/lib/python3.7/site-packages/airflow/example_dags/example_branch_day_of_week_operator.py took 0.156 seconds
[2022-08-01 12:40:42,054] {processor.py:163} INFO - Started process (PID=103) to work on /home/airflow/.local/lib/python3.7/site-packages/airflow/example_dags/example_branch_day_of_week_operator.py
[2022-08-01 12:40:42,055] {processor.py:625} INFO - Processing file /home/airflow/.local/lib/python3.7/site-packages/airflow/example_dags/example_branch_day_of_week_operator.py for tasks to queue
[2022-08-01 12:40:42,055] {logging_mixin.py:109} INFO - [2022-08-01 12:40:42,055] {dagbag.py:500} INFO - Filling up the DagBag from /home/airflow/.local/lib/python3.7/site-packages/airflow/example_dags/example_branch_day_of_week_operator.py
[2022-08-01 12:40:42,074] {processor.py:637} INFO - DAG(s) dict_keys(['example_weekday_branch_operator']) retrieved from /home/airflow/.local/lib/python3.7/site-packages/airflow/example_dags/example_branch_day_of_week_operator.py
[2022-08-01 12:40:42,081] {logging_mixin.py:109} INFO - [2022-08-01 12:40:42,081] {dag.py:2396} INFO - Sync 1 DAGs
[2022-08-01 12:40:42,093] {logging_mixin.py:109} INFO - [2022-08-01 12:40:42,093] {dag.py:2928} INFO - Setting next_dagrun for example_weekday_branch_operator to 2022-07-31 00:00:00+00:00
[2022-08-01 12:40:42,102] {processor.py:171} INFO - Processing /home/airflow/.local/lib/python3.7/site-packages/airflow/example_dags/example_branch_day_of_week_operator.py took 0.051 seconds
[2022-08-01 13:20:40,178] {processor.py:163} INFO - Started process (PID=53) to work on /home/airflow/.local/lib/python3.7/site-packages/airflow/example_dags/example_branch_day_of_week_operator.py
[2022-08-01 13:20:40,181] {processor.py:625} INFO - Processing file /home/airflow/.local/lib/python3.7/site-packages/airflow/example_dags/example_branch_day_of_week_operator.py for tasks to queue
[2022-08-01 13:20:40,183] {logging_mixin.py:109} INFO - [2022-08-01 13:20:40,182] {dagbag.py:500} INFO - Filling up the DagBag from /home/airflow/.local/lib/python3.7/site-packages/airflow/example_dags/example_branch_day_of_week_operator.py
[2022-08-01 13:20:40,232] {processor.py:637} INFO - DAG(s) dict_keys(['example_weekday_branch_operator']) retrieved from /home/airflow/.local/lib/python3.7/site-packages/airflow/example_dags/example_branch_day_of_week_operator.py
[2022-08-01 13:20:40,248] {logging_mixin.py:109} INFO - [2022-08-01 13:20:40,248] {dag.py:2396} INFO - Sync 1 DAGs
[2022-08-01 13:20:40,277] {logging_mixin.py:109} INFO - [2022-08-01 13:20:40,277] {dag.py:2928} INFO - Setting next_dagrun for example_weekday_branch_operator to 2022-07-31 00:00:00+00:00
[2022-08-01 13:20:40,293] {processor.py:171} INFO - Processing /home/airflow/.local/lib/python3.7/site-packages/airflow/example_dags/example_branch_day_of_week_operator.py took 0.126 seconds
[2022-08-01 13:21:14,564] {processor.py:163} INFO - Started process (PID=105) to work on /home/airflow/.local/lib/python3.7/site-packages/airflow/example_dags/example_branch_day_of_week_operator.py
[2022-08-01 13:21:14,567] {processor.py:625} INFO - Processing file /home/airflow/.local/lib/python3.7/site-packages/airflow/example_dags/example_branch_day_of_week_operator.py for tasks to queue
[2022-08-01 13:21:14,568] {logging_mixin.py:109} INFO - [2022-08-01 13:21:14,568] {dagbag.py:500} INFO - Filling up the DagBag from /home/airflow/.local/lib/python3.7/site-packages/airflow/example_dags/example_branch_day_of_week_operator.py
[2022-08-01 13:21:14,722] {processor.py:637} INFO - DAG(s) dict_keys(['example_weekday_branch_operator']) retrieved from /home/airflow/.local/lib/python3.7/site-packages/airflow/example_dags/example_branch_day_of_week_operator.py
[2022-08-01 13:21:14,767] {logging_mixin.py:109} INFO - [2022-08-01 13:21:14,767] {dag.py:2396} INFO - Sync 1 DAGs
[2022-08-01 13:21:14,864] {logging_mixin.py:109} INFO - [2022-08-01 13:21:14,864] {dag.py:2928} INFO - Setting next_dagrun for example_weekday_branch_operator to 2022-07-31 00:00:00+00:00
[2022-08-01 13:21:14,909] {processor.py:171} INFO - Processing /home/airflow/.local/lib/python3.7/site-packages/airflow/example_dags/example_branch_day_of_week_operator.py took 0.373 seconds
[2022-08-01 13:21:45,745] {processor.py:163} INFO - Started process (PID=157) to work on /home/airflow/.local/lib/python3.7/site-packages/airflow/example_dags/example_branch_day_of_week_operator.py
[2022-08-01 13:21:45,753] {processor.py:625} INFO - Processing file /home/airflow/.local/lib/python3.7/site-packages/airflow/example_dags/example_branch_day_of_week_operator.py for tasks to queue
[2022-08-01 13:21:45,753] {logging_mixin.py:109} INFO - [2022-08-01 13:21:45,753] {dagbag.py:500} INFO - Filling up the DagBag from /home/airflow/.local/lib/python3.7/site-packages/airflow/example_dags/example_branch_day_of_week_operator.py
[2022-08-01 13:21:45,783] {processor.py:637} INFO - DAG(s) dict_keys(['example_weekday_branch_operator']) retrieved from /home/airflow/.local/lib/python3.7/site-packages/airflow/example_dags/example_branch_day_of_week_operator.py
[2022-08-01 13:21:45,793] {logging_mixin.py:109} INFO - [2022-08-01 13:21:45,793] {dag.py:2396} INFO - Sync 1 DAGs
[2022-08-01 13:21:45,813] {logging_mixin.py:109} INFO - [2022-08-01 13:21:45,813] {dag.py:2928} INFO - Setting next_dagrun for example_weekday_branch_operator to 2022-07-31 00:00:00+00:00
[2022-08-01 13:21:45,824] {processor.py:171} INFO - Processing /home/airflow/.local/lib/python3.7/site-packages/airflow/example_dags/example_branch_day_of_week_operator.py took 0.081 seconds
[2022-08-01 13:22:16,075] {processor.py:163} INFO - Started process (PID=208) to work on /home/airflow/.local/lib/python3.7/site-packages/airflow/example_dags/example_branch_day_of_week_operator.py
[2022-08-01 13:22:16,084] {processor.py:625} INFO - Processing file /home/airflow/.local/lib/python3.7/site-packages/airflow/example_dags/example_branch_day_of_week_operator.py for tasks to queue
[2022-08-01 13:22:16,084] {logging_mixin.py:109} INFO - [2022-08-01 13:22:16,084] {dagbag.py:500} INFO - Filling up the DagBag from /home/airflow/.local/lib/python3.7/site-packages/airflow/example_dags/example_branch_day_of_week_operator.py
[2022-08-01 13:22:16,103] {processor.py:637} INFO - DAG(s) dict_keys(['example_weekday_branch_operator']) retrieved from /home/airflow/.local/lib/python3.7/site-packages/airflow/example_dags/example_branch_day_of_week_operator.py
[2022-08-01 13:22:16,109] {logging_mixin.py:109} INFO - [2022-08-01 13:22:16,109] {dag.py:2396} INFO - Sync 1 DAGs
[2022-08-01 13:22:16,120] {logging_mixin.py:109} INFO - [2022-08-01 13:22:16,119] {dag.py:2928} INFO - Setting next_dagrun for example_weekday_branch_operator to 2022-07-31 00:00:00+00:00
[2022-08-01 13:22:16,129] {processor.py:171} INFO - Processing /home/airflow/.local/lib/python3.7/site-packages/airflow/example_dags/example_branch_day_of_week_operator.py took 0.056 seconds
[2022-08-01 13:22:46,358] {processor.py:163} INFO - Started process (PID=267) to work on /home/airflow/.local/lib/python3.7/site-packages/airflow/example_dags/example_branch_day_of_week_operator.py
[2022-08-01 13:22:46,366] {processor.py:625} INFO - Processing file /home/airflow/.local/lib/python3.7/site-packages/airflow/example_dags/example_branch_day_of_week_operator.py for tasks to queue
[2022-08-01 13:22:46,367] {logging_mixin.py:109} INFO - [2022-08-01 13:22:46,367] {dagbag.py:500} INFO - Filling up the DagBag from /home/airflow/.local/lib/python3.7/site-packages/airflow/example_dags/example_branch_day_of_week_operator.py
[2022-08-01 13:22:46,388] {processor.py:637} INFO - DAG(s) dict_keys(['example_weekday_branch_operator']) retrieved from /home/airflow/.local/lib/python3.7/site-packages/airflow/example_dags/example_branch_day_of_week_operator.py
[2022-08-01 13:22:46,397] {logging_mixin.py:109} INFO - [2022-08-01 13:22:46,397] {dag.py:2396} INFO - Sync 1 DAGs
[2022-08-01 13:22:46,410] {logging_mixin.py:109} INFO - [2022-08-01 13:22:46,410] {dag.py:2928} INFO - Setting next_dagrun for example_weekday_branch_operator to 2022-07-31 00:00:00+00:00
[2022-08-01 13:22:46,420] {processor.py:171} INFO - Processing /home/airflow/.local/lib/python3.7/site-packages/airflow/example_dags/example_branch_day_of_week_operator.py took 0.065 seconds
[2022-08-01 13:23:16,603] {processor.py:163} INFO - Started process (PID=321) to work on /home/airflow/.local/lib/python3.7/site-packages/airflow/example_dags/example_branch_day_of_week_operator.py
[2022-08-01 13:23:16,605] {processor.py:625} INFO - Processing file /home/airflow/.local/lib/python3.7/site-packages/airflow/example_dags/example_branch_day_of_week_operator.py for tasks to queue
[2022-08-01 13:23:16,606] {logging_mixin.py:109} INFO - [2022-08-01 13:23:16,606] {dagbag.py:500} INFO - Filling up the DagBag from /home/airflow/.local/lib/python3.7/site-packages/airflow/example_dags/example_branch_day_of_week_operator.py
[2022-08-01 13:23:16,636] {processor.py:637} INFO - DAG(s) dict_keys(['example_weekday_branch_operator']) retrieved from /home/airflow/.local/lib/python3.7/site-packages/airflow/example_dags/example_branch_day_of_week_operator.py
[2022-08-01 13:23:16,649] {logging_mixin.py:109} INFO - [2022-08-01 13:23:16,649] {dag.py:2396} INFO - Sync 1 DAGs
[2022-08-01 13:23:16,670] {logging_mixin.py:109} INFO - [2022-08-01 13:23:16,669] {dag.py:2928} INFO - Setting next_dagrun for example_weekday_branch_operator to 2022-07-31 00:00:00+00:00
[2022-08-01 13:23:16,684] {processor.py:171} INFO - Processing /home/airflow/.local/lib/python3.7/site-packages/airflow/example_dags/example_branch_day_of_week_operator.py took 0.084 seconds
[2022-08-01 13:23:47,719] {processor.py:163} INFO - Started process (PID=374) to work on /home/airflow/.local/lib/python3.7/site-packages/airflow/example_dags/example_branch_day_of_week_operator.py
[2022-08-01 13:23:47,720] {processor.py:625} INFO - Processing file /home/airflow/.local/lib/python3.7/site-packages/airflow/example_dags/example_branch_day_of_week_operator.py for tasks to queue
[2022-08-01 13:23:47,721] {logging_mixin.py:109} INFO - [2022-08-01 13:23:47,721] {dagbag.py:500} INFO - Filling up the DagBag from /home/airflow/.local/lib/python3.7/site-packages/airflow/example_dags/example_branch_day_of_week_operator.py
[2022-08-01 13:23:47,742] {processor.py:637} INFO - DAG(s) dict_keys(['example_weekday_branch_operator']) retrieved from /home/airflow/.local/lib/python3.7/site-packages/airflow/example_dags/example_branch_day_of_week_operator.py
[2022-08-01 13:23:47,750] {logging_mixin.py:109} INFO - [2022-08-01 13:23:47,750] {dag.py:2396} INFO - Sync 1 DAGs
[2022-08-01 13:23:47,761] {logging_mixin.py:109} INFO - [2022-08-01 13:23:47,761] {dag.py:2928} INFO - Setting next_dagrun for example_weekday_branch_operator to 2022-07-31 00:00:00+00:00
[2022-08-01 13:23:47,771] {processor.py:171} INFO - Processing /home/airflow/.local/lib/python3.7/site-packages/airflow/example_dags/example_branch_day_of_week_operator.py took 0.054 seconds
[2022-08-01 13:24:18,583] {processor.py:163} INFO - Started process (PID=426) to work on /home/airflow/.local/lib/python3.7/site-packages/airflow/example_dags/example_branch_day_of_week_operator.py
[2022-08-01 13:24:18,593] {processor.py:625} INFO - Processing file /home/airflow/.local/lib/python3.7/site-packages/airflow/example_dags/example_branch_day_of_week_operator.py for tasks to queue
[2022-08-01 13:24:18,594] {logging_mixin.py:109} INFO - [2022-08-01 13:24:18,594] {dagbag.py:500} INFO - Filling up the DagBag from /home/airflow/.local/lib/python3.7/site-packages/airflow/example_dags/example_branch_day_of_week_operator.py
[2022-08-01 13:24:18,705] {processor.py:637} INFO - DAG(s) dict_keys(['example_weekday_branch_operator']) retrieved from /home/airflow/.local/lib/python3.7/site-packages/airflow/example_dags/example_branch_day_of_week_operator.py
[2022-08-01 13:24:18,751] {logging_mixin.py:109} INFO - [2022-08-01 13:24:18,750] {dag.py:2396} INFO - Sync 1 DAGs
[2022-08-01 13:24:18,813] {logging_mixin.py:109} INFO - [2022-08-01 13:24:18,813] {dag.py:2928} INFO - Setting next_dagrun for example_weekday_branch_operator to 2022-07-31 00:00:00+00:00
[2022-08-01 13:24:18,849] {processor.py:171} INFO - Processing /home/airflow/.local/lib/python3.7/site-packages/airflow/example_dags/example_branch_day_of_week_operator.py took 0.274 seconds
[2022-08-01 13:24:52,277] {processor.py:163} INFO - Started process (PID=478) to work on /home/airflow/.local/lib/python3.7/site-packages/airflow/example_dags/example_branch_day_of_week_operator.py
[2022-08-01 13:24:52,286] {processor.py:625} INFO - Processing file /home/airflow/.local/lib/python3.7/site-packages/airflow/example_dags/example_branch_day_of_week_operator.py for tasks to queue
[2022-08-01 13:24:52,292] {logging_mixin.py:109} INFO - [2022-08-01 13:24:52,292] {dagbag.py:500} INFO - Filling up the DagBag from /home/airflow/.local/lib/python3.7/site-packages/airflow/example_dags/example_branch_day_of_week_operator.py
[2022-08-01 13:24:52,419] {processor.py:637} INFO - DAG(s) dict_keys(['example_weekday_branch_operator']) retrieved from /home/airflow/.local/lib/python3.7/site-packages/airflow/example_dags/example_branch_day_of_week_operator.py
[2022-08-01 13:24:52,459] {logging_mixin.py:109} INFO - [2022-08-01 13:24:52,458] {dag.py:2396} INFO - Sync 1 DAGs
[2022-08-01 13:24:52,560] {logging_mixin.py:109} INFO - [2022-08-01 13:24:52,559] {dag.py:2928} INFO - Setting next_dagrun for example_weekday_branch_operator to 2022-07-31 00:00:00+00:00
[2022-08-01 13:24:52,597] {processor.py:171} INFO - Processing /home/airflow/.local/lib/python3.7/site-packages/airflow/example_dags/example_branch_day_of_week_operator.py took 0.335 seconds
[2022-08-01 13:25:22,811] {processor.py:163} INFO - Started process (PID=529) to work on /home/airflow/.local/lib/python3.7/site-packages/airflow/example_dags/example_branch_day_of_week_operator.py
[2022-08-01 13:25:22,812] {processor.py:625} INFO - Processing file /home/airflow/.local/lib/python3.7/site-packages/airflow/example_dags/example_branch_day_of_week_operator.py for tasks to queue
[2022-08-01 13:25:22,813] {logging_mixin.py:109} INFO - [2022-08-01 13:25:22,813] {dagbag.py:500} INFO - Filling up the DagBag from /home/airflow/.local/lib/python3.7/site-packages/airflow/example_dags/example_branch_day_of_week_operator.py
[2022-08-01 13:25:22,846] {processor.py:637} INFO - DAG(s) dict_keys(['example_weekday_branch_operator']) retrieved from /home/airflow/.local/lib/python3.7/site-packages/airflow/example_dags/example_branch_day_of_week_operator.py
[2022-08-01 13:25:22,860] {logging_mixin.py:109} INFO - [2022-08-01 13:25:22,860] {dag.py:2396} INFO - Sync 1 DAGs
[2022-08-01 13:25:22,879] {logging_mixin.py:109} INFO - [2022-08-01 13:25:22,879] {dag.py:2928} INFO - Setting next_dagrun for example_weekday_branch_operator to 2022-07-31 00:00:00+00:00
[2022-08-01 13:25:22,891] {processor.py:171} INFO - Processing /home/airflow/.local/lib/python3.7/site-packages/airflow/example_dags/example_branch_day_of_week_operator.py took 0.085 seconds
[2022-08-01 13:25:53,430] {processor.py:163} INFO - Started process (PID=582) to work on /home/airflow/.local/lib/python3.7/site-packages/airflow/example_dags/example_branch_day_of_week_operator.py
[2022-08-01 13:25:53,432] {processor.py:625} INFO - Processing file /home/airflow/.local/lib/python3.7/site-packages/airflow/example_dags/example_branch_day_of_week_operator.py for tasks to queue
[2022-08-01 13:25:53,432] {logging_mixin.py:109} INFO - [2022-08-01 13:25:53,432] {dagbag.py:500} INFO - Filling up the DagBag from /home/airflow/.local/lib/python3.7/site-packages/airflow/example_dags/example_branch_day_of_week_operator.py
[2022-08-01 13:25:53,454] {processor.py:637} INFO - DAG(s) dict_keys(['example_weekday_branch_operator']) retrieved from /home/airflow/.local/lib/python3.7/site-packages/airflow/example_dags/example_branch_day_of_week_operator.py
[2022-08-01 13:25:53,463] {logging_mixin.py:109} INFO - [2022-08-01 13:25:53,463] {dag.py:2396} INFO - Sync 1 DAGs
[2022-08-01 13:25:53,475] {logging_mixin.py:109} INFO - [2022-08-01 13:25:53,475] {dag.py:2928} INFO - Setting next_dagrun for example_weekday_branch_operator to 2022-07-31 00:00:00+00:00
[2022-08-01 13:25:53,486] {processor.py:171} INFO - Processing /home/airflow/.local/lib/python3.7/site-packages/airflow/example_dags/example_branch_day_of_week_operator.py took 0.058 seconds
[2022-08-01 13:26:23,921] {processor.py:163} INFO - Started process (PID=643) to work on /home/airflow/.local/lib/python3.7/site-packages/airflow/example_dags/example_branch_day_of_week_operator.py
[2022-08-01 13:26:23,923] {processor.py:625} INFO - Processing file /home/airflow/.local/lib/python3.7/site-packages/airflow/example_dags/example_branch_day_of_week_operator.py for tasks to queue
[2022-08-01 13:26:23,924] {logging_mixin.py:109} INFO - [2022-08-01 13:26:23,924] {dagbag.py:500} INFO - Filling up the DagBag from /home/airflow/.local/lib/python3.7/site-packages/airflow/example_dags/example_branch_day_of_week_operator.py
[2022-08-01 13:26:23,974] {processor.py:637} INFO - DAG(s) dict_keys(['example_weekday_branch_operator']) retrieved from /home/airflow/.local/lib/python3.7/site-packages/airflow/example_dags/example_branch_day_of_week_operator.py
[2022-08-01 13:26:23,990] {logging_mixin.py:109} INFO - [2022-08-01 13:26:23,990] {dag.py:2396} INFO - Sync 1 DAGs
[2022-08-01 13:26:24,019] {logging_mixin.py:109} INFO - [2022-08-01 13:26:24,019] {dag.py:2928} INFO - Setting next_dagrun for example_weekday_branch_operator to 2022-07-31 00:00:00+00:00
[2022-08-01 13:26:24,036] {processor.py:171} INFO - Processing /home/airflow/.local/lib/python3.7/site-packages/airflow/example_dags/example_branch_day_of_week_operator.py took 0.120 seconds
[2022-08-01 13:26:54,515] {processor.py:163} INFO - Started process (PID=695) to work on /home/airflow/.local/lib/python3.7/site-packages/airflow/example_dags/example_branch_day_of_week_operator.py
[2022-08-01 13:26:54,517] {processor.py:625} INFO - Processing file /home/airflow/.local/lib/python3.7/site-packages/airflow/example_dags/example_branch_day_of_week_operator.py for tasks to queue
[2022-08-01 13:26:54,517] {logging_mixin.py:109} INFO - [2022-08-01 13:26:54,517] {dagbag.py:500} INFO - Filling up the DagBag from /home/airflow/.local/lib/python3.7/site-packages/airflow/example_dags/example_branch_day_of_week_operator.py
[2022-08-01 13:26:54,544] {processor.py:637} INFO - DAG(s) dict_keys(['example_weekday_branch_operator']) retrieved from /home/airflow/.local/lib/python3.7/site-packages/airflow/example_dags/example_branch_day_of_week_operator.py
[2022-08-01 13:26:54,555] {logging_mixin.py:109} INFO - [2022-08-01 13:26:54,555] {dag.py:2396} INFO - Sync 1 DAGs
[2022-08-01 13:26:54,572] {logging_mixin.py:109} INFO - [2022-08-01 13:26:54,571] {dag.py:2928} INFO - Setting next_dagrun for example_weekday_branch_operator to 2022-07-31 00:00:00+00:00
[2022-08-01 13:26:54,586] {processor.py:171} INFO - Processing /home/airflow/.local/lib/python3.7/site-packages/airflow/example_dags/example_branch_day_of_week_operator.py took 0.075 seconds
[2022-08-01 13:27:24,873] {processor.py:163} INFO - Started process (PID=747) to work on /home/airflow/.local/lib/python3.7/site-packages/airflow/example_dags/example_branch_day_of_week_operator.py
[2022-08-01 13:27:24,874] {processor.py:625} INFO - Processing file /home/airflow/.local/lib/python3.7/site-packages/airflow/example_dags/example_branch_day_of_week_operator.py for tasks to queue
[2022-08-01 13:27:24,874] {logging_mixin.py:109} INFO - [2022-08-01 13:27:24,874] {dagbag.py:500} INFO - Filling up the DagBag from /home/airflow/.local/lib/python3.7/site-packages/airflow/example_dags/example_branch_day_of_week_operator.py
[2022-08-01 13:27:24,895] {processor.py:637} INFO - DAG(s) dict_keys(['example_weekday_branch_operator']) retrieved from /home/airflow/.local/lib/python3.7/site-packages/airflow/example_dags/example_branch_day_of_week_operator.py
[2022-08-01 13:27:24,903] {logging_mixin.py:109} INFO - [2022-08-01 13:27:24,903] {dag.py:2396} INFO - Sync 1 DAGs
[2022-08-01 13:27:24,915] {logging_mixin.py:109} INFO - [2022-08-01 13:27:24,915] {dag.py:2928} INFO - Setting next_dagrun for example_weekday_branch_operator to 2022-07-31 00:00:00+00:00
[2022-08-01 13:27:24,924] {processor.py:171} INFO - Processing /home/airflow/.local/lib/python3.7/site-packages/airflow/example_dags/example_branch_day_of_week_operator.py took 0.053 seconds
[2022-08-01 13:27:55,520] {processor.py:163} INFO - Started process (PID=799) to work on /home/airflow/.local/lib/python3.7/site-packages/airflow/example_dags/example_branch_day_of_week_operator.py
[2022-08-01 13:27:55,522] {processor.py:625} INFO - Processing file /home/airflow/.local/lib/python3.7/site-packages/airflow/example_dags/example_branch_day_of_week_operator.py for tasks to queue
[2022-08-01 13:27:55,522] {logging_mixin.py:109} INFO - [2022-08-01 13:27:55,522] {dagbag.py:500} INFO - Filling up the DagBag from /home/airflow/.local/lib/python3.7/site-packages/airflow/example_dags/example_branch_day_of_week_operator.py
[2022-08-01 13:27:55,543] {processor.py:637} INFO - DAG(s) dict_keys(['example_weekday_branch_operator']) retrieved from /home/airflow/.local/lib/python3.7/site-packages/airflow/example_dags/example_branch_day_of_week_operator.py
[2022-08-01 13:27:55,550] {logging_mixin.py:109} INFO - [2022-08-01 13:27:55,549] {dag.py:2396} INFO - Sync 1 DAGs
[2022-08-01 13:27:55,561] {logging_mixin.py:109} INFO - [2022-08-01 13:27:55,561] {dag.py:2928} INFO - Setting next_dagrun for example_weekday_branch_operator to 2022-07-31 00:00:00+00:00
[2022-08-01 13:27:55,572] {processor.py:171} INFO - Processing /home/airflow/.local/lib/python3.7/site-packages/airflow/example_dags/example_branch_day_of_week_operator.py took 0.054 seconds
[2022-08-01 13:28:25,873] {processor.py:163} INFO - Started process (PID=860) to work on /home/airflow/.local/lib/python3.7/site-packages/airflow/example_dags/example_branch_day_of_week_operator.py
[2022-08-01 13:28:25,874] {processor.py:625} INFO - Processing file /home/airflow/.local/lib/python3.7/site-packages/airflow/example_dags/example_branch_day_of_week_operator.py for tasks to queue
[2022-08-01 13:28:25,875] {logging_mixin.py:109} INFO - [2022-08-01 13:28:25,875] {dagbag.py:500} INFO - Filling up the DagBag from /home/airflow/.local/lib/python3.7/site-packages/airflow/example_dags/example_branch_day_of_week_operator.py
[2022-08-01 13:28:25,902] {processor.py:637} INFO - DAG(s) dict_keys(['example_weekday_branch_operator']) retrieved from /home/airflow/.local/lib/python3.7/site-packages/airflow/example_dags/example_branch_day_of_week_operator.py
[2022-08-01 13:28:25,910] {logging_mixin.py:109} INFO - [2022-08-01 13:28:25,910] {dag.py:2396} INFO - Sync 1 DAGs
[2022-08-01 13:28:25,924] {logging_mixin.py:109} INFO - [2022-08-01 13:28:25,924] {dag.py:2928} INFO - Setting next_dagrun for example_weekday_branch_operator to 2022-07-31 00:00:00+00:00
[2022-08-01 13:28:25,934] {processor.py:171} INFO - Processing /home/airflow/.local/lib/python3.7/site-packages/airflow/example_dags/example_branch_day_of_week_operator.py took 0.064 seconds
[2022-08-01 13:28:56,068] {processor.py:163} INFO - Started process (PID=912) to work on /home/airflow/.local/lib/python3.7/site-packages/airflow/example_dags/example_branch_day_of_week_operator.py
[2022-08-01 13:28:56,069] {processor.py:625} INFO - Processing file /home/airflow/.local/lib/python3.7/site-packages/airflow/example_dags/example_branch_day_of_week_operator.py for tasks to queue
[2022-08-01 13:28:56,070] {logging_mixin.py:109} INFO - [2022-08-01 13:28:56,070] {dagbag.py:500} INFO - Filling up the DagBag from /home/airflow/.local/lib/python3.7/site-packages/airflow/example_dags/example_branch_day_of_week_operator.py
[2022-08-01 13:28:56,090] {processor.py:637} INFO - DAG(s) dict_keys(['example_weekday_branch_operator']) retrieved from /home/airflow/.local/lib/python3.7/site-packages/airflow/example_dags/example_branch_day_of_week_operator.py
[2022-08-01 13:28:56,097] {logging_mixin.py:109} INFO - [2022-08-01 13:28:56,097] {dag.py:2396} INFO - Sync 1 DAGs
[2022-08-01 13:28:56,108] {logging_mixin.py:109} INFO - [2022-08-01 13:28:56,108] {dag.py:2928} INFO - Setting next_dagrun for example_weekday_branch_operator to 2022-07-31 00:00:00+00:00
[2022-08-01 13:28:56,117] {processor.py:171} INFO - Processing /home/airflow/.local/lib/python3.7/site-packages/airflow/example_dags/example_branch_day_of_week_operator.py took 0.051 seconds
[2022-08-01 13:29:26,291] {processor.py:163} INFO - Started process (PID=971) to work on /home/airflow/.local/lib/python3.7/site-packages/airflow/example_dags/example_branch_day_of_week_operator.py
[2022-08-01 13:29:26,292] {processor.py:625} INFO - Processing file /home/airflow/.local/lib/python3.7/site-packages/airflow/example_dags/example_branch_day_of_week_operator.py for tasks to queue
[2022-08-01 13:29:26,292] {logging_mixin.py:109} INFO - [2022-08-01 13:29:26,292] {dagbag.py:500} INFO - Filling up the DagBag from /home/airflow/.local/lib/python3.7/site-packages/airflow/example_dags/example_branch_day_of_week_operator.py
[2022-08-01 13:29:26,319] {processor.py:637} INFO - DAG(s) dict_keys(['example_weekday_branch_operator']) retrieved from /home/airflow/.local/lib/python3.7/site-packages/airflow/example_dags/example_branch_day_of_week_operator.py
[2022-08-01 13:29:26,328] {logging_mixin.py:109} INFO - [2022-08-01 13:29:26,328] {dag.py:2396} INFO - Sync 1 DAGs
[2022-08-01 13:29:26,343] {logging_mixin.py:109} INFO - [2022-08-01 13:29:26,343] {dag.py:2928} INFO - Setting next_dagrun for example_weekday_branch_operator to 2022-07-31 00:00:00+00:00
[2022-08-01 13:29:26,352] {processor.py:171} INFO - Processing /home/airflow/.local/lib/python3.7/site-packages/airflow/example_dags/example_branch_day_of_week_operator.py took 0.065 seconds
[2022-08-01 13:29:56,863] {processor.py:163} INFO - Started process (PID=1025) to work on /home/airflow/.local/lib/python3.7/site-packages/airflow/example_dags/example_branch_day_of_week_operator.py
[2022-08-01 13:29:56,865] {processor.py:625} INFO - Processing file /home/airflow/.local/lib/python3.7/site-packages/airflow/example_dags/example_branch_day_of_week_operator.py for tasks to queue
[2022-08-01 13:29:56,865] {logging_mixin.py:109} INFO - [2022-08-01 13:29:56,865] {dagbag.py:500} INFO - Filling up the DagBag from /home/airflow/.local/lib/python3.7/site-packages/airflow/example_dags/example_branch_day_of_week_operator.py
[2022-08-01 13:29:56,889] {processor.py:637} INFO - DAG(s) dict_keys(['example_weekday_branch_operator']) retrieved from /home/airflow/.local/lib/python3.7/site-packages/airflow/example_dags/example_branch_day_of_week_operator.py
[2022-08-01 13:29:56,897] {logging_mixin.py:109} INFO - [2022-08-01 13:29:56,897] {dag.py:2396} INFO - Sync 1 DAGs
[2022-08-01 13:29:56,910] {logging_mixin.py:109} INFO - [2022-08-01 13:29:56,910] {dag.py:2928} INFO - Setting next_dagrun for example_weekday_branch_operator to 2022-07-31 00:00:00+00:00
[2022-08-01 13:29:56,921] {processor.py:171} INFO - Processing /home/airflow/.local/lib/python3.7/site-packages/airflow/example_dags/example_branch_day_of_week_operator.py took 0.060 seconds
[2022-08-01 13:30:27,476] {processor.py:163} INFO - Started process (PID=1078) to work on /home/airflow/.local/lib/python3.7/site-packages/airflow/example_dags/example_branch_day_of_week_operator.py
[2022-08-01 13:30:27,477] {processor.py:625} INFO - Processing file /home/airflow/.local/lib/python3.7/site-packages/airflow/example_dags/example_branch_day_of_week_operator.py for tasks to queue
[2022-08-01 13:30:27,478] {logging_mixin.py:109} INFO - [2022-08-01 13:30:27,478] {dagbag.py:500} INFO - Filling up the DagBag from /home/airflow/.local/lib/python3.7/site-packages/airflow/example_dags/example_branch_day_of_week_operator.py
[2022-08-01 13:30:27,509] {processor.py:637} INFO - DAG(s) dict_keys(['example_weekday_branch_operator']) retrieved from /home/airflow/.local/lib/python3.7/site-packages/airflow/example_dags/example_branch_day_of_week_operator.py
[2022-08-01 13:30:27,520] {logging_mixin.py:109} INFO - [2022-08-01 13:30:27,520] {dag.py:2396} INFO - Sync 1 DAGs
[2022-08-01 13:30:27,541] {logging_mixin.py:109} INFO - [2022-08-01 13:30:27,540] {dag.py:2928} INFO - Setting next_dagrun for example_weekday_branch_operator to 2022-07-31 00:00:00+00:00
[2022-08-01 13:30:27,553] {processor.py:171} INFO - Processing /home/airflow/.local/lib/python3.7/site-packages/airflow/example_dags/example_branch_day_of_week_operator.py took 0.081 seconds
