[2022-08-01 12:25:37,160] {processor.py:163} INFO - Started process (PID=57) to work on /home/airflow/.local/lib/python3.7/site-packages/airflow/example_dags/example_branch_operator.py
[2022-08-01 12:25:37,162] {processor.py:625} INFO - Processing file /home/airflow/.local/lib/python3.7/site-packages/airflow/example_dags/example_branch_operator.py for tasks to queue
[2022-08-01 12:25:37,163] {logging_mixin.py:109} INFO - [2022-08-01 12:25:37,163] {dagbag.py:500} INFO - Filling up the DagBag from /home/airflow/.local/lib/python3.7/site-packages/airflow/example_dags/example_branch_operator.py
[2022-08-01 12:25:37,209] {processor.py:637} INFO - DAG(s) dict_keys(['example_branch_operator']) retrieved from /home/airflow/.local/lib/python3.7/site-packages/airflow/example_dags/example_branch_operator.py
[2022-08-01 12:25:37,225] {logging_mixin.py:109} INFO - [2022-08-01 12:25:37,225] {dag.py:2396} INFO - Sync 1 DAGs
[2022-08-01 12:25:37,249] {logging_mixin.py:109} INFO - [2022-08-01 12:25:37,249] {dag.py:2928} INFO - Setting next_dagrun for example_branch_operator to 2022-07-31 00:00:00+00:00
[2022-08-01 12:25:37,265] {processor.py:171} INFO - Processing /home/airflow/.local/lib/python3.7/site-packages/airflow/example_dags/example_branch_operator.py took 0.110 seconds
[2022-08-01 12:26:07,544] {processor.py:163} INFO - Started process (PID=109) to work on /home/airflow/.local/lib/python3.7/site-packages/airflow/example_dags/example_branch_operator.py
[2022-08-01 12:26:07,545] {processor.py:625} INFO - Processing file /home/airflow/.local/lib/python3.7/site-packages/airflow/example_dags/example_branch_operator.py for tasks to queue
[2022-08-01 12:26:07,546] {logging_mixin.py:109} INFO - [2022-08-01 12:26:07,546] {dagbag.py:500} INFO - Filling up the DagBag from /home/airflow/.local/lib/python3.7/site-packages/airflow/example_dags/example_branch_operator.py
[2022-08-01 12:26:07,579] {processor.py:637} INFO - DAG(s) dict_keys(['example_branch_operator']) retrieved from /home/airflow/.local/lib/python3.7/site-packages/airflow/example_dags/example_branch_operator.py
[2022-08-01 12:26:07,591] {logging_mixin.py:109} INFO - [2022-08-01 12:26:07,590] {dag.py:2396} INFO - Sync 1 DAGs
[2022-08-01 12:26:07,609] {logging_mixin.py:109} INFO - [2022-08-01 12:26:07,609] {dag.py:2928} INFO - Setting next_dagrun for example_branch_operator to 2022-07-31 00:00:00+00:00
[2022-08-01 12:26:07,623] {processor.py:171} INFO - Processing /home/airflow/.local/lib/python3.7/site-packages/airflow/example_dags/example_branch_operator.py took 0.083 seconds
[2022-08-01 12:26:38,007] {processor.py:163} INFO - Started process (PID=161) to work on /home/airflow/.local/lib/python3.7/site-packages/airflow/example_dags/example_branch_operator.py
[2022-08-01 12:26:38,009] {processor.py:625} INFO - Processing file /home/airflow/.local/lib/python3.7/site-packages/airflow/example_dags/example_branch_operator.py for tasks to queue
[2022-08-01 12:26:38,010] {logging_mixin.py:109} INFO - [2022-08-01 12:26:38,010] {dagbag.py:500} INFO - Filling up the DagBag from /home/airflow/.local/lib/python3.7/site-packages/airflow/example_dags/example_branch_operator.py
[2022-08-01 12:26:38,056] {processor.py:637} INFO - DAG(s) dict_keys(['example_branch_operator']) retrieved from /home/airflow/.local/lib/python3.7/site-packages/airflow/example_dags/example_branch_operator.py
[2022-08-01 12:26:38,071] {logging_mixin.py:109} INFO - [2022-08-01 12:26:38,071] {dag.py:2396} INFO - Sync 1 DAGs
[2022-08-01 12:26:38,097] {logging_mixin.py:109} INFO - [2022-08-01 12:26:38,097] {dag.py:2928} INFO - Setting next_dagrun for example_branch_operator to 2022-07-31 00:00:00+00:00
[2022-08-01 12:26:38,111] {processor.py:171} INFO - Processing /home/airflow/.local/lib/python3.7/site-packages/airflow/example_dags/example_branch_operator.py took 0.107 seconds
[2022-08-01 12:27:08,906] {processor.py:163} INFO - Started process (PID=222) to work on /home/airflow/.local/lib/python3.7/site-packages/airflow/example_dags/example_branch_operator.py
[2022-08-01 12:27:08,908] {processor.py:625} INFO - Processing file /home/airflow/.local/lib/python3.7/site-packages/airflow/example_dags/example_branch_operator.py for tasks to queue
[2022-08-01 12:27:08,909] {logging_mixin.py:109} INFO - [2022-08-01 12:27:08,909] {dagbag.py:500} INFO - Filling up the DagBag from /home/airflow/.local/lib/python3.7/site-packages/airflow/example_dags/example_branch_operator.py
[2022-08-01 12:27:08,954] {processor.py:637} INFO - DAG(s) dict_keys(['example_branch_operator']) retrieved from /home/airflow/.local/lib/python3.7/site-packages/airflow/example_dags/example_branch_operator.py
[2022-08-01 12:27:08,973] {logging_mixin.py:109} INFO - [2022-08-01 12:27:08,973] {dag.py:2396} INFO - Sync 1 DAGs
[2022-08-01 12:27:09,003] {logging_mixin.py:109} INFO - [2022-08-01 12:27:09,003] {dag.py:2928} INFO - Setting next_dagrun for example_branch_operator to 2022-07-31 00:00:00+00:00
[2022-08-01 12:27:09,021] {processor.py:171} INFO - Processing /home/airflow/.local/lib/python3.7/site-packages/airflow/example_dags/example_branch_operator.py took 0.119 seconds
[2022-08-01 12:27:39,430] {processor.py:163} INFO - Started process (PID=274) to work on /home/airflow/.local/lib/python3.7/site-packages/airflow/example_dags/example_branch_operator.py
[2022-08-01 12:27:39,431] {processor.py:625} INFO - Processing file /home/airflow/.local/lib/python3.7/site-packages/airflow/example_dags/example_branch_operator.py for tasks to queue
[2022-08-01 12:27:39,432] {logging_mixin.py:109} INFO - [2022-08-01 12:27:39,432] {dagbag.py:500} INFO - Filling up the DagBag from /home/airflow/.local/lib/python3.7/site-packages/airflow/example_dags/example_branch_operator.py
[2022-08-01 12:27:39,453] {processor.py:637} INFO - DAG(s) dict_keys(['example_branch_operator']) retrieved from /home/airflow/.local/lib/python3.7/site-packages/airflow/example_dags/example_branch_operator.py
[2022-08-01 12:27:39,460] {logging_mixin.py:109} INFO - [2022-08-01 12:27:39,459] {dag.py:2396} INFO - Sync 1 DAGs
[2022-08-01 12:27:39,471] {logging_mixin.py:109} INFO - [2022-08-01 12:27:39,471] {dag.py:2928} INFO - Setting next_dagrun for example_branch_operator to 2022-07-31 00:00:00+00:00
[2022-08-01 12:27:39,478] {processor.py:171} INFO - Processing /home/airflow/.local/lib/python3.7/site-packages/airflow/example_dags/example_branch_operator.py took 0.051 seconds
[2022-08-01 12:28:10,684] {processor.py:163} INFO - Started process (PID=335) to work on /home/airflow/.local/lib/python3.7/site-packages/airflow/example_dags/example_branch_operator.py
[2022-08-01 12:28:10,685] {processor.py:625} INFO - Processing file /home/airflow/.local/lib/python3.7/site-packages/airflow/example_dags/example_branch_operator.py for tasks to queue
[2022-08-01 12:28:10,685] {logging_mixin.py:109} INFO - [2022-08-01 12:28:10,685] {dagbag.py:500} INFO - Filling up the DagBag from /home/airflow/.local/lib/python3.7/site-packages/airflow/example_dags/example_branch_operator.py
[2022-08-01 12:28:10,708] {processor.py:637} INFO - DAG(s) dict_keys(['example_branch_operator']) retrieved from /home/airflow/.local/lib/python3.7/site-packages/airflow/example_dags/example_branch_operator.py
[2022-08-01 12:28:10,718] {logging_mixin.py:109} INFO - [2022-08-01 12:28:10,718] {dag.py:2396} INFO - Sync 1 DAGs
[2022-08-01 12:28:10,732] {logging_mixin.py:109} INFO - [2022-08-01 12:28:10,732] {dag.py:2928} INFO - Setting next_dagrun for example_branch_operator to 2022-07-31 00:00:00+00:00
[2022-08-01 12:28:10,742] {processor.py:171} INFO - Processing /home/airflow/.local/lib/python3.7/site-packages/airflow/example_dags/example_branch_operator.py took 0.061 seconds
[2022-08-01 12:28:41,223] {processor.py:163} INFO - Started process (PID=387) to work on /home/airflow/.local/lib/python3.7/site-packages/airflow/example_dags/example_branch_operator.py
[2022-08-01 12:28:41,224] {processor.py:625} INFO - Processing file /home/airflow/.local/lib/python3.7/site-packages/airflow/example_dags/example_branch_operator.py for tasks to queue
[2022-08-01 12:28:41,224] {logging_mixin.py:109} INFO - [2022-08-01 12:28:41,224] {dagbag.py:500} INFO - Filling up the DagBag from /home/airflow/.local/lib/python3.7/site-packages/airflow/example_dags/example_branch_operator.py
[2022-08-01 12:28:41,245] {processor.py:637} INFO - DAG(s) dict_keys(['example_branch_operator']) retrieved from /home/airflow/.local/lib/python3.7/site-packages/airflow/example_dags/example_branch_operator.py
[2022-08-01 12:28:41,254] {logging_mixin.py:109} INFO - [2022-08-01 12:28:41,254] {dag.py:2396} INFO - Sync 1 DAGs
[2022-08-01 12:28:41,266] {logging_mixin.py:109} INFO - [2022-08-01 12:28:41,266] {dag.py:2928} INFO - Setting next_dagrun for example_branch_operator to 2022-07-31 00:00:00+00:00
[2022-08-01 12:28:41,274] {processor.py:171} INFO - Processing /home/airflow/.local/lib/python3.7/site-packages/airflow/example_dags/example_branch_operator.py took 0.055 seconds
[2022-08-01 12:29:12,387] {processor.py:163} INFO - Started process (PID=448) to work on /home/airflow/.local/lib/python3.7/site-packages/airflow/example_dags/example_branch_operator.py
[2022-08-01 12:29:12,388] {processor.py:625} INFO - Processing file /home/airflow/.local/lib/python3.7/site-packages/airflow/example_dags/example_branch_operator.py for tasks to queue
[2022-08-01 12:29:12,389] {logging_mixin.py:109} INFO - [2022-08-01 12:29:12,389] {dagbag.py:500} INFO - Filling up the DagBag from /home/airflow/.local/lib/python3.7/site-packages/airflow/example_dags/example_branch_operator.py
[2022-08-01 12:29:12,427] {processor.py:637} INFO - DAG(s) dict_keys(['example_branch_operator']) retrieved from /home/airflow/.local/lib/python3.7/site-packages/airflow/example_dags/example_branch_operator.py
[2022-08-01 12:29:12,443] {logging_mixin.py:109} INFO - [2022-08-01 12:29:12,443] {dag.py:2396} INFO - Sync 1 DAGs
[2022-08-01 12:29:12,463] {logging_mixin.py:109} INFO - [2022-08-01 12:29:12,463] {dag.py:2928} INFO - Setting next_dagrun for example_branch_operator to 2022-07-31 00:00:00+00:00
[2022-08-01 12:29:12,477] {processor.py:171} INFO - Processing /home/airflow/.local/lib/python3.7/site-packages/airflow/example_dags/example_branch_operator.py took 0.093 seconds
[2022-08-01 12:29:43,075] {processor.py:163} INFO - Started process (PID=500) to work on /home/airflow/.local/lib/python3.7/site-packages/airflow/example_dags/example_branch_operator.py
[2022-08-01 12:29:43,076] {processor.py:625} INFO - Processing file /home/airflow/.local/lib/python3.7/site-packages/airflow/example_dags/example_branch_operator.py for tasks to queue
[2022-08-01 12:29:43,077] {logging_mixin.py:109} INFO - [2022-08-01 12:29:43,077] {dagbag.py:500} INFO - Filling up the DagBag from /home/airflow/.local/lib/python3.7/site-packages/airflow/example_dags/example_branch_operator.py
[2022-08-01 12:29:43,105] {processor.py:637} INFO - DAG(s) dict_keys(['example_branch_operator']) retrieved from /home/airflow/.local/lib/python3.7/site-packages/airflow/example_dags/example_branch_operator.py
[2022-08-01 12:29:43,116] {logging_mixin.py:109} INFO - [2022-08-01 12:29:43,115] {dag.py:2396} INFO - Sync 1 DAGs
[2022-08-01 12:29:43,132] {logging_mixin.py:109} INFO - [2022-08-01 12:29:43,131] {dag.py:2928} INFO - Setting next_dagrun for example_branch_operator to 2022-07-31 00:00:00+00:00
[2022-08-01 12:29:43,143] {processor.py:171} INFO - Processing /home/airflow/.local/lib/python3.7/site-packages/airflow/example_dags/example_branch_operator.py took 0.071 seconds
[2022-08-01 12:30:13,537] {processor.py:163} INFO - Started process (PID=561) to work on /home/airflow/.local/lib/python3.7/site-packages/airflow/example_dags/example_branch_operator.py
[2022-08-01 12:30:13,538] {processor.py:625} INFO - Processing file /home/airflow/.local/lib/python3.7/site-packages/airflow/example_dags/example_branch_operator.py for tasks to queue
[2022-08-01 12:30:13,539] {logging_mixin.py:109} INFO - [2022-08-01 12:30:13,539] {dagbag.py:500} INFO - Filling up the DagBag from /home/airflow/.local/lib/python3.7/site-packages/airflow/example_dags/example_branch_operator.py
[2022-08-01 12:30:13,627] {processor.py:637} INFO - DAG(s) dict_keys(['example_branch_operator']) retrieved from /home/airflow/.local/lib/python3.7/site-packages/airflow/example_dags/example_branch_operator.py
[2022-08-01 12:30:13,641] {logging_mixin.py:109} INFO - [2022-08-01 12:30:13,641] {dag.py:2396} INFO - Sync 1 DAGs
[2022-08-01 12:30:13,665] {logging_mixin.py:109} INFO - [2022-08-01 12:30:13,665] {dag.py:2928} INFO - Setting next_dagrun for example_branch_operator to 2022-07-31 00:00:00+00:00
[2022-08-01 12:30:13,676] {processor.py:171} INFO - Processing /home/airflow/.local/lib/python3.7/site-packages/airflow/example_dags/example_branch_operator.py took 0.143 seconds
[2022-08-01 12:30:46,936] {processor.py:163} INFO - Started process (PID=614) to work on /home/airflow/.local/lib/python3.7/site-packages/airflow/example_dags/example_branch_operator.py
[2022-08-01 12:30:46,938] {processor.py:625} INFO - Processing file /home/airflow/.local/lib/python3.7/site-packages/airflow/example_dags/example_branch_operator.py for tasks to queue
[2022-08-01 12:30:46,939] {logging_mixin.py:109} INFO - [2022-08-01 12:30:46,939] {dagbag.py:500} INFO - Filling up the DagBag from /home/airflow/.local/lib/python3.7/site-packages/airflow/example_dags/example_branch_operator.py
[2022-08-01 12:30:46,995] {processor.py:637} INFO - DAG(s) dict_keys(['example_branch_operator']) retrieved from /home/airflow/.local/lib/python3.7/site-packages/airflow/example_dags/example_branch_operator.py
[2022-08-01 12:30:47,019] {logging_mixin.py:109} INFO - [2022-08-01 12:30:47,018] {dag.py:2396} INFO - Sync 1 DAGs
[2022-08-01 12:30:47,049] {logging_mixin.py:109} INFO - [2022-08-01 12:30:47,049] {dag.py:2928} INFO - Setting next_dagrun for example_branch_operator to 2022-07-31 00:00:00+00:00
[2022-08-01 12:30:47,065] {processor.py:171} INFO - Processing /home/airflow/.local/lib/python3.7/site-packages/airflow/example_dags/example_branch_operator.py took 0.134 seconds
[2022-08-01 12:31:17,529] {processor.py:163} INFO - Started process (PID=673) to work on /home/airflow/.local/lib/python3.7/site-packages/airflow/example_dags/example_branch_operator.py
[2022-08-01 12:31:17,530] {processor.py:625} INFO - Processing file /home/airflow/.local/lib/python3.7/site-packages/airflow/example_dags/example_branch_operator.py for tasks to queue
[2022-08-01 12:31:17,531] {logging_mixin.py:109} INFO - [2022-08-01 12:31:17,531] {dagbag.py:500} INFO - Filling up the DagBag from /home/airflow/.local/lib/python3.7/site-packages/airflow/example_dags/example_branch_operator.py
[2022-08-01 12:31:17,559] {processor.py:637} INFO - DAG(s) dict_keys(['example_branch_operator']) retrieved from /home/airflow/.local/lib/python3.7/site-packages/airflow/example_dags/example_branch_operator.py
[2022-08-01 12:31:17,570] {logging_mixin.py:109} INFO - [2022-08-01 12:31:17,570] {dag.py:2396} INFO - Sync 1 DAGs
[2022-08-01 12:31:17,589] {logging_mixin.py:109} INFO - [2022-08-01 12:31:17,589] {dag.py:2928} INFO - Setting next_dagrun for example_branch_operator to 2022-07-31 00:00:00+00:00
[2022-08-01 12:31:17,603] {processor.py:171} INFO - Processing /home/airflow/.local/lib/python3.7/site-packages/airflow/example_dags/example_branch_operator.py took 0.077 seconds
[2022-08-01 12:31:48,711] {processor.py:163} INFO - Started process (PID=727) to work on /home/airflow/.local/lib/python3.7/site-packages/airflow/example_dags/example_branch_operator.py
[2022-08-01 12:31:48,713] {processor.py:625} INFO - Processing file /home/airflow/.local/lib/python3.7/site-packages/airflow/example_dags/example_branch_operator.py for tasks to queue
[2022-08-01 12:31:48,714] {logging_mixin.py:109} INFO - [2022-08-01 12:31:48,714] {dagbag.py:500} INFO - Filling up the DagBag from /home/airflow/.local/lib/python3.7/site-packages/airflow/example_dags/example_branch_operator.py
[2022-08-01 12:31:48,756] {processor.py:637} INFO - DAG(s) dict_keys(['example_branch_operator']) retrieved from /home/airflow/.local/lib/python3.7/site-packages/airflow/example_dags/example_branch_operator.py
[2022-08-01 12:31:48,770] {logging_mixin.py:109} INFO - [2022-08-01 12:31:48,770] {dag.py:2396} INFO - Sync 1 DAGs
[2022-08-01 12:31:48,790] {logging_mixin.py:109} INFO - [2022-08-01 12:31:48,790] {dag.py:2928} INFO - Setting next_dagrun for example_branch_operator to 2022-07-31 00:00:00+00:00
[2022-08-01 12:31:48,805] {processor.py:171} INFO - Processing /home/airflow/.local/lib/python3.7/site-packages/airflow/example_dags/example_branch_operator.py took 0.098 seconds
[2022-08-01 12:32:19,017] {processor.py:163} INFO - Started process (PID=779) to work on /home/airflow/.local/lib/python3.7/site-packages/airflow/example_dags/example_branch_operator.py
[2022-08-01 12:32:19,018] {processor.py:625} INFO - Processing file /home/airflow/.local/lib/python3.7/site-packages/airflow/example_dags/example_branch_operator.py for tasks to queue
[2022-08-01 12:32:19,018] {logging_mixin.py:109} INFO - [2022-08-01 12:32:19,018] {dagbag.py:500} INFO - Filling up the DagBag from /home/airflow/.local/lib/python3.7/site-packages/airflow/example_dags/example_branch_operator.py
[2022-08-01 12:32:19,043] {processor.py:637} INFO - DAG(s) dict_keys(['example_branch_operator']) retrieved from /home/airflow/.local/lib/python3.7/site-packages/airflow/example_dags/example_branch_operator.py
[2022-08-01 12:32:19,054] {logging_mixin.py:109} INFO - [2022-08-01 12:32:19,054] {dag.py:2396} INFO - Sync 1 DAGs
[2022-08-01 12:32:19,068] {logging_mixin.py:109} INFO - [2022-08-01 12:32:19,068] {dag.py:2928} INFO - Setting next_dagrun for example_branch_operator to 2022-07-31 00:00:00+00:00
[2022-08-01 12:32:19,077] {processor.py:171} INFO - Processing /home/airflow/.local/lib/python3.7/site-packages/airflow/example_dags/example_branch_operator.py took 0.064 seconds
[2022-08-01 12:32:49,674] {processor.py:163} INFO - Started process (PID=841) to work on /home/airflow/.local/lib/python3.7/site-packages/airflow/example_dags/example_branch_operator.py
[2022-08-01 12:32:49,675] {processor.py:625} INFO - Processing file /home/airflow/.local/lib/python3.7/site-packages/airflow/example_dags/example_branch_operator.py for tasks to queue
[2022-08-01 12:32:49,676] {logging_mixin.py:109} INFO - [2022-08-01 12:32:49,676] {dagbag.py:500} INFO - Filling up the DagBag from /home/airflow/.local/lib/python3.7/site-packages/airflow/example_dags/example_branch_operator.py
[2022-08-01 12:32:49,727] {processor.py:637} INFO - DAG(s) dict_keys(['example_branch_operator']) retrieved from /home/airflow/.local/lib/python3.7/site-packages/airflow/example_dags/example_branch_operator.py
[2022-08-01 12:32:49,742] {logging_mixin.py:109} INFO - [2022-08-01 12:32:49,742] {dag.py:2396} INFO - Sync 1 DAGs
[2022-08-01 12:32:49,764] {logging_mixin.py:109} INFO - [2022-08-01 12:32:49,764] {dag.py:2928} INFO - Setting next_dagrun for example_branch_operator to 2022-07-31 00:00:00+00:00
[2022-08-01 12:32:49,776] {processor.py:171} INFO - Processing /home/airflow/.local/lib/python3.7/site-packages/airflow/example_dags/example_branch_operator.py took 0.107 seconds
[2022-08-01 12:33:20,111] {processor.py:163} INFO - Started process (PID=892) to work on /home/airflow/.local/lib/python3.7/site-packages/airflow/example_dags/example_branch_operator.py
[2022-08-01 12:33:20,112] {processor.py:625} INFO - Processing file /home/airflow/.local/lib/python3.7/site-packages/airflow/example_dags/example_branch_operator.py for tasks to queue
[2022-08-01 12:33:20,113] {logging_mixin.py:109} INFO - [2022-08-01 12:33:20,113] {dagbag.py:500} INFO - Filling up the DagBag from /home/airflow/.local/lib/python3.7/site-packages/airflow/example_dags/example_branch_operator.py
[2022-08-01 12:33:20,133] {processor.py:637} INFO - DAG(s) dict_keys(['example_branch_operator']) retrieved from /home/airflow/.local/lib/python3.7/site-packages/airflow/example_dags/example_branch_operator.py
[2022-08-01 12:33:20,141] {logging_mixin.py:109} INFO - [2022-08-01 12:33:20,141] {dag.py:2396} INFO - Sync 1 DAGs
[2022-08-01 12:33:20,153] {logging_mixin.py:109} INFO - [2022-08-01 12:33:20,153] {dag.py:2928} INFO - Setting next_dagrun for example_branch_operator to 2022-07-31 00:00:00+00:00
[2022-08-01 12:33:20,162] {processor.py:171} INFO - Processing /home/airflow/.local/lib/python3.7/site-packages/airflow/example_dags/example_branch_operator.py took 0.053 seconds
[2022-08-01 12:33:51,533] {processor.py:163} INFO - Started process (PID=953) to work on /home/airflow/.local/lib/python3.7/site-packages/airflow/example_dags/example_branch_operator.py
[2022-08-01 12:33:51,534] {processor.py:625} INFO - Processing file /home/airflow/.local/lib/python3.7/site-packages/airflow/example_dags/example_branch_operator.py for tasks to queue
[2022-08-01 12:33:51,535] {logging_mixin.py:109} INFO - [2022-08-01 12:33:51,535] {dagbag.py:500} INFO - Filling up the DagBag from /home/airflow/.local/lib/python3.7/site-packages/airflow/example_dags/example_branch_operator.py
[2022-08-01 12:33:51,581] {processor.py:637} INFO - DAG(s) dict_keys(['example_branch_operator']) retrieved from /home/airflow/.local/lib/python3.7/site-packages/airflow/example_dags/example_branch_operator.py
[2022-08-01 12:33:51,599] {logging_mixin.py:109} INFO - [2022-08-01 12:33:51,599] {dag.py:2396} INFO - Sync 1 DAGs
[2022-08-01 12:33:51,621] {logging_mixin.py:109} INFO - [2022-08-01 12:33:51,621] {dag.py:2928} INFO - Setting next_dagrun for example_branch_operator to 2022-07-31 00:00:00+00:00
[2022-08-01 12:33:51,634] {processor.py:171} INFO - Processing /home/airflow/.local/lib/python3.7/site-packages/airflow/example_dags/example_branch_operator.py took 0.106 seconds
[2022-08-01 12:34:22,042] {processor.py:163} INFO - Started process (PID=1005) to work on /home/airflow/.local/lib/python3.7/site-packages/airflow/example_dags/example_branch_operator.py
[2022-08-01 12:34:22,044] {processor.py:625} INFO - Processing file /home/airflow/.local/lib/python3.7/site-packages/airflow/example_dags/example_branch_operator.py for tasks to queue
[2022-08-01 12:34:22,044] {logging_mixin.py:109} INFO - [2022-08-01 12:34:22,044] {dagbag.py:500} INFO - Filling up the DagBag from /home/airflow/.local/lib/python3.7/site-packages/airflow/example_dags/example_branch_operator.py
[2022-08-01 12:34:22,071] {processor.py:637} INFO - DAG(s) dict_keys(['example_branch_operator']) retrieved from /home/airflow/.local/lib/python3.7/site-packages/airflow/example_dags/example_branch_operator.py
[2022-08-01 12:34:22,082] {logging_mixin.py:109} INFO - [2022-08-01 12:34:22,081] {dag.py:2396} INFO - Sync 1 DAGs
[2022-08-01 12:34:22,097] {logging_mixin.py:109} INFO - [2022-08-01 12:34:22,097] {dag.py:2928} INFO - Setting next_dagrun for example_branch_operator to 2022-07-31 00:00:00+00:00
[2022-08-01 12:34:22,111] {processor.py:171} INFO - Processing /home/airflow/.local/lib/python3.7/site-packages/airflow/example_dags/example_branch_operator.py took 0.072 seconds
[2022-08-01 12:34:53,591] {processor.py:163} INFO - Started process (PID=1065) to work on /home/airflow/.local/lib/python3.7/site-packages/airflow/example_dags/example_branch_operator.py
[2022-08-01 12:34:53,593] {processor.py:625} INFO - Processing file /home/airflow/.local/lib/python3.7/site-packages/airflow/example_dags/example_branch_operator.py for tasks to queue
[2022-08-01 12:34:53,600] {logging_mixin.py:109} INFO - [2022-08-01 12:34:53,599] {dagbag.py:500} INFO - Filling up the DagBag from /home/airflow/.local/lib/python3.7/site-packages/airflow/example_dags/example_branch_operator.py
[2022-08-01 12:34:53,681] {processor.py:637} INFO - DAG(s) dict_keys(['example_branch_operator']) retrieved from /home/airflow/.local/lib/python3.7/site-packages/airflow/example_dags/example_branch_operator.py
[2022-08-01 12:34:53,709] {logging_mixin.py:109} INFO - [2022-08-01 12:34:53,708] {dag.py:2396} INFO - Sync 1 DAGs
[2022-08-01 12:34:53,746] {logging_mixin.py:109} INFO - [2022-08-01 12:34:53,746] {dag.py:2928} INFO - Setting next_dagrun for example_branch_operator to 2022-07-31 00:00:00+00:00
[2022-08-01 12:34:53,761] {processor.py:171} INFO - Processing /home/airflow/.local/lib/python3.7/site-packages/airflow/example_dags/example_branch_operator.py took 0.184 seconds
[2022-08-01 12:35:24,546] {processor.py:163} INFO - Started process (PID=1117) to work on /home/airflow/.local/lib/python3.7/site-packages/airflow/example_dags/example_branch_operator.py
[2022-08-01 12:35:24,548] {processor.py:625} INFO - Processing file /home/airflow/.local/lib/python3.7/site-packages/airflow/example_dags/example_branch_operator.py for tasks to queue
[2022-08-01 12:35:24,548] {logging_mixin.py:109} INFO - [2022-08-01 12:35:24,548] {dagbag.py:500} INFO - Filling up the DagBag from /home/airflow/.local/lib/python3.7/site-packages/airflow/example_dags/example_branch_operator.py
[2022-08-01 12:35:24,579] {processor.py:637} INFO - DAG(s) dict_keys(['example_branch_operator']) retrieved from /home/airflow/.local/lib/python3.7/site-packages/airflow/example_dags/example_branch_operator.py
[2022-08-01 12:35:24,590] {logging_mixin.py:109} INFO - [2022-08-01 12:35:24,590] {dag.py:2396} INFO - Sync 1 DAGs
[2022-08-01 12:35:24,610] {logging_mixin.py:109} INFO - [2022-08-01 12:35:24,610] {dag.py:2928} INFO - Setting next_dagrun for example_branch_operator to 2022-07-31 00:00:00+00:00
[2022-08-01 12:35:24,625] {processor.py:171} INFO - Processing /home/airflow/.local/lib/python3.7/site-packages/airflow/example_dags/example_branch_operator.py took 0.083 seconds
[2022-08-01 12:35:55,731] {processor.py:163} INFO - Started process (PID=1170) to work on /home/airflow/.local/lib/python3.7/site-packages/airflow/example_dags/example_branch_operator.py
[2022-08-01 12:35:55,732] {processor.py:625} INFO - Processing file /home/airflow/.local/lib/python3.7/site-packages/airflow/example_dags/example_branch_operator.py for tasks to queue
[2022-08-01 12:35:55,733] {logging_mixin.py:109} INFO - [2022-08-01 12:35:55,733] {dagbag.py:500} INFO - Filling up the DagBag from /home/airflow/.local/lib/python3.7/site-packages/airflow/example_dags/example_branch_operator.py
[2022-08-01 12:35:55,756] {processor.py:637} INFO - DAG(s) dict_keys(['example_branch_operator']) retrieved from /home/airflow/.local/lib/python3.7/site-packages/airflow/example_dags/example_branch_operator.py
[2022-08-01 12:35:55,763] {logging_mixin.py:109} INFO - [2022-08-01 12:35:55,763] {dag.py:2396} INFO - Sync 1 DAGs
[2022-08-01 12:35:55,776] {logging_mixin.py:109} INFO - [2022-08-01 12:35:55,776] {dag.py:2928} INFO - Setting next_dagrun for example_branch_operator to 2022-07-31 00:00:00+00:00
[2022-08-01 12:35:55,784] {processor.py:171} INFO - Processing /home/airflow/.local/lib/python3.7/site-packages/airflow/example_dags/example_branch_operator.py took 0.056 seconds
[2022-08-01 12:40:12,287] {processor.py:163} INFO - Started process (PID=57) to work on /home/airflow/.local/lib/python3.7/site-packages/airflow/example_dags/example_branch_operator.py
[2022-08-01 12:40:12,292] {processor.py:625} INFO - Processing file /home/airflow/.local/lib/python3.7/site-packages/airflow/example_dags/example_branch_operator.py for tasks to queue
[2022-08-01 12:40:12,293] {logging_mixin.py:109} INFO - [2022-08-01 12:40:12,293] {dagbag.py:500} INFO - Filling up the DagBag from /home/airflow/.local/lib/python3.7/site-packages/airflow/example_dags/example_branch_operator.py
[2022-08-01 12:40:12,367] {processor.py:637} INFO - DAG(s) dict_keys(['example_branch_operator']) retrieved from /home/airflow/.local/lib/python3.7/site-packages/airflow/example_dags/example_branch_operator.py
[2022-08-01 12:40:12,402] {logging_mixin.py:109} INFO - [2022-08-01 12:40:12,402] {dag.py:2396} INFO - Sync 1 DAGs
[2022-08-01 12:40:12,462] {logging_mixin.py:109} INFO - [2022-08-01 12:40:12,461] {dag.py:2928} INFO - Setting next_dagrun for example_branch_operator to 2022-07-31 00:00:00+00:00
[2022-08-01 12:40:12,491] {processor.py:171} INFO - Processing /home/airflow/.local/lib/python3.7/site-packages/airflow/example_dags/example_branch_operator.py took 0.211 seconds
[2022-08-01 12:40:43,407] {processor.py:163} INFO - Started process (PID=108) to work on /home/airflow/.local/lib/python3.7/site-packages/airflow/example_dags/example_branch_operator.py
[2022-08-01 12:40:43,414] {processor.py:625} INFO - Processing file /home/airflow/.local/lib/python3.7/site-packages/airflow/example_dags/example_branch_operator.py for tasks to queue
[2022-08-01 12:40:43,415] {logging_mixin.py:109} INFO - [2022-08-01 12:40:43,415] {dagbag.py:500} INFO - Filling up the DagBag from /home/airflow/.local/lib/python3.7/site-packages/airflow/example_dags/example_branch_operator.py
[2022-08-01 12:40:43,435] {processor.py:637} INFO - DAG(s) dict_keys(['example_branch_operator']) retrieved from /home/airflow/.local/lib/python3.7/site-packages/airflow/example_dags/example_branch_operator.py
[2022-08-01 12:40:43,443] {logging_mixin.py:109} INFO - [2022-08-01 12:40:43,443] {dag.py:2396} INFO - Sync 1 DAGs
[2022-08-01 12:40:43,456] {logging_mixin.py:109} INFO - [2022-08-01 12:40:43,455] {dag.py:2928} INFO - Setting next_dagrun for example_branch_operator to 2022-07-31 00:00:00+00:00
[2022-08-01 12:40:43,462] {processor.py:171} INFO - Processing /home/airflow/.local/lib/python3.7/site-packages/airflow/example_dags/example_branch_operator.py took 0.057 seconds
[2022-08-01 13:20:40,718] {processor.py:163} INFO - Started process (PID=57) to work on /home/airflow/.local/lib/python3.7/site-packages/airflow/example_dags/example_branch_operator.py
[2022-08-01 13:20:40,722] {processor.py:625} INFO - Processing file /home/airflow/.local/lib/python3.7/site-packages/airflow/example_dags/example_branch_operator.py for tasks to queue
[2022-08-01 13:20:40,723] {logging_mixin.py:109} INFO - [2022-08-01 13:20:40,723] {dagbag.py:500} INFO - Filling up the DagBag from /home/airflow/.local/lib/python3.7/site-packages/airflow/example_dags/example_branch_operator.py
[2022-08-01 13:20:40,816] {processor.py:637} INFO - DAG(s) dict_keys(['example_branch_operator']) retrieved from /home/airflow/.local/lib/python3.7/site-packages/airflow/example_dags/example_branch_operator.py
[2022-08-01 13:20:40,842] {logging_mixin.py:109} INFO - [2022-08-01 13:20:40,842] {dag.py:2396} INFO - Sync 1 DAGs
[2022-08-01 13:20:40,906] {logging_mixin.py:109} INFO - [2022-08-01 13:20:40,905] {dag.py:2928} INFO - Setting next_dagrun for example_branch_operator to 2022-07-31 00:00:00+00:00
[2022-08-01 13:20:40,927] {processor.py:171} INFO - Processing /home/airflow/.local/lib/python3.7/site-packages/airflow/example_dags/example_branch_operator.py took 0.225 seconds
[2022-08-01 13:21:15,797] {processor.py:163} INFO - Started process (PID=109) to work on /home/airflow/.local/lib/python3.7/site-packages/airflow/example_dags/example_branch_operator.py
[2022-08-01 13:21:15,801] {processor.py:625} INFO - Processing file /home/airflow/.local/lib/python3.7/site-packages/airflow/example_dags/example_branch_operator.py for tasks to queue
[2022-08-01 13:21:15,803] {logging_mixin.py:109} INFO - [2022-08-01 13:21:15,802] {dagbag.py:500} INFO - Filling up the DagBag from /home/airflow/.local/lib/python3.7/site-packages/airflow/example_dags/example_branch_operator.py
[2022-08-01 13:21:15,886] {processor.py:637} INFO - DAG(s) dict_keys(['example_branch_operator']) retrieved from /home/airflow/.local/lib/python3.7/site-packages/airflow/example_dags/example_branch_operator.py
[2022-08-01 13:21:15,922] {logging_mixin.py:109} INFO - [2022-08-01 13:21:15,922] {dag.py:2396} INFO - Sync 1 DAGs
[2022-08-01 13:21:15,979] {logging_mixin.py:109} INFO - [2022-08-01 13:21:15,979] {dag.py:2928} INFO - Setting next_dagrun for example_branch_operator to 2022-07-31 00:00:00+00:00
[2022-08-01 13:21:16,013] {processor.py:171} INFO - Processing /home/airflow/.local/lib/python3.7/site-packages/airflow/example_dags/example_branch_operator.py took 0.244 seconds
[2022-08-01 13:21:46,127] {processor.py:163} INFO - Started process (PID=160) to work on /home/airflow/.local/lib/python3.7/site-packages/airflow/example_dags/example_branch_operator.py
[2022-08-01 13:21:46,128] {processor.py:625} INFO - Processing file /home/airflow/.local/lib/python3.7/site-packages/airflow/example_dags/example_branch_operator.py for tasks to queue
[2022-08-01 13:21:46,129] {logging_mixin.py:109} INFO - [2022-08-01 13:21:46,129] {dagbag.py:500} INFO - Filling up the DagBag from /home/airflow/.local/lib/python3.7/site-packages/airflow/example_dags/example_branch_operator.py
[2022-08-01 13:21:46,153] {processor.py:637} INFO - DAG(s) dict_keys(['example_branch_operator']) retrieved from /home/airflow/.local/lib/python3.7/site-packages/airflow/example_dags/example_branch_operator.py
[2022-08-01 13:21:46,161] {logging_mixin.py:109} INFO - [2022-08-01 13:21:46,161] {dag.py:2396} INFO - Sync 1 DAGs
[2022-08-01 13:21:46,174] {logging_mixin.py:109} INFO - [2022-08-01 13:21:46,174] {dag.py:2928} INFO - Setting next_dagrun for example_branch_operator to 2022-07-31 00:00:00+00:00
[2022-08-01 13:21:46,184] {processor.py:171} INFO - Processing /home/airflow/.local/lib/python3.7/site-packages/airflow/example_dags/example_branch_operator.py took 0.060 seconds
[2022-08-01 13:22:16,420] {processor.py:163} INFO - Started process (PID=212) to work on /home/airflow/.local/lib/python3.7/site-packages/airflow/example_dags/example_branch_operator.py
[2022-08-01 13:22:16,421] {processor.py:625} INFO - Processing file /home/airflow/.local/lib/python3.7/site-packages/airflow/example_dags/example_branch_operator.py for tasks to queue
[2022-08-01 13:22:16,421] {logging_mixin.py:109} INFO - [2022-08-01 13:22:16,421] {dagbag.py:500} INFO - Filling up the DagBag from /home/airflow/.local/lib/python3.7/site-packages/airflow/example_dags/example_branch_operator.py
[2022-08-01 13:22:16,443] {processor.py:637} INFO - DAG(s) dict_keys(['example_branch_operator']) retrieved from /home/airflow/.local/lib/python3.7/site-packages/airflow/example_dags/example_branch_operator.py
[2022-08-01 13:22:16,450] {logging_mixin.py:109} INFO - [2022-08-01 13:22:16,450] {dag.py:2396} INFO - Sync 1 DAGs
[2022-08-01 13:22:16,462] {logging_mixin.py:109} INFO - [2022-08-01 13:22:16,462] {dag.py:2928} INFO - Setting next_dagrun for example_branch_operator to 2022-07-31 00:00:00+00:00
[2022-08-01 13:22:16,470] {processor.py:171} INFO - Processing /home/airflow/.local/lib/python3.7/site-packages/airflow/example_dags/example_branch_operator.py took 0.052 seconds
[2022-08-01 13:22:46,512] {processor.py:163} INFO - Started process (PID=273) to work on /home/airflow/.local/lib/python3.7/site-packages/airflow/example_dags/example_branch_operator.py
[2022-08-01 13:22:46,514] {processor.py:625} INFO - Processing file /home/airflow/.local/lib/python3.7/site-packages/airflow/example_dags/example_branch_operator.py for tasks to queue
[2022-08-01 13:22:46,514] {logging_mixin.py:109} INFO - [2022-08-01 13:22:46,514] {dagbag.py:500} INFO - Filling up the DagBag from /home/airflow/.local/lib/python3.7/site-packages/airflow/example_dags/example_branch_operator.py
[2022-08-01 13:22:46,591] {processor.py:637} INFO - DAG(s) dict_keys(['example_branch_operator']) retrieved from /home/airflow/.local/lib/python3.7/site-packages/airflow/example_dags/example_branch_operator.py
[2022-08-01 13:22:46,613] {logging_mixin.py:109} INFO - [2022-08-01 13:22:46,612] {dag.py:2396} INFO - Sync 1 DAGs
[2022-08-01 13:22:46,634] {logging_mixin.py:109} INFO - [2022-08-01 13:22:46,633] {dag.py:2928} INFO - Setting next_dagrun for example_branch_operator to 2022-07-31 00:00:00+00:00
[2022-08-01 13:22:46,648] {processor.py:171} INFO - Processing /home/airflow/.local/lib/python3.7/site-packages/airflow/example_dags/example_branch_operator.py took 0.139 seconds
[2022-08-01 13:23:16,786] {processor.py:163} INFO - Started process (PID=324) to work on /home/airflow/.local/lib/python3.7/site-packages/airflow/example_dags/example_branch_operator.py
[2022-08-01 13:23:16,788] {processor.py:625} INFO - Processing file /home/airflow/.local/lib/python3.7/site-packages/airflow/example_dags/example_branch_operator.py for tasks to queue
[2022-08-01 13:23:16,789] {logging_mixin.py:109} INFO - [2022-08-01 13:23:16,789] {dagbag.py:500} INFO - Filling up the DagBag from /home/airflow/.local/lib/python3.7/site-packages/airflow/example_dags/example_branch_operator.py
[2022-08-01 13:23:16,827] {processor.py:637} INFO - DAG(s) dict_keys(['example_branch_operator']) retrieved from /home/airflow/.local/lib/python3.7/site-packages/airflow/example_dags/example_branch_operator.py
[2022-08-01 13:23:16,839] {logging_mixin.py:109} INFO - [2022-08-01 13:23:16,839] {dag.py:2396} INFO - Sync 1 DAGs
[2022-08-01 13:23:16,855] {logging_mixin.py:109} INFO - [2022-08-01 13:23:16,855] {dag.py:2928} INFO - Setting next_dagrun for example_branch_operator to 2022-07-31 00:00:00+00:00
[2022-08-01 13:23:16,866] {processor.py:171} INFO - Processing /home/airflow/.local/lib/python3.7/site-packages/airflow/example_dags/example_branch_operator.py took 0.084 seconds
[2022-08-01 13:23:47,845] {processor.py:163} INFO - Started process (PID=377) to work on /home/airflow/.local/lib/python3.7/site-packages/airflow/example_dags/example_branch_operator.py
[2022-08-01 13:23:47,847] {processor.py:625} INFO - Processing file /home/airflow/.local/lib/python3.7/site-packages/airflow/example_dags/example_branch_operator.py for tasks to queue
[2022-08-01 13:23:47,848] {logging_mixin.py:109} INFO - [2022-08-01 13:23:47,848] {dagbag.py:500} INFO - Filling up the DagBag from /home/airflow/.local/lib/python3.7/site-packages/airflow/example_dags/example_branch_operator.py
[2022-08-01 13:23:47,872] {processor.py:637} INFO - DAG(s) dict_keys(['example_branch_operator']) retrieved from /home/airflow/.local/lib/python3.7/site-packages/airflow/example_dags/example_branch_operator.py
[2022-08-01 13:23:47,880] {logging_mixin.py:109} INFO - [2022-08-01 13:23:47,880] {dag.py:2396} INFO - Sync 1 DAGs
[2022-08-01 13:23:47,893] {logging_mixin.py:109} INFO - [2022-08-01 13:23:47,893] {dag.py:2928} INFO - Setting next_dagrun for example_branch_operator to 2022-07-31 00:00:00+00:00
[2022-08-01 13:23:47,902] {processor.py:171} INFO - Processing /home/airflow/.local/lib/python3.7/site-packages/airflow/example_dags/example_branch_operator.py took 0.059 seconds
[2022-08-01 13:24:19,415] {processor.py:163} INFO - Started process (PID=429) to work on /home/airflow/.local/lib/python3.7/site-packages/airflow/example_dags/example_branch_operator.py
[2022-08-01 13:24:19,421] {processor.py:625} INFO - Processing file /home/airflow/.local/lib/python3.7/site-packages/airflow/example_dags/example_branch_operator.py for tasks to queue
[2022-08-01 13:24:19,422] {logging_mixin.py:109} INFO - [2022-08-01 13:24:19,422] {dagbag.py:500} INFO - Filling up the DagBag from /home/airflow/.local/lib/python3.7/site-packages/airflow/example_dags/example_branch_operator.py
[2022-08-01 13:24:19,511] {processor.py:637} INFO - DAG(s) dict_keys(['example_branch_operator']) retrieved from /home/airflow/.local/lib/python3.7/site-packages/airflow/example_dags/example_branch_operator.py
[2022-08-01 13:24:19,543] {logging_mixin.py:109} INFO - [2022-08-01 13:24:19,542] {dag.py:2396} INFO - Sync 1 DAGs
[2022-08-01 13:24:19,588] {logging_mixin.py:109} INFO - [2022-08-01 13:24:19,588] {dag.py:2928} INFO - Setting next_dagrun for example_branch_operator to 2022-07-31 00:00:00+00:00
[2022-08-01 13:24:19,607] {processor.py:171} INFO - Processing /home/airflow/.local/lib/python3.7/site-packages/airflow/example_dags/example_branch_operator.py took 0.200 seconds
[2022-08-01 13:24:53,392] {processor.py:163} INFO - Started process (PID=482) to work on /home/airflow/.local/lib/python3.7/site-packages/airflow/example_dags/example_branch_operator.py
[2022-08-01 13:24:53,396] {processor.py:625} INFO - Processing file /home/airflow/.local/lib/python3.7/site-packages/airflow/example_dags/example_branch_operator.py for tasks to queue
[2022-08-01 13:24:53,397] {logging_mixin.py:109} INFO - [2022-08-01 13:24:53,397] {dagbag.py:500} INFO - Filling up the DagBag from /home/airflow/.local/lib/python3.7/site-packages/airflow/example_dags/example_branch_operator.py
[2022-08-01 13:24:53,483] {processor.py:637} INFO - DAG(s) dict_keys(['example_branch_operator']) retrieved from /home/airflow/.local/lib/python3.7/site-packages/airflow/example_dags/example_branch_operator.py
[2022-08-01 13:24:53,513] {logging_mixin.py:109} INFO - [2022-08-01 13:24:53,512] {dag.py:2396} INFO - Sync 1 DAGs
[2022-08-01 13:24:53,563] {logging_mixin.py:109} INFO - [2022-08-01 13:24:53,563] {dag.py:2928} INFO - Setting next_dagrun for example_branch_operator to 2022-07-31 00:00:00+00:00
[2022-08-01 13:24:53,589] {processor.py:171} INFO - Processing /home/airflow/.local/lib/python3.7/site-packages/airflow/example_dags/example_branch_operator.py took 0.204 seconds
[2022-08-01 13:25:23,970] {processor.py:163} INFO - Started process (PID=533) to work on /home/airflow/.local/lib/python3.7/site-packages/airflow/example_dags/example_branch_operator.py
[2022-08-01 13:25:23,971] {processor.py:625} INFO - Processing file /home/airflow/.local/lib/python3.7/site-packages/airflow/example_dags/example_branch_operator.py for tasks to queue
[2022-08-01 13:25:23,972] {logging_mixin.py:109} INFO - [2022-08-01 13:25:23,972] {dagbag.py:500} INFO - Filling up the DagBag from /home/airflow/.local/lib/python3.7/site-packages/airflow/example_dags/example_branch_operator.py
[2022-08-01 13:25:24,001] {processor.py:637} INFO - DAG(s) dict_keys(['example_branch_operator']) retrieved from /home/airflow/.local/lib/python3.7/site-packages/airflow/example_dags/example_branch_operator.py
[2022-08-01 13:25:24,011] {logging_mixin.py:109} INFO - [2022-08-01 13:25:24,011] {dag.py:2396} INFO - Sync 1 DAGs
[2022-08-01 13:25:24,029] {logging_mixin.py:109} INFO - [2022-08-01 13:25:24,029] {dag.py:2928} INFO - Setting next_dagrun for example_branch_operator to 2022-07-31 00:00:00+00:00
[2022-08-01 13:25:24,040] {processor.py:171} INFO - Processing /home/airflow/.local/lib/python3.7/site-packages/airflow/example_dags/example_branch_operator.py took 0.074 seconds
[2022-08-01 13:25:54,598] {processor.py:163} INFO - Started process (PID=586) to work on /home/airflow/.local/lib/python3.7/site-packages/airflow/example_dags/example_branch_operator.py
[2022-08-01 13:25:54,599] {processor.py:625} INFO - Processing file /home/airflow/.local/lib/python3.7/site-packages/airflow/example_dags/example_branch_operator.py for tasks to queue
[2022-08-01 13:25:54,600] {logging_mixin.py:109} INFO - [2022-08-01 13:25:54,600] {dagbag.py:500} INFO - Filling up the DagBag from /home/airflow/.local/lib/python3.7/site-packages/airflow/example_dags/example_branch_operator.py
[2022-08-01 13:25:54,621] {processor.py:637} INFO - DAG(s) dict_keys(['example_branch_operator']) retrieved from /home/airflow/.local/lib/python3.7/site-packages/airflow/example_dags/example_branch_operator.py
[2022-08-01 13:25:54,631] {logging_mixin.py:109} INFO - [2022-08-01 13:25:54,631] {dag.py:2396} INFO - Sync 1 DAGs
[2022-08-01 13:25:54,642] {logging_mixin.py:109} INFO - [2022-08-01 13:25:54,642] {dag.py:2928} INFO - Setting next_dagrun for example_branch_operator to 2022-07-31 00:00:00+00:00
[2022-08-01 13:25:54,651] {processor.py:171} INFO - Processing /home/airflow/.local/lib/python3.7/site-packages/airflow/example_dags/example_branch_operator.py took 0.056 seconds
[2022-08-01 13:26:25,235] {processor.py:163} INFO - Started process (PID=647) to work on /home/airflow/.local/lib/python3.7/site-packages/airflow/example_dags/example_branch_operator.py
[2022-08-01 13:26:25,237] {processor.py:625} INFO - Processing file /home/airflow/.local/lib/python3.7/site-packages/airflow/example_dags/example_branch_operator.py for tasks to queue
[2022-08-01 13:26:25,238] {logging_mixin.py:109} INFO - [2022-08-01 13:26:25,238] {dagbag.py:500} INFO - Filling up the DagBag from /home/airflow/.local/lib/python3.7/site-packages/airflow/example_dags/example_branch_operator.py
[2022-08-01 13:26:25,280] {processor.py:637} INFO - DAG(s) dict_keys(['example_branch_operator']) retrieved from /home/airflow/.local/lib/python3.7/site-packages/airflow/example_dags/example_branch_operator.py
[2022-08-01 13:26:25,299] {logging_mixin.py:109} INFO - [2022-08-01 13:26:25,299] {dag.py:2396} INFO - Sync 1 DAGs
[2022-08-01 13:26:25,329] {logging_mixin.py:109} INFO - [2022-08-01 13:26:25,329] {dag.py:2928} INFO - Setting next_dagrun for example_branch_operator to 2022-07-31 00:00:00+00:00
[2022-08-01 13:26:25,346] {processor.py:171} INFO - Processing /home/airflow/.local/lib/python3.7/site-packages/airflow/example_dags/example_branch_operator.py took 0.117 seconds
[2022-08-01 13:26:55,670] {processor.py:163} INFO - Started process (PID=699) to work on /home/airflow/.local/lib/python3.7/site-packages/airflow/example_dags/example_branch_operator.py
[2022-08-01 13:26:55,671] {processor.py:625} INFO - Processing file /home/airflow/.local/lib/python3.7/site-packages/airflow/example_dags/example_branch_operator.py for tasks to queue
[2022-08-01 13:26:55,672] {logging_mixin.py:109} INFO - [2022-08-01 13:26:55,672] {dagbag.py:500} INFO - Filling up the DagBag from /home/airflow/.local/lib/python3.7/site-packages/airflow/example_dags/example_branch_operator.py
[2022-08-01 13:26:55,765] {processor.py:637} INFO - DAG(s) dict_keys(['example_branch_operator']) retrieved from /home/airflow/.local/lib/python3.7/site-packages/airflow/example_dags/example_branch_operator.py
[2022-08-01 13:26:55,783] {logging_mixin.py:109} INFO - [2022-08-01 13:26:55,783] {dag.py:2396} INFO - Sync 1 DAGs
[2022-08-01 13:26:55,822] {logging_mixin.py:109} INFO - [2022-08-01 13:26:55,821] {dag.py:2928} INFO - Setting next_dagrun for example_branch_operator to 2022-07-31 00:00:00+00:00
[2022-08-01 13:26:55,837] {processor.py:171} INFO - Processing /home/airflow/.local/lib/python3.7/site-packages/airflow/example_dags/example_branch_operator.py took 0.170 seconds
[2022-08-01 13:27:26,042] {processor.py:163} INFO - Started process (PID=751) to work on /home/airflow/.local/lib/python3.7/site-packages/airflow/example_dags/example_branch_operator.py
[2022-08-01 13:27:26,044] {processor.py:625} INFO - Processing file /home/airflow/.local/lib/python3.7/site-packages/airflow/example_dags/example_branch_operator.py for tasks to queue
[2022-08-01 13:27:26,044] {logging_mixin.py:109} INFO - [2022-08-01 13:27:26,044] {dagbag.py:500} INFO - Filling up the DagBag from /home/airflow/.local/lib/python3.7/site-packages/airflow/example_dags/example_branch_operator.py
[2022-08-01 13:27:26,076] {processor.py:637} INFO - DAG(s) dict_keys(['example_branch_operator']) retrieved from /home/airflow/.local/lib/python3.7/site-packages/airflow/example_dags/example_branch_operator.py
[2022-08-01 13:27:26,089] {logging_mixin.py:109} INFO - [2022-08-01 13:27:26,089] {dag.py:2396} INFO - Sync 1 DAGs
[2022-08-01 13:27:26,105] {logging_mixin.py:109} INFO - [2022-08-01 13:27:26,104] {dag.py:2928} INFO - Setting next_dagrun for example_branch_operator to 2022-07-31 00:00:00+00:00
[2022-08-01 13:27:26,114] {processor.py:171} INFO - Processing /home/airflow/.local/lib/python3.7/site-packages/airflow/example_dags/example_branch_operator.py took 0.076 seconds
[2022-08-01 13:27:56,655] {processor.py:163} INFO - Started process (PID=803) to work on /home/airflow/.local/lib/python3.7/site-packages/airflow/example_dags/example_branch_operator.py
[2022-08-01 13:27:56,656] {processor.py:625} INFO - Processing file /home/airflow/.local/lib/python3.7/site-packages/airflow/example_dags/example_branch_operator.py for tasks to queue
[2022-08-01 13:27:56,657] {logging_mixin.py:109} INFO - [2022-08-01 13:27:56,656] {dagbag.py:500} INFO - Filling up the DagBag from /home/airflow/.local/lib/python3.7/site-packages/airflow/example_dags/example_branch_operator.py
[2022-08-01 13:27:56,682] {processor.py:637} INFO - DAG(s) dict_keys(['example_branch_operator']) retrieved from /home/airflow/.local/lib/python3.7/site-packages/airflow/example_dags/example_branch_operator.py
[2022-08-01 13:27:56,690] {logging_mixin.py:109} INFO - [2022-08-01 13:27:56,690] {dag.py:2396} INFO - Sync 1 DAGs
[2022-08-01 13:27:56,702] {logging_mixin.py:109} INFO - [2022-08-01 13:27:56,702] {dag.py:2928} INFO - Setting next_dagrun for example_branch_operator to 2022-07-31 00:00:00+00:00
[2022-08-01 13:27:56,711] {processor.py:171} INFO - Processing /home/airflow/.local/lib/python3.7/site-packages/airflow/example_dags/example_branch_operator.py took 0.058 seconds
[2022-08-01 13:28:27,000] {processor.py:163} INFO - Started process (PID=864) to work on /home/airflow/.local/lib/python3.7/site-packages/airflow/example_dags/example_branch_operator.py
[2022-08-01 13:28:27,002] {processor.py:625} INFO - Processing file /home/airflow/.local/lib/python3.7/site-packages/airflow/example_dags/example_branch_operator.py for tasks to queue
[2022-08-01 13:28:27,002] {logging_mixin.py:109} INFO - [2022-08-01 13:28:27,002] {dagbag.py:500} INFO - Filling up the DagBag from /home/airflow/.local/lib/python3.7/site-packages/airflow/example_dags/example_branch_operator.py
[2022-08-01 13:28:27,026] {processor.py:637} INFO - DAG(s) dict_keys(['example_branch_operator']) retrieved from /home/airflow/.local/lib/python3.7/site-packages/airflow/example_dags/example_branch_operator.py
[2022-08-01 13:28:27,035] {logging_mixin.py:109} INFO - [2022-08-01 13:28:27,035] {dag.py:2396} INFO - Sync 1 DAGs
[2022-08-01 13:28:27,048] {logging_mixin.py:109} INFO - [2022-08-01 13:28:27,048] {dag.py:2928} INFO - Setting next_dagrun for example_branch_operator to 2022-07-31 00:00:00+00:00
[2022-08-01 13:28:27,058] {processor.py:171} INFO - Processing /home/airflow/.local/lib/python3.7/site-packages/airflow/example_dags/example_branch_operator.py took 0.060 seconds
[2022-08-01 13:28:57,139] {processor.py:163} INFO - Started process (PID=915) to work on /home/airflow/.local/lib/python3.7/site-packages/airflow/example_dags/example_branch_operator.py
[2022-08-01 13:28:57,140] {processor.py:625} INFO - Processing file /home/airflow/.local/lib/python3.7/site-packages/airflow/example_dags/example_branch_operator.py for tasks to queue
[2022-08-01 13:28:57,140] {logging_mixin.py:109} INFO - [2022-08-01 13:28:57,140] {dagbag.py:500} INFO - Filling up the DagBag from /home/airflow/.local/lib/python3.7/site-packages/airflow/example_dags/example_branch_operator.py
[2022-08-01 13:28:57,161] {processor.py:637} INFO - DAG(s) dict_keys(['example_branch_operator']) retrieved from /home/airflow/.local/lib/python3.7/site-packages/airflow/example_dags/example_branch_operator.py
[2022-08-01 13:28:57,169] {logging_mixin.py:109} INFO - [2022-08-01 13:28:57,169] {dag.py:2396} INFO - Sync 1 DAGs
[2022-08-01 13:28:57,183] {logging_mixin.py:109} INFO - [2022-08-01 13:28:57,183] {dag.py:2928} INFO - Setting next_dagrun for example_branch_operator to 2022-07-31 00:00:00+00:00
[2022-08-01 13:28:57,191] {processor.py:171} INFO - Processing /home/airflow/.local/lib/python3.7/site-packages/airflow/example_dags/example_branch_operator.py took 0.055 seconds
[2022-08-01 13:29:27,446] {processor.py:163} INFO - Started process (PID=976) to work on /home/airflow/.local/lib/python3.7/site-packages/airflow/example_dags/example_branch_operator.py
[2022-08-01 13:29:27,448] {processor.py:625} INFO - Processing file /home/airflow/.local/lib/python3.7/site-packages/airflow/example_dags/example_branch_operator.py for tasks to queue
[2022-08-01 13:29:27,448] {logging_mixin.py:109} INFO - [2022-08-01 13:29:27,448] {dagbag.py:500} INFO - Filling up the DagBag from /home/airflow/.local/lib/python3.7/site-packages/airflow/example_dags/example_branch_operator.py
[2022-08-01 13:29:27,479] {processor.py:637} INFO - DAG(s) dict_keys(['example_branch_operator']) retrieved from /home/airflow/.local/lib/python3.7/site-packages/airflow/example_dags/example_branch_operator.py
[2022-08-01 13:29:27,491] {logging_mixin.py:109} INFO - [2022-08-01 13:29:27,491] {dag.py:2396} INFO - Sync 1 DAGs
[2022-08-01 13:29:27,510] {logging_mixin.py:109} INFO - [2022-08-01 13:29:27,510] {dag.py:2928} INFO - Setting next_dagrun for example_branch_operator to 2022-07-31 00:00:00+00:00
[2022-08-01 13:29:27,521] {processor.py:171} INFO - Processing /home/airflow/.local/lib/python3.7/site-packages/airflow/example_dags/example_branch_operator.py took 0.078 seconds
[2022-08-01 13:29:58,000] {processor.py:163} INFO - Started process (PID=1028) to work on /home/airflow/.local/lib/python3.7/site-packages/airflow/example_dags/example_branch_operator.py
[2022-08-01 13:29:58,001] {processor.py:625} INFO - Processing file /home/airflow/.local/lib/python3.7/site-packages/airflow/example_dags/example_branch_operator.py for tasks to queue
[2022-08-01 13:29:58,002] {logging_mixin.py:109} INFO - [2022-08-01 13:29:58,002] {dagbag.py:500} INFO - Filling up the DagBag from /home/airflow/.local/lib/python3.7/site-packages/airflow/example_dags/example_branch_operator.py
[2022-08-01 13:29:58,029] {processor.py:637} INFO - DAG(s) dict_keys(['example_branch_operator']) retrieved from /home/airflow/.local/lib/python3.7/site-packages/airflow/example_dags/example_branch_operator.py
[2022-08-01 13:29:58,039] {logging_mixin.py:109} INFO - [2022-08-01 13:29:58,039] {dag.py:2396} INFO - Sync 1 DAGs
[2022-08-01 13:29:58,053] {logging_mixin.py:109} INFO - [2022-08-01 13:29:58,053] {dag.py:2928} INFO - Setting next_dagrun for example_branch_operator to 2022-07-31 00:00:00+00:00
[2022-08-01 13:29:58,064] {processor.py:171} INFO - Processing /home/airflow/.local/lib/python3.7/site-packages/airflow/example_dags/example_branch_operator.py took 0.067 seconds
[2022-08-01 13:30:28,656] {processor.py:163} INFO - Started process (PID=1081) to work on /home/airflow/.local/lib/python3.7/site-packages/airflow/example_dags/example_branch_operator.py
[2022-08-01 13:30:28,658] {processor.py:625} INFO - Processing file /home/airflow/.local/lib/python3.7/site-packages/airflow/example_dags/example_branch_operator.py for tasks to queue
[2022-08-01 13:30:28,659] {logging_mixin.py:109} INFO - [2022-08-01 13:30:28,659] {dagbag.py:500} INFO - Filling up the DagBag from /home/airflow/.local/lib/python3.7/site-packages/airflow/example_dags/example_branch_operator.py
[2022-08-01 13:30:28,708] {processor.py:637} INFO - DAG(s) dict_keys(['example_branch_operator']) retrieved from /home/airflow/.local/lib/python3.7/site-packages/airflow/example_dags/example_branch_operator.py
[2022-08-01 13:30:28,725] {logging_mixin.py:109} INFO - [2022-08-01 13:30:28,725] {dag.py:2396} INFO - Sync 1 DAGs
[2022-08-01 13:30:28,755] {logging_mixin.py:109} INFO - [2022-08-01 13:30:28,754] {dag.py:2928} INFO - Setting next_dagrun for example_branch_operator to 2022-07-31 00:00:00+00:00
[2022-08-01 13:30:28,772] {processor.py:171} INFO - Processing /home/airflow/.local/lib/python3.7/site-packages/airflow/example_dags/example_branch_operator.py took 0.121 seconds
