[2022-08-01 12:25:37,022] {processor.py:163} INFO - Started process (PID=55) to work on /home/airflow/.local/lib/python3.7/site-packages/airflow/example_dags/example_python_operator.py
[2022-08-01 12:25:37,024] {processor.py:625} INFO - Processing file /home/airflow/.local/lib/python3.7/site-packages/airflow/example_dags/example_python_operator.py for tasks to queue
[2022-08-01 12:25:37,025] {logging_mixin.py:109} INFO - [2022-08-01 12:25:37,025] {dagbag.py:500} INFO - Filling up the DagBag from /home/airflow/.local/lib/python3.7/site-packages/airflow/example_dags/example_python_operator.py
[2022-08-01 12:25:37,073] {processor.py:637} INFO - DAG(s) dict_keys(['example_python_operator']) retrieved from /home/airflow/.local/lib/python3.7/site-packages/airflow/example_dags/example_python_operator.py
[2022-08-01 12:25:37,094] {logging_mixin.py:109} INFO - [2022-08-01 12:25:37,093] {dag.py:2396} INFO - Sync 1 DAGs
[2022-08-01 12:25:37,121] {logging_mixin.py:109} INFO - [2022-08-01 12:25:37,121] {dag.py:2928} INFO - Setting next_dagrun for example_python_operator to None
[2022-08-01 12:25:37,137] {processor.py:171} INFO - Processing /home/airflow/.local/lib/python3.7/site-packages/airflow/example_dags/example_python_operator.py took 0.120 seconds
[2022-08-01 12:26:07,458] {processor.py:163} INFO - Started process (PID=108) to work on /home/airflow/.local/lib/python3.7/site-packages/airflow/example_dags/example_python_operator.py
[2022-08-01 12:26:07,460] {processor.py:625} INFO - Processing file /home/airflow/.local/lib/python3.7/site-packages/airflow/example_dags/example_python_operator.py for tasks to queue
[2022-08-01 12:26:07,460] {logging_mixin.py:109} INFO - [2022-08-01 12:26:07,460] {dagbag.py:500} INFO - Filling up the DagBag from /home/airflow/.local/lib/python3.7/site-packages/airflow/example_dags/example_python_operator.py
[2022-08-01 12:26:07,490] {processor.py:637} INFO - DAG(s) dict_keys(['example_python_operator']) retrieved from /home/airflow/.local/lib/python3.7/site-packages/airflow/example_dags/example_python_operator.py
[2022-08-01 12:26:07,501] {logging_mixin.py:109} INFO - [2022-08-01 12:26:07,501] {dag.py:2396} INFO - Sync 1 DAGs
[2022-08-01 12:26:07,517] {logging_mixin.py:109} INFO - [2022-08-01 12:26:07,517] {dag.py:2928} INFO - Setting next_dagrun for example_python_operator to None
[2022-08-01 12:26:07,530] {processor.py:171} INFO - Processing /home/airflow/.local/lib/python3.7/site-packages/airflow/example_dags/example_python_operator.py took 0.076 seconds
[2022-08-01 12:26:37,970] {processor.py:163} INFO - Started process (PID=160) to work on /home/airflow/.local/lib/python3.7/site-packages/airflow/example_dags/example_python_operator.py
[2022-08-01 12:26:37,972] {processor.py:625} INFO - Processing file /home/airflow/.local/lib/python3.7/site-packages/airflow/example_dags/example_python_operator.py for tasks to queue
[2022-08-01 12:26:37,972] {logging_mixin.py:109} INFO - [2022-08-01 12:26:37,972] {dagbag.py:500} INFO - Filling up the DagBag from /home/airflow/.local/lib/python3.7/site-packages/airflow/example_dags/example_python_operator.py
[2022-08-01 12:26:38,004] {processor.py:637} INFO - DAG(s) dict_keys(['example_python_operator']) retrieved from /home/airflow/.local/lib/python3.7/site-packages/airflow/example_dags/example_python_operator.py
[2022-08-01 12:26:38,019] {logging_mixin.py:109} INFO - [2022-08-01 12:26:38,019] {dag.py:2396} INFO - Sync 1 DAGs
[2022-08-01 12:26:38,043] {logging_mixin.py:109} INFO - [2022-08-01 12:26:38,043] {dag.py:2928} INFO - Setting next_dagrun for example_python_operator to None
[2022-08-01 12:26:38,057] {processor.py:171} INFO - Processing /home/airflow/.local/lib/python3.7/site-packages/airflow/example_dags/example_python_operator.py took 0.092 seconds
[2022-08-01 12:27:08,787] {processor.py:163} INFO - Started process (PID=221) to work on /home/airflow/.local/lib/python3.7/site-packages/airflow/example_dags/example_python_operator.py
[2022-08-01 12:27:08,789] {processor.py:625} INFO - Processing file /home/airflow/.local/lib/python3.7/site-packages/airflow/example_dags/example_python_operator.py for tasks to queue
[2022-08-01 12:27:08,791] {logging_mixin.py:109} INFO - [2022-08-01 12:27:08,791] {dagbag.py:500} INFO - Filling up the DagBag from /home/airflow/.local/lib/python3.7/site-packages/airflow/example_dags/example_python_operator.py
[2022-08-01 12:27:08,833] {processor.py:637} INFO - DAG(s) dict_keys(['example_python_operator']) retrieved from /home/airflow/.local/lib/python3.7/site-packages/airflow/example_dags/example_python_operator.py
[2022-08-01 12:27:08,849] {logging_mixin.py:109} INFO - [2022-08-01 12:27:08,849] {dag.py:2396} INFO - Sync 1 DAGs
[2022-08-01 12:27:08,872] {logging_mixin.py:109} INFO - [2022-08-01 12:27:08,872] {dag.py:2928} INFO - Setting next_dagrun for example_python_operator to None
[2022-08-01 12:27:08,885] {processor.py:171} INFO - Processing /home/airflow/.local/lib/python3.7/site-packages/airflow/example_dags/example_python_operator.py took 0.104 seconds
[2022-08-01 12:27:39,428] {processor.py:163} INFO - Started process (PID=273) to work on /home/airflow/.local/lib/python3.7/site-packages/airflow/example_dags/example_python_operator.py
[2022-08-01 12:27:39,429] {processor.py:625} INFO - Processing file /home/airflow/.local/lib/python3.7/site-packages/airflow/example_dags/example_python_operator.py for tasks to queue
[2022-08-01 12:27:39,430] {logging_mixin.py:109} INFO - [2022-08-01 12:27:39,430] {dagbag.py:500} INFO - Filling up the DagBag from /home/airflow/.local/lib/python3.7/site-packages/airflow/example_dags/example_python_operator.py
[2022-08-01 12:27:39,451] {processor.py:637} INFO - DAG(s) dict_keys(['example_python_operator']) retrieved from /home/airflow/.local/lib/python3.7/site-packages/airflow/example_dags/example_python_operator.py
[2022-08-01 12:27:39,457] {logging_mixin.py:109} INFO - [2022-08-01 12:27:39,457] {dag.py:2396} INFO - Sync 1 DAGs
[2022-08-01 12:27:39,469] {logging_mixin.py:109} INFO - [2022-08-01 12:27:39,468] {dag.py:2928} INFO - Setting next_dagrun for example_python_operator to None
[2022-08-01 12:27:39,475] {processor.py:171} INFO - Processing /home/airflow/.local/lib/python3.7/site-packages/airflow/example_dags/example_python_operator.py took 0.050 seconds
[2022-08-01 12:28:10,581] {processor.py:163} INFO - Started process (PID=334) to work on /home/airflow/.local/lib/python3.7/site-packages/airflow/example_dags/example_python_operator.py
[2022-08-01 12:28:10,582] {processor.py:625} INFO - Processing file /home/airflow/.local/lib/python3.7/site-packages/airflow/example_dags/example_python_operator.py for tasks to queue
[2022-08-01 12:28:10,582] {logging_mixin.py:109} INFO - [2022-08-01 12:28:10,582] {dagbag.py:500} INFO - Filling up the DagBag from /home/airflow/.local/lib/python3.7/site-packages/airflow/example_dags/example_python_operator.py
[2022-08-01 12:28:10,681] {processor.py:637} INFO - DAG(s) dict_keys(['example_python_operator']) retrieved from /home/airflow/.local/lib/python3.7/site-packages/airflow/example_dags/example_python_operator.py
[2022-08-01 12:28:10,692] {logging_mixin.py:109} INFO - [2022-08-01 12:28:10,692] {dag.py:2396} INFO - Sync 1 DAGs
[2022-08-01 12:28:10,706] {logging_mixin.py:109} INFO - [2022-08-01 12:28:10,706] {dag.py:2928} INFO - Setting next_dagrun for example_python_operator to None
[2022-08-01 12:28:10,714] {processor.py:171} INFO - Processing /home/airflow/.local/lib/python3.7/site-packages/airflow/example_dags/example_python_operator.py took 0.137 seconds
[2022-08-01 12:28:41,164] {processor.py:163} INFO - Started process (PID=386) to work on /home/airflow/.local/lib/python3.7/site-packages/airflow/example_dags/example_python_operator.py
[2022-08-01 12:28:41,166] {processor.py:625} INFO - Processing file /home/airflow/.local/lib/python3.7/site-packages/airflow/example_dags/example_python_operator.py for tasks to queue
[2022-08-01 12:28:41,166] {logging_mixin.py:109} INFO - [2022-08-01 12:28:41,166] {dagbag.py:500} INFO - Filling up the DagBag from /home/airflow/.local/lib/python3.7/site-packages/airflow/example_dags/example_python_operator.py
[2022-08-01 12:28:41,187] {processor.py:637} INFO - DAG(s) dict_keys(['example_python_operator']) retrieved from /home/airflow/.local/lib/python3.7/site-packages/airflow/example_dags/example_python_operator.py
[2022-08-01 12:28:41,194] {logging_mixin.py:109} INFO - [2022-08-01 12:28:41,194] {dag.py:2396} INFO - Sync 1 DAGs
[2022-08-01 12:28:41,205] {logging_mixin.py:109} INFO - [2022-08-01 12:28:41,205] {dag.py:2928} INFO - Setting next_dagrun for example_python_operator to None
[2022-08-01 12:28:41,212] {processor.py:171} INFO - Processing /home/airflow/.local/lib/python3.7/site-packages/airflow/example_dags/example_python_operator.py took 0.052 seconds
[2022-08-01 12:29:12,294] {processor.py:163} INFO - Started process (PID=447) to work on /home/airflow/.local/lib/python3.7/site-packages/airflow/example_dags/example_python_operator.py
[2022-08-01 12:29:12,295] {processor.py:625} INFO - Processing file /home/airflow/.local/lib/python3.7/site-packages/airflow/example_dags/example_python_operator.py for tasks to queue
[2022-08-01 12:29:12,296] {logging_mixin.py:109} INFO - [2022-08-01 12:29:12,295] {dagbag.py:500} INFO - Filling up the DagBag from /home/airflow/.local/lib/python3.7/site-packages/airflow/example_dags/example_python_operator.py
[2022-08-01 12:29:12,328] {processor.py:637} INFO - DAG(s) dict_keys(['example_python_operator']) retrieved from /home/airflow/.local/lib/python3.7/site-packages/airflow/example_dags/example_python_operator.py
[2022-08-01 12:29:12,340] {logging_mixin.py:109} INFO - [2022-08-01 12:29:12,340] {dag.py:2396} INFO - Sync 1 DAGs
[2022-08-01 12:29:12,358] {logging_mixin.py:109} INFO - [2022-08-01 12:29:12,357] {dag.py:2928} INFO - Setting next_dagrun for example_python_operator to None
[2022-08-01 12:29:12,371] {processor.py:171} INFO - Processing /home/airflow/.local/lib/python3.7/site-packages/airflow/example_dags/example_python_operator.py took 0.082 seconds
[2022-08-01 12:29:43,041] {processor.py:163} INFO - Started process (PID=499) to work on /home/airflow/.local/lib/python3.7/site-packages/airflow/example_dags/example_python_operator.py
[2022-08-01 12:29:43,043] {processor.py:625} INFO - Processing file /home/airflow/.local/lib/python3.7/site-packages/airflow/example_dags/example_python_operator.py for tasks to queue
[2022-08-01 12:29:43,043] {logging_mixin.py:109} INFO - [2022-08-01 12:29:43,043] {dagbag.py:500} INFO - Filling up the DagBag from /home/airflow/.local/lib/python3.7/site-packages/airflow/example_dags/example_python_operator.py
[2022-08-01 12:29:43,070] {processor.py:637} INFO - DAG(s) dict_keys(['example_python_operator']) retrieved from /home/airflow/.local/lib/python3.7/site-packages/airflow/example_dags/example_python_operator.py
[2022-08-01 12:29:43,080] {logging_mixin.py:109} INFO - [2022-08-01 12:29:43,079] {dag.py:2396} INFO - Sync 1 DAGs
[2022-08-01 12:29:43,094] {logging_mixin.py:109} INFO - [2022-08-01 12:29:43,094] {dag.py:2928} INFO - Setting next_dagrun for example_python_operator to None
[2022-08-01 12:29:43,103] {processor.py:171} INFO - Processing /home/airflow/.local/lib/python3.7/site-packages/airflow/example_dags/example_python_operator.py took 0.065 seconds
[2022-08-01 12:30:13,433] {processor.py:163} INFO - Started process (PID=560) to work on /home/airflow/.local/lib/python3.7/site-packages/airflow/example_dags/example_python_operator.py
[2022-08-01 12:30:13,435] {processor.py:625} INFO - Processing file /home/airflow/.local/lib/python3.7/site-packages/airflow/example_dags/example_python_operator.py for tasks to queue
[2022-08-01 12:30:13,436] {logging_mixin.py:109} INFO - [2022-08-01 12:30:13,435] {dagbag.py:500} INFO - Filling up the DagBag from /home/airflow/.local/lib/python3.7/site-packages/airflow/example_dags/example_python_operator.py
[2022-08-01 12:30:13,470] {processor.py:637} INFO - DAG(s) dict_keys(['example_python_operator']) retrieved from /home/airflow/.local/lib/python3.7/site-packages/airflow/example_dags/example_python_operator.py
[2022-08-01 12:30:13,482] {logging_mixin.py:109} INFO - [2022-08-01 12:30:13,482] {dag.py:2396} INFO - Sync 1 DAGs
[2022-08-01 12:30:13,503] {logging_mixin.py:109} INFO - [2022-08-01 12:30:13,503] {dag.py:2928} INFO - Setting next_dagrun for example_python_operator to None
[2022-08-01 12:30:13,519] {processor.py:171} INFO - Processing /home/airflow/.local/lib/python3.7/site-packages/airflow/example_dags/example_python_operator.py took 0.091 seconds
[2022-08-01 12:30:46,143] {processor.py:163} INFO - Started process (PID=612) to work on /home/airflow/.local/lib/python3.7/site-packages/airflow/example_dags/example_python_operator.py
[2022-08-01 12:30:46,146] {processor.py:625} INFO - Processing file /home/airflow/.local/lib/python3.7/site-packages/airflow/example_dags/example_python_operator.py for tasks to queue
[2022-08-01 12:30:46,148] {logging_mixin.py:109} INFO - [2022-08-01 12:30:46,147] {dagbag.py:500} INFO - Filling up the DagBag from /home/airflow/.local/lib/python3.7/site-packages/airflow/example_dags/example_python_operator.py
[2022-08-01 12:30:46,241] {processor.py:637} INFO - DAG(s) dict_keys(['example_python_operator']) retrieved from /home/airflow/.local/lib/python3.7/site-packages/airflow/example_dags/example_python_operator.py
[2022-08-01 12:30:46,269] {logging_mixin.py:109} INFO - [2022-08-01 12:30:46,269] {dag.py:2396} INFO - Sync 1 DAGs
[2022-08-01 12:30:46,313] {logging_mixin.py:109} INFO - [2022-08-01 12:30:46,313] {dag.py:2928} INFO - Setting next_dagrun for example_python_operator to None
[2022-08-01 12:30:46,333] {processor.py:171} INFO - Processing /home/airflow/.local/lib/python3.7/site-packages/airflow/example_dags/example_python_operator.py took 0.205 seconds
[2022-08-01 12:31:17,230] {processor.py:163} INFO - Started process (PID=664) to work on /home/airflow/.local/lib/python3.7/site-packages/airflow/example_dags/example_python_operator.py
[2022-08-01 12:31:17,231] {processor.py:625} INFO - Processing file /home/airflow/.local/lib/python3.7/site-packages/airflow/example_dags/example_python_operator.py for tasks to queue
[2022-08-01 12:31:17,232] {logging_mixin.py:109} INFO - [2022-08-01 12:31:17,231] {dagbag.py:500} INFO - Filling up the DagBag from /home/airflow/.local/lib/python3.7/site-packages/airflow/example_dags/example_python_operator.py
[2022-08-01 12:31:17,255] {processor.py:637} INFO - DAG(s) dict_keys(['example_python_operator']) retrieved from /home/airflow/.local/lib/python3.7/site-packages/airflow/example_dags/example_python_operator.py
[2022-08-01 12:31:17,264] {logging_mixin.py:109} INFO - [2022-08-01 12:31:17,264] {dag.py:2396} INFO - Sync 1 DAGs
[2022-08-01 12:31:17,279] {logging_mixin.py:109} INFO - [2022-08-01 12:31:17,279] {dag.py:2928} INFO - Setting next_dagrun for example_python_operator to None
[2022-08-01 12:31:17,290] {processor.py:171} INFO - Processing /home/airflow/.local/lib/python3.7/site-packages/airflow/example_dags/example_python_operator.py took 0.063 seconds
[2022-08-01 12:31:48,274] {processor.py:163} INFO - Started process (PID=725) to work on /home/airflow/.local/lib/python3.7/site-packages/airflow/example_dags/example_python_operator.py
[2022-08-01 12:31:48,275] {processor.py:625} INFO - Processing file /home/airflow/.local/lib/python3.7/site-packages/airflow/example_dags/example_python_operator.py for tasks to queue
[2022-08-01 12:31:48,276] {logging_mixin.py:109} INFO - [2022-08-01 12:31:48,276] {dagbag.py:500} INFO - Filling up the DagBag from /home/airflow/.local/lib/python3.7/site-packages/airflow/example_dags/example_python_operator.py
[2022-08-01 12:31:48,308] {processor.py:637} INFO - DAG(s) dict_keys(['example_python_operator']) retrieved from /home/airflow/.local/lib/python3.7/site-packages/airflow/example_dags/example_python_operator.py
[2022-08-01 12:31:48,318] {logging_mixin.py:109} INFO - [2022-08-01 12:31:48,318] {dag.py:2396} INFO - Sync 1 DAGs
[2022-08-01 12:31:48,334] {logging_mixin.py:109} INFO - [2022-08-01 12:31:48,334] {dag.py:2928} INFO - Setting next_dagrun for example_python_operator to None
[2022-08-01 12:31:48,350] {processor.py:171} INFO - Processing /home/airflow/.local/lib/python3.7/site-packages/airflow/example_dags/example_python_operator.py took 0.080 seconds
[2022-08-01 12:32:18,742] {processor.py:163} INFO - Started process (PID=777) to work on /home/airflow/.local/lib/python3.7/site-packages/airflow/example_dags/example_python_operator.py
[2022-08-01 12:32:18,743] {processor.py:625} INFO - Processing file /home/airflow/.local/lib/python3.7/site-packages/airflow/example_dags/example_python_operator.py for tasks to queue
[2022-08-01 12:32:18,744] {logging_mixin.py:109} INFO - [2022-08-01 12:32:18,744] {dagbag.py:500} INFO - Filling up the DagBag from /home/airflow/.local/lib/python3.7/site-packages/airflow/example_dags/example_python_operator.py
[2022-08-01 12:32:18,767] {processor.py:637} INFO - DAG(s) dict_keys(['example_python_operator']) retrieved from /home/airflow/.local/lib/python3.7/site-packages/airflow/example_dags/example_python_operator.py
[2022-08-01 12:32:18,775] {logging_mixin.py:109} INFO - [2022-08-01 12:32:18,775] {dag.py:2396} INFO - Sync 1 DAGs
[2022-08-01 12:32:18,787] {logging_mixin.py:109} INFO - [2022-08-01 12:32:18,787] {dag.py:2928} INFO - Setting next_dagrun for example_python_operator to None
[2022-08-01 12:32:18,794] {processor.py:171} INFO - Processing /home/airflow/.local/lib/python3.7/site-packages/airflow/example_dags/example_python_operator.py took 0.055 seconds
[2022-08-01 12:32:49,540] {processor.py:163} INFO - Started process (PID=839) to work on /home/airflow/.local/lib/python3.7/site-packages/airflow/example_dags/example_python_operator.py
[2022-08-01 12:32:49,541] {processor.py:625} INFO - Processing file /home/airflow/.local/lib/python3.7/site-packages/airflow/example_dags/example_python_operator.py for tasks to queue
[2022-08-01 12:32:49,542] {logging_mixin.py:109} INFO - [2022-08-01 12:32:49,542] {dagbag.py:500} INFO - Filling up the DagBag from /home/airflow/.local/lib/python3.7/site-packages/airflow/example_dags/example_python_operator.py
[2022-08-01 12:32:49,589] {processor.py:637} INFO - DAG(s) dict_keys(['example_python_operator']) retrieved from /home/airflow/.local/lib/python3.7/site-packages/airflow/example_dags/example_python_operator.py
[2022-08-01 12:32:49,608] {logging_mixin.py:109} INFO - [2022-08-01 12:32:49,607] {dag.py:2396} INFO - Sync 1 DAGs
[2022-08-01 12:32:49,634] {logging_mixin.py:109} INFO - [2022-08-01 12:32:49,634] {dag.py:2928} INFO - Setting next_dagrun for example_python_operator to None
[2022-08-01 12:32:49,652] {processor.py:171} INFO - Processing /home/airflow/.local/lib/python3.7/site-packages/airflow/example_dags/example_python_operator.py took 0.119 seconds
[2022-08-01 12:33:20,053] {processor.py:163} INFO - Started process (PID=890) to work on /home/airflow/.local/lib/python3.7/site-packages/airflow/example_dags/example_python_operator.py
[2022-08-01 12:33:20,054] {processor.py:625} INFO - Processing file /home/airflow/.local/lib/python3.7/site-packages/airflow/example_dags/example_python_operator.py for tasks to queue
[2022-08-01 12:33:20,054] {logging_mixin.py:109} INFO - [2022-08-01 12:33:20,054] {dagbag.py:500} INFO - Filling up the DagBag from /home/airflow/.local/lib/python3.7/site-packages/airflow/example_dags/example_python_operator.py
[2022-08-01 12:33:20,075] {processor.py:637} INFO - DAG(s) dict_keys(['example_python_operator']) retrieved from /home/airflow/.local/lib/python3.7/site-packages/airflow/example_dags/example_python_operator.py
[2022-08-01 12:33:20,082] {logging_mixin.py:109} INFO - [2022-08-01 12:33:20,082] {dag.py:2396} INFO - Sync 1 DAGs
[2022-08-01 12:33:20,092] {logging_mixin.py:109} INFO - [2022-08-01 12:33:20,092] {dag.py:2928} INFO - Setting next_dagrun for example_python_operator to None
[2022-08-01 12:33:20,100] {processor.py:171} INFO - Processing /home/airflow/.local/lib/python3.7/site-packages/airflow/example_dags/example_python_operator.py took 0.050 seconds
[2022-08-01 12:33:51,416] {processor.py:163} INFO - Started process (PID=951) to work on /home/airflow/.local/lib/python3.7/site-packages/airflow/example_dags/example_python_operator.py
[2022-08-01 12:33:51,417] {processor.py:625} INFO - Processing file /home/airflow/.local/lib/python3.7/site-packages/airflow/example_dags/example_python_operator.py for tasks to queue
[2022-08-01 12:33:51,418] {logging_mixin.py:109} INFO - [2022-08-01 12:33:51,418] {dagbag.py:500} INFO - Filling up the DagBag from /home/airflow/.local/lib/python3.7/site-packages/airflow/example_dags/example_python_operator.py
[2022-08-01 12:33:51,460] {processor.py:637} INFO - DAG(s) dict_keys(['example_python_operator']) retrieved from /home/airflow/.local/lib/python3.7/site-packages/airflow/example_dags/example_python_operator.py
[2022-08-01 12:33:51,474] {logging_mixin.py:109} INFO - [2022-08-01 12:33:51,474] {dag.py:2396} INFO - Sync 1 DAGs
[2022-08-01 12:33:51,496] {logging_mixin.py:109} INFO - [2022-08-01 12:33:51,496] {dag.py:2928} INFO - Setting next_dagrun for example_python_operator to None
[2022-08-01 12:33:51,513] {processor.py:171} INFO - Processing /home/airflow/.local/lib/python3.7/site-packages/airflow/example_dags/example_python_operator.py took 0.102 seconds
[2022-08-01 12:34:21,960] {processor.py:163} INFO - Started process (PID=1003) to work on /home/airflow/.local/lib/python3.7/site-packages/airflow/example_dags/example_python_operator.py
[2022-08-01 12:34:21,961] {processor.py:625} INFO - Processing file /home/airflow/.local/lib/python3.7/site-packages/airflow/example_dags/example_python_operator.py for tasks to queue
[2022-08-01 12:34:21,962] {logging_mixin.py:109} INFO - [2022-08-01 12:34:21,962] {dagbag.py:500} INFO - Filling up the DagBag from /home/airflow/.local/lib/python3.7/site-packages/airflow/example_dags/example_python_operator.py
[2022-08-01 12:34:21,992] {processor.py:637} INFO - DAG(s) dict_keys(['example_python_operator']) retrieved from /home/airflow/.local/lib/python3.7/site-packages/airflow/example_dags/example_python_operator.py
[2022-08-01 12:34:22,002] {logging_mixin.py:109} INFO - [2022-08-01 12:34:22,002] {dag.py:2396} INFO - Sync 1 DAGs
[2022-08-01 12:34:22,016] {logging_mixin.py:109} INFO - [2022-08-01 12:34:22,016] {dag.py:2928} INFO - Setting next_dagrun for example_python_operator to None
[2022-08-01 12:34:22,027] {processor.py:171} INFO - Processing /home/airflow/.local/lib/python3.7/site-packages/airflow/example_dags/example_python_operator.py took 0.071 seconds
[2022-08-01 12:34:53,543] {processor.py:163} INFO - Started process (PID=1064) to work on /home/airflow/.local/lib/python3.7/site-packages/airflow/example_dags/example_python_operator.py
[2022-08-01 12:34:53,546] {processor.py:625} INFO - Processing file /home/airflow/.local/lib/python3.7/site-packages/airflow/example_dags/example_python_operator.py for tasks to queue
[2022-08-01 12:34:53,547] {logging_mixin.py:109} INFO - [2022-08-01 12:34:53,547] {dagbag.py:500} INFO - Filling up the DagBag from /home/airflow/.local/lib/python3.7/site-packages/airflow/example_dags/example_python_operator.py
[2022-08-01 12:34:53,631] {processor.py:637} INFO - DAG(s) dict_keys(['example_python_operator']) retrieved from /home/airflow/.local/lib/python3.7/site-packages/airflow/example_dags/example_python_operator.py
[2022-08-01 12:34:53,667] {logging_mixin.py:109} INFO - [2022-08-01 12:34:53,667] {dag.py:2396} INFO - Sync 1 DAGs
[2022-08-01 12:34:53,702] {logging_mixin.py:109} INFO - [2022-08-01 12:34:53,702] {dag.py:2928} INFO - Setting next_dagrun for example_python_operator to None
[2022-08-01 12:34:53,727] {processor.py:171} INFO - Processing /home/airflow/.local/lib/python3.7/site-packages/airflow/example_dags/example_python_operator.py took 0.193 seconds
[2022-08-01 12:35:24,458] {processor.py:163} INFO - Started process (PID=1116) to work on /home/airflow/.local/lib/python3.7/site-packages/airflow/example_dags/example_python_operator.py
[2022-08-01 12:35:24,460] {processor.py:625} INFO - Processing file /home/airflow/.local/lib/python3.7/site-packages/airflow/example_dags/example_python_operator.py for tasks to queue
[2022-08-01 12:35:24,460] {logging_mixin.py:109} INFO - [2022-08-01 12:35:24,460] {dagbag.py:500} INFO - Filling up the DagBag from /home/airflow/.local/lib/python3.7/site-packages/airflow/example_dags/example_python_operator.py
[2022-08-01 12:35:24,487] {processor.py:637} INFO - DAG(s) dict_keys(['example_python_operator']) retrieved from /home/airflow/.local/lib/python3.7/site-packages/airflow/example_dags/example_python_operator.py
[2022-08-01 12:35:24,499] {logging_mixin.py:109} INFO - [2022-08-01 12:35:24,499] {dag.py:2396} INFO - Sync 1 DAGs
[2022-08-01 12:35:24,516] {logging_mixin.py:109} INFO - [2022-08-01 12:35:24,516] {dag.py:2928} INFO - Setting next_dagrun for example_python_operator to None
[2022-08-01 12:35:24,531] {processor.py:171} INFO - Processing /home/airflow/.local/lib/python3.7/site-packages/airflow/example_dags/example_python_operator.py took 0.076 seconds
[2022-08-01 12:35:55,497] {processor.py:163} INFO - Started process (PID=1168) to work on /home/airflow/.local/lib/python3.7/site-packages/airflow/example_dags/example_python_operator.py
[2022-08-01 12:35:55,498] {processor.py:625} INFO - Processing file /home/airflow/.local/lib/python3.7/site-packages/airflow/example_dags/example_python_operator.py for tasks to queue
[2022-08-01 12:35:55,499] {logging_mixin.py:109} INFO - [2022-08-01 12:35:55,498] {dagbag.py:500} INFO - Filling up the DagBag from /home/airflow/.local/lib/python3.7/site-packages/airflow/example_dags/example_python_operator.py
[2022-08-01 12:35:55,516] {processor.py:637} INFO - DAG(s) dict_keys(['example_python_operator']) retrieved from /home/airflow/.local/lib/python3.7/site-packages/airflow/example_dags/example_python_operator.py
[2022-08-01 12:35:55,525] {logging_mixin.py:109} INFO - [2022-08-01 12:35:55,525] {dag.py:2396} INFO - Sync 1 DAGs
[2022-08-01 12:35:55,538] {logging_mixin.py:109} INFO - [2022-08-01 12:35:55,538] {dag.py:2928} INFO - Setting next_dagrun for example_python_operator to None
[2022-08-01 12:35:55,545] {processor.py:171} INFO - Processing /home/airflow/.local/lib/python3.7/site-packages/airflow/example_dags/example_python_operator.py took 0.051 seconds
[2022-08-01 12:40:12,040] {processor.py:163} INFO - Started process (PID=55) to work on /home/airflow/.local/lib/python3.7/site-packages/airflow/example_dags/example_python_operator.py
[2022-08-01 12:40:12,051] {processor.py:625} INFO - Processing file /home/airflow/.local/lib/python3.7/site-packages/airflow/example_dags/example_python_operator.py for tasks to queue
[2022-08-01 12:40:12,054] {logging_mixin.py:109} INFO - [2022-08-01 12:40:12,054] {dagbag.py:500} INFO - Filling up the DagBag from /home/airflow/.local/lib/python3.7/site-packages/airflow/example_dags/example_python_operator.py
[2022-08-01 12:40:12,138] {processor.py:637} INFO - DAG(s) dict_keys(['example_python_operator']) retrieved from /home/airflow/.local/lib/python3.7/site-packages/airflow/example_dags/example_python_operator.py
[2022-08-01 12:40:12,166] {logging_mixin.py:109} INFO - [2022-08-01 12:40:12,165] {dag.py:2396} INFO - Sync 1 DAGs
[2022-08-01 12:40:12,207] {logging_mixin.py:109} INFO - [2022-08-01 12:40:12,207] {dag.py:2928} INFO - Setting next_dagrun for example_python_operator to None
[2022-08-01 12:40:12,249] {processor.py:171} INFO - Processing /home/airflow/.local/lib/python3.7/site-packages/airflow/example_dags/example_python_operator.py took 0.231 seconds
[2022-08-01 12:40:42,403] {processor.py:163} INFO - Started process (PID=106) to work on /home/airflow/.local/lib/python3.7/site-packages/airflow/example_dags/example_python_operator.py
[2022-08-01 12:40:42,404] {processor.py:625} INFO - Processing file /home/airflow/.local/lib/python3.7/site-packages/airflow/example_dags/example_python_operator.py for tasks to queue
[2022-08-01 12:40:42,405] {logging_mixin.py:109} INFO - [2022-08-01 12:40:42,405] {dagbag.py:500} INFO - Filling up the DagBag from /home/airflow/.local/lib/python3.7/site-packages/airflow/example_dags/example_python_operator.py
[2022-08-01 12:40:42,425] {processor.py:637} INFO - DAG(s) dict_keys(['example_python_operator']) retrieved from /home/airflow/.local/lib/python3.7/site-packages/airflow/example_dags/example_python_operator.py
[2022-08-01 12:40:42,433] {logging_mixin.py:109} INFO - [2022-08-01 12:40:42,433] {dag.py:2396} INFO - Sync 1 DAGs
[2022-08-01 12:40:42,443] {logging_mixin.py:109} INFO - [2022-08-01 12:40:42,443] {dag.py:2928} INFO - Setting next_dagrun for example_python_operator to None
[2022-08-01 12:40:42,452] {processor.py:171} INFO - Processing /home/airflow/.local/lib/python3.7/site-packages/airflow/example_dags/example_python_operator.py took 0.051 seconds
[2022-08-01 13:20:40,471] {processor.py:163} INFO - Started process (PID=55) to work on /home/airflow/.local/lib/python3.7/site-packages/airflow/example_dags/example_python_operator.py
[2022-08-01 13:20:40,474] {processor.py:625} INFO - Processing file /home/airflow/.local/lib/python3.7/site-packages/airflow/example_dags/example_python_operator.py for tasks to queue
[2022-08-01 13:20:40,475] {logging_mixin.py:109} INFO - [2022-08-01 13:20:40,475] {dagbag.py:500} INFO - Filling up the DagBag from /home/airflow/.local/lib/python3.7/site-packages/airflow/example_dags/example_python_operator.py
[2022-08-01 13:20:40,541] {processor.py:637} INFO - DAG(s) dict_keys(['example_python_operator']) retrieved from /home/airflow/.local/lib/python3.7/site-packages/airflow/example_dags/example_python_operator.py
[2022-08-01 13:20:40,572] {logging_mixin.py:109} INFO - [2022-08-01 13:20:40,570] {dag.py:2396} INFO - Sync 1 DAGs
[2022-08-01 13:20:40,632] {logging_mixin.py:109} INFO - [2022-08-01 13:20:40,631] {dag.py:2928} INFO - Setting next_dagrun for example_python_operator to None
[2022-08-01 13:20:40,669] {processor.py:171} INFO - Processing /home/airflow/.local/lib/python3.7/site-packages/airflow/example_dags/example_python_operator.py took 0.207 seconds
[2022-08-01 13:21:15,418] {processor.py:163} INFO - Started process (PID=107) to work on /home/airflow/.local/lib/python3.7/site-packages/airflow/example_dags/example_python_operator.py
[2022-08-01 13:21:15,435] {processor.py:625} INFO - Processing file /home/airflow/.local/lib/python3.7/site-packages/airflow/example_dags/example_python_operator.py for tasks to queue
[2022-08-01 13:21:15,436] {logging_mixin.py:109} INFO - [2022-08-01 13:21:15,436] {dagbag.py:500} INFO - Filling up the DagBag from /home/airflow/.local/lib/python3.7/site-packages/airflow/example_dags/example_python_operator.py
[2022-08-01 13:21:15,576] {processor.py:637} INFO - DAG(s) dict_keys(['example_python_operator']) retrieved from /home/airflow/.local/lib/python3.7/site-packages/airflow/example_dags/example_python_operator.py
[2022-08-01 13:21:15,629] {logging_mixin.py:109} INFO - [2022-08-01 13:21:15,628] {dag.py:2396} INFO - Sync 1 DAGs
[2022-08-01 13:21:15,680] {logging_mixin.py:109} INFO - [2022-08-01 13:21:15,679] {dag.py:2928} INFO - Setting next_dagrun for example_python_operator to None
[2022-08-01 13:21:15,736] {processor.py:171} INFO - Processing /home/airflow/.local/lib/python3.7/site-packages/airflow/example_dags/example_python_operator.py took 0.334 seconds
[2022-08-01 13:21:45,921] {processor.py:163} INFO - Started process (PID=159) to work on /home/airflow/.local/lib/python3.7/site-packages/airflow/example_dags/example_python_operator.py
[2022-08-01 13:21:45,923] {processor.py:625} INFO - Processing file /home/airflow/.local/lib/python3.7/site-packages/airflow/example_dags/example_python_operator.py for tasks to queue
[2022-08-01 13:21:45,924] {logging_mixin.py:109} INFO - [2022-08-01 13:21:45,924] {dagbag.py:500} INFO - Filling up the DagBag from /home/airflow/.local/lib/python3.7/site-packages/airflow/example_dags/example_python_operator.py
[2022-08-01 13:21:45,953] {processor.py:637} INFO - DAG(s) dict_keys(['example_python_operator']) retrieved from /home/airflow/.local/lib/python3.7/site-packages/airflow/example_dags/example_python_operator.py
[2022-08-01 13:21:45,963] {logging_mixin.py:109} INFO - [2022-08-01 13:21:45,963] {dag.py:2396} INFO - Sync 1 DAGs
[2022-08-01 13:21:45,984] {logging_mixin.py:109} INFO - [2022-08-01 13:21:45,984] {dag.py:2928} INFO - Setting next_dagrun for example_python_operator to None
[2022-08-01 13:21:45,999] {processor.py:171} INFO - Processing /home/airflow/.local/lib/python3.7/site-packages/airflow/example_dags/example_python_operator.py took 0.082 seconds
[2022-08-01 13:22:16,137] {processor.py:163} INFO - Started process (PID=210) to work on /home/airflow/.local/lib/python3.7/site-packages/airflow/example_dags/example_python_operator.py
[2022-08-01 13:22:16,139] {processor.py:625} INFO - Processing file /home/airflow/.local/lib/python3.7/site-packages/airflow/example_dags/example_python_operator.py for tasks to queue
[2022-08-01 13:22:16,139] {logging_mixin.py:109} INFO - [2022-08-01 13:22:16,139] {dagbag.py:500} INFO - Filling up the DagBag from /home/airflow/.local/lib/python3.7/site-packages/airflow/example_dags/example_python_operator.py
[2022-08-01 13:22:16,159] {processor.py:637} INFO - DAG(s) dict_keys(['example_python_operator']) retrieved from /home/airflow/.local/lib/python3.7/site-packages/airflow/example_dags/example_python_operator.py
[2022-08-01 13:22:16,166] {logging_mixin.py:109} INFO - [2022-08-01 13:22:16,165] {dag.py:2396} INFO - Sync 1 DAGs
[2022-08-01 13:22:16,175] {logging_mixin.py:109} INFO - [2022-08-01 13:22:16,175] {dag.py:2928} INFO - Setting next_dagrun for example_python_operator to None
[2022-08-01 13:22:16,184] {processor.py:171} INFO - Processing /home/airflow/.local/lib/python3.7/site-packages/airflow/example_dags/example_python_operator.py took 0.048 seconds
[2022-08-01 13:22:46,430] {processor.py:163} INFO - Started process (PID=269) to work on /home/airflow/.local/lib/python3.7/site-packages/airflow/example_dags/example_python_operator.py
[2022-08-01 13:22:46,431] {processor.py:625} INFO - Processing file /home/airflow/.local/lib/python3.7/site-packages/airflow/example_dags/example_python_operator.py for tasks to queue
[2022-08-01 13:22:46,432] {logging_mixin.py:109} INFO - [2022-08-01 13:22:46,432] {dagbag.py:500} INFO - Filling up the DagBag from /home/airflow/.local/lib/python3.7/site-packages/airflow/example_dags/example_python_operator.py
[2022-08-01 13:22:46,456] {processor.py:637} INFO - DAG(s) dict_keys(['example_python_operator']) retrieved from /home/airflow/.local/lib/python3.7/site-packages/airflow/example_dags/example_python_operator.py
[2022-08-01 13:22:46,466] {logging_mixin.py:109} INFO - [2022-08-01 13:22:46,466] {dag.py:2396} INFO - Sync 1 DAGs
[2022-08-01 13:22:46,481] {logging_mixin.py:109} INFO - [2022-08-01 13:22:46,481] {dag.py:2928} INFO - Setting next_dagrun for example_python_operator to None
[2022-08-01 13:22:46,493] {processor.py:171} INFO - Processing /home/airflow/.local/lib/python3.7/site-packages/airflow/example_dags/example_python_operator.py took 0.065 seconds
[2022-08-01 13:23:16,697] {processor.py:163} INFO - Started process (PID=323) to work on /home/airflow/.local/lib/python3.7/site-packages/airflow/example_dags/example_python_operator.py
[2022-08-01 13:23:16,699] {processor.py:625} INFO - Processing file /home/airflow/.local/lib/python3.7/site-packages/airflow/example_dags/example_python_operator.py for tasks to queue
[2022-08-01 13:23:16,700] {logging_mixin.py:109} INFO - [2022-08-01 13:23:16,700] {dagbag.py:500} INFO - Filling up the DagBag from /home/airflow/.local/lib/python3.7/site-packages/airflow/example_dags/example_python_operator.py
[2022-08-01 13:23:16,734] {processor.py:637} INFO - DAG(s) dict_keys(['example_python_operator']) retrieved from /home/airflow/.local/lib/python3.7/site-packages/airflow/example_dags/example_python_operator.py
[2022-08-01 13:23:16,745] {logging_mixin.py:109} INFO - [2022-08-01 13:23:16,745] {dag.py:2396} INFO - Sync 1 DAGs
[2022-08-01 13:23:16,761] {logging_mixin.py:109} INFO - [2022-08-01 13:23:16,761] {dag.py:2928} INFO - Setting next_dagrun for example_python_operator to None
[2022-08-01 13:23:16,772] {processor.py:171} INFO - Processing /home/airflow/.local/lib/python3.7/site-packages/airflow/example_dags/example_python_operator.py took 0.078 seconds
[2022-08-01 13:23:47,784] {processor.py:163} INFO - Started process (PID=376) to work on /home/airflow/.local/lib/python3.7/site-packages/airflow/example_dags/example_python_operator.py
[2022-08-01 13:23:47,785] {processor.py:625} INFO - Processing file /home/airflow/.local/lib/python3.7/site-packages/airflow/example_dags/example_python_operator.py for tasks to queue
[2022-08-01 13:23:47,786] {logging_mixin.py:109} INFO - [2022-08-01 13:23:47,786] {dagbag.py:500} INFO - Filling up the DagBag from /home/airflow/.local/lib/python3.7/site-packages/airflow/example_dags/example_python_operator.py
[2022-08-01 13:23:47,806] {processor.py:637} INFO - DAG(s) dict_keys(['example_python_operator']) retrieved from /home/airflow/.local/lib/python3.7/site-packages/airflow/example_dags/example_python_operator.py
[2022-08-01 13:23:47,814] {logging_mixin.py:109} INFO - [2022-08-01 13:23:47,814] {dag.py:2396} INFO - Sync 1 DAGs
[2022-08-01 13:23:47,827] {logging_mixin.py:109} INFO - [2022-08-01 13:23:47,827] {dag.py:2928} INFO - Setting next_dagrun for example_python_operator to None
[2022-08-01 13:23:47,837] {processor.py:171} INFO - Processing /home/airflow/.local/lib/python3.7/site-packages/airflow/example_dags/example_python_operator.py took 0.056 seconds
[2022-08-01 13:24:19,153] {processor.py:163} INFO - Started process (PID=428) to work on /home/airflow/.local/lib/python3.7/site-packages/airflow/example_dags/example_python_operator.py
[2022-08-01 13:24:19,160] {processor.py:625} INFO - Processing file /home/airflow/.local/lib/python3.7/site-packages/airflow/example_dags/example_python_operator.py for tasks to queue
[2022-08-01 13:24:19,161] {logging_mixin.py:109} INFO - [2022-08-01 13:24:19,161] {dagbag.py:500} INFO - Filling up the DagBag from /home/airflow/.local/lib/python3.7/site-packages/airflow/example_dags/example_python_operator.py
[2022-08-01 13:24:19,248] {processor.py:637} INFO - DAG(s) dict_keys(['example_python_operator']) retrieved from /home/airflow/.local/lib/python3.7/site-packages/airflow/example_dags/example_python_operator.py
[2022-08-01 13:24:19,278] {logging_mixin.py:109} INFO - [2022-08-01 13:24:19,278] {dag.py:2396} INFO - Sync 1 DAGs
[2022-08-01 13:24:19,320] {logging_mixin.py:109} INFO - [2022-08-01 13:24:19,319] {dag.py:2928} INFO - Setting next_dagrun for example_python_operator to None
[2022-08-01 13:24:19,356] {processor.py:171} INFO - Processing /home/airflow/.local/lib/python3.7/site-packages/airflow/example_dags/example_python_operator.py took 0.211 seconds
[2022-08-01 13:24:52,978] {processor.py:163} INFO - Started process (PID=480) to work on /home/airflow/.local/lib/python3.7/site-packages/airflow/example_dags/example_python_operator.py
[2022-08-01 13:24:52,983] {processor.py:625} INFO - Processing file /home/airflow/.local/lib/python3.7/site-packages/airflow/example_dags/example_python_operator.py for tasks to queue
[2022-08-01 13:24:52,985] {logging_mixin.py:109} INFO - [2022-08-01 13:24:52,984] {dagbag.py:500} INFO - Filling up the DagBag from /home/airflow/.local/lib/python3.7/site-packages/airflow/example_dags/example_python_operator.py
[2022-08-01 13:24:53,054] {processor.py:637} INFO - DAG(s) dict_keys(['example_python_operator']) retrieved from /home/airflow/.local/lib/python3.7/site-packages/airflow/example_dags/example_python_operator.py
[2022-08-01 13:24:53,091] {logging_mixin.py:109} INFO - [2022-08-01 13:24:53,091] {dag.py:2396} INFO - Sync 1 DAGs
[2022-08-01 13:24:53,169] {logging_mixin.py:109} INFO - [2022-08-01 13:24:53,168] {dag.py:2928} INFO - Setting next_dagrun for example_python_operator to None
[2022-08-01 13:24:53,197] {processor.py:171} INFO - Processing /home/airflow/.local/lib/python3.7/site-packages/airflow/example_dags/example_python_operator.py took 0.235 seconds
[2022-08-01 13:25:23,891] {processor.py:163} INFO - Started process (PID=532) to work on /home/airflow/.local/lib/python3.7/site-packages/airflow/example_dags/example_python_operator.py
[2022-08-01 13:25:23,892] {processor.py:625} INFO - Processing file /home/airflow/.local/lib/python3.7/site-packages/airflow/example_dags/example_python_operator.py for tasks to queue
[2022-08-01 13:25:23,893] {logging_mixin.py:109} INFO - [2022-08-01 13:25:23,892] {dagbag.py:500} INFO - Filling up the DagBag from /home/airflow/.local/lib/python3.7/site-packages/airflow/example_dags/example_python_operator.py
[2022-08-01 13:25:23,921] {processor.py:637} INFO - DAG(s) dict_keys(['example_python_operator']) retrieved from /home/airflow/.local/lib/python3.7/site-packages/airflow/example_dags/example_python_operator.py
[2022-08-01 13:25:23,931] {logging_mixin.py:109} INFO - [2022-08-01 13:25:23,930] {dag.py:2396} INFO - Sync 1 DAGs
[2022-08-01 13:25:23,946] {logging_mixin.py:109} INFO - [2022-08-01 13:25:23,946] {dag.py:2928} INFO - Setting next_dagrun for example_python_operator to None
[2022-08-01 13:25:23,956] {processor.py:171} INFO - Processing /home/airflow/.local/lib/python3.7/site-packages/airflow/example_dags/example_python_operator.py took 0.070 seconds
[2022-08-01 13:25:54,524] {processor.py:163} INFO - Started process (PID=585) to work on /home/airflow/.local/lib/python3.7/site-packages/airflow/example_dags/example_python_operator.py
[2022-08-01 13:25:54,526] {processor.py:625} INFO - Processing file /home/airflow/.local/lib/python3.7/site-packages/airflow/example_dags/example_python_operator.py for tasks to queue
[2022-08-01 13:25:54,526] {logging_mixin.py:109} INFO - [2022-08-01 13:25:54,526] {dagbag.py:500} INFO - Filling up the DagBag from /home/airflow/.local/lib/python3.7/site-packages/airflow/example_dags/example_python_operator.py
[2022-08-01 13:25:54,556] {processor.py:637} INFO - DAG(s) dict_keys(['example_python_operator']) retrieved from /home/airflow/.local/lib/python3.7/site-packages/airflow/example_dags/example_python_operator.py
[2022-08-01 13:25:54,567] {logging_mixin.py:109} INFO - [2022-08-01 13:25:54,567] {dag.py:2396} INFO - Sync 1 DAGs
[2022-08-01 13:25:54,579] {logging_mixin.py:109} INFO - [2022-08-01 13:25:54,579] {dag.py:2928} INFO - Setting next_dagrun for example_python_operator to None
[2022-08-01 13:25:54,587] {processor.py:171} INFO - Processing /home/airflow/.local/lib/python3.7/site-packages/airflow/example_dags/example_python_operator.py took 0.066 seconds
[2022-08-01 13:26:25,071] {processor.py:163} INFO - Started process (PID=646) to work on /home/airflow/.local/lib/python3.7/site-packages/airflow/example_dags/example_python_operator.py
[2022-08-01 13:26:25,073] {processor.py:625} INFO - Processing file /home/airflow/.local/lib/python3.7/site-packages/airflow/example_dags/example_python_operator.py for tasks to queue
[2022-08-01 13:26:25,073] {logging_mixin.py:109} INFO - [2022-08-01 13:26:25,073] {dagbag.py:500} INFO - Filling up the DagBag from /home/airflow/.local/lib/python3.7/site-packages/airflow/example_dags/example_python_operator.py
[2022-08-01 13:26:25,116] {processor.py:637} INFO - DAG(s) dict_keys(['example_python_operator']) retrieved from /home/airflow/.local/lib/python3.7/site-packages/airflow/example_dags/example_python_operator.py
[2022-08-01 13:26:25,132] {logging_mixin.py:109} INFO - [2022-08-01 13:26:25,132] {dag.py:2396} INFO - Sync 1 DAGs
[2022-08-01 13:26:25,155] {logging_mixin.py:109} INFO - [2022-08-01 13:26:25,155] {dag.py:2928} INFO - Setting next_dagrun for example_python_operator to None
[2022-08-01 13:26:25,176] {processor.py:171} INFO - Processing /home/airflow/.local/lib/python3.7/site-packages/airflow/example_dags/example_python_operator.py took 0.110 seconds
[2022-08-01 13:26:55,599] {processor.py:163} INFO - Started process (PID=698) to work on /home/airflow/.local/lib/python3.7/site-packages/airflow/example_dags/example_python_operator.py
[2022-08-01 13:26:55,600] {processor.py:625} INFO - Processing file /home/airflow/.local/lib/python3.7/site-packages/airflow/example_dags/example_python_operator.py for tasks to queue
[2022-08-01 13:26:55,601] {logging_mixin.py:109} INFO - [2022-08-01 13:26:55,601] {dagbag.py:500} INFO - Filling up the DagBag from /home/airflow/.local/lib/python3.7/site-packages/airflow/example_dags/example_python_operator.py
[2022-08-01 13:26:55,625] {processor.py:637} INFO - DAG(s) dict_keys(['example_python_operator']) retrieved from /home/airflow/.local/lib/python3.7/site-packages/airflow/example_dags/example_python_operator.py
[2022-08-01 13:26:55,634] {logging_mixin.py:109} INFO - [2022-08-01 13:26:55,634] {dag.py:2396} INFO - Sync 1 DAGs
[2022-08-01 13:26:55,647] {logging_mixin.py:109} INFO - [2022-08-01 13:26:55,647] {dag.py:2928} INFO - Setting next_dagrun for example_python_operator to None
[2022-08-01 13:26:55,657] {processor.py:171} INFO - Processing /home/airflow/.local/lib/python3.7/site-packages/airflow/example_dags/example_python_operator.py took 0.060 seconds
[2022-08-01 13:27:25,954] {processor.py:163} INFO - Started process (PID=750) to work on /home/airflow/.local/lib/python3.7/site-packages/airflow/example_dags/example_python_operator.py
[2022-08-01 13:27:25,955] {processor.py:625} INFO - Processing file /home/airflow/.local/lib/python3.7/site-packages/airflow/example_dags/example_python_operator.py for tasks to queue
[2022-08-01 13:27:25,956] {logging_mixin.py:109} INFO - [2022-08-01 13:27:25,956] {dagbag.py:500} INFO - Filling up the DagBag from /home/airflow/.local/lib/python3.7/site-packages/airflow/example_dags/example_python_operator.py
[2022-08-01 13:27:25,983] {processor.py:637} INFO - DAG(s) dict_keys(['example_python_operator']) retrieved from /home/airflow/.local/lib/python3.7/site-packages/airflow/example_dags/example_python_operator.py
[2022-08-01 13:27:25,993] {logging_mixin.py:109} INFO - [2022-08-01 13:27:25,993] {dag.py:2396} INFO - Sync 1 DAGs
[2022-08-01 13:27:26,007] {logging_mixin.py:109} INFO - [2022-08-01 13:27:26,007] {dag.py:2928} INFO - Setting next_dagrun for example_python_operator to None
[2022-08-01 13:27:26,026] {processor.py:171} INFO - Processing /home/airflow/.local/lib/python3.7/site-packages/airflow/example_dags/example_python_operator.py took 0.076 seconds
[2022-08-01 13:27:56,591] {processor.py:163} INFO - Started process (PID=802) to work on /home/airflow/.local/lib/python3.7/site-packages/airflow/example_dags/example_python_operator.py
[2022-08-01 13:27:56,592] {processor.py:625} INFO - Processing file /home/airflow/.local/lib/python3.7/site-packages/airflow/example_dags/example_python_operator.py for tasks to queue
[2022-08-01 13:27:56,592] {logging_mixin.py:109} INFO - [2022-08-01 13:27:56,592] {dagbag.py:500} INFO - Filling up the DagBag from /home/airflow/.local/lib/python3.7/site-packages/airflow/example_dags/example_python_operator.py
[2022-08-01 13:27:56,614] {processor.py:637} INFO - DAG(s) dict_keys(['example_python_operator']) retrieved from /home/airflow/.local/lib/python3.7/site-packages/airflow/example_dags/example_python_operator.py
[2022-08-01 13:27:56,622] {logging_mixin.py:109} INFO - [2022-08-01 13:27:56,622] {dag.py:2396} INFO - Sync 1 DAGs
[2022-08-01 13:27:56,634] {logging_mixin.py:109} INFO - [2022-08-01 13:27:56,634] {dag.py:2928} INFO - Setting next_dagrun for example_python_operator to None
[2022-08-01 13:27:56,644] {processor.py:171} INFO - Processing /home/airflow/.local/lib/python3.7/site-packages/airflow/example_dags/example_python_operator.py took 0.056 seconds
[2022-08-01 13:28:26,938] {processor.py:163} INFO - Started process (PID=863) to work on /home/airflow/.local/lib/python3.7/site-packages/airflow/example_dags/example_python_operator.py
[2022-08-01 13:28:26,940] {processor.py:625} INFO - Processing file /home/airflow/.local/lib/python3.7/site-packages/airflow/example_dags/example_python_operator.py for tasks to queue
[2022-08-01 13:28:26,940] {logging_mixin.py:109} INFO - [2022-08-01 13:28:26,940] {dagbag.py:500} INFO - Filling up the DagBag from /home/airflow/.local/lib/python3.7/site-packages/airflow/example_dags/example_python_operator.py
[2022-08-01 13:28:26,961] {processor.py:637} INFO - DAG(s) dict_keys(['example_python_operator']) retrieved from /home/airflow/.local/lib/python3.7/site-packages/airflow/example_dags/example_python_operator.py
[2022-08-01 13:28:26,970] {logging_mixin.py:109} INFO - [2022-08-01 13:28:26,969] {dag.py:2396} INFO - Sync 1 DAGs
[2022-08-01 13:28:26,980] {logging_mixin.py:109} INFO - [2022-08-01 13:28:26,980] {dag.py:2928} INFO - Setting next_dagrun for example_python_operator to None
[2022-08-01 13:28:26,989] {processor.py:171} INFO - Processing /home/airflow/.local/lib/python3.7/site-packages/airflow/example_dags/example_python_operator.py took 0.053 seconds
[2022-08-01 13:28:57,077] {processor.py:163} INFO - Started process (PID=914) to work on /home/airflow/.local/lib/python3.7/site-packages/airflow/example_dags/example_python_operator.py
[2022-08-01 13:28:57,081] {processor.py:625} INFO - Processing file /home/airflow/.local/lib/python3.7/site-packages/airflow/example_dags/example_python_operator.py for tasks to queue
[2022-08-01 13:28:57,082] {logging_mixin.py:109} INFO - [2022-08-01 13:28:57,082] {dagbag.py:500} INFO - Filling up the DagBag from /home/airflow/.local/lib/python3.7/site-packages/airflow/example_dags/example_python_operator.py
[2022-08-01 13:28:57,102] {processor.py:637} INFO - DAG(s) dict_keys(['example_python_operator']) retrieved from /home/airflow/.local/lib/python3.7/site-packages/airflow/example_dags/example_python_operator.py
[2022-08-01 13:28:57,110] {logging_mixin.py:109} INFO - [2022-08-01 13:28:57,110] {dag.py:2396} INFO - Sync 1 DAGs
[2022-08-01 13:28:57,121] {logging_mixin.py:109} INFO - [2022-08-01 13:28:57,121] {dag.py:2928} INFO - Setting next_dagrun for example_python_operator to None
[2022-08-01 13:28:57,129] {processor.py:171} INFO - Processing /home/airflow/.local/lib/python3.7/site-packages/airflow/example_dags/example_python_operator.py took 0.055 seconds
[2022-08-01 13:29:27,366] {processor.py:163} INFO - Started process (PID=975) to work on /home/airflow/.local/lib/python3.7/site-packages/airflow/example_dags/example_python_operator.py
[2022-08-01 13:29:27,367] {processor.py:625} INFO - Processing file /home/airflow/.local/lib/python3.7/site-packages/airflow/example_dags/example_python_operator.py for tasks to queue
[2022-08-01 13:29:27,368] {logging_mixin.py:109} INFO - [2022-08-01 13:29:27,368] {dagbag.py:500} INFO - Filling up the DagBag from /home/airflow/.local/lib/python3.7/site-packages/airflow/example_dags/example_python_operator.py
[2022-08-01 13:29:27,397] {processor.py:637} INFO - DAG(s) dict_keys(['example_python_operator']) retrieved from /home/airflow/.local/lib/python3.7/site-packages/airflow/example_dags/example_python_operator.py
[2022-08-01 13:29:27,407] {logging_mixin.py:109} INFO - [2022-08-01 13:29:27,407] {dag.py:2396} INFO - Sync 1 DAGs
[2022-08-01 13:29:27,421] {logging_mixin.py:109} INFO - [2022-08-01 13:29:27,421] {dag.py:2928} INFO - Setting next_dagrun for example_python_operator to None
[2022-08-01 13:29:27,432] {processor.py:171} INFO - Processing /home/airflow/.local/lib/python3.7/site-packages/airflow/example_dags/example_python_operator.py took 0.069 seconds
[2022-08-01 13:29:57,926] {processor.py:163} INFO - Started process (PID=1027) to work on /home/airflow/.local/lib/python3.7/site-packages/airflow/example_dags/example_python_operator.py
[2022-08-01 13:29:57,928] {processor.py:625} INFO - Processing file /home/airflow/.local/lib/python3.7/site-packages/airflow/example_dags/example_python_operator.py for tasks to queue
[2022-08-01 13:29:57,928] {logging_mixin.py:109} INFO - [2022-08-01 13:29:57,928] {dagbag.py:500} INFO - Filling up the DagBag from /home/airflow/.local/lib/python3.7/site-packages/airflow/example_dags/example_python_operator.py
[2022-08-01 13:29:57,953] {processor.py:637} INFO - DAG(s) dict_keys(['example_python_operator']) retrieved from /home/airflow/.local/lib/python3.7/site-packages/airflow/example_dags/example_python_operator.py
[2022-08-01 13:29:57,963] {logging_mixin.py:109} INFO - [2022-08-01 13:29:57,963] {dag.py:2396} INFO - Sync 1 DAGs
[2022-08-01 13:29:57,978] {logging_mixin.py:109} INFO - [2022-08-01 13:29:57,977] {dag.py:2928} INFO - Setting next_dagrun for example_python_operator to None
[2022-08-01 13:29:57,988] {processor.py:171} INFO - Processing /home/airflow/.local/lib/python3.7/site-packages/airflow/example_dags/example_python_operator.py took 0.065 seconds
[2022-08-01 13:30:28,520] {processor.py:163} INFO - Started process (PID=1080) to work on /home/airflow/.local/lib/python3.7/site-packages/airflow/example_dags/example_python_operator.py
[2022-08-01 13:30:28,523] {processor.py:625} INFO - Processing file /home/airflow/.local/lib/python3.7/site-packages/airflow/example_dags/example_python_operator.py for tasks to queue
[2022-08-01 13:30:28,524] {logging_mixin.py:109} INFO - [2022-08-01 13:30:28,524] {dagbag.py:500} INFO - Filling up the DagBag from /home/airflow/.local/lib/python3.7/site-packages/airflow/example_dags/example_python_operator.py
[2022-08-01 13:30:28,574] {processor.py:637} INFO - DAG(s) dict_keys(['example_python_operator']) retrieved from /home/airflow/.local/lib/python3.7/site-packages/airflow/example_dags/example_python_operator.py
[2022-08-01 13:30:28,594] {logging_mixin.py:109} INFO - [2022-08-01 13:30:28,593] {dag.py:2396} INFO - Sync 1 DAGs
[2022-08-01 13:30:28,623] {logging_mixin.py:109} INFO - [2022-08-01 13:30:28,623] {dag.py:2928} INFO - Setting next_dagrun for example_python_operator to None
[2022-08-01 13:30:28,641] {processor.py:171} INFO - Processing /home/airflow/.local/lib/python3.7/site-packages/airflow/example_dags/example_python_operator.py took 0.128 seconds
