[2022-08-01 12:25:35,567] {processor.py:163} INFO - Started process (PID=44) to work on /home/airflow/.local/lib/python3.7/site-packages/airflow/example_dags/example_dag_decorator.py
[2022-08-01 12:25:35,569] {processor.py:625} INFO - Processing file /home/airflow/.local/lib/python3.7/site-packages/airflow/example_dags/example_dag_decorator.py for tasks to queue
[2022-08-01 12:25:35,570] {logging_mixin.py:109} INFO - [2022-08-01 12:25:35,570] {dagbag.py:500} INFO - Filling up the DagBag from /home/airflow/.local/lib/python3.7/site-packages/airflow/example_dags/example_dag_decorator.py
[2022-08-01 12:25:35,626] {processor.py:637} INFO - DAG(s) dict_keys(['example_dag_decorator']) retrieved from /home/airflow/.local/lib/python3.7/site-packages/airflow/example_dags/example_dag_decorator.py
[2022-08-01 12:25:36,121] {logging_mixin.py:109} INFO - [2022-08-01 12:25:36,121] {dag.py:2396} INFO - Sync 1 DAGs
[2022-08-01 12:25:36,150] {logging_mixin.py:109} INFO - [2022-08-01 12:25:36,149] {dag.py:2928} INFO - Setting next_dagrun for example_dag_decorator to None
[2022-08-01 12:25:36,167] {processor.py:171} INFO - Processing /home/airflow/.local/lib/python3.7/site-packages/airflow/example_dags/example_dag_decorator.py took 0.607 seconds
[2022-08-01 12:26:06,651] {processor.py:163} INFO - Started process (PID=99) to work on /home/airflow/.local/lib/python3.7/site-packages/airflow/example_dags/example_dag_decorator.py
[2022-08-01 12:26:06,653] {processor.py:625} INFO - Processing file /home/airflow/.local/lib/python3.7/site-packages/airflow/example_dags/example_dag_decorator.py for tasks to queue
[2022-08-01 12:26:06,653] {logging_mixin.py:109} INFO - [2022-08-01 12:26:06,653] {dagbag.py:500} INFO - Filling up the DagBag from /home/airflow/.local/lib/python3.7/site-packages/airflow/example_dags/example_dag_decorator.py
[2022-08-01 12:26:06,692] {processor.py:637} INFO - DAG(s) dict_keys(['example_dag_decorator']) retrieved from /home/airflow/.local/lib/python3.7/site-packages/airflow/example_dags/example_dag_decorator.py
[2022-08-01 12:26:06,964] {logging_mixin.py:109} INFO - [2022-08-01 12:26:06,964] {dag.py:2396} INFO - Sync 1 DAGs
[2022-08-01 12:26:06,976] {logging_mixin.py:109} INFO - [2022-08-01 12:26:06,976] {dag.py:2928} INFO - Setting next_dagrun for example_dag_decorator to None
[2022-08-01 12:26:06,987] {processor.py:171} INFO - Processing /home/airflow/.local/lib/python3.7/site-packages/airflow/example_dags/example_dag_decorator.py took 0.339 seconds
[2022-08-01 12:26:37,283] {processor.py:163} INFO - Started process (PID=152) to work on /home/airflow/.local/lib/python3.7/site-packages/airflow/example_dags/example_dag_decorator.py
[2022-08-01 12:26:37,284] {processor.py:625} INFO - Processing file /home/airflow/.local/lib/python3.7/site-packages/airflow/example_dags/example_dag_decorator.py for tasks to queue
[2022-08-01 12:26:37,285] {logging_mixin.py:109} INFO - [2022-08-01 12:26:37,285] {dagbag.py:500} INFO - Filling up the DagBag from /home/airflow/.local/lib/python3.7/site-packages/airflow/example_dags/example_dag_decorator.py
[2022-08-01 12:26:37,320] {processor.py:637} INFO - DAG(s) dict_keys(['example_dag_decorator']) retrieved from /home/airflow/.local/lib/python3.7/site-packages/airflow/example_dags/example_dag_decorator.py
[2022-08-01 12:26:37,684] {logging_mixin.py:109} INFO - [2022-08-01 12:26:37,683] {dag.py:2396} INFO - Sync 1 DAGs
[2022-08-01 12:26:37,696] {logging_mixin.py:109} INFO - [2022-08-01 12:26:37,696] {dag.py:2928} INFO - Setting next_dagrun for example_dag_decorator to None
[2022-08-01 12:26:37,711] {processor.py:171} INFO - Processing /home/airflow/.local/lib/python3.7/site-packages/airflow/example_dags/example_dag_decorator.py took 0.432 seconds
[2022-08-01 12:27:07,928] {processor.py:163} INFO - Started process (PID=212) to work on /home/airflow/.local/lib/python3.7/site-packages/airflow/example_dags/example_dag_decorator.py
[2022-08-01 12:27:07,930] {processor.py:625} INFO - Processing file /home/airflow/.local/lib/python3.7/site-packages/airflow/example_dags/example_dag_decorator.py for tasks to queue
[2022-08-01 12:27:07,931] {logging_mixin.py:109} INFO - [2022-08-01 12:27:07,931] {dagbag.py:500} INFO - Filling up the DagBag from /home/airflow/.local/lib/python3.7/site-packages/airflow/example_dags/example_dag_decorator.py
[2022-08-01 12:27:07,972] {processor.py:637} INFO - DAG(s) dict_keys(['example_dag_decorator']) retrieved from /home/airflow/.local/lib/python3.7/site-packages/airflow/example_dags/example_dag_decorator.py
[2022-08-01 12:27:08,378] {logging_mixin.py:109} INFO - [2022-08-01 12:27:08,378] {dag.py:2396} INFO - Sync 1 DAGs
[2022-08-01 12:27:08,399] {logging_mixin.py:109} INFO - [2022-08-01 12:27:08,399] {dag.py:2928} INFO - Setting next_dagrun for example_dag_decorator to None
[2022-08-01 12:27:08,416] {processor.py:171} INFO - Processing /home/airflow/.local/lib/python3.7/site-packages/airflow/example_dags/example_dag_decorator.py took 0.492 seconds
[2022-08-01 12:27:38,857] {processor.py:163} INFO - Started process (PID=266) to work on /home/airflow/.local/lib/python3.7/site-packages/airflow/example_dags/example_dag_decorator.py
[2022-08-01 12:27:38,858] {processor.py:625} INFO - Processing file /home/airflow/.local/lib/python3.7/site-packages/airflow/example_dags/example_dag_decorator.py for tasks to queue
[2022-08-01 12:27:38,858] {logging_mixin.py:109} INFO - [2022-08-01 12:27:38,858] {dagbag.py:500} INFO - Filling up the DagBag from /home/airflow/.local/lib/python3.7/site-packages/airflow/example_dags/example_dag_decorator.py
[2022-08-01 12:27:38,881] {processor.py:637} INFO - DAG(s) dict_keys(['example_dag_decorator']) retrieved from /home/airflow/.local/lib/python3.7/site-packages/airflow/example_dags/example_dag_decorator.py
[2022-08-01 12:27:39,034] {logging_mixin.py:109} INFO - [2022-08-01 12:27:39,034] {dag.py:2396} INFO - Sync 1 DAGs
[2022-08-01 12:27:39,040] {logging_mixin.py:109} INFO - [2022-08-01 12:27:39,040] {dag.py:2928} INFO - Setting next_dagrun for example_dag_decorator to None
[2022-08-01 12:27:39,051] {processor.py:171} INFO - Processing /home/airflow/.local/lib/python3.7/site-packages/airflow/example_dags/example_dag_decorator.py took 0.196 seconds
[2022-08-01 12:28:09,899] {processor.py:163} INFO - Started process (PID=321) to work on /home/airflow/.local/lib/python3.7/site-packages/airflow/example_dags/example_dag_decorator.py
[2022-08-01 12:28:09,900] {processor.py:625} INFO - Processing file /home/airflow/.local/lib/python3.7/site-packages/airflow/example_dags/example_dag_decorator.py for tasks to queue
[2022-08-01 12:28:09,901] {logging_mixin.py:109} INFO - [2022-08-01 12:28:09,901] {dagbag.py:500} INFO - Filling up the DagBag from /home/airflow/.local/lib/python3.7/site-packages/airflow/example_dags/example_dag_decorator.py
[2022-08-01 12:28:09,927] {processor.py:637} INFO - DAG(s) dict_keys(['example_dag_decorator']) retrieved from /home/airflow/.local/lib/python3.7/site-packages/airflow/example_dags/example_dag_decorator.py
[2022-08-01 12:28:10,123] {logging_mixin.py:109} INFO - [2022-08-01 12:28:10,123] {dag.py:2396} INFO - Sync 1 DAGs
[2022-08-01 12:28:10,131] {logging_mixin.py:109} INFO - [2022-08-01 12:28:10,131] {dag.py:2928} INFO - Setting next_dagrun for example_dag_decorator to None
[2022-08-01 12:28:10,139] {processor.py:171} INFO - Processing /home/airflow/.local/lib/python3.7/site-packages/airflow/example_dags/example_dag_decorator.py took 0.243 seconds
[2022-08-01 12:28:40,595] {processor.py:163} INFO - Started process (PID=375) to work on /home/airflow/.local/lib/python3.7/site-packages/airflow/example_dags/example_dag_decorator.py
[2022-08-01 12:28:40,596] {processor.py:625} INFO - Processing file /home/airflow/.local/lib/python3.7/site-packages/airflow/example_dags/example_dag_decorator.py for tasks to queue
[2022-08-01 12:28:40,596] {logging_mixin.py:109} INFO - [2022-08-01 12:28:40,596] {dagbag.py:500} INFO - Filling up the DagBag from /home/airflow/.local/lib/python3.7/site-packages/airflow/example_dags/example_dag_decorator.py
[2022-08-01 12:28:40,619] {processor.py:637} INFO - DAG(s) dict_keys(['example_dag_decorator']) retrieved from /home/airflow/.local/lib/python3.7/site-packages/airflow/example_dags/example_dag_decorator.py
[2022-08-01 12:28:40,797] {logging_mixin.py:109} INFO - [2022-08-01 12:28:40,797] {dag.py:2396} INFO - Sync 1 DAGs
[2022-08-01 12:28:40,807] {logging_mixin.py:109} INFO - [2022-08-01 12:28:40,807] {dag.py:2928} INFO - Setting next_dagrun for example_dag_decorator to None
[2022-08-01 12:28:40,817] {processor.py:171} INFO - Processing /home/airflow/.local/lib/python3.7/site-packages/airflow/example_dags/example_dag_decorator.py took 0.224 seconds
[2022-08-01 12:29:11,637] {processor.py:163} INFO - Started process (PID=436) to work on /home/airflow/.local/lib/python3.7/site-packages/airflow/example_dags/example_dag_decorator.py
[2022-08-01 12:29:11,639] {processor.py:625} INFO - Processing file /home/airflow/.local/lib/python3.7/site-packages/airflow/example_dags/example_dag_decorator.py for tasks to queue
[2022-08-01 12:29:11,640] {logging_mixin.py:109} INFO - [2022-08-01 12:29:11,640] {dagbag.py:500} INFO - Filling up the DagBag from /home/airflow/.local/lib/python3.7/site-packages/airflow/example_dags/example_dag_decorator.py
[2022-08-01 12:29:11,679] {processor.py:637} INFO - DAG(s) dict_keys(['example_dag_decorator']) retrieved from /home/airflow/.local/lib/python3.7/site-packages/airflow/example_dags/example_dag_decorator.py
[2022-08-01 12:29:11,692] {logging_mixin.py:109} INFO - [2022-08-01 12:29:11,692] {dag.py:2396} INFO - Sync 1 DAGs
[2022-08-01 12:29:11,709] {logging_mixin.py:109} INFO - [2022-08-01 12:29:11,709] {dag.py:2928} INFO - Setting next_dagrun for example_dag_decorator to None
[2022-08-01 12:29:11,721] {processor.py:171} INFO - Processing /home/airflow/.local/lib/python3.7/site-packages/airflow/example_dags/example_dag_decorator.py took 0.088 seconds
[2022-08-01 12:29:42,312] {processor.py:163} INFO - Started process (PID=488) to work on /home/airflow/.local/lib/python3.7/site-packages/airflow/example_dags/example_dag_decorator.py
[2022-08-01 12:29:42,313] {processor.py:625} INFO - Processing file /home/airflow/.local/lib/python3.7/site-packages/airflow/example_dags/example_dag_decorator.py for tasks to queue
[2022-08-01 12:29:42,314] {logging_mixin.py:109} INFO - [2022-08-01 12:29:42,314] {dagbag.py:500} INFO - Filling up the DagBag from /home/airflow/.local/lib/python3.7/site-packages/airflow/example_dags/example_dag_decorator.py
[2022-08-01 12:29:42,346] {processor.py:637} INFO - DAG(s) dict_keys(['example_dag_decorator']) retrieved from /home/airflow/.local/lib/python3.7/site-packages/airflow/example_dags/example_dag_decorator.py
[2022-08-01 12:29:42,623] {logging_mixin.py:109} INFO - [2022-08-01 12:29:42,623] {dag.py:2396} INFO - Sync 1 DAGs
[2022-08-01 12:29:42,637] {logging_mixin.py:109} INFO - [2022-08-01 12:29:42,636] {dag.py:2928} INFO - Setting next_dagrun for example_dag_decorator to None
[2022-08-01 12:29:42,647] {processor.py:171} INFO - Processing /home/airflow/.local/lib/python3.7/site-packages/airflow/example_dags/example_dag_decorator.py took 0.338 seconds
[2022-08-01 12:30:12,765] {processor.py:163} INFO - Started process (PID=551) to work on /home/airflow/.local/lib/python3.7/site-packages/airflow/example_dags/example_dag_decorator.py
[2022-08-01 12:30:12,766] {processor.py:625} INFO - Processing file /home/airflow/.local/lib/python3.7/site-packages/airflow/example_dags/example_dag_decorator.py for tasks to queue
[2022-08-01 12:30:12,767] {logging_mixin.py:109} INFO - [2022-08-01 12:30:12,767] {dagbag.py:500} INFO - Filling up the DagBag from /home/airflow/.local/lib/python3.7/site-packages/airflow/example_dags/example_dag_decorator.py
[2022-08-01 12:30:12,804] {processor.py:637} INFO - DAG(s) dict_keys(['example_dag_decorator']) retrieved from /home/airflow/.local/lib/python3.7/site-packages/airflow/example_dags/example_dag_decorator.py
[2022-08-01 12:30:13,112] {logging_mixin.py:109} INFO - [2022-08-01 12:30:13,112] {dag.py:2396} INFO - Sync 1 DAGs
[2022-08-01 12:30:13,132] {logging_mixin.py:109} INFO - [2022-08-01 12:30:13,132] {dag.py:2928} INFO - Setting next_dagrun for example_dag_decorator to None
[2022-08-01 12:30:13,148] {processor.py:171} INFO - Processing /home/airflow/.local/lib/python3.7/site-packages/airflow/example_dags/example_dag_decorator.py took 0.386 seconds
[2022-08-01 12:30:44,058] {processor.py:163} INFO - Started process (PID=601) to work on /home/airflow/.local/lib/python3.7/site-packages/airflow/example_dags/example_dag_decorator.py
[2022-08-01 12:30:44,061] {processor.py:625} INFO - Processing file /home/airflow/.local/lib/python3.7/site-packages/airflow/example_dags/example_dag_decorator.py for tasks to queue
[2022-08-01 12:30:44,062] {logging_mixin.py:109} INFO - [2022-08-01 12:30:44,062] {dagbag.py:500} INFO - Filling up the DagBag from /home/airflow/.local/lib/python3.7/site-packages/airflow/example_dags/example_dag_decorator.py
[2022-08-01 12:30:44,106] {processor.py:637} INFO - DAG(s) dict_keys(['example_dag_decorator']) retrieved from /home/airflow/.local/lib/python3.7/site-packages/airflow/example_dags/example_dag_decorator.py
[2022-08-01 12:30:44,881] {logging_mixin.py:109} INFO - [2022-08-01 12:30:44,881] {dag.py:2396} INFO - Sync 1 DAGs
[2022-08-01 12:30:44,924] {logging_mixin.py:109} INFO - [2022-08-01 12:30:44,924] {dag.py:2928} INFO - Setting next_dagrun for example_dag_decorator to None
[2022-08-01 12:30:44,968] {processor.py:171} INFO - Processing /home/airflow/.local/lib/python3.7/site-packages/airflow/example_dags/example_dag_decorator.py took 0.915 seconds
[2022-08-01 12:31:15,855] {processor.py:163} INFO - Started process (PID=656) to work on /home/airflow/.local/lib/python3.7/site-packages/airflow/example_dags/example_dag_decorator.py
[2022-08-01 12:31:15,856] {processor.py:625} INFO - Processing file /home/airflow/.local/lib/python3.7/site-packages/airflow/example_dags/example_dag_decorator.py for tasks to queue
[2022-08-01 12:31:15,856] {logging_mixin.py:109} INFO - [2022-08-01 12:31:15,856] {dagbag.py:500} INFO - Filling up the DagBag from /home/airflow/.local/lib/python3.7/site-packages/airflow/example_dags/example_dag_decorator.py
[2022-08-01 12:31:15,930] {processor.py:637} INFO - DAG(s) dict_keys(['example_dag_decorator']) retrieved from /home/airflow/.local/lib/python3.7/site-packages/airflow/example_dags/example_dag_decorator.py
[2022-08-01 12:31:16,136] {logging_mixin.py:109} INFO - [2022-08-01 12:31:16,136] {dag.py:2396} INFO - Sync 1 DAGs
[2022-08-01 12:31:16,146] {logging_mixin.py:109} INFO - [2022-08-01 12:31:16,146] {dag.py:2928} INFO - Setting next_dagrun for example_dag_decorator to None
[2022-08-01 12:31:16,156] {processor.py:171} INFO - Processing /home/airflow/.local/lib/python3.7/site-packages/airflow/example_dags/example_dag_decorator.py took 0.304 seconds
[2022-08-01 12:31:46,638] {processor.py:163} INFO - Started process (PID=717) to work on /home/airflow/.local/lib/python3.7/site-packages/airflow/example_dags/example_dag_decorator.py
[2022-08-01 12:31:46,643] {processor.py:625} INFO - Processing file /home/airflow/.local/lib/python3.7/site-packages/airflow/example_dags/example_dag_decorator.py for tasks to queue
[2022-08-01 12:31:46,644] {logging_mixin.py:109} INFO - [2022-08-01 12:31:46,644] {dagbag.py:500} INFO - Filling up the DagBag from /home/airflow/.local/lib/python3.7/site-packages/airflow/example_dags/example_dag_decorator.py
[2022-08-01 12:31:46,703] {processor.py:637} INFO - DAG(s) dict_keys(['example_dag_decorator']) retrieved from /home/airflow/.local/lib/python3.7/site-packages/airflow/example_dags/example_dag_decorator.py
[2022-08-01 12:31:47,133] {logging_mixin.py:109} INFO - [2022-08-01 12:31:47,133] {dag.py:2396} INFO - Sync 1 DAGs
[2022-08-01 12:31:47,150] {logging_mixin.py:109} INFO - [2022-08-01 12:31:47,150] {dag.py:2928} INFO - Setting next_dagrun for example_dag_decorator to None
[2022-08-01 12:31:47,163] {processor.py:171} INFO - Processing /home/airflow/.local/lib/python3.7/site-packages/airflow/example_dags/example_dag_decorator.py took 0.531 seconds
[2022-08-01 12:32:17,371] {processor.py:163} INFO - Started process (PID=769) to work on /home/airflow/.local/lib/python3.7/site-packages/airflow/example_dags/example_dag_decorator.py
[2022-08-01 12:32:17,373] {processor.py:625} INFO - Processing file /home/airflow/.local/lib/python3.7/site-packages/airflow/example_dags/example_dag_decorator.py for tasks to queue
[2022-08-01 12:32:17,374] {logging_mixin.py:109} INFO - [2022-08-01 12:32:17,373] {dagbag.py:500} INFO - Filling up the DagBag from /home/airflow/.local/lib/python3.7/site-packages/airflow/example_dags/example_dag_decorator.py
[2022-08-01 12:32:17,399] {processor.py:637} INFO - DAG(s) dict_keys(['example_dag_decorator']) retrieved from /home/airflow/.local/lib/python3.7/site-packages/airflow/example_dags/example_dag_decorator.py
[2022-08-01 12:32:17,615] {logging_mixin.py:109} INFO - [2022-08-01 12:32:17,615] {dag.py:2396} INFO - Sync 1 DAGs
[2022-08-01 12:32:17,630] {logging_mixin.py:109} INFO - [2022-08-01 12:32:17,630] {dag.py:2928} INFO - Setting next_dagrun for example_dag_decorator to None
[2022-08-01 12:32:17,641] {processor.py:171} INFO - Processing /home/airflow/.local/lib/python3.7/site-packages/airflow/example_dags/example_dag_decorator.py took 0.272 seconds
[2022-08-01 12:32:48,188] {processor.py:163} INFO - Started process (PID=831) to work on /home/airflow/.local/lib/python3.7/site-packages/airflow/example_dags/example_dag_decorator.py
[2022-08-01 12:32:48,190] {processor.py:625} INFO - Processing file /home/airflow/.local/lib/python3.7/site-packages/airflow/example_dags/example_dag_decorator.py for tasks to queue
[2022-08-01 12:32:48,191] {logging_mixin.py:109} INFO - [2022-08-01 12:32:48,191] {dagbag.py:500} INFO - Filling up the DagBag from /home/airflow/.local/lib/python3.7/site-packages/airflow/example_dags/example_dag_decorator.py
[2022-08-01 12:32:48,260] {processor.py:637} INFO - DAG(s) dict_keys(['example_dag_decorator']) retrieved from /home/airflow/.local/lib/python3.7/site-packages/airflow/example_dags/example_dag_decorator.py
[2022-08-01 12:32:48,676] {logging_mixin.py:109} INFO - [2022-08-01 12:32:48,676] {dag.py:2396} INFO - Sync 1 DAGs
[2022-08-01 12:32:48,694] {logging_mixin.py:109} INFO - [2022-08-01 12:32:48,694] {dag.py:2928} INFO - Setting next_dagrun for example_dag_decorator to None
[2022-08-01 12:32:48,713] {processor.py:171} INFO - Processing /home/airflow/.local/lib/python3.7/site-packages/airflow/example_dags/example_dag_decorator.py took 0.530 seconds
[2022-08-01 12:33:19,657] {processor.py:163} INFO - Started process (PID=882) to work on /home/airflow/.local/lib/python3.7/site-packages/airflow/example_dags/example_dag_decorator.py
[2022-08-01 12:33:19,659] {processor.py:625} INFO - Processing file /home/airflow/.local/lib/python3.7/site-packages/airflow/example_dags/example_dag_decorator.py for tasks to queue
[2022-08-01 12:33:19,659] {logging_mixin.py:109} INFO - [2022-08-01 12:33:19,659] {dagbag.py:500} INFO - Filling up the DagBag from /home/airflow/.local/lib/python3.7/site-packages/airflow/example_dags/example_dag_decorator.py
[2022-08-01 12:33:19,682] {processor.py:637} INFO - DAG(s) dict_keys(['example_dag_decorator']) retrieved from /home/airflow/.local/lib/python3.7/site-packages/airflow/example_dags/example_dag_decorator.py
[2022-08-01 12:33:19,850] {logging_mixin.py:109} INFO - [2022-08-01 12:33:19,850] {dag.py:2396} INFO - Sync 1 DAGs
[2022-08-01 12:33:19,861] {logging_mixin.py:109} INFO - [2022-08-01 12:33:19,860] {dag.py:2928} INFO - Setting next_dagrun for example_dag_decorator to None
[2022-08-01 12:33:19,870] {processor.py:171} INFO - Processing /home/airflow/.local/lib/python3.7/site-packages/airflow/example_dags/example_dag_decorator.py took 0.215 seconds
[2022-08-01 12:33:50,513] {processor.py:163} INFO - Started process (PID=943) to work on /home/airflow/.local/lib/python3.7/site-packages/airflow/example_dags/example_dag_decorator.py
[2022-08-01 12:33:50,515] {processor.py:625} INFO - Processing file /home/airflow/.local/lib/python3.7/site-packages/airflow/example_dags/example_dag_decorator.py for tasks to queue
[2022-08-01 12:33:50,516] {logging_mixin.py:109} INFO - [2022-08-01 12:33:50,516] {dagbag.py:500} INFO - Filling up the DagBag from /home/airflow/.local/lib/python3.7/site-packages/airflow/example_dags/example_dag_decorator.py
[2022-08-01 12:33:50,562] {processor.py:637} INFO - DAG(s) dict_keys(['example_dag_decorator']) retrieved from /home/airflow/.local/lib/python3.7/site-packages/airflow/example_dags/example_dag_decorator.py
[2022-08-01 12:33:50,971] {logging_mixin.py:109} INFO - [2022-08-01 12:33:50,971] {dag.py:2396} INFO - Sync 1 DAGs
[2022-08-01 12:33:50,992] {logging_mixin.py:109} INFO - [2022-08-01 12:33:50,992] {dag.py:2928} INFO - Setting next_dagrun for example_dag_decorator to None
[2022-08-01 12:33:51,006] {processor.py:171} INFO - Processing /home/airflow/.local/lib/python3.7/site-packages/airflow/example_dags/example_dag_decorator.py took 0.497 seconds
[2022-08-01 12:34:21,451] {processor.py:163} INFO - Started process (PID=995) to work on /home/airflow/.local/lib/python3.7/site-packages/airflow/example_dags/example_dag_decorator.py
[2022-08-01 12:34:21,455] {processor.py:625} INFO - Processing file /home/airflow/.local/lib/python3.7/site-packages/airflow/example_dags/example_dag_decorator.py for tasks to queue
[2022-08-01 12:34:21,455] {logging_mixin.py:109} INFO - [2022-08-01 12:34:21,455] {dagbag.py:500} INFO - Filling up the DagBag from /home/airflow/.local/lib/python3.7/site-packages/airflow/example_dags/example_dag_decorator.py
[2022-08-01 12:34:21,482] {processor.py:637} INFO - DAG(s) dict_keys(['example_dag_decorator']) retrieved from /home/airflow/.local/lib/python3.7/site-packages/airflow/example_dags/example_dag_decorator.py
[2022-08-01 12:34:21,694] {logging_mixin.py:109} INFO - [2022-08-01 12:34:21,694] {dag.py:2396} INFO - Sync 1 DAGs
[2022-08-01 12:34:21,705] {logging_mixin.py:109} INFO - [2022-08-01 12:34:21,705] {dag.py:2928} INFO - Setting next_dagrun for example_dag_decorator to None
[2022-08-01 12:34:21,717] {processor.py:171} INFO - Processing /home/airflow/.local/lib/python3.7/site-packages/airflow/example_dags/example_dag_decorator.py took 0.269 seconds
[2022-08-01 12:34:52,196] {processor.py:163} INFO - Started process (PID=1054) to work on /home/airflow/.local/lib/python3.7/site-packages/airflow/example_dags/example_dag_decorator.py
[2022-08-01 12:34:52,197] {processor.py:625} INFO - Processing file /home/airflow/.local/lib/python3.7/site-packages/airflow/example_dags/example_dag_decorator.py for tasks to queue
[2022-08-01 12:34:52,198] {logging_mixin.py:109} INFO - [2022-08-01 12:34:52,198] {dagbag.py:500} INFO - Filling up the DagBag from /home/airflow/.local/lib/python3.7/site-packages/airflow/example_dags/example_dag_decorator.py
[2022-08-01 12:34:52,246] {processor.py:637} INFO - DAG(s) dict_keys(['example_dag_decorator']) retrieved from /home/airflow/.local/lib/python3.7/site-packages/airflow/example_dags/example_dag_decorator.py
[2022-08-01 12:34:52,736] {logging_mixin.py:109} INFO - [2022-08-01 12:34:52,736] {dag.py:2396} INFO - Sync 1 DAGs
[2022-08-01 12:34:52,767] {logging_mixin.py:109} INFO - [2022-08-01 12:34:52,767] {dag.py:2928} INFO - Setting next_dagrun for example_dag_decorator to None
[2022-08-01 12:34:52,796] {processor.py:171} INFO - Processing /home/airflow/.local/lib/python3.7/site-packages/airflow/example_dags/example_dag_decorator.py took 0.604 seconds
[2022-08-01 12:35:22,946] {processor.py:163} INFO - Started process (PID=1108) to work on /home/airflow/.local/lib/python3.7/site-packages/airflow/example_dags/example_dag_decorator.py
[2022-08-01 12:35:22,951] {processor.py:625} INFO - Processing file /home/airflow/.local/lib/python3.7/site-packages/airflow/example_dags/example_dag_decorator.py for tasks to queue
[2022-08-01 12:35:22,952] {logging_mixin.py:109} INFO - [2022-08-01 12:35:22,952] {dagbag.py:500} INFO - Filling up the DagBag from /home/airflow/.local/lib/python3.7/site-packages/airflow/example_dags/example_dag_decorator.py
[2022-08-01 12:35:22,989] {processor.py:637} INFO - DAG(s) dict_keys(['example_dag_decorator']) retrieved from /home/airflow/.local/lib/python3.7/site-packages/airflow/example_dags/example_dag_decorator.py
[2022-08-01 12:35:23,325] {logging_mixin.py:109} INFO - [2022-08-01 12:35:23,325] {dag.py:2396} INFO - Sync 1 DAGs
[2022-08-01 12:35:23,341] {logging_mixin.py:109} INFO - [2022-08-01 12:35:23,341] {dag.py:2928} INFO - Setting next_dagrun for example_dag_decorator to None
[2022-08-01 12:35:23,355] {processor.py:171} INFO - Processing /home/airflow/.local/lib/python3.7/site-packages/airflow/example_dags/example_dag_decorator.py took 0.413 seconds
[2022-08-01 12:35:54,257] {processor.py:163} INFO - Started process (PID=1163) to work on /home/airflow/.local/lib/python3.7/site-packages/airflow/example_dags/example_dag_decorator.py
[2022-08-01 12:35:54,258] {processor.py:625} INFO - Processing file /home/airflow/.local/lib/python3.7/site-packages/airflow/example_dags/example_dag_decorator.py for tasks to queue
[2022-08-01 12:35:54,259] {logging_mixin.py:109} INFO - [2022-08-01 12:35:54,258] {dagbag.py:500} INFO - Filling up the DagBag from /home/airflow/.local/lib/python3.7/site-packages/airflow/example_dags/example_dag_decorator.py
[2022-08-01 12:35:54,282] {processor.py:637} INFO - DAG(s) dict_keys(['example_dag_decorator']) retrieved from /home/airflow/.local/lib/python3.7/site-packages/airflow/example_dags/example_dag_decorator.py
[2022-08-01 12:35:54,454] {logging_mixin.py:109} INFO - [2022-08-01 12:35:54,454] {dag.py:2396} INFO - Sync 1 DAGs
[2022-08-01 12:35:54,462] {logging_mixin.py:109} INFO - [2022-08-01 12:35:54,461] {dag.py:2928} INFO - Setting next_dagrun for example_dag_decorator to None
[2022-08-01 12:35:54,473] {processor.py:171} INFO - Processing /home/airflow/.local/lib/python3.7/site-packages/airflow/example_dags/example_dag_decorator.py took 0.219 seconds
[2022-08-01 12:40:10,069] {processor.py:163} INFO - Started process (PID=44) to work on /home/airflow/.local/lib/python3.7/site-packages/airflow/example_dags/example_dag_decorator.py
[2022-08-01 12:40:10,073] {processor.py:625} INFO - Processing file /home/airflow/.local/lib/python3.7/site-packages/airflow/example_dags/example_dag_decorator.py for tasks to queue
[2022-08-01 12:40:10,074] {logging_mixin.py:109} INFO - [2022-08-01 12:40:10,074] {dagbag.py:500} INFO - Filling up the DagBag from /home/airflow/.local/lib/python3.7/site-packages/airflow/example_dags/example_dag_decorator.py
[2022-08-01 12:40:10,169] {processor.py:637} INFO - DAG(s) dict_keys(['example_dag_decorator']) retrieved from /home/airflow/.local/lib/python3.7/site-packages/airflow/example_dags/example_dag_decorator.py
[2022-08-01 12:40:10,919] {logging_mixin.py:109} INFO - [2022-08-01 12:40:10,918] {dag.py:2396} INFO - Sync 1 DAGs
[2022-08-01 12:40:10,992] {logging_mixin.py:109} INFO - [2022-08-01 12:40:10,992] {dag.py:2928} INFO - Setting next_dagrun for example_dag_decorator to None
[2022-08-01 12:40:11,030] {processor.py:171} INFO - Processing /home/airflow/.local/lib/python3.7/site-packages/airflow/example_dags/example_dag_decorator.py took 0.968 seconds
[2022-08-01 12:40:41,812] {processor.py:163} INFO - Started process (PID=97) to work on /home/airflow/.local/lib/python3.7/site-packages/airflow/example_dags/example_dag_decorator.py
[2022-08-01 12:40:41,813] {processor.py:625} INFO - Processing file /home/airflow/.local/lib/python3.7/site-packages/airflow/example_dags/example_dag_decorator.py for tasks to queue
[2022-08-01 12:40:41,813] {logging_mixin.py:109} INFO - [2022-08-01 12:40:41,813] {dagbag.py:500} INFO - Filling up the DagBag from /home/airflow/.local/lib/python3.7/site-packages/airflow/example_dags/example_dag_decorator.py
[2022-08-01 12:40:41,839] {processor.py:637} INFO - DAG(s) dict_keys(['example_dag_decorator']) retrieved from /home/airflow/.local/lib/python3.7/site-packages/airflow/example_dags/example_dag_decorator.py
[2022-08-01 12:40:42,018] {logging_mixin.py:109} INFO - [2022-08-01 12:40:42,018] {dag.py:2396} INFO - Sync 1 DAGs
[2022-08-01 12:40:42,027] {logging_mixin.py:109} INFO - [2022-08-01 12:40:42,027] {dag.py:2928} INFO - Setting next_dagrun for example_dag_decorator to None
[2022-08-01 12:40:42,036] {processor.py:171} INFO - Processing /home/airflow/.local/lib/python3.7/site-packages/airflow/example_dags/example_dag_decorator.py took 0.227 seconds
[2022-08-01 13:20:38,983] {processor.py:163} INFO - Started process (PID=44) to work on /home/airflow/.local/lib/python3.7/site-packages/airflow/example_dags/example_dag_decorator.py
[2022-08-01 13:20:38,986] {processor.py:625} INFO - Processing file /home/airflow/.local/lib/python3.7/site-packages/airflow/example_dags/example_dag_decorator.py for tasks to queue
[2022-08-01 13:20:38,987] {logging_mixin.py:109} INFO - [2022-08-01 13:20:38,987] {dagbag.py:500} INFO - Filling up the DagBag from /home/airflow/.local/lib/python3.7/site-packages/airflow/example_dags/example_dag_decorator.py
[2022-08-01 13:20:39,079] {processor.py:637} INFO - DAG(s) dict_keys(['example_dag_decorator']) retrieved from /home/airflow/.local/lib/python3.7/site-packages/airflow/example_dags/example_dag_decorator.py
[2022-08-01 13:20:39,733] {logging_mixin.py:109} INFO - [2022-08-01 13:20:39,732] {dag.py:2396} INFO - Sync 1 DAGs
[2022-08-01 13:20:39,756] {logging_mixin.py:109} INFO - [2022-08-01 13:20:39,756] {dag.py:2928} INFO - Setting next_dagrun for example_dag_decorator to None
[2022-08-01 13:20:39,775] {processor.py:171} INFO - Processing /home/airflow/.local/lib/python3.7/site-packages/airflow/example_dags/example_dag_decorator.py took 0.799 seconds
[2022-08-01 13:21:12,030] {processor.py:163} INFO - Started process (PID=96) to work on /home/airflow/.local/lib/python3.7/site-packages/airflow/example_dags/example_dag_decorator.py
[2022-08-01 13:21:12,043] {processor.py:625} INFO - Processing file /home/airflow/.local/lib/python3.7/site-packages/airflow/example_dags/example_dag_decorator.py for tasks to queue
[2022-08-01 13:21:12,044] {logging_mixin.py:109} INFO - [2022-08-01 13:21:12,044] {dagbag.py:500} INFO - Filling up the DagBag from /home/airflow/.local/lib/python3.7/site-packages/airflow/example_dags/example_dag_decorator.py
[2022-08-01 13:21:12,239] {processor.py:637} INFO - DAG(s) dict_keys(['example_dag_decorator']) retrieved from /home/airflow/.local/lib/python3.7/site-packages/airflow/example_dags/example_dag_decorator.py
[2022-08-01 13:21:13,362] {logging_mixin.py:109} INFO - [2022-08-01 13:21:13,350] {dag.py:2396} INFO - Sync 1 DAGs
[2022-08-01 13:21:13,445] {logging_mixin.py:109} INFO - [2022-08-01 13:21:13,445] {dag.py:2928} INFO - Setting next_dagrun for example_dag_decorator to None
[2022-08-01 13:21:13,510] {processor.py:171} INFO - Processing /home/airflow/.local/lib/python3.7/site-packages/airflow/example_dags/example_dag_decorator.py took 1.497 seconds
[2022-08-01 13:21:44,472] {processor.py:163} INFO - Started process (PID=151) to work on /home/airflow/.local/lib/python3.7/site-packages/airflow/example_dags/example_dag_decorator.py
[2022-08-01 13:21:44,481] {processor.py:625} INFO - Processing file /home/airflow/.local/lib/python3.7/site-packages/airflow/example_dags/example_dag_decorator.py for tasks to queue
[2022-08-01 13:21:44,481] {logging_mixin.py:109} INFO - [2022-08-01 13:21:44,481] {dagbag.py:500} INFO - Filling up the DagBag from /home/airflow/.local/lib/python3.7/site-packages/airflow/example_dags/example_dag_decorator.py
[2022-08-01 13:21:44,510] {processor.py:637} INFO - DAG(s) dict_keys(['example_dag_decorator']) retrieved from /home/airflow/.local/lib/python3.7/site-packages/airflow/example_dags/example_dag_decorator.py
[2022-08-01 13:21:44,745] {logging_mixin.py:109} INFO - [2022-08-01 13:21:44,745] {dag.py:2396} INFO - Sync 1 DAGs
[2022-08-01 13:21:44,754] {logging_mixin.py:109} INFO - [2022-08-01 13:21:44,754] {dag.py:2928} INFO - Setting next_dagrun for example_dag_decorator to None
[2022-08-01 13:21:44,761] {processor.py:171} INFO - Processing /home/airflow/.local/lib/python3.7/site-packages/airflow/example_dags/example_dag_decorator.py took 0.292 seconds
[2022-08-01 13:22:14,811] {processor.py:163} INFO - Started process (PID=203) to work on /home/airflow/.local/lib/python3.7/site-packages/airflow/example_dags/example_dag_decorator.py
[2022-08-01 13:22:14,815] {processor.py:625} INFO - Processing file /home/airflow/.local/lib/python3.7/site-packages/airflow/example_dags/example_dag_decorator.py for tasks to queue
[2022-08-01 13:22:14,816] {logging_mixin.py:109} INFO - [2022-08-01 13:22:14,816] {dagbag.py:500} INFO - Filling up the DagBag from /home/airflow/.local/lib/python3.7/site-packages/airflow/example_dags/example_dag_decorator.py
[2022-08-01 13:22:14,845] {processor.py:637} INFO - DAG(s) dict_keys(['example_dag_decorator']) retrieved from /home/airflow/.local/lib/python3.7/site-packages/airflow/example_dags/example_dag_decorator.py
[2022-08-01 13:22:15,047] {logging_mixin.py:109} INFO - [2022-08-01 13:22:15,047] {dag.py:2396} INFO - Sync 1 DAGs
[2022-08-01 13:22:15,057] {logging_mixin.py:109} INFO - [2022-08-01 13:22:15,057] {dag.py:2928} INFO - Setting next_dagrun for example_dag_decorator to None
[2022-08-01 13:22:15,068] {processor.py:171} INFO - Processing /home/airflow/.local/lib/python3.7/site-packages/airflow/example_dags/example_dag_decorator.py took 0.259 seconds
[2022-08-01 13:22:45,128] {processor.py:163} INFO - Started process (PID=259) to work on /home/airflow/.local/lib/python3.7/site-packages/airflow/example_dags/example_dag_decorator.py
[2022-08-01 13:22:45,129] {processor.py:625} INFO - Processing file /home/airflow/.local/lib/python3.7/site-packages/airflow/example_dags/example_dag_decorator.py for tasks to queue
[2022-08-01 13:22:45,129] {logging_mixin.py:109} INFO - [2022-08-01 13:22:45,129] {dagbag.py:500} INFO - Filling up the DagBag from /home/airflow/.local/lib/python3.7/site-packages/airflow/example_dags/example_dag_decorator.py
[2022-08-01 13:22:45,152] {processor.py:637} INFO - DAG(s) dict_keys(['example_dag_decorator']) retrieved from /home/airflow/.local/lib/python3.7/site-packages/airflow/example_dags/example_dag_decorator.py
[2022-08-01 13:22:45,325] {logging_mixin.py:109} INFO - [2022-08-01 13:22:45,325] {dag.py:2396} INFO - Sync 1 DAGs
[2022-08-01 13:22:45,333] {logging_mixin.py:109} INFO - [2022-08-01 13:22:45,333] {dag.py:2928} INFO - Setting next_dagrun for example_dag_decorator to None
[2022-08-01 13:22:45,345] {processor.py:171} INFO - Processing /home/airflow/.local/lib/python3.7/site-packages/airflow/example_dags/example_dag_decorator.py took 0.219 seconds
[2022-08-01 13:23:16,213] {processor.py:163} INFO - Started process (PID=320) to work on /home/airflow/.local/lib/python3.7/site-packages/airflow/example_dags/example_dag_decorator.py
[2022-08-01 13:23:16,222] {processor.py:625} INFO - Processing file /home/airflow/.local/lib/python3.7/site-packages/airflow/example_dags/example_dag_decorator.py for tasks to queue
[2022-08-01 13:23:16,222] {logging_mixin.py:109} INFO - [2022-08-01 13:23:16,222] {dagbag.py:500} INFO - Filling up the DagBag from /home/airflow/.local/lib/python3.7/site-packages/airflow/example_dags/example_dag_decorator.py
[2022-08-01 13:23:16,254] {processor.py:637} INFO - DAG(s) dict_keys(['example_dag_decorator']) retrieved from /home/airflow/.local/lib/python3.7/site-packages/airflow/example_dags/example_dag_decorator.py
[2022-08-01 13:23:16,552] {logging_mixin.py:109} INFO - [2022-08-01 13:23:16,552] {dag.py:2396} INFO - Sync 1 DAGs
[2022-08-01 13:23:16,566] {logging_mixin.py:109} INFO - [2022-08-01 13:23:16,566] {dag.py:2928} INFO - Setting next_dagrun for example_dag_decorator to None
[2022-08-01 13:23:16,587] {processor.py:171} INFO - Processing /home/airflow/.local/lib/python3.7/site-packages/airflow/example_dags/example_dag_decorator.py took 0.377 seconds
[2022-08-01 13:23:47,474] {processor.py:163} INFO - Started process (PID=372) to work on /home/airflow/.local/lib/python3.7/site-packages/airflow/example_dags/example_dag_decorator.py
[2022-08-01 13:23:47,476] {processor.py:625} INFO - Processing file /home/airflow/.local/lib/python3.7/site-packages/airflow/example_dags/example_dag_decorator.py for tasks to queue
[2022-08-01 13:23:47,476] {logging_mixin.py:109} INFO - [2022-08-01 13:23:47,476] {dagbag.py:500} INFO - Filling up the DagBag from /home/airflow/.local/lib/python3.7/site-packages/airflow/example_dags/example_dag_decorator.py
[2022-08-01 13:23:47,505] {processor.py:637} INFO - DAG(s) dict_keys(['example_dag_decorator']) retrieved from /home/airflow/.local/lib/python3.7/site-packages/airflow/example_dags/example_dag_decorator.py
[2022-08-01 13:23:47,691] {logging_mixin.py:109} INFO - [2022-08-01 13:23:47,691] {dag.py:2396} INFO - Sync 1 DAGs
[2022-08-01 13:23:47,700] {logging_mixin.py:109} INFO - [2022-08-01 13:23:47,700] {dag.py:2928} INFO - Setting next_dagrun for example_dag_decorator to None
[2022-08-01 13:23:47,709] {processor.py:171} INFO - Processing /home/airflow/.local/lib/python3.7/site-packages/airflow/example_dags/example_dag_decorator.py took 0.238 seconds
[2022-08-01 13:24:18,095] {processor.py:163} INFO - Started process (PID=424) to work on /home/airflow/.local/lib/python3.7/site-packages/airflow/example_dags/example_dag_decorator.py
[2022-08-01 13:24:18,099] {processor.py:625} INFO - Processing file /home/airflow/.local/lib/python3.7/site-packages/airflow/example_dags/example_dag_decorator.py for tasks to queue
[2022-08-01 13:24:18,101] {logging_mixin.py:109} INFO - [2022-08-01 13:24:18,100] {dagbag.py:500} INFO - Filling up the DagBag from /home/airflow/.local/lib/python3.7/site-packages/airflow/example_dags/example_dag_decorator.py
[2022-08-01 13:24:18,209] {processor.py:637} INFO - DAG(s) dict_keys(['example_dag_decorator']) retrieved from /home/airflow/.local/lib/python3.7/site-packages/airflow/example_dags/example_dag_decorator.py
[2022-08-01 13:24:19,279] {logging_mixin.py:109} INFO - [2022-08-01 13:24:19,278] {dag.py:2396} INFO - Sync 1 DAGs
[2022-08-01 13:24:19,328] {logging_mixin.py:109} INFO - [2022-08-01 13:24:19,328] {dag.py:2928} INFO - Setting next_dagrun for example_dag_decorator to None
[2022-08-01 13:24:19,365] {processor.py:171} INFO - Processing /home/airflow/.local/lib/python3.7/site-packages/airflow/example_dags/example_dag_decorator.py took 1.285 seconds
[2022-08-01 13:24:49,584] {processor.py:163} INFO - Started process (PID=469) to work on /home/airflow/.local/lib/python3.7/site-packages/airflow/example_dags/example_dag_decorator.py
[2022-08-01 13:24:49,592] {processor.py:625} INFO - Processing file /home/airflow/.local/lib/python3.7/site-packages/airflow/example_dags/example_dag_decorator.py for tasks to queue
[2022-08-01 13:24:49,599] {logging_mixin.py:109} INFO - [2022-08-01 13:24:49,598] {dagbag.py:500} INFO - Filling up the DagBag from /home/airflow/.local/lib/python3.7/site-packages/airflow/example_dags/example_dag_decorator.py
[2022-08-01 13:24:49,782] {processor.py:637} INFO - DAG(s) dict_keys(['example_dag_decorator']) retrieved from /home/airflow/.local/lib/python3.7/site-packages/airflow/example_dags/example_dag_decorator.py
[2022-08-01 13:24:51,177] {logging_mixin.py:109} INFO - [2022-08-01 13:24:51,176] {dag.py:2396} INFO - Sync 1 DAGs
[2022-08-01 13:24:51,234] {logging_mixin.py:109} INFO - [2022-08-01 13:24:51,233] {dag.py:2928} INFO - Setting next_dagrun for example_dag_decorator to None
[2022-08-01 13:24:51,300] {processor.py:171} INFO - Processing /home/airflow/.local/lib/python3.7/site-packages/airflow/example_dags/example_dag_decorator.py took 1.732 seconds
[2022-08-01 13:25:21,362] {processor.py:163} INFO - Started process (PID=522) to work on /home/airflow/.local/lib/python3.7/site-packages/airflow/example_dags/example_dag_decorator.py
[2022-08-01 13:25:21,362] {processor.py:625} INFO - Processing file /home/airflow/.local/lib/python3.7/site-packages/airflow/example_dags/example_dag_decorator.py for tasks to queue
[2022-08-01 13:25:21,363] {logging_mixin.py:109} INFO - [2022-08-01 13:25:21,363] {dagbag.py:500} INFO - Filling up the DagBag from /home/airflow/.local/lib/python3.7/site-packages/airflow/example_dags/example_dag_decorator.py
[2022-08-01 13:25:21,390] {processor.py:637} INFO - DAG(s) dict_keys(['example_dag_decorator']) retrieved from /home/airflow/.local/lib/python3.7/site-packages/airflow/example_dags/example_dag_decorator.py
[2022-08-01 13:25:21,644] {logging_mixin.py:109} INFO - [2022-08-01 13:25:21,644] {dag.py:2396} INFO - Sync 1 DAGs
[2022-08-01 13:25:21,656] {logging_mixin.py:109} INFO - [2022-08-01 13:25:21,656] {dag.py:2928} INFO - Setting next_dagrun for example_dag_decorator to None
[2022-08-01 13:25:21,668] {processor.py:171} INFO - Processing /home/airflow/.local/lib/python3.7/site-packages/airflow/example_dags/example_dag_decorator.py took 0.309 seconds
[2022-08-01 13:25:52,058] {processor.py:163} INFO - Started process (PID=575) to work on /home/airflow/.local/lib/python3.7/site-packages/airflow/example_dags/example_dag_decorator.py
[2022-08-01 13:25:52,069] {processor.py:625} INFO - Processing file /home/airflow/.local/lib/python3.7/site-packages/airflow/example_dags/example_dag_decorator.py for tasks to queue
[2022-08-01 13:25:52,069] {logging_mixin.py:109} INFO - [2022-08-01 13:25:52,069] {dagbag.py:500} INFO - Filling up the DagBag from /home/airflow/.local/lib/python3.7/site-packages/airflow/example_dags/example_dag_decorator.py
[2022-08-01 13:25:52,100] {processor.py:637} INFO - DAG(s) dict_keys(['example_dag_decorator']) retrieved from /home/airflow/.local/lib/python3.7/site-packages/airflow/example_dags/example_dag_decorator.py
[2022-08-01 13:25:52,338] {logging_mixin.py:109} INFO - [2022-08-01 13:25:52,338] {dag.py:2396} INFO - Sync 1 DAGs
[2022-08-01 13:25:52,349] {logging_mixin.py:109} INFO - [2022-08-01 13:25:52,349] {dag.py:2928} INFO - Setting next_dagrun for example_dag_decorator to None
[2022-08-01 13:25:52,362] {processor.py:171} INFO - Processing /home/airflow/.local/lib/python3.7/site-packages/airflow/example_dags/example_dag_decorator.py took 0.307 seconds
[2022-08-01 13:26:22,400] {processor.py:163} INFO - Started process (PID=627) to work on /home/airflow/.local/lib/python3.7/site-packages/airflow/example_dags/example_dag_decorator.py
[2022-08-01 13:26:22,401] {processor.py:625} INFO - Processing file /home/airflow/.local/lib/python3.7/site-packages/airflow/example_dags/example_dag_decorator.py for tasks to queue
[2022-08-01 13:26:22,401] {logging_mixin.py:109} INFO - [2022-08-01 13:26:22,401] {dagbag.py:500} INFO - Filling up the DagBag from /home/airflow/.local/lib/python3.7/site-packages/airflow/example_dags/example_dag_decorator.py
[2022-08-01 13:26:22,428] {processor.py:637} INFO - DAG(s) dict_keys(['example_dag_decorator']) retrieved from /home/airflow/.local/lib/python3.7/site-packages/airflow/example_dags/example_dag_decorator.py
[2022-08-01 13:26:22,628] {logging_mixin.py:109} INFO - [2022-08-01 13:26:22,628] {dag.py:2396} INFO - Sync 1 DAGs
[2022-08-01 13:26:22,643] {logging_mixin.py:109} INFO - [2022-08-01 13:26:22,643] {dag.py:2928} INFO - Setting next_dagrun for example_dag_decorator to None
[2022-08-01 13:26:22,653] {processor.py:171} INFO - Processing /home/airflow/.local/lib/python3.7/site-packages/airflow/example_dags/example_dag_decorator.py took 0.256 seconds
[2022-08-01 13:26:52,932] {processor.py:163} INFO - Started process (PID=688) to work on /home/airflow/.local/lib/python3.7/site-packages/airflow/example_dags/example_dag_decorator.py
[2022-08-01 13:26:52,942] {processor.py:625} INFO - Processing file /home/airflow/.local/lib/python3.7/site-packages/airflow/example_dags/example_dag_decorator.py for tasks to queue
[2022-08-01 13:26:52,943] {logging_mixin.py:109} INFO - [2022-08-01 13:26:52,943] {dagbag.py:500} INFO - Filling up the DagBag from /home/airflow/.local/lib/python3.7/site-packages/airflow/example_dags/example_dag_decorator.py
[2022-08-01 13:26:52,993] {processor.py:637} INFO - DAG(s) dict_keys(['example_dag_decorator']) retrieved from /home/airflow/.local/lib/python3.7/site-packages/airflow/example_dags/example_dag_decorator.py
[2022-08-01 13:26:53,336] {logging_mixin.py:109} INFO - [2022-08-01 13:26:53,336] {dag.py:2396} INFO - Sync 1 DAGs
[2022-08-01 13:26:53,355] {logging_mixin.py:109} INFO - [2022-08-01 13:26:53,355] {dag.py:2928} INFO - Setting next_dagrun for example_dag_decorator to None
[2022-08-01 13:26:53,371] {processor.py:171} INFO - Processing /home/airflow/.local/lib/python3.7/site-packages/airflow/example_dags/example_dag_decorator.py took 0.443 seconds
[2022-08-01 13:27:23,516] {processor.py:163} INFO - Started process (PID=740) to work on /home/airflow/.local/lib/python3.7/site-packages/airflow/example_dags/example_dag_decorator.py
[2022-08-01 13:27:23,518] {processor.py:625} INFO - Processing file /home/airflow/.local/lib/python3.7/site-packages/airflow/example_dags/example_dag_decorator.py for tasks to queue
[2022-08-01 13:27:23,519] {logging_mixin.py:109} INFO - [2022-08-01 13:27:23,519] {dagbag.py:500} INFO - Filling up the DagBag from /home/airflow/.local/lib/python3.7/site-packages/airflow/example_dags/example_dag_decorator.py
[2022-08-01 13:27:23,549] {processor.py:637} INFO - DAG(s) dict_keys(['example_dag_decorator']) retrieved from /home/airflow/.local/lib/python3.7/site-packages/airflow/example_dags/example_dag_decorator.py
[2022-08-01 13:27:23,755] {logging_mixin.py:109} INFO - [2022-08-01 13:27:23,755] {dag.py:2396} INFO - Sync 1 DAGs
[2022-08-01 13:27:23,766] {logging_mixin.py:109} INFO - [2022-08-01 13:27:23,766] {dag.py:2928} INFO - Setting next_dagrun for example_dag_decorator to None
[2022-08-01 13:27:23,778] {processor.py:171} INFO - Processing /home/airflow/.local/lib/python3.7/site-packages/airflow/example_dags/example_dag_decorator.py took 0.267 seconds
[2022-08-01 13:27:54,168] {processor.py:163} INFO - Started process (PID=792) to work on /home/airflow/.local/lib/python3.7/site-packages/airflow/example_dags/example_dag_decorator.py
[2022-08-01 13:27:54,172] {processor.py:625} INFO - Processing file /home/airflow/.local/lib/python3.7/site-packages/airflow/example_dags/example_dag_decorator.py for tasks to queue
[2022-08-01 13:27:54,173] {logging_mixin.py:109} INFO - [2022-08-01 13:27:54,173] {dagbag.py:500} INFO - Filling up the DagBag from /home/airflow/.local/lib/python3.7/site-packages/airflow/example_dags/example_dag_decorator.py
[2022-08-01 13:27:54,199] {processor.py:637} INFO - DAG(s) dict_keys(['example_dag_decorator']) retrieved from /home/airflow/.local/lib/python3.7/site-packages/airflow/example_dags/example_dag_decorator.py
[2022-08-01 13:27:54,421] {logging_mixin.py:109} INFO - [2022-08-01 13:27:54,421] {dag.py:2396} INFO - Sync 1 DAGs
[2022-08-01 13:27:54,434] {logging_mixin.py:109} INFO - [2022-08-01 13:27:54,434] {dag.py:2928} INFO - Setting next_dagrun for example_dag_decorator to None
[2022-08-01 13:27:54,447] {processor.py:171} INFO - Processing /home/airflow/.local/lib/python3.7/site-packages/airflow/example_dags/example_dag_decorator.py took 0.281 seconds
[2022-08-01 13:28:24,702] {processor.py:163} INFO - Started process (PID=856) to work on /home/airflow/.local/lib/python3.7/site-packages/airflow/example_dags/example_dag_decorator.py
[2022-08-01 13:28:24,703] {processor.py:625} INFO - Processing file /home/airflow/.local/lib/python3.7/site-packages/airflow/example_dags/example_dag_decorator.py for tasks to queue
[2022-08-01 13:28:24,704] {logging_mixin.py:109} INFO - [2022-08-01 13:28:24,704] {dagbag.py:500} INFO - Filling up the DagBag from /home/airflow/.local/lib/python3.7/site-packages/airflow/example_dags/example_dag_decorator.py
[2022-08-01 13:28:24,753] {processor.py:637} INFO - DAG(s) dict_keys(['example_dag_decorator']) retrieved from /home/airflow/.local/lib/python3.7/site-packages/airflow/example_dags/example_dag_decorator.py
[2022-08-01 13:28:25,120] {logging_mixin.py:109} INFO - [2022-08-01 13:28:25,120] {dag.py:2396} INFO - Sync 1 DAGs
[2022-08-01 13:28:25,134] {logging_mixin.py:109} INFO - [2022-08-01 13:28:25,134] {dag.py:2928} INFO - Setting next_dagrun for example_dag_decorator to None
[2022-08-01 13:28:25,146] {processor.py:171} INFO - Processing /home/airflow/.local/lib/python3.7/site-packages/airflow/example_dags/example_dag_decorator.py took 0.449 seconds
[2022-08-01 13:28:55,693] {processor.py:163} INFO - Started process (PID=908) to work on /home/airflow/.local/lib/python3.7/site-packages/airflow/example_dags/example_dag_decorator.py
[2022-08-01 13:28:55,695] {processor.py:625} INFO - Processing file /home/airflow/.local/lib/python3.7/site-packages/airflow/example_dags/example_dag_decorator.py for tasks to queue
[2022-08-01 13:28:55,695] {logging_mixin.py:109} INFO - [2022-08-01 13:28:55,695] {dagbag.py:500} INFO - Filling up the DagBag from /home/airflow/.local/lib/python3.7/site-packages/airflow/example_dags/example_dag_decorator.py
[2022-08-01 13:28:55,719] {processor.py:637} INFO - DAG(s) dict_keys(['example_dag_decorator']) retrieved from /home/airflow/.local/lib/python3.7/site-packages/airflow/example_dags/example_dag_decorator.py
[2022-08-01 13:28:55,909] {logging_mixin.py:109} INFO - [2022-08-01 13:28:55,909] {dag.py:2396} INFO - Sync 1 DAGs
[2022-08-01 13:28:55,918] {logging_mixin.py:109} INFO - [2022-08-01 13:28:55,918] {dag.py:2928} INFO - Setting next_dagrun for example_dag_decorator to None
[2022-08-01 13:28:55,930] {processor.py:171} INFO - Processing /home/airflow/.local/lib/python3.7/site-packages/airflow/example_dags/example_dag_decorator.py took 0.240 seconds
[2022-08-01 13:29:25,986] {processor.py:163} INFO - Started process (PID=960) to work on /home/airflow/.local/lib/python3.7/site-packages/airflow/example_dags/example_dag_decorator.py
[2022-08-01 13:29:25,987] {processor.py:625} INFO - Processing file /home/airflow/.local/lib/python3.7/site-packages/airflow/example_dags/example_dag_decorator.py for tasks to queue
[2022-08-01 13:29:25,987] {logging_mixin.py:109} INFO - [2022-08-01 13:29:25,987] {dagbag.py:500} INFO - Filling up the DagBag from /home/airflow/.local/lib/python3.7/site-packages/airflow/example_dags/example_dag_decorator.py
[2022-08-01 13:29:26,009] {processor.py:637} INFO - DAG(s) dict_keys(['example_dag_decorator']) retrieved from /home/airflow/.local/lib/python3.7/site-packages/airflow/example_dags/example_dag_decorator.py
[2022-08-01 13:29:26,168] {logging_mixin.py:109} INFO - [2022-08-01 13:29:26,168] {dag.py:2396} INFO - Sync 1 DAGs
[2022-08-01 13:29:26,177] {logging_mixin.py:109} INFO - [2022-08-01 13:29:26,176] {dag.py:2928} INFO - Setting next_dagrun for example_dag_decorator to None
[2022-08-01 13:29:26,184] {processor.py:171} INFO - Processing /home/airflow/.local/lib/python3.7/site-packages/airflow/example_dags/example_dag_decorator.py took 0.199 seconds
[2022-08-01 13:29:56,525] {processor.py:163} INFO - Started process (PID=1017) to work on /home/airflow/.local/lib/python3.7/site-packages/airflow/example_dags/example_dag_decorator.py
[2022-08-01 13:29:56,526] {processor.py:625} INFO - Processing file /home/airflow/.local/lib/python3.7/site-packages/airflow/example_dags/example_dag_decorator.py for tasks to queue
[2022-08-01 13:29:56,527] {logging_mixin.py:109} INFO - [2022-08-01 13:29:56,527] {dagbag.py:500} INFO - Filling up the DagBag from /home/airflow/.local/lib/python3.7/site-packages/airflow/example_dags/example_dag_decorator.py
[2022-08-01 13:29:56,550] {processor.py:637} INFO - DAG(s) dict_keys(['example_dag_decorator']) retrieved from /home/airflow/.local/lib/python3.7/site-packages/airflow/example_dags/example_dag_decorator.py
[2022-08-01 13:29:56,744] {logging_mixin.py:109} INFO - [2022-08-01 13:29:56,744] {dag.py:2396} INFO - Sync 1 DAGs
[2022-08-01 13:29:56,754] {logging_mixin.py:109} INFO - [2022-08-01 13:29:56,754] {dag.py:2928} INFO - Setting next_dagrun for example_dag_decorator to None
[2022-08-01 13:29:56,765] {processor.py:171} INFO - Processing /home/airflow/.local/lib/python3.7/site-packages/airflow/example_dags/example_dag_decorator.py took 0.242 seconds
[2022-08-01 13:30:26,890] {processor.py:163} INFO - Started process (PID=1070) to work on /home/airflow/.local/lib/python3.7/site-packages/airflow/example_dags/example_dag_decorator.py
[2022-08-01 13:30:26,891] {processor.py:625} INFO - Processing file /home/airflow/.local/lib/python3.7/site-packages/airflow/example_dags/example_dag_decorator.py for tasks to queue
[2022-08-01 13:30:26,892] {logging_mixin.py:109} INFO - [2022-08-01 13:30:26,892] {dagbag.py:500} INFO - Filling up the DagBag from /home/airflow/.local/lib/python3.7/site-packages/airflow/example_dags/example_dag_decorator.py
[2022-08-01 13:30:26,928] {processor.py:637} INFO - DAG(s) dict_keys(['example_dag_decorator']) retrieved from /home/airflow/.local/lib/python3.7/site-packages/airflow/example_dags/example_dag_decorator.py
[2022-08-01 13:30:27,236] {logging_mixin.py:109} INFO - [2022-08-01 13:30:27,236] {dag.py:2396} INFO - Sync 1 DAGs
[2022-08-01 13:30:27,254] {logging_mixin.py:109} INFO - [2022-08-01 13:30:27,254] {dag.py:2928} INFO - Setting next_dagrun for example_dag_decorator to None
[2022-08-01 13:30:27,270] {processor.py:171} INFO - Processing /home/airflow/.local/lib/python3.7/site-packages/airflow/example_dags/example_dag_decorator.py took 0.383 seconds
