[2022-08-01 12:25:34,720] {processor.py:163} INFO - Started process (PID=40) to work on /home/airflow/.local/lib/python3.7/site-packages/airflow/example_dags/example_short_circuit_operator.py
[2022-08-01 12:25:34,722] {processor.py:625} INFO - Processing file /home/airflow/.local/lib/python3.7/site-packages/airflow/example_dags/example_short_circuit_operator.py for tasks to queue
[2022-08-01 12:25:34,723] {logging_mixin.py:109} INFO - [2022-08-01 12:25:34,723] {dagbag.py:500} INFO - Filling up the DagBag from /home/airflow/.local/lib/python3.7/site-packages/airflow/example_dags/example_short_circuit_operator.py
[2022-08-01 12:25:34,776] {processor.py:637} INFO - DAG(s) dict_keys(['example_short_circuit_operator']) retrieved from /home/airflow/.local/lib/python3.7/site-packages/airflow/example_dags/example_short_circuit_operator.py
[2022-08-01 12:25:34,800] {logging_mixin.py:109} INFO - [2022-08-01 12:25:34,800] {dag.py:2396} INFO - Sync 1 DAGs
[2022-08-01 12:25:34,831] {logging_mixin.py:109} INFO - [2022-08-01 12:25:34,831] {dag.py:2928} INFO - Setting next_dagrun for example_short_circuit_operator to 2022-07-31T12:25:34.831188+00:00
[2022-08-01 12:25:34,847] {processor.py:171} INFO - Processing /home/airflow/.local/lib/python3.7/site-packages/airflow/example_dags/example_short_circuit_operator.py took 0.131 seconds
[2022-08-01 12:26:04,981] {processor.py:163} INFO - Started process (PID=92) to work on /home/airflow/.local/lib/python3.7/site-packages/airflow/example_dags/example_short_circuit_operator.py
[2022-08-01 12:26:04,982] {processor.py:625} INFO - Processing file /home/airflow/.local/lib/python3.7/site-packages/airflow/example_dags/example_short_circuit_operator.py for tasks to queue
[2022-08-01 12:26:04,983] {logging_mixin.py:109} INFO - [2022-08-01 12:26:04,983] {dagbag.py:500} INFO - Filling up the DagBag from /home/airflow/.local/lib/python3.7/site-packages/airflow/example_dags/example_short_circuit_operator.py
[2022-08-01 12:26:05,010] {processor.py:637} INFO - DAG(s) dict_keys(['example_short_circuit_operator']) retrieved from /home/airflow/.local/lib/python3.7/site-packages/airflow/example_dags/example_short_circuit_operator.py
[2022-08-01 12:26:05,020] {logging_mixin.py:109} INFO - [2022-08-01 12:26:05,020] {dag.py:2396} INFO - Sync 1 DAGs
[2022-08-01 12:26:05,035] {logging_mixin.py:109} INFO - [2022-08-01 12:26:05,035] {dag.py:2928} INFO - Setting next_dagrun for example_short_circuit_operator to 2022-07-31T12:26:05.034823+00:00
[2022-08-01 12:26:05,043] {processor.py:171} INFO - Processing /home/airflow/.local/lib/python3.7/site-packages/airflow/example_dags/example_short_circuit_operator.py took 0.065 seconds
[2022-08-01 12:26:35,696] {processor.py:163} INFO - Started process (PID=144) to work on /home/airflow/.local/lib/python3.7/site-packages/airflow/example_dags/example_short_circuit_operator.py
[2022-08-01 12:26:35,697] {processor.py:625} INFO - Processing file /home/airflow/.local/lib/python3.7/site-packages/airflow/example_dags/example_short_circuit_operator.py for tasks to queue
[2022-08-01 12:26:35,697] {logging_mixin.py:109} INFO - [2022-08-01 12:26:35,697] {dagbag.py:500} INFO - Filling up the DagBag from /home/airflow/.local/lib/python3.7/site-packages/airflow/example_dags/example_short_circuit_operator.py
[2022-08-01 12:26:35,719] {processor.py:637} INFO - DAG(s) dict_keys(['example_short_circuit_operator']) retrieved from /home/airflow/.local/lib/python3.7/site-packages/airflow/example_dags/example_short_circuit_operator.py
[2022-08-01 12:26:35,728] {logging_mixin.py:109} INFO - [2022-08-01 12:26:35,728] {dag.py:2396} INFO - Sync 1 DAGs
[2022-08-01 12:26:35,741] {logging_mixin.py:109} INFO - [2022-08-01 12:26:35,741] {dag.py:2928} INFO - Setting next_dagrun for example_short_circuit_operator to 2022-07-31T12:26:35.741129+00:00
[2022-08-01 12:26:35,750] {processor.py:171} INFO - Processing /home/airflow/.local/lib/python3.7/site-packages/airflow/example_dags/example_short_circuit_operator.py took 0.058 seconds
[2022-08-01 12:27:06,166] {processor.py:163} INFO - Started process (PID=196) to work on /home/airflow/.local/lib/python3.7/site-packages/airflow/example_dags/example_short_circuit_operator.py
[2022-08-01 12:27:06,171] {processor.py:625} INFO - Processing file /home/airflow/.local/lib/python3.7/site-packages/airflow/example_dags/example_short_circuit_operator.py for tasks to queue
[2022-08-01 12:27:06,172] {logging_mixin.py:109} INFO - [2022-08-01 12:27:06,172] {dagbag.py:500} INFO - Filling up the DagBag from /home/airflow/.local/lib/python3.7/site-packages/airflow/example_dags/example_short_circuit_operator.py
[2022-08-01 12:27:06,242] {processor.py:637} INFO - DAG(s) dict_keys(['example_short_circuit_operator']) retrieved from /home/airflow/.local/lib/python3.7/site-packages/airflow/example_dags/example_short_circuit_operator.py
[2022-08-01 12:27:06,252] {logging_mixin.py:109} INFO - [2022-08-01 12:27:06,252] {dag.py:2396} INFO - Sync 1 DAGs
[2022-08-01 12:27:06,266] {logging_mixin.py:109} INFO - [2022-08-01 12:27:06,266] {dag.py:2928} INFO - Setting next_dagrun for example_short_circuit_operator to 2022-07-31T12:27:06.266360+00:00
[2022-08-01 12:27:06,276] {processor.py:171} INFO - Processing /home/airflow/.local/lib/python3.7/site-packages/airflow/example_dags/example_short_circuit_operator.py took 0.113 seconds
[2022-08-01 12:27:36,301] {processor.py:163} INFO - Started process (PID=257) to work on /home/airflow/.local/lib/python3.7/site-packages/airflow/example_dags/example_short_circuit_operator.py
[2022-08-01 12:27:36,307] {processor.py:625} INFO - Processing file /home/airflow/.local/lib/python3.7/site-packages/airflow/example_dags/example_short_circuit_operator.py for tasks to queue
[2022-08-01 12:27:36,307] {logging_mixin.py:109} INFO - [2022-08-01 12:27:36,307] {dagbag.py:500} INFO - Filling up the DagBag from /home/airflow/.local/lib/python3.7/site-packages/airflow/example_dags/example_short_circuit_operator.py
[2022-08-01 12:27:36,325] {processor.py:637} INFO - DAG(s) dict_keys(['example_short_circuit_operator']) retrieved from /home/airflow/.local/lib/python3.7/site-packages/airflow/example_dags/example_short_circuit_operator.py
[2022-08-01 12:27:36,333] {logging_mixin.py:109} INFO - [2022-08-01 12:27:36,333] {dag.py:2396} INFO - Sync 1 DAGs
[2022-08-01 12:27:36,342] {logging_mixin.py:109} INFO - [2022-08-01 12:27:36,342] {dag.py:2928} INFO - Setting next_dagrun for example_short_circuit_operator to 2022-07-31T12:27:36.342302+00:00
[2022-08-01 12:27:36,351] {processor.py:171} INFO - Processing /home/airflow/.local/lib/python3.7/site-packages/airflow/example_dags/example_short_circuit_operator.py took 0.052 seconds
[2022-08-01 12:28:06,536] {processor.py:163} INFO - Started process (PID=309) to work on /home/airflow/.local/lib/python3.7/site-packages/airflow/example_dags/example_short_circuit_operator.py
[2022-08-01 12:28:06,536] {processor.py:625} INFO - Processing file /home/airflow/.local/lib/python3.7/site-packages/airflow/example_dags/example_short_circuit_operator.py for tasks to queue
[2022-08-01 12:28:06,537] {logging_mixin.py:109} INFO - [2022-08-01 12:28:06,537] {dagbag.py:500} INFO - Filling up the DagBag from /home/airflow/.local/lib/python3.7/site-packages/airflow/example_dags/example_short_circuit_operator.py
[2022-08-01 12:28:06,556] {processor.py:637} INFO - DAG(s) dict_keys(['example_short_circuit_operator']) retrieved from /home/airflow/.local/lib/python3.7/site-packages/airflow/example_dags/example_short_circuit_operator.py
[2022-08-01 12:28:06,565] {logging_mixin.py:109} INFO - [2022-08-01 12:28:06,565] {dag.py:2396} INFO - Sync 1 DAGs
[2022-08-01 12:28:06,575] {logging_mixin.py:109} INFO - [2022-08-01 12:28:06,575] {dag.py:2928} INFO - Setting next_dagrun for example_short_circuit_operator to 2022-07-31T12:28:06.574855+00:00
[2022-08-01 12:28:06,581] {processor.py:171} INFO - Processing /home/airflow/.local/lib/python3.7/site-packages/airflow/example_dags/example_short_circuit_operator.py took 0.048 seconds
[2022-08-01 12:28:37,255] {processor.py:163} INFO - Started process (PID=370) to work on /home/airflow/.local/lib/python3.7/site-packages/airflow/example_dags/example_short_circuit_operator.py
[2022-08-01 12:28:37,256] {processor.py:625} INFO - Processing file /home/airflow/.local/lib/python3.7/site-packages/airflow/example_dags/example_short_circuit_operator.py for tasks to queue
[2022-08-01 12:28:37,256] {logging_mixin.py:109} INFO - [2022-08-01 12:28:37,256] {dagbag.py:500} INFO - Filling up the DagBag from /home/airflow/.local/lib/python3.7/site-packages/airflow/example_dags/example_short_circuit_operator.py
[2022-08-01 12:28:37,283] {processor.py:637} INFO - DAG(s) dict_keys(['example_short_circuit_operator']) retrieved from /home/airflow/.local/lib/python3.7/site-packages/airflow/example_dags/example_short_circuit_operator.py
[2022-08-01 12:28:37,292] {logging_mixin.py:109} INFO - [2022-08-01 12:28:37,292] {dag.py:2396} INFO - Sync 1 DAGs
[2022-08-01 12:28:37,306] {logging_mixin.py:109} INFO - [2022-08-01 12:28:37,306] {dag.py:2928} INFO - Setting next_dagrun for example_short_circuit_operator to 2022-07-31T12:28:37.306075+00:00
[2022-08-01 12:28:37,318] {processor.py:171} INFO - Processing /home/airflow/.local/lib/python3.7/site-packages/airflow/example_dags/example_short_circuit_operator.py took 0.065 seconds
[2022-08-01 12:29:08,284] {processor.py:163} INFO - Started process (PID=422) to work on /home/airflow/.local/lib/python3.7/site-packages/airflow/example_dags/example_short_circuit_operator.py
[2022-08-01 12:29:08,285] {processor.py:625} INFO - Processing file /home/airflow/.local/lib/python3.7/site-packages/airflow/example_dags/example_short_circuit_operator.py for tasks to queue
[2022-08-01 12:29:08,285] {logging_mixin.py:109} INFO - [2022-08-01 12:29:08,285] {dagbag.py:500} INFO - Filling up the DagBag from /home/airflow/.local/lib/python3.7/site-packages/airflow/example_dags/example_short_circuit_operator.py
[2022-08-01 12:29:08,306] {processor.py:637} INFO - DAG(s) dict_keys(['example_short_circuit_operator']) retrieved from /home/airflow/.local/lib/python3.7/site-packages/airflow/example_dags/example_short_circuit_operator.py
[2022-08-01 12:29:08,314] {logging_mixin.py:109} INFO - [2022-08-01 12:29:08,314] {dag.py:2396} INFO - Sync 1 DAGs
[2022-08-01 12:29:08,326] {logging_mixin.py:109} INFO - [2022-08-01 12:29:08,326] {dag.py:2928} INFO - Setting next_dagrun for example_short_circuit_operator to 2022-07-31T12:29:08.326057+00:00
[2022-08-01 12:29:08,335] {processor.py:171} INFO - Processing /home/airflow/.local/lib/python3.7/site-packages/airflow/example_dags/example_short_circuit_operator.py took 0.052 seconds
[2022-08-01 12:29:39,016] {processor.py:163} INFO - Started process (PID=483) to work on /home/airflow/.local/lib/python3.7/site-packages/airflow/example_dags/example_short_circuit_operator.py
[2022-08-01 12:29:39,017] {processor.py:625} INFO - Processing file /home/airflow/.local/lib/python3.7/site-packages/airflow/example_dags/example_short_circuit_operator.py for tasks to queue
[2022-08-01 12:29:39,018] {logging_mixin.py:109} INFO - [2022-08-01 12:29:39,018] {dagbag.py:500} INFO - Filling up the DagBag from /home/airflow/.local/lib/python3.7/site-packages/airflow/example_dags/example_short_circuit_operator.py
[2022-08-01 12:29:39,045] {processor.py:637} INFO - DAG(s) dict_keys(['example_short_circuit_operator']) retrieved from /home/airflow/.local/lib/python3.7/site-packages/airflow/example_dags/example_short_circuit_operator.py
[2022-08-01 12:29:39,054] {logging_mixin.py:109} INFO - [2022-08-01 12:29:39,053] {dag.py:2396} INFO - Sync 1 DAGs
[2022-08-01 12:29:39,068] {logging_mixin.py:109} INFO - [2022-08-01 12:29:39,068] {dag.py:2928} INFO - Setting next_dagrun for example_short_circuit_operator to 2022-07-31T12:29:39.068074+00:00
[2022-08-01 12:29:39,076] {processor.py:171} INFO - Processing /home/airflow/.local/lib/python3.7/site-packages/airflow/example_dags/example_short_circuit_operator.py took 0.062 seconds
[2022-08-01 12:30:09,225] {processor.py:163} INFO - Started process (PID=535) to work on /home/airflow/.local/lib/python3.7/site-packages/airflow/example_dags/example_short_circuit_operator.py
[2022-08-01 12:30:09,225] {processor.py:625} INFO - Processing file /home/airflow/.local/lib/python3.7/site-packages/airflow/example_dags/example_short_circuit_operator.py for tasks to queue
[2022-08-01 12:30:09,225] {logging_mixin.py:109} INFO - [2022-08-01 12:30:09,225] {dagbag.py:500} INFO - Filling up the DagBag from /home/airflow/.local/lib/python3.7/site-packages/airflow/example_dags/example_short_circuit_operator.py
[2022-08-01 12:30:09,245] {processor.py:637} INFO - DAG(s) dict_keys(['example_short_circuit_operator']) retrieved from /home/airflow/.local/lib/python3.7/site-packages/airflow/example_dags/example_short_circuit_operator.py
[2022-08-01 12:30:09,252] {logging_mixin.py:109} INFO - [2022-08-01 12:30:09,252] {dag.py:2396} INFO - Sync 1 DAGs
[2022-08-01 12:30:09,265] {logging_mixin.py:109} INFO - [2022-08-01 12:30:09,264] {dag.py:2928} INFO - Setting next_dagrun for example_short_circuit_operator to 2022-07-31T12:30:09.264740+00:00
[2022-08-01 12:30:09,273] {processor.py:171} INFO - Processing /home/airflow/.local/lib/python3.7/site-packages/airflow/example_dags/example_short_circuit_operator.py took 0.050 seconds
[2022-08-01 12:30:39,947] {processor.py:163} INFO - Started process (PID=596) to work on /home/airflow/.local/lib/python3.7/site-packages/airflow/example_dags/example_short_circuit_operator.py
[2022-08-01 12:30:39,950] {processor.py:625} INFO - Processing file /home/airflow/.local/lib/python3.7/site-packages/airflow/example_dags/example_short_circuit_operator.py for tasks to queue
[2022-08-01 12:30:39,955] {logging_mixin.py:109} INFO - [2022-08-01 12:30:39,955] {dagbag.py:500} INFO - Filling up the DagBag from /home/airflow/.local/lib/python3.7/site-packages/airflow/example_dags/example_short_circuit_operator.py
[2022-08-01 12:30:40,061] {processor.py:637} INFO - DAG(s) dict_keys(['example_short_circuit_operator']) retrieved from /home/airflow/.local/lib/python3.7/site-packages/airflow/example_dags/example_short_circuit_operator.py
[2022-08-01 12:30:40,113] {logging_mixin.py:109} INFO - [2022-08-01 12:30:40,113] {dag.py:2396} INFO - Sync 1 DAGs
[2022-08-01 12:30:40,203] {logging_mixin.py:109} INFO - [2022-08-01 12:30:40,202] {dag.py:2928} INFO - Setting next_dagrun for example_short_circuit_operator to 2022-07-31T12:30:40.202155+00:00
[2022-08-01 12:30:40,244] {processor.py:171} INFO - Processing /home/airflow/.local/lib/python3.7/site-packages/airflow/example_dags/example_short_circuit_operator.py took 0.308 seconds
[2022-08-01 12:31:10,464] {processor.py:163} INFO - Started process (PID=648) to work on /home/airflow/.local/lib/python3.7/site-packages/airflow/example_dags/example_short_circuit_operator.py
[2022-08-01 12:31:10,465] {processor.py:625} INFO - Processing file /home/airflow/.local/lib/python3.7/site-packages/airflow/example_dags/example_short_circuit_operator.py for tasks to queue
[2022-08-01 12:31:10,466] {logging_mixin.py:109} INFO - [2022-08-01 12:31:10,466] {dagbag.py:500} INFO - Filling up the DagBag from /home/airflow/.local/lib/python3.7/site-packages/airflow/example_dags/example_short_circuit_operator.py
[2022-08-01 12:31:10,487] {processor.py:637} INFO - DAG(s) dict_keys(['example_short_circuit_operator']) retrieved from /home/airflow/.local/lib/python3.7/site-packages/airflow/example_dags/example_short_circuit_operator.py
[2022-08-01 12:31:10,495] {logging_mixin.py:109} INFO - [2022-08-01 12:31:10,495] {dag.py:2396} INFO - Sync 1 DAGs
[2022-08-01 12:31:10,517] {logging_mixin.py:109} INFO - [2022-08-01 12:31:10,517] {dag.py:2928} INFO - Setting next_dagrun for example_short_circuit_operator to 2022-07-31T12:31:10.516795+00:00
[2022-08-01 12:31:10,528] {processor.py:171} INFO - Processing /home/airflow/.local/lib/python3.7/site-packages/airflow/example_dags/example_short_circuit_operator.py took 0.066 seconds
[2022-08-01 12:31:40,560] {processor.py:163} INFO - Started process (PID=700) to work on /home/airflow/.local/lib/python3.7/site-packages/airflow/example_dags/example_short_circuit_operator.py
[2022-08-01 12:31:40,562] {processor.py:625} INFO - Processing file /home/airflow/.local/lib/python3.7/site-packages/airflow/example_dags/example_short_circuit_operator.py for tasks to queue
[2022-08-01 12:31:40,563] {logging_mixin.py:109} INFO - [2022-08-01 12:31:40,563] {dagbag.py:500} INFO - Filling up the DagBag from /home/airflow/.local/lib/python3.7/site-packages/airflow/example_dags/example_short_circuit_operator.py
[2022-08-01 12:31:40,587] {processor.py:637} INFO - DAG(s) dict_keys(['example_short_circuit_operator']) retrieved from /home/airflow/.local/lib/python3.7/site-packages/airflow/example_dags/example_short_circuit_operator.py
[2022-08-01 12:31:40,599] {logging_mixin.py:109} INFO - [2022-08-01 12:31:40,599] {dag.py:2396} INFO - Sync 1 DAGs
[2022-08-01 12:31:40,613] {logging_mixin.py:109} INFO - [2022-08-01 12:31:40,613] {dag.py:2928} INFO - Setting next_dagrun for example_short_circuit_operator to 2022-07-31T12:31:40.612918+00:00
[2022-08-01 12:31:40,625] {processor.py:171} INFO - Processing /home/airflow/.local/lib/python3.7/site-packages/airflow/example_dags/example_short_circuit_operator.py took 0.067 seconds
[2022-08-01 12:32:10,804] {processor.py:163} INFO - Started process (PID=761) to work on /home/airflow/.local/lib/python3.7/site-packages/airflow/example_dags/example_short_circuit_operator.py
[2022-08-01 12:32:10,810] {processor.py:625} INFO - Processing file /home/airflow/.local/lib/python3.7/site-packages/airflow/example_dags/example_short_circuit_operator.py for tasks to queue
[2022-08-01 12:32:10,810] {logging_mixin.py:109} INFO - [2022-08-01 12:32:10,810] {dagbag.py:500} INFO - Filling up the DagBag from /home/airflow/.local/lib/python3.7/site-packages/airflow/example_dags/example_short_circuit_operator.py
[2022-08-01 12:32:10,836] {processor.py:637} INFO - DAG(s) dict_keys(['example_short_circuit_operator']) retrieved from /home/airflow/.local/lib/python3.7/site-packages/airflow/example_dags/example_short_circuit_operator.py
[2022-08-01 12:32:10,847] {logging_mixin.py:109} INFO - [2022-08-01 12:32:10,846] {dag.py:2396} INFO - Sync 1 DAGs
[2022-08-01 12:32:10,860] {logging_mixin.py:109} INFO - [2022-08-01 12:32:10,860] {dag.py:2928} INFO - Setting next_dagrun for example_short_circuit_operator to 2022-07-31T12:32:10.859971+00:00
[2022-08-01 12:32:10,873] {processor.py:171} INFO - Processing /home/airflow/.local/lib/python3.7/site-packages/airflow/example_dags/example_short_circuit_operator.py took 0.072 seconds
[2022-08-01 12:32:41,091] {processor.py:163} INFO - Started process (PID=814) to work on /home/airflow/.local/lib/python3.7/site-packages/airflow/example_dags/example_short_circuit_operator.py
[2022-08-01 12:32:41,092] {processor.py:625} INFO - Processing file /home/airflow/.local/lib/python3.7/site-packages/airflow/example_dags/example_short_circuit_operator.py for tasks to queue
[2022-08-01 12:32:41,093] {logging_mixin.py:109} INFO - [2022-08-01 12:32:41,093] {dagbag.py:500} INFO - Filling up the DagBag from /home/airflow/.local/lib/python3.7/site-packages/airflow/example_dags/example_short_circuit_operator.py
[2022-08-01 12:32:41,113] {processor.py:637} INFO - DAG(s) dict_keys(['example_short_circuit_operator']) retrieved from /home/airflow/.local/lib/python3.7/site-packages/airflow/example_dags/example_short_circuit_operator.py
[2022-08-01 12:32:41,120] {logging_mixin.py:109} INFO - [2022-08-01 12:32:41,120] {dag.py:2396} INFO - Sync 1 DAGs
[2022-08-01 12:32:41,132] {logging_mixin.py:109} INFO - [2022-08-01 12:32:41,132] {dag.py:2928} INFO - Setting next_dagrun for example_short_circuit_operator to 2022-07-31T12:32:41.131887+00:00
[2022-08-01 12:32:41,139] {processor.py:171} INFO - Processing /home/airflow/.local/lib/python3.7/site-packages/airflow/example_dags/example_short_circuit_operator.py took 0.049 seconds
[2022-08-01 12:33:11,200] {processor.py:163} INFO - Started process (PID=866) to work on /home/airflow/.local/lib/python3.7/site-packages/airflow/example_dags/example_short_circuit_operator.py
[2022-08-01 12:33:11,202] {processor.py:625} INFO - Processing file /home/airflow/.local/lib/python3.7/site-packages/airflow/example_dags/example_short_circuit_operator.py for tasks to queue
[2022-08-01 12:33:11,203] {logging_mixin.py:109} INFO - [2022-08-01 12:33:11,203] {dagbag.py:500} INFO - Filling up the DagBag from /home/airflow/.local/lib/python3.7/site-packages/airflow/example_dags/example_short_circuit_operator.py
[2022-08-01 12:33:11,230] {processor.py:637} INFO - DAG(s) dict_keys(['example_short_circuit_operator']) retrieved from /home/airflow/.local/lib/python3.7/site-packages/airflow/example_dags/example_short_circuit_operator.py
[2022-08-01 12:33:11,239] {logging_mixin.py:109} INFO - [2022-08-01 12:33:11,239] {dag.py:2396} INFO - Sync 1 DAGs
[2022-08-01 12:33:11,250] {logging_mixin.py:109} INFO - [2022-08-01 12:33:11,249] {dag.py:2928} INFO - Setting next_dagrun for example_short_circuit_operator to 2022-07-31T12:33:11.249695+00:00
[2022-08-01 12:33:11,260] {processor.py:171} INFO - Processing /home/airflow/.local/lib/python3.7/site-packages/airflow/example_dags/example_short_circuit_operator.py took 0.062 seconds
[2022-08-01 12:33:42,075] {processor.py:163} INFO - Started process (PID=926) to work on /home/airflow/.local/lib/python3.7/site-packages/airflow/example_dags/example_short_circuit_operator.py
[2022-08-01 12:33:42,076] {processor.py:625} INFO - Processing file /home/airflow/.local/lib/python3.7/site-packages/airflow/example_dags/example_short_circuit_operator.py for tasks to queue
[2022-08-01 12:33:42,077] {logging_mixin.py:109} INFO - [2022-08-01 12:33:42,077] {dagbag.py:500} INFO - Filling up the DagBag from /home/airflow/.local/lib/python3.7/site-packages/airflow/example_dags/example_short_circuit_operator.py
[2022-08-01 12:33:42,114] {processor.py:637} INFO - DAG(s) dict_keys(['example_short_circuit_operator']) retrieved from /home/airflow/.local/lib/python3.7/site-packages/airflow/example_dags/example_short_circuit_operator.py
[2022-08-01 12:33:42,126] {logging_mixin.py:109} INFO - [2022-08-01 12:33:42,126] {dag.py:2396} INFO - Sync 1 DAGs
[2022-08-01 12:33:42,151] {logging_mixin.py:109} INFO - [2022-08-01 12:33:42,151] {dag.py:2928} INFO - Setting next_dagrun for example_short_circuit_operator to 2022-07-31T12:33:42.150990+00:00
[2022-08-01 12:33:42,163] {processor.py:171} INFO - Processing /home/airflow/.local/lib/python3.7/site-packages/airflow/example_dags/example_short_circuit_operator.py took 0.093 seconds
[2022-08-01 12:34:12,764] {processor.py:163} INFO - Started process (PID=978) to work on /home/airflow/.local/lib/python3.7/site-packages/airflow/example_dags/example_short_circuit_operator.py
[2022-08-01 12:34:12,771] {processor.py:625} INFO - Processing file /home/airflow/.local/lib/python3.7/site-packages/airflow/example_dags/example_short_circuit_operator.py for tasks to queue
[2022-08-01 12:34:12,771] {logging_mixin.py:109} INFO - [2022-08-01 12:34:12,771] {dagbag.py:500} INFO - Filling up the DagBag from /home/airflow/.local/lib/python3.7/site-packages/airflow/example_dags/example_short_circuit_operator.py
[2022-08-01 12:34:12,792] {processor.py:637} INFO - DAG(s) dict_keys(['example_short_circuit_operator']) retrieved from /home/airflow/.local/lib/python3.7/site-packages/airflow/example_dags/example_short_circuit_operator.py
[2022-08-01 12:34:12,799] {logging_mixin.py:109} INFO - [2022-08-01 12:34:12,799] {dag.py:2396} INFO - Sync 1 DAGs
[2022-08-01 12:34:12,810] {logging_mixin.py:109} INFO - [2022-08-01 12:34:12,810] {dag.py:2928} INFO - Setting next_dagrun for example_short_circuit_operator to 2022-07-31T12:34:12.809978+00:00
[2022-08-01 12:34:12,819] {processor.py:171} INFO - Processing /home/airflow/.local/lib/python3.7/site-packages/airflow/example_dags/example_short_circuit_operator.py took 0.057 seconds
[2022-08-01 12:34:43,092] {processor.py:163} INFO - Started process (PID=1039) to work on /home/airflow/.local/lib/python3.7/site-packages/airflow/example_dags/example_short_circuit_operator.py
[2022-08-01 12:34:43,094] {processor.py:625} INFO - Processing file /home/airflow/.local/lib/python3.7/site-packages/airflow/example_dags/example_short_circuit_operator.py for tasks to queue
[2022-08-01 12:34:43,095] {logging_mixin.py:109} INFO - [2022-08-01 12:34:43,095] {dagbag.py:500} INFO - Filling up the DagBag from /home/airflow/.local/lib/python3.7/site-packages/airflow/example_dags/example_short_circuit_operator.py
[2022-08-01 12:34:43,143] {processor.py:637} INFO - DAG(s) dict_keys(['example_short_circuit_operator']) retrieved from /home/airflow/.local/lib/python3.7/site-packages/airflow/example_dags/example_short_circuit_operator.py
[2022-08-01 12:34:43,163] {logging_mixin.py:109} INFO - [2022-08-01 12:34:43,163] {dag.py:2396} INFO - Sync 1 DAGs
[2022-08-01 12:34:43,190] {logging_mixin.py:109} INFO - [2022-08-01 12:34:43,190] {dag.py:2928} INFO - Setting next_dagrun for example_short_circuit_operator to 2022-07-31T12:34:43.189925+00:00
[2022-08-01 12:34:43,209] {processor.py:171} INFO - Processing /home/airflow/.local/lib/python3.7/site-packages/airflow/example_dags/example_short_circuit_operator.py took 0.129 seconds
[2022-08-01 12:35:13,253] {processor.py:163} INFO - Started process (PID=1091) to work on /home/airflow/.local/lib/python3.7/site-packages/airflow/example_dags/example_short_circuit_operator.py
[2022-08-01 12:35:13,254] {processor.py:625} INFO - Processing file /home/airflow/.local/lib/python3.7/site-packages/airflow/example_dags/example_short_circuit_operator.py for tasks to queue
[2022-08-01 12:35:13,254] {logging_mixin.py:109} INFO - [2022-08-01 12:35:13,254] {dagbag.py:500} INFO - Filling up the DagBag from /home/airflow/.local/lib/python3.7/site-packages/airflow/example_dags/example_short_circuit_operator.py
[2022-08-01 12:35:13,280] {processor.py:637} INFO - DAG(s) dict_keys(['example_short_circuit_operator']) retrieved from /home/airflow/.local/lib/python3.7/site-packages/airflow/example_dags/example_short_circuit_operator.py
[2022-08-01 12:35:13,290] {logging_mixin.py:109} INFO - [2022-08-01 12:35:13,289] {dag.py:2396} INFO - Sync 1 DAGs
[2022-08-01 12:35:13,304] {logging_mixin.py:109} INFO - [2022-08-01 12:35:13,303] {dag.py:2928} INFO - Setting next_dagrun for example_short_circuit_operator to 2022-07-31T12:35:13.303301+00:00
[2022-08-01 12:35:13,315] {processor.py:171} INFO - Processing /home/airflow/.local/lib/python3.7/site-packages/airflow/example_dags/example_short_circuit_operator.py took 0.065 seconds
[2022-08-01 12:35:43,756] {processor.py:163} INFO - Started process (PID=1143) to work on /home/airflow/.local/lib/python3.7/site-packages/airflow/example_dags/example_short_circuit_operator.py
[2022-08-01 12:35:43,758] {processor.py:625} INFO - Processing file /home/airflow/.local/lib/python3.7/site-packages/airflow/example_dags/example_short_circuit_operator.py for tasks to queue
[2022-08-01 12:35:43,758] {logging_mixin.py:109} INFO - [2022-08-01 12:35:43,758] {dagbag.py:500} INFO - Filling up the DagBag from /home/airflow/.local/lib/python3.7/site-packages/airflow/example_dags/example_short_circuit_operator.py
[2022-08-01 12:35:43,785] {processor.py:637} INFO - DAG(s) dict_keys(['example_short_circuit_operator']) retrieved from /home/airflow/.local/lib/python3.7/site-packages/airflow/example_dags/example_short_circuit_operator.py
[2022-08-01 12:35:43,796] {logging_mixin.py:109} INFO - [2022-08-01 12:35:43,796] {dag.py:2396} INFO - Sync 1 DAGs
[2022-08-01 12:35:43,815] {logging_mixin.py:109} INFO - [2022-08-01 12:35:43,815] {dag.py:2928} INFO - Setting next_dagrun for example_short_circuit_operator to 2022-07-31T12:35:43.815085+00:00
[2022-08-01 12:35:43,823] {processor.py:171} INFO - Processing /home/airflow/.local/lib/python3.7/site-packages/airflow/example_dags/example_short_circuit_operator.py took 0.070 seconds
[2022-08-01 12:36:14,326] {processor.py:163} INFO - Started process (PID=1204) to work on /home/airflow/.local/lib/python3.7/site-packages/airflow/example_dags/example_short_circuit_operator.py
[2022-08-01 12:36:14,327] {processor.py:625} INFO - Processing file /home/airflow/.local/lib/python3.7/site-packages/airflow/example_dags/example_short_circuit_operator.py for tasks to queue
[2022-08-01 12:36:14,327] {logging_mixin.py:109} INFO - [2022-08-01 12:36:14,327] {dagbag.py:500} INFO - Filling up the DagBag from /home/airflow/.local/lib/python3.7/site-packages/airflow/example_dags/example_short_circuit_operator.py
[2022-08-01 12:36:14,351] {processor.py:637} INFO - DAG(s) dict_keys(['example_short_circuit_operator']) retrieved from /home/airflow/.local/lib/python3.7/site-packages/airflow/example_dags/example_short_circuit_operator.py
[2022-08-01 12:36:14,360] {logging_mixin.py:109} INFO - [2022-08-01 12:36:14,360] {dag.py:2396} INFO - Sync 1 DAGs
[2022-08-01 12:36:14,373] {logging_mixin.py:109} INFO - [2022-08-01 12:36:14,373] {dag.py:2928} INFO - Setting next_dagrun for example_short_circuit_operator to 2022-07-31T12:36:14.373132+00:00
[2022-08-01 12:36:14,382] {processor.py:171} INFO - Processing /home/airflow/.local/lib/python3.7/site-packages/airflow/example_dags/example_short_circuit_operator.py took 0.060 seconds
[2022-08-01 12:40:08,918] {processor.py:163} INFO - Started process (PID=40) to work on /home/airflow/.local/lib/python3.7/site-packages/airflow/example_dags/example_short_circuit_operator.py
[2022-08-01 12:40:08,920] {processor.py:625} INFO - Processing file /home/airflow/.local/lib/python3.7/site-packages/airflow/example_dags/example_short_circuit_operator.py for tasks to queue
[2022-08-01 12:40:08,922] {logging_mixin.py:109} INFO - [2022-08-01 12:40:08,921] {dagbag.py:500} INFO - Filling up the DagBag from /home/airflow/.local/lib/python3.7/site-packages/airflow/example_dags/example_short_circuit_operator.py
[2022-08-01 12:40:08,988] {processor.py:637} INFO - DAG(s) dict_keys(['example_short_circuit_operator']) retrieved from /home/airflow/.local/lib/python3.7/site-packages/airflow/example_dags/example_short_circuit_operator.py
[2022-08-01 12:40:09,022] {logging_mixin.py:109} INFO - [2022-08-01 12:40:09,021] {dag.py:2396} INFO - Sync 1 DAGs
[2022-08-01 12:40:09,071] {logging_mixin.py:109} INFO - [2022-08-01 12:40:09,071] {dag.py:2928} INFO - Setting next_dagrun for example_short_circuit_operator to 2022-07-31T12:40:09.064608+00:00
[2022-08-01 12:40:09,122] {processor.py:171} INFO - Processing /home/airflow/.local/lib/python3.7/site-packages/airflow/example_dags/example_short_circuit_operator.py took 0.211 seconds
[2022-08-01 12:40:39,380] {processor.py:163} INFO - Started process (PID=90) to work on /home/airflow/.local/lib/python3.7/site-packages/airflow/example_dags/example_short_circuit_operator.py
[2022-08-01 12:40:39,381] {processor.py:625} INFO - Processing file /home/airflow/.local/lib/python3.7/site-packages/airflow/example_dags/example_short_circuit_operator.py for tasks to queue
[2022-08-01 12:40:39,381] {logging_mixin.py:109} INFO - [2022-08-01 12:40:39,381] {dagbag.py:500} INFO - Filling up the DagBag from /home/airflow/.local/lib/python3.7/site-packages/airflow/example_dags/example_short_circuit_operator.py
[2022-08-01 12:40:39,403] {processor.py:637} INFO - DAG(s) dict_keys(['example_short_circuit_operator']) retrieved from /home/airflow/.local/lib/python3.7/site-packages/airflow/example_dags/example_short_circuit_operator.py
[2022-08-01 12:40:39,412] {logging_mixin.py:109} INFO - [2022-08-01 12:40:39,412] {dag.py:2396} INFO - Sync 1 DAGs
[2022-08-01 12:40:39,424] {logging_mixin.py:109} INFO - [2022-08-01 12:40:39,424] {dag.py:2928} INFO - Setting next_dagrun for example_short_circuit_operator to 2022-07-31T12:40:39.423795+00:00
[2022-08-01 12:40:39,433] {processor.py:171} INFO - Processing /home/airflow/.local/lib/python3.7/site-packages/airflow/example_dags/example_short_circuit_operator.py took 0.055 seconds
[2022-08-01 13:20:38,109] {processor.py:163} INFO - Started process (PID=40) to work on /home/airflow/.local/lib/python3.7/site-packages/airflow/example_dags/example_short_circuit_operator.py
[2022-08-01 13:20:38,111] {processor.py:625} INFO - Processing file /home/airflow/.local/lib/python3.7/site-packages/airflow/example_dags/example_short_circuit_operator.py for tasks to queue
[2022-08-01 13:20:38,113] {logging_mixin.py:109} INFO - [2022-08-01 13:20:38,112] {dagbag.py:500} INFO - Filling up the DagBag from /home/airflow/.local/lib/python3.7/site-packages/airflow/example_dags/example_short_circuit_operator.py
[2022-08-01 13:20:38,166] {processor.py:637} INFO - DAG(s) dict_keys(['example_short_circuit_operator']) retrieved from /home/airflow/.local/lib/python3.7/site-packages/airflow/example_dags/example_short_circuit_operator.py
[2022-08-01 13:20:38,183] {logging_mixin.py:109} INFO - [2022-08-01 13:20:38,183] {dag.py:2396} INFO - Sync 1 DAGs
[2022-08-01 13:20:38,212] {logging_mixin.py:109} INFO - [2022-08-01 13:20:38,212] {dag.py:2928} INFO - Setting next_dagrun for example_short_circuit_operator to 2022-07-31T13:20:38.211788+00:00
[2022-08-01 13:20:38,230] {processor.py:171} INFO - Processing /home/airflow/.local/lib/python3.7/site-packages/airflow/example_dags/example_short_circuit_operator.py took 0.128 seconds
[2022-08-01 13:21:08,768] {processor.py:163} INFO - Started process (PID=92) to work on /home/airflow/.local/lib/python3.7/site-packages/airflow/example_dags/example_short_circuit_operator.py
[2022-08-01 13:21:08,775] {processor.py:625} INFO - Processing file /home/airflow/.local/lib/python3.7/site-packages/airflow/example_dags/example_short_circuit_operator.py for tasks to queue
[2022-08-01 13:21:08,776] {logging_mixin.py:109} INFO - [2022-08-01 13:21:08,776] {dagbag.py:500} INFO - Filling up the DagBag from /home/airflow/.local/lib/python3.7/site-packages/airflow/example_dags/example_short_circuit_operator.py
[2022-08-01 13:21:08,909] {processor.py:637} INFO - DAG(s) dict_keys(['example_short_circuit_operator']) retrieved from /home/airflow/.local/lib/python3.7/site-packages/airflow/example_dags/example_short_circuit_operator.py
[2022-08-01 13:21:08,969] {logging_mixin.py:109} INFO - [2022-08-01 13:21:08,969] {dag.py:2396} INFO - Sync 1 DAGs
[2022-08-01 13:21:09,126] {logging_mixin.py:109} INFO - [2022-08-01 13:21:09,125] {dag.py:2928} INFO - Setting next_dagrun for example_short_circuit_operator to 2022-07-31T13:21:09.100622+00:00
[2022-08-01 13:21:09,173] {processor.py:171} INFO - Processing /home/airflow/.local/lib/python3.7/site-packages/airflow/example_dags/example_short_circuit_operator.py took 0.422 seconds
[2022-08-01 13:21:40,107] {processor.py:163} INFO - Started process (PID=134) to work on /home/airflow/.local/lib/python3.7/site-packages/airflow/example_dags/example_short_circuit_operator.py
[2022-08-01 13:21:40,112] {processor.py:625} INFO - Processing file /home/airflow/.local/lib/python3.7/site-packages/airflow/example_dags/example_short_circuit_operator.py for tasks to queue
[2022-08-01 13:21:40,112] {logging_mixin.py:109} INFO - [2022-08-01 13:21:40,112] {dagbag.py:500} INFO - Filling up the DagBag from /home/airflow/.local/lib/python3.7/site-packages/airflow/example_dags/example_short_circuit_operator.py
[2022-08-01 13:21:40,131] {processor.py:637} INFO - DAG(s) dict_keys(['example_short_circuit_operator']) retrieved from /home/airflow/.local/lib/python3.7/site-packages/airflow/example_dags/example_short_circuit_operator.py
[2022-08-01 13:21:40,138] {logging_mixin.py:109} INFO - [2022-08-01 13:21:40,138] {dag.py:2396} INFO - Sync 1 DAGs
[2022-08-01 13:21:40,147] {logging_mixin.py:109} INFO - [2022-08-01 13:21:40,147] {dag.py:2928} INFO - Setting next_dagrun for example_short_circuit_operator to 2022-07-31T13:21:40.147649+00:00
[2022-08-01 13:21:40,155] {processor.py:171} INFO - Processing /home/airflow/.local/lib/python3.7/site-packages/airflow/example_dags/example_short_circuit_operator.py took 0.050 seconds
[2022-08-01 13:22:10,385] {processor.py:163} INFO - Started process (PID=195) to work on /home/airflow/.local/lib/python3.7/site-packages/airflow/example_dags/example_short_circuit_operator.py
[2022-08-01 13:22:10,386] {processor.py:625} INFO - Processing file /home/airflow/.local/lib/python3.7/site-packages/airflow/example_dags/example_short_circuit_operator.py for tasks to queue
[2022-08-01 13:22:10,387] {logging_mixin.py:109} INFO - [2022-08-01 13:22:10,387] {dagbag.py:500} INFO - Filling up the DagBag from /home/airflow/.local/lib/python3.7/site-packages/airflow/example_dags/example_short_circuit_operator.py
[2022-08-01 13:22:10,407] {processor.py:637} INFO - DAG(s) dict_keys(['example_short_circuit_operator']) retrieved from /home/airflow/.local/lib/python3.7/site-packages/airflow/example_dags/example_short_circuit_operator.py
[2022-08-01 13:22:10,415] {logging_mixin.py:109} INFO - [2022-08-01 13:22:10,415] {dag.py:2396} INFO - Sync 1 DAGs
[2022-08-01 13:22:10,426] {logging_mixin.py:109} INFO - [2022-08-01 13:22:10,426] {dag.py:2928} INFO - Setting next_dagrun for example_short_circuit_operator to 2022-07-31T13:22:10.425928+00:00
[2022-08-01 13:22:10,434] {processor.py:171} INFO - Processing /home/airflow/.local/lib/python3.7/site-packages/airflow/example_dags/example_short_circuit_operator.py took 0.051 seconds
[2022-08-01 13:22:40,540] {processor.py:163} INFO - Started process (PID=247) to work on /home/airflow/.local/lib/python3.7/site-packages/airflow/example_dags/example_short_circuit_operator.py
[2022-08-01 13:22:40,542] {processor.py:625} INFO - Processing file /home/airflow/.local/lib/python3.7/site-packages/airflow/example_dags/example_short_circuit_operator.py for tasks to queue
[2022-08-01 13:22:40,542] {logging_mixin.py:109} INFO - [2022-08-01 13:22:40,542] {dagbag.py:500} INFO - Filling up the DagBag from /home/airflow/.local/lib/python3.7/site-packages/airflow/example_dags/example_short_circuit_operator.py
[2022-08-01 13:22:40,565] {processor.py:637} INFO - DAG(s) dict_keys(['example_short_circuit_operator']) retrieved from /home/airflow/.local/lib/python3.7/site-packages/airflow/example_dags/example_short_circuit_operator.py
[2022-08-01 13:22:40,573] {logging_mixin.py:109} INFO - [2022-08-01 13:22:40,573] {dag.py:2396} INFO - Sync 1 DAGs
[2022-08-01 13:22:40,583] {logging_mixin.py:109} INFO - [2022-08-01 13:22:40,583] {dag.py:2928} INFO - Setting next_dagrun for example_short_circuit_operator to 2022-07-31T13:22:40.583696+00:00
[2022-08-01 13:22:40,592] {processor.py:171} INFO - Processing /home/airflow/.local/lib/python3.7/site-packages/airflow/example_dags/example_short_circuit_operator.py took 0.055 seconds
[2022-08-01 13:23:11,458] {processor.py:163} INFO - Started process (PID=301) to work on /home/airflow/.local/lib/python3.7/site-packages/airflow/example_dags/example_short_circuit_operator.py
[2022-08-01 13:23:11,462] {processor.py:625} INFO - Processing file /home/airflow/.local/lib/python3.7/site-packages/airflow/example_dags/example_short_circuit_operator.py for tasks to queue
[2022-08-01 13:23:11,463] {logging_mixin.py:109} INFO - [2022-08-01 13:23:11,463] {dagbag.py:500} INFO - Filling up the DagBag from /home/airflow/.local/lib/python3.7/site-packages/airflow/example_dags/example_short_circuit_operator.py
[2022-08-01 13:23:11,482] {processor.py:637} INFO - DAG(s) dict_keys(['example_short_circuit_operator']) retrieved from /home/airflow/.local/lib/python3.7/site-packages/airflow/example_dags/example_short_circuit_operator.py
[2022-08-01 13:23:11,489] {logging_mixin.py:109} INFO - [2022-08-01 13:23:11,489] {dag.py:2396} INFO - Sync 1 DAGs
[2022-08-01 13:23:11,501] {logging_mixin.py:109} INFO - [2022-08-01 13:23:11,501] {dag.py:2928} INFO - Setting next_dagrun for example_short_circuit_operator to 2022-07-31T13:23:11.501455+00:00
[2022-08-01 13:23:11,510] {processor.py:171} INFO - Processing /home/airflow/.local/lib/python3.7/site-packages/airflow/example_dags/example_short_circuit_operator.py took 0.054 seconds
[2022-08-01 13:23:41,680] {processor.py:163} INFO - Started process (PID=360) to work on /home/airflow/.local/lib/python3.7/site-packages/airflow/example_dags/example_short_circuit_operator.py
[2022-08-01 13:23:41,685] {processor.py:625} INFO - Processing file /home/airflow/.local/lib/python3.7/site-packages/airflow/example_dags/example_short_circuit_operator.py for tasks to queue
[2022-08-01 13:23:41,686] {logging_mixin.py:109} INFO - [2022-08-01 13:23:41,686] {dagbag.py:500} INFO - Filling up the DagBag from /home/airflow/.local/lib/python3.7/site-packages/airflow/example_dags/example_short_circuit_operator.py
[2022-08-01 13:23:41,719] {processor.py:637} INFO - DAG(s) dict_keys(['example_short_circuit_operator']) retrieved from /home/airflow/.local/lib/python3.7/site-packages/airflow/example_dags/example_short_circuit_operator.py
[2022-08-01 13:23:41,730] {logging_mixin.py:109} INFO - [2022-08-01 13:23:41,730] {dag.py:2396} INFO - Sync 1 DAGs
[2022-08-01 13:23:41,749] {logging_mixin.py:109} INFO - [2022-08-01 13:23:41,749] {dag.py:2928} INFO - Setting next_dagrun for example_short_circuit_operator to 2022-07-31T13:23:41.749232+00:00
[2022-08-01 13:23:41,765] {processor.py:171} INFO - Processing /home/airflow/.local/lib/python3.7/site-packages/airflow/example_dags/example_short_circuit_operator.py took 0.088 seconds
[2022-08-01 13:24:12,312] {processor.py:163} INFO - Started process (PID=412) to work on /home/airflow/.local/lib/python3.7/site-packages/airflow/example_dags/example_short_circuit_operator.py
[2022-08-01 13:24:12,323] {processor.py:625} INFO - Processing file /home/airflow/.local/lib/python3.7/site-packages/airflow/example_dags/example_short_circuit_operator.py for tasks to queue
[2022-08-01 13:24:12,359] {logging_mixin.py:109} INFO - [2022-08-01 13:24:12,358] {dagbag.py:500} INFO - Filling up the DagBag from /home/airflow/.local/lib/python3.7/site-packages/airflow/example_dags/example_short_circuit_operator.py
[2022-08-01 13:24:12,514] {processor.py:637} INFO - DAG(s) dict_keys(['example_short_circuit_operator']) retrieved from /home/airflow/.local/lib/python3.7/site-packages/airflow/example_dags/example_short_circuit_operator.py
[2022-08-01 13:24:12,554] {logging_mixin.py:109} INFO - [2022-08-01 13:24:12,554] {dag.py:2396} INFO - Sync 1 DAGs
[2022-08-01 13:24:12,607] {logging_mixin.py:109} INFO - [2022-08-01 13:24:12,606] {dag.py:2928} INFO - Setting next_dagrun for example_short_circuit_operator to 2022-07-31T13:24:12.606191+00:00
[2022-08-01 13:24:12,669] {processor.py:171} INFO - Processing /home/airflow/.local/lib/python3.7/site-packages/airflow/example_dags/example_short_circuit_operator.py took 0.386 seconds
[2022-08-01 13:24:42,959] {processor.py:163} INFO - Started process (PID=462) to work on /home/airflow/.local/lib/python3.7/site-packages/airflow/example_dags/example_short_circuit_operator.py
[2022-08-01 13:24:42,968] {processor.py:625} INFO - Processing file /home/airflow/.local/lib/python3.7/site-packages/airflow/example_dags/example_short_circuit_operator.py for tasks to queue
[2022-08-01 13:24:42,971] {logging_mixin.py:109} INFO - [2022-08-01 13:24:42,970] {dagbag.py:500} INFO - Filling up the DagBag from /home/airflow/.local/lib/python3.7/site-packages/airflow/example_dags/example_short_circuit_operator.py
[2022-08-01 13:24:43,098] {processor.py:637} INFO - DAG(s) dict_keys(['example_short_circuit_operator']) retrieved from /home/airflow/.local/lib/python3.7/site-packages/airflow/example_dags/example_short_circuit_operator.py
[2022-08-01 13:24:43,144] {logging_mixin.py:109} INFO - [2022-08-01 13:24:43,144] {dag.py:2396} INFO - Sync 1 DAGs
[2022-08-01 13:24:43,223] {logging_mixin.py:109} INFO - [2022-08-01 13:24:43,222] {dag.py:2928} INFO - Setting next_dagrun for example_short_circuit_operator to 2022-07-31T13:24:43.222122+00:00
[2022-08-01 13:24:43,283] {processor.py:171} INFO - Processing /home/airflow/.local/lib/python3.7/site-packages/airflow/example_dags/example_short_circuit_operator.py took 0.342 seconds
[2022-08-01 13:25:14,223] {processor.py:163} INFO - Started process (PID=507) to work on /home/airflow/.local/lib/python3.7/site-packages/airflow/example_dags/example_short_circuit_operator.py
[2022-08-01 13:25:14,228] {processor.py:625} INFO - Processing file /home/airflow/.local/lib/python3.7/site-packages/airflow/example_dags/example_short_circuit_operator.py for tasks to queue
[2022-08-01 13:25:14,229] {logging_mixin.py:109} INFO - [2022-08-01 13:25:14,229] {dagbag.py:500} INFO - Filling up the DagBag from /home/airflow/.local/lib/python3.7/site-packages/airflow/example_dags/example_short_circuit_operator.py
[2022-08-01 13:25:14,249] {processor.py:637} INFO - DAG(s) dict_keys(['example_short_circuit_operator']) retrieved from /home/airflow/.local/lib/python3.7/site-packages/airflow/example_dags/example_short_circuit_operator.py
[2022-08-01 13:25:14,256] {logging_mixin.py:109} INFO - [2022-08-01 13:25:14,255] {dag.py:2396} INFO - Sync 1 DAGs
[2022-08-01 13:25:14,267] {logging_mixin.py:109} INFO - [2022-08-01 13:25:14,267] {dag.py:2928} INFO - Setting next_dagrun for example_short_circuit_operator to 2022-07-31T13:25:14.266833+00:00
[2022-08-01 13:25:14,275] {processor.py:171} INFO - Processing /home/airflow/.local/lib/python3.7/site-packages/airflow/example_dags/example_short_circuit_operator.py took 0.054 seconds
[2022-08-01 13:25:44,442] {processor.py:163} INFO - Started process (PID=569) to work on /home/airflow/.local/lib/python3.7/site-packages/airflow/example_dags/example_short_circuit_operator.py
[2022-08-01 13:25:44,443] {processor.py:625} INFO - Processing file /home/airflow/.local/lib/python3.7/site-packages/airflow/example_dags/example_short_circuit_operator.py for tasks to queue
[2022-08-01 13:25:44,444] {logging_mixin.py:109} INFO - [2022-08-01 13:25:44,444] {dagbag.py:500} INFO - Filling up the DagBag from /home/airflow/.local/lib/python3.7/site-packages/airflow/example_dags/example_short_circuit_operator.py
[2022-08-01 13:25:44,478] {processor.py:637} INFO - DAG(s) dict_keys(['example_short_circuit_operator']) retrieved from /home/airflow/.local/lib/python3.7/site-packages/airflow/example_dags/example_short_circuit_operator.py
[2022-08-01 13:25:44,489] {logging_mixin.py:109} INFO - [2022-08-01 13:25:44,489] {dag.py:2396} INFO - Sync 1 DAGs
[2022-08-01 13:25:44,507] {logging_mixin.py:109} INFO - [2022-08-01 13:25:44,507] {dag.py:2928} INFO - Setting next_dagrun for example_short_circuit_operator to 2022-07-31T13:25:44.506746+00:00
[2022-08-01 13:25:44,518] {processor.py:171} INFO - Processing /home/airflow/.local/lib/python3.7/site-packages/airflow/example_dags/example_short_circuit_operator.py took 0.081 seconds
[2022-08-01 13:26:14,978] {processor.py:163} INFO - Started process (PID=621) to work on /home/airflow/.local/lib/python3.7/site-packages/airflow/example_dags/example_short_circuit_operator.py
[2022-08-01 13:26:14,979] {processor.py:625} INFO - Processing file /home/airflow/.local/lib/python3.7/site-packages/airflow/example_dags/example_short_circuit_operator.py for tasks to queue
[2022-08-01 13:26:14,980] {logging_mixin.py:109} INFO - [2022-08-01 13:26:14,980] {dagbag.py:500} INFO - Filling up the DagBag from /home/airflow/.local/lib/python3.7/site-packages/airflow/example_dags/example_short_circuit_operator.py
[2022-08-01 13:26:15,003] {processor.py:637} INFO - DAG(s) dict_keys(['example_short_circuit_operator']) retrieved from /home/airflow/.local/lib/python3.7/site-packages/airflow/example_dags/example_short_circuit_operator.py
[2022-08-01 13:26:15,014] {logging_mixin.py:109} INFO - [2022-08-01 13:26:15,013] {dag.py:2396} INFO - Sync 1 DAGs
[2022-08-01 13:26:15,030] {logging_mixin.py:109} INFO - [2022-08-01 13:26:15,030] {dag.py:2928} INFO - Setting next_dagrun for example_short_circuit_operator to 2022-07-31T13:26:15.030007+00:00
[2022-08-01 13:26:15,039] {processor.py:171} INFO - Processing /home/airflow/.local/lib/python3.7/site-packages/airflow/example_dags/example_short_circuit_operator.py took 0.064 seconds
[2022-08-01 13:26:45,153] {processor.py:163} INFO - Started process (PID=673) to work on /home/airflow/.local/lib/python3.7/site-packages/airflow/example_dags/example_short_circuit_operator.py
[2022-08-01 13:26:45,154] {processor.py:625} INFO - Processing file /home/airflow/.local/lib/python3.7/site-packages/airflow/example_dags/example_short_circuit_operator.py for tasks to queue
[2022-08-01 13:26:45,155] {logging_mixin.py:109} INFO - [2022-08-01 13:26:45,155] {dagbag.py:500} INFO - Filling up the DagBag from /home/airflow/.local/lib/python3.7/site-packages/airflow/example_dags/example_short_circuit_operator.py
[2022-08-01 13:26:45,198] {processor.py:637} INFO - DAG(s) dict_keys(['example_short_circuit_operator']) retrieved from /home/airflow/.local/lib/python3.7/site-packages/airflow/example_dags/example_short_circuit_operator.py
[2022-08-01 13:26:45,213] {logging_mixin.py:109} INFO - [2022-08-01 13:26:45,212] {dag.py:2396} INFO - Sync 1 DAGs
[2022-08-01 13:26:45,237] {logging_mixin.py:109} INFO - [2022-08-01 13:26:45,236] {dag.py:2928} INFO - Setting next_dagrun for example_short_circuit_operator to 2022-07-31T13:26:45.236416+00:00
[2022-08-01 13:26:45,252] {processor.py:171} INFO - Processing /home/airflow/.local/lib/python3.7/site-packages/airflow/example_dags/example_short_circuit_operator.py took 0.104 seconds
[2022-08-01 13:27:15,965] {processor.py:163} INFO - Started process (PID=725) to work on /home/airflow/.local/lib/python3.7/site-packages/airflow/example_dags/example_short_circuit_operator.py
[2022-08-01 13:27:15,970] {processor.py:625} INFO - Processing file /home/airflow/.local/lib/python3.7/site-packages/airflow/example_dags/example_short_circuit_operator.py for tasks to queue
[2022-08-01 13:27:15,970] {logging_mixin.py:109} INFO - [2022-08-01 13:27:15,970] {dagbag.py:500} INFO - Filling up the DagBag from /home/airflow/.local/lib/python3.7/site-packages/airflow/example_dags/example_short_circuit_operator.py
[2022-08-01 13:27:15,995] {processor.py:637} INFO - DAG(s) dict_keys(['example_short_circuit_operator']) retrieved from /home/airflow/.local/lib/python3.7/site-packages/airflow/example_dags/example_short_circuit_operator.py
[2022-08-01 13:27:16,003] {logging_mixin.py:109} INFO - [2022-08-01 13:27:16,003] {dag.py:2396} INFO - Sync 1 DAGs
[2022-08-01 13:27:16,026] {logging_mixin.py:109} INFO - [2022-08-01 13:27:16,026] {dag.py:2928} INFO - Setting next_dagrun for example_short_circuit_operator to 2022-07-31T13:27:16.026509+00:00
[2022-08-01 13:27:16,040] {processor.py:171} INFO - Processing /home/airflow/.local/lib/python3.7/site-packages/airflow/example_dags/example_short_circuit_operator.py took 0.078 seconds
[2022-08-01 13:27:46,565] {processor.py:163} INFO - Started process (PID=786) to work on /home/airflow/.local/lib/python3.7/site-packages/airflow/example_dags/example_short_circuit_operator.py
[2022-08-01 13:27:46,569] {processor.py:625} INFO - Processing file /home/airflow/.local/lib/python3.7/site-packages/airflow/example_dags/example_short_circuit_operator.py for tasks to queue
[2022-08-01 13:27:46,570] {logging_mixin.py:109} INFO - [2022-08-01 13:27:46,570] {dagbag.py:500} INFO - Filling up the DagBag from /home/airflow/.local/lib/python3.7/site-packages/airflow/example_dags/example_short_circuit_operator.py
[2022-08-01 13:27:46,615] {processor.py:637} INFO - DAG(s) dict_keys(['example_short_circuit_operator']) retrieved from /home/airflow/.local/lib/python3.7/site-packages/airflow/example_dags/example_short_circuit_operator.py
[2022-08-01 13:27:46,629] {logging_mixin.py:109} INFO - [2022-08-01 13:27:46,629] {dag.py:2396} INFO - Sync 1 DAGs
[2022-08-01 13:27:46,654] {logging_mixin.py:109} INFO - [2022-08-01 13:27:46,654] {dag.py:2928} INFO - Setting next_dagrun for example_short_circuit_operator to 2022-07-31T13:27:46.654288+00:00
[2022-08-01 13:27:46,673] {processor.py:171} INFO - Processing /home/airflow/.local/lib/python3.7/site-packages/airflow/example_dags/example_short_circuit_operator.py took 0.114 seconds
[2022-08-01 13:28:16,712] {processor.py:163} INFO - Started process (PID=838) to work on /home/airflow/.local/lib/python3.7/site-packages/airflow/example_dags/example_short_circuit_operator.py
[2022-08-01 13:28:16,721] {processor.py:625} INFO - Processing file /home/airflow/.local/lib/python3.7/site-packages/airflow/example_dags/example_short_circuit_operator.py for tasks to queue
[2022-08-01 13:28:16,721] {logging_mixin.py:109} INFO - [2022-08-01 13:28:16,721] {dagbag.py:500} INFO - Filling up the DagBag from /home/airflow/.local/lib/python3.7/site-packages/airflow/example_dags/example_short_circuit_operator.py
[2022-08-01 13:28:16,741] {processor.py:637} INFO - DAG(s) dict_keys(['example_short_circuit_operator']) retrieved from /home/airflow/.local/lib/python3.7/site-packages/airflow/example_dags/example_short_circuit_operator.py
[2022-08-01 13:28:16,749] {logging_mixin.py:109} INFO - [2022-08-01 13:28:16,749] {dag.py:2396} INFO - Sync 1 DAGs
[2022-08-01 13:28:16,760] {logging_mixin.py:109} INFO - [2022-08-01 13:28:16,760] {dag.py:2928} INFO - Setting next_dagrun for example_short_circuit_operator to 2022-07-31T13:28:16.760383+00:00
[2022-08-01 13:28:16,769] {processor.py:171} INFO - Processing /home/airflow/.local/lib/python3.7/site-packages/airflow/example_dags/example_short_circuit_operator.py took 0.060 seconds
[2022-08-01 13:28:47,045] {processor.py:163} INFO - Started process (PID=890) to work on /home/airflow/.local/lib/python3.7/site-packages/airflow/example_dags/example_short_circuit_operator.py
[2022-08-01 13:28:47,054] {processor.py:625} INFO - Processing file /home/airflow/.local/lib/python3.7/site-packages/airflow/example_dags/example_short_circuit_operator.py for tasks to queue
[2022-08-01 13:28:47,054] {logging_mixin.py:109} INFO - [2022-08-01 13:28:47,054] {dagbag.py:500} INFO - Filling up the DagBag from /home/airflow/.local/lib/python3.7/site-packages/airflow/example_dags/example_short_circuit_operator.py
[2022-08-01 13:28:47,076] {processor.py:637} INFO - DAG(s) dict_keys(['example_short_circuit_operator']) retrieved from /home/airflow/.local/lib/python3.7/site-packages/airflow/example_dags/example_short_circuit_operator.py
[2022-08-01 13:28:47,083] {logging_mixin.py:109} INFO - [2022-08-01 13:28:47,083] {dag.py:2396} INFO - Sync 1 DAGs
[2022-08-01 13:28:47,093] {logging_mixin.py:109} INFO - [2022-08-01 13:28:47,093] {dag.py:2928} INFO - Setting next_dagrun for example_short_circuit_operator to 2022-07-31T13:28:47.092882+00:00
[2022-08-01 13:28:47,101] {processor.py:171} INFO - Processing /home/airflow/.local/lib/python3.7/site-packages/airflow/example_dags/example_short_circuit_operator.py took 0.059 seconds
[2022-08-01 13:29:17,414] {processor.py:163} INFO - Started process (PID=951) to work on /home/airflow/.local/lib/python3.7/site-packages/airflow/example_dags/example_short_circuit_operator.py
[2022-08-01 13:29:17,415] {processor.py:625} INFO - Processing file /home/airflow/.local/lib/python3.7/site-packages/airflow/example_dags/example_short_circuit_operator.py for tasks to queue
[2022-08-01 13:29:17,416] {logging_mixin.py:109} INFO - [2022-08-01 13:29:17,416] {dagbag.py:500} INFO - Filling up the DagBag from /home/airflow/.local/lib/python3.7/site-packages/airflow/example_dags/example_short_circuit_operator.py
[2022-08-01 13:29:17,440] {processor.py:637} INFO - DAG(s) dict_keys(['example_short_circuit_operator']) retrieved from /home/airflow/.local/lib/python3.7/site-packages/airflow/example_dags/example_short_circuit_operator.py
[2022-08-01 13:29:17,449] {logging_mixin.py:109} INFO - [2022-08-01 13:29:17,449] {dag.py:2396} INFO - Sync 1 DAGs
[2022-08-01 13:29:17,469] {logging_mixin.py:109} INFO - [2022-08-01 13:29:17,469] {dag.py:2928} INFO - Setting next_dagrun for example_short_circuit_operator to 2022-07-31T13:29:17.468614+00:00
[2022-08-01 13:29:17,488] {processor.py:171} INFO - Processing /home/airflow/.local/lib/python3.7/site-packages/airflow/example_dags/example_short_circuit_operator.py took 0.077 seconds
[2022-08-01 13:29:48,184] {processor.py:163} INFO - Started process (PID=1003) to work on /home/airflow/.local/lib/python3.7/site-packages/airflow/example_dags/example_short_circuit_operator.py
[2022-08-01 13:29:48,190] {processor.py:625} INFO - Processing file /home/airflow/.local/lib/python3.7/site-packages/airflow/example_dags/example_short_circuit_operator.py for tasks to queue
[2022-08-01 13:29:48,190] {logging_mixin.py:109} INFO - [2022-08-01 13:29:48,190] {dagbag.py:500} INFO - Filling up the DagBag from /home/airflow/.local/lib/python3.7/site-packages/airflow/example_dags/example_short_circuit_operator.py
[2022-08-01 13:29:48,221] {processor.py:637} INFO - DAG(s) dict_keys(['example_short_circuit_operator']) retrieved from /home/airflow/.local/lib/python3.7/site-packages/airflow/example_dags/example_short_circuit_operator.py
[2022-08-01 13:29:48,230] {logging_mixin.py:109} INFO - [2022-08-01 13:29:48,230] {dag.py:2396} INFO - Sync 1 DAGs
[2022-08-01 13:29:48,243] {logging_mixin.py:109} INFO - [2022-08-01 13:29:48,243] {dag.py:2928} INFO - Setting next_dagrun for example_short_circuit_operator to 2022-07-31T13:29:48.243197+00:00
[2022-08-01 13:29:48,256] {processor.py:171} INFO - Processing /home/airflow/.local/lib/python3.7/site-packages/airflow/example_dags/example_short_circuit_operator.py took 0.076 seconds
[2022-08-01 13:30:18,359] {processor.py:163} INFO - Started process (PID=1065) to work on /home/airflow/.local/lib/python3.7/site-packages/airflow/example_dags/example_short_circuit_operator.py
[2022-08-01 13:30:18,361] {processor.py:625} INFO - Processing file /home/airflow/.local/lib/python3.7/site-packages/airflow/example_dags/example_short_circuit_operator.py for tasks to queue
[2022-08-01 13:30:18,361] {logging_mixin.py:109} INFO - [2022-08-01 13:30:18,361] {dagbag.py:500} INFO - Filling up the DagBag from /home/airflow/.local/lib/python3.7/site-packages/airflow/example_dags/example_short_circuit_operator.py
[2022-08-01 13:30:18,401] {processor.py:637} INFO - DAG(s) dict_keys(['example_short_circuit_operator']) retrieved from /home/airflow/.local/lib/python3.7/site-packages/airflow/example_dags/example_short_circuit_operator.py
[2022-08-01 13:30:18,418] {logging_mixin.py:109} INFO - [2022-08-01 13:30:18,418] {dag.py:2396} INFO - Sync 1 DAGs
[2022-08-01 13:30:18,440] {logging_mixin.py:109} INFO - [2022-08-01 13:30:18,440] {dag.py:2928} INFO - Setting next_dagrun for example_short_circuit_operator to 2022-07-31T13:30:18.439785+00:00
[2022-08-01 13:30:18,457] {processor.py:171} INFO - Processing /home/airflow/.local/lib/python3.7/site-packages/airflow/example_dags/example_short_circuit_operator.py took 0.102 seconds
