[2022-08-01 12:25:37,490] {processor.py:163} INFO - Started process (PID=60) to work on /home/airflow/.local/lib/python3.7/site-packages/airflow/example_dags/example_bash_operator.py
[2022-08-01 12:25:37,492] {processor.py:625} INFO - Processing file /home/airflow/.local/lib/python3.7/site-packages/airflow/example_dags/example_bash_operator.py for tasks to queue
[2022-08-01 12:25:37,493] {logging_mixin.py:109} INFO - [2022-08-01 12:25:37,492] {dagbag.py:500} INFO - Filling up the DagBag from /home/airflow/.local/lib/python3.7/site-packages/airflow/example_dags/example_bash_operator.py
[2022-08-01 12:25:37,533] {processor.py:637} INFO - DAG(s) dict_keys(['example_bash_operator']) retrieved from /home/airflow/.local/lib/python3.7/site-packages/airflow/example_dags/example_bash_operator.py
[2022-08-01 12:25:37,551] {logging_mixin.py:109} INFO - [2022-08-01 12:25:37,551] {dag.py:2396} INFO - Sync 1 DAGs
[2022-08-01 12:25:37,573] {logging_mixin.py:109} INFO - [2022-08-01 12:25:37,572] {dag.py:2928} INFO - Setting next_dagrun for example_bash_operator to 2022-07-31 00:00:00+00:00
[2022-08-01 12:25:37,588] {processor.py:171} INFO - Processing /home/airflow/.local/lib/python3.7/site-packages/airflow/example_dags/example_bash_operator.py took 0.103 seconds
[2022-08-01 12:26:07,814] {processor.py:163} INFO - Started process (PID=113) to work on /home/airflow/.local/lib/python3.7/site-packages/airflow/example_dags/example_bash_operator.py
[2022-08-01 12:26:07,816] {processor.py:625} INFO - Processing file /home/airflow/.local/lib/python3.7/site-packages/airflow/example_dags/example_bash_operator.py for tasks to queue
[2022-08-01 12:26:07,817] {logging_mixin.py:109} INFO - [2022-08-01 12:26:07,817] {dagbag.py:500} INFO - Filling up the DagBag from /home/airflow/.local/lib/python3.7/site-packages/airflow/example_dags/example_bash_operator.py
[2022-08-01 12:26:07,851] {processor.py:637} INFO - DAG(s) dict_keys(['example_bash_operator']) retrieved from /home/airflow/.local/lib/python3.7/site-packages/airflow/example_dags/example_bash_operator.py
[2022-08-01 12:26:07,863] {logging_mixin.py:109} INFO - [2022-08-01 12:26:07,863] {dag.py:2396} INFO - Sync 1 DAGs
[2022-08-01 12:26:07,880] {logging_mixin.py:109} INFO - [2022-08-01 12:26:07,880] {dag.py:2928} INFO - Setting next_dagrun for example_bash_operator to 2022-07-31 00:00:00+00:00
[2022-08-01 12:26:07,891] {processor.py:171} INFO - Processing /home/airflow/.local/lib/python3.7/site-packages/airflow/example_dags/example_bash_operator.py took 0.080 seconds
[2022-08-01 12:26:38,189] {processor.py:163} INFO - Started process (PID=164) to work on /home/airflow/.local/lib/python3.7/site-packages/airflow/example_dags/example_bash_operator.py
[2022-08-01 12:26:38,191] {processor.py:625} INFO - Processing file /home/airflow/.local/lib/python3.7/site-packages/airflow/example_dags/example_bash_operator.py for tasks to queue
[2022-08-01 12:26:38,192] {logging_mixin.py:109} INFO - [2022-08-01 12:26:38,192] {dagbag.py:500} INFO - Filling up the DagBag from /home/airflow/.local/lib/python3.7/site-packages/airflow/example_dags/example_bash_operator.py
[2022-08-01 12:26:38,231] {processor.py:637} INFO - DAG(s) dict_keys(['example_bash_operator']) retrieved from /home/airflow/.local/lib/python3.7/site-packages/airflow/example_dags/example_bash_operator.py
[2022-08-01 12:26:38,248] {logging_mixin.py:109} INFO - [2022-08-01 12:26:38,248] {dag.py:2396} INFO - Sync 1 DAGs
[2022-08-01 12:26:38,268] {logging_mixin.py:109} INFO - [2022-08-01 12:26:38,267] {dag.py:2928} INFO - Setting next_dagrun for example_bash_operator to 2022-07-31 00:00:00+00:00
[2022-08-01 12:26:38,278] {processor.py:171} INFO - Processing /home/airflow/.local/lib/python3.7/site-packages/airflow/example_dags/example_bash_operator.py took 0.093 seconds
[2022-08-01 12:27:09,181] {processor.py:163} INFO - Started process (PID=225) to work on /home/airflow/.local/lib/python3.7/site-packages/airflow/example_dags/example_bash_operator.py
[2022-08-01 12:27:09,184] {processor.py:625} INFO - Processing file /home/airflow/.local/lib/python3.7/site-packages/airflow/example_dags/example_bash_operator.py for tasks to queue
[2022-08-01 12:27:09,185] {logging_mixin.py:109} INFO - [2022-08-01 12:27:09,185] {dagbag.py:500} INFO - Filling up the DagBag from /home/airflow/.local/lib/python3.7/site-packages/airflow/example_dags/example_bash_operator.py
[2022-08-01 12:27:09,233] {processor.py:637} INFO - DAG(s) dict_keys(['example_bash_operator']) retrieved from /home/airflow/.local/lib/python3.7/site-packages/airflow/example_dags/example_bash_operator.py
[2022-08-01 12:27:09,248] {logging_mixin.py:109} INFO - [2022-08-01 12:27:09,248] {dag.py:2396} INFO - Sync 1 DAGs
[2022-08-01 12:27:09,279] {logging_mixin.py:109} INFO - [2022-08-01 12:27:09,279] {dag.py:2928} INFO - Setting next_dagrun for example_bash_operator to 2022-07-31 00:00:00+00:00
[2022-08-01 12:27:09,301] {processor.py:171} INFO - Processing /home/airflow/.local/lib/python3.7/site-packages/airflow/example_dags/example_bash_operator.py took 0.126 seconds
[2022-08-01 12:27:39,541] {processor.py:163} INFO - Started process (PID=277) to work on /home/airflow/.local/lib/python3.7/site-packages/airflow/example_dags/example_bash_operator.py
[2022-08-01 12:27:39,542] {processor.py:625} INFO - Processing file /home/airflow/.local/lib/python3.7/site-packages/airflow/example_dags/example_bash_operator.py for tasks to queue
[2022-08-01 12:27:39,543] {logging_mixin.py:109} INFO - [2022-08-01 12:27:39,543] {dagbag.py:500} INFO - Filling up the DagBag from /home/airflow/.local/lib/python3.7/site-packages/airflow/example_dags/example_bash_operator.py
[2022-08-01 12:27:39,561] {processor.py:637} INFO - DAG(s) dict_keys(['example_bash_operator']) retrieved from /home/airflow/.local/lib/python3.7/site-packages/airflow/example_dags/example_bash_operator.py
[2022-08-01 12:27:39,568] {logging_mixin.py:109} INFO - [2022-08-01 12:27:39,567] {dag.py:2396} INFO - Sync 1 DAGs
[2022-08-01 12:27:39,577] {logging_mixin.py:109} INFO - [2022-08-01 12:27:39,577] {dag.py:2928} INFO - Setting next_dagrun for example_bash_operator to 2022-07-31 00:00:00+00:00
[2022-08-01 12:27:39,583] {processor.py:171} INFO - Processing /home/airflow/.local/lib/python3.7/site-packages/airflow/example_dags/example_bash_operator.py took 0.044 seconds
[2022-08-01 12:28:10,807] {processor.py:163} INFO - Started process (PID=338) to work on /home/airflow/.local/lib/python3.7/site-packages/airflow/example_dags/example_bash_operator.py
[2022-08-01 12:28:10,808] {processor.py:625} INFO - Processing file /home/airflow/.local/lib/python3.7/site-packages/airflow/example_dags/example_bash_operator.py for tasks to queue
[2022-08-01 12:28:10,809] {logging_mixin.py:109} INFO - [2022-08-01 12:28:10,809] {dagbag.py:500} INFO - Filling up the DagBag from /home/airflow/.local/lib/python3.7/site-packages/airflow/example_dags/example_bash_operator.py
[2022-08-01 12:28:10,839] {processor.py:637} INFO - DAG(s) dict_keys(['example_bash_operator']) retrieved from /home/airflow/.local/lib/python3.7/site-packages/airflow/example_dags/example_bash_operator.py
[2022-08-01 12:28:10,849] {logging_mixin.py:109} INFO - [2022-08-01 12:28:10,849] {dag.py:2396} INFO - Sync 1 DAGs
[2022-08-01 12:28:10,867] {logging_mixin.py:109} INFO - [2022-08-01 12:28:10,867] {dag.py:2928} INFO - Setting next_dagrun for example_bash_operator to 2022-07-31 00:00:00+00:00
[2022-08-01 12:28:10,877] {processor.py:171} INFO - Processing /home/airflow/.local/lib/python3.7/site-packages/airflow/example_dags/example_bash_operator.py took 0.073 seconds
[2022-08-01 12:28:41,294] {processor.py:163} INFO - Started process (PID=390) to work on /home/airflow/.local/lib/python3.7/site-packages/airflow/example_dags/example_bash_operator.py
[2022-08-01 12:28:41,295] {processor.py:625} INFO - Processing file /home/airflow/.local/lib/python3.7/site-packages/airflow/example_dags/example_bash_operator.py for tasks to queue
[2022-08-01 12:28:41,296] {logging_mixin.py:109} INFO - [2022-08-01 12:28:41,296] {dagbag.py:500} INFO - Filling up the DagBag from /home/airflow/.local/lib/python3.7/site-packages/airflow/example_dags/example_bash_operator.py
[2022-08-01 12:28:41,320] {processor.py:637} INFO - DAG(s) dict_keys(['example_bash_operator']) retrieved from /home/airflow/.local/lib/python3.7/site-packages/airflow/example_dags/example_bash_operator.py
[2022-08-01 12:28:41,329] {logging_mixin.py:109} INFO - [2022-08-01 12:28:41,329] {dag.py:2396} INFO - Sync 1 DAGs
[2022-08-01 12:28:41,344] {logging_mixin.py:109} INFO - [2022-08-01 12:28:41,344] {dag.py:2928} INFO - Setting next_dagrun for example_bash_operator to 2022-07-31 00:00:00+00:00
[2022-08-01 12:28:41,351] {processor.py:171} INFO - Processing /home/airflow/.local/lib/python3.7/site-packages/airflow/example_dags/example_bash_operator.py took 0.060 seconds
[2022-08-01 12:29:12,598] {processor.py:163} INFO - Started process (PID=452) to work on /home/airflow/.local/lib/python3.7/site-packages/airflow/example_dags/example_bash_operator.py
[2022-08-01 12:29:12,600] {processor.py:625} INFO - Processing file /home/airflow/.local/lib/python3.7/site-packages/airflow/example_dags/example_bash_operator.py for tasks to queue
[2022-08-01 12:29:12,601] {logging_mixin.py:109} INFO - [2022-08-01 12:29:12,601] {dagbag.py:500} INFO - Filling up the DagBag from /home/airflow/.local/lib/python3.7/site-packages/airflow/example_dags/example_bash_operator.py
[2022-08-01 12:29:12,645] {processor.py:637} INFO - DAG(s) dict_keys(['example_bash_operator']) retrieved from /home/airflow/.local/lib/python3.7/site-packages/airflow/example_dags/example_bash_operator.py
[2022-08-01 12:29:12,662] {logging_mixin.py:109} INFO - [2022-08-01 12:29:12,662] {dag.py:2396} INFO - Sync 1 DAGs
[2022-08-01 12:29:12,687] {logging_mixin.py:109} INFO - [2022-08-01 12:29:12,686] {dag.py:2928} INFO - Setting next_dagrun for example_bash_operator to 2022-07-31 00:00:00+00:00
[2022-08-01 12:29:12,703] {processor.py:171} INFO - Processing /home/airflow/.local/lib/python3.7/site-packages/airflow/example_dags/example_bash_operator.py took 0.109 seconds
[2022-08-01 12:29:43,202] {processor.py:163} INFO - Started process (PID=503) to work on /home/airflow/.local/lib/python3.7/site-packages/airflow/example_dags/example_bash_operator.py
[2022-08-01 12:29:43,204] {processor.py:625} INFO - Processing file /home/airflow/.local/lib/python3.7/site-packages/airflow/example_dags/example_bash_operator.py for tasks to queue
[2022-08-01 12:29:43,204] {logging_mixin.py:109} INFO - [2022-08-01 12:29:43,204] {dagbag.py:500} INFO - Filling up the DagBag from /home/airflow/.local/lib/python3.7/site-packages/airflow/example_dags/example_bash_operator.py
[2022-08-01 12:29:43,238] {processor.py:637} INFO - DAG(s) dict_keys(['example_bash_operator']) retrieved from /home/airflow/.local/lib/python3.7/site-packages/airflow/example_dags/example_bash_operator.py
[2022-08-01 12:29:43,251] {logging_mixin.py:109} INFO - [2022-08-01 12:29:43,250] {dag.py:2396} INFO - Sync 1 DAGs
[2022-08-01 12:29:43,269] {logging_mixin.py:109} INFO - [2022-08-01 12:29:43,268] {dag.py:2928} INFO - Setting next_dagrun for example_bash_operator to 2022-07-31 00:00:00+00:00
[2022-08-01 12:29:43,279] {processor.py:171} INFO - Processing /home/airflow/.local/lib/python3.7/site-packages/airflow/example_dags/example_bash_operator.py took 0.081 seconds
[2022-08-01 12:30:13,798] {processor.py:163} INFO - Started process (PID=565) to work on /home/airflow/.local/lib/python3.7/site-packages/airflow/example_dags/example_bash_operator.py
[2022-08-01 12:30:13,799] {processor.py:625} INFO - Processing file /home/airflow/.local/lib/python3.7/site-packages/airflow/example_dags/example_bash_operator.py for tasks to queue
[2022-08-01 12:30:13,800] {logging_mixin.py:109} INFO - [2022-08-01 12:30:13,800] {dagbag.py:500} INFO - Filling up the DagBag from /home/airflow/.local/lib/python3.7/site-packages/airflow/example_dags/example_bash_operator.py
[2022-08-01 12:30:13,837] {processor.py:637} INFO - DAG(s) dict_keys(['example_bash_operator']) retrieved from /home/airflow/.local/lib/python3.7/site-packages/airflow/example_dags/example_bash_operator.py
[2022-08-01 12:30:13,850] {logging_mixin.py:109} INFO - [2022-08-01 12:30:13,849] {dag.py:2396} INFO - Sync 1 DAGs
[2022-08-01 12:30:13,869] {logging_mixin.py:109} INFO - [2022-08-01 12:30:13,868] {dag.py:2928} INFO - Setting next_dagrun for example_bash_operator to 2022-07-31 00:00:00+00:00
[2022-08-01 12:30:13,880] {processor.py:171} INFO - Processing /home/airflow/.local/lib/python3.7/site-packages/airflow/example_dags/example_bash_operator.py took 0.086 seconds
[2022-08-01 12:30:47,219] {processor.py:163} INFO - Started process (PID=617) to work on /home/airflow/.local/lib/python3.7/site-packages/airflow/example_dags/example_bash_operator.py
[2022-08-01 12:30:47,221] {processor.py:625} INFO - Processing file /home/airflow/.local/lib/python3.7/site-packages/airflow/example_dags/example_bash_operator.py for tasks to queue
[2022-08-01 12:30:47,222] {logging_mixin.py:109} INFO - [2022-08-01 12:30:47,221] {dagbag.py:500} INFO - Filling up the DagBag from /home/airflow/.local/lib/python3.7/site-packages/airflow/example_dags/example_bash_operator.py
[2022-08-01 12:30:47,285] {processor.py:637} INFO - DAG(s) dict_keys(['example_bash_operator']) retrieved from /home/airflow/.local/lib/python3.7/site-packages/airflow/example_dags/example_bash_operator.py
[2022-08-01 12:30:47,311] {logging_mixin.py:109} INFO - [2022-08-01 12:30:47,311] {dag.py:2396} INFO - Sync 1 DAGs
[2022-08-01 12:30:47,358] {logging_mixin.py:109} INFO - [2022-08-01 12:30:47,358] {dag.py:2928} INFO - Setting next_dagrun for example_bash_operator to 2022-07-31 00:00:00+00:00
[2022-08-01 12:30:47,372] {processor.py:171} INFO - Processing /home/airflow/.local/lib/python3.7/site-packages/airflow/example_dags/example_bash_operator.py took 0.160 seconds
[2022-08-01 12:31:17,712] {processor.py:163} INFO - Started process (PID=678) to work on /home/airflow/.local/lib/python3.7/site-packages/airflow/example_dags/example_bash_operator.py
[2022-08-01 12:31:17,714] {processor.py:625} INFO - Processing file /home/airflow/.local/lib/python3.7/site-packages/airflow/example_dags/example_bash_operator.py for tasks to queue
[2022-08-01 12:31:17,715] {logging_mixin.py:109} INFO - [2022-08-01 12:31:17,714] {dagbag.py:500} INFO - Filling up the DagBag from /home/airflow/.local/lib/python3.7/site-packages/airflow/example_dags/example_bash_operator.py
[2022-08-01 12:31:17,746] {processor.py:637} INFO - DAG(s) dict_keys(['example_bash_operator']) retrieved from /home/airflow/.local/lib/python3.7/site-packages/airflow/example_dags/example_bash_operator.py
[2022-08-01 12:31:17,760] {logging_mixin.py:109} INFO - [2022-08-01 12:31:17,760] {dag.py:2396} INFO - Sync 1 DAGs
[2022-08-01 12:31:17,779] {logging_mixin.py:109} INFO - [2022-08-01 12:31:17,778] {dag.py:2928} INFO - Setting next_dagrun for example_bash_operator to 2022-07-31 00:00:00+00:00
[2022-08-01 12:31:17,789] {processor.py:171} INFO - Processing /home/airflow/.local/lib/python3.7/site-packages/airflow/example_dags/example_bash_operator.py took 0.082 seconds
[2022-08-01 12:31:48,926] {processor.py:163} INFO - Started process (PID=730) to work on /home/airflow/.local/lib/python3.7/site-packages/airflow/example_dags/example_bash_operator.py
[2022-08-01 12:31:48,928] {processor.py:625} INFO - Processing file /home/airflow/.local/lib/python3.7/site-packages/airflow/example_dags/example_bash_operator.py for tasks to queue
[2022-08-01 12:31:48,929] {logging_mixin.py:109} INFO - [2022-08-01 12:31:48,929] {dagbag.py:500} INFO - Filling up the DagBag from /home/airflow/.local/lib/python3.7/site-packages/airflow/example_dags/example_bash_operator.py
[2022-08-01 12:31:48,968] {processor.py:637} INFO - DAG(s) dict_keys(['example_bash_operator']) retrieved from /home/airflow/.local/lib/python3.7/site-packages/airflow/example_dags/example_bash_operator.py
[2022-08-01 12:31:48,981] {logging_mixin.py:109} INFO - [2022-08-01 12:31:48,981] {dag.py:2396} INFO - Sync 1 DAGs
[2022-08-01 12:31:49,001] {logging_mixin.py:109} INFO - [2022-08-01 12:31:49,001] {dag.py:2928} INFO - Setting next_dagrun for example_bash_operator to 2022-07-31 00:00:00+00:00
[2022-08-01 12:31:49,018] {processor.py:171} INFO - Processing /home/airflow/.local/lib/python3.7/site-packages/airflow/example_dags/example_bash_operator.py took 0.098 seconds
[2022-08-01 12:32:19,166] {processor.py:163} INFO - Started process (PID=782) to work on /home/airflow/.local/lib/python3.7/site-packages/airflow/example_dags/example_bash_operator.py
[2022-08-01 12:32:19,168] {processor.py:625} INFO - Processing file /home/airflow/.local/lib/python3.7/site-packages/airflow/example_dags/example_bash_operator.py for tasks to queue
[2022-08-01 12:32:19,168] {logging_mixin.py:109} INFO - [2022-08-01 12:32:19,168] {dagbag.py:500} INFO - Filling up the DagBag from /home/airflow/.local/lib/python3.7/site-packages/airflow/example_dags/example_bash_operator.py
[2022-08-01 12:32:19,200] {processor.py:637} INFO - DAG(s) dict_keys(['example_bash_operator']) retrieved from /home/airflow/.local/lib/python3.7/site-packages/airflow/example_dags/example_bash_operator.py
[2022-08-01 12:32:19,210] {logging_mixin.py:109} INFO - [2022-08-01 12:32:19,210] {dag.py:2396} INFO - Sync 1 DAGs
[2022-08-01 12:32:19,225] {logging_mixin.py:109} INFO - [2022-08-01 12:32:19,225] {dag.py:2928} INFO - Setting next_dagrun for example_bash_operator to 2022-07-31 00:00:00+00:00
[2022-08-01 12:32:19,236] {processor.py:171} INFO - Processing /home/airflow/.local/lib/python3.7/site-packages/airflow/example_dags/example_bash_operator.py took 0.073 seconds
[2022-08-01 12:32:50,030] {processor.py:163} INFO - Started process (PID=844) to work on /home/airflow/.local/lib/python3.7/site-packages/airflow/example_dags/example_bash_operator.py
[2022-08-01 12:32:50,032] {processor.py:625} INFO - Processing file /home/airflow/.local/lib/python3.7/site-packages/airflow/example_dags/example_bash_operator.py for tasks to queue
[2022-08-01 12:32:50,033] {logging_mixin.py:109} INFO - [2022-08-01 12:32:50,032] {dagbag.py:500} INFO - Filling up the DagBag from /home/airflow/.local/lib/python3.7/site-packages/airflow/example_dags/example_bash_operator.py
[2022-08-01 12:32:50,077] {processor.py:637} INFO - DAG(s) dict_keys(['example_bash_operator']) retrieved from /home/airflow/.local/lib/python3.7/site-packages/airflow/example_dags/example_bash_operator.py
[2022-08-01 12:32:50,091] {logging_mixin.py:109} INFO - [2022-08-01 12:32:50,091] {dag.py:2396} INFO - Sync 1 DAGs
[2022-08-01 12:32:50,114] {logging_mixin.py:109} INFO - [2022-08-01 12:32:50,114] {dag.py:2928} INFO - Setting next_dagrun for example_bash_operator to 2022-07-31 00:00:00+00:00
[2022-08-01 12:32:50,128] {processor.py:171} INFO - Processing /home/airflow/.local/lib/python3.7/site-packages/airflow/example_dags/example_bash_operator.py took 0.104 seconds
[2022-08-01 12:33:20,304] {processor.py:163} INFO - Started process (PID=895) to work on /home/airflow/.local/lib/python3.7/site-packages/airflow/example_dags/example_bash_operator.py
[2022-08-01 12:33:20,305] {processor.py:625} INFO - Processing file /home/airflow/.local/lib/python3.7/site-packages/airflow/example_dags/example_bash_operator.py for tasks to queue
[2022-08-01 12:33:20,306] {logging_mixin.py:109} INFO - [2022-08-01 12:33:20,305] {dagbag.py:500} INFO - Filling up the DagBag from /home/airflow/.local/lib/python3.7/site-packages/airflow/example_dags/example_bash_operator.py
[2022-08-01 12:33:20,332] {processor.py:637} INFO - DAG(s) dict_keys(['example_bash_operator']) retrieved from /home/airflow/.local/lib/python3.7/site-packages/airflow/example_dags/example_bash_operator.py
[2022-08-01 12:33:20,340] {logging_mixin.py:109} INFO - [2022-08-01 12:33:20,340] {dag.py:2396} INFO - Sync 1 DAGs
[2022-08-01 12:33:20,352] {logging_mixin.py:109} INFO - [2022-08-01 12:33:20,352] {dag.py:2928} INFO - Setting next_dagrun for example_bash_operator to 2022-07-31 00:00:00+00:00
[2022-08-01 12:33:20,360] {processor.py:171} INFO - Processing /home/airflow/.local/lib/python3.7/site-packages/airflow/example_dags/example_bash_operator.py took 0.059 seconds
[2022-08-01 12:33:51,899] {processor.py:163} INFO - Started process (PID=956) to work on /home/airflow/.local/lib/python3.7/site-packages/airflow/example_dags/example_bash_operator.py
[2022-08-01 12:33:51,901] {processor.py:625} INFO - Processing file /home/airflow/.local/lib/python3.7/site-packages/airflow/example_dags/example_bash_operator.py for tasks to queue
[2022-08-01 12:33:51,901] {logging_mixin.py:109} INFO - [2022-08-01 12:33:51,901] {dagbag.py:500} INFO - Filling up the DagBag from /home/airflow/.local/lib/python3.7/site-packages/airflow/example_dags/example_bash_operator.py
[2022-08-01 12:33:51,949] {processor.py:637} INFO - DAG(s) dict_keys(['example_bash_operator']) retrieved from /home/airflow/.local/lib/python3.7/site-packages/airflow/example_dags/example_bash_operator.py
[2022-08-01 12:33:51,966] {logging_mixin.py:109} INFO - [2022-08-01 12:33:51,966] {dag.py:2396} INFO - Sync 1 DAGs
[2022-08-01 12:33:51,988] {logging_mixin.py:109} INFO - [2022-08-01 12:33:51,988] {dag.py:2928} INFO - Setting next_dagrun for example_bash_operator to 2022-07-31 00:00:00+00:00
[2022-08-01 12:33:52,000] {processor.py:171} INFO - Processing /home/airflow/.local/lib/python3.7/site-packages/airflow/example_dags/example_bash_operator.py took 0.106 seconds
[2022-08-01 12:34:22,293] {processor.py:163} INFO - Started process (PID=1008) to work on /home/airflow/.local/lib/python3.7/site-packages/airflow/example_dags/example_bash_operator.py
[2022-08-01 12:34:22,295] {processor.py:625} INFO - Processing file /home/airflow/.local/lib/python3.7/site-packages/airflow/example_dags/example_bash_operator.py for tasks to queue
[2022-08-01 12:34:22,295] {logging_mixin.py:109} INFO - [2022-08-01 12:34:22,295] {dagbag.py:500} INFO - Filling up the DagBag from /home/airflow/.local/lib/python3.7/site-packages/airflow/example_dags/example_bash_operator.py
[2022-08-01 12:34:22,328] {processor.py:637} INFO - DAG(s) dict_keys(['example_bash_operator']) retrieved from /home/airflow/.local/lib/python3.7/site-packages/airflow/example_dags/example_bash_operator.py
[2022-08-01 12:34:22,340] {logging_mixin.py:109} INFO - [2022-08-01 12:34:22,340] {dag.py:2396} INFO - Sync 1 DAGs
[2022-08-01 12:34:22,358] {logging_mixin.py:109} INFO - [2022-08-01 12:34:22,358] {dag.py:2928} INFO - Setting next_dagrun for example_bash_operator to 2022-07-31 00:00:00+00:00
[2022-08-01 12:34:22,370] {processor.py:171} INFO - Processing /home/airflow/.local/lib/python3.7/site-packages/airflow/example_dags/example_bash_operator.py took 0.080 seconds
[2022-08-01 12:34:54,075] {processor.py:163} INFO - Started process (PID=1069) to work on /home/airflow/.local/lib/python3.7/site-packages/airflow/example_dags/example_bash_operator.py
[2022-08-01 12:34:54,077] {processor.py:625} INFO - Processing file /home/airflow/.local/lib/python3.7/site-packages/airflow/example_dags/example_bash_operator.py for tasks to queue
[2022-08-01 12:34:54,078] {logging_mixin.py:109} INFO - [2022-08-01 12:34:54,078] {dagbag.py:500} INFO - Filling up the DagBag from /home/airflow/.local/lib/python3.7/site-packages/airflow/example_dags/example_bash_operator.py
[2022-08-01 12:34:54,133] {processor.py:637} INFO - DAG(s) dict_keys(['example_bash_operator']) retrieved from /home/airflow/.local/lib/python3.7/site-packages/airflow/example_dags/example_bash_operator.py
[2022-08-01 12:34:54,148] {logging_mixin.py:109} INFO - [2022-08-01 12:34:54,148] {dag.py:2396} INFO - Sync 1 DAGs
[2022-08-01 12:34:54,173] {logging_mixin.py:109} INFO - [2022-08-01 12:34:54,173] {dag.py:2928} INFO - Setting next_dagrun for example_bash_operator to 2022-07-31 00:00:00+00:00
[2022-08-01 12:34:54,188] {processor.py:171} INFO - Processing /home/airflow/.local/lib/python3.7/site-packages/airflow/example_dags/example_bash_operator.py took 0.119 seconds
[2022-08-01 12:35:24,845] {processor.py:163} INFO - Started process (PID=1120) to work on /home/airflow/.local/lib/python3.7/site-packages/airflow/example_dags/example_bash_operator.py
[2022-08-01 12:35:24,847] {processor.py:625} INFO - Processing file /home/airflow/.local/lib/python3.7/site-packages/airflow/example_dags/example_bash_operator.py for tasks to queue
[2022-08-01 12:35:24,848] {logging_mixin.py:109} INFO - [2022-08-01 12:35:24,848] {dagbag.py:500} INFO - Filling up the DagBag from /home/airflow/.local/lib/python3.7/site-packages/airflow/example_dags/example_bash_operator.py
[2022-08-01 12:35:24,886] {processor.py:637} INFO - DAG(s) dict_keys(['example_bash_operator']) retrieved from /home/airflow/.local/lib/python3.7/site-packages/airflow/example_dags/example_bash_operator.py
[2022-08-01 12:35:24,899] {logging_mixin.py:109} INFO - [2022-08-01 12:35:24,899] {dag.py:2396} INFO - Sync 1 DAGs
[2022-08-01 12:35:24,918] {logging_mixin.py:109} INFO - [2022-08-01 12:35:24,918] {dag.py:2928} INFO - Setting next_dagrun for example_bash_operator to 2022-07-31 00:00:00+00:00
[2022-08-01 12:35:24,933] {processor.py:171} INFO - Processing /home/airflow/.local/lib/python3.7/site-packages/airflow/example_dags/example_bash_operator.py took 0.092 seconds
[2022-08-01 12:35:55,914] {processor.py:163} INFO - Started process (PID=1180) to work on /home/airflow/.local/lib/python3.7/site-packages/airflow/example_dags/example_bash_operator.py
[2022-08-01 12:35:55,915] {processor.py:625} INFO - Processing file /home/airflow/.local/lib/python3.7/site-packages/airflow/example_dags/example_bash_operator.py for tasks to queue
[2022-08-01 12:35:55,916] {logging_mixin.py:109} INFO - [2022-08-01 12:35:55,916] {dagbag.py:500} INFO - Filling up the DagBag from /home/airflow/.local/lib/python3.7/site-packages/airflow/example_dags/example_bash_operator.py
[2022-08-01 12:35:55,945] {processor.py:637} INFO - DAG(s) dict_keys(['example_bash_operator']) retrieved from /home/airflow/.local/lib/python3.7/site-packages/airflow/example_dags/example_bash_operator.py
[2022-08-01 12:35:55,955] {logging_mixin.py:109} INFO - [2022-08-01 12:35:55,955] {dag.py:2396} INFO - Sync 1 DAGs
[2022-08-01 12:35:55,967] {logging_mixin.py:109} INFO - [2022-08-01 12:35:55,966] {dag.py:2928} INFO - Setting next_dagrun for example_bash_operator to 2022-07-31 00:00:00+00:00
[2022-08-01 12:35:55,975] {processor.py:171} INFO - Processing /home/airflow/.local/lib/python3.7/site-packages/airflow/example_dags/example_bash_operator.py took 0.063 seconds
[2022-08-01 12:40:12,883] {processor.py:163} INFO - Started process (PID=60) to work on /home/airflow/.local/lib/python3.7/site-packages/airflow/example_dags/example_bash_operator.py
[2022-08-01 12:40:12,886] {processor.py:625} INFO - Processing file /home/airflow/.local/lib/python3.7/site-packages/airflow/example_dags/example_bash_operator.py for tasks to queue
[2022-08-01 12:40:12,887] {logging_mixin.py:109} INFO - [2022-08-01 12:40:12,887] {dagbag.py:500} INFO - Filling up the DagBag from /home/airflow/.local/lib/python3.7/site-packages/airflow/example_dags/example_bash_operator.py
[2022-08-01 12:40:12,956] {processor.py:637} INFO - DAG(s) dict_keys(['example_bash_operator']) retrieved from /home/airflow/.local/lib/python3.7/site-packages/airflow/example_dags/example_bash_operator.py
[2022-08-01 12:40:12,977] {logging_mixin.py:109} INFO - [2022-08-01 12:40:12,977] {dag.py:2396} INFO - Sync 1 DAGs
[2022-08-01 12:40:13,031] {logging_mixin.py:109} INFO - [2022-08-01 12:40:13,031] {dag.py:2928} INFO - Setting next_dagrun for example_bash_operator to 2022-07-31 00:00:00+00:00
[2022-08-01 12:40:13,066] {processor.py:171} INFO - Processing /home/airflow/.local/lib/python3.7/site-packages/airflow/example_dags/example_bash_operator.py took 0.191 seconds
[2022-08-01 12:40:43,589] {processor.py:163} INFO - Started process (PID=111) to work on /home/airflow/.local/lib/python3.7/site-packages/airflow/example_dags/example_bash_operator.py
[2022-08-01 12:40:43,590] {processor.py:625} INFO - Processing file /home/airflow/.local/lib/python3.7/site-packages/airflow/example_dags/example_bash_operator.py for tasks to queue
[2022-08-01 12:40:43,590] {logging_mixin.py:109} INFO - [2022-08-01 12:40:43,590] {dagbag.py:500} INFO - Filling up the DagBag from /home/airflow/.local/lib/python3.7/site-packages/airflow/example_dags/example_bash_operator.py
[2022-08-01 12:40:43,613] {processor.py:637} INFO - DAG(s) dict_keys(['example_bash_operator']) retrieved from /home/airflow/.local/lib/python3.7/site-packages/airflow/example_dags/example_bash_operator.py
[2022-08-01 12:40:43,621] {logging_mixin.py:109} INFO - [2022-08-01 12:40:43,621] {dag.py:2396} INFO - Sync 1 DAGs
[2022-08-01 12:40:43,632] {logging_mixin.py:109} INFO - [2022-08-01 12:40:43,632] {dag.py:2928} INFO - Setting next_dagrun for example_bash_operator to 2022-07-31 00:00:00+00:00
[2022-08-01 12:40:43,641] {processor.py:171} INFO - Processing /home/airflow/.local/lib/python3.7/site-packages/airflow/example_dags/example_bash_operator.py took 0.054 seconds
[2022-08-01 13:20:41,368] {processor.py:163} INFO - Started process (PID=60) to work on /home/airflow/.local/lib/python3.7/site-packages/airflow/example_dags/example_bash_operator.py
[2022-08-01 13:20:41,375] {processor.py:625} INFO - Processing file /home/airflow/.local/lib/python3.7/site-packages/airflow/example_dags/example_bash_operator.py for tasks to queue
[2022-08-01 13:20:41,376] {logging_mixin.py:109} INFO - [2022-08-01 13:20:41,376] {dagbag.py:500} INFO - Filling up the DagBag from /home/airflow/.local/lib/python3.7/site-packages/airflow/example_dags/example_bash_operator.py
[2022-08-01 13:20:41,454] {processor.py:637} INFO - DAG(s) dict_keys(['example_bash_operator']) retrieved from /home/airflow/.local/lib/python3.7/site-packages/airflow/example_dags/example_bash_operator.py
[2022-08-01 13:20:41,479] {logging_mixin.py:109} INFO - [2022-08-01 13:20:41,479] {dag.py:2396} INFO - Sync 1 DAGs
[2022-08-01 13:20:41,523] {logging_mixin.py:109} INFO - [2022-08-01 13:20:41,523] {dag.py:2928} INFO - Setting next_dagrun for example_bash_operator to 2022-07-31 00:00:00+00:00
[2022-08-01 13:20:41,545] {processor.py:171} INFO - Processing /home/airflow/.local/lib/python3.7/site-packages/airflow/example_dags/example_bash_operator.py took 0.184 seconds
[2022-08-01 13:21:16,580] {processor.py:163} INFO - Started process (PID=112) to work on /home/airflow/.local/lib/python3.7/site-packages/airflow/example_dags/example_bash_operator.py
[2022-08-01 13:21:16,587] {processor.py:625} INFO - Processing file /home/airflow/.local/lib/python3.7/site-packages/airflow/example_dags/example_bash_operator.py for tasks to queue
[2022-08-01 13:21:16,590] {logging_mixin.py:109} INFO - [2022-08-01 13:21:16,590] {dagbag.py:500} INFO - Filling up the DagBag from /home/airflow/.local/lib/python3.7/site-packages/airflow/example_dags/example_bash_operator.py
[2022-08-01 13:21:16,693] {processor.py:637} INFO - DAG(s) dict_keys(['example_bash_operator']) retrieved from /home/airflow/.local/lib/python3.7/site-packages/airflow/example_dags/example_bash_operator.py
[2022-08-01 13:21:16,730] {logging_mixin.py:109} INFO - [2022-08-01 13:21:16,729] {dag.py:2396} INFO - Sync 1 DAGs
[2022-08-01 13:21:16,778] {logging_mixin.py:109} INFO - [2022-08-01 13:21:16,778] {dag.py:2928} INFO - Setting next_dagrun for example_bash_operator to 2022-07-31 00:00:00+00:00
[2022-08-01 13:21:16,827] {processor.py:171} INFO - Processing /home/airflow/.local/lib/python3.7/site-packages/airflow/example_dags/example_bash_operator.py took 0.261 seconds
[2022-08-01 13:21:47,371] {processor.py:163} INFO - Started process (PID=164) to work on /home/airflow/.local/lib/python3.7/site-packages/airflow/example_dags/example_bash_operator.py
[2022-08-01 13:21:47,373] {processor.py:625} INFO - Processing file /home/airflow/.local/lib/python3.7/site-packages/airflow/example_dags/example_bash_operator.py for tasks to queue
[2022-08-01 13:21:47,374] {logging_mixin.py:109} INFO - [2022-08-01 13:21:47,374] {dagbag.py:500} INFO - Filling up the DagBag from /home/airflow/.local/lib/python3.7/site-packages/airflow/example_dags/example_bash_operator.py
[2022-08-01 13:21:47,416] {processor.py:637} INFO - DAG(s) dict_keys(['example_bash_operator']) retrieved from /home/airflow/.local/lib/python3.7/site-packages/airflow/example_dags/example_bash_operator.py
[2022-08-01 13:21:47,431] {logging_mixin.py:109} INFO - [2022-08-01 13:21:47,430] {dag.py:2396} INFO - Sync 1 DAGs
[2022-08-01 13:21:47,458] {logging_mixin.py:109} INFO - [2022-08-01 13:21:47,458] {dag.py:2928} INFO - Setting next_dagrun for example_bash_operator to 2022-07-31 00:00:00+00:00
[2022-08-01 13:21:47,472] {processor.py:171} INFO - Processing /home/airflow/.local/lib/python3.7/site-packages/airflow/example_dags/example_bash_operator.py took 0.104 seconds
[2022-08-01 13:22:17,485] {processor.py:163} INFO - Started process (PID=215) to work on /home/airflow/.local/lib/python3.7/site-packages/airflow/example_dags/example_bash_operator.py
[2022-08-01 13:22:17,486] {processor.py:625} INFO - Processing file /home/airflow/.local/lib/python3.7/site-packages/airflow/example_dags/example_bash_operator.py for tasks to queue
[2022-08-01 13:22:17,486] {logging_mixin.py:109} INFO - [2022-08-01 13:22:17,486] {dagbag.py:500} INFO - Filling up the DagBag from /home/airflow/.local/lib/python3.7/site-packages/airflow/example_dags/example_bash_operator.py
[2022-08-01 13:22:17,507] {processor.py:637} INFO - DAG(s) dict_keys(['example_bash_operator']) retrieved from /home/airflow/.local/lib/python3.7/site-packages/airflow/example_dags/example_bash_operator.py
[2022-08-01 13:22:17,514] {logging_mixin.py:109} INFO - [2022-08-01 13:22:17,514] {dag.py:2396} INFO - Sync 1 DAGs
[2022-08-01 13:22:17,524] {logging_mixin.py:109} INFO - [2022-08-01 13:22:17,524] {dag.py:2928} INFO - Setting next_dagrun for example_bash_operator to 2022-07-31 00:00:00+00:00
[2022-08-01 13:22:17,532] {processor.py:171} INFO - Processing /home/airflow/.local/lib/python3.7/site-packages/airflow/example_dags/example_bash_operator.py took 0.050 seconds
[2022-08-01 13:22:47,744] {processor.py:163} INFO - Started process (PID=276) to work on /home/airflow/.local/lib/python3.7/site-packages/airflow/example_dags/example_bash_operator.py
[2022-08-01 13:22:47,746] {processor.py:625} INFO - Processing file /home/airflow/.local/lib/python3.7/site-packages/airflow/example_dags/example_bash_operator.py for tasks to queue
[2022-08-01 13:22:47,746] {logging_mixin.py:109} INFO - [2022-08-01 13:22:47,746] {dagbag.py:500} INFO - Filling up the DagBag from /home/airflow/.local/lib/python3.7/site-packages/airflow/example_dags/example_bash_operator.py
[2022-08-01 13:22:47,773] {processor.py:637} INFO - DAG(s) dict_keys(['example_bash_operator']) retrieved from /home/airflow/.local/lib/python3.7/site-packages/airflow/example_dags/example_bash_operator.py
[2022-08-01 13:22:47,782] {logging_mixin.py:109} INFO - [2022-08-01 13:22:47,782] {dag.py:2396} INFO - Sync 1 DAGs
[2022-08-01 13:22:47,797] {logging_mixin.py:109} INFO - [2022-08-01 13:22:47,797] {dag.py:2928} INFO - Setting next_dagrun for example_bash_operator to 2022-07-31 00:00:00+00:00
[2022-08-01 13:22:47,807] {processor.py:171} INFO - Processing /home/airflow/.local/lib/python3.7/site-packages/airflow/example_dags/example_bash_operator.py took 0.065 seconds
[2022-08-01 13:23:17,981] {processor.py:163} INFO - Started process (PID=328) to work on /home/airflow/.local/lib/python3.7/site-packages/airflow/example_dags/example_bash_operator.py
[2022-08-01 13:23:17,983] {processor.py:625} INFO - Processing file /home/airflow/.local/lib/python3.7/site-packages/airflow/example_dags/example_bash_operator.py for tasks to queue
[2022-08-01 13:23:17,984] {logging_mixin.py:109} INFO - [2022-08-01 13:23:17,984] {dagbag.py:500} INFO - Filling up the DagBag from /home/airflow/.local/lib/python3.7/site-packages/airflow/example_dags/example_bash_operator.py
[2022-08-01 13:23:18,017] {processor.py:637} INFO - DAG(s) dict_keys(['example_bash_operator']) retrieved from /home/airflow/.local/lib/python3.7/site-packages/airflow/example_dags/example_bash_operator.py
[2022-08-01 13:23:18,028] {logging_mixin.py:109} INFO - [2022-08-01 13:23:18,028] {dag.py:2396} INFO - Sync 1 DAGs
[2022-08-01 13:23:18,044] {logging_mixin.py:109} INFO - [2022-08-01 13:23:18,044] {dag.py:2928} INFO - Setting next_dagrun for example_bash_operator to 2022-07-31 00:00:00+00:00
[2022-08-01 13:23:18,055] {processor.py:171} INFO - Processing /home/airflow/.local/lib/python3.7/site-packages/airflow/example_dags/example_bash_operator.py took 0.078 seconds
[2022-08-01 13:23:48,918] {processor.py:163} INFO - Started process (PID=380) to work on /home/airflow/.local/lib/python3.7/site-packages/airflow/example_dags/example_bash_operator.py
[2022-08-01 13:23:48,919] {processor.py:625} INFO - Processing file /home/airflow/.local/lib/python3.7/site-packages/airflow/example_dags/example_bash_operator.py for tasks to queue
[2022-08-01 13:23:48,920] {logging_mixin.py:109} INFO - [2022-08-01 13:23:48,920] {dagbag.py:500} INFO - Filling up the DagBag from /home/airflow/.local/lib/python3.7/site-packages/airflow/example_dags/example_bash_operator.py
[2022-08-01 13:23:48,945] {processor.py:637} INFO - DAG(s) dict_keys(['example_bash_operator']) retrieved from /home/airflow/.local/lib/python3.7/site-packages/airflow/example_dags/example_bash_operator.py
[2022-08-01 13:23:48,953] {logging_mixin.py:109} INFO - [2022-08-01 13:23:48,953] {dag.py:2396} INFO - Sync 1 DAGs
[2022-08-01 13:23:48,966] {logging_mixin.py:109} INFO - [2022-08-01 13:23:48,966] {dag.py:2928} INFO - Setting next_dagrun for example_bash_operator to 2022-07-31 00:00:00+00:00
[2022-08-01 13:23:48,976] {processor.py:171} INFO - Processing /home/airflow/.local/lib/python3.7/site-packages/airflow/example_dags/example_bash_operator.py took 0.060 seconds
[2022-08-01 13:24:19,850] {processor.py:163} INFO - Started process (PID=432) to work on /home/airflow/.local/lib/python3.7/site-packages/airflow/example_dags/example_bash_operator.py
[2022-08-01 13:24:19,853] {processor.py:625} INFO - Processing file /home/airflow/.local/lib/python3.7/site-packages/airflow/example_dags/example_bash_operator.py for tasks to queue
[2022-08-01 13:24:19,855] {logging_mixin.py:109} INFO - [2022-08-01 13:24:19,855] {dagbag.py:500} INFO - Filling up the DagBag from /home/airflow/.local/lib/python3.7/site-packages/airflow/example_dags/example_bash_operator.py
[2022-08-01 13:24:19,938] {processor.py:637} INFO - DAG(s) dict_keys(['example_bash_operator']) retrieved from /home/airflow/.local/lib/python3.7/site-packages/airflow/example_dags/example_bash_operator.py
[2022-08-01 13:24:19,973] {logging_mixin.py:109} INFO - [2022-08-01 13:24:19,972] {dag.py:2396} INFO - Sync 1 DAGs
[2022-08-01 13:24:20,017] {logging_mixin.py:109} INFO - [2022-08-01 13:24:20,016] {dag.py:2928} INFO - Setting next_dagrun for example_bash_operator to 2022-07-31 00:00:00+00:00
[2022-08-01 13:24:20,044] {processor.py:171} INFO - Processing /home/airflow/.local/lib/python3.7/site-packages/airflow/example_dags/example_bash_operator.py took 0.206 seconds
[2022-08-01 13:24:54,283] {processor.py:163} INFO - Started process (PID=485) to work on /home/airflow/.local/lib/python3.7/site-packages/airflow/example_dags/example_bash_operator.py
[2022-08-01 13:24:54,287] {processor.py:625} INFO - Processing file /home/airflow/.local/lib/python3.7/site-packages/airflow/example_dags/example_bash_operator.py for tasks to queue
[2022-08-01 13:24:54,288] {logging_mixin.py:109} INFO - [2022-08-01 13:24:54,288] {dagbag.py:500} INFO - Filling up the DagBag from /home/airflow/.local/lib/python3.7/site-packages/airflow/example_dags/example_bash_operator.py
[2022-08-01 13:24:54,404] {processor.py:637} INFO - DAG(s) dict_keys(['example_bash_operator']) retrieved from /home/airflow/.local/lib/python3.7/site-packages/airflow/example_dags/example_bash_operator.py
[2022-08-01 13:24:54,432] {logging_mixin.py:109} INFO - [2022-08-01 13:24:54,432] {dag.py:2396} INFO - Sync 1 DAGs
[2022-08-01 13:24:54,476] {logging_mixin.py:109} INFO - [2022-08-01 13:24:54,476] {dag.py:2928} INFO - Setting next_dagrun for example_bash_operator to 2022-07-31 00:00:00+00:00
[2022-08-01 13:24:54,514] {processor.py:171} INFO - Processing /home/airflow/.local/lib/python3.7/site-packages/airflow/example_dags/example_bash_operator.py took 0.254 seconds
[2022-08-01 13:25:25,210] {processor.py:163} INFO - Started process (PID=537) to work on /home/airflow/.local/lib/python3.7/site-packages/airflow/example_dags/example_bash_operator.py
[2022-08-01 13:25:25,211] {processor.py:625} INFO - Processing file /home/airflow/.local/lib/python3.7/site-packages/airflow/example_dags/example_bash_operator.py for tasks to queue
[2022-08-01 13:25:25,211] {logging_mixin.py:109} INFO - [2022-08-01 13:25:25,211] {dagbag.py:500} INFO - Filling up the DagBag from /home/airflow/.local/lib/python3.7/site-packages/airflow/example_dags/example_bash_operator.py
[2022-08-01 13:25:25,238] {processor.py:637} INFO - DAG(s) dict_keys(['example_bash_operator']) retrieved from /home/airflow/.local/lib/python3.7/site-packages/airflow/example_dags/example_bash_operator.py
[2022-08-01 13:25:25,247] {logging_mixin.py:109} INFO - [2022-08-01 13:25:25,247] {dag.py:2396} INFO - Sync 1 DAGs
[2022-08-01 13:25:25,262] {logging_mixin.py:109} INFO - [2022-08-01 13:25:25,261] {dag.py:2928} INFO - Setting next_dagrun for example_bash_operator to 2022-07-31 00:00:00+00:00
[2022-08-01 13:25:25,276] {processor.py:171} INFO - Processing /home/airflow/.local/lib/python3.7/site-packages/airflow/example_dags/example_bash_operator.py took 0.068 seconds
[2022-08-01 13:25:55,792] {processor.py:163} INFO - Started process (PID=590) to work on /home/airflow/.local/lib/python3.7/site-packages/airflow/example_dags/example_bash_operator.py
[2022-08-01 13:25:55,793] {processor.py:625} INFO - Processing file /home/airflow/.local/lib/python3.7/site-packages/airflow/example_dags/example_bash_operator.py for tasks to queue
[2022-08-01 13:25:55,793] {logging_mixin.py:109} INFO - [2022-08-01 13:25:55,793] {dagbag.py:500} INFO - Filling up the DagBag from /home/airflow/.local/lib/python3.7/site-packages/airflow/example_dags/example_bash_operator.py
[2022-08-01 13:25:55,816] {processor.py:637} INFO - DAG(s) dict_keys(['example_bash_operator']) retrieved from /home/airflow/.local/lib/python3.7/site-packages/airflow/example_dags/example_bash_operator.py
[2022-08-01 13:25:55,826] {logging_mixin.py:109} INFO - [2022-08-01 13:25:55,826] {dag.py:2396} INFO - Sync 1 DAGs
[2022-08-01 13:25:55,837] {logging_mixin.py:109} INFO - [2022-08-01 13:25:55,837] {dag.py:2928} INFO - Setting next_dagrun for example_bash_operator to 2022-07-31 00:00:00+00:00
[2022-08-01 13:25:55,845] {processor.py:171} INFO - Processing /home/airflow/.local/lib/python3.7/site-packages/airflow/example_dags/example_bash_operator.py took 0.056 seconds
[2022-08-01 13:26:26,578] {processor.py:163} INFO - Started process (PID=651) to work on /home/airflow/.local/lib/python3.7/site-packages/airflow/example_dags/example_bash_operator.py
[2022-08-01 13:26:26,579] {processor.py:625} INFO - Processing file /home/airflow/.local/lib/python3.7/site-packages/airflow/example_dags/example_bash_operator.py for tasks to queue
[2022-08-01 13:26:26,580] {logging_mixin.py:109} INFO - [2022-08-01 13:26:26,580] {dagbag.py:500} INFO - Filling up the DagBag from /home/airflow/.local/lib/python3.7/site-packages/airflow/example_dags/example_bash_operator.py
[2022-08-01 13:26:26,608] {processor.py:637} INFO - DAG(s) dict_keys(['example_bash_operator']) retrieved from /home/airflow/.local/lib/python3.7/site-packages/airflow/example_dags/example_bash_operator.py
[2022-08-01 13:26:26,618] {logging_mixin.py:109} INFO - [2022-08-01 13:26:26,618] {dag.py:2396} INFO - Sync 1 DAGs
[2022-08-01 13:26:26,630] {logging_mixin.py:109} INFO - [2022-08-01 13:26:26,630] {dag.py:2928} INFO - Setting next_dagrun for example_bash_operator to 2022-07-31 00:00:00+00:00
[2022-08-01 13:26:26,640] {processor.py:171} INFO - Processing /home/airflow/.local/lib/python3.7/site-packages/airflow/example_dags/example_bash_operator.py took 0.064 seconds
[2022-08-01 13:26:57,139] {processor.py:163} INFO - Started process (PID=703) to work on /home/airflow/.local/lib/python3.7/site-packages/airflow/example_dags/example_bash_operator.py
[2022-08-01 13:26:57,143] {processor.py:625} INFO - Processing file /home/airflow/.local/lib/python3.7/site-packages/airflow/example_dags/example_bash_operator.py for tasks to queue
[2022-08-01 13:26:57,145] {logging_mixin.py:109} INFO - [2022-08-01 13:26:57,145] {dagbag.py:500} INFO - Filling up the DagBag from /home/airflow/.local/lib/python3.7/site-packages/airflow/example_dags/example_bash_operator.py
[2022-08-01 13:26:57,289] {processor.py:637} INFO - DAG(s) dict_keys(['example_bash_operator']) retrieved from /home/airflow/.local/lib/python3.7/site-packages/airflow/example_dags/example_bash_operator.py
[2022-08-01 13:26:57,329] {logging_mixin.py:109} INFO - [2022-08-01 13:26:57,329] {dag.py:2396} INFO - Sync 1 DAGs
[2022-08-01 13:26:57,377] {logging_mixin.py:109} INFO - [2022-08-01 13:26:57,377] {dag.py:2928} INFO - Setting next_dagrun for example_bash_operator to 2022-07-31 00:00:00+00:00
[2022-08-01 13:26:57,399] {processor.py:171} INFO - Processing /home/airflow/.local/lib/python3.7/site-packages/airflow/example_dags/example_bash_operator.py took 0.268 seconds
[2022-08-01 13:27:28,238] {processor.py:163} INFO - Started process (PID=755) to work on /home/airflow/.local/lib/python3.7/site-packages/airflow/example_dags/example_bash_operator.py
[2022-08-01 13:27:28,243] {processor.py:625} INFO - Processing file /home/airflow/.local/lib/python3.7/site-packages/airflow/example_dags/example_bash_operator.py for tasks to queue
[2022-08-01 13:27:28,243] {logging_mixin.py:109} INFO - [2022-08-01 13:27:28,243] {dagbag.py:500} INFO - Filling up the DagBag from /home/airflow/.local/lib/python3.7/site-packages/airflow/example_dags/example_bash_operator.py
[2022-08-01 13:27:28,285] {processor.py:637} INFO - DAG(s) dict_keys(['example_bash_operator']) retrieved from /home/airflow/.local/lib/python3.7/site-packages/airflow/example_dags/example_bash_operator.py
[2022-08-01 13:27:28,299] {logging_mixin.py:109} INFO - [2022-08-01 13:27:28,299] {dag.py:2396} INFO - Sync 1 DAGs
[2022-08-01 13:27:28,322] {logging_mixin.py:109} INFO - [2022-08-01 13:27:28,322] {dag.py:2928} INFO - Setting next_dagrun for example_bash_operator to 2022-07-31 00:00:00+00:00
[2022-08-01 13:27:28,337] {processor.py:171} INFO - Processing /home/airflow/.local/lib/python3.7/site-packages/airflow/example_dags/example_bash_operator.py took 0.103 seconds
[2022-08-01 13:27:58,808] {processor.py:163} INFO - Started process (PID=816) to work on /home/airflow/.local/lib/python3.7/site-packages/airflow/example_dags/example_bash_operator.py
[2022-08-01 13:27:58,810] {processor.py:625} INFO - Processing file /home/airflow/.local/lib/python3.7/site-packages/airflow/example_dags/example_bash_operator.py for tasks to queue
[2022-08-01 13:27:58,811] {logging_mixin.py:109} INFO - [2022-08-01 13:27:58,810] {dagbag.py:500} INFO - Filling up the DagBag from /home/airflow/.local/lib/python3.7/site-packages/airflow/example_dags/example_bash_operator.py
[2022-08-01 13:27:58,850] {processor.py:637} INFO - DAG(s) dict_keys(['example_bash_operator']) retrieved from /home/airflow/.local/lib/python3.7/site-packages/airflow/example_dags/example_bash_operator.py
[2022-08-01 13:27:58,862] {logging_mixin.py:109} INFO - [2022-08-01 13:27:58,862] {dag.py:2396} INFO - Sync 1 DAGs
[2022-08-01 13:27:58,880] {logging_mixin.py:109} INFO - [2022-08-01 13:27:58,880] {dag.py:2928} INFO - Setting next_dagrun for example_bash_operator to 2022-07-31 00:00:00+00:00
[2022-08-01 13:27:58,894] {processor.py:171} INFO - Processing /home/airflow/.local/lib/python3.7/site-packages/airflow/example_dags/example_bash_operator.py took 0.091 seconds
[2022-08-01 13:28:29,170] {processor.py:163} INFO - Started process (PID=867) to work on /home/airflow/.local/lib/python3.7/site-packages/airflow/example_dags/example_bash_operator.py
[2022-08-01 13:28:29,172] {processor.py:625} INFO - Processing file /home/airflow/.local/lib/python3.7/site-packages/airflow/example_dags/example_bash_operator.py for tasks to queue
[2022-08-01 13:28:29,173] {logging_mixin.py:109} INFO - [2022-08-01 13:28:29,173] {dagbag.py:500} INFO - Filling up the DagBag from /home/airflow/.local/lib/python3.7/site-packages/airflow/example_dags/example_bash_operator.py
[2022-08-01 13:28:29,291] {processor.py:637} INFO - DAG(s) dict_keys(['example_bash_operator']) retrieved from /home/airflow/.local/lib/python3.7/site-packages/airflow/example_dags/example_bash_operator.py
[2022-08-01 13:28:29,328] {logging_mixin.py:109} INFO - [2022-08-01 13:28:29,327] {dag.py:2396} INFO - Sync 1 DAGs
[2022-08-01 13:28:29,356] {logging_mixin.py:109} INFO - [2022-08-01 13:28:29,355] {dag.py:2928} INFO - Setting next_dagrun for example_bash_operator to 2022-07-31 00:00:00+00:00
[2022-08-01 13:28:29,380] {processor.py:171} INFO - Processing /home/airflow/.local/lib/python3.7/site-packages/airflow/example_dags/example_bash_operator.py took 0.222 seconds
[2022-08-01 13:29:00,288] {processor.py:163} INFO - Started process (PID=920) to work on /home/airflow/.local/lib/python3.7/site-packages/airflow/example_dags/example_bash_operator.py
[2022-08-01 13:29:00,291] {processor.py:625} INFO - Processing file /home/airflow/.local/lib/python3.7/site-packages/airflow/example_dags/example_bash_operator.py for tasks to queue
[2022-08-01 13:29:00,292] {logging_mixin.py:109} INFO - [2022-08-01 13:29:00,292] {dagbag.py:500} INFO - Filling up the DagBag from /home/airflow/.local/lib/python3.7/site-packages/airflow/example_dags/example_bash_operator.py
[2022-08-01 13:29:00,314] {processor.py:637} INFO - DAG(s) dict_keys(['example_bash_operator']) retrieved from /home/airflow/.local/lib/python3.7/site-packages/airflow/example_dags/example_bash_operator.py
[2022-08-01 13:29:00,321] {logging_mixin.py:109} INFO - [2022-08-01 13:29:00,321] {dag.py:2396} INFO - Sync 1 DAGs
[2022-08-01 13:29:00,333] {logging_mixin.py:109} INFO - [2022-08-01 13:29:00,333] {dag.py:2928} INFO - Setting next_dagrun for example_bash_operator to 2022-07-31 00:00:00+00:00
[2022-08-01 13:29:00,342] {processor.py:171} INFO - Processing /home/airflow/.local/lib/python3.7/site-packages/airflow/example_dags/example_bash_operator.py took 0.056 seconds
[2022-08-01 13:29:30,681] {processor.py:163} INFO - Started process (PID=981) to work on /home/airflow/.local/lib/python3.7/site-packages/airflow/example_dags/example_bash_operator.py
[2022-08-01 13:29:30,682] {processor.py:625} INFO - Processing file /home/airflow/.local/lib/python3.7/site-packages/airflow/example_dags/example_bash_operator.py for tasks to queue
[2022-08-01 13:29:30,683] {logging_mixin.py:109} INFO - [2022-08-01 13:29:30,682] {dagbag.py:500} INFO - Filling up the DagBag from /home/airflow/.local/lib/python3.7/site-packages/airflow/example_dags/example_bash_operator.py
[2022-08-01 13:29:30,709] {processor.py:637} INFO - DAG(s) dict_keys(['example_bash_operator']) retrieved from /home/airflow/.local/lib/python3.7/site-packages/airflow/example_dags/example_bash_operator.py
[2022-08-01 13:29:30,719] {logging_mixin.py:109} INFO - [2022-08-01 13:29:30,719] {dag.py:2396} INFO - Sync 1 DAGs
[2022-08-01 13:29:30,732] {logging_mixin.py:109} INFO - [2022-08-01 13:29:30,732] {dag.py:2928} INFO - Setting next_dagrun for example_bash_operator to 2022-07-31 00:00:00+00:00
[2022-08-01 13:29:30,740] {processor.py:171} INFO - Processing /home/airflow/.local/lib/python3.7/site-packages/airflow/example_dags/example_bash_operator.py took 0.061 seconds
[2022-08-01 13:30:01,175] {processor.py:163} INFO - Started process (PID=1033) to work on /home/airflow/.local/lib/python3.7/site-packages/airflow/example_dags/example_bash_operator.py
[2022-08-01 13:30:01,176] {processor.py:625} INFO - Processing file /home/airflow/.local/lib/python3.7/site-packages/airflow/example_dags/example_bash_operator.py for tasks to queue
[2022-08-01 13:30:01,177] {logging_mixin.py:109} INFO - [2022-08-01 13:30:01,177] {dagbag.py:500} INFO - Filling up the DagBag from /home/airflow/.local/lib/python3.7/site-packages/airflow/example_dags/example_bash_operator.py
[2022-08-01 13:30:01,204] {processor.py:637} INFO - DAG(s) dict_keys(['example_bash_operator']) retrieved from /home/airflow/.local/lib/python3.7/site-packages/airflow/example_dags/example_bash_operator.py
[2022-08-01 13:30:01,214] {logging_mixin.py:109} INFO - [2022-08-01 13:30:01,214] {dag.py:2396} INFO - Sync 1 DAGs
[2022-08-01 13:30:01,227] {logging_mixin.py:109} INFO - [2022-08-01 13:30:01,227] {dag.py:2928} INFO - Setting next_dagrun for example_bash_operator to 2022-07-31 00:00:00+00:00
[2022-08-01 13:30:01,237] {processor.py:171} INFO - Processing /home/airflow/.local/lib/python3.7/site-packages/airflow/example_dags/example_bash_operator.py took 0.065 seconds
