[2022-08-01 12:25:36,968] {processor.py:163} INFO - Started process (PID=54) to work on /home/airflow/.local/lib/python3.7/site-packages/airflow/example_dags/example_latest_only.py
[2022-08-01 12:25:36,969] {processor.py:625} INFO - Processing file /home/airflow/.local/lib/python3.7/site-packages/airflow/example_dags/example_latest_only.py for tasks to queue
[2022-08-01 12:25:36,971] {logging_mixin.py:109} INFO - [2022-08-01 12:25:36,970] {dagbag.py:500} INFO - Filling up the DagBag from /home/airflow/.local/lib/python3.7/site-packages/airflow/example_dags/example_latest_only.py
[2022-08-01 12:25:37,018] {processor.py:637} INFO - DAG(s) dict_keys(['latest_only']) retrieved from /home/airflow/.local/lib/python3.7/site-packages/airflow/example_dags/example_latest_only.py
[2022-08-01 12:25:37,035] {logging_mixin.py:109} INFO - [2022-08-01 12:25:37,034] {dag.py:2396} INFO - Sync 1 DAGs
[2022-08-01 12:25:37,061] {logging_mixin.py:109} INFO - [2022-08-01 12:25:37,061] {dag.py:2928} INFO - Setting next_dagrun for latest_only to 2022-08-01T08:25:37.060940+00:00
[2022-08-01 12:25:37,079] {processor.py:171} INFO - Processing /home/airflow/.local/lib/python3.7/site-packages/airflow/example_dags/example_latest_only.py took 0.117 seconds
[2022-08-01 12:26:07,451] {processor.py:163} INFO - Started process (PID=107) to work on /home/airflow/.local/lib/python3.7/site-packages/airflow/example_dags/example_latest_only.py
[2022-08-01 12:26:07,453] {processor.py:625} INFO - Processing file /home/airflow/.local/lib/python3.7/site-packages/airflow/example_dags/example_latest_only.py for tasks to queue
[2022-08-01 12:26:07,454] {logging_mixin.py:109} INFO - [2022-08-01 12:26:07,454] {dagbag.py:500} INFO - Filling up the DagBag from /home/airflow/.local/lib/python3.7/site-packages/airflow/example_dags/example_latest_only.py
[2022-08-01 12:26:07,485] {processor.py:637} INFO - DAG(s) dict_keys(['latest_only']) retrieved from /home/airflow/.local/lib/python3.7/site-packages/airflow/example_dags/example_latest_only.py
[2022-08-01 12:26:07,498] {logging_mixin.py:109} INFO - [2022-08-01 12:26:07,498] {dag.py:2396} INFO - Sync 1 DAGs
[2022-08-01 12:26:07,515] {logging_mixin.py:109} INFO - [2022-08-01 12:26:07,514] {dag.py:2928} INFO - Setting next_dagrun for latest_only to 2022-08-01T08:26:07.514376+00:00
[2022-08-01 12:26:07,529] {processor.py:171} INFO - Processing /home/airflow/.local/lib/python3.7/site-packages/airflow/example_dags/example_latest_only.py took 0.081 seconds
[2022-08-01 12:26:37,920] {processor.py:163} INFO - Started process (PID=159) to work on /home/airflow/.local/lib/python3.7/site-packages/airflow/example_dags/example_latest_only.py
[2022-08-01 12:26:37,921] {processor.py:625} INFO - Processing file /home/airflow/.local/lib/python3.7/site-packages/airflow/example_dags/example_latest_only.py for tasks to queue
[2022-08-01 12:26:37,922] {logging_mixin.py:109} INFO - [2022-08-01 12:26:37,922] {dagbag.py:500} INFO - Filling up the DagBag from /home/airflow/.local/lib/python3.7/site-packages/airflow/example_dags/example_latest_only.py
[2022-08-01 12:26:37,951] {processor.py:637} INFO - DAG(s) dict_keys(['latest_only']) retrieved from /home/airflow/.local/lib/python3.7/site-packages/airflow/example_dags/example_latest_only.py
[2022-08-01 12:26:37,962] {logging_mixin.py:109} INFO - [2022-08-01 12:26:37,962] {dag.py:2396} INFO - Sync 1 DAGs
[2022-08-01 12:26:37,979] {logging_mixin.py:109} INFO - [2022-08-01 12:26:37,979] {dag.py:2928} INFO - Setting next_dagrun for latest_only to 2022-08-01T08:26:37.978782+00:00
[2022-08-01 12:26:37,989] {processor.py:171} INFO - Processing /home/airflow/.local/lib/python3.7/site-packages/airflow/example_dags/example_latest_only.py took 0.073 seconds
[2022-08-01 12:27:08,669] {processor.py:163} INFO - Started process (PID=220) to work on /home/airflow/.local/lib/python3.7/site-packages/airflow/example_dags/example_latest_only.py
[2022-08-01 12:27:08,672] {processor.py:625} INFO - Processing file /home/airflow/.local/lib/python3.7/site-packages/airflow/example_dags/example_latest_only.py for tasks to queue
[2022-08-01 12:27:08,673] {logging_mixin.py:109} INFO - [2022-08-01 12:27:08,673] {dagbag.py:500} INFO - Filling up the DagBag from /home/airflow/.local/lib/python3.7/site-packages/airflow/example_dags/example_latest_only.py
[2022-08-01 12:27:08,712] {processor.py:637} INFO - DAG(s) dict_keys(['latest_only']) retrieved from /home/airflow/.local/lib/python3.7/site-packages/airflow/example_dags/example_latest_only.py
[2022-08-01 12:27:08,728] {logging_mixin.py:109} INFO - [2022-08-01 12:27:08,728] {dag.py:2396} INFO - Sync 1 DAGs
[2022-08-01 12:27:08,753] {logging_mixin.py:109} INFO - [2022-08-01 12:27:08,753] {dag.py:2928} INFO - Setting next_dagrun for latest_only to 2022-08-01T08:27:08.753118+00:00
[2022-08-01 12:27:08,767] {processor.py:171} INFO - Processing /home/airflow/.local/lib/python3.7/site-packages/airflow/example_dags/example_latest_only.py took 0.104 seconds
[2022-08-01 12:27:39,169] {processor.py:163} INFO - Started process (PID=271) to work on /home/airflow/.local/lib/python3.7/site-packages/airflow/example_dags/example_latest_only.py
[2022-08-01 12:27:39,170] {processor.py:625} INFO - Processing file /home/airflow/.local/lib/python3.7/site-packages/airflow/example_dags/example_latest_only.py for tasks to queue
[2022-08-01 12:27:39,170] {logging_mixin.py:109} INFO - [2022-08-01 12:27:39,170] {dagbag.py:500} INFO - Filling up the DagBag from /home/airflow/.local/lib/python3.7/site-packages/airflow/example_dags/example_latest_only.py
[2022-08-01 12:27:39,186] {processor.py:637} INFO - DAG(s) dict_keys(['latest_only']) retrieved from /home/airflow/.local/lib/python3.7/site-packages/airflow/example_dags/example_latest_only.py
[2022-08-01 12:27:39,194] {logging_mixin.py:109} INFO - [2022-08-01 12:27:39,194] {dag.py:2396} INFO - Sync 1 DAGs
[2022-08-01 12:27:39,205] {logging_mixin.py:109} INFO - [2022-08-01 12:27:39,205] {dag.py:2928} INFO - Setting next_dagrun for latest_only to 2022-08-01T08:27:39.205207+00:00
[2022-08-01 12:27:39,213] {processor.py:171} INFO - Processing /home/airflow/.local/lib/python3.7/site-packages/airflow/example_dags/example_latest_only.py took 0.047 seconds
[2022-08-01 12:28:10,576] {processor.py:163} INFO - Started process (PID=333) to work on /home/airflow/.local/lib/python3.7/site-packages/airflow/example_dags/example_latest_only.py
[2022-08-01 12:28:10,577] {processor.py:625} INFO - Processing file /home/airflow/.local/lib/python3.7/site-packages/airflow/example_dags/example_latest_only.py for tasks to queue
[2022-08-01 12:28:10,577] {logging_mixin.py:109} INFO - [2022-08-01 12:28:10,577] {dagbag.py:500} INFO - Filling up the DagBag from /home/airflow/.local/lib/python3.7/site-packages/airflow/example_dags/example_latest_only.py
[2022-08-01 12:28:10,600] {processor.py:637} INFO - DAG(s) dict_keys(['latest_only']) retrieved from /home/airflow/.local/lib/python3.7/site-packages/airflow/example_dags/example_latest_only.py
[2022-08-01 12:28:10,607] {logging_mixin.py:109} INFO - [2022-08-01 12:28:10,607] {dag.py:2396} INFO - Sync 1 DAGs
[2022-08-01 12:28:10,617] {logging_mixin.py:109} INFO - [2022-08-01 12:28:10,617] {dag.py:2928} INFO - Setting next_dagrun for latest_only to 2022-08-01T08:28:10.617412+00:00
[2022-08-01 12:28:10,626] {processor.py:171} INFO - Processing /home/airflow/.local/lib/python3.7/site-packages/airflow/example_dags/example_latest_only.py took 0.052 seconds
[2022-08-01 12:28:41,098] {processor.py:163} INFO - Started process (PID=385) to work on /home/airflow/.local/lib/python3.7/site-packages/airflow/example_dags/example_latest_only.py
[2022-08-01 12:28:41,100] {processor.py:625} INFO - Processing file /home/airflow/.local/lib/python3.7/site-packages/airflow/example_dags/example_latest_only.py for tasks to queue
[2022-08-01 12:28:41,100] {logging_mixin.py:109} INFO - [2022-08-01 12:28:41,100] {dagbag.py:500} INFO - Filling up the DagBag from /home/airflow/.local/lib/python3.7/site-packages/airflow/example_dags/example_latest_only.py
[2022-08-01 12:28:41,121] {processor.py:637} INFO - DAG(s) dict_keys(['latest_only']) retrieved from /home/airflow/.local/lib/python3.7/site-packages/airflow/example_dags/example_latest_only.py
[2022-08-01 12:28:41,129] {logging_mixin.py:109} INFO - [2022-08-01 12:28:41,129] {dag.py:2396} INFO - Sync 1 DAGs
[2022-08-01 12:28:41,142] {logging_mixin.py:109} INFO - [2022-08-01 12:28:41,142] {dag.py:2928} INFO - Setting next_dagrun for latest_only to 2022-08-01T08:28:41.141802+00:00
[2022-08-01 12:28:41,151] {processor.py:171} INFO - Processing /home/airflow/.local/lib/python3.7/site-packages/airflow/example_dags/example_latest_only.py took 0.056 seconds
[2022-08-01 12:29:12,197] {processor.py:163} INFO - Started process (PID=446) to work on /home/airflow/.local/lib/python3.7/site-packages/airflow/example_dags/example_latest_only.py
[2022-08-01 12:29:12,198] {processor.py:625} INFO - Processing file /home/airflow/.local/lib/python3.7/site-packages/airflow/example_dags/example_latest_only.py for tasks to queue
[2022-08-01 12:29:12,199] {logging_mixin.py:109} INFO - [2022-08-01 12:29:12,199] {dagbag.py:500} INFO - Filling up the DagBag from /home/airflow/.local/lib/python3.7/site-packages/airflow/example_dags/example_latest_only.py
[2022-08-01 12:29:12,235] {processor.py:637} INFO - DAG(s) dict_keys(['latest_only']) retrieved from /home/airflow/.local/lib/python3.7/site-packages/airflow/example_dags/example_latest_only.py
[2022-08-01 12:29:12,246] {logging_mixin.py:109} INFO - [2022-08-01 12:29:12,245] {dag.py:2396} INFO - Sync 1 DAGs
[2022-08-01 12:29:12,263] {logging_mixin.py:109} INFO - [2022-08-01 12:29:12,262] {dag.py:2928} INFO - Setting next_dagrun for latest_only to 2022-08-01T08:29:12.262546+00:00
[2022-08-01 12:29:12,276] {processor.py:171} INFO - Processing /home/airflow/.local/lib/python3.7/site-packages/airflow/example_dags/example_latest_only.py took 0.084 seconds
[2022-08-01 12:29:42,968] {processor.py:163} INFO - Started process (PID=498) to work on /home/airflow/.local/lib/python3.7/site-packages/airflow/example_dags/example_latest_only.py
[2022-08-01 12:29:42,969] {processor.py:625} INFO - Processing file /home/airflow/.local/lib/python3.7/site-packages/airflow/example_dags/example_latest_only.py for tasks to queue
[2022-08-01 12:29:42,970] {logging_mixin.py:109} INFO - [2022-08-01 12:29:42,969] {dagbag.py:500} INFO - Filling up the DagBag from /home/airflow/.local/lib/python3.7/site-packages/airflow/example_dags/example_latest_only.py
[2022-08-01 12:29:42,995] {processor.py:637} INFO - DAG(s) dict_keys(['latest_only']) retrieved from /home/airflow/.local/lib/python3.7/site-packages/airflow/example_dags/example_latest_only.py
[2022-08-01 12:29:43,004] {logging_mixin.py:109} INFO - [2022-08-01 12:29:43,004] {dag.py:2396} INFO - Sync 1 DAGs
[2022-08-01 12:29:43,018] {logging_mixin.py:109} INFO - [2022-08-01 12:29:43,018] {dag.py:2928} INFO - Setting next_dagrun for latest_only to 2022-08-01T08:29:43.018147+00:00
[2022-08-01 12:29:43,029] {processor.py:171} INFO - Processing /home/airflow/.local/lib/python3.7/site-packages/airflow/example_dags/example_latest_only.py took 0.064 seconds
[2022-08-01 12:30:13,332] {processor.py:163} INFO - Started process (PID=559) to work on /home/airflow/.local/lib/python3.7/site-packages/airflow/example_dags/example_latest_only.py
[2022-08-01 12:30:13,333] {processor.py:625} INFO - Processing file /home/airflow/.local/lib/python3.7/site-packages/airflow/example_dags/example_latest_only.py for tasks to queue
[2022-08-01 12:30:13,334] {logging_mixin.py:109} INFO - [2022-08-01 12:30:13,334] {dagbag.py:500} INFO - Filling up the DagBag from /home/airflow/.local/lib/python3.7/site-packages/airflow/example_dags/example_latest_only.py
[2022-08-01 12:30:13,369] {processor.py:637} INFO - DAG(s) dict_keys(['latest_only']) retrieved from /home/airflow/.local/lib/python3.7/site-packages/airflow/example_dags/example_latest_only.py
[2022-08-01 12:30:13,382] {logging_mixin.py:109} INFO - [2022-08-01 12:30:13,382] {dag.py:2396} INFO - Sync 1 DAGs
[2022-08-01 12:30:13,401] {logging_mixin.py:109} INFO - [2022-08-01 12:30:13,401] {dag.py:2928} INFO - Setting next_dagrun for latest_only to 2022-08-01T08:30:13.400645+00:00
[2022-08-01 12:30:13,415] {processor.py:171} INFO - Processing /home/airflow/.local/lib/python3.7/site-packages/airflow/example_dags/example_latest_only.py took 0.087 seconds
[2022-08-01 12:30:45,837] {processor.py:163} INFO - Started process (PID=610) to work on /home/airflow/.local/lib/python3.7/site-packages/airflow/example_dags/example_latest_only.py
[2022-08-01 12:30:45,842] {processor.py:625} INFO - Processing file /home/airflow/.local/lib/python3.7/site-packages/airflow/example_dags/example_latest_only.py for tasks to queue
[2022-08-01 12:30:45,846] {logging_mixin.py:109} INFO - [2022-08-01 12:30:45,845] {dagbag.py:500} INFO - Filling up the DagBag from /home/airflow/.local/lib/python3.7/site-packages/airflow/example_dags/example_latest_only.py
[2022-08-01 12:30:45,921] {processor.py:637} INFO - DAG(s) dict_keys(['latest_only']) retrieved from /home/airflow/.local/lib/python3.7/site-packages/airflow/example_dags/example_latest_only.py
[2022-08-01 12:30:45,960] {logging_mixin.py:109} INFO - [2022-08-01 12:30:45,959] {dag.py:2396} INFO - Sync 1 DAGs
[2022-08-01 12:30:46,035] {logging_mixin.py:109} INFO - [2022-08-01 12:30:46,034] {dag.py:2928} INFO - Setting next_dagrun for latest_only to 2022-08-01T08:30:46.034173+00:00
[2022-08-01 12:30:46,095] {processor.py:171} INFO - Processing /home/airflow/.local/lib/python3.7/site-packages/airflow/example_dags/example_latest_only.py took 0.276 seconds
[2022-08-01 12:31:16,169] {processor.py:163} INFO - Started process (PID=662) to work on /home/airflow/.local/lib/python3.7/site-packages/airflow/example_dags/example_latest_only.py
[2022-08-01 12:31:16,170] {processor.py:625} INFO - Processing file /home/airflow/.local/lib/python3.7/site-packages/airflow/example_dags/example_latest_only.py for tasks to queue
[2022-08-01 12:31:16,170] {logging_mixin.py:109} INFO - [2022-08-01 12:31:16,170] {dagbag.py:500} INFO - Filling up the DagBag from /home/airflow/.local/lib/python3.7/site-packages/airflow/example_dags/example_latest_only.py
[2022-08-01 12:31:16,190] {processor.py:637} INFO - DAG(s) dict_keys(['latest_only']) retrieved from /home/airflow/.local/lib/python3.7/site-packages/airflow/example_dags/example_latest_only.py
[2022-08-01 12:31:16,198] {logging_mixin.py:109} INFO - [2022-08-01 12:31:16,198] {dag.py:2396} INFO - Sync 1 DAGs
[2022-08-01 12:31:16,210] {logging_mixin.py:109} INFO - [2022-08-01 12:31:16,210] {dag.py:2928} INFO - Setting next_dagrun for latest_only to 2022-08-01T08:31:16.210379+00:00
[2022-08-01 12:31:16,218] {processor.py:171} INFO - Processing /home/airflow/.local/lib/python3.7/site-packages/airflow/example_dags/example_latest_only.py took 0.052 seconds
[2022-08-01 12:31:47,188] {processor.py:163} INFO - Started process (PID=723) to work on /home/airflow/.local/lib/python3.7/site-packages/airflow/example_dags/example_latest_only.py
[2022-08-01 12:31:47,191] {processor.py:625} INFO - Processing file /home/airflow/.local/lib/python3.7/site-packages/airflow/example_dags/example_latest_only.py for tasks to queue
[2022-08-01 12:31:47,192] {logging_mixin.py:109} INFO - [2022-08-01 12:31:47,192] {dagbag.py:500} INFO - Filling up the DagBag from /home/airflow/.local/lib/python3.7/site-packages/airflow/example_dags/example_latest_only.py
[2022-08-01 12:31:47,234] {processor.py:637} INFO - DAG(s) dict_keys(['latest_only']) retrieved from /home/airflow/.local/lib/python3.7/site-packages/airflow/example_dags/example_latest_only.py
[2022-08-01 12:31:47,248] {logging_mixin.py:109} INFO - [2022-08-01 12:31:47,248] {dag.py:2396} INFO - Sync 1 DAGs
[2022-08-01 12:31:47,274] {logging_mixin.py:109} INFO - [2022-08-01 12:31:47,274] {dag.py:2928} INFO - Setting next_dagrun for latest_only to 2022-08-01T08:31:47.273642+00:00
[2022-08-01 12:31:47,287] {processor.py:171} INFO - Processing /home/airflow/.local/lib/python3.7/site-packages/airflow/example_dags/example_latest_only.py took 0.104 seconds
[2022-08-01 12:32:17,695] {processor.py:163} INFO - Started process (PID=775) to work on /home/airflow/.local/lib/python3.7/site-packages/airflow/example_dags/example_latest_only.py
[2022-08-01 12:32:17,696] {processor.py:625} INFO - Processing file /home/airflow/.local/lib/python3.7/site-packages/airflow/example_dags/example_latest_only.py for tasks to queue
[2022-08-01 12:32:17,697] {logging_mixin.py:109} INFO - [2022-08-01 12:32:17,697] {dagbag.py:500} INFO - Filling up the DagBag from /home/airflow/.local/lib/python3.7/site-packages/airflow/example_dags/example_latest_only.py
[2022-08-01 12:32:17,723] {processor.py:637} INFO - DAG(s) dict_keys(['latest_only']) retrieved from /home/airflow/.local/lib/python3.7/site-packages/airflow/example_dags/example_latest_only.py
[2022-08-01 12:32:17,733] {logging_mixin.py:109} INFO - [2022-08-01 12:32:17,733] {dag.py:2396} INFO - Sync 1 DAGs
[2022-08-01 12:32:17,747] {logging_mixin.py:109} INFO - [2022-08-01 12:32:17,747] {dag.py:2928} INFO - Setting next_dagrun for latest_only to 2022-08-01T08:32:17.747502+00:00
[2022-08-01 12:32:17,759] {processor.py:171} INFO - Processing /home/airflow/.local/lib/python3.7/site-packages/airflow/example_dags/example_latest_only.py took 0.068 seconds
[2022-08-01 12:32:48,976] {processor.py:163} INFO - Started process (PID=837) to work on /home/airflow/.local/lib/python3.7/site-packages/airflow/example_dags/example_latest_only.py
[2022-08-01 12:32:48,977] {processor.py:625} INFO - Processing file /home/airflow/.local/lib/python3.7/site-packages/airflow/example_dags/example_latest_only.py for tasks to queue
[2022-08-01 12:32:48,978] {logging_mixin.py:109} INFO - [2022-08-01 12:32:48,978] {dagbag.py:500} INFO - Filling up the DagBag from /home/airflow/.local/lib/python3.7/site-packages/airflow/example_dags/example_latest_only.py
[2022-08-01 12:32:49,018] {processor.py:637} INFO - DAG(s) dict_keys(['latest_only']) retrieved from /home/airflow/.local/lib/python3.7/site-packages/airflow/example_dags/example_latest_only.py
[2022-08-01 12:32:49,031] {logging_mixin.py:109} INFO - [2022-08-01 12:32:49,031] {dag.py:2396} INFO - Sync 1 DAGs
[2022-08-01 12:32:49,054] {logging_mixin.py:109} INFO - [2022-08-01 12:32:49,053] {dag.py:2928} INFO - Setting next_dagrun for latest_only to 2022-08-01T08:32:49.053564+00:00
[2022-08-01 12:32:49,074] {processor.py:171} INFO - Processing /home/airflow/.local/lib/python3.7/site-packages/airflow/example_dags/example_latest_only.py took 0.103 seconds
[2022-08-01 12:33:19,999] {processor.py:163} INFO - Started process (PID=889) to work on /home/airflow/.local/lib/python3.7/site-packages/airflow/example_dags/example_latest_only.py
[2022-08-01 12:33:20,000] {processor.py:625} INFO - Processing file /home/airflow/.local/lib/python3.7/site-packages/airflow/example_dags/example_latest_only.py for tasks to queue
[2022-08-01 12:33:20,001] {logging_mixin.py:109} INFO - [2022-08-01 12:33:20,001] {dagbag.py:500} INFO - Filling up the DagBag from /home/airflow/.local/lib/python3.7/site-packages/airflow/example_dags/example_latest_only.py
[2022-08-01 12:33:20,020] {processor.py:637} INFO - DAG(s) dict_keys(['latest_only']) retrieved from /home/airflow/.local/lib/python3.7/site-packages/airflow/example_dags/example_latest_only.py
[2022-08-01 12:33:20,027] {logging_mixin.py:109} INFO - [2022-08-01 12:33:20,027] {dag.py:2396} INFO - Sync 1 DAGs
[2022-08-01 12:33:20,037] {logging_mixin.py:109} INFO - [2022-08-01 12:33:20,037] {dag.py:2928} INFO - Setting next_dagrun for latest_only to 2022-08-01T08:33:20.037241+00:00
[2022-08-01 12:33:20,045] {processor.py:171} INFO - Processing /home/airflow/.local/lib/python3.7/site-packages/airflow/example_dags/example_latest_only.py took 0.050 seconds
[2022-08-01 12:33:51,299] {processor.py:163} INFO - Started process (PID=950) to work on /home/airflow/.local/lib/python3.7/site-packages/airflow/example_dags/example_latest_only.py
[2022-08-01 12:33:51,301] {processor.py:625} INFO - Processing file /home/airflow/.local/lib/python3.7/site-packages/airflow/example_dags/example_latest_only.py for tasks to queue
[2022-08-01 12:33:51,302] {logging_mixin.py:109} INFO - [2022-08-01 12:33:51,302] {dagbag.py:500} INFO - Filling up the DagBag from /home/airflow/.local/lib/python3.7/site-packages/airflow/example_dags/example_latest_only.py
[2022-08-01 12:33:51,345] {processor.py:637} INFO - DAG(s) dict_keys(['latest_only']) retrieved from /home/airflow/.local/lib/python3.7/site-packages/airflow/example_dags/example_latest_only.py
[2022-08-01 12:33:51,358] {logging_mixin.py:109} INFO - [2022-08-01 12:33:51,358] {dag.py:2396} INFO - Sync 1 DAGs
[2022-08-01 12:33:51,380] {logging_mixin.py:109} INFO - [2022-08-01 12:33:51,380] {dag.py:2928} INFO - Setting next_dagrun for latest_only to 2022-08-01T08:33:51.380244+00:00
[2022-08-01 12:33:51,397] {processor.py:171} INFO - Processing /home/airflow/.local/lib/python3.7/site-packages/airflow/example_dags/example_latest_only.py took 0.102 seconds
[2022-08-01 12:34:21,885] {processor.py:163} INFO - Started process (PID=1002) to work on /home/airflow/.local/lib/python3.7/site-packages/airflow/example_dags/example_latest_only.py
[2022-08-01 12:34:21,886] {processor.py:625} INFO - Processing file /home/airflow/.local/lib/python3.7/site-packages/airflow/example_dags/example_latest_only.py for tasks to queue
[2022-08-01 12:34:21,887] {logging_mixin.py:109} INFO - [2022-08-01 12:34:21,887] {dagbag.py:500} INFO - Filling up the DagBag from /home/airflow/.local/lib/python3.7/site-packages/airflow/example_dags/example_latest_only.py
[2022-08-01 12:34:21,912] {processor.py:637} INFO - DAG(s) dict_keys(['latest_only']) retrieved from /home/airflow/.local/lib/python3.7/site-packages/airflow/example_dags/example_latest_only.py
[2022-08-01 12:34:21,921] {logging_mixin.py:109} INFO - [2022-08-01 12:34:21,921] {dag.py:2396} INFO - Sync 1 DAGs
[2022-08-01 12:34:21,935] {logging_mixin.py:109} INFO - [2022-08-01 12:34:21,935] {dag.py:2928} INFO - Setting next_dagrun for latest_only to 2022-08-01T08:34:21.935500+00:00
[2022-08-01 12:34:21,945] {processor.py:171} INFO - Processing /home/airflow/.local/lib/python3.7/site-packages/airflow/example_dags/example_latest_only.py took 0.064 seconds
[2022-08-01 12:34:53,370] {processor.py:163} INFO - Started process (PID=1063) to work on /home/airflow/.local/lib/python3.7/site-packages/airflow/example_dags/example_latest_only.py
[2022-08-01 12:34:53,373] {processor.py:625} INFO - Processing file /home/airflow/.local/lib/python3.7/site-packages/airflow/example_dags/example_latest_only.py for tasks to queue
[2022-08-01 12:34:53,374] {logging_mixin.py:109} INFO - [2022-08-01 12:34:53,374] {dagbag.py:500} INFO - Filling up the DagBag from /home/airflow/.local/lib/python3.7/site-packages/airflow/example_dags/example_latest_only.py
[2022-08-01 12:34:53,470] {processor.py:637} INFO - DAG(s) dict_keys(['latest_only']) retrieved from /home/airflow/.local/lib/python3.7/site-packages/airflow/example_dags/example_latest_only.py
[2022-08-01 12:34:53,494] {logging_mixin.py:109} INFO - [2022-08-01 12:34:53,494] {dag.py:2396} INFO - Sync 1 DAGs
[2022-08-01 12:34:53,528] {logging_mixin.py:109} INFO - [2022-08-01 12:34:53,528] {dag.py:2928} INFO - Setting next_dagrun for latest_only to 2022-08-01T08:34:53.527734+00:00
[2022-08-01 12:34:53,551] {processor.py:171} INFO - Processing /home/airflow/.local/lib/python3.7/site-packages/airflow/example_dags/example_latest_only.py took 0.195 seconds
[2022-08-01 12:35:24,379] {processor.py:163} INFO - Started process (PID=1115) to work on /home/airflow/.local/lib/python3.7/site-packages/airflow/example_dags/example_latest_only.py
[2022-08-01 12:35:24,385] {processor.py:625} INFO - Processing file /home/airflow/.local/lib/python3.7/site-packages/airflow/example_dags/example_latest_only.py for tasks to queue
[2022-08-01 12:35:24,386] {logging_mixin.py:109} INFO - [2022-08-01 12:35:24,385] {dagbag.py:500} INFO - Filling up the DagBag from /home/airflow/.local/lib/python3.7/site-packages/airflow/example_dags/example_latest_only.py
[2022-08-01 12:35:24,411] {processor.py:637} INFO - DAG(s) dict_keys(['latest_only']) retrieved from /home/airflow/.local/lib/python3.7/site-packages/airflow/example_dags/example_latest_only.py
[2022-08-01 12:35:24,421] {logging_mixin.py:109} INFO - [2022-08-01 12:35:24,420] {dag.py:2396} INFO - Sync 1 DAGs
[2022-08-01 12:35:24,435] {logging_mixin.py:109} INFO - [2022-08-01 12:35:24,435] {dag.py:2928} INFO - Setting next_dagrun for latest_only to 2022-08-01T08:35:24.434868+00:00
[2022-08-01 12:35:24,446] {processor.py:171} INFO - Processing /home/airflow/.local/lib/python3.7/site-packages/airflow/example_dags/example_latest_only.py took 0.070 seconds
[2022-08-01 12:35:54,484] {processor.py:163} INFO - Started process (PID=1166) to work on /home/airflow/.local/lib/python3.7/site-packages/airflow/example_dags/example_latest_only.py
[2022-08-01 12:35:54,486] {processor.py:625} INFO - Processing file /home/airflow/.local/lib/python3.7/site-packages/airflow/example_dags/example_latest_only.py for tasks to queue
[2022-08-01 12:35:54,486] {logging_mixin.py:109} INFO - [2022-08-01 12:35:54,486] {dagbag.py:500} INFO - Filling up the DagBag from /home/airflow/.local/lib/python3.7/site-packages/airflow/example_dags/example_latest_only.py
[2022-08-01 12:35:54,505] {processor.py:637} INFO - DAG(s) dict_keys(['latest_only']) retrieved from /home/airflow/.local/lib/python3.7/site-packages/airflow/example_dags/example_latest_only.py
[2022-08-01 12:35:54,512] {logging_mixin.py:109} INFO - [2022-08-01 12:35:54,511] {dag.py:2396} INFO - Sync 1 DAGs
[2022-08-01 12:35:54,522] {logging_mixin.py:109} INFO - [2022-08-01 12:35:54,522] {dag.py:2928} INFO - Setting next_dagrun for latest_only to 2022-08-01T08:35:54.522576+00:00
[2022-08-01 12:35:54,531] {processor.py:171} INFO - Processing /home/airflow/.local/lib/python3.7/site-packages/airflow/example_dags/example_latest_only.py took 0.048 seconds
[2022-08-01 12:40:11,798] {processor.py:163} INFO - Started process (PID=54) to work on /home/airflow/.local/lib/python3.7/site-packages/airflow/example_dags/example_latest_only.py
[2022-08-01 12:40:11,803] {processor.py:625} INFO - Processing file /home/airflow/.local/lib/python3.7/site-packages/airflow/example_dags/example_latest_only.py for tasks to queue
[2022-08-01 12:40:11,804] {logging_mixin.py:109} INFO - [2022-08-01 12:40:11,804] {dagbag.py:500} INFO - Filling up the DagBag from /home/airflow/.local/lib/python3.7/site-packages/airflow/example_dags/example_latest_only.py
[2022-08-01 12:40:11,854] {processor.py:637} INFO - DAG(s) dict_keys(['latest_only']) retrieved from /home/airflow/.local/lib/python3.7/site-packages/airflow/example_dags/example_latest_only.py
[2022-08-01 12:40:11,880] {logging_mixin.py:109} INFO - [2022-08-01 12:40:11,880] {dag.py:2396} INFO - Sync 1 DAGs
[2022-08-01 12:40:11,922] {logging_mixin.py:109} INFO - [2022-08-01 12:40:11,921] {dag.py:2928} INFO - Setting next_dagrun for latest_only to 2022-08-01T08:40:11.921159+00:00
[2022-08-01 12:40:11,958] {processor.py:171} INFO - Processing /home/airflow/.local/lib/python3.7/site-packages/airflow/example_dags/example_latest_only.py took 0.172 seconds
[2022-08-01 12:40:42,111] {processor.py:163} INFO - Started process (PID=104) to work on /home/airflow/.local/lib/python3.7/site-packages/airflow/example_dags/example_latest_only.py
[2022-08-01 12:40:42,112] {processor.py:625} INFO - Processing file /home/airflow/.local/lib/python3.7/site-packages/airflow/example_dags/example_latest_only.py for tasks to queue
[2022-08-01 12:40:42,113] {logging_mixin.py:109} INFO - [2022-08-01 12:40:42,113] {dagbag.py:500} INFO - Filling up the DagBag from /home/airflow/.local/lib/python3.7/site-packages/airflow/example_dags/example_latest_only.py
[2022-08-01 12:40:42,133] {processor.py:637} INFO - DAG(s) dict_keys(['latest_only']) retrieved from /home/airflow/.local/lib/python3.7/site-packages/airflow/example_dags/example_latest_only.py
[2022-08-01 12:40:42,140] {logging_mixin.py:109} INFO - [2022-08-01 12:40:42,139] {dag.py:2396} INFO - Sync 1 DAGs
[2022-08-01 12:40:42,152] {logging_mixin.py:109} INFO - [2022-08-01 12:40:42,152] {dag.py:2928} INFO - Setting next_dagrun for latest_only to 2022-08-01T08:40:42.151925+00:00
[2022-08-01 12:40:42,161] {processor.py:171} INFO - Processing /home/airflow/.local/lib/python3.7/site-packages/airflow/example_dags/example_latest_only.py took 0.052 seconds
[2022-08-01 13:20:40,314] {processor.py:163} INFO - Started process (PID=54) to work on /home/airflow/.local/lib/python3.7/site-packages/airflow/example_dags/example_latest_only.py
[2022-08-01 13:20:40,316] {processor.py:625} INFO - Processing file /home/airflow/.local/lib/python3.7/site-packages/airflow/example_dags/example_latest_only.py for tasks to queue
[2022-08-01 13:20:40,319] {logging_mixin.py:109} INFO - [2022-08-01 13:20:40,318] {dagbag.py:500} INFO - Filling up the DagBag from /home/airflow/.local/lib/python3.7/site-packages/airflow/example_dags/example_latest_only.py
[2022-08-01 13:20:40,373] {processor.py:637} INFO - DAG(s) dict_keys(['latest_only']) retrieved from /home/airflow/.local/lib/python3.7/site-packages/airflow/example_dags/example_latest_only.py
[2022-08-01 13:20:40,393] {logging_mixin.py:109} INFO - [2022-08-01 13:20:40,393] {dag.py:2396} INFO - Sync 1 DAGs
[2022-08-01 13:20:40,423] {logging_mixin.py:109} INFO - [2022-08-01 13:20:40,423] {dag.py:2928} INFO - Setting next_dagrun for latest_only to 2022-08-01T09:20:40.423139+00:00
[2022-08-01 13:20:40,442] {processor.py:171} INFO - Processing /home/airflow/.local/lib/python3.7/site-packages/airflow/example_dags/example_latest_only.py took 0.133 seconds
[2022-08-01 13:21:14,970] {processor.py:163} INFO - Started process (PID=106) to work on /home/airflow/.local/lib/python3.7/site-packages/airflow/example_dags/example_latest_only.py
[2022-08-01 13:21:14,976] {processor.py:625} INFO - Processing file /home/airflow/.local/lib/python3.7/site-packages/airflow/example_dags/example_latest_only.py for tasks to queue
[2022-08-01 13:21:14,985] {logging_mixin.py:109} INFO - [2022-08-01 13:21:14,985] {dagbag.py:500} INFO - Filling up the DagBag from /home/airflow/.local/lib/python3.7/site-packages/airflow/example_dags/example_latest_only.py
[2022-08-01 13:21:15,107] {processor.py:637} INFO - DAG(s) dict_keys(['latest_only']) retrieved from /home/airflow/.local/lib/python3.7/site-packages/airflow/example_dags/example_latest_only.py
[2022-08-01 13:21:15,155] {logging_mixin.py:109} INFO - [2022-08-01 13:21:15,155] {dag.py:2396} INFO - Sync 1 DAGs
[2022-08-01 13:21:15,277] {logging_mixin.py:109} INFO - [2022-08-01 13:21:15,277] {dag.py:2928} INFO - Setting next_dagrun for latest_only to 2022-08-01T09:21:15.276834+00:00
[2022-08-01 13:21:15,348] {processor.py:171} INFO - Processing /home/airflow/.local/lib/python3.7/site-packages/airflow/example_dags/example_latest_only.py took 0.403 seconds
[2022-08-01 13:21:45,839] {processor.py:163} INFO - Started process (PID=158) to work on /home/airflow/.local/lib/python3.7/site-packages/airflow/example_dags/example_latest_only.py
[2022-08-01 13:21:45,840] {processor.py:625} INFO - Processing file /home/airflow/.local/lib/python3.7/site-packages/airflow/example_dags/example_latest_only.py for tasks to queue
[2022-08-01 13:21:45,841] {logging_mixin.py:109} INFO - [2022-08-01 13:21:45,841] {dagbag.py:500} INFO - Filling up the DagBag from /home/airflow/.local/lib/python3.7/site-packages/airflow/example_dags/example_latest_only.py
[2022-08-01 13:21:45,868] {processor.py:637} INFO - DAG(s) dict_keys(['latest_only']) retrieved from /home/airflow/.local/lib/python3.7/site-packages/airflow/example_dags/example_latest_only.py
[2022-08-01 13:21:45,878] {logging_mixin.py:109} INFO - [2022-08-01 13:21:45,878] {dag.py:2396} INFO - Sync 1 DAGs
[2022-08-01 13:21:45,894] {logging_mixin.py:109} INFO - [2022-08-01 13:21:45,894] {dag.py:2928} INFO - Setting next_dagrun for latest_only to 2022-08-01T09:21:45.894023+00:00
[2022-08-01 13:21:45,905] {processor.py:171} INFO - Processing /home/airflow/.local/lib/python3.7/site-packages/airflow/example_dags/example_latest_only.py took 0.070 seconds
[2022-08-01 13:22:16,077] {processor.py:163} INFO - Started process (PID=209) to work on /home/airflow/.local/lib/python3.7/site-packages/airflow/example_dags/example_latest_only.py
[2022-08-01 13:22:16,084] {processor.py:625} INFO - Processing file /home/airflow/.local/lib/python3.7/site-packages/airflow/example_dags/example_latest_only.py for tasks to queue
[2022-08-01 13:22:16,084] {logging_mixin.py:109} INFO - [2022-08-01 13:22:16,084] {dagbag.py:500} INFO - Filling up the DagBag from /home/airflow/.local/lib/python3.7/site-packages/airflow/example_dags/example_latest_only.py
[2022-08-01 13:22:16,102] {processor.py:637} INFO - DAG(s) dict_keys(['latest_only']) retrieved from /home/airflow/.local/lib/python3.7/site-packages/airflow/example_dags/example_latest_only.py
[2022-08-01 13:22:16,109] {logging_mixin.py:109} INFO - [2022-08-01 13:22:16,109] {dag.py:2396} INFO - Sync 1 DAGs
[2022-08-01 13:22:16,119] {logging_mixin.py:109} INFO - [2022-08-01 13:22:16,119] {dag.py:2928} INFO - Setting next_dagrun for latest_only to 2022-08-01T09:22:16.119046+00:00
[2022-08-01 13:22:16,128] {processor.py:171} INFO - Processing /home/airflow/.local/lib/python3.7/site-packages/airflow/example_dags/example_latest_only.py took 0.053 seconds
[2022-08-01 13:22:46,360] {processor.py:163} INFO - Started process (PID=268) to work on /home/airflow/.local/lib/python3.7/site-packages/airflow/example_dags/example_latest_only.py
[2022-08-01 13:22:46,366] {processor.py:625} INFO - Processing file /home/airflow/.local/lib/python3.7/site-packages/airflow/example_dags/example_latest_only.py for tasks to queue
[2022-08-01 13:22:46,367] {logging_mixin.py:109} INFO - [2022-08-01 13:22:46,367] {dagbag.py:500} INFO - Filling up the DagBag from /home/airflow/.local/lib/python3.7/site-packages/airflow/example_dags/example_latest_only.py
[2022-08-01 13:22:46,388] {processor.py:637} INFO - DAG(s) dict_keys(['latest_only']) retrieved from /home/airflow/.local/lib/python3.7/site-packages/airflow/example_dags/example_latest_only.py
[2022-08-01 13:22:46,397] {logging_mixin.py:109} INFO - [2022-08-01 13:22:46,397] {dag.py:2396} INFO - Sync 1 DAGs
[2022-08-01 13:22:46,409] {logging_mixin.py:109} INFO - [2022-08-01 13:22:46,409] {dag.py:2928} INFO - Setting next_dagrun for latest_only to 2022-08-01T09:22:46.409337+00:00
[2022-08-01 13:22:46,420] {processor.py:171} INFO - Processing /home/airflow/.local/lib/python3.7/site-packages/airflow/example_dags/example_latest_only.py took 0.062 seconds
[2022-08-01 13:23:16,607] {processor.py:163} INFO - Started process (PID=322) to work on /home/airflow/.local/lib/python3.7/site-packages/airflow/example_dags/example_latest_only.py
[2022-08-01 13:23:16,609] {processor.py:625} INFO - Processing file /home/airflow/.local/lib/python3.7/site-packages/airflow/example_dags/example_latest_only.py for tasks to queue
[2022-08-01 13:23:16,609] {logging_mixin.py:109} INFO - [2022-08-01 13:23:16,609] {dagbag.py:500} INFO - Filling up the DagBag from /home/airflow/.local/lib/python3.7/site-packages/airflow/example_dags/example_latest_only.py
[2022-08-01 13:23:16,637] {processor.py:637} INFO - DAG(s) dict_keys(['latest_only']) retrieved from /home/airflow/.local/lib/python3.7/site-packages/airflow/example_dags/example_latest_only.py
[2022-08-01 13:23:16,649] {logging_mixin.py:109} INFO - [2022-08-01 13:23:16,649] {dag.py:2396} INFO - Sync 1 DAGs
[2022-08-01 13:23:16,668] {logging_mixin.py:109} INFO - [2022-08-01 13:23:16,668] {dag.py:2928} INFO - Setting next_dagrun for latest_only to 2022-08-01T09:23:16.668477+00:00
[2022-08-01 13:23:16,683] {processor.py:171} INFO - Processing /home/airflow/.local/lib/python3.7/site-packages/airflow/example_dags/example_latest_only.py took 0.080 seconds
[2022-08-01 13:23:47,782] {processor.py:163} INFO - Started process (PID=375) to work on /home/airflow/.local/lib/python3.7/site-packages/airflow/example_dags/example_latest_only.py
[2022-08-01 13:23:47,783] {processor.py:625} INFO - Processing file /home/airflow/.local/lib/python3.7/site-packages/airflow/example_dags/example_latest_only.py for tasks to queue
[2022-08-01 13:23:47,784] {logging_mixin.py:109} INFO - [2022-08-01 13:23:47,784] {dagbag.py:500} INFO - Filling up the DagBag from /home/airflow/.local/lib/python3.7/site-packages/airflow/example_dags/example_latest_only.py
[2022-08-01 13:23:47,804] {processor.py:637} INFO - DAG(s) dict_keys(['latest_only']) retrieved from /home/airflow/.local/lib/python3.7/site-packages/airflow/example_dags/example_latest_only.py
[2022-08-01 13:23:47,812] {logging_mixin.py:109} INFO - [2022-08-01 13:23:47,812] {dag.py:2396} INFO - Sync 1 DAGs
[2022-08-01 13:23:47,826] {logging_mixin.py:109} INFO - [2022-08-01 13:23:47,826] {dag.py:2928} INFO - Setting next_dagrun for latest_only to 2022-08-01T09:23:47.826116+00:00
[2022-08-01 13:23:47,835] {processor.py:171} INFO - Processing /home/airflow/.local/lib/python3.7/site-packages/airflow/example_dags/example_latest_only.py took 0.057 seconds
[2022-08-01 13:24:18,898] {processor.py:163} INFO - Started process (PID=427) to work on /home/airflow/.local/lib/python3.7/site-packages/airflow/example_dags/example_latest_only.py
[2022-08-01 13:24:18,907] {processor.py:625} INFO - Processing file /home/airflow/.local/lib/python3.7/site-packages/airflow/example_dags/example_latest_only.py for tasks to queue
[2022-08-01 13:24:18,911] {logging_mixin.py:109} INFO - [2022-08-01 13:24:18,910] {dagbag.py:500} INFO - Filling up the DagBag from /home/airflow/.local/lib/python3.7/site-packages/airflow/example_dags/example_latest_only.py
[2022-08-01 13:24:19,008] {processor.py:637} INFO - DAG(s) dict_keys(['latest_only']) retrieved from /home/airflow/.local/lib/python3.7/site-packages/airflow/example_dags/example_latest_only.py
[2022-08-01 13:24:19,033] {logging_mixin.py:109} INFO - [2022-08-01 13:24:19,033] {dag.py:2396} INFO - Sync 1 DAGs
[2022-08-01 13:24:19,086] {logging_mixin.py:109} INFO - [2022-08-01 13:24:19,086] {dag.py:2928} INFO - Setting next_dagrun for latest_only to 2022-08-01T09:24:19.085502+00:00
[2022-08-01 13:24:19,109] {processor.py:171} INFO - Processing /home/airflow/.local/lib/python3.7/site-packages/airflow/example_dags/example_latest_only.py took 0.218 seconds
[2022-08-01 13:24:52,647] {processor.py:163} INFO - Started process (PID=479) to work on /home/airflow/.local/lib/python3.7/site-packages/airflow/example_dags/example_latest_only.py
[2022-08-01 13:24:52,660] {processor.py:625} INFO - Processing file /home/airflow/.local/lib/python3.7/site-packages/airflow/example_dags/example_latest_only.py for tasks to queue
[2022-08-01 13:24:52,662] {logging_mixin.py:109} INFO - [2022-08-01 13:24:52,661] {dagbag.py:500} INFO - Filling up the DagBag from /home/airflow/.local/lib/python3.7/site-packages/airflow/example_dags/example_latest_only.py
[2022-08-01 13:24:52,749] {processor.py:637} INFO - DAG(s) dict_keys(['latest_only']) retrieved from /home/airflow/.local/lib/python3.7/site-packages/airflow/example_dags/example_latest_only.py
[2022-08-01 13:24:52,784] {logging_mixin.py:109} INFO - [2022-08-01 13:24:52,783] {dag.py:2396} INFO - Sync 1 DAGs
[2022-08-01 13:24:52,868] {logging_mixin.py:109} INFO - [2022-08-01 13:24:52,868] {dag.py:2928} INFO - Setting next_dagrun for latest_only to 2022-08-01T09:24:52.867669+00:00
[2022-08-01 13:24:52,917] {processor.py:171} INFO - Processing /home/airflow/.local/lib/python3.7/site-packages/airflow/example_dags/example_latest_only.py took 0.278 seconds
[2022-08-01 13:25:23,815] {processor.py:163} INFO - Started process (PID=531) to work on /home/airflow/.local/lib/python3.7/site-packages/airflow/example_dags/example_latest_only.py
[2022-08-01 13:25:23,816] {processor.py:625} INFO - Processing file /home/airflow/.local/lib/python3.7/site-packages/airflow/example_dags/example_latest_only.py for tasks to queue
[2022-08-01 13:25:23,816] {logging_mixin.py:109} INFO - [2022-08-01 13:25:23,816] {dagbag.py:500} INFO - Filling up the DagBag from /home/airflow/.local/lib/python3.7/site-packages/airflow/example_dags/example_latest_only.py
[2022-08-01 13:25:23,842] {processor.py:637} INFO - DAG(s) dict_keys(['latest_only']) retrieved from /home/airflow/.local/lib/python3.7/site-packages/airflow/example_dags/example_latest_only.py
[2022-08-01 13:25:23,850] {logging_mixin.py:109} INFO - [2022-08-01 13:25:23,850] {dag.py:2396} INFO - Sync 1 DAGs
[2022-08-01 13:25:23,865] {logging_mixin.py:109} INFO - [2022-08-01 13:25:23,864] {dag.py:2928} INFO - Setting next_dagrun for latest_only to 2022-08-01T09:25:23.864666+00:00
[2022-08-01 13:25:23,876] {processor.py:171} INFO - Processing /home/airflow/.local/lib/python3.7/site-packages/airflow/example_dags/example_latest_only.py took 0.064 seconds
[2022-08-01 13:25:54,440] {processor.py:163} INFO - Started process (PID=584) to work on /home/airflow/.local/lib/python3.7/site-packages/airflow/example_dags/example_latest_only.py
[2022-08-01 13:25:54,447] {processor.py:625} INFO - Processing file /home/airflow/.local/lib/python3.7/site-packages/airflow/example_dags/example_latest_only.py for tasks to queue
[2022-08-01 13:25:54,448] {logging_mixin.py:109} INFO - [2022-08-01 13:25:54,448] {dagbag.py:500} INFO - Filling up the DagBag from /home/airflow/.local/lib/python3.7/site-packages/airflow/example_dags/example_latest_only.py
[2022-08-01 13:25:54,469] {processor.py:637} INFO - DAG(s) dict_keys(['latest_only']) retrieved from /home/airflow/.local/lib/python3.7/site-packages/airflow/example_dags/example_latest_only.py
[2022-08-01 13:25:54,478] {logging_mixin.py:109} INFO - [2022-08-01 13:25:54,478] {dag.py:2396} INFO - Sync 1 DAGs
[2022-08-01 13:25:54,492] {logging_mixin.py:109} INFO - [2022-08-01 13:25:54,492] {dag.py:2928} INFO - Setting next_dagrun for latest_only to 2022-08-01T09:25:54.492113+00:00
[2022-08-01 13:25:54,504] {processor.py:171} INFO - Processing /home/airflow/.local/lib/python3.7/site-packages/airflow/example_dags/example_latest_only.py took 0.066 seconds
[2022-08-01 13:26:24,934] {processor.py:163} INFO - Started process (PID=645) to work on /home/airflow/.local/lib/python3.7/site-packages/airflow/example_dags/example_latest_only.py
[2022-08-01 13:26:24,936] {processor.py:625} INFO - Processing file /home/airflow/.local/lib/python3.7/site-packages/airflow/example_dags/example_latest_only.py for tasks to queue
[2022-08-01 13:26:24,937] {logging_mixin.py:109} INFO - [2022-08-01 13:26:24,937] {dagbag.py:500} INFO - Filling up the DagBag from /home/airflow/.local/lib/python3.7/site-packages/airflow/example_dags/example_latest_only.py
[2022-08-01 13:26:24,986] {processor.py:637} INFO - DAG(s) dict_keys(['latest_only']) retrieved from /home/airflow/.local/lib/python3.7/site-packages/airflow/example_dags/example_latest_only.py
[2022-08-01 13:26:25,005] {logging_mixin.py:109} INFO - [2022-08-01 13:26:25,005] {dag.py:2396} INFO - Sync 1 DAGs
[2022-08-01 13:26:25,032] {logging_mixin.py:109} INFO - [2022-08-01 13:26:25,032] {dag.py:2928} INFO - Setting next_dagrun for latest_only to 2022-08-01T09:26:25.032417+00:00
[2022-08-01 13:26:25,049] {processor.py:171} INFO - Processing /home/airflow/.local/lib/python3.7/site-packages/airflow/example_dags/example_latest_only.py took 0.120 seconds
[2022-08-01 13:26:55,532] {processor.py:163} INFO - Started process (PID=697) to work on /home/airflow/.local/lib/python3.7/site-packages/airflow/example_dags/example_latest_only.py
[2022-08-01 13:26:55,534] {processor.py:625} INFO - Processing file /home/airflow/.local/lib/python3.7/site-packages/airflow/example_dags/example_latest_only.py for tasks to queue
[2022-08-01 13:26:55,534] {logging_mixin.py:109} INFO - [2022-08-01 13:26:55,534] {dagbag.py:500} INFO - Filling up the DagBag from /home/airflow/.local/lib/python3.7/site-packages/airflow/example_dags/example_latest_only.py
[2022-08-01 13:26:55,556] {processor.py:637} INFO - DAG(s) dict_keys(['latest_only']) retrieved from /home/airflow/.local/lib/python3.7/site-packages/airflow/example_dags/example_latest_only.py
[2022-08-01 13:26:55,565] {logging_mixin.py:109} INFO - [2022-08-01 13:26:55,565] {dag.py:2396} INFO - Sync 1 DAGs
[2022-08-01 13:26:55,578] {logging_mixin.py:109} INFO - [2022-08-01 13:26:55,578] {dag.py:2928} INFO - Setting next_dagrun for latest_only to 2022-08-01T09:26:55.578464+00:00
[2022-08-01 13:26:55,587] {processor.py:171} INFO - Processing /home/airflow/.local/lib/python3.7/site-packages/airflow/example_dags/example_latest_only.py took 0.059 seconds
[2022-08-01 13:27:25,882] {processor.py:163} INFO - Started process (PID=749) to work on /home/airflow/.local/lib/python3.7/site-packages/airflow/example_dags/example_latest_only.py
[2022-08-01 13:27:25,883] {processor.py:625} INFO - Processing file /home/airflow/.local/lib/python3.7/site-packages/airflow/example_dags/example_latest_only.py for tasks to queue
[2022-08-01 13:27:25,883] {logging_mixin.py:109} INFO - [2022-08-01 13:27:25,883] {dagbag.py:500} INFO - Filling up the DagBag from /home/airflow/.local/lib/python3.7/site-packages/airflow/example_dags/example_latest_only.py
[2022-08-01 13:27:25,906] {processor.py:637} INFO - DAG(s) dict_keys(['latest_only']) retrieved from /home/airflow/.local/lib/python3.7/site-packages/airflow/example_dags/example_latest_only.py
[2022-08-01 13:27:25,915] {logging_mixin.py:109} INFO - [2022-08-01 13:27:25,915] {dag.py:2396} INFO - Sync 1 DAGs
[2022-08-01 13:27:25,929] {logging_mixin.py:109} INFO - [2022-08-01 13:27:25,929] {dag.py:2928} INFO - Setting next_dagrun for latest_only to 2022-08-01T09:27:25.929128+00:00
[2022-08-01 13:27:25,940] {processor.py:171} INFO - Processing /home/airflow/.local/lib/python3.7/site-packages/airflow/example_dags/example_latest_only.py took 0.061 seconds
[2022-08-01 13:27:56,532] {processor.py:163} INFO - Started process (PID=801) to work on /home/airflow/.local/lib/python3.7/site-packages/airflow/example_dags/example_latest_only.py
[2022-08-01 13:27:56,533] {processor.py:625} INFO - Processing file /home/airflow/.local/lib/python3.7/site-packages/airflow/example_dags/example_latest_only.py for tasks to queue
[2022-08-01 13:27:56,533] {logging_mixin.py:109} INFO - [2022-08-01 13:27:56,533] {dagbag.py:500} INFO - Filling up the DagBag from /home/airflow/.local/lib/python3.7/site-packages/airflow/example_dags/example_latest_only.py
[2022-08-01 13:27:56,554] {processor.py:637} INFO - DAG(s) dict_keys(['latest_only']) retrieved from /home/airflow/.local/lib/python3.7/site-packages/airflow/example_dags/example_latest_only.py
[2022-08-01 13:27:56,562] {logging_mixin.py:109} INFO - [2022-08-01 13:27:56,562] {dag.py:2396} INFO - Sync 1 DAGs
[2022-08-01 13:27:56,573] {logging_mixin.py:109} INFO - [2022-08-01 13:27:56,573] {dag.py:2928} INFO - Setting next_dagrun for latest_only to 2022-08-01T09:27:56.572964+00:00
[2022-08-01 13:27:56,581] {processor.py:171} INFO - Processing /home/airflow/.local/lib/python3.7/site-packages/airflow/example_dags/example_latest_only.py took 0.052 seconds
[2022-08-01 13:28:26,880] {processor.py:163} INFO - Started process (PID=862) to work on /home/airflow/.local/lib/python3.7/site-packages/airflow/example_dags/example_latest_only.py
[2022-08-01 13:28:26,881] {processor.py:625} INFO - Processing file /home/airflow/.local/lib/python3.7/site-packages/airflow/example_dags/example_latest_only.py for tasks to queue
[2022-08-01 13:28:26,881] {logging_mixin.py:109} INFO - [2022-08-01 13:28:26,881] {dagbag.py:500} INFO - Filling up the DagBag from /home/airflow/.local/lib/python3.7/site-packages/airflow/example_dags/example_latest_only.py
[2022-08-01 13:28:26,902] {processor.py:637} INFO - DAG(s) dict_keys(['latest_only']) retrieved from /home/airflow/.local/lib/python3.7/site-packages/airflow/example_dags/example_latest_only.py
[2022-08-01 13:28:26,910] {logging_mixin.py:109} INFO - [2022-08-01 13:28:26,910] {dag.py:2396} INFO - Sync 1 DAGs
[2022-08-01 13:28:26,920] {logging_mixin.py:109} INFO - [2022-08-01 13:28:26,920] {dag.py:2928} INFO - Setting next_dagrun for latest_only to 2022-08-01T09:28:26.920477+00:00
[2022-08-01 13:28:26,928] {processor.py:171} INFO - Processing /home/airflow/.local/lib/python3.7/site-packages/airflow/example_dags/example_latest_only.py took 0.051 seconds
[2022-08-01 13:28:57,073] {processor.py:163} INFO - Started process (PID=913) to work on /home/airflow/.local/lib/python3.7/site-packages/airflow/example_dags/example_latest_only.py
[2022-08-01 13:28:57,081] {processor.py:625} INFO - Processing file /home/airflow/.local/lib/python3.7/site-packages/airflow/example_dags/example_latest_only.py for tasks to queue
[2022-08-01 13:28:57,082] {logging_mixin.py:109} INFO - [2022-08-01 13:28:57,082] {dagbag.py:500} INFO - Filling up the DagBag from /home/airflow/.local/lib/python3.7/site-packages/airflow/example_dags/example_latest_only.py
[2022-08-01 13:28:57,102] {processor.py:637} INFO - DAG(s) dict_keys(['latest_only']) retrieved from /home/airflow/.local/lib/python3.7/site-packages/airflow/example_dags/example_latest_only.py
[2022-08-01 13:28:57,109] {logging_mixin.py:109} INFO - [2022-08-01 13:28:57,109] {dag.py:2396} INFO - Sync 1 DAGs
[2022-08-01 13:28:57,121] {logging_mixin.py:109} INFO - [2022-08-01 13:28:57,121] {dag.py:2928} INFO - Setting next_dagrun for latest_only to 2022-08-01T09:28:57.121702+00:00
[2022-08-01 13:28:57,129] {processor.py:171} INFO - Processing /home/airflow/.local/lib/python3.7/site-packages/airflow/example_dags/example_latest_only.py took 0.059 seconds
[2022-08-01 13:29:27,364] {processor.py:163} INFO - Started process (PID=974) to work on /home/airflow/.local/lib/python3.7/site-packages/airflow/example_dags/example_latest_only.py
[2022-08-01 13:29:27,365] {processor.py:625} INFO - Processing file /home/airflow/.local/lib/python3.7/site-packages/airflow/example_dags/example_latest_only.py for tasks to queue
[2022-08-01 13:29:27,366] {logging_mixin.py:109} INFO - [2022-08-01 13:29:27,365] {dagbag.py:500} INFO - Filling up the DagBag from /home/airflow/.local/lib/python3.7/site-packages/airflow/example_dags/example_latest_only.py
[2022-08-01 13:29:27,395] {processor.py:637} INFO - DAG(s) dict_keys(['latest_only']) retrieved from /home/airflow/.local/lib/python3.7/site-packages/airflow/example_dags/example_latest_only.py
[2022-08-01 13:29:27,405] {logging_mixin.py:109} INFO - [2022-08-01 13:29:27,405] {dag.py:2396} INFO - Sync 1 DAGs
[2022-08-01 13:29:27,420] {logging_mixin.py:109} INFO - [2022-08-01 13:29:27,420] {dag.py:2928} INFO - Setting next_dagrun for latest_only to 2022-08-01T09:29:27.420294+00:00
[2022-08-01 13:29:27,433] {processor.py:171} INFO - Processing /home/airflow/.local/lib/python3.7/site-packages/airflow/example_dags/example_latest_only.py took 0.073 seconds
[2022-08-01 13:29:57,922] {processor.py:163} INFO - Started process (PID=1026) to work on /home/airflow/.local/lib/python3.7/site-packages/airflow/example_dags/example_latest_only.py
[2022-08-01 13:29:57,926] {processor.py:625} INFO - Processing file /home/airflow/.local/lib/python3.7/site-packages/airflow/example_dags/example_latest_only.py for tasks to queue
[2022-08-01 13:29:57,927] {logging_mixin.py:109} INFO - [2022-08-01 13:29:57,927] {dagbag.py:500} INFO - Filling up the DagBag from /home/airflow/.local/lib/python3.7/site-packages/airflow/example_dags/example_latest_only.py
[2022-08-01 13:29:57,953] {processor.py:637} INFO - DAG(s) dict_keys(['latest_only']) retrieved from /home/airflow/.local/lib/python3.7/site-packages/airflow/example_dags/example_latest_only.py
[2022-08-01 13:29:57,964] {logging_mixin.py:109} INFO - [2022-08-01 13:29:57,964] {dag.py:2396} INFO - Sync 1 DAGs
[2022-08-01 13:29:57,981] {logging_mixin.py:109} INFO - [2022-08-01 13:29:57,981] {dag.py:2928} INFO - Setting next_dagrun for latest_only to 2022-08-01T09:29:57.980700+00:00
[2022-08-01 13:29:57,991] {processor.py:171} INFO - Processing /home/airflow/.local/lib/python3.7/site-packages/airflow/example_dags/example_latest_only.py took 0.072 seconds
[2022-08-01 13:30:28,510] {processor.py:163} INFO - Started process (PID=1079) to work on /home/airflow/.local/lib/python3.7/site-packages/airflow/example_dags/example_latest_only.py
[2022-08-01 13:30:28,513] {processor.py:625} INFO - Processing file /home/airflow/.local/lib/python3.7/site-packages/airflow/example_dags/example_latest_only.py for tasks to queue
[2022-08-01 13:30:28,514] {logging_mixin.py:109} INFO - [2022-08-01 13:30:28,514] {dagbag.py:500} INFO - Filling up the DagBag from /home/airflow/.local/lib/python3.7/site-packages/airflow/example_dags/example_latest_only.py
[2022-08-01 13:30:28,567] {processor.py:637} INFO - DAG(s) dict_keys(['latest_only']) retrieved from /home/airflow/.local/lib/python3.7/site-packages/airflow/example_dags/example_latest_only.py
[2022-08-01 13:30:28,585] {logging_mixin.py:109} INFO - [2022-08-01 13:30:28,585] {dag.py:2396} INFO - Sync 1 DAGs
[2022-08-01 13:30:28,615] {logging_mixin.py:109} INFO - [2022-08-01 13:30:28,614] {dag.py:2928} INFO - Setting next_dagrun for latest_only to 2022-08-01T09:30:28.614337+00:00
[2022-08-01 13:30:28,633] {processor.py:171} INFO - Processing /home/airflow/.local/lib/python3.7/site-packages/airflow/example_dags/example_latest_only.py took 0.128 seconds
