[2022-08-01 12:25:37,991] {processor.py:163} INFO - Started process (PID=65) to work on /home/airflow/.local/lib/python3.7/site-packages/airflow/example_dags/example_latest_only_with_trigger.py
[2022-08-01 12:25:37,992] {processor.py:625} INFO - Processing file /home/airflow/.local/lib/python3.7/site-packages/airflow/example_dags/example_latest_only_with_trigger.py for tasks to queue
[2022-08-01 12:25:37,993] {logging_mixin.py:109} INFO - [2022-08-01 12:25:37,993] {dagbag.py:500} INFO - Filling up the DagBag from /home/airflow/.local/lib/python3.7/site-packages/airflow/example_dags/example_latest_only_with_trigger.py
[2022-08-01 12:25:38,030] {processor.py:637} INFO - DAG(s) dict_keys(['latest_only_with_trigger']) retrieved from /home/airflow/.local/lib/python3.7/site-packages/airflow/example_dags/example_latest_only_with_trigger.py
[2022-08-01 12:25:38,043] {logging_mixin.py:109} INFO - [2022-08-01 12:25:38,043] {dag.py:2396} INFO - Sync 1 DAGs
[2022-08-01 12:25:38,064] {logging_mixin.py:109} INFO - [2022-08-01 12:25:38,064] {dag.py:2928} INFO - Setting next_dagrun for latest_only_with_trigger to 2022-08-01T08:25:38.063661+00:00
[2022-08-01 12:25:38,079] {processor.py:171} INFO - Processing /home/airflow/.local/lib/python3.7/site-packages/airflow/example_dags/example_latest_only_with_trigger.py took 0.092 seconds
[2022-08-01 12:26:08,097] {processor.py:163} INFO - Started process (PID=117) to work on /home/airflow/.local/lib/python3.7/site-packages/airflow/example_dags/example_latest_only_with_trigger.py
[2022-08-01 12:26:08,099] {processor.py:625} INFO - Processing file /home/airflow/.local/lib/python3.7/site-packages/airflow/example_dags/example_latest_only_with_trigger.py for tasks to queue
[2022-08-01 12:26:08,100] {logging_mixin.py:109} INFO - [2022-08-01 12:26:08,100] {dagbag.py:500} INFO - Filling up the DagBag from /home/airflow/.local/lib/python3.7/site-packages/airflow/example_dags/example_latest_only_with_trigger.py
[2022-08-01 12:26:08,130] {processor.py:637} INFO - DAG(s) dict_keys(['latest_only_with_trigger']) retrieved from /home/airflow/.local/lib/python3.7/site-packages/airflow/example_dags/example_latest_only_with_trigger.py
[2022-08-01 12:26:08,142] {logging_mixin.py:109} INFO - [2022-08-01 12:26:08,142] {dag.py:2396} INFO - Sync 1 DAGs
[2022-08-01 12:26:08,159] {logging_mixin.py:109} INFO - [2022-08-01 12:26:08,159] {dag.py:2928} INFO - Setting next_dagrun for latest_only_with_trigger to 2022-08-01T08:26:08.158943+00:00
[2022-08-01 12:26:08,170] {processor.py:171} INFO - Processing /home/airflow/.local/lib/python3.7/site-packages/airflow/example_dags/example_latest_only_with_trigger.py took 0.078 seconds
[2022-08-01 12:26:38,541] {processor.py:163} INFO - Started process (PID=169) to work on /home/airflow/.local/lib/python3.7/site-packages/airflow/example_dags/example_latest_only_with_trigger.py
[2022-08-01 12:26:38,543] {processor.py:625} INFO - Processing file /home/airflow/.local/lib/python3.7/site-packages/airflow/example_dags/example_latest_only_with_trigger.py for tasks to queue
[2022-08-01 12:26:38,544] {logging_mixin.py:109} INFO - [2022-08-01 12:26:38,544] {dagbag.py:500} INFO - Filling up the DagBag from /home/airflow/.local/lib/python3.7/site-packages/airflow/example_dags/example_latest_only_with_trigger.py
[2022-08-01 12:26:38,575] {processor.py:637} INFO - DAG(s) dict_keys(['latest_only_with_trigger']) retrieved from /home/airflow/.local/lib/python3.7/site-packages/airflow/example_dags/example_latest_only_with_trigger.py
[2022-08-01 12:26:38,588] {logging_mixin.py:109} INFO - [2022-08-01 12:26:38,588] {dag.py:2396} INFO - Sync 1 DAGs
[2022-08-01 12:26:38,611] {logging_mixin.py:109} INFO - [2022-08-01 12:26:38,610] {dag.py:2928} INFO - Setting next_dagrun for latest_only_with_trigger to 2022-08-01T08:26:38.610363+00:00
[2022-08-01 12:26:38,626] {processor.py:171} INFO - Processing /home/airflow/.local/lib/python3.7/site-packages/airflow/example_dags/example_latest_only_with_trigger.py took 0.089 seconds
[2022-08-01 12:27:09,535] {processor.py:163} INFO - Started process (PID=230) to work on /home/airflow/.local/lib/python3.7/site-packages/airflow/example_dags/example_latest_only_with_trigger.py
[2022-08-01 12:27:09,539] {processor.py:625} INFO - Processing file /home/airflow/.local/lib/python3.7/site-packages/airflow/example_dags/example_latest_only_with_trigger.py for tasks to queue
[2022-08-01 12:27:09,540] {logging_mixin.py:109} INFO - [2022-08-01 12:27:09,540] {dagbag.py:500} INFO - Filling up the DagBag from /home/airflow/.local/lib/python3.7/site-packages/airflow/example_dags/example_latest_only_with_trigger.py
[2022-08-01 12:27:09,602] {processor.py:637} INFO - DAG(s) dict_keys(['latest_only_with_trigger']) retrieved from /home/airflow/.local/lib/python3.7/site-packages/airflow/example_dags/example_latest_only_with_trigger.py
[2022-08-01 12:27:09,627] {logging_mixin.py:109} INFO - [2022-08-01 12:27:09,627] {dag.py:2396} INFO - Sync 1 DAGs
[2022-08-01 12:27:09,662] {logging_mixin.py:109} INFO - [2022-08-01 12:27:09,662] {dag.py:2928} INFO - Setting next_dagrun for latest_only_with_trigger to 2022-08-01T08:27:09.661851+00:00
[2022-08-01 12:27:09,685] {processor.py:171} INFO - Processing /home/airflow/.local/lib/python3.7/site-packages/airflow/example_dags/example_latest_only_with_trigger.py took 0.161 seconds
[2022-08-01 12:27:39,711] {processor.py:163} INFO - Started process (PID=281) to work on /home/airflow/.local/lib/python3.7/site-packages/airflow/example_dags/example_latest_only_with_trigger.py
[2022-08-01 12:27:39,712] {processor.py:625} INFO - Processing file /home/airflow/.local/lib/python3.7/site-packages/airflow/example_dags/example_latest_only_with_trigger.py for tasks to queue
[2022-08-01 12:27:39,712] {logging_mixin.py:109} INFO - [2022-08-01 12:27:39,712] {dagbag.py:500} INFO - Filling up the DagBag from /home/airflow/.local/lib/python3.7/site-packages/airflow/example_dags/example_latest_only_with_trigger.py
[2022-08-01 12:27:39,731] {processor.py:637} INFO - DAG(s) dict_keys(['latest_only_with_trigger']) retrieved from /home/airflow/.local/lib/python3.7/site-packages/airflow/example_dags/example_latest_only_with_trigger.py
[2022-08-01 12:27:39,738] {logging_mixin.py:109} INFO - [2022-08-01 12:27:39,738] {dag.py:2396} INFO - Sync 1 DAGs
[2022-08-01 12:27:39,750] {logging_mixin.py:109} INFO - [2022-08-01 12:27:39,750] {dag.py:2928} INFO - Setting next_dagrun for latest_only_with_trigger to 2022-08-01T08:27:39.749913+00:00
[2022-08-01 12:27:39,757] {processor.py:171} INFO - Processing /home/airflow/.local/lib/python3.7/site-packages/airflow/example_dags/example_latest_only_with_trigger.py took 0.049 seconds
[2022-08-01 12:28:10,986] {processor.py:163} INFO - Started process (PID=342) to work on /home/airflow/.local/lib/python3.7/site-packages/airflow/example_dags/example_latest_only_with_trigger.py
[2022-08-01 12:28:10,987] {processor.py:625} INFO - Processing file /home/airflow/.local/lib/python3.7/site-packages/airflow/example_dags/example_latest_only_with_trigger.py for tasks to queue
[2022-08-01 12:28:10,987] {logging_mixin.py:109} INFO - [2022-08-01 12:28:10,987] {dagbag.py:500} INFO - Filling up the DagBag from /home/airflow/.local/lib/python3.7/site-packages/airflow/example_dags/example_latest_only_with_trigger.py
[2022-08-01 12:28:11,013] {processor.py:637} INFO - DAG(s) dict_keys(['latest_only_with_trigger']) retrieved from /home/airflow/.local/lib/python3.7/site-packages/airflow/example_dags/example_latest_only_with_trigger.py
[2022-08-01 12:28:11,025] {logging_mixin.py:109} INFO - [2022-08-01 12:28:11,025] {dag.py:2396} INFO - Sync 1 DAGs
[2022-08-01 12:28:11,041] {logging_mixin.py:109} INFO - [2022-08-01 12:28:11,041] {dag.py:2928} INFO - Setting next_dagrun for latest_only_with_trigger to 2022-08-01T08:28:11.041546+00:00
[2022-08-01 12:28:11,052] {processor.py:171} INFO - Processing /home/airflow/.local/lib/python3.7/site-packages/airflow/example_dags/example_latest_only_with_trigger.py took 0.070 seconds
[2022-08-01 12:28:41,431] {processor.py:163} INFO - Started process (PID=394) to work on /home/airflow/.local/lib/python3.7/site-packages/airflow/example_dags/example_latest_only_with_trigger.py
[2022-08-01 12:28:41,433] {processor.py:625} INFO - Processing file /home/airflow/.local/lib/python3.7/site-packages/airflow/example_dags/example_latest_only_with_trigger.py for tasks to queue
[2022-08-01 12:28:41,433] {logging_mixin.py:109} INFO - [2022-08-01 12:28:41,433] {dagbag.py:500} INFO - Filling up the DagBag from /home/airflow/.local/lib/python3.7/site-packages/airflow/example_dags/example_latest_only_with_trigger.py
[2022-08-01 12:28:41,454] {processor.py:637} INFO - DAG(s) dict_keys(['latest_only_with_trigger']) retrieved from /home/airflow/.local/lib/python3.7/site-packages/airflow/example_dags/example_latest_only_with_trigger.py
[2022-08-01 12:28:41,463] {logging_mixin.py:109} INFO - [2022-08-01 12:28:41,462] {dag.py:2396} INFO - Sync 1 DAGs
[2022-08-01 12:28:41,475] {logging_mixin.py:109} INFO - [2022-08-01 12:28:41,474] {dag.py:2928} INFO - Setting next_dagrun for latest_only_with_trigger to 2022-08-01T08:28:41.474677+00:00
[2022-08-01 12:28:41,483] {processor.py:171} INFO - Processing /home/airflow/.local/lib/python3.7/site-packages/airflow/example_dags/example_latest_only_with_trigger.py took 0.055 seconds
[2022-08-01 12:29:13,088] {processor.py:163} INFO - Started process (PID=456) to work on /home/airflow/.local/lib/python3.7/site-packages/airflow/example_dags/example_latest_only_with_trigger.py
[2022-08-01 12:29:13,090] {processor.py:625} INFO - Processing file /home/airflow/.local/lib/python3.7/site-packages/airflow/example_dags/example_latest_only_with_trigger.py for tasks to queue
[2022-08-01 12:29:13,091] {logging_mixin.py:109} INFO - [2022-08-01 12:29:13,091] {dagbag.py:500} INFO - Filling up the DagBag from /home/airflow/.local/lib/python3.7/site-packages/airflow/example_dags/example_latest_only_with_trigger.py
[2022-08-01 12:29:13,132] {processor.py:637} INFO - DAG(s) dict_keys(['latest_only_with_trigger']) retrieved from /home/airflow/.local/lib/python3.7/site-packages/airflow/example_dags/example_latest_only_with_trigger.py
[2022-08-01 12:29:13,147] {logging_mixin.py:109} INFO - [2022-08-01 12:29:13,147] {dag.py:2396} INFO - Sync 1 DAGs
[2022-08-01 12:29:13,170] {logging_mixin.py:109} INFO - [2022-08-01 12:29:13,169] {dag.py:2928} INFO - Setting next_dagrun for latest_only_with_trigger to 2022-08-01T08:29:13.169442+00:00
[2022-08-01 12:29:13,182] {processor.py:171} INFO - Processing /home/airflow/.local/lib/python3.7/site-packages/airflow/example_dags/example_latest_only_with_trigger.py took 0.102 seconds
[2022-08-01 12:29:43,568] {processor.py:163} INFO - Started process (PID=508) to work on /home/airflow/.local/lib/python3.7/site-packages/airflow/example_dags/example_latest_only_with_trigger.py
[2022-08-01 12:29:43,569] {processor.py:625} INFO - Processing file /home/airflow/.local/lib/python3.7/site-packages/airflow/example_dags/example_latest_only_with_trigger.py for tasks to queue
[2022-08-01 12:29:43,570] {logging_mixin.py:109} INFO - [2022-08-01 12:29:43,570] {dagbag.py:500} INFO - Filling up the DagBag from /home/airflow/.local/lib/python3.7/site-packages/airflow/example_dags/example_latest_only_with_trigger.py
[2022-08-01 12:29:43,603] {processor.py:637} INFO - DAG(s) dict_keys(['latest_only_with_trigger']) retrieved from /home/airflow/.local/lib/python3.7/site-packages/airflow/example_dags/example_latest_only_with_trigger.py
[2022-08-01 12:29:43,625] {logging_mixin.py:109} INFO - [2022-08-01 12:29:43,624] {dag.py:2396} INFO - Sync 1 DAGs
[2022-08-01 12:29:43,647] {logging_mixin.py:109} INFO - [2022-08-01 12:29:43,646] {dag.py:2928} INFO - Setting next_dagrun for latest_only_with_trigger to 2022-08-01T08:29:43.646606+00:00
[2022-08-01 12:29:43,659] {processor.py:171} INFO - Processing /home/airflow/.local/lib/python3.7/site-packages/airflow/example_dags/example_latest_only_with_trigger.py took 0.095 seconds
[2022-08-01 12:30:14,174] {processor.py:163} INFO - Started process (PID=569) to work on /home/airflow/.local/lib/python3.7/site-packages/airflow/example_dags/example_latest_only_with_trigger.py
[2022-08-01 12:30:14,176] {processor.py:625} INFO - Processing file /home/airflow/.local/lib/python3.7/site-packages/airflow/example_dags/example_latest_only_with_trigger.py for tasks to queue
[2022-08-01 12:30:14,176] {logging_mixin.py:109} INFO - [2022-08-01 12:30:14,176] {dagbag.py:500} INFO - Filling up the DagBag from /home/airflow/.local/lib/python3.7/site-packages/airflow/example_dags/example_latest_only_with_trigger.py
[2022-08-01 12:30:14,208] {processor.py:637} INFO - DAG(s) dict_keys(['latest_only_with_trigger']) retrieved from /home/airflow/.local/lib/python3.7/site-packages/airflow/example_dags/example_latest_only_with_trigger.py
[2022-08-01 12:30:14,220] {logging_mixin.py:109} INFO - [2022-08-01 12:30:14,220] {dag.py:2396} INFO - Sync 1 DAGs
[2022-08-01 12:30:14,236] {logging_mixin.py:109} INFO - [2022-08-01 12:30:14,236] {dag.py:2928} INFO - Setting next_dagrun for latest_only_with_trigger to 2022-08-01T08:30:14.236101+00:00
[2022-08-01 12:30:14,249] {processor.py:171} INFO - Processing /home/airflow/.local/lib/python3.7/site-packages/airflow/example_dags/example_latest_only_with_trigger.py took 0.078 seconds
[2022-08-01 12:30:47,730] {processor.py:163} INFO - Started process (PID=622) to work on /home/airflow/.local/lib/python3.7/site-packages/airflow/example_dags/example_latest_only_with_trigger.py
[2022-08-01 12:30:47,732] {processor.py:625} INFO - Processing file /home/airflow/.local/lib/python3.7/site-packages/airflow/example_dags/example_latest_only_with_trigger.py for tasks to queue
[2022-08-01 12:30:47,733] {logging_mixin.py:109} INFO - [2022-08-01 12:30:47,733] {dagbag.py:500} INFO - Filling up the DagBag from /home/airflow/.local/lib/python3.7/site-packages/airflow/example_dags/example_latest_only_with_trigger.py
[2022-08-01 12:30:47,787] {processor.py:637} INFO - DAG(s) dict_keys(['latest_only_with_trigger']) retrieved from /home/airflow/.local/lib/python3.7/site-packages/airflow/example_dags/example_latest_only_with_trigger.py
[2022-08-01 12:30:47,808] {logging_mixin.py:109} INFO - [2022-08-01 12:30:47,808] {dag.py:2396} INFO - Sync 1 DAGs
[2022-08-01 12:30:47,837] {logging_mixin.py:109} INFO - [2022-08-01 12:30:47,837] {dag.py:2928} INFO - Setting next_dagrun for latest_only_with_trigger to 2022-08-01T08:30:47.836800+00:00
[2022-08-01 12:30:47,855] {processor.py:171} INFO - Processing /home/airflow/.local/lib/python3.7/site-packages/airflow/example_dags/example_latest_only_with_trigger.py took 0.130 seconds
[2022-08-01 12:31:17,906] {processor.py:163} INFO - Started process (PID=682) to work on /home/airflow/.local/lib/python3.7/site-packages/airflow/example_dags/example_latest_only_with_trigger.py
[2022-08-01 12:31:17,908] {processor.py:625} INFO - Processing file /home/airflow/.local/lib/python3.7/site-packages/airflow/example_dags/example_latest_only_with_trigger.py for tasks to queue
[2022-08-01 12:31:17,908] {logging_mixin.py:109} INFO - [2022-08-01 12:31:17,908] {dagbag.py:500} INFO - Filling up the DagBag from /home/airflow/.local/lib/python3.7/site-packages/airflow/example_dags/example_latest_only_with_trigger.py
[2022-08-01 12:31:17,942] {processor.py:637} INFO - DAG(s) dict_keys(['latest_only_with_trigger']) retrieved from /home/airflow/.local/lib/python3.7/site-packages/airflow/example_dags/example_latest_only_with_trigger.py
[2022-08-01 12:31:17,954] {logging_mixin.py:109} INFO - [2022-08-01 12:31:17,954] {dag.py:2396} INFO - Sync 1 DAGs
[2022-08-01 12:31:17,977] {logging_mixin.py:109} INFO - [2022-08-01 12:31:17,976] {dag.py:2928} INFO - Setting next_dagrun for latest_only_with_trigger to 2022-08-01T08:31:17.976601+00:00
[2022-08-01 12:31:17,988] {processor.py:171} INFO - Processing /home/airflow/.local/lib/python3.7/site-packages/airflow/example_dags/example_latest_only_with_trigger.py took 0.087 seconds
[2022-08-01 12:31:49,161] {processor.py:163} INFO - Started process (PID=734) to work on /home/airflow/.local/lib/python3.7/site-packages/airflow/example_dags/example_latest_only_with_trigger.py
[2022-08-01 12:31:49,163] {processor.py:625} INFO - Processing file /home/airflow/.local/lib/python3.7/site-packages/airflow/example_dags/example_latest_only_with_trigger.py for tasks to queue
[2022-08-01 12:31:49,163] {logging_mixin.py:109} INFO - [2022-08-01 12:31:49,163] {dagbag.py:500} INFO - Filling up the DagBag from /home/airflow/.local/lib/python3.7/site-packages/airflow/example_dags/example_latest_only_with_trigger.py
[2022-08-01 12:31:49,190] {processor.py:637} INFO - DAG(s) dict_keys(['latest_only_with_trigger']) retrieved from /home/airflow/.local/lib/python3.7/site-packages/airflow/example_dags/example_latest_only_with_trigger.py
[2022-08-01 12:31:49,201] {logging_mixin.py:109} INFO - [2022-08-01 12:31:49,201] {dag.py:2396} INFO - Sync 1 DAGs
[2022-08-01 12:31:49,218] {logging_mixin.py:109} INFO - [2022-08-01 12:31:49,217] {dag.py:2928} INFO - Setting next_dagrun for latest_only_with_trigger to 2022-08-01T08:31:49.217659+00:00
[2022-08-01 12:31:49,228] {processor.py:171} INFO - Processing /home/airflow/.local/lib/python3.7/site-packages/airflow/example_dags/example_latest_only_with_trigger.py took 0.071 seconds
[2022-08-01 12:32:19,339] {processor.py:163} INFO - Started process (PID=786) to work on /home/airflow/.local/lib/python3.7/site-packages/airflow/example_dags/example_latest_only_with_trigger.py
[2022-08-01 12:32:19,340] {processor.py:625} INFO - Processing file /home/airflow/.local/lib/python3.7/site-packages/airflow/example_dags/example_latest_only_with_trigger.py for tasks to queue
[2022-08-01 12:32:19,341] {logging_mixin.py:109} INFO - [2022-08-01 12:32:19,340] {dagbag.py:500} INFO - Filling up the DagBag from /home/airflow/.local/lib/python3.7/site-packages/airflow/example_dags/example_latest_only_with_trigger.py
[2022-08-01 12:32:19,368] {processor.py:637} INFO - DAG(s) dict_keys(['latest_only_with_trigger']) retrieved from /home/airflow/.local/lib/python3.7/site-packages/airflow/example_dags/example_latest_only_with_trigger.py
[2022-08-01 12:32:19,378] {logging_mixin.py:109} INFO - [2022-08-01 12:32:19,378] {dag.py:2396} INFO - Sync 1 DAGs
[2022-08-01 12:32:19,393] {logging_mixin.py:109} INFO - [2022-08-01 12:32:19,393] {dag.py:2928} INFO - Setting next_dagrun for latest_only_with_trigger to 2022-08-01T08:32:19.392796+00:00
[2022-08-01 12:32:19,404] {processor.py:171} INFO - Processing /home/airflow/.local/lib/python3.7/site-packages/airflow/example_dags/example_latest_only_with_trigger.py took 0.068 seconds
[2022-08-01 12:32:50,297] {processor.py:163} INFO - Started process (PID=848) to work on /home/airflow/.local/lib/python3.7/site-packages/airflow/example_dags/example_latest_only_with_trigger.py
[2022-08-01 12:32:50,298] {processor.py:625} INFO - Processing file /home/airflow/.local/lib/python3.7/site-packages/airflow/example_dags/example_latest_only_with_trigger.py for tasks to queue
[2022-08-01 12:32:50,299] {logging_mixin.py:109} INFO - [2022-08-01 12:32:50,299] {dagbag.py:500} INFO - Filling up the DagBag from /home/airflow/.local/lib/python3.7/site-packages/airflow/example_dags/example_latest_only_with_trigger.py
[2022-08-01 12:32:50,336] {processor.py:637} INFO - DAG(s) dict_keys(['latest_only_with_trigger']) retrieved from /home/airflow/.local/lib/python3.7/site-packages/airflow/example_dags/example_latest_only_with_trigger.py
[2022-08-01 12:32:50,350] {logging_mixin.py:109} INFO - [2022-08-01 12:32:50,350] {dag.py:2396} INFO - Sync 1 DAGs
[2022-08-01 12:32:50,371] {logging_mixin.py:109} INFO - [2022-08-01 12:32:50,371] {dag.py:2928} INFO - Setting next_dagrun for latest_only_with_trigger to 2022-08-01T08:32:50.371070+00:00
[2022-08-01 12:32:50,383] {processor.py:171} INFO - Processing /home/airflow/.local/lib/python3.7/site-packages/airflow/example_dags/example_latest_only_with_trigger.py took 0.091 seconds
[2022-08-01 12:33:20,441] {processor.py:163} INFO - Started process (PID=899) to work on /home/airflow/.local/lib/python3.7/site-packages/airflow/example_dags/example_latest_only_with_trigger.py
[2022-08-01 12:33:20,442] {processor.py:625} INFO - Processing file /home/airflow/.local/lib/python3.7/site-packages/airflow/example_dags/example_latest_only_with_trigger.py for tasks to queue
[2022-08-01 12:33:20,443] {logging_mixin.py:109} INFO - [2022-08-01 12:33:20,443] {dagbag.py:500} INFO - Filling up the DagBag from /home/airflow/.local/lib/python3.7/site-packages/airflow/example_dags/example_latest_only_with_trigger.py
[2022-08-01 12:33:20,465] {processor.py:637} INFO - DAG(s) dict_keys(['latest_only_with_trigger']) retrieved from /home/airflow/.local/lib/python3.7/site-packages/airflow/example_dags/example_latest_only_with_trigger.py
[2022-08-01 12:33:20,473] {logging_mixin.py:109} INFO - [2022-08-01 12:33:20,473] {dag.py:2396} INFO - Sync 1 DAGs
[2022-08-01 12:33:20,485] {logging_mixin.py:109} INFO - [2022-08-01 12:33:20,484] {dag.py:2928} INFO - Setting next_dagrun for latest_only_with_trigger to 2022-08-01T08:33:20.484772+00:00
[2022-08-01 12:33:20,494] {processor.py:171} INFO - Processing /home/airflow/.local/lib/python3.7/site-packages/airflow/example_dags/example_latest_only_with_trigger.py took 0.055 seconds
[2022-08-01 12:33:52,193] {processor.py:163} INFO - Started process (PID=960) to work on /home/airflow/.local/lib/python3.7/site-packages/airflow/example_dags/example_latest_only_with_trigger.py
[2022-08-01 12:33:52,195] {processor.py:625} INFO - Processing file /home/airflow/.local/lib/python3.7/site-packages/airflow/example_dags/example_latest_only_with_trigger.py for tasks to queue
[2022-08-01 12:33:52,196] {logging_mixin.py:109} INFO - [2022-08-01 12:33:52,196] {dagbag.py:500} INFO - Filling up the DagBag from /home/airflow/.local/lib/python3.7/site-packages/airflow/example_dags/example_latest_only_with_trigger.py
[2022-08-01 12:33:52,233] {processor.py:637} INFO - DAG(s) dict_keys(['latest_only_with_trigger']) retrieved from /home/airflow/.local/lib/python3.7/site-packages/airflow/example_dags/example_latest_only_with_trigger.py
[2022-08-01 12:33:52,247] {logging_mixin.py:109} INFO - [2022-08-01 12:33:52,247] {dag.py:2396} INFO - Sync 1 DAGs
[2022-08-01 12:33:52,271] {logging_mixin.py:109} INFO - [2022-08-01 12:33:52,270] {dag.py:2928} INFO - Setting next_dagrun for latest_only_with_trigger to 2022-08-01T08:33:52.270503+00:00
[2022-08-01 12:33:52,289] {processor.py:171} INFO - Processing /home/airflow/.local/lib/python3.7/site-packages/airflow/example_dags/example_latest_only_with_trigger.py took 0.102 seconds
[2022-08-01 12:34:22,483] {processor.py:163} INFO - Started process (PID=1012) to work on /home/airflow/.local/lib/python3.7/site-packages/airflow/example_dags/example_latest_only_with_trigger.py
[2022-08-01 12:34:22,485] {processor.py:625} INFO - Processing file /home/airflow/.local/lib/python3.7/site-packages/airflow/example_dags/example_latest_only_with_trigger.py for tasks to queue
[2022-08-01 12:34:22,486] {logging_mixin.py:109} INFO - [2022-08-01 12:34:22,485] {dagbag.py:500} INFO - Filling up the DagBag from /home/airflow/.local/lib/python3.7/site-packages/airflow/example_dags/example_latest_only_with_trigger.py
[2022-08-01 12:34:22,514] {processor.py:637} INFO - DAG(s) dict_keys(['latest_only_with_trigger']) retrieved from /home/airflow/.local/lib/python3.7/site-packages/airflow/example_dags/example_latest_only_with_trigger.py
[2022-08-01 12:34:22,527] {logging_mixin.py:109} INFO - [2022-08-01 12:34:22,527] {dag.py:2396} INFO - Sync 1 DAGs
[2022-08-01 12:34:22,549] {logging_mixin.py:109} INFO - [2022-08-01 12:34:22,548] {dag.py:2928} INFO - Setting next_dagrun for latest_only_with_trigger to 2022-08-01T08:34:22.548585+00:00
[2022-08-01 12:34:22,560] {processor.py:171} INFO - Processing /home/airflow/.local/lib/python3.7/site-packages/airflow/example_dags/example_latest_only_with_trigger.py took 0.080 seconds
[2022-08-01 12:34:54,610] {processor.py:163} INFO - Started process (PID=1073) to work on /home/airflow/.local/lib/python3.7/site-packages/airflow/example_dags/example_latest_only_with_trigger.py
[2022-08-01 12:34:54,613] {processor.py:625} INFO - Processing file /home/airflow/.local/lib/python3.7/site-packages/airflow/example_dags/example_latest_only_with_trigger.py for tasks to queue
[2022-08-01 12:34:54,614] {logging_mixin.py:109} INFO - [2022-08-01 12:34:54,614] {dagbag.py:500} INFO - Filling up the DagBag from /home/airflow/.local/lib/python3.7/site-packages/airflow/example_dags/example_latest_only_with_trigger.py
[2022-08-01 12:34:54,670] {processor.py:637} INFO - DAG(s) dict_keys(['latest_only_with_trigger']) retrieved from /home/airflow/.local/lib/python3.7/site-packages/airflow/example_dags/example_latest_only_with_trigger.py
[2022-08-01 12:34:54,689] {logging_mixin.py:109} INFO - [2022-08-01 12:34:54,689] {dag.py:2396} INFO - Sync 1 DAGs
[2022-08-01 12:34:54,727] {logging_mixin.py:109} INFO - [2022-08-01 12:34:54,726] {dag.py:2928} INFO - Setting next_dagrun for latest_only_with_trigger to 2022-08-01T08:34:54.726268+00:00
[2022-08-01 12:34:54,748] {processor.py:171} INFO - Processing /home/airflow/.local/lib/python3.7/site-packages/airflow/example_dags/example_latest_only_with_trigger.py took 0.149 seconds
[2022-08-01 12:35:25,452] {processor.py:163} INFO - Started process (PID=1125) to work on /home/airflow/.local/lib/python3.7/site-packages/airflow/example_dags/example_latest_only_with_trigger.py
[2022-08-01 12:35:25,455] {processor.py:625} INFO - Processing file /home/airflow/.local/lib/python3.7/site-packages/airflow/example_dags/example_latest_only_with_trigger.py for tasks to queue
[2022-08-01 12:35:25,455] {logging_mixin.py:109} INFO - [2022-08-01 12:35:25,455] {dagbag.py:500} INFO - Filling up the DagBag from /home/airflow/.local/lib/python3.7/site-packages/airflow/example_dags/example_latest_only_with_trigger.py
[2022-08-01 12:35:25,486] {processor.py:637} INFO - DAG(s) dict_keys(['latest_only_with_trigger']) retrieved from /home/airflow/.local/lib/python3.7/site-packages/airflow/example_dags/example_latest_only_with_trigger.py
[2022-08-01 12:35:25,496] {logging_mixin.py:109} INFO - [2022-08-01 12:35:25,496] {dag.py:2396} INFO - Sync 1 DAGs
[2022-08-01 12:35:25,511] {logging_mixin.py:109} INFO - [2022-08-01 12:35:25,511] {dag.py:2928} INFO - Setting next_dagrun for latest_only_with_trigger to 2022-08-01T08:35:25.511089+00:00
[2022-08-01 12:35:25,521] {processor.py:171} INFO - Processing /home/airflow/.local/lib/python3.7/site-packages/airflow/example_dags/example_latest_only_with_trigger.py took 0.072 seconds
[2022-08-01 12:35:56,107] {processor.py:163} INFO - Started process (PID=1186) to work on /home/airflow/.local/lib/python3.7/site-packages/airflow/example_dags/example_latest_only_with_trigger.py
[2022-08-01 12:35:56,108] {processor.py:625} INFO - Processing file /home/airflow/.local/lib/python3.7/site-packages/airflow/example_dags/example_latest_only_with_trigger.py for tasks to queue
[2022-08-01 12:35:56,108] {logging_mixin.py:109} INFO - [2022-08-01 12:35:56,108] {dagbag.py:500} INFO - Filling up the DagBag from /home/airflow/.local/lib/python3.7/site-packages/airflow/example_dags/example_latest_only_with_trigger.py
[2022-08-01 12:35:56,129] {processor.py:637} INFO - DAG(s) dict_keys(['latest_only_with_trigger']) retrieved from /home/airflow/.local/lib/python3.7/site-packages/airflow/example_dags/example_latest_only_with_trigger.py
[2022-08-01 12:35:56,137] {logging_mixin.py:109} INFO - [2022-08-01 12:35:56,136] {dag.py:2396} INFO - Sync 1 DAGs
[2022-08-01 12:35:56,148] {logging_mixin.py:109} INFO - [2022-08-01 12:35:56,148] {dag.py:2928} INFO - Setting next_dagrun for latest_only_with_trigger to 2022-08-01T08:35:56.148181+00:00
[2022-08-01 12:35:56,158] {processor.py:171} INFO - Processing /home/airflow/.local/lib/python3.7/site-packages/airflow/example_dags/example_latest_only_with_trigger.py took 0.054 seconds
[2022-08-01 12:40:13,517] {processor.py:163} INFO - Started process (PID=65) to work on /home/airflow/.local/lib/python3.7/site-packages/airflow/example_dags/example_latest_only_with_trigger.py
[2022-08-01 12:40:13,519] {processor.py:625} INFO - Processing file /home/airflow/.local/lib/python3.7/site-packages/airflow/example_dags/example_latest_only_with_trigger.py for tasks to queue
[2022-08-01 12:40:13,520] {logging_mixin.py:109} INFO - [2022-08-01 12:40:13,520] {dagbag.py:500} INFO - Filling up the DagBag from /home/airflow/.local/lib/python3.7/site-packages/airflow/example_dags/example_latest_only_with_trigger.py
[2022-08-01 12:40:13,571] {processor.py:637} INFO - DAG(s) dict_keys(['latest_only_with_trigger']) retrieved from /home/airflow/.local/lib/python3.7/site-packages/airflow/example_dags/example_latest_only_with_trigger.py
[2022-08-01 12:40:13,592] {logging_mixin.py:109} INFO - [2022-08-01 12:40:13,591] {dag.py:2396} INFO - Sync 1 DAGs
[2022-08-01 12:40:13,624] {logging_mixin.py:109} INFO - [2022-08-01 12:40:13,624] {dag.py:2928} INFO - Setting next_dagrun for latest_only_with_trigger to 2022-08-01T08:40:13.624175+00:00
[2022-08-01 12:40:13,638] {processor.py:171} INFO - Processing /home/airflow/.local/lib/python3.7/site-packages/airflow/example_dags/example_latest_only_with_trigger.py took 0.127 seconds
[2022-08-01 12:40:43,723] {processor.py:163} INFO - Started process (PID=115) to work on /home/airflow/.local/lib/python3.7/site-packages/airflow/example_dags/example_latest_only_with_trigger.py
[2022-08-01 12:40:43,724] {processor.py:625} INFO - Processing file /home/airflow/.local/lib/python3.7/site-packages/airflow/example_dags/example_latest_only_with_trigger.py for tasks to queue
[2022-08-01 12:40:43,725] {logging_mixin.py:109} INFO - [2022-08-01 12:40:43,724] {dagbag.py:500} INFO - Filling up the DagBag from /home/airflow/.local/lib/python3.7/site-packages/airflow/example_dags/example_latest_only_with_trigger.py
[2022-08-01 12:40:43,746] {processor.py:637} INFO - DAG(s) dict_keys(['latest_only_with_trigger']) retrieved from /home/airflow/.local/lib/python3.7/site-packages/airflow/example_dags/example_latest_only_with_trigger.py
[2022-08-01 12:40:43,754] {logging_mixin.py:109} INFO - [2022-08-01 12:40:43,754] {dag.py:2396} INFO - Sync 1 DAGs
[2022-08-01 12:40:43,767] {logging_mixin.py:109} INFO - [2022-08-01 12:40:43,767] {dag.py:2928} INFO - Setting next_dagrun for latest_only_with_trigger to 2022-08-01T08:40:43.766810+00:00
[2022-08-01 12:40:43,776] {processor.py:171} INFO - Processing /home/airflow/.local/lib/python3.7/site-packages/airflow/example_dags/example_latest_only_with_trigger.py took 0.056 seconds
[2022-08-01 13:20:42,492] {processor.py:163} INFO - Started process (PID=65) to work on /home/airflow/.local/lib/python3.7/site-packages/airflow/example_dags/example_latest_only_with_trigger.py
[2022-08-01 13:20:42,495] {processor.py:625} INFO - Processing file /home/airflow/.local/lib/python3.7/site-packages/airflow/example_dags/example_latest_only_with_trigger.py for tasks to queue
[2022-08-01 13:20:42,497] {logging_mixin.py:109} INFO - [2022-08-01 13:20:42,496] {dagbag.py:500} INFO - Filling up the DagBag from /home/airflow/.local/lib/python3.7/site-packages/airflow/example_dags/example_latest_only_with_trigger.py
[2022-08-01 13:20:42,600] {processor.py:637} INFO - DAG(s) dict_keys(['latest_only_with_trigger']) retrieved from /home/airflow/.local/lib/python3.7/site-packages/airflow/example_dags/example_latest_only_with_trigger.py
[2022-08-01 13:20:42,653] {logging_mixin.py:109} INFO - [2022-08-01 13:20:42,652] {dag.py:2396} INFO - Sync 1 DAGs
[2022-08-01 13:20:42,709] {logging_mixin.py:109} INFO - [2022-08-01 13:20:42,709] {dag.py:2928} INFO - Setting next_dagrun for latest_only_with_trigger to 2022-08-01T09:20:42.708357+00:00
[2022-08-01 13:20:42,736] {processor.py:171} INFO - Processing /home/airflow/.local/lib/python3.7/site-packages/airflow/example_dags/example_latest_only_with_trigger.py took 0.256 seconds
[2022-08-01 13:21:17,902] {processor.py:163} INFO - Started process (PID=117) to work on /home/airflow/.local/lib/python3.7/site-packages/airflow/example_dags/example_latest_only_with_trigger.py
[2022-08-01 13:21:17,922] {processor.py:625} INFO - Processing file /home/airflow/.local/lib/python3.7/site-packages/airflow/example_dags/example_latest_only_with_trigger.py for tasks to queue
[2022-08-01 13:21:17,924] {logging_mixin.py:109} INFO - [2022-08-01 13:21:17,924] {dagbag.py:500} INFO - Filling up the DagBag from /home/airflow/.local/lib/python3.7/site-packages/airflow/example_dags/example_latest_only_with_trigger.py
[2022-08-01 13:21:18,007] {processor.py:637} INFO - DAG(s) dict_keys(['latest_only_with_trigger']) retrieved from /home/airflow/.local/lib/python3.7/site-packages/airflow/example_dags/example_latest_only_with_trigger.py
[2022-08-01 13:21:18,047] {logging_mixin.py:109} INFO - [2022-08-01 13:21:18,047] {dag.py:2396} INFO - Sync 1 DAGs
[2022-08-01 13:21:18,103] {logging_mixin.py:109} INFO - [2022-08-01 13:21:18,103] {dag.py:2928} INFO - Setting next_dagrun for latest_only_with_trigger to 2022-08-01T09:21:18.102512+00:00
[2022-08-01 13:21:18,156] {processor.py:171} INFO - Processing /home/airflow/.local/lib/python3.7/site-packages/airflow/example_dags/example_latest_only_with_trigger.py took 0.266 seconds
[2022-08-01 13:21:48,747] {processor.py:163} INFO - Started process (PID=169) to work on /home/airflow/.local/lib/python3.7/site-packages/airflow/example_dags/example_latest_only_with_trigger.py
[2022-08-01 13:21:48,749] {processor.py:625} INFO - Processing file /home/airflow/.local/lib/python3.7/site-packages/airflow/example_dags/example_latest_only_with_trigger.py for tasks to queue
[2022-08-01 13:21:48,750] {logging_mixin.py:109} INFO - [2022-08-01 13:21:48,749] {dagbag.py:500} INFO - Filling up the DagBag from /home/airflow/.local/lib/python3.7/site-packages/airflow/example_dags/example_latest_only_with_trigger.py
[2022-08-01 13:21:48,781] {processor.py:637} INFO - DAG(s) dict_keys(['latest_only_with_trigger']) retrieved from /home/airflow/.local/lib/python3.7/site-packages/airflow/example_dags/example_latest_only_with_trigger.py
[2022-08-01 13:21:48,793] {logging_mixin.py:109} INFO - [2022-08-01 13:21:48,793] {dag.py:2396} INFO - Sync 1 DAGs
[2022-08-01 13:21:48,814] {logging_mixin.py:109} INFO - [2022-08-01 13:21:48,814] {dag.py:2928} INFO - Setting next_dagrun for latest_only_with_trigger to 2022-08-01T09:21:48.813708+00:00
[2022-08-01 13:21:48,828] {processor.py:171} INFO - Processing /home/airflow/.local/lib/python3.7/site-packages/airflow/example_dags/example_latest_only_with_trigger.py took 0.085 seconds
[2022-08-01 13:22:19,764] {processor.py:163} INFO - Started process (PID=221) to work on /home/airflow/.local/lib/python3.7/site-packages/airflow/example_dags/example_latest_only_with_trigger.py
[2022-08-01 13:22:19,765] {processor.py:625} INFO - Processing file /home/airflow/.local/lib/python3.7/site-packages/airflow/example_dags/example_latest_only_with_trigger.py for tasks to queue
[2022-08-01 13:22:19,766] {logging_mixin.py:109} INFO - [2022-08-01 13:22:19,766] {dagbag.py:500} INFO - Filling up the DagBag from /home/airflow/.local/lib/python3.7/site-packages/airflow/example_dags/example_latest_only_with_trigger.py
[2022-08-01 13:22:19,786] {processor.py:637} INFO - DAG(s) dict_keys(['latest_only_with_trigger']) retrieved from /home/airflow/.local/lib/python3.7/site-packages/airflow/example_dags/example_latest_only_with_trigger.py
[2022-08-01 13:22:19,795] {logging_mixin.py:109} INFO - [2022-08-01 13:22:19,794] {dag.py:2396} INFO - Sync 1 DAGs
[2022-08-01 13:22:19,808] {logging_mixin.py:109} INFO - [2022-08-01 13:22:19,808] {dag.py:2928} INFO - Setting next_dagrun for latest_only_with_trigger to 2022-08-01T09:22:19.807981+00:00
[2022-08-01 13:22:19,822] {processor.py:171} INFO - Processing /home/airflow/.local/lib/python3.7/site-packages/airflow/example_dags/example_latest_only_with_trigger.py took 0.061 seconds
[2022-08-01 13:22:49,914] {processor.py:163} INFO - Started process (PID=281) to work on /home/airflow/.local/lib/python3.7/site-packages/airflow/example_dags/example_latest_only_with_trigger.py
[2022-08-01 13:22:49,915] {processor.py:625} INFO - Processing file /home/airflow/.local/lib/python3.7/site-packages/airflow/example_dags/example_latest_only_with_trigger.py for tasks to queue
[2022-08-01 13:22:49,915] {logging_mixin.py:109} INFO - [2022-08-01 13:22:49,915] {dagbag.py:500} INFO - Filling up the DagBag from /home/airflow/.local/lib/python3.7/site-packages/airflow/example_dags/example_latest_only_with_trigger.py
[2022-08-01 13:22:49,936] {processor.py:637} INFO - DAG(s) dict_keys(['latest_only_with_trigger']) retrieved from /home/airflow/.local/lib/python3.7/site-packages/airflow/example_dags/example_latest_only_with_trigger.py
[2022-08-01 13:22:49,944] {logging_mixin.py:109} INFO - [2022-08-01 13:22:49,944] {dag.py:2396} INFO - Sync 1 DAGs
[2022-08-01 13:22:49,957] {logging_mixin.py:109} INFO - [2022-08-01 13:22:49,957] {dag.py:2928} INFO - Setting next_dagrun for latest_only_with_trigger to 2022-08-01T09:22:49.956833+00:00
[2022-08-01 13:22:49,967] {processor.py:171} INFO - Processing /home/airflow/.local/lib/python3.7/site-packages/airflow/example_dags/example_latest_only_with_trigger.py took 0.056 seconds
[2022-08-01 13:23:20,061] {processor.py:163} INFO - Started process (PID=333) to work on /home/airflow/.local/lib/python3.7/site-packages/airflow/example_dags/example_latest_only_with_trigger.py
[2022-08-01 13:23:20,062] {processor.py:625} INFO - Processing file /home/airflow/.local/lib/python3.7/site-packages/airflow/example_dags/example_latest_only_with_trigger.py for tasks to queue
[2022-08-01 13:23:20,063] {logging_mixin.py:109} INFO - [2022-08-01 13:23:20,063] {dagbag.py:500} INFO - Filling up the DagBag from /home/airflow/.local/lib/python3.7/site-packages/airflow/example_dags/example_latest_only_with_trigger.py
[2022-08-01 13:23:20,083] {processor.py:637} INFO - DAG(s) dict_keys(['latest_only_with_trigger']) retrieved from /home/airflow/.local/lib/python3.7/site-packages/airflow/example_dags/example_latest_only_with_trigger.py
[2022-08-01 13:23:20,090] {logging_mixin.py:109} INFO - [2022-08-01 13:23:20,090] {dag.py:2396} INFO - Sync 1 DAGs
[2022-08-01 13:23:20,100] {logging_mixin.py:109} INFO - [2022-08-01 13:23:20,100] {dag.py:2928} INFO - Setting next_dagrun for latest_only_with_trigger to 2022-08-01T09:23:20.100263+00:00
[2022-08-01 13:23:20,107] {processor.py:171} INFO - Processing /home/airflow/.local/lib/python3.7/site-packages/airflow/example_dags/example_latest_only_with_trigger.py took 0.049 seconds
[2022-08-01 13:23:50,235] {processor.py:163} INFO - Started process (PID=394) to work on /home/airflow/.local/lib/python3.7/site-packages/airflow/example_dags/example_latest_only_with_trigger.py
[2022-08-01 13:23:50,237] {processor.py:625} INFO - Processing file /home/airflow/.local/lib/python3.7/site-packages/airflow/example_dags/example_latest_only_with_trigger.py for tasks to queue
[2022-08-01 13:23:50,238] {logging_mixin.py:109} INFO - [2022-08-01 13:23:50,238] {dagbag.py:500} INFO - Filling up the DagBag from /home/airflow/.local/lib/python3.7/site-packages/airflow/example_dags/example_latest_only_with_trigger.py
[2022-08-01 13:23:50,280] {processor.py:637} INFO - DAG(s) dict_keys(['latest_only_with_trigger']) retrieved from /home/airflow/.local/lib/python3.7/site-packages/airflow/example_dags/example_latest_only_with_trigger.py
[2022-08-01 13:23:50,298] {logging_mixin.py:109} INFO - [2022-08-01 13:23:50,298] {dag.py:2396} INFO - Sync 1 DAGs
[2022-08-01 13:23:50,323] {logging_mixin.py:109} INFO - [2022-08-01 13:23:50,323] {dag.py:2928} INFO - Setting next_dagrun for latest_only_with_trigger to 2022-08-01T09:23:50.323032+00:00
[2022-08-01 13:23:50,341] {processor.py:171} INFO - Processing /home/airflow/.local/lib/python3.7/site-packages/airflow/example_dags/example_latest_only_with_trigger.py took 0.112 seconds
[2022-08-01 13:24:20,549] {processor.py:163} INFO - Started process (PID=437) to work on /home/airflow/.local/lib/python3.7/site-packages/airflow/example_dags/example_latest_only_with_trigger.py
[2022-08-01 13:24:20,552] {processor.py:625} INFO - Processing file /home/airflow/.local/lib/python3.7/site-packages/airflow/example_dags/example_latest_only_with_trigger.py for tasks to queue
[2022-08-01 13:24:20,553] {logging_mixin.py:109} INFO - [2022-08-01 13:24:20,553] {dagbag.py:500} INFO - Filling up the DagBag from /home/airflow/.local/lib/python3.7/site-packages/airflow/example_dags/example_latest_only_with_trigger.py
[2022-08-01 13:24:20,616] {processor.py:637} INFO - DAG(s) dict_keys(['latest_only_with_trigger']) retrieved from /home/airflow/.local/lib/python3.7/site-packages/airflow/example_dags/example_latest_only_with_trigger.py
[2022-08-01 13:24:20,637] {logging_mixin.py:109} INFO - [2022-08-01 13:24:20,637] {dag.py:2396} INFO - Sync 1 DAGs
[2022-08-01 13:24:20,676] {logging_mixin.py:109} INFO - [2022-08-01 13:24:20,675] {dag.py:2928} INFO - Setting next_dagrun for latest_only_with_trigger to 2022-08-01T09:24:20.675229+00:00
[2022-08-01 13:24:20,700] {processor.py:171} INFO - Processing /home/airflow/.local/lib/python3.7/site-packages/airflow/example_dags/example_latest_only_with_trigger.py took 0.156 seconds
[2022-08-01 13:24:54,782] {processor.py:163} INFO - Started process (PID=489) to work on /home/airflow/.local/lib/python3.7/site-packages/airflow/example_dags/example_latest_only_with_trigger.py
[2022-08-01 13:24:54,787] {processor.py:625} INFO - Processing file /home/airflow/.local/lib/python3.7/site-packages/airflow/example_dags/example_latest_only_with_trigger.py for tasks to queue
[2022-08-01 13:24:54,788] {logging_mixin.py:109} INFO - [2022-08-01 13:24:54,788] {dagbag.py:500} INFO - Filling up the DagBag from /home/airflow/.local/lib/python3.7/site-packages/airflow/example_dags/example_latest_only_with_trigger.py
[2022-08-01 13:24:54,904] {processor.py:637} INFO - DAG(s) dict_keys(['latest_only_with_trigger']) retrieved from /home/airflow/.local/lib/python3.7/site-packages/airflow/example_dags/example_latest_only_with_trigger.py
[2022-08-01 13:24:54,934] {logging_mixin.py:109} INFO - [2022-08-01 13:24:54,934] {dag.py:2396} INFO - Sync 1 DAGs
[2022-08-01 13:24:54,982] {logging_mixin.py:109} INFO - [2022-08-01 13:24:54,981] {dag.py:2928} INFO - Setting next_dagrun for latest_only_with_trigger to 2022-08-01T09:24:54.981212+00:00
[2022-08-01 13:24:55,035] {processor.py:171} INFO - Processing /home/airflow/.local/lib/python3.7/site-packages/airflow/example_dags/example_latest_only_with_trigger.py took 0.261 seconds
[2022-08-01 13:25:25,606] {processor.py:163} INFO - Started process (PID=541) to work on /home/airflow/.local/lib/python3.7/site-packages/airflow/example_dags/example_latest_only_with_trigger.py
[2022-08-01 13:25:25,607] {processor.py:625} INFO - Processing file /home/airflow/.local/lib/python3.7/site-packages/airflow/example_dags/example_latest_only_with_trigger.py for tasks to queue
[2022-08-01 13:25:25,608] {logging_mixin.py:109} INFO - [2022-08-01 13:25:25,608] {dagbag.py:500} INFO - Filling up the DagBag from /home/airflow/.local/lib/python3.7/site-packages/airflow/example_dags/example_latest_only_with_trigger.py
[2022-08-01 13:25:25,639] {processor.py:637} INFO - DAG(s) dict_keys(['latest_only_with_trigger']) retrieved from /home/airflow/.local/lib/python3.7/site-packages/airflow/example_dags/example_latest_only_with_trigger.py
[2022-08-01 13:25:25,652] {logging_mixin.py:109} INFO - [2022-08-01 13:25:25,652] {dag.py:2396} INFO - Sync 1 DAGs
[2022-08-01 13:25:25,675] {logging_mixin.py:109} INFO - [2022-08-01 13:25:25,675] {dag.py:2928} INFO - Setting next_dagrun for latest_only_with_trigger to 2022-08-01T09:25:25.675026+00:00
[2022-08-01 13:25:25,690] {processor.py:171} INFO - Processing /home/airflow/.local/lib/python3.7/site-packages/airflow/example_dags/example_latest_only_with_trigger.py took 0.092 seconds
[2022-08-01 13:25:56,062] {processor.py:163} INFO - Started process (PID=601) to work on /home/airflow/.local/lib/python3.7/site-packages/airflow/example_dags/example_latest_only_with_trigger.py
[2022-08-01 13:25:56,063] {processor.py:625} INFO - Processing file /home/airflow/.local/lib/python3.7/site-packages/airflow/example_dags/example_latest_only_with_trigger.py for tasks to queue
[2022-08-01 13:25:56,064] {logging_mixin.py:109} INFO - [2022-08-01 13:25:56,064] {dagbag.py:500} INFO - Filling up the DagBag from /home/airflow/.local/lib/python3.7/site-packages/airflow/example_dags/example_latest_only_with_trigger.py
[2022-08-01 13:25:56,087] {processor.py:637} INFO - DAG(s) dict_keys(['latest_only_with_trigger']) retrieved from /home/airflow/.local/lib/python3.7/site-packages/airflow/example_dags/example_latest_only_with_trigger.py
[2022-08-01 13:25:56,096] {logging_mixin.py:109} INFO - [2022-08-01 13:25:56,096] {dag.py:2396} INFO - Sync 1 DAGs
[2022-08-01 13:25:56,111] {logging_mixin.py:109} INFO - [2022-08-01 13:25:56,111] {dag.py:2928} INFO - Setting next_dagrun for latest_only_with_trigger to 2022-08-01T09:25:56.110989+00:00
[2022-08-01 13:25:56,120] {processor.py:171} INFO - Processing /home/airflow/.local/lib/python3.7/site-packages/airflow/example_dags/example_latest_only_with_trigger.py took 0.061 seconds
[2022-08-01 13:26:26,792] {processor.py:163} INFO - Started process (PID=655) to work on /home/airflow/.local/lib/python3.7/site-packages/airflow/example_dags/example_latest_only_with_trigger.py
[2022-08-01 13:26:26,793] {processor.py:625} INFO - Processing file /home/airflow/.local/lib/python3.7/site-packages/airflow/example_dags/example_latest_only_with_trigger.py for tasks to queue
[2022-08-01 13:26:26,793] {logging_mixin.py:109} INFO - [2022-08-01 13:26:26,793] {dagbag.py:500} INFO - Filling up the DagBag from /home/airflow/.local/lib/python3.7/site-packages/airflow/example_dags/example_latest_only_with_trigger.py
[2022-08-01 13:26:26,818] {processor.py:637} INFO - DAG(s) dict_keys(['latest_only_with_trigger']) retrieved from /home/airflow/.local/lib/python3.7/site-packages/airflow/example_dags/example_latest_only_with_trigger.py
[2022-08-01 13:26:26,827] {logging_mixin.py:109} INFO - [2022-08-01 13:26:26,827] {dag.py:2396} INFO - Sync 1 DAGs
[2022-08-01 13:26:26,840] {logging_mixin.py:109} INFO - [2022-08-01 13:26:26,840] {dag.py:2928} INFO - Setting next_dagrun for latest_only_with_trigger to 2022-08-01T09:26:26.840362+00:00
[2022-08-01 13:26:26,850] {processor.py:171} INFO - Processing /home/airflow/.local/lib/python3.7/site-packages/airflow/example_dags/example_latest_only_with_trigger.py took 0.060 seconds
[2022-08-01 13:26:57,801] {processor.py:163} INFO - Started process (PID=707) to work on /home/airflow/.local/lib/python3.7/site-packages/airflow/example_dags/example_latest_only_with_trigger.py
[2022-08-01 13:26:57,803] {processor.py:625} INFO - Processing file /home/airflow/.local/lib/python3.7/site-packages/airflow/example_dags/example_latest_only_with_trigger.py for tasks to queue
[2022-08-01 13:26:57,804] {logging_mixin.py:109} INFO - [2022-08-01 13:26:57,804] {dagbag.py:500} INFO - Filling up the DagBag from /home/airflow/.local/lib/python3.7/site-packages/airflow/example_dags/example_latest_only_with_trigger.py
[2022-08-01 13:26:57,849] {processor.py:637} INFO - DAG(s) dict_keys(['latest_only_with_trigger']) retrieved from /home/airflow/.local/lib/python3.7/site-packages/airflow/example_dags/example_latest_only_with_trigger.py
[2022-08-01 13:26:57,869] {logging_mixin.py:109} INFO - [2022-08-01 13:26:57,869] {dag.py:2396} INFO - Sync 1 DAGs
[2022-08-01 13:26:57,901] {logging_mixin.py:109} INFO - [2022-08-01 13:26:57,901] {dag.py:2928} INFO - Setting next_dagrun for latest_only_with_trigger to 2022-08-01T09:26:57.900843+00:00
[2022-08-01 13:26:57,922] {processor.py:171} INFO - Processing /home/airflow/.local/lib/python3.7/site-packages/airflow/example_dags/example_latest_only_with_trigger.py took 0.126 seconds
[2022-08-01 13:27:28,746] {processor.py:163} INFO - Started process (PID=759) to work on /home/airflow/.local/lib/python3.7/site-packages/airflow/example_dags/example_latest_only_with_trigger.py
[2022-08-01 13:27:28,751] {processor.py:625} INFO - Processing file /home/airflow/.local/lib/python3.7/site-packages/airflow/example_dags/example_latest_only_with_trigger.py for tasks to queue
[2022-08-01 13:27:28,752] {logging_mixin.py:109} INFO - [2022-08-01 13:27:28,751] {dagbag.py:500} INFO - Filling up the DagBag from /home/airflow/.local/lib/python3.7/site-packages/airflow/example_dags/example_latest_only_with_trigger.py
[2022-08-01 13:27:28,797] {processor.py:637} INFO - DAG(s) dict_keys(['latest_only_with_trigger']) retrieved from /home/airflow/.local/lib/python3.7/site-packages/airflow/example_dags/example_latest_only_with_trigger.py
[2022-08-01 13:27:28,814] {logging_mixin.py:109} INFO - [2022-08-01 13:27:28,814] {dag.py:2396} INFO - Sync 1 DAGs
[2022-08-01 13:27:28,839] {logging_mixin.py:109} INFO - [2022-08-01 13:27:28,839] {dag.py:2928} INFO - Setting next_dagrun for latest_only_with_trigger to 2022-08-01T09:27:28.838987+00:00
[2022-08-01 13:27:28,856] {processor.py:171} INFO - Processing /home/airflow/.local/lib/python3.7/site-packages/airflow/example_dags/example_latest_only_with_trigger.py took 0.116 seconds
[2022-08-01 13:27:59,225] {processor.py:163} INFO - Started process (PID=820) to work on /home/airflow/.local/lib/python3.7/site-packages/airflow/example_dags/example_latest_only_with_trigger.py
[2022-08-01 13:27:59,227] {processor.py:625} INFO - Processing file /home/airflow/.local/lib/python3.7/site-packages/airflow/example_dags/example_latest_only_with_trigger.py for tasks to queue
[2022-08-01 13:27:59,228] {logging_mixin.py:109} INFO - [2022-08-01 13:27:59,228] {dagbag.py:500} INFO - Filling up the DagBag from /home/airflow/.local/lib/python3.7/site-packages/airflow/example_dags/example_latest_only_with_trigger.py
[2022-08-01 13:27:59,265] {processor.py:637} INFO - DAG(s) dict_keys(['latest_only_with_trigger']) retrieved from /home/airflow/.local/lib/python3.7/site-packages/airflow/example_dags/example_latest_only_with_trigger.py
[2022-08-01 13:27:59,278] {logging_mixin.py:109} INFO - [2022-08-01 13:27:59,278] {dag.py:2396} INFO - Sync 1 DAGs
[2022-08-01 13:27:59,301] {logging_mixin.py:109} INFO - [2022-08-01 13:27:59,301] {dag.py:2928} INFO - Setting next_dagrun for latest_only_with_trigger to 2022-08-01T09:27:59.300926+00:00
[2022-08-01 13:27:59,317] {processor.py:171} INFO - Processing /home/airflow/.local/lib/python3.7/site-packages/airflow/example_dags/example_latest_only_with_trigger.py took 0.097 seconds
[2022-08-01 13:28:29,698] {processor.py:163} INFO - Started process (PID=872) to work on /home/airflow/.local/lib/python3.7/site-packages/airflow/example_dags/example_latest_only_with_trigger.py
[2022-08-01 13:28:29,700] {processor.py:625} INFO - Processing file /home/airflow/.local/lib/python3.7/site-packages/airflow/example_dags/example_latest_only_with_trigger.py for tasks to queue
[2022-08-01 13:28:29,700] {logging_mixin.py:109} INFO - [2022-08-01 13:28:29,700] {dagbag.py:500} INFO - Filling up the DagBag from /home/airflow/.local/lib/python3.7/site-packages/airflow/example_dags/example_latest_only_with_trigger.py
[2022-08-01 13:28:29,739] {processor.py:637} INFO - DAG(s) dict_keys(['latest_only_with_trigger']) retrieved from /home/airflow/.local/lib/python3.7/site-packages/airflow/example_dags/example_latest_only_with_trigger.py
[2022-08-01 13:28:29,754] {logging_mixin.py:109} INFO - [2022-08-01 13:28:29,753] {dag.py:2396} INFO - Sync 1 DAGs
[2022-08-01 13:28:29,781] {logging_mixin.py:109} INFO - [2022-08-01 13:28:29,781] {dag.py:2928} INFO - Setting next_dagrun for latest_only_with_trigger to 2022-08-01T09:28:29.781003+00:00
[2022-08-01 13:28:29,801] {processor.py:171} INFO - Processing /home/airflow/.local/lib/python3.7/site-packages/airflow/example_dags/example_latest_only_with_trigger.py took 0.108 seconds
[2022-08-01 13:29:00,531] {processor.py:163} INFO - Started process (PID=924) to work on /home/airflow/.local/lib/python3.7/site-packages/airflow/example_dags/example_latest_only_with_trigger.py
[2022-08-01 13:29:00,532] {processor.py:625} INFO - Processing file /home/airflow/.local/lib/python3.7/site-packages/airflow/example_dags/example_latest_only_with_trigger.py for tasks to queue
[2022-08-01 13:29:00,533] {logging_mixin.py:109} INFO - [2022-08-01 13:29:00,532] {dagbag.py:500} INFO - Filling up the DagBag from /home/airflow/.local/lib/python3.7/site-packages/airflow/example_dags/example_latest_only_with_trigger.py
[2022-08-01 13:29:00,550] {processor.py:637} INFO - DAG(s) dict_keys(['latest_only_with_trigger']) retrieved from /home/airflow/.local/lib/python3.7/site-packages/airflow/example_dags/example_latest_only_with_trigger.py
[2022-08-01 13:29:00,557] {logging_mixin.py:109} INFO - [2022-08-01 13:29:00,557] {dag.py:2396} INFO - Sync 1 DAGs
[2022-08-01 13:29:00,567] {logging_mixin.py:109} INFO - [2022-08-01 13:29:00,567] {dag.py:2928} INFO - Setting next_dagrun for latest_only_with_trigger to 2022-08-01T09:29:00.566853+00:00
[2022-08-01 13:29:00,574] {processor.py:171} INFO - Processing /home/airflow/.local/lib/python3.7/site-packages/airflow/example_dags/example_latest_only_with_trigger.py took 0.045 seconds
[2022-08-01 13:29:30,923] {processor.py:163} INFO - Started process (PID=985) to work on /home/airflow/.local/lib/python3.7/site-packages/airflow/example_dags/example_latest_only_with_trigger.py
[2022-08-01 13:29:30,923] {processor.py:625} INFO - Processing file /home/airflow/.local/lib/python3.7/site-packages/airflow/example_dags/example_latest_only_with_trigger.py for tasks to queue
[2022-08-01 13:29:30,924] {logging_mixin.py:109} INFO - [2022-08-01 13:29:30,924] {dagbag.py:500} INFO - Filling up the DagBag from /home/airflow/.local/lib/python3.7/site-packages/airflow/example_dags/example_latest_only_with_trigger.py
[2022-08-01 13:29:30,947] {processor.py:637} INFO - DAG(s) dict_keys(['latest_only_with_trigger']) retrieved from /home/airflow/.local/lib/python3.7/site-packages/airflow/example_dags/example_latest_only_with_trigger.py
[2022-08-01 13:29:30,955] {logging_mixin.py:109} INFO - [2022-08-01 13:29:30,955] {dag.py:2396} INFO - Sync 1 DAGs
[2022-08-01 13:29:30,968] {logging_mixin.py:109} INFO - [2022-08-01 13:29:30,968] {dag.py:2928} INFO - Setting next_dagrun for latest_only_with_trigger to 2022-08-01T09:29:30.967822+00:00
[2022-08-01 13:29:30,977] {processor.py:171} INFO - Processing /home/airflow/.local/lib/python3.7/site-packages/airflow/example_dags/example_latest_only_with_trigger.py took 0.057 seconds
[2022-08-01 13:30:01,502] {processor.py:163} INFO - Started process (PID=1037) to work on /home/airflow/.local/lib/python3.7/site-packages/airflow/example_dags/example_latest_only_with_trigger.py
[2022-08-01 13:30:01,504] {processor.py:625} INFO - Processing file /home/airflow/.local/lib/python3.7/site-packages/airflow/example_dags/example_latest_only_with_trigger.py for tasks to queue
[2022-08-01 13:30:01,506] {logging_mixin.py:109} INFO - [2022-08-01 13:30:01,506] {dagbag.py:500} INFO - Filling up the DagBag from /home/airflow/.local/lib/python3.7/site-packages/airflow/example_dags/example_latest_only_with_trigger.py
[2022-08-01 13:30:01,534] {processor.py:637} INFO - DAG(s) dict_keys(['latest_only_with_trigger']) retrieved from /home/airflow/.local/lib/python3.7/site-packages/airflow/example_dags/example_latest_only_with_trigger.py
[2022-08-01 13:30:01,546] {logging_mixin.py:109} INFO - [2022-08-01 13:30:01,545] {dag.py:2396} INFO - Sync 1 DAGs
[2022-08-01 13:30:01,563] {logging_mixin.py:109} INFO - [2022-08-01 13:30:01,563] {dag.py:2928} INFO - Setting next_dagrun for latest_only_with_trigger to 2022-08-01T09:30:01.563331+00:00
[2022-08-01 13:30:01,574] {processor.py:171} INFO - Processing /home/airflow/.local/lib/python3.7/site-packages/airflow/example_dags/example_latest_only_with_trigger.py took 0.077 seconds
