[2022-08-01 12:25:35,813] {processor.py:163} INFO - Started process (PID=46) to work on /home/airflow/.local/lib/python3.7/site-packages/airflow/example_dags/example_complex.py
[2022-08-01 12:25:35,815] {processor.py:625} INFO - Processing file /home/airflow/.local/lib/python3.7/site-packages/airflow/example_dags/example_complex.py for tasks to queue
[2022-08-01 12:25:35,816] {logging_mixin.py:109} INFO - [2022-08-01 12:25:35,816] {dagbag.py:500} INFO - Filling up the DagBag from /home/airflow/.local/lib/python3.7/site-packages/airflow/example_dags/example_complex.py
[2022-08-01 12:25:35,869] {processor.py:637} INFO - DAG(s) dict_keys(['example_complex']) retrieved from /home/airflow/.local/lib/python3.7/site-packages/airflow/example_dags/example_complex.py
[2022-08-01 12:25:35,900] {logging_mixin.py:109} INFO - [2022-08-01 12:25:35,899] {dag.py:2396} INFO - Sync 1 DAGs
[2022-08-01 12:25:35,925] {logging_mixin.py:109} INFO - [2022-08-01 12:25:35,925] {dag.py:2928} INFO - Setting next_dagrun for example_complex to None
[2022-08-01 12:25:35,943] {processor.py:171} INFO - Processing /home/airflow/.local/lib/python3.7/site-packages/airflow/example_dags/example_complex.py took 0.136 seconds
[2022-08-01 12:26:06,553] {processor.py:163} INFO - Started process (PID=98) to work on /home/airflow/.local/lib/python3.7/site-packages/airflow/example_dags/example_complex.py
[2022-08-01 12:26:06,555] {processor.py:625} INFO - Processing file /home/airflow/.local/lib/python3.7/site-packages/airflow/example_dags/example_complex.py for tasks to queue
[2022-08-01 12:26:06,555] {logging_mixin.py:109} INFO - [2022-08-01 12:26:06,555] {dagbag.py:500} INFO - Filling up the DagBag from /home/airflow/.local/lib/python3.7/site-packages/airflow/example_dags/example_complex.py
[2022-08-01 12:26:06,594] {processor.py:637} INFO - DAG(s) dict_keys(['example_complex']) retrieved from /home/airflow/.local/lib/python3.7/site-packages/airflow/example_dags/example_complex.py
[2022-08-01 12:26:06,611] {logging_mixin.py:109} INFO - [2022-08-01 12:26:06,610] {dag.py:2396} INFO - Sync 1 DAGs
[2022-08-01 12:26:06,625] {logging_mixin.py:109} INFO - [2022-08-01 12:26:06,625] {dag.py:2928} INFO - Setting next_dagrun for example_complex to None
[2022-08-01 12:26:06,637] {processor.py:171} INFO - Processing /home/airflow/.local/lib/python3.7/site-packages/airflow/example_dags/example_complex.py took 0.088 seconds
[2022-08-01 12:26:37,190] {processor.py:163} INFO - Started process (PID=150) to work on /home/airflow/.local/lib/python3.7/site-packages/airflow/example_dags/example_complex.py
[2022-08-01 12:26:37,192] {processor.py:625} INFO - Processing file /home/airflow/.local/lib/python3.7/site-packages/airflow/example_dags/example_complex.py for tasks to queue
[2022-08-01 12:26:37,192] {logging_mixin.py:109} INFO - [2022-08-01 12:26:37,192] {dagbag.py:500} INFO - Filling up the DagBag from /home/airflow/.local/lib/python3.7/site-packages/airflow/example_dags/example_complex.py
[2022-08-01 12:26:37,226] {processor.py:637} INFO - DAG(s) dict_keys(['example_complex']) retrieved from /home/airflow/.local/lib/python3.7/site-packages/airflow/example_dags/example_complex.py
[2022-08-01 12:26:37,243] {logging_mixin.py:109} INFO - [2022-08-01 12:26:37,243] {dag.py:2396} INFO - Sync 1 DAGs
[2022-08-01 12:26:37,257] {logging_mixin.py:109} INFO - [2022-08-01 12:26:37,257] {dag.py:2928} INFO - Setting next_dagrun for example_complex to None
[2022-08-01 12:26:37,267] {processor.py:171} INFO - Processing /home/airflow/.local/lib/python3.7/site-packages/airflow/example_dags/example_complex.py took 0.080 seconds
[2022-08-01 12:27:07,916] {processor.py:163} INFO - Started process (PID=211) to work on /home/airflow/.local/lib/python3.7/site-packages/airflow/example_dags/example_complex.py
[2022-08-01 12:27:07,918] {processor.py:625} INFO - Processing file /home/airflow/.local/lib/python3.7/site-packages/airflow/example_dags/example_complex.py for tasks to queue
[2022-08-01 12:27:07,918] {logging_mixin.py:109} INFO - [2022-08-01 12:27:07,918] {dagbag.py:500} INFO - Filling up the DagBag from /home/airflow/.local/lib/python3.7/site-packages/airflow/example_dags/example_complex.py
[2022-08-01 12:27:07,971] {processor.py:637} INFO - DAG(s) dict_keys(['example_complex']) retrieved from /home/airflow/.local/lib/python3.7/site-packages/airflow/example_dags/example_complex.py
[2022-08-01 12:27:07,997] {logging_mixin.py:109} INFO - [2022-08-01 12:27:07,997] {dag.py:2396} INFO - Sync 1 DAGs
[2022-08-01 12:27:08,020] {logging_mixin.py:109} INFO - [2022-08-01 12:27:08,019] {dag.py:2928} INFO - Setting next_dagrun for example_complex to None
[2022-08-01 12:27:08,033] {processor.py:171} INFO - Processing /home/airflow/.local/lib/python3.7/site-packages/airflow/example_dags/example_complex.py took 0.122 seconds
[2022-08-01 12:27:38,747] {processor.py:163} INFO - Started process (PID=263) to work on /home/airflow/.local/lib/python3.7/site-packages/airflow/example_dags/example_complex.py
[2022-08-01 12:27:38,748] {processor.py:625} INFO - Processing file /home/airflow/.local/lib/python3.7/site-packages/airflow/example_dags/example_complex.py for tasks to queue
[2022-08-01 12:27:38,748] {logging_mixin.py:109} INFO - [2022-08-01 12:27:38,748] {dagbag.py:500} INFO - Filling up the DagBag from /home/airflow/.local/lib/python3.7/site-packages/airflow/example_dags/example_complex.py
[2022-08-01 12:27:38,771] {processor.py:637} INFO - DAG(s) dict_keys(['example_complex']) retrieved from /home/airflow/.local/lib/python3.7/site-packages/airflow/example_dags/example_complex.py
[2022-08-01 12:27:38,780] {logging_mixin.py:109} INFO - [2022-08-01 12:27:38,780] {dag.py:2396} INFO - Sync 1 DAGs
[2022-08-01 12:27:38,789] {logging_mixin.py:109} INFO - [2022-08-01 12:27:38,789] {dag.py:2928} INFO - Setting next_dagrun for example_complex to None
[2022-08-01 12:27:38,797] {processor.py:171} INFO - Processing /home/airflow/.local/lib/python3.7/site-packages/airflow/example_dags/example_complex.py took 0.053 seconds
[2022-08-01 12:28:10,020] {processor.py:163} INFO - Started process (PID=325) to work on /home/airflow/.local/lib/python3.7/site-packages/airflow/example_dags/example_complex.py
[2022-08-01 12:28:10,021] {processor.py:625} INFO - Processing file /home/airflow/.local/lib/python3.7/site-packages/airflow/example_dags/example_complex.py for tasks to queue
[2022-08-01 12:28:10,021] {logging_mixin.py:109} INFO - [2022-08-01 12:28:10,021] {dagbag.py:500} INFO - Filling up the DagBag from /home/airflow/.local/lib/python3.7/site-packages/airflow/example_dags/example_complex.py
[2022-08-01 12:28:10,047] {processor.py:637} INFO - DAG(s) dict_keys(['example_complex']) retrieved from /home/airflow/.local/lib/python3.7/site-packages/airflow/example_dags/example_complex.py
[2022-08-01 12:28:10,058] {logging_mixin.py:109} INFO - [2022-08-01 12:28:10,058] {dag.py:2396} INFO - Sync 1 DAGs
[2022-08-01 12:28:10,072] {logging_mixin.py:109} INFO - [2022-08-01 12:28:10,072] {dag.py:2928} INFO - Setting next_dagrun for example_complex to None
[2022-08-01 12:28:10,085] {processor.py:171} INFO - Processing /home/airflow/.local/lib/python3.7/site-packages/airflow/example_dags/example_complex.py took 0.068 seconds
[2022-08-01 12:28:40,704] {processor.py:163} INFO - Started process (PID=377) to work on /home/airflow/.local/lib/python3.7/site-packages/airflow/example_dags/example_complex.py
[2022-08-01 12:28:40,706] {processor.py:625} INFO - Processing file /home/airflow/.local/lib/python3.7/site-packages/airflow/example_dags/example_complex.py for tasks to queue
[2022-08-01 12:28:40,706] {logging_mixin.py:109} INFO - [2022-08-01 12:28:40,706] {dagbag.py:500} INFO - Filling up the DagBag from /home/airflow/.local/lib/python3.7/site-packages/airflow/example_dags/example_complex.py
[2022-08-01 12:28:40,730] {processor.py:637} INFO - DAG(s) dict_keys(['example_complex']) retrieved from /home/airflow/.local/lib/python3.7/site-packages/airflow/example_dags/example_complex.py
[2022-08-01 12:28:40,741] {logging_mixin.py:109} INFO - [2022-08-01 12:28:40,740] {dag.py:2396} INFO - Sync 1 DAGs
[2022-08-01 12:28:40,752] {logging_mixin.py:109} INFO - [2022-08-01 12:28:40,752] {dag.py:2928} INFO - Setting next_dagrun for example_complex to None
[2022-08-01 12:28:40,761] {processor.py:171} INFO - Processing /home/airflow/.local/lib/python3.7/site-packages/airflow/example_dags/example_complex.py took 0.059 seconds
[2022-08-01 12:29:11,738] {processor.py:163} INFO - Started process (PID=438) to work on /home/airflow/.local/lib/python3.7/site-packages/airflow/example_dags/example_complex.py
[2022-08-01 12:29:11,740] {processor.py:625} INFO - Processing file /home/airflow/.local/lib/python3.7/site-packages/airflow/example_dags/example_complex.py for tasks to queue
[2022-08-01 12:29:11,741] {logging_mixin.py:109} INFO - [2022-08-01 12:29:11,740] {dagbag.py:500} INFO - Filling up the DagBag from /home/airflow/.local/lib/python3.7/site-packages/airflow/example_dags/example_complex.py
[2022-08-01 12:29:11,780] {processor.py:637} INFO - DAG(s) dict_keys(['example_complex']) retrieved from /home/airflow/.local/lib/python3.7/site-packages/airflow/example_dags/example_complex.py
[2022-08-01 12:29:11,796] {logging_mixin.py:109} INFO - [2022-08-01 12:29:11,796] {dag.py:2396} INFO - Sync 1 DAGs
[2022-08-01 12:29:11,816] {logging_mixin.py:109} INFO - [2022-08-01 12:29:11,816] {dag.py:2928} INFO - Setting next_dagrun for example_complex to None
[2022-08-01 12:29:11,827] {processor.py:171} INFO - Processing /home/airflow/.local/lib/python3.7/site-packages/airflow/example_dags/example_complex.py took 0.093 seconds
[2022-08-01 12:29:42,485] {processor.py:163} INFO - Started process (PID=490) to work on /home/airflow/.local/lib/python3.7/site-packages/airflow/example_dags/example_complex.py
[2022-08-01 12:29:42,487] {processor.py:625} INFO - Processing file /home/airflow/.local/lib/python3.7/site-packages/airflow/example_dags/example_complex.py for tasks to queue
[2022-08-01 12:29:42,487] {logging_mixin.py:109} INFO - [2022-08-01 12:29:42,487] {dagbag.py:500} INFO - Filling up the DagBag from /home/airflow/.local/lib/python3.7/site-packages/airflow/example_dags/example_complex.py
[2022-08-01 12:29:42,528] {processor.py:637} INFO - DAG(s) dict_keys(['example_complex']) retrieved from /home/airflow/.local/lib/python3.7/site-packages/airflow/example_dags/example_complex.py
[2022-08-01 12:29:42,547] {logging_mixin.py:109} INFO - [2022-08-01 12:29:42,547] {dag.py:2396} INFO - Sync 1 DAGs
[2022-08-01 12:29:42,569] {logging_mixin.py:109} INFO - [2022-08-01 12:29:42,569] {dag.py:2928} INFO - Setting next_dagrun for example_complex to None
[2022-08-01 12:29:42,587] {processor.py:171} INFO - Processing /home/airflow/.local/lib/python3.7/site-packages/airflow/example_dags/example_complex.py took 0.105 seconds
[2022-08-01 12:30:12,724] {processor.py:163} INFO - Started process (PID=550) to work on /home/airflow/.local/lib/python3.7/site-packages/airflow/example_dags/example_complex.py
[2022-08-01 12:30:12,726] {processor.py:625} INFO - Processing file /home/airflow/.local/lib/python3.7/site-packages/airflow/example_dags/example_complex.py for tasks to queue
[2022-08-01 12:30:12,726] {logging_mixin.py:109} INFO - [2022-08-01 12:30:12,726] {dagbag.py:500} INFO - Filling up the DagBag from /home/airflow/.local/lib/python3.7/site-packages/airflow/example_dags/example_complex.py
[2022-08-01 12:30:12,765] {processor.py:637} INFO - DAG(s) dict_keys(['example_complex']) retrieved from /home/airflow/.local/lib/python3.7/site-packages/airflow/example_dags/example_complex.py
[2022-08-01 12:30:12,783] {logging_mixin.py:109} INFO - [2022-08-01 12:30:12,783] {dag.py:2396} INFO - Sync 1 DAGs
[2022-08-01 12:30:12,799] {logging_mixin.py:109} INFO - [2022-08-01 12:30:12,799] {dag.py:2928} INFO - Setting next_dagrun for example_complex to None
[2022-08-01 12:30:12,810] {processor.py:171} INFO - Processing /home/airflow/.local/lib/python3.7/site-packages/airflow/example_dags/example_complex.py took 0.089 seconds
[2022-08-01 12:30:44,172] {processor.py:163} INFO - Started process (PID=603) to work on /home/airflow/.local/lib/python3.7/site-packages/airflow/example_dags/example_complex.py
[2022-08-01 12:30:44,175] {processor.py:625} INFO - Processing file /home/airflow/.local/lib/python3.7/site-packages/airflow/example_dags/example_complex.py for tasks to queue
[2022-08-01 12:30:44,176] {logging_mixin.py:109} INFO - [2022-08-01 12:30:44,175] {dagbag.py:500} INFO - Filling up the DagBag from /home/airflow/.local/lib/python3.7/site-packages/airflow/example_dags/example_complex.py
[2022-08-01 12:30:44,251] {processor.py:637} INFO - DAG(s) dict_keys(['example_complex']) retrieved from /home/airflow/.local/lib/python3.7/site-packages/airflow/example_dags/example_complex.py
[2022-08-01 12:30:44,316] {logging_mixin.py:109} INFO - [2022-08-01 12:30:44,316] {dag.py:2396} INFO - Sync 1 DAGs
[2022-08-01 12:30:44,379] {logging_mixin.py:109} INFO - [2022-08-01 12:30:44,379] {dag.py:2928} INFO - Setting next_dagrun for example_complex to None
[2022-08-01 12:30:44,418] {processor.py:171} INFO - Processing /home/airflow/.local/lib/python3.7/site-packages/airflow/example_dags/example_complex.py took 0.250 seconds
[2022-08-01 12:31:14,740] {processor.py:163} INFO - Started process (PID=654) to work on /home/airflow/.local/lib/python3.7/site-packages/airflow/example_dags/example_complex.py
[2022-08-01 12:31:14,741] {processor.py:625} INFO - Processing file /home/airflow/.local/lib/python3.7/site-packages/airflow/example_dags/example_complex.py for tasks to queue
[2022-08-01 12:31:14,742] {logging_mixin.py:109} INFO - [2022-08-01 12:31:14,742] {dagbag.py:500} INFO - Filling up the DagBag from /home/airflow/.local/lib/python3.7/site-packages/airflow/example_dags/example_complex.py
[2022-08-01 12:31:14,767] {processor.py:637} INFO - DAG(s) dict_keys(['example_complex']) retrieved from /home/airflow/.local/lib/python3.7/site-packages/airflow/example_dags/example_complex.py
[2022-08-01 12:31:14,777] {logging_mixin.py:109} INFO - [2022-08-01 12:31:14,777] {dag.py:2396} INFO - Sync 1 DAGs
[2022-08-01 12:31:14,786] {logging_mixin.py:109} INFO - [2022-08-01 12:31:14,786] {dag.py:2928} INFO - Setting next_dagrun for example_complex to None
[2022-08-01 12:31:14,794] {processor.py:171} INFO - Processing /home/airflow/.local/lib/python3.7/site-packages/airflow/example_dags/example_complex.py took 0.056 seconds
[2022-08-01 12:31:45,019] {processor.py:163} INFO - Started process (PID=714) to work on /home/airflow/.local/lib/python3.7/site-packages/airflow/example_dags/example_complex.py
[2022-08-01 12:31:45,021] {processor.py:625} INFO - Processing file /home/airflow/.local/lib/python3.7/site-packages/airflow/example_dags/example_complex.py for tasks to queue
[2022-08-01 12:31:45,022] {logging_mixin.py:109} INFO - [2022-08-01 12:31:45,022] {dagbag.py:500} INFO - Filling up the DagBag from /home/airflow/.local/lib/python3.7/site-packages/airflow/example_dags/example_complex.py
[2022-08-01 12:31:45,083] {processor.py:637} INFO - DAG(s) dict_keys(['example_complex']) retrieved from /home/airflow/.local/lib/python3.7/site-packages/airflow/example_dags/example_complex.py
[2022-08-01 12:31:45,107] {logging_mixin.py:109} INFO - [2022-08-01 12:31:45,107] {dag.py:2396} INFO - Sync 1 DAGs
[2022-08-01 12:31:45,128] {logging_mixin.py:109} INFO - [2022-08-01 12:31:45,128] {dag.py:2928} INFO - Setting next_dagrun for example_complex to None
[2022-08-01 12:31:45,146] {processor.py:171} INFO - Processing /home/airflow/.local/lib/python3.7/site-packages/airflow/example_dags/example_complex.py took 0.132 seconds
[2022-08-01 12:32:16,285] {processor.py:163} INFO - Started process (PID=767) to work on /home/airflow/.local/lib/python3.7/site-packages/airflow/example_dags/example_complex.py
[2022-08-01 12:32:16,286] {processor.py:625} INFO - Processing file /home/airflow/.local/lib/python3.7/site-packages/airflow/example_dags/example_complex.py for tasks to queue
[2022-08-01 12:32:16,287] {logging_mixin.py:109} INFO - [2022-08-01 12:32:16,287] {dagbag.py:500} INFO - Filling up the DagBag from /home/airflow/.local/lib/python3.7/site-packages/airflow/example_dags/example_complex.py
[2022-08-01 12:32:16,319] {processor.py:637} INFO - DAG(s) dict_keys(['example_complex']) retrieved from /home/airflow/.local/lib/python3.7/site-packages/airflow/example_dags/example_complex.py
[2022-08-01 12:32:16,334] {logging_mixin.py:109} INFO - [2022-08-01 12:32:16,334] {dag.py:2396} INFO - Sync 1 DAGs
[2022-08-01 12:32:16,347] {logging_mixin.py:109} INFO - [2022-08-01 12:32:16,347] {dag.py:2928} INFO - Setting next_dagrun for example_complex to None
[2022-08-01 12:32:16,357] {processor.py:171} INFO - Processing /home/airflow/.local/lib/python3.7/site-packages/airflow/example_dags/example_complex.py took 0.075 seconds
[2022-08-01 12:32:48,036] {processor.py:163} INFO - Started process (PID=829) to work on /home/airflow/.local/lib/python3.7/site-packages/airflow/example_dags/example_complex.py
[2022-08-01 12:32:48,039] {processor.py:625} INFO - Processing file /home/airflow/.local/lib/python3.7/site-packages/airflow/example_dags/example_complex.py for tasks to queue
[2022-08-01 12:32:48,040] {logging_mixin.py:109} INFO - [2022-08-01 12:32:48,040] {dagbag.py:500} INFO - Filling up the DagBag from /home/airflow/.local/lib/python3.7/site-packages/airflow/example_dags/example_complex.py
[2022-08-01 12:32:48,099] {processor.py:637} INFO - DAG(s) dict_keys(['example_complex']) retrieved from /home/airflow/.local/lib/python3.7/site-packages/airflow/example_dags/example_complex.py
[2022-08-01 12:32:48,129] {logging_mixin.py:109} INFO - [2022-08-01 12:32:48,129] {dag.py:2396} INFO - Sync 1 DAGs
[2022-08-01 12:32:48,154] {logging_mixin.py:109} INFO - [2022-08-01 12:32:48,153] {dag.py:2928} INFO - Setting next_dagrun for example_complex to None
[2022-08-01 12:32:48,169] {processor.py:171} INFO - Processing /home/airflow/.local/lib/python3.7/site-packages/airflow/example_dags/example_complex.py took 0.137 seconds
[2022-08-01 12:33:18,590] {processor.py:163} INFO - Started process (PID=880) to work on /home/airflow/.local/lib/python3.7/site-packages/airflow/example_dags/example_complex.py
[2022-08-01 12:33:18,590] {processor.py:625} INFO - Processing file /home/airflow/.local/lib/python3.7/site-packages/airflow/example_dags/example_complex.py for tasks to queue
[2022-08-01 12:33:18,591] {logging_mixin.py:109} INFO - [2022-08-01 12:33:18,591] {dagbag.py:500} INFO - Filling up the DagBag from /home/airflow/.local/lib/python3.7/site-packages/airflow/example_dags/example_complex.py
[2022-08-01 12:33:18,616] {processor.py:637} INFO - DAG(s) dict_keys(['example_complex']) retrieved from /home/airflow/.local/lib/python3.7/site-packages/airflow/example_dags/example_complex.py
[2022-08-01 12:33:18,626] {logging_mixin.py:109} INFO - [2022-08-01 12:33:18,626] {dag.py:2396} INFO - Sync 1 DAGs
[2022-08-01 12:33:18,636] {logging_mixin.py:109} INFO - [2022-08-01 12:33:18,635] {dag.py:2928} INFO - Setting next_dagrun for example_complex to None
[2022-08-01 12:33:18,643] {processor.py:171} INFO - Processing /home/airflow/.local/lib/python3.7/site-packages/airflow/example_dags/example_complex.py took 0.056 seconds
[2022-08-01 12:33:49,270] {processor.py:163} INFO - Started process (PID=941) to work on /home/airflow/.local/lib/python3.7/site-packages/airflow/example_dags/example_complex.py
[2022-08-01 12:33:49,273] {processor.py:625} INFO - Processing file /home/airflow/.local/lib/python3.7/site-packages/airflow/example_dags/example_complex.py for tasks to queue
[2022-08-01 12:33:49,275] {logging_mixin.py:109} INFO - [2022-08-01 12:33:49,275] {dagbag.py:500} INFO - Filling up the DagBag from /home/airflow/.local/lib/python3.7/site-packages/airflow/example_dags/example_complex.py
[2022-08-01 12:33:49,350] {processor.py:637} INFO - DAG(s) dict_keys(['example_complex']) retrieved from /home/airflow/.local/lib/python3.7/site-packages/airflow/example_dags/example_complex.py
[2022-08-01 12:33:49,378] {logging_mixin.py:109} INFO - [2022-08-01 12:33:49,378] {dag.py:2396} INFO - Sync 1 DAGs
[2022-08-01 12:33:49,411] {logging_mixin.py:109} INFO - [2022-08-01 12:33:49,410] {dag.py:2928} INFO - Setting next_dagrun for example_complex to None
[2022-08-01 12:33:49,429] {processor.py:171} INFO - Processing /home/airflow/.local/lib/python3.7/site-packages/airflow/example_dags/example_complex.py took 0.165 seconds
[2022-08-01 12:34:20,351] {processor.py:163} INFO - Started process (PID=993) to work on /home/airflow/.local/lib/python3.7/site-packages/airflow/example_dags/example_complex.py
[2022-08-01 12:34:20,353] {processor.py:625} INFO - Processing file /home/airflow/.local/lib/python3.7/site-packages/airflow/example_dags/example_complex.py for tasks to queue
[2022-08-01 12:34:20,353] {logging_mixin.py:109} INFO - [2022-08-01 12:34:20,353] {dagbag.py:500} INFO - Filling up the DagBag from /home/airflow/.local/lib/python3.7/site-packages/airflow/example_dags/example_complex.py
[2022-08-01 12:34:20,391] {processor.py:637} INFO - DAG(s) dict_keys(['example_complex']) retrieved from /home/airflow/.local/lib/python3.7/site-packages/airflow/example_dags/example_complex.py
[2022-08-01 12:34:20,407] {logging_mixin.py:109} INFO - [2022-08-01 12:34:20,407] {dag.py:2396} INFO - Sync 1 DAGs
[2022-08-01 12:34:20,426] {logging_mixin.py:109} INFO - [2022-08-01 12:34:20,426] {dag.py:2928} INFO - Setting next_dagrun for example_complex to None
[2022-08-01 12:34:20,439] {processor.py:171} INFO - Processing /home/airflow/.local/lib/python3.7/site-packages/airflow/example_dags/example_complex.py took 0.091 seconds
[2022-08-01 12:34:51,047] {processor.py:163} INFO - Started process (PID=1045) to work on /home/airflow/.local/lib/python3.7/site-packages/airflow/example_dags/example_complex.py
[2022-08-01 12:34:51,050] {processor.py:625} INFO - Processing file /home/airflow/.local/lib/python3.7/site-packages/airflow/example_dags/example_complex.py for tasks to queue
[2022-08-01 12:34:51,051] {logging_mixin.py:109} INFO - [2022-08-01 12:34:51,051] {dagbag.py:500} INFO - Filling up the DagBag from /home/airflow/.local/lib/python3.7/site-packages/airflow/example_dags/example_complex.py
[2022-08-01 12:34:51,105] {processor.py:637} INFO - DAG(s) dict_keys(['example_complex']) retrieved from /home/airflow/.local/lib/python3.7/site-packages/airflow/example_dags/example_complex.py
[2022-08-01 12:34:51,129] {logging_mixin.py:109} INFO - [2022-08-01 12:34:51,129] {dag.py:2396} INFO - Sync 1 DAGs
[2022-08-01 12:34:51,156] {logging_mixin.py:109} INFO - [2022-08-01 12:34:51,156] {dag.py:2928} INFO - Setting next_dagrun for example_complex to None
[2022-08-01 12:34:51,171] {processor.py:171} INFO - Processing /home/airflow/.local/lib/python3.7/site-packages/airflow/example_dags/example_complex.py took 0.129 seconds
[2022-08-01 12:35:21,823] {processor.py:163} INFO - Started process (PID=1106) to work on /home/airflow/.local/lib/python3.7/site-packages/airflow/example_dags/example_complex.py
[2022-08-01 12:35:21,825] {processor.py:625} INFO - Processing file /home/airflow/.local/lib/python3.7/site-packages/airflow/example_dags/example_complex.py for tasks to queue
[2022-08-01 12:35:21,825] {logging_mixin.py:109} INFO - [2022-08-01 12:35:21,825] {dagbag.py:500} INFO - Filling up the DagBag from /home/airflow/.local/lib/python3.7/site-packages/airflow/example_dags/example_complex.py
[2022-08-01 12:35:21,869] {processor.py:637} INFO - DAG(s) dict_keys(['example_complex']) retrieved from /home/airflow/.local/lib/python3.7/site-packages/airflow/example_dags/example_complex.py
[2022-08-01 12:35:21,894] {logging_mixin.py:109} INFO - [2022-08-01 12:35:21,894] {dag.py:2396} INFO - Sync 1 DAGs
[2022-08-01 12:35:21,915] {logging_mixin.py:109} INFO - [2022-08-01 12:35:21,915] {dag.py:2928} INFO - Setting next_dagrun for example_complex to None
[2022-08-01 12:35:21,926] {processor.py:171} INFO - Processing /home/airflow/.local/lib/python3.7/site-packages/airflow/example_dags/example_complex.py took 0.108 seconds
[2022-08-01 12:35:52,112] {processor.py:163} INFO - Started process (PID=1158) to work on /home/airflow/.local/lib/python3.7/site-packages/airflow/example_dags/example_complex.py
[2022-08-01 12:35:52,113] {processor.py:625} INFO - Processing file /home/airflow/.local/lib/python3.7/site-packages/airflow/example_dags/example_complex.py for tasks to queue
[2022-08-01 12:35:52,114] {logging_mixin.py:109} INFO - [2022-08-01 12:35:52,114] {dagbag.py:500} INFO - Filling up the DagBag from /home/airflow/.local/lib/python3.7/site-packages/airflow/example_dags/example_complex.py
[2022-08-01 12:35:52,141] {processor.py:637} INFO - DAG(s) dict_keys(['example_complex']) retrieved from /home/airflow/.local/lib/python3.7/site-packages/airflow/example_dags/example_complex.py
[2022-08-01 12:35:52,151] {logging_mixin.py:109} INFO - [2022-08-01 12:35:52,151] {dag.py:2396} INFO - Sync 1 DAGs
[2022-08-01 12:35:52,162] {logging_mixin.py:109} INFO - [2022-08-01 12:35:52,162] {dag.py:2928} INFO - Setting next_dagrun for example_complex to None
[2022-08-01 12:35:52,172] {processor.py:171} INFO - Processing /home/airflow/.local/lib/python3.7/site-packages/airflow/example_dags/example_complex.py took 0.062 seconds
[2022-08-01 12:40:10,354] {processor.py:163} INFO - Started process (PID=46) to work on /home/airflow/.local/lib/python3.7/site-packages/airflow/example_dags/example_complex.py
[2022-08-01 12:40:10,357] {processor.py:625} INFO - Processing file /home/airflow/.local/lib/python3.7/site-packages/airflow/example_dags/example_complex.py for tasks to queue
[2022-08-01 12:40:10,359] {logging_mixin.py:109} INFO - [2022-08-01 12:40:10,359] {dagbag.py:500} INFO - Filling up the DagBag from /home/airflow/.local/lib/python3.7/site-packages/airflow/example_dags/example_complex.py
[2022-08-01 12:40:10,452] {processor.py:637} INFO - DAG(s) dict_keys(['example_complex']) retrieved from /home/airflow/.local/lib/python3.7/site-packages/airflow/example_dags/example_complex.py
[2022-08-01 12:40:10,494] {logging_mixin.py:109} INFO - [2022-08-01 12:40:10,494] {dag.py:2396} INFO - Sync 1 DAGs
[2022-08-01 12:40:10,537] {logging_mixin.py:109} INFO - [2022-08-01 12:40:10,536] {dag.py:2928} INFO - Setting next_dagrun for example_complex to None
[2022-08-01 12:40:10,567] {processor.py:171} INFO - Processing /home/airflow/.local/lib/python3.7/site-packages/airflow/example_dags/example_complex.py took 0.220 seconds
[2022-08-01 12:40:40,807] {processor.py:163} INFO - Started process (PID=96) to work on /home/airflow/.local/lib/python3.7/site-packages/airflow/example_dags/example_complex.py
[2022-08-01 12:40:40,808] {processor.py:625} INFO - Processing file /home/airflow/.local/lib/python3.7/site-packages/airflow/example_dags/example_complex.py for tasks to queue
[2022-08-01 12:40:40,808] {logging_mixin.py:109} INFO - [2022-08-01 12:40:40,808] {dagbag.py:500} INFO - Filling up the DagBag from /home/airflow/.local/lib/python3.7/site-packages/airflow/example_dags/example_complex.py
[2022-08-01 12:40:40,832] {processor.py:637} INFO - DAG(s) dict_keys(['example_complex']) retrieved from /home/airflow/.local/lib/python3.7/site-packages/airflow/example_dags/example_complex.py
[2022-08-01 12:40:40,842] {logging_mixin.py:109} INFO - [2022-08-01 12:40:40,842] {dag.py:2396} INFO - Sync 1 DAGs
[2022-08-01 12:40:40,853] {logging_mixin.py:109} INFO - [2022-08-01 12:40:40,853] {dag.py:2928} INFO - Setting next_dagrun for example_complex to None
[2022-08-01 12:40:40,868] {processor.py:171} INFO - Processing /home/airflow/.local/lib/python3.7/site-packages/airflow/example_dags/example_complex.py took 0.063 seconds
[2022-08-01 13:20:39,296] {processor.py:163} INFO - Started process (PID=46) to work on /home/airflow/.local/lib/python3.7/site-packages/airflow/example_dags/example_complex.py
[2022-08-01 13:20:39,299] {processor.py:625} INFO - Processing file /home/airflow/.local/lib/python3.7/site-packages/airflow/example_dags/example_complex.py for tasks to queue
[2022-08-01 13:20:39,300] {logging_mixin.py:109} INFO - [2022-08-01 13:20:39,300] {dagbag.py:500} INFO - Filling up the DagBag from /home/airflow/.local/lib/python3.7/site-packages/airflow/example_dags/example_complex.py
[2022-08-01 13:20:39,394] {processor.py:637} INFO - DAG(s) dict_keys(['example_complex']) retrieved from /home/airflow/.local/lib/python3.7/site-packages/airflow/example_dags/example_complex.py
[2022-08-01 13:20:39,451] {logging_mixin.py:109} INFO - [2022-08-01 13:20:39,451] {dag.py:2396} INFO - Sync 1 DAGs
[2022-08-01 13:20:39,508] {logging_mixin.py:109} INFO - [2022-08-01 13:20:39,507] {dag.py:2928} INFO - Setting next_dagrun for example_complex to None
[2022-08-01 13:20:39,528] {processor.py:171} INFO - Processing /home/airflow/.local/lib/python3.7/site-packages/airflow/example_dags/example_complex.py took 0.239 seconds
[2022-08-01 13:21:12,365] {processor.py:163} INFO - Started process (PID=98) to work on /home/airflow/.local/lib/python3.7/site-packages/airflow/example_dags/example_complex.py
[2022-08-01 13:21:12,379] {processor.py:625} INFO - Processing file /home/airflow/.local/lib/python3.7/site-packages/airflow/example_dags/example_complex.py for tasks to queue
[2022-08-01 13:21:12,380] {logging_mixin.py:109} INFO - [2022-08-01 13:21:12,380] {dagbag.py:500} INFO - Filling up the DagBag from /home/airflow/.local/lib/python3.7/site-packages/airflow/example_dags/example_complex.py
[2022-08-01 13:21:12,642] {processor.py:637} INFO - DAG(s) dict_keys(['example_complex']) retrieved from /home/airflow/.local/lib/python3.7/site-packages/airflow/example_dags/example_complex.py
[2022-08-01 13:21:12,714] {logging_mixin.py:109} INFO - [2022-08-01 13:21:12,714] {dag.py:2396} INFO - Sync 1 DAGs
[2022-08-01 13:21:12,816] {logging_mixin.py:109} INFO - [2022-08-01 13:21:12,791] {dag.py:2928} INFO - Setting next_dagrun for example_complex to None
[2022-08-01 13:21:12,879] {processor.py:171} INFO - Processing /home/airflow/.local/lib/python3.7/site-packages/airflow/example_dags/example_complex.py took 0.521 seconds
[2022-08-01 13:21:43,401] {processor.py:163} INFO - Started process (PID=140) to work on /home/airflow/.local/lib/python3.7/site-packages/airflow/example_dags/example_complex.py
[2022-08-01 13:21:43,409] {processor.py:625} INFO - Processing file /home/airflow/.local/lib/python3.7/site-packages/airflow/example_dags/example_complex.py for tasks to queue
[2022-08-01 13:21:43,410] {logging_mixin.py:109} INFO - [2022-08-01 13:21:43,410] {dagbag.py:500} INFO - Filling up the DagBag from /home/airflow/.local/lib/python3.7/site-packages/airflow/example_dags/example_complex.py
[2022-08-01 13:21:43,434] {processor.py:637} INFO - DAG(s) dict_keys(['example_complex']) retrieved from /home/airflow/.local/lib/python3.7/site-packages/airflow/example_dags/example_complex.py
[2022-08-01 13:21:43,445] {logging_mixin.py:109} INFO - [2022-08-01 13:21:43,445] {dag.py:2396} INFO - Sync 1 DAGs
[2022-08-01 13:21:43,456] {logging_mixin.py:109} INFO - [2022-08-01 13:21:43,455] {dag.py:2928} INFO - Setting next_dagrun for example_complex to None
[2022-08-01 13:21:43,464] {processor.py:171} INFO - Processing /home/airflow/.local/lib/python3.7/site-packages/airflow/example_dags/example_complex.py took 0.066 seconds
[2022-08-01 13:22:13,720] {processor.py:163} INFO - Started process (PID=201) to work on /home/airflow/.local/lib/python3.7/site-packages/airflow/example_dags/example_complex.py
[2022-08-01 13:22:13,722] {processor.py:625} INFO - Processing file /home/airflow/.local/lib/python3.7/site-packages/airflow/example_dags/example_complex.py for tasks to queue
[2022-08-01 13:22:13,723] {logging_mixin.py:109} INFO - [2022-08-01 13:22:13,723] {dagbag.py:500} INFO - Filling up the DagBag from /home/airflow/.local/lib/python3.7/site-packages/airflow/example_dags/example_complex.py
[2022-08-01 13:22:13,756] {processor.py:637} INFO - DAG(s) dict_keys(['example_complex']) retrieved from /home/airflow/.local/lib/python3.7/site-packages/airflow/example_dags/example_complex.py
[2022-08-01 13:22:13,772] {logging_mixin.py:109} INFO - [2022-08-01 13:22:13,772] {dag.py:2396} INFO - Sync 1 DAGs
[2022-08-01 13:22:13,789] {logging_mixin.py:109} INFO - [2022-08-01 13:22:13,789] {dag.py:2928} INFO - Setting next_dagrun for example_complex to None
[2022-08-01 13:22:13,799] {processor.py:171} INFO - Processing /home/airflow/.local/lib/python3.7/site-packages/airflow/example_dags/example_complex.py took 0.081 seconds
[2022-08-01 13:22:43,847] {processor.py:163} INFO - Started process (PID=253) to work on /home/airflow/.local/lib/python3.7/site-packages/airflow/example_dags/example_complex.py
[2022-08-01 13:22:43,851] {processor.py:625} INFO - Processing file /home/airflow/.local/lib/python3.7/site-packages/airflow/example_dags/example_complex.py for tasks to queue
[2022-08-01 13:22:43,852] {logging_mixin.py:109} INFO - [2022-08-01 13:22:43,851] {dagbag.py:500} INFO - Filling up the DagBag from /home/airflow/.local/lib/python3.7/site-packages/airflow/example_dags/example_complex.py
[2022-08-01 13:22:43,876] {processor.py:637} INFO - DAG(s) dict_keys(['example_complex']) retrieved from /home/airflow/.local/lib/python3.7/site-packages/airflow/example_dags/example_complex.py
[2022-08-01 13:22:43,888] {logging_mixin.py:109} INFO - [2022-08-01 13:22:43,888] {dag.py:2396} INFO - Sync 1 DAGs
[2022-08-01 13:22:43,898] {logging_mixin.py:109} INFO - [2022-08-01 13:22:43,898] {dag.py:2928} INFO - Setting next_dagrun for example_complex to None
[2022-08-01 13:22:43,907] {processor.py:171} INFO - Processing /home/airflow/.local/lib/python3.7/site-packages/airflow/example_dags/example_complex.py took 0.062 seconds
[2022-08-01 13:23:13,939] {processor.py:163} INFO - Started process (PID=314) to work on /home/airflow/.local/lib/python3.7/site-packages/airflow/example_dags/example_complex.py
[2022-08-01 13:23:13,940] {processor.py:625} INFO - Processing file /home/airflow/.local/lib/python3.7/site-packages/airflow/example_dags/example_complex.py for tasks to queue
[2022-08-01 13:23:13,941] {logging_mixin.py:109} INFO - [2022-08-01 13:23:13,941] {dagbag.py:500} INFO - Filling up the DagBag from /home/airflow/.local/lib/python3.7/site-packages/airflow/example_dags/example_complex.py
[2022-08-01 13:23:13,973] {processor.py:637} INFO - DAG(s) dict_keys(['example_complex']) retrieved from /home/airflow/.local/lib/python3.7/site-packages/airflow/example_dags/example_complex.py
[2022-08-01 13:23:13,988] {logging_mixin.py:109} INFO - [2022-08-01 13:23:13,988] {dag.py:2396} INFO - Sync 1 DAGs
[2022-08-01 13:23:14,005] {logging_mixin.py:109} INFO - [2022-08-01 13:23:14,004] {dag.py:2928} INFO - Setting next_dagrun for example_complex to None
[2022-08-01 13:23:14,018] {processor.py:171} INFO - Processing /home/airflow/.local/lib/python3.7/site-packages/airflow/example_dags/example_complex.py took 0.082 seconds
[2022-08-01 13:23:45,173] {processor.py:163} INFO - Started process (PID=366) to work on /home/airflow/.local/lib/python3.7/site-packages/airflow/example_dags/example_complex.py
[2022-08-01 13:23:45,174] {processor.py:625} INFO - Processing file /home/airflow/.local/lib/python3.7/site-packages/airflow/example_dags/example_complex.py for tasks to queue
[2022-08-01 13:23:45,175] {logging_mixin.py:109} INFO - [2022-08-01 13:23:45,175] {dagbag.py:500} INFO - Filling up the DagBag from /home/airflow/.local/lib/python3.7/site-packages/airflow/example_dags/example_complex.py
[2022-08-01 13:23:45,206] {processor.py:637} INFO - DAG(s) dict_keys(['example_complex']) retrieved from /home/airflow/.local/lib/python3.7/site-packages/airflow/example_dags/example_complex.py
[2022-08-01 13:23:45,220] {logging_mixin.py:109} INFO - [2022-08-01 13:23:45,220] {dag.py:2396} INFO - Sync 1 DAGs
[2022-08-01 13:23:45,233] {logging_mixin.py:109} INFO - [2022-08-01 13:23:45,233] {dag.py:2928} INFO - Setting next_dagrun for example_complex to None
[2022-08-01 13:23:45,243] {processor.py:171} INFO - Processing /home/airflow/.local/lib/python3.7/site-packages/airflow/example_dags/example_complex.py took 0.073 seconds
[2022-08-01 13:24:17,310] {processor.py:163} INFO - Started process (PID=418) to work on /home/airflow/.local/lib/python3.7/site-packages/airflow/example_dags/example_complex.py
[2022-08-01 13:24:17,314] {processor.py:625} INFO - Processing file /home/airflow/.local/lib/python3.7/site-packages/airflow/example_dags/example_complex.py for tasks to queue
[2022-08-01 13:24:17,315] {logging_mixin.py:109} INFO - [2022-08-01 13:24:17,315] {dagbag.py:500} INFO - Filling up the DagBag from /home/airflow/.local/lib/python3.7/site-packages/airflow/example_dags/example_complex.py
[2022-08-01 13:24:17,408] {processor.py:637} INFO - DAG(s) dict_keys(['example_complex']) retrieved from /home/airflow/.local/lib/python3.7/site-packages/airflow/example_dags/example_complex.py
[2022-08-01 13:24:17,449] {logging_mixin.py:109} INFO - [2022-08-01 13:24:17,449] {dag.py:2396} INFO - Sync 1 DAGs
[2022-08-01 13:24:17,500] {logging_mixin.py:109} INFO - [2022-08-01 13:24:17,500] {dag.py:2928} INFO - Setting next_dagrun for example_complex to None
[2022-08-01 13:24:17,543] {processor.py:171} INFO - Processing /home/airflow/.local/lib/python3.7/site-packages/airflow/example_dags/example_complex.py took 0.248 seconds
[2022-08-01 13:24:50,120] {processor.py:163} INFO - Started process (PID=471) to work on /home/airflow/.local/lib/python3.7/site-packages/airflow/example_dags/example_complex.py
[2022-08-01 13:24:50,134] {processor.py:625} INFO - Processing file /home/airflow/.local/lib/python3.7/site-packages/airflow/example_dags/example_complex.py for tasks to queue
[2022-08-01 13:24:50,135] {logging_mixin.py:109} INFO - [2022-08-01 13:24:50,135] {dagbag.py:500} INFO - Filling up the DagBag from /home/airflow/.local/lib/python3.7/site-packages/airflow/example_dags/example_complex.py
[2022-08-01 13:24:50,323] {processor.py:637} INFO - DAG(s) dict_keys(['example_complex']) retrieved from /home/airflow/.local/lib/python3.7/site-packages/airflow/example_dags/example_complex.py
[2022-08-01 13:24:50,444] {logging_mixin.py:109} INFO - [2022-08-01 13:24:50,444] {dag.py:2396} INFO - Sync 1 DAGs
[2022-08-01 13:24:50,546] {logging_mixin.py:109} INFO - [2022-08-01 13:24:50,545] {dag.py:2928} INFO - Setting next_dagrun for example_complex to None
[2022-08-01 13:24:50,616] {processor.py:171} INFO - Processing /home/airflow/.local/lib/python3.7/site-packages/airflow/example_dags/example_complex.py took 0.513 seconds
[2022-08-01 13:25:21,364] {processor.py:163} INFO - Started process (PID=523) to work on /home/airflow/.local/lib/python3.7/site-packages/airflow/example_dags/example_complex.py
[2022-08-01 13:25:21,365] {processor.py:625} INFO - Processing file /home/airflow/.local/lib/python3.7/site-packages/airflow/example_dags/example_complex.py for tasks to queue
[2022-08-01 13:25:21,366] {logging_mixin.py:109} INFO - [2022-08-01 13:25:21,366] {dagbag.py:500} INFO - Filling up the DagBag from /home/airflow/.local/lib/python3.7/site-packages/airflow/example_dags/example_complex.py
[2022-08-01 13:25:21,396] {processor.py:637} INFO - DAG(s) dict_keys(['example_complex']) retrieved from /home/airflow/.local/lib/python3.7/site-packages/airflow/example_dags/example_complex.py
[2022-08-01 13:25:21,410] {logging_mixin.py:109} INFO - [2022-08-01 13:25:21,410] {dag.py:2396} INFO - Sync 1 DAGs
[2022-08-01 13:25:21,423] {logging_mixin.py:109} INFO - [2022-08-01 13:25:21,423] {dag.py:2928} INFO - Setting next_dagrun for example_complex to None
[2022-08-01 13:25:21,435] {processor.py:171} INFO - Processing /home/airflow/.local/lib/python3.7/site-packages/airflow/example_dags/example_complex.py took 0.073 seconds
[2022-08-01 13:25:52,061] {processor.py:163} INFO - Started process (PID=576) to work on /home/airflow/.local/lib/python3.7/site-packages/airflow/example_dags/example_complex.py
[2022-08-01 13:25:52,068] {processor.py:625} INFO - Processing file /home/airflow/.local/lib/python3.7/site-packages/airflow/example_dags/example_complex.py for tasks to queue
[2022-08-01 13:25:52,069] {logging_mixin.py:109} INFO - [2022-08-01 13:25:52,069] {dagbag.py:500} INFO - Filling up the DagBag from /home/airflow/.local/lib/python3.7/site-packages/airflow/example_dags/example_complex.py
[2022-08-01 13:25:52,100] {processor.py:637} INFO - DAG(s) dict_keys(['example_complex']) retrieved from /home/airflow/.local/lib/python3.7/site-packages/airflow/example_dags/example_complex.py
[2022-08-01 13:25:52,114] {logging_mixin.py:109} INFO - [2022-08-01 13:25:52,113] {dag.py:2396} INFO - Sync 1 DAGs
[2022-08-01 13:25:52,126] {logging_mixin.py:109} INFO - [2022-08-01 13:25:52,126] {dag.py:2928} INFO - Setting next_dagrun for example_complex to None
[2022-08-01 13:25:52,139] {processor.py:171} INFO - Processing /home/airflow/.local/lib/python3.7/site-packages/airflow/example_dags/example_complex.py took 0.081 seconds
[2022-08-01 13:26:22,402] {processor.py:163} INFO - Started process (PID=628) to work on /home/airflow/.local/lib/python3.7/site-packages/airflow/example_dags/example_complex.py
[2022-08-01 13:26:22,403] {processor.py:625} INFO - Processing file /home/airflow/.local/lib/python3.7/site-packages/airflow/example_dags/example_complex.py for tasks to queue
[2022-08-01 13:26:22,403] {logging_mixin.py:109} INFO - [2022-08-01 13:26:22,403] {dagbag.py:500} INFO - Filling up the DagBag from /home/airflow/.local/lib/python3.7/site-packages/airflow/example_dags/example_complex.py
[2022-08-01 13:26:22,429] {processor.py:637} INFO - DAG(s) dict_keys(['example_complex']) retrieved from /home/airflow/.local/lib/python3.7/site-packages/airflow/example_dags/example_complex.py
[2022-08-01 13:26:22,441] {logging_mixin.py:109} INFO - [2022-08-01 13:26:22,441] {dag.py:2396} INFO - Sync 1 DAGs
[2022-08-01 13:26:22,456] {logging_mixin.py:109} INFO - [2022-08-01 13:26:22,456] {dag.py:2928} INFO - Setting next_dagrun for example_complex to None
[2022-08-01 13:26:22,471] {processor.py:171} INFO - Processing /home/airflow/.local/lib/python3.7/site-packages/airflow/example_dags/example_complex.py took 0.071 seconds
[2022-08-01 13:26:52,936] {processor.py:163} INFO - Started process (PID=689) to work on /home/airflow/.local/lib/python3.7/site-packages/airflow/example_dags/example_complex.py
[2022-08-01 13:26:52,942] {processor.py:625} INFO - Processing file /home/airflow/.local/lib/python3.7/site-packages/airflow/example_dags/example_complex.py for tasks to queue
[2022-08-01 13:26:52,943] {logging_mixin.py:109} INFO - [2022-08-01 13:26:52,943] {dagbag.py:500} INFO - Filling up the DagBag from /home/airflow/.local/lib/python3.7/site-packages/airflow/example_dags/example_complex.py
[2022-08-01 13:26:52,994] {processor.py:637} INFO - DAG(s) dict_keys(['example_complex']) retrieved from /home/airflow/.local/lib/python3.7/site-packages/airflow/example_dags/example_complex.py
[2022-08-01 13:26:53,015] {logging_mixin.py:109} INFO - [2022-08-01 13:26:53,015] {dag.py:2396} INFO - Sync 1 DAGs
[2022-08-01 13:26:53,032] {logging_mixin.py:109} INFO - [2022-08-01 13:26:53,032] {dag.py:2928} INFO - Setting next_dagrun for example_complex to None
[2022-08-01 13:26:53,043] {processor.py:171} INFO - Processing /home/airflow/.local/lib/python3.7/site-packages/airflow/example_dags/example_complex.py took 0.111 seconds
[2022-08-01 13:27:23,520] {processor.py:163} INFO - Started process (PID=741) to work on /home/airflow/.local/lib/python3.7/site-packages/airflow/example_dags/example_complex.py
[2022-08-01 13:27:23,521] {processor.py:625} INFO - Processing file /home/airflow/.local/lib/python3.7/site-packages/airflow/example_dags/example_complex.py for tasks to queue
[2022-08-01 13:27:23,522] {logging_mixin.py:109} INFO - [2022-08-01 13:27:23,522] {dagbag.py:500} INFO - Filling up the DagBag from /home/airflow/.local/lib/python3.7/site-packages/airflow/example_dags/example_complex.py
[2022-08-01 13:27:23,550] {processor.py:637} INFO - DAG(s) dict_keys(['example_complex']) retrieved from /home/airflow/.local/lib/python3.7/site-packages/airflow/example_dags/example_complex.py
[2022-08-01 13:27:23,563] {logging_mixin.py:109} INFO - [2022-08-01 13:27:23,563] {dag.py:2396} INFO - Sync 1 DAGs
[2022-08-01 13:27:23,576] {logging_mixin.py:109} INFO - [2022-08-01 13:27:23,576] {dag.py:2928} INFO - Setting next_dagrun for example_complex to None
[2022-08-01 13:27:23,587] {processor.py:171} INFO - Processing /home/airflow/.local/lib/python3.7/site-packages/airflow/example_dags/example_complex.py took 0.072 seconds
[2022-08-01 13:27:54,171] {processor.py:163} INFO - Started process (PID=793) to work on /home/airflow/.local/lib/python3.7/site-packages/airflow/example_dags/example_complex.py
[2022-08-01 13:27:54,172] {processor.py:625} INFO - Processing file /home/airflow/.local/lib/python3.7/site-packages/airflow/example_dags/example_complex.py for tasks to queue
[2022-08-01 13:27:54,173] {logging_mixin.py:109} INFO - [2022-08-01 13:27:54,173] {dagbag.py:500} INFO - Filling up the DagBag from /home/airflow/.local/lib/python3.7/site-packages/airflow/example_dags/example_complex.py
[2022-08-01 13:27:54,199] {processor.py:637} INFO - DAG(s) dict_keys(['example_complex']) retrieved from /home/airflow/.local/lib/python3.7/site-packages/airflow/example_dags/example_complex.py
[2022-08-01 13:27:54,214] {logging_mixin.py:109} INFO - [2022-08-01 13:27:54,214] {dag.py:2396} INFO - Sync 1 DAGs
[2022-08-01 13:27:54,225] {logging_mixin.py:109} INFO - [2022-08-01 13:27:54,225] {dag.py:2928} INFO - Setting next_dagrun for example_complex to None
[2022-08-01 13:27:54,235] {processor.py:171} INFO - Processing /home/airflow/.local/lib/python3.7/site-packages/airflow/example_dags/example_complex.py took 0.067 seconds
[2022-08-01 13:28:24,465] {processor.py:163} INFO - Started process (PID=853) to work on /home/airflow/.local/lib/python3.7/site-packages/airflow/example_dags/example_complex.py
[2022-08-01 13:28:24,467] {processor.py:625} INFO - Processing file /home/airflow/.local/lib/python3.7/site-packages/airflow/example_dags/example_complex.py for tasks to queue
[2022-08-01 13:28:24,468] {logging_mixin.py:109} INFO - [2022-08-01 13:28:24,467] {dagbag.py:500} INFO - Filling up the DagBag from /home/airflow/.local/lib/python3.7/site-packages/airflow/example_dags/example_complex.py
[2022-08-01 13:28:24,524] {processor.py:637} INFO - DAG(s) dict_keys(['example_complex']) retrieved from /home/airflow/.local/lib/python3.7/site-packages/airflow/example_dags/example_complex.py
[2022-08-01 13:28:24,549] {logging_mixin.py:109} INFO - [2022-08-01 13:28:24,549] {dag.py:2396} INFO - Sync 1 DAGs
[2022-08-01 13:28:24,570] {logging_mixin.py:109} INFO - [2022-08-01 13:28:24,570] {dag.py:2928} INFO - Setting next_dagrun for example_complex to None
[2022-08-01 13:28:24,582] {processor.py:171} INFO - Processing /home/airflow/.local/lib/python3.7/site-packages/airflow/example_dags/example_complex.py took 0.122 seconds
[2022-08-01 13:28:55,548] {processor.py:163} INFO - Started process (PID=905) to work on /home/airflow/.local/lib/python3.7/site-packages/airflow/example_dags/example_complex.py
[2022-08-01 13:28:55,549] {processor.py:625} INFO - Processing file /home/airflow/.local/lib/python3.7/site-packages/airflow/example_dags/example_complex.py for tasks to queue
[2022-08-01 13:28:55,549] {logging_mixin.py:109} INFO - [2022-08-01 13:28:55,549] {dagbag.py:500} INFO - Filling up the DagBag from /home/airflow/.local/lib/python3.7/site-packages/airflow/example_dags/example_complex.py
[2022-08-01 13:28:55,579] {processor.py:637} INFO - DAG(s) dict_keys(['example_complex']) retrieved from /home/airflow/.local/lib/python3.7/site-packages/airflow/example_dags/example_complex.py
[2022-08-01 13:28:55,592] {logging_mixin.py:109} INFO - [2022-08-01 13:28:55,591] {dag.py:2396} INFO - Sync 1 DAGs
[2022-08-01 13:28:55,605] {logging_mixin.py:109} INFO - [2022-08-01 13:28:55,605] {dag.py:2928} INFO - Setting next_dagrun for example_complex to None
[2022-08-01 13:28:55,615] {processor.py:171} INFO - Processing /home/airflow/.local/lib/python3.7/site-packages/airflow/example_dags/example_complex.py took 0.070 seconds
[2022-08-01 13:29:25,871] {processor.py:163} INFO - Started process (PID=957) to work on /home/airflow/.local/lib/python3.7/site-packages/airflow/example_dags/example_complex.py
[2022-08-01 13:29:25,871] {processor.py:625} INFO - Processing file /home/airflow/.local/lib/python3.7/site-packages/airflow/example_dags/example_complex.py for tasks to queue
[2022-08-01 13:29:25,872] {logging_mixin.py:109} INFO - [2022-08-01 13:29:25,872] {dagbag.py:500} INFO - Filling up the DagBag from /home/airflow/.local/lib/python3.7/site-packages/airflow/example_dags/example_complex.py
[2022-08-01 13:29:25,899] {processor.py:637} INFO - DAG(s) dict_keys(['example_complex']) retrieved from /home/airflow/.local/lib/python3.7/site-packages/airflow/example_dags/example_complex.py
[2022-08-01 13:29:25,909] {logging_mixin.py:109} INFO - [2022-08-01 13:29:25,909] {dag.py:2396} INFO - Sync 1 DAGs
[2022-08-01 13:29:25,918] {logging_mixin.py:109} INFO - [2022-08-01 13:29:25,918] {dag.py:2928} INFO - Setting next_dagrun for example_complex to None
[2022-08-01 13:29:25,926] {processor.py:171} INFO - Processing /home/airflow/.local/lib/python3.7/site-packages/airflow/example_dags/example_complex.py took 0.058 seconds
[2022-08-01 13:29:56,593] {processor.py:163} INFO - Started process (PID=1019) to work on /home/airflow/.local/lib/python3.7/site-packages/airflow/example_dags/example_complex.py
[2022-08-01 13:29:56,594] {processor.py:625} INFO - Processing file /home/airflow/.local/lib/python3.7/site-packages/airflow/example_dags/example_complex.py for tasks to queue
[2022-08-01 13:29:56,594] {logging_mixin.py:109} INFO - [2022-08-01 13:29:56,594] {dagbag.py:500} INFO - Filling up the DagBag from /home/airflow/.local/lib/python3.7/site-packages/airflow/example_dags/example_complex.py
[2022-08-01 13:29:56,620] {processor.py:637} INFO - DAG(s) dict_keys(['example_complex']) retrieved from /home/airflow/.local/lib/python3.7/site-packages/airflow/example_dags/example_complex.py
[2022-08-01 13:29:56,631] {logging_mixin.py:109} INFO - [2022-08-01 13:29:56,631] {dag.py:2396} INFO - Sync 1 DAGs
[2022-08-01 13:29:56,642] {logging_mixin.py:109} INFO - [2022-08-01 13:29:56,642] {dag.py:2928} INFO - Setting next_dagrun for example_complex to None
[2022-08-01 13:29:56,652] {processor.py:171} INFO - Processing /home/airflow/.local/lib/python3.7/site-packages/airflow/example_dags/example_complex.py took 0.062 seconds
[2022-08-01 13:30:27,062] {processor.py:163} INFO - Started process (PID=1072) to work on /home/airflow/.local/lib/python3.7/site-packages/airflow/example_dags/example_complex.py
[2022-08-01 13:30:27,064] {processor.py:625} INFO - Processing file /home/airflow/.local/lib/python3.7/site-packages/airflow/example_dags/example_complex.py for tasks to queue
[2022-08-01 13:30:27,064] {logging_mixin.py:109} INFO - [2022-08-01 13:30:27,064] {dagbag.py:500} INFO - Filling up the DagBag from /home/airflow/.local/lib/python3.7/site-packages/airflow/example_dags/example_complex.py
[2022-08-01 13:30:27,108] {processor.py:637} INFO - DAG(s) dict_keys(['example_complex']) retrieved from /home/airflow/.local/lib/python3.7/site-packages/airflow/example_dags/example_complex.py
[2022-08-01 13:30:27,129] {logging_mixin.py:109} INFO - [2022-08-01 13:30:27,128] {dag.py:2396} INFO - Sync 1 DAGs
[2022-08-01 13:30:27,149] {logging_mixin.py:109} INFO - [2022-08-01 13:30:27,149] {dag.py:2928} INFO - Setting next_dagrun for example_complex to None
[2022-08-01 13:30:27,163] {processor.py:171} INFO - Processing /home/airflow/.local/lib/python3.7/site-packages/airflow/example_dags/example_complex.py took 0.105 seconds
