[2022-08-01 12:25:37,283] {processor.py:163} INFO - Started process (PID=58) to work on /home/airflow/.local/lib/python3.7/site-packages/airflow/example_dags/example_nested_branch_dag.py
[2022-08-01 12:25:37,284] {processor.py:625} INFO - Processing file /home/airflow/.local/lib/python3.7/site-packages/airflow/example_dags/example_nested_branch_dag.py for tasks to queue
[2022-08-01 12:25:37,285] {logging_mixin.py:109} INFO - [2022-08-01 12:25:37,285] {dagbag.py:500} INFO - Filling up the DagBag from /home/airflow/.local/lib/python3.7/site-packages/airflow/example_dags/example_nested_branch_dag.py
[2022-08-01 12:25:37,321] {processor.py:637} INFO - DAG(s) dict_keys(['example_nested_branch_dag']) retrieved from /home/airflow/.local/lib/python3.7/site-packages/airflow/example_dags/example_nested_branch_dag.py
[2022-08-01 12:25:37,334] {logging_mixin.py:109} INFO - [2022-08-01 12:25:37,334] {dag.py:2396} INFO - Sync 1 DAGs
[2022-08-01 12:25:37,355] {logging_mixin.py:109} INFO - [2022-08-01 12:25:37,355] {dag.py:2928} INFO - Setting next_dagrun for example_nested_branch_dag to 2022-07-31 00:00:00+00:00
[2022-08-01 12:25:37,368] {processor.py:171} INFO - Processing /home/airflow/.local/lib/python3.7/site-packages/airflow/example_dags/example_nested_branch_dag.py took 0.090 seconds
[2022-08-01 12:26:07,641] {processor.py:163} INFO - Started process (PID=111) to work on /home/airflow/.local/lib/python3.7/site-packages/airflow/example_dags/example_nested_branch_dag.py
[2022-08-01 12:26:07,643] {processor.py:625} INFO - Processing file /home/airflow/.local/lib/python3.7/site-packages/airflow/example_dags/example_nested_branch_dag.py for tasks to queue
[2022-08-01 12:26:07,643] {logging_mixin.py:109} INFO - [2022-08-01 12:26:07,643] {dagbag.py:500} INFO - Filling up the DagBag from /home/airflow/.local/lib/python3.7/site-packages/airflow/example_dags/example_nested_branch_dag.py
[2022-08-01 12:26:07,676] {processor.py:637} INFO - DAG(s) dict_keys(['example_nested_branch_dag']) retrieved from /home/airflow/.local/lib/python3.7/site-packages/airflow/example_dags/example_nested_branch_dag.py
[2022-08-01 12:26:07,687] {logging_mixin.py:109} INFO - [2022-08-01 12:26:07,687] {dag.py:2396} INFO - Sync 1 DAGs
[2022-08-01 12:26:07,703] {logging_mixin.py:109} INFO - [2022-08-01 12:26:07,703] {dag.py:2928} INFO - Setting next_dagrun for example_nested_branch_dag to 2022-07-31 00:00:00+00:00
[2022-08-01 12:26:07,715] {processor.py:171} INFO - Processing /home/airflow/.local/lib/python3.7/site-packages/airflow/example_dags/example_nested_branch_dag.py took 0.078 seconds
[2022-08-01 12:26:38,078] {processor.py:163} INFO - Started process (PID=162) to work on /home/airflow/.local/lib/python3.7/site-packages/airflow/example_dags/example_nested_branch_dag.py
[2022-08-01 12:26:38,080] {processor.py:625} INFO - Processing file /home/airflow/.local/lib/python3.7/site-packages/airflow/example_dags/example_nested_branch_dag.py for tasks to queue
[2022-08-01 12:26:38,080] {logging_mixin.py:109} INFO - [2022-08-01 12:26:38,080] {dagbag.py:500} INFO - Filling up the DagBag from /home/airflow/.local/lib/python3.7/site-packages/airflow/example_dags/example_nested_branch_dag.py
[2022-08-01 12:26:38,120] {processor.py:637} INFO - DAG(s) dict_keys(['example_nested_branch_dag']) retrieved from /home/airflow/.local/lib/python3.7/site-packages/airflow/example_dags/example_nested_branch_dag.py
[2022-08-01 12:26:38,136] {logging_mixin.py:109} INFO - [2022-08-01 12:26:38,136] {dag.py:2396} INFO - Sync 1 DAGs
[2022-08-01 12:26:38,158] {logging_mixin.py:109} INFO - [2022-08-01 12:26:38,158] {dag.py:2928} INFO - Setting next_dagrun for example_nested_branch_dag to 2022-07-31 00:00:00+00:00
[2022-08-01 12:26:38,171] {processor.py:171} INFO - Processing /home/airflow/.local/lib/python3.7/site-packages/airflow/example_dags/example_nested_branch_dag.py took 0.097 seconds
[2022-08-01 12:27:09,046] {processor.py:163} INFO - Started process (PID=223) to work on /home/airflow/.local/lib/python3.7/site-packages/airflow/example_dags/example_nested_branch_dag.py
[2022-08-01 12:27:09,048] {processor.py:625} INFO - Processing file /home/airflow/.local/lib/python3.7/site-packages/airflow/example_dags/example_nested_branch_dag.py for tasks to queue
[2022-08-01 12:27:09,049] {logging_mixin.py:109} INFO - [2022-08-01 12:27:09,049] {dagbag.py:500} INFO - Filling up the DagBag from /home/airflow/.local/lib/python3.7/site-packages/airflow/example_dags/example_nested_branch_dag.py
[2022-08-01 12:27:09,098] {processor.py:637} INFO - DAG(s) dict_keys(['example_nested_branch_dag']) retrieved from /home/airflow/.local/lib/python3.7/site-packages/airflow/example_dags/example_nested_branch_dag.py
[2022-08-01 12:27:09,118] {logging_mixin.py:109} INFO - [2022-08-01 12:27:09,118] {dag.py:2396} INFO - Sync 1 DAGs
[2022-08-01 12:27:09,145] {logging_mixin.py:109} INFO - [2022-08-01 12:27:09,145] {dag.py:2928} INFO - Setting next_dagrun for example_nested_branch_dag to 2022-07-31 00:00:00+00:00
[2022-08-01 12:27:09,158] {processor.py:171} INFO - Processing /home/airflow/.local/lib/python3.7/site-packages/airflow/example_dags/example_nested_branch_dag.py took 0.118 seconds
[2022-08-01 12:27:39,484] {processor.py:163} INFO - Started process (PID=275) to work on /home/airflow/.local/lib/python3.7/site-packages/airflow/example_dags/example_nested_branch_dag.py
[2022-08-01 12:27:39,485] {processor.py:625} INFO - Processing file /home/airflow/.local/lib/python3.7/site-packages/airflow/example_dags/example_nested_branch_dag.py for tasks to queue
[2022-08-01 12:27:39,486] {logging_mixin.py:109} INFO - [2022-08-01 12:27:39,486] {dagbag.py:500} INFO - Filling up the DagBag from /home/airflow/.local/lib/python3.7/site-packages/airflow/example_dags/example_nested_branch_dag.py
[2022-08-01 12:27:39,506] {processor.py:637} INFO - DAG(s) dict_keys(['example_nested_branch_dag']) retrieved from /home/airflow/.local/lib/python3.7/site-packages/airflow/example_dags/example_nested_branch_dag.py
[2022-08-01 12:27:39,515] {logging_mixin.py:109} INFO - [2022-08-01 12:27:39,515] {dag.py:2396} INFO - Sync 1 DAGs
[2022-08-01 12:27:39,526] {logging_mixin.py:109} INFO - [2022-08-01 12:27:39,526] {dag.py:2928} INFO - Setting next_dagrun for example_nested_branch_dag to 2022-07-31 00:00:00+00:00
[2022-08-01 12:27:39,533] {processor.py:171} INFO - Processing /home/airflow/.local/lib/python3.7/site-packages/airflow/example_dags/example_nested_branch_dag.py took 0.051 seconds
[2022-08-01 12:28:10,727] {processor.py:163} INFO - Started process (PID=336) to work on /home/airflow/.local/lib/python3.7/site-packages/airflow/example_dags/example_nested_branch_dag.py
[2022-08-01 12:28:10,728] {processor.py:625} INFO - Processing file /home/airflow/.local/lib/python3.7/site-packages/airflow/example_dags/example_nested_branch_dag.py for tasks to queue
[2022-08-01 12:28:10,729] {logging_mixin.py:109} INFO - [2022-08-01 12:28:10,729] {dagbag.py:500} INFO - Filling up the DagBag from /home/airflow/.local/lib/python3.7/site-packages/airflow/example_dags/example_nested_branch_dag.py
[2022-08-01 12:28:10,757] {processor.py:637} INFO - DAG(s) dict_keys(['example_nested_branch_dag']) retrieved from /home/airflow/.local/lib/python3.7/site-packages/airflow/example_dags/example_nested_branch_dag.py
[2022-08-01 12:28:10,767] {logging_mixin.py:109} INFO - [2022-08-01 12:28:10,767] {dag.py:2396} INFO - Sync 1 DAGs
[2022-08-01 12:28:10,783] {logging_mixin.py:109} INFO - [2022-08-01 12:28:10,783] {dag.py:2928} INFO - Setting next_dagrun for example_nested_branch_dag to 2022-07-31 00:00:00+00:00
[2022-08-01 12:28:10,794] {processor.py:171} INFO - Processing /home/airflow/.local/lib/python3.7/site-packages/airflow/example_dags/example_nested_branch_dag.py took 0.070 seconds
[2022-08-01 12:28:41,233] {processor.py:163} INFO - Started process (PID=388) to work on /home/airflow/.local/lib/python3.7/site-packages/airflow/example_dags/example_nested_branch_dag.py
[2022-08-01 12:28:41,234] {processor.py:625} INFO - Processing file /home/airflow/.local/lib/python3.7/site-packages/airflow/example_dags/example_nested_branch_dag.py for tasks to queue
[2022-08-01 12:28:41,235] {logging_mixin.py:109} INFO - [2022-08-01 12:28:41,235] {dagbag.py:500} INFO - Filling up the DagBag from /home/airflow/.local/lib/python3.7/site-packages/airflow/example_dags/example_nested_branch_dag.py
[2022-08-01 12:28:41,256] {processor.py:637} INFO - DAG(s) dict_keys(['example_nested_branch_dag']) retrieved from /home/airflow/.local/lib/python3.7/site-packages/airflow/example_dags/example_nested_branch_dag.py
[2022-08-01 12:28:41,264] {logging_mixin.py:109} INFO - [2022-08-01 12:28:41,263] {dag.py:2396} INFO - Sync 1 DAGs
[2022-08-01 12:28:41,275] {logging_mixin.py:109} INFO - [2022-08-01 12:28:41,275] {dag.py:2928} INFO - Setting next_dagrun for example_nested_branch_dag to 2022-07-31 00:00:00+00:00
[2022-08-01 12:28:41,283] {processor.py:171} INFO - Processing /home/airflow/.local/lib/python3.7/site-packages/airflow/example_dags/example_nested_branch_dag.py took 0.052 seconds
[2022-08-01 12:29:12,393] {processor.py:163} INFO - Started process (PID=449) to work on /home/airflow/.local/lib/python3.7/site-packages/airflow/example_dags/example_nested_branch_dag.py
[2022-08-01 12:29:12,395] {processor.py:625} INFO - Processing file /home/airflow/.local/lib/python3.7/site-packages/airflow/example_dags/example_nested_branch_dag.py for tasks to queue
[2022-08-01 12:29:12,395] {logging_mixin.py:109} INFO - [2022-08-01 12:29:12,395] {dagbag.py:500} INFO - Filling up the DagBag from /home/airflow/.local/lib/python3.7/site-packages/airflow/example_dags/example_nested_branch_dag.py
[2022-08-01 12:29:12,433] {processor.py:637} INFO - DAG(s) dict_keys(['example_nested_branch_dag']) retrieved from /home/airflow/.local/lib/python3.7/site-packages/airflow/example_dags/example_nested_branch_dag.py
[2022-08-01 12:29:12,445] {logging_mixin.py:109} INFO - [2022-08-01 12:29:12,445] {dag.py:2396} INFO - Sync 1 DAGs
[2022-08-01 12:29:12,464] {logging_mixin.py:109} INFO - [2022-08-01 12:29:12,464] {dag.py:2928} INFO - Setting next_dagrun for example_nested_branch_dag to 2022-07-31 00:00:00+00:00
[2022-08-01 12:29:12,477] {processor.py:171} INFO - Processing /home/airflow/.local/lib/python3.7/site-packages/airflow/example_dags/example_nested_branch_dag.py took 0.088 seconds
[2022-08-01 12:29:43,116] {processor.py:163} INFO - Started process (PID=501) to work on /home/airflow/.local/lib/python3.7/site-packages/airflow/example_dags/example_nested_branch_dag.py
[2022-08-01 12:29:43,117] {processor.py:625} INFO - Processing file /home/airflow/.local/lib/python3.7/site-packages/airflow/example_dags/example_nested_branch_dag.py for tasks to queue
[2022-08-01 12:29:43,118] {logging_mixin.py:109} INFO - [2022-08-01 12:29:43,118] {dagbag.py:500} INFO - Filling up the DagBag from /home/airflow/.local/lib/python3.7/site-packages/airflow/example_dags/example_nested_branch_dag.py
[2022-08-01 12:29:43,147] {processor.py:637} INFO - DAG(s) dict_keys(['example_nested_branch_dag']) retrieved from /home/airflow/.local/lib/python3.7/site-packages/airflow/example_dags/example_nested_branch_dag.py
[2022-08-01 12:29:43,158] {logging_mixin.py:109} INFO - [2022-08-01 12:29:43,158] {dag.py:2396} INFO - Sync 1 DAGs
[2022-08-01 12:29:43,174] {logging_mixin.py:109} INFO - [2022-08-01 12:29:43,174] {dag.py:2928} INFO - Setting next_dagrun for example_nested_branch_dag to 2022-07-31 00:00:00+00:00
[2022-08-01 12:29:43,186] {processor.py:171} INFO - Processing /home/airflow/.local/lib/python3.7/site-packages/airflow/example_dags/example_nested_branch_dag.py took 0.073 seconds
[2022-08-01 12:30:13,691] {processor.py:163} INFO - Started process (PID=562) to work on /home/airflow/.local/lib/python3.7/site-packages/airflow/example_dags/example_nested_branch_dag.py
[2022-08-01 12:30:13,693] {processor.py:625} INFO - Processing file /home/airflow/.local/lib/python3.7/site-packages/airflow/example_dags/example_nested_branch_dag.py for tasks to queue
[2022-08-01 12:30:13,693] {logging_mixin.py:109} INFO - [2022-08-01 12:30:13,693] {dagbag.py:500} INFO - Filling up the DagBag from /home/airflow/.local/lib/python3.7/site-packages/airflow/example_dags/example_nested_branch_dag.py
[2022-08-01 12:30:13,728] {processor.py:637} INFO - DAG(s) dict_keys(['example_nested_branch_dag']) retrieved from /home/airflow/.local/lib/python3.7/site-packages/airflow/example_dags/example_nested_branch_dag.py
[2022-08-01 12:30:13,741] {logging_mixin.py:109} INFO - [2022-08-01 12:30:13,741] {dag.py:2396} INFO - Sync 1 DAGs
[2022-08-01 12:30:13,761] {logging_mixin.py:109} INFO - [2022-08-01 12:30:13,761] {dag.py:2928} INFO - Setting next_dagrun for example_nested_branch_dag to 2022-07-31 00:00:00+00:00
[2022-08-01 12:30:13,774] {processor.py:171} INFO - Processing /home/airflow/.local/lib/python3.7/site-packages/airflow/example_dags/example_nested_branch_dag.py took 0.086 seconds
[2022-08-01 12:30:47,092] {processor.py:163} INFO - Started process (PID=615) to work on /home/airflow/.local/lib/python3.7/site-packages/airflow/example_dags/example_nested_branch_dag.py
[2022-08-01 12:30:47,094] {processor.py:625} INFO - Processing file /home/airflow/.local/lib/python3.7/site-packages/airflow/example_dags/example_nested_branch_dag.py for tasks to queue
[2022-08-01 12:30:47,095] {logging_mixin.py:109} INFO - [2022-08-01 12:30:47,095] {dagbag.py:500} INFO - Filling up the DagBag from /home/airflow/.local/lib/python3.7/site-packages/airflow/example_dags/example_nested_branch_dag.py
[2022-08-01 12:30:47,144] {processor.py:637} INFO - DAG(s) dict_keys(['example_nested_branch_dag']) retrieved from /home/airflow/.local/lib/python3.7/site-packages/airflow/example_dags/example_nested_branch_dag.py
[2022-08-01 12:30:47,160] {logging_mixin.py:109} INFO - [2022-08-01 12:30:47,160] {dag.py:2396} INFO - Sync 1 DAGs
[2022-08-01 12:30:47,185] {logging_mixin.py:109} INFO - [2022-08-01 12:30:47,185] {dag.py:2928} INFO - Setting next_dagrun for example_nested_branch_dag to 2022-07-31 00:00:00+00:00
[2022-08-01 12:30:47,198] {processor.py:171} INFO - Processing /home/airflow/.local/lib/python3.7/site-packages/airflow/example_dags/example_nested_branch_dag.py took 0.112 seconds
[2022-08-01 12:31:17,617] {processor.py:163} INFO - Started process (PID=674) to work on /home/airflow/.local/lib/python3.7/site-packages/airflow/example_dags/example_nested_branch_dag.py
[2022-08-01 12:31:17,618] {processor.py:625} INFO - Processing file /home/airflow/.local/lib/python3.7/site-packages/airflow/example_dags/example_nested_branch_dag.py for tasks to queue
[2022-08-01 12:31:17,619] {logging_mixin.py:109} INFO - [2022-08-01 12:31:17,619] {dagbag.py:500} INFO - Filling up the DagBag from /home/airflow/.local/lib/python3.7/site-packages/airflow/example_dags/example_nested_branch_dag.py
[2022-08-01 12:31:17,651] {processor.py:637} INFO - DAG(s) dict_keys(['example_nested_branch_dag']) retrieved from /home/airflow/.local/lib/python3.7/site-packages/airflow/example_dags/example_nested_branch_dag.py
[2022-08-01 12:31:17,665] {logging_mixin.py:109} INFO - [2022-08-01 12:31:17,665] {dag.py:2396} INFO - Sync 1 DAGs
[2022-08-01 12:31:17,684] {logging_mixin.py:109} INFO - [2022-08-01 12:31:17,684] {dag.py:2928} INFO - Setting next_dagrun for example_nested_branch_dag to 2022-07-31 00:00:00+00:00
[2022-08-01 12:31:17,695] {processor.py:171} INFO - Processing /home/airflow/.local/lib/python3.7/site-packages/airflow/example_dags/example_nested_branch_dag.py took 0.081 seconds
[2022-08-01 12:31:48,808] {processor.py:163} INFO - Started process (PID=728) to work on /home/airflow/.local/lib/python3.7/site-packages/airflow/example_dags/example_nested_branch_dag.py
[2022-08-01 12:31:48,810] {processor.py:625} INFO - Processing file /home/airflow/.local/lib/python3.7/site-packages/airflow/example_dags/example_nested_branch_dag.py for tasks to queue
[2022-08-01 12:31:48,812] {logging_mixin.py:109} INFO - [2022-08-01 12:31:48,812] {dagbag.py:500} INFO - Filling up the DagBag from /home/airflow/.local/lib/python3.7/site-packages/airflow/example_dags/example_nested_branch_dag.py
[2022-08-01 12:31:48,852] {processor.py:637} INFO - DAG(s) dict_keys(['example_nested_branch_dag']) retrieved from /home/airflow/.local/lib/python3.7/site-packages/airflow/example_dags/example_nested_branch_dag.py
[2022-08-01 12:31:48,867] {logging_mixin.py:109} INFO - [2022-08-01 12:31:48,867] {dag.py:2396} INFO - Sync 1 DAGs
[2022-08-01 12:31:48,892] {logging_mixin.py:109} INFO - [2022-08-01 12:31:48,892] {dag.py:2928} INFO - Setting next_dagrun for example_nested_branch_dag to 2022-07-31 00:00:00+00:00
[2022-08-01 12:31:48,905] {processor.py:171} INFO - Processing /home/airflow/.local/lib/python3.7/site-packages/airflow/example_dags/example_nested_branch_dag.py took 0.102 seconds
[2022-08-01 12:32:19,079] {processor.py:163} INFO - Started process (PID=780) to work on /home/airflow/.local/lib/python3.7/site-packages/airflow/example_dags/example_nested_branch_dag.py
[2022-08-01 12:32:19,082] {processor.py:625} INFO - Processing file /home/airflow/.local/lib/python3.7/site-packages/airflow/example_dags/example_nested_branch_dag.py for tasks to queue
[2022-08-01 12:32:19,083] {logging_mixin.py:109} INFO - [2022-08-01 12:32:19,083] {dagbag.py:500} INFO - Filling up the DagBag from /home/airflow/.local/lib/python3.7/site-packages/airflow/example_dags/example_nested_branch_dag.py
[2022-08-01 12:32:19,110] {processor.py:637} INFO - DAG(s) dict_keys(['example_nested_branch_dag']) retrieved from /home/airflow/.local/lib/python3.7/site-packages/airflow/example_dags/example_nested_branch_dag.py
[2022-08-01 12:32:19,123] {logging_mixin.py:109} INFO - [2022-08-01 12:32:19,123] {dag.py:2396} INFO - Sync 1 DAGs
[2022-08-01 12:32:19,140] {logging_mixin.py:109} INFO - [2022-08-01 12:32:19,140] {dag.py:2928} INFO - Setting next_dagrun for example_nested_branch_dag to 2022-07-31 00:00:00+00:00
[2022-08-01 12:32:19,151] {processor.py:171} INFO - Processing /home/airflow/.local/lib/python3.7/site-packages/airflow/example_dags/example_nested_branch_dag.py took 0.075 seconds
[2022-08-01 12:32:49,794] {processor.py:163} INFO - Started process (PID=842) to work on /home/airflow/.local/lib/python3.7/site-packages/airflow/example_dags/example_nested_branch_dag.py
[2022-08-01 12:32:49,795] {processor.py:625} INFO - Processing file /home/airflow/.local/lib/python3.7/site-packages/airflow/example_dags/example_nested_branch_dag.py for tasks to queue
[2022-08-01 12:32:49,796] {logging_mixin.py:109} INFO - [2022-08-01 12:32:49,796] {dagbag.py:500} INFO - Filling up the DagBag from /home/airflow/.local/lib/python3.7/site-packages/airflow/example_dags/example_nested_branch_dag.py
[2022-08-01 12:32:49,840] {processor.py:637} INFO - DAG(s) dict_keys(['example_nested_branch_dag']) retrieved from /home/airflow/.local/lib/python3.7/site-packages/airflow/example_dags/example_nested_branch_dag.py
[2022-08-01 12:32:49,855] {logging_mixin.py:109} INFO - [2022-08-01 12:32:49,855] {dag.py:2396} INFO - Sync 1 DAGs
[2022-08-01 12:32:49,881] {logging_mixin.py:109} INFO - [2022-08-01 12:32:49,880] {dag.py:2928} INFO - Setting next_dagrun for example_nested_branch_dag to 2022-07-31 00:00:00+00:00
[2022-08-01 12:32:49,900] {processor.py:171} INFO - Processing /home/airflow/.local/lib/python3.7/site-packages/airflow/example_dags/example_nested_branch_dag.py took 0.111 seconds
[2022-08-01 12:33:20,173] {processor.py:163} INFO - Started process (PID=893) to work on /home/airflow/.local/lib/python3.7/site-packages/airflow/example_dags/example_nested_branch_dag.py
[2022-08-01 12:33:20,174] {processor.py:625} INFO - Processing file /home/airflow/.local/lib/python3.7/site-packages/airflow/example_dags/example_nested_branch_dag.py for tasks to queue
[2022-08-01 12:33:20,174] {logging_mixin.py:109} INFO - [2022-08-01 12:33:20,174] {dagbag.py:500} INFO - Filling up the DagBag from /home/airflow/.local/lib/python3.7/site-packages/airflow/example_dags/example_nested_branch_dag.py
[2022-08-01 12:33:20,197] {processor.py:637} INFO - DAG(s) dict_keys(['example_nested_branch_dag']) retrieved from /home/airflow/.local/lib/python3.7/site-packages/airflow/example_dags/example_nested_branch_dag.py
[2022-08-01 12:33:20,205] {logging_mixin.py:109} INFO - [2022-08-01 12:33:20,205] {dag.py:2396} INFO - Sync 1 DAGs
[2022-08-01 12:33:20,218] {logging_mixin.py:109} INFO - [2022-08-01 12:33:20,217] {dag.py:2928} INFO - Setting next_dagrun for example_nested_branch_dag to 2022-07-31 00:00:00+00:00
[2022-08-01 12:33:20,227] {processor.py:171} INFO - Processing /home/airflow/.local/lib/python3.7/site-packages/airflow/example_dags/example_nested_branch_dag.py took 0.056 seconds
[2022-08-01 12:33:51,657] {processor.py:163} INFO - Started process (PID=954) to work on /home/airflow/.local/lib/python3.7/site-packages/airflow/example_dags/example_nested_branch_dag.py
[2022-08-01 12:33:51,659] {processor.py:625} INFO - Processing file /home/airflow/.local/lib/python3.7/site-packages/airflow/example_dags/example_nested_branch_dag.py for tasks to queue
[2022-08-01 12:33:51,660] {logging_mixin.py:109} INFO - [2022-08-01 12:33:51,660] {dagbag.py:500} INFO - Filling up the DagBag from /home/airflow/.local/lib/python3.7/site-packages/airflow/example_dags/example_nested_branch_dag.py
[2022-08-01 12:33:51,701] {processor.py:637} INFO - DAG(s) dict_keys(['example_nested_branch_dag']) retrieved from /home/airflow/.local/lib/python3.7/site-packages/airflow/example_dags/example_nested_branch_dag.py
[2022-08-01 12:33:51,717] {logging_mixin.py:109} INFO - [2022-08-01 12:33:51,716] {dag.py:2396} INFO - Sync 1 DAGs
[2022-08-01 12:33:51,740] {logging_mixin.py:109} INFO - [2022-08-01 12:33:51,740] {dag.py:2928} INFO - Setting next_dagrun for example_nested_branch_dag to 2022-07-31 00:00:00+00:00
[2022-08-01 12:33:51,758] {processor.py:171} INFO - Processing /home/airflow/.local/lib/python3.7/site-packages/airflow/example_dags/example_nested_branch_dag.py took 0.108 seconds
[2022-08-01 12:34:22,124] {processor.py:163} INFO - Started process (PID=1006) to work on /home/airflow/.local/lib/python3.7/site-packages/airflow/example_dags/example_nested_branch_dag.py
[2022-08-01 12:34:22,126] {processor.py:625} INFO - Processing file /home/airflow/.local/lib/python3.7/site-packages/airflow/example_dags/example_nested_branch_dag.py for tasks to queue
[2022-08-01 12:34:22,126] {logging_mixin.py:109} INFO - [2022-08-01 12:34:22,126] {dagbag.py:500} INFO - Filling up the DagBag from /home/airflow/.local/lib/python3.7/site-packages/airflow/example_dags/example_nested_branch_dag.py
[2022-08-01 12:34:22,159] {processor.py:637} INFO - DAG(s) dict_keys(['example_nested_branch_dag']) retrieved from /home/airflow/.local/lib/python3.7/site-packages/airflow/example_dags/example_nested_branch_dag.py
[2022-08-01 12:34:22,170] {logging_mixin.py:109} INFO - [2022-08-01 12:34:22,170] {dag.py:2396} INFO - Sync 1 DAGs
[2022-08-01 12:34:22,188] {logging_mixin.py:109} INFO - [2022-08-01 12:34:22,188] {dag.py:2928} INFO - Setting next_dagrun for example_nested_branch_dag to 2022-07-31 00:00:00+00:00
[2022-08-01 12:34:22,202] {processor.py:171} INFO - Processing /home/airflow/.local/lib/python3.7/site-packages/airflow/example_dags/example_nested_branch_dag.py took 0.080 seconds
[2022-08-01 12:34:53,785] {processor.py:163} INFO - Started process (PID=1067) to work on /home/airflow/.local/lib/python3.7/site-packages/airflow/example_dags/example_nested_branch_dag.py
[2022-08-01 12:34:53,787] {processor.py:625} INFO - Processing file /home/airflow/.local/lib/python3.7/site-packages/airflow/example_dags/example_nested_branch_dag.py for tasks to queue
[2022-08-01 12:34:53,789] {logging_mixin.py:109} INFO - [2022-08-01 12:34:53,788] {dagbag.py:500} INFO - Filling up the DagBag from /home/airflow/.local/lib/python3.7/site-packages/airflow/example_dags/example_nested_branch_dag.py
[2022-08-01 12:34:53,840] {processor.py:637} INFO - DAG(s) dict_keys(['example_nested_branch_dag']) retrieved from /home/airflow/.local/lib/python3.7/site-packages/airflow/example_dags/example_nested_branch_dag.py
[2022-08-01 12:34:53,862] {logging_mixin.py:109} INFO - [2022-08-01 12:34:53,862] {dag.py:2396} INFO - Sync 1 DAGs
[2022-08-01 12:34:53,900] {logging_mixin.py:109} INFO - [2022-08-01 12:34:53,900] {dag.py:2928} INFO - Setting next_dagrun for example_nested_branch_dag to 2022-07-31 00:00:00+00:00
[2022-08-01 12:34:53,916] {processor.py:171} INFO - Processing /home/airflow/.local/lib/python3.7/site-packages/airflow/example_dags/example_nested_branch_dag.py took 0.138 seconds
[2022-08-01 12:35:24,642] {processor.py:163} INFO - Started process (PID=1118) to work on /home/airflow/.local/lib/python3.7/site-packages/airflow/example_dags/example_nested_branch_dag.py
[2022-08-01 12:35:24,644] {processor.py:625} INFO - Processing file /home/airflow/.local/lib/python3.7/site-packages/airflow/example_dags/example_nested_branch_dag.py for tasks to queue
[2022-08-01 12:35:24,645] {logging_mixin.py:109} INFO - [2022-08-01 12:35:24,645] {dagbag.py:500} INFO - Filling up the DagBag from /home/airflow/.local/lib/python3.7/site-packages/airflow/example_dags/example_nested_branch_dag.py
[2022-08-01 12:35:24,682] {processor.py:637} INFO - DAG(s) dict_keys(['example_nested_branch_dag']) retrieved from /home/airflow/.local/lib/python3.7/site-packages/airflow/example_dags/example_nested_branch_dag.py
[2022-08-01 12:35:24,699] {logging_mixin.py:109} INFO - [2022-08-01 12:35:24,699] {dag.py:2396} INFO - Sync 1 DAGs
[2022-08-01 12:35:24,721] {logging_mixin.py:109} INFO - [2022-08-01 12:35:24,720] {dag.py:2928} INFO - Setting next_dagrun for example_nested_branch_dag to 2022-07-31 00:00:00+00:00
[2022-08-01 12:35:24,736] {processor.py:171} INFO - Processing /home/airflow/.local/lib/python3.7/site-packages/airflow/example_dags/example_nested_branch_dag.py took 0.098 seconds
[2022-08-01 12:35:55,849] {processor.py:163} INFO - Started process (PID=1177) to work on /home/airflow/.local/lib/python3.7/site-packages/airflow/example_dags/example_nested_branch_dag.py
[2022-08-01 12:35:55,850] {processor.py:625} INFO - Processing file /home/airflow/.local/lib/python3.7/site-packages/airflow/example_dags/example_nested_branch_dag.py for tasks to queue
[2022-08-01 12:35:55,850] {logging_mixin.py:109} INFO - [2022-08-01 12:35:55,850] {dagbag.py:500} INFO - Filling up the DagBag from /home/airflow/.local/lib/python3.7/site-packages/airflow/example_dags/example_nested_branch_dag.py
[2022-08-01 12:35:55,874] {processor.py:637} INFO - DAG(s) dict_keys(['example_nested_branch_dag']) retrieved from /home/airflow/.local/lib/python3.7/site-packages/airflow/example_dags/example_nested_branch_dag.py
[2022-08-01 12:35:55,883] {logging_mixin.py:109} INFO - [2022-08-01 12:35:55,883] {dag.py:2396} INFO - Sync 1 DAGs
[2022-08-01 12:35:55,896] {logging_mixin.py:109} INFO - [2022-08-01 12:35:55,896] {dag.py:2928} INFO - Setting next_dagrun for example_nested_branch_dag to 2022-07-31 00:00:00+00:00
[2022-08-01 12:35:55,903] {processor.py:171} INFO - Processing /home/airflow/.local/lib/python3.7/site-packages/airflow/example_dags/example_nested_branch_dag.py took 0.057 seconds
[2022-08-01 12:40:12,525] {processor.py:163} INFO - Started process (PID=58) to work on /home/airflow/.local/lib/python3.7/site-packages/airflow/example_dags/example_nested_branch_dag.py
[2022-08-01 12:40:12,528] {processor.py:625} INFO - Processing file /home/airflow/.local/lib/python3.7/site-packages/airflow/example_dags/example_nested_branch_dag.py for tasks to queue
[2022-08-01 12:40:12,530] {logging_mixin.py:109} INFO - [2022-08-01 12:40:12,529] {dagbag.py:500} INFO - Filling up the DagBag from /home/airflow/.local/lib/python3.7/site-packages/airflow/example_dags/example_nested_branch_dag.py
[2022-08-01 12:40:12,594] {processor.py:637} INFO - DAG(s) dict_keys(['example_nested_branch_dag']) retrieved from /home/airflow/.local/lib/python3.7/site-packages/airflow/example_dags/example_nested_branch_dag.py
[2022-08-01 12:40:12,619] {logging_mixin.py:109} INFO - [2022-08-01 12:40:12,618] {dag.py:2396} INFO - Sync 1 DAGs
[2022-08-01 12:40:12,663] {logging_mixin.py:109} INFO - [2022-08-01 12:40:12,662] {dag.py:2928} INFO - Setting next_dagrun for example_nested_branch_dag to 2022-07-31 00:00:00+00:00
[2022-08-01 12:40:12,683] {processor.py:171} INFO - Processing /home/airflow/.local/lib/python3.7/site-packages/airflow/example_dags/example_nested_branch_dag.py took 0.165 seconds
[2022-08-01 12:40:43,472] {processor.py:163} INFO - Started process (PID=109) to work on /home/airflow/.local/lib/python3.7/site-packages/airflow/example_dags/example_nested_branch_dag.py
[2022-08-01 12:40:43,473] {processor.py:625} INFO - Processing file /home/airflow/.local/lib/python3.7/site-packages/airflow/example_dags/example_nested_branch_dag.py for tasks to queue
[2022-08-01 12:40:43,473] {logging_mixin.py:109} INFO - [2022-08-01 12:40:43,473] {dagbag.py:500} INFO - Filling up the DagBag from /home/airflow/.local/lib/python3.7/site-packages/airflow/example_dags/example_nested_branch_dag.py
[2022-08-01 12:40:43,494] {processor.py:637} INFO - DAG(s) dict_keys(['example_nested_branch_dag']) retrieved from /home/airflow/.local/lib/python3.7/site-packages/airflow/example_dags/example_nested_branch_dag.py
[2022-08-01 12:40:43,502] {logging_mixin.py:109} INFO - [2022-08-01 12:40:43,502] {dag.py:2396} INFO - Sync 1 DAGs
[2022-08-01 12:40:43,512] {logging_mixin.py:109} INFO - [2022-08-01 12:40:43,512] {dag.py:2928} INFO - Setting next_dagrun for example_nested_branch_dag to 2022-07-31 00:00:00+00:00
[2022-08-01 12:40:43,521] {processor.py:171} INFO - Processing /home/airflow/.local/lib/python3.7/site-packages/airflow/example_dags/example_nested_branch_dag.py took 0.051 seconds
[2022-08-01 13:20:40,976] {processor.py:163} INFO - Started process (PID=58) to work on /home/airflow/.local/lib/python3.7/site-packages/airflow/example_dags/example_nested_branch_dag.py
[2022-08-01 13:20:40,982] {processor.py:625} INFO - Processing file /home/airflow/.local/lib/python3.7/site-packages/airflow/example_dags/example_nested_branch_dag.py for tasks to queue
[2022-08-01 13:20:40,985] {logging_mixin.py:109} INFO - [2022-08-01 13:20:40,985] {dagbag.py:500} INFO - Filling up the DagBag from /home/airflow/.local/lib/python3.7/site-packages/airflow/example_dags/example_nested_branch_dag.py
[2022-08-01 13:20:41,064] {processor.py:637} INFO - DAG(s) dict_keys(['example_nested_branch_dag']) retrieved from /home/airflow/.local/lib/python3.7/site-packages/airflow/example_dags/example_nested_branch_dag.py
[2022-08-01 13:20:41,090] {logging_mixin.py:109} INFO - [2022-08-01 13:20:41,090] {dag.py:2396} INFO - Sync 1 DAGs
[2022-08-01 13:20:41,130] {logging_mixin.py:109} INFO - [2022-08-01 13:20:41,130] {dag.py:2928} INFO - Setting next_dagrun for example_nested_branch_dag to 2022-07-31 00:00:00+00:00
[2022-08-01 13:20:41,154] {processor.py:171} INFO - Processing /home/airflow/.local/lib/python3.7/site-packages/airflow/example_dags/example_nested_branch_dag.py took 0.197 seconds
[2022-08-01 13:21:16,054] {processor.py:163} INFO - Started process (PID=110) to work on /home/airflow/.local/lib/python3.7/site-packages/airflow/example_dags/example_nested_branch_dag.py
[2022-08-01 13:21:16,058] {processor.py:625} INFO - Processing file /home/airflow/.local/lib/python3.7/site-packages/airflow/example_dags/example_nested_branch_dag.py for tasks to queue
[2022-08-01 13:21:16,059] {logging_mixin.py:109} INFO - [2022-08-01 13:21:16,059] {dagbag.py:500} INFO - Filling up the DagBag from /home/airflow/.local/lib/python3.7/site-packages/airflow/example_dags/example_nested_branch_dag.py
[2022-08-01 13:21:16,171] {processor.py:637} INFO - DAG(s) dict_keys(['example_nested_branch_dag']) retrieved from /home/airflow/.local/lib/python3.7/site-packages/airflow/example_dags/example_nested_branch_dag.py
[2022-08-01 13:21:16,207] {logging_mixin.py:109} INFO - [2022-08-01 13:21:16,207] {dag.py:2396} INFO - Sync 1 DAGs
[2022-08-01 13:21:16,289] {logging_mixin.py:109} INFO - [2022-08-01 13:21:16,287] {dag.py:2928} INFO - Setting next_dagrun for example_nested_branch_dag to 2022-07-31 00:00:00+00:00
[2022-08-01 13:21:16,320] {processor.py:171} INFO - Processing /home/airflow/.local/lib/python3.7/site-packages/airflow/example_dags/example_nested_branch_dag.py took 0.283 seconds
[2022-08-01 13:21:47,140] {processor.py:163} INFO - Started process (PID=162) to work on /home/airflow/.local/lib/python3.7/site-packages/airflow/example_dags/example_nested_branch_dag.py
[2022-08-01 13:21:47,141] {processor.py:625} INFO - Processing file /home/airflow/.local/lib/python3.7/site-packages/airflow/example_dags/example_nested_branch_dag.py for tasks to queue
[2022-08-01 13:21:47,142] {logging_mixin.py:109} INFO - [2022-08-01 13:21:47,142] {dagbag.py:500} INFO - Filling up the DagBag from /home/airflow/.local/lib/python3.7/site-packages/airflow/example_dags/example_nested_branch_dag.py
[2022-08-01 13:21:47,185] {processor.py:637} INFO - DAG(s) dict_keys(['example_nested_branch_dag']) retrieved from /home/airflow/.local/lib/python3.7/site-packages/airflow/example_dags/example_nested_branch_dag.py
[2022-08-01 13:21:47,199] {logging_mixin.py:109} INFO - [2022-08-01 13:21:47,199] {dag.py:2396} INFO - Sync 1 DAGs
[2022-08-01 13:21:47,222] {logging_mixin.py:109} INFO - [2022-08-01 13:21:47,222] {dag.py:2928} INFO - Setting next_dagrun for example_nested_branch_dag to 2022-07-31 00:00:00+00:00
[2022-08-01 13:21:47,238] {processor.py:171} INFO - Processing /home/airflow/.local/lib/python3.7/site-packages/airflow/example_dags/example_nested_branch_dag.py took 0.103 seconds
[2022-08-01 13:22:17,427] {processor.py:163} INFO - Started process (PID=213) to work on /home/airflow/.local/lib/python3.7/site-packages/airflow/example_dags/example_nested_branch_dag.py
[2022-08-01 13:22:17,429] {processor.py:625} INFO - Processing file /home/airflow/.local/lib/python3.7/site-packages/airflow/example_dags/example_nested_branch_dag.py for tasks to queue
[2022-08-01 13:22:17,429] {logging_mixin.py:109} INFO - [2022-08-01 13:22:17,429] {dagbag.py:500} INFO - Filling up the DagBag from /home/airflow/.local/lib/python3.7/site-packages/airflow/example_dags/example_nested_branch_dag.py
[2022-08-01 13:22:17,451] {processor.py:637} INFO - DAG(s) dict_keys(['example_nested_branch_dag']) retrieved from /home/airflow/.local/lib/python3.7/site-packages/airflow/example_dags/example_nested_branch_dag.py
[2022-08-01 13:22:17,458] {logging_mixin.py:109} INFO - [2022-08-01 13:22:17,458] {dag.py:2396} INFO - Sync 1 DAGs
[2022-08-01 13:22:17,468] {logging_mixin.py:109} INFO - [2022-08-01 13:22:17,468] {dag.py:2928} INFO - Setting next_dagrun for example_nested_branch_dag to 2022-07-31 00:00:00+00:00
[2022-08-01 13:22:17,477] {processor.py:171} INFO - Processing /home/airflow/.local/lib/python3.7/site-packages/airflow/example_dags/example_nested_branch_dag.py took 0.052 seconds
[2022-08-01 13:22:47,667] {processor.py:163} INFO - Started process (PID=274) to work on /home/airflow/.local/lib/python3.7/site-packages/airflow/example_dags/example_nested_branch_dag.py
[2022-08-01 13:22:47,672] {processor.py:625} INFO - Processing file /home/airflow/.local/lib/python3.7/site-packages/airflow/example_dags/example_nested_branch_dag.py for tasks to queue
[2022-08-01 13:22:47,673] {logging_mixin.py:109} INFO - [2022-08-01 13:22:47,672] {dagbag.py:500} INFO - Filling up the DagBag from /home/airflow/.local/lib/python3.7/site-packages/airflow/example_dags/example_nested_branch_dag.py
[2022-08-01 13:22:47,701] {processor.py:637} INFO - DAG(s) dict_keys(['example_nested_branch_dag']) retrieved from /home/airflow/.local/lib/python3.7/site-packages/airflow/example_dags/example_nested_branch_dag.py
[2022-08-01 13:22:47,712] {logging_mixin.py:109} INFO - [2022-08-01 13:22:47,712] {dag.py:2396} INFO - Sync 1 DAGs
[2022-08-01 13:22:47,728] {logging_mixin.py:109} INFO - [2022-08-01 13:22:47,728] {dag.py:2928} INFO - Setting next_dagrun for example_nested_branch_dag to 2022-07-31 00:00:00+00:00
[2022-08-01 13:22:47,740] {processor.py:171} INFO - Processing /home/airflow/.local/lib/python3.7/site-packages/airflow/example_dags/example_nested_branch_dag.py took 0.076 seconds
[2022-08-01 13:23:17,888] {processor.py:163} INFO - Started process (PID=326) to work on /home/airflow/.local/lib/python3.7/site-packages/airflow/example_dags/example_nested_branch_dag.py
[2022-08-01 13:23:17,890] {processor.py:625} INFO - Processing file /home/airflow/.local/lib/python3.7/site-packages/airflow/example_dags/example_nested_branch_dag.py for tasks to queue
[2022-08-01 13:23:17,891] {logging_mixin.py:109} INFO - [2022-08-01 13:23:17,891] {dagbag.py:500} INFO - Filling up the DagBag from /home/airflow/.local/lib/python3.7/site-packages/airflow/example_dags/example_nested_branch_dag.py
[2022-08-01 13:23:17,926] {processor.py:637} INFO - DAG(s) dict_keys(['example_nested_branch_dag']) retrieved from /home/airflow/.local/lib/python3.7/site-packages/airflow/example_dags/example_nested_branch_dag.py
[2022-08-01 13:23:17,937] {logging_mixin.py:109} INFO - [2022-08-01 13:23:17,937] {dag.py:2396} INFO - Sync 1 DAGs
[2022-08-01 13:23:17,955] {logging_mixin.py:109} INFO - [2022-08-01 13:23:17,955] {dag.py:2928} INFO - Setting next_dagrun for example_nested_branch_dag to 2022-07-31 00:00:00+00:00
[2022-08-01 13:23:17,968] {processor.py:171} INFO - Processing /home/airflow/.local/lib/python3.7/site-packages/airflow/example_dags/example_nested_branch_dag.py took 0.084 seconds
[2022-08-01 13:23:48,852] {processor.py:163} INFO - Started process (PID=378) to work on /home/airflow/.local/lib/python3.7/site-packages/airflow/example_dags/example_nested_branch_dag.py
[2022-08-01 13:23:48,853] {processor.py:625} INFO - Processing file /home/airflow/.local/lib/python3.7/site-packages/airflow/example_dags/example_nested_branch_dag.py for tasks to queue
[2022-08-01 13:23:48,853] {logging_mixin.py:109} INFO - [2022-08-01 13:23:48,853] {dagbag.py:500} INFO - Filling up the DagBag from /home/airflow/.local/lib/python3.7/site-packages/airflow/example_dags/example_nested_branch_dag.py
[2022-08-01 13:23:48,878] {processor.py:637} INFO - DAG(s) dict_keys(['example_nested_branch_dag']) retrieved from /home/airflow/.local/lib/python3.7/site-packages/airflow/example_dags/example_nested_branch_dag.py
[2022-08-01 13:23:48,887] {logging_mixin.py:109} INFO - [2022-08-01 13:23:48,886] {dag.py:2396} INFO - Sync 1 DAGs
[2022-08-01 13:23:48,900] {logging_mixin.py:109} INFO - [2022-08-01 13:23:48,900] {dag.py:2928} INFO - Setting next_dagrun for example_nested_branch_dag to 2022-07-31 00:00:00+00:00
[2022-08-01 13:23:48,908] {processor.py:171} INFO - Processing /home/airflow/.local/lib/python3.7/site-packages/airflow/example_dags/example_nested_branch_dag.py took 0.059 seconds
[2022-08-01 13:24:19,633] {processor.py:163} INFO - Started process (PID=430) to work on /home/airflow/.local/lib/python3.7/site-packages/airflow/example_dags/example_nested_branch_dag.py
[2022-08-01 13:24:19,635] {processor.py:625} INFO - Processing file /home/airflow/.local/lib/python3.7/site-packages/airflow/example_dags/example_nested_branch_dag.py for tasks to queue
[2022-08-01 13:24:19,636] {logging_mixin.py:109} INFO - [2022-08-01 13:24:19,636] {dagbag.py:500} INFO - Filling up the DagBag from /home/airflow/.local/lib/python3.7/site-packages/airflow/example_dags/example_nested_branch_dag.py
[2022-08-01 13:24:19,702] {processor.py:637} INFO - DAG(s) dict_keys(['example_nested_branch_dag']) retrieved from /home/airflow/.local/lib/python3.7/site-packages/airflow/example_dags/example_nested_branch_dag.py
[2022-08-01 13:24:19,732] {logging_mixin.py:109} INFO - [2022-08-01 13:24:19,732] {dag.py:2396} INFO - Sync 1 DAGs
[2022-08-01 13:24:19,778] {logging_mixin.py:109} INFO - [2022-08-01 13:24:19,778] {dag.py:2928} INFO - Setting next_dagrun for example_nested_branch_dag to 2022-07-31 00:00:00+00:00
[2022-08-01 13:24:19,812] {processor.py:171} INFO - Processing /home/airflow/.local/lib/python3.7/site-packages/airflow/example_dags/example_nested_branch_dag.py took 0.184 seconds
[2022-08-01 13:24:53,703] {processor.py:163} INFO - Started process (PID=483) to work on /home/airflow/.local/lib/python3.7/site-packages/airflow/example_dags/example_nested_branch_dag.py
[2022-08-01 13:24:53,714] {processor.py:625} INFO - Processing file /home/airflow/.local/lib/python3.7/site-packages/airflow/example_dags/example_nested_branch_dag.py for tasks to queue
[2022-08-01 13:24:53,716] {logging_mixin.py:109} INFO - [2022-08-01 13:24:53,716] {dagbag.py:500} INFO - Filling up the DagBag from /home/airflow/.local/lib/python3.7/site-packages/airflow/example_dags/example_nested_branch_dag.py
[2022-08-01 13:24:53,788] {processor.py:637} INFO - DAG(s) dict_keys(['example_nested_branch_dag']) retrieved from /home/airflow/.local/lib/python3.7/site-packages/airflow/example_dags/example_nested_branch_dag.py
[2022-08-01 13:24:53,828] {logging_mixin.py:109} INFO - [2022-08-01 13:24:53,828] {dag.py:2396} INFO - Sync 1 DAGs
[2022-08-01 13:24:53,918] {logging_mixin.py:109} INFO - [2022-08-01 13:24:53,918] {dag.py:2928} INFO - Setting next_dagrun for example_nested_branch_dag to 2022-07-31 00:00:00+00:00
[2022-08-01 13:24:53,986] {processor.py:171} INFO - Processing /home/airflow/.local/lib/python3.7/site-packages/airflow/example_dags/example_nested_branch_dag.py took 0.289 seconds
[2022-08-01 13:25:24,055] {processor.py:163} INFO - Started process (PID=534) to work on /home/airflow/.local/lib/python3.7/site-packages/airflow/example_dags/example_nested_branch_dag.py
[2022-08-01 13:25:24,057] {processor.py:625} INFO - Processing file /home/airflow/.local/lib/python3.7/site-packages/airflow/example_dags/example_nested_branch_dag.py for tasks to queue
[2022-08-01 13:25:24,058] {logging_mixin.py:109} INFO - [2022-08-01 13:25:24,057] {dagbag.py:500} INFO - Filling up the DagBag from /home/airflow/.local/lib/python3.7/site-packages/airflow/example_dags/example_nested_branch_dag.py
[2022-08-01 13:25:24,134] {processor.py:637} INFO - DAG(s) dict_keys(['example_nested_branch_dag']) retrieved from /home/airflow/.local/lib/python3.7/site-packages/airflow/example_dags/example_nested_branch_dag.py
[2022-08-01 13:25:24,146] {logging_mixin.py:109} INFO - [2022-08-01 13:25:24,146] {dag.py:2396} INFO - Sync 1 DAGs
[2022-08-01 13:25:24,166] {logging_mixin.py:109} INFO - [2022-08-01 13:25:24,166] {dag.py:2928} INFO - Setting next_dagrun for example_nested_branch_dag to 2022-07-31 00:00:00+00:00
[2022-08-01 13:25:24,177] {processor.py:171} INFO - Processing /home/airflow/.local/lib/python3.7/site-packages/airflow/example_dags/example_nested_branch_dag.py took 0.125 seconds
[2022-08-01 13:25:54,661] {processor.py:163} INFO - Started process (PID=587) to work on /home/airflow/.local/lib/python3.7/site-packages/airflow/example_dags/example_nested_branch_dag.py
[2022-08-01 13:25:54,662] {processor.py:625} INFO - Processing file /home/airflow/.local/lib/python3.7/site-packages/airflow/example_dags/example_nested_branch_dag.py for tasks to queue
[2022-08-01 13:25:54,662] {logging_mixin.py:109} INFO - [2022-08-01 13:25:54,662] {dagbag.py:500} INFO - Filling up the DagBag from /home/airflow/.local/lib/python3.7/site-packages/airflow/example_dags/example_nested_branch_dag.py
[2022-08-01 13:25:54,686] {processor.py:637} INFO - DAG(s) dict_keys(['example_nested_branch_dag']) retrieved from /home/airflow/.local/lib/python3.7/site-packages/airflow/example_dags/example_nested_branch_dag.py
[2022-08-01 13:25:54,694] {logging_mixin.py:109} INFO - [2022-08-01 13:25:54,694] {dag.py:2396} INFO - Sync 1 DAGs
[2022-08-01 13:25:54,706] {logging_mixin.py:109} INFO - [2022-08-01 13:25:54,706] {dag.py:2928} INFO - Setting next_dagrun for example_nested_branch_dag to 2022-07-31 00:00:00+00:00
[2022-08-01 13:25:54,714] {processor.py:171} INFO - Processing /home/airflow/.local/lib/python3.7/site-packages/airflow/example_dags/example_nested_branch_dag.py took 0.056 seconds
[2022-08-01 13:26:25,373] {processor.py:163} INFO - Started process (PID=648) to work on /home/airflow/.local/lib/python3.7/site-packages/airflow/example_dags/example_nested_branch_dag.py
[2022-08-01 13:26:25,374] {processor.py:625} INFO - Processing file /home/airflow/.local/lib/python3.7/site-packages/airflow/example_dags/example_nested_branch_dag.py for tasks to queue
[2022-08-01 13:26:25,375] {logging_mixin.py:109} INFO - [2022-08-01 13:26:25,375] {dagbag.py:500} INFO - Filling up the DagBag from /home/airflow/.local/lib/python3.7/site-packages/airflow/example_dags/example_nested_branch_dag.py
[2022-08-01 13:26:25,431] {processor.py:637} INFO - DAG(s) dict_keys(['example_nested_branch_dag']) retrieved from /home/airflow/.local/lib/python3.7/site-packages/airflow/example_dags/example_nested_branch_dag.py
[2022-08-01 13:26:25,456] {logging_mixin.py:109} INFO - [2022-08-01 13:26:25,456] {dag.py:2396} INFO - Sync 1 DAGs
[2022-08-01 13:26:25,488] {logging_mixin.py:109} INFO - [2022-08-01 13:26:25,488] {dag.py:2928} INFO - Setting next_dagrun for example_nested_branch_dag to 2022-07-31 00:00:00+00:00
[2022-08-01 13:26:25,503] {processor.py:171} INFO - Processing /home/airflow/.local/lib/python3.7/site-packages/airflow/example_dags/example_nested_branch_dag.py took 0.137 seconds
[2022-08-01 13:26:55,853] {processor.py:163} INFO - Started process (PID=700) to work on /home/airflow/.local/lib/python3.7/site-packages/airflow/example_dags/example_nested_branch_dag.py
[2022-08-01 13:26:55,854] {processor.py:625} INFO - Processing file /home/airflow/.local/lib/python3.7/site-packages/airflow/example_dags/example_nested_branch_dag.py for tasks to queue
[2022-08-01 13:26:55,855] {logging_mixin.py:109} INFO - [2022-08-01 13:26:55,855] {dagbag.py:500} INFO - Filling up the DagBag from /home/airflow/.local/lib/python3.7/site-packages/airflow/example_dags/example_nested_branch_dag.py
[2022-08-01 13:26:55,897] {processor.py:637} INFO - DAG(s) dict_keys(['example_nested_branch_dag']) retrieved from /home/airflow/.local/lib/python3.7/site-packages/airflow/example_dags/example_nested_branch_dag.py
[2022-08-01 13:26:55,911] {logging_mixin.py:109} INFO - [2022-08-01 13:26:55,911] {dag.py:2396} INFO - Sync 1 DAGs
[2022-08-01 13:26:55,930] {logging_mixin.py:109} INFO - [2022-08-01 13:26:55,929] {dag.py:2928} INFO - Setting next_dagrun for example_nested_branch_dag to 2022-07-31 00:00:00+00:00
[2022-08-01 13:26:55,943] {processor.py:171} INFO - Processing /home/airflow/.local/lib/python3.7/site-packages/airflow/example_dags/example_nested_branch_dag.py took 0.094 seconds
[2022-08-01 13:27:26,127] {processor.py:163} INFO - Started process (PID=752) to work on /home/airflow/.local/lib/python3.7/site-packages/airflow/example_dags/example_nested_branch_dag.py
[2022-08-01 13:27:26,129] {processor.py:625} INFO - Processing file /home/airflow/.local/lib/python3.7/site-packages/airflow/example_dags/example_nested_branch_dag.py for tasks to queue
[2022-08-01 13:27:26,129] {logging_mixin.py:109} INFO - [2022-08-01 13:27:26,129] {dagbag.py:500} INFO - Filling up the DagBag from /home/airflow/.local/lib/python3.7/site-packages/airflow/example_dags/example_nested_branch_dag.py
[2022-08-01 13:27:26,161] {processor.py:637} INFO - DAG(s) dict_keys(['example_nested_branch_dag']) retrieved from /home/airflow/.local/lib/python3.7/site-packages/airflow/example_dags/example_nested_branch_dag.py
[2022-08-01 13:27:26,173] {logging_mixin.py:109} INFO - [2022-08-01 13:27:26,173] {dag.py:2396} INFO - Sync 1 DAGs
[2022-08-01 13:27:26,192] {logging_mixin.py:109} INFO - [2022-08-01 13:27:26,192] {dag.py:2928} INFO - Setting next_dagrun for example_nested_branch_dag to 2022-07-31 00:00:00+00:00
[2022-08-01 13:27:26,203] {processor.py:171} INFO - Processing /home/airflow/.local/lib/python3.7/site-packages/airflow/example_dags/example_nested_branch_dag.py took 0.079 seconds
[2022-08-01 13:27:56,720] {processor.py:163} INFO - Started process (PID=804) to work on /home/airflow/.local/lib/python3.7/site-packages/airflow/example_dags/example_nested_branch_dag.py
[2022-08-01 13:27:56,721] {processor.py:625} INFO - Processing file /home/airflow/.local/lib/python3.7/site-packages/airflow/example_dags/example_nested_branch_dag.py for tasks to queue
[2022-08-01 13:27:56,722] {logging_mixin.py:109} INFO - [2022-08-01 13:27:56,721] {dagbag.py:500} INFO - Filling up the DagBag from /home/airflow/.local/lib/python3.7/site-packages/airflow/example_dags/example_nested_branch_dag.py
[2022-08-01 13:27:56,743] {processor.py:637} INFO - DAG(s) dict_keys(['example_nested_branch_dag']) retrieved from /home/airflow/.local/lib/python3.7/site-packages/airflow/example_dags/example_nested_branch_dag.py
[2022-08-01 13:27:56,751] {logging_mixin.py:109} INFO - [2022-08-01 13:27:56,751] {dag.py:2396} INFO - Sync 1 DAGs
[2022-08-01 13:27:56,764] {logging_mixin.py:109} INFO - [2022-08-01 13:27:56,764] {dag.py:2928} INFO - Setting next_dagrun for example_nested_branch_dag to 2022-07-31 00:00:00+00:00
[2022-08-01 13:27:56,772] {processor.py:171} INFO - Processing /home/airflow/.local/lib/python3.7/site-packages/airflow/example_dags/example_nested_branch_dag.py took 0.054 seconds
[2022-08-01 13:28:27,070] {processor.py:163} INFO - Started process (PID=865) to work on /home/airflow/.local/lib/python3.7/site-packages/airflow/example_dags/example_nested_branch_dag.py
[2022-08-01 13:28:27,071] {processor.py:625} INFO - Processing file /home/airflow/.local/lib/python3.7/site-packages/airflow/example_dags/example_nested_branch_dag.py for tasks to queue
[2022-08-01 13:28:27,071] {logging_mixin.py:109} INFO - [2022-08-01 13:28:27,071] {dagbag.py:500} INFO - Filling up the DagBag from /home/airflow/.local/lib/python3.7/site-packages/airflow/example_dags/example_nested_branch_dag.py
[2022-08-01 13:28:27,096] {processor.py:637} INFO - DAG(s) dict_keys(['example_nested_branch_dag']) retrieved from /home/airflow/.local/lib/python3.7/site-packages/airflow/example_dags/example_nested_branch_dag.py
[2022-08-01 13:28:27,105] {logging_mixin.py:109} INFO - [2022-08-01 13:28:27,105] {dag.py:2396} INFO - Sync 1 DAGs
[2022-08-01 13:28:27,120] {logging_mixin.py:109} INFO - [2022-08-01 13:28:27,120] {dag.py:2928} INFO - Setting next_dagrun for example_nested_branch_dag to 2022-07-31 00:00:00+00:00
[2022-08-01 13:28:27,130] {processor.py:171} INFO - Processing /home/airflow/.local/lib/python3.7/site-packages/airflow/example_dags/example_nested_branch_dag.py took 0.064 seconds
[2022-08-01 13:28:57,204] {processor.py:163} INFO - Started process (PID=917) to work on /home/airflow/.local/lib/python3.7/site-packages/airflow/example_dags/example_nested_branch_dag.py
[2022-08-01 13:28:57,206] {processor.py:625} INFO - Processing file /home/airflow/.local/lib/python3.7/site-packages/airflow/example_dags/example_nested_branch_dag.py for tasks to queue
[2022-08-01 13:28:57,206] {logging_mixin.py:109} INFO - [2022-08-01 13:28:57,206] {dagbag.py:500} INFO - Filling up the DagBag from /home/airflow/.local/lib/python3.7/site-packages/airflow/example_dags/example_nested_branch_dag.py
[2022-08-01 13:28:57,228] {processor.py:637} INFO - DAG(s) dict_keys(['example_nested_branch_dag']) retrieved from /home/airflow/.local/lib/python3.7/site-packages/airflow/example_dags/example_nested_branch_dag.py
[2022-08-01 13:28:57,238] {logging_mixin.py:109} INFO - [2022-08-01 13:28:57,238] {dag.py:2396} INFO - Sync 1 DAGs
[2022-08-01 13:28:57,250] {logging_mixin.py:109} INFO - [2022-08-01 13:28:57,250] {dag.py:2928} INFO - Setting next_dagrun for example_nested_branch_dag to 2022-07-31 00:00:00+00:00
[2022-08-01 13:28:57,259] {processor.py:171} INFO - Processing /home/airflow/.local/lib/python3.7/site-packages/airflow/example_dags/example_nested_branch_dag.py took 0.057 seconds
[2022-08-01 13:29:27,535] {processor.py:163} INFO - Started process (PID=977) to work on /home/airflow/.local/lib/python3.7/site-packages/airflow/example_dags/example_nested_branch_dag.py
[2022-08-01 13:29:27,536] {processor.py:625} INFO - Processing file /home/airflow/.local/lib/python3.7/site-packages/airflow/example_dags/example_nested_branch_dag.py for tasks to queue
[2022-08-01 13:29:27,537] {logging_mixin.py:109} INFO - [2022-08-01 13:29:27,537] {dagbag.py:500} INFO - Filling up the DagBag from /home/airflow/.local/lib/python3.7/site-packages/airflow/example_dags/example_nested_branch_dag.py
[2022-08-01 13:29:27,570] {processor.py:637} INFO - DAG(s) dict_keys(['example_nested_branch_dag']) retrieved from /home/airflow/.local/lib/python3.7/site-packages/airflow/example_dags/example_nested_branch_dag.py
[2022-08-01 13:29:27,582] {logging_mixin.py:109} INFO - [2022-08-01 13:29:27,582] {dag.py:2396} INFO - Sync 1 DAGs
[2022-08-01 13:29:27,602] {logging_mixin.py:109} INFO - [2022-08-01 13:29:27,602] {dag.py:2928} INFO - Setting next_dagrun for example_nested_branch_dag to 2022-07-31 00:00:00+00:00
[2022-08-01 13:29:27,616] {processor.py:171} INFO - Processing /home/airflow/.local/lib/python3.7/site-packages/airflow/example_dags/example_nested_branch_dag.py took 0.085 seconds
[2022-08-01 13:29:58,076] {processor.py:163} INFO - Started process (PID=1029) to work on /home/airflow/.local/lib/python3.7/site-packages/airflow/example_dags/example_nested_branch_dag.py
[2022-08-01 13:29:58,078] {processor.py:625} INFO - Processing file /home/airflow/.local/lib/python3.7/site-packages/airflow/example_dags/example_nested_branch_dag.py for tasks to queue
[2022-08-01 13:29:58,078] {logging_mixin.py:109} INFO - [2022-08-01 13:29:58,078] {dagbag.py:500} INFO - Filling up the DagBag from /home/airflow/.local/lib/python3.7/site-packages/airflow/example_dags/example_nested_branch_dag.py
[2022-08-01 13:29:58,107] {processor.py:637} INFO - DAG(s) dict_keys(['example_nested_branch_dag']) retrieved from /home/airflow/.local/lib/python3.7/site-packages/airflow/example_dags/example_nested_branch_dag.py
[2022-08-01 13:29:58,117] {logging_mixin.py:109} INFO - [2022-08-01 13:29:58,117] {dag.py:2396} INFO - Sync 1 DAGs
[2022-08-01 13:29:58,132] {logging_mixin.py:109} INFO - [2022-08-01 13:29:58,132] {dag.py:2928} INFO - Setting next_dagrun for example_nested_branch_dag to 2022-07-31 00:00:00+00:00
[2022-08-01 13:29:58,146] {processor.py:171} INFO - Processing /home/airflow/.local/lib/python3.7/site-packages/airflow/example_dags/example_nested_branch_dag.py took 0.072 seconds
[2022-08-01 13:30:28,666] {processor.py:163} INFO - Started process (PID=1082) to work on /home/airflow/.local/lib/python3.7/site-packages/airflow/example_dags/example_nested_branch_dag.py
[2022-08-01 13:30:28,668] {processor.py:625} INFO - Processing file /home/airflow/.local/lib/python3.7/site-packages/airflow/example_dags/example_nested_branch_dag.py for tasks to queue
[2022-08-01 13:30:28,669] {logging_mixin.py:109} INFO - [2022-08-01 13:30:28,669] {dagbag.py:500} INFO - Filling up the DagBag from /home/airflow/.local/lib/python3.7/site-packages/airflow/example_dags/example_nested_branch_dag.py
[2022-08-01 13:30:28,714] {processor.py:637} INFO - DAG(s) dict_keys(['example_nested_branch_dag']) retrieved from /home/airflow/.local/lib/python3.7/site-packages/airflow/example_dags/example_nested_branch_dag.py
[2022-08-01 13:30:28,733] {logging_mixin.py:109} INFO - [2022-08-01 13:30:28,733] {dag.py:2396} INFO - Sync 1 DAGs
[2022-08-01 13:30:28,765] {logging_mixin.py:109} INFO - [2022-08-01 13:30:28,764] {dag.py:2928} INFO - Setting next_dagrun for example_nested_branch_dag to 2022-07-31 00:00:00+00:00
[2022-08-01 13:30:28,790] {processor.py:171} INFO - Processing /home/airflow/.local/lib/python3.7/site-packages/airflow/example_dags/example_nested_branch_dag.py took 0.130 seconds
