[2022-08-01 12:25:35,673] {processor.py:163} INFO - Started process (PID=45) to work on /home/airflow/.local/lib/python3.7/site-packages/airflow/example_dags/example_task_group.py
[2022-08-01 12:25:35,675] {processor.py:625} INFO - Processing file /home/airflow/.local/lib/python3.7/site-packages/airflow/example_dags/example_task_group.py for tasks to queue
[2022-08-01 12:25:35,676] {logging_mixin.py:109} INFO - [2022-08-01 12:25:35,675] {dagbag.py:500} INFO - Filling up the DagBag from /home/airflow/.local/lib/python3.7/site-packages/airflow/example_dags/example_task_group.py
[2022-08-01 12:25:35,724] {processor.py:637} INFO - DAG(s) dict_keys(['example_task_group']) retrieved from /home/airflow/.local/lib/python3.7/site-packages/airflow/example_dags/example_task_group.py
[2022-08-01 12:25:35,743] {logging_mixin.py:109} INFO - [2022-08-01 12:25:35,743] {dag.py:2396} INFO - Sync 1 DAGs
[2022-08-01 12:25:35,772] {logging_mixin.py:109} INFO - [2022-08-01 12:25:35,772] {dag.py:2928} INFO - Setting next_dagrun for example_task_group to 2022-07-31T12:25:35.771639+00:00
[2022-08-01 12:25:35,788] {processor.py:171} INFO - Processing /home/airflow/.local/lib/python3.7/site-packages/airflow/example_dags/example_task_group.py took 0.121 seconds
[2022-08-01 12:26:06,469] {processor.py:163} INFO - Started process (PID=97) to work on /home/airflow/.local/lib/python3.7/site-packages/airflow/example_dags/example_task_group.py
[2022-08-01 12:26:06,471] {processor.py:625} INFO - Processing file /home/airflow/.local/lib/python3.7/site-packages/airflow/example_dags/example_task_group.py for tasks to queue
[2022-08-01 12:26:06,471] {logging_mixin.py:109} INFO - [2022-08-01 12:26:06,471] {dagbag.py:500} INFO - Filling up the DagBag from /home/airflow/.local/lib/python3.7/site-packages/airflow/example_dags/example_task_group.py
[2022-08-01 12:26:06,500] {processor.py:637} INFO - DAG(s) dict_keys(['example_task_group']) retrieved from /home/airflow/.local/lib/python3.7/site-packages/airflow/example_dags/example_task_group.py
[2022-08-01 12:26:06,510] {logging_mixin.py:109} INFO - [2022-08-01 12:26:06,510] {dag.py:2396} INFO - Sync 1 DAGs
[2022-08-01 12:26:06,526] {logging_mixin.py:109} INFO - [2022-08-01 12:26:06,526] {dag.py:2928} INFO - Setting next_dagrun for example_task_group to 2022-07-31T12:26:06.525791+00:00
[2022-08-01 12:26:06,540] {processor.py:171} INFO - Processing /home/airflow/.local/lib/python3.7/site-packages/airflow/example_dags/example_task_group.py took 0.074 seconds
[2022-08-01 12:26:37,137] {processor.py:163} INFO - Started process (PID=149) to work on /home/airflow/.local/lib/python3.7/site-packages/airflow/example_dags/example_task_group.py
[2022-08-01 12:26:37,138] {processor.py:625} INFO - Processing file /home/airflow/.local/lib/python3.7/site-packages/airflow/example_dags/example_task_group.py for tasks to queue
[2022-08-01 12:26:37,139] {logging_mixin.py:109} INFO - [2022-08-01 12:26:37,139] {dagbag.py:500} INFO - Filling up the DagBag from /home/airflow/.local/lib/python3.7/site-packages/airflow/example_dags/example_task_group.py
[2022-08-01 12:26:37,165] {processor.py:637} INFO - DAG(s) dict_keys(['example_task_group']) retrieved from /home/airflow/.local/lib/python3.7/site-packages/airflow/example_dags/example_task_group.py
[2022-08-01 12:26:37,176] {logging_mixin.py:109} INFO - [2022-08-01 12:26:37,176] {dag.py:2396} INFO - Sync 1 DAGs
[2022-08-01 12:26:37,192] {logging_mixin.py:109} INFO - [2022-08-01 12:26:37,192] {dag.py:2928} INFO - Setting next_dagrun for example_task_group to 2022-07-31T12:26:37.191832+00:00
[2022-08-01 12:26:37,202] {processor.py:171} INFO - Processing /home/airflow/.local/lib/python3.7/site-packages/airflow/example_dags/example_task_group.py took 0.068 seconds
[2022-08-01 12:27:07,822] {processor.py:163} INFO - Started process (PID=210) to work on /home/airflow/.local/lib/python3.7/site-packages/airflow/example_dags/example_task_group.py
[2022-08-01 12:27:07,824] {processor.py:625} INFO - Processing file /home/airflow/.local/lib/python3.7/site-packages/airflow/example_dags/example_task_group.py for tasks to queue
[2022-08-01 12:27:07,824] {logging_mixin.py:109} INFO - [2022-08-01 12:27:07,824] {dagbag.py:500} INFO - Filling up the DagBag from /home/airflow/.local/lib/python3.7/site-packages/airflow/example_dags/example_task_group.py
[2022-08-01 12:27:07,857] {processor.py:637} INFO - DAG(s) dict_keys(['example_task_group']) retrieved from /home/airflow/.local/lib/python3.7/site-packages/airflow/example_dags/example_task_group.py
[2022-08-01 12:27:07,870] {logging_mixin.py:109} INFO - [2022-08-01 12:27:07,870] {dag.py:2396} INFO - Sync 1 DAGs
[2022-08-01 12:27:07,893] {logging_mixin.py:109} INFO - [2022-08-01 12:27:07,893] {dag.py:2928} INFO - Setting next_dagrun for example_task_group to 2022-07-31T12:27:07.892664+00:00
[2022-08-01 12:27:07,908] {processor.py:171} INFO - Processing /home/airflow/.local/lib/python3.7/site-packages/airflow/example_dags/example_task_group.py took 0.090 seconds
[2022-08-01 12:27:38,694] {processor.py:163} INFO - Started process (PID=262) to work on /home/airflow/.local/lib/python3.7/site-packages/airflow/example_dags/example_task_group.py
[2022-08-01 12:27:38,695] {processor.py:625} INFO - Processing file /home/airflow/.local/lib/python3.7/site-packages/airflow/example_dags/example_task_group.py for tasks to queue
[2022-08-01 12:27:38,695] {logging_mixin.py:109} INFO - [2022-08-01 12:27:38,695] {dagbag.py:500} INFO - Filling up the DagBag from /home/airflow/.local/lib/python3.7/site-packages/airflow/example_dags/example_task_group.py
[2022-08-01 12:27:38,713] {processor.py:637} INFO - DAG(s) dict_keys(['example_task_group']) retrieved from /home/airflow/.local/lib/python3.7/site-packages/airflow/example_dags/example_task_group.py
[2022-08-01 12:27:38,720] {logging_mixin.py:109} INFO - [2022-08-01 12:27:38,720] {dag.py:2396} INFO - Sync 1 DAGs
[2022-08-01 12:27:38,731] {logging_mixin.py:109} INFO - [2022-08-01 12:27:38,731] {dag.py:2928} INFO - Setting next_dagrun for example_task_group to 2022-07-31T12:27:38.731334+00:00
[2022-08-01 12:27:38,739] {processor.py:171} INFO - Processing /home/airflow/.local/lib/python3.7/site-packages/airflow/example_dags/example_task_group.py took 0.047 seconds
[2022-08-01 12:28:09,958] {processor.py:163} INFO - Started process (PID=322) to work on /home/airflow/.local/lib/python3.7/site-packages/airflow/example_dags/example_task_group.py
[2022-08-01 12:28:09,958] {processor.py:625} INFO - Processing file /home/airflow/.local/lib/python3.7/site-packages/airflow/example_dags/example_task_group.py for tasks to queue
[2022-08-01 12:28:09,959] {logging_mixin.py:109} INFO - [2022-08-01 12:28:09,959] {dagbag.py:500} INFO - Filling up the DagBag from /home/airflow/.local/lib/python3.7/site-packages/airflow/example_dags/example_task_group.py
[2022-08-01 12:28:09,980] {processor.py:637} INFO - DAG(s) dict_keys(['example_task_group']) retrieved from /home/airflow/.local/lib/python3.7/site-packages/airflow/example_dags/example_task_group.py
[2022-08-01 12:28:09,989] {logging_mixin.py:109} INFO - [2022-08-01 12:28:09,989] {dag.py:2396} INFO - Sync 1 DAGs
[2022-08-01 12:28:09,999] {logging_mixin.py:109} INFO - [2022-08-01 12:28:09,999] {dag.py:2928} INFO - Setting next_dagrun for example_task_group to 2022-07-31T12:28:09.999612+00:00
[2022-08-01 12:28:10,008] {processor.py:171} INFO - Processing /home/airflow/.local/lib/python3.7/site-packages/airflow/example_dags/example_task_group.py took 0.053 seconds
[2022-08-01 12:28:40,647] {processor.py:163} INFO - Started process (PID=376) to work on /home/airflow/.local/lib/python3.7/site-packages/airflow/example_dags/example_task_group.py
[2022-08-01 12:28:40,648] {processor.py:625} INFO - Processing file /home/airflow/.local/lib/python3.7/site-packages/airflow/example_dags/example_task_group.py for tasks to queue
[2022-08-01 12:28:40,648] {logging_mixin.py:109} INFO - [2022-08-01 12:28:40,648] {dagbag.py:500} INFO - Filling up the DagBag from /home/airflow/.local/lib/python3.7/site-packages/airflow/example_dags/example_task_group.py
[2022-08-01 12:28:40,668] {processor.py:637} INFO - DAG(s) dict_keys(['example_task_group']) retrieved from /home/airflow/.local/lib/python3.7/site-packages/airflow/example_dags/example_task_group.py
[2022-08-01 12:28:40,675] {logging_mixin.py:109} INFO - [2022-08-01 12:28:40,675] {dag.py:2396} INFO - Sync 1 DAGs
[2022-08-01 12:28:40,685] {logging_mixin.py:109} INFO - [2022-08-01 12:28:40,685] {dag.py:2928} INFO - Setting next_dagrun for example_task_group to 2022-07-31T12:28:40.685659+00:00
[2022-08-01 12:28:40,693] {processor.py:171} INFO - Processing /home/airflow/.local/lib/python3.7/site-packages/airflow/example_dags/example_task_group.py took 0.049 seconds
[2022-08-01 12:29:11,725] {processor.py:163} INFO - Started process (PID=437) to work on /home/airflow/.local/lib/python3.7/site-packages/airflow/example_dags/example_task_group.py
[2022-08-01 12:29:11,726] {processor.py:625} INFO - Processing file /home/airflow/.local/lib/python3.7/site-packages/airflow/example_dags/example_task_group.py for tasks to queue
[2022-08-01 12:29:11,727] {logging_mixin.py:109} INFO - [2022-08-01 12:29:11,727] {dagbag.py:500} INFO - Filling up the DagBag from /home/airflow/.local/lib/python3.7/site-packages/airflow/example_dags/example_task_group.py
[2022-08-01 12:29:11,761] {processor.py:637} INFO - DAG(s) dict_keys(['example_task_group']) retrieved from /home/airflow/.local/lib/python3.7/site-packages/airflow/example_dags/example_task_group.py
[2022-08-01 12:29:11,774] {logging_mixin.py:109} INFO - [2022-08-01 12:29:11,774] {dag.py:2396} INFO - Sync 1 DAGs
[2022-08-01 12:29:11,791] {logging_mixin.py:109} INFO - [2022-08-01 12:29:11,791] {dag.py:2928} INFO - Setting next_dagrun for example_task_group to 2022-07-31T12:29:11.790951+00:00
[2022-08-01 12:29:11,802] {processor.py:171} INFO - Processing /home/airflow/.local/lib/python3.7/site-packages/airflow/example_dags/example_task_group.py took 0.081 seconds
[2022-08-01 12:29:42,406] {processor.py:163} INFO - Started process (PID=489) to work on /home/airflow/.local/lib/python3.7/site-packages/airflow/example_dags/example_task_group.py
[2022-08-01 12:29:42,408] {processor.py:625} INFO - Processing file /home/airflow/.local/lib/python3.7/site-packages/airflow/example_dags/example_task_group.py for tasks to queue
[2022-08-01 12:29:42,408] {logging_mixin.py:109} INFO - [2022-08-01 12:29:42,408] {dagbag.py:500} INFO - Filling up the DagBag from /home/airflow/.local/lib/python3.7/site-packages/airflow/example_dags/example_task_group.py
[2022-08-01 12:29:42,435] {processor.py:637} INFO - DAG(s) dict_keys(['example_task_group']) retrieved from /home/airflow/.local/lib/python3.7/site-packages/airflow/example_dags/example_task_group.py
[2022-08-01 12:29:42,446] {logging_mixin.py:109} INFO - [2022-08-01 12:29:42,446] {dag.py:2396} INFO - Sync 1 DAGs
[2022-08-01 12:29:42,461] {logging_mixin.py:109} INFO - [2022-08-01 12:29:42,461] {dag.py:2928} INFO - Setting next_dagrun for example_task_group to 2022-07-31T12:29:42.461324+00:00
[2022-08-01 12:29:42,472] {processor.py:171} INFO - Processing /home/airflow/.local/lib/python3.7/site-packages/airflow/example_dags/example_task_group.py took 0.069 seconds
[2022-08-01 12:30:12,630] {processor.py:163} INFO - Started process (PID=549) to work on /home/airflow/.local/lib/python3.7/site-packages/airflow/example_dags/example_task_group.py
[2022-08-01 12:30:12,631] {processor.py:625} INFO - Processing file /home/airflow/.local/lib/python3.7/site-packages/airflow/example_dags/example_task_group.py for tasks to queue
[2022-08-01 12:30:12,631] {logging_mixin.py:109} INFO - [2022-08-01 12:30:12,631] {dagbag.py:500} INFO - Filling up the DagBag from /home/airflow/.local/lib/python3.7/site-packages/airflow/example_dags/example_task_group.py
[2022-08-01 12:30:12,664] {processor.py:637} INFO - DAG(s) dict_keys(['example_task_group']) retrieved from /home/airflow/.local/lib/python3.7/site-packages/airflow/example_dags/example_task_group.py
[2022-08-01 12:30:12,676] {logging_mixin.py:109} INFO - [2022-08-01 12:30:12,676] {dag.py:2396} INFO - Sync 1 DAGs
[2022-08-01 12:30:12,695] {logging_mixin.py:109} INFO - [2022-08-01 12:30:12,695] {dag.py:2928} INFO - Setting next_dagrun for example_task_group to 2022-07-31T12:30:12.694597+00:00
[2022-08-01 12:30:12,709] {processor.py:171} INFO - Processing /home/airflow/.local/lib/python3.7/site-packages/airflow/example_dags/example_task_group.py took 0.083 seconds
[2022-08-01 12:30:44,072] {processor.py:163} INFO - Started process (PID=602) to work on /home/airflow/.local/lib/python3.7/site-packages/airflow/example_dags/example_task_group.py
[2022-08-01 12:30:44,074] {processor.py:625} INFO - Processing file /home/airflow/.local/lib/python3.7/site-packages/airflow/example_dags/example_task_group.py for tasks to queue
[2022-08-01 12:30:44,075] {logging_mixin.py:109} INFO - [2022-08-01 12:30:44,075] {dagbag.py:500} INFO - Filling up the DagBag from /home/airflow/.local/lib/python3.7/site-packages/airflow/example_dags/example_task_group.py
[2022-08-01 12:30:44,107] {processor.py:637} INFO - DAG(s) dict_keys(['example_task_group']) retrieved from /home/airflow/.local/lib/python3.7/site-packages/airflow/example_dags/example_task_group.py
[2022-08-01 12:30:44,119] {logging_mixin.py:109} INFO - [2022-08-01 12:30:44,119] {dag.py:2396} INFO - Sync 1 DAGs
[2022-08-01 12:30:44,140] {logging_mixin.py:109} INFO - [2022-08-01 12:30:44,140] {dag.py:2928} INFO - Setting next_dagrun for example_task_group to 2022-07-31T12:30:44.139872+00:00
[2022-08-01 12:30:44,153] {processor.py:171} INFO - Processing /home/airflow/.local/lib/python3.7/site-packages/airflow/example_dags/example_task_group.py took 0.086 seconds
[2022-08-01 12:31:14,678] {processor.py:163} INFO - Started process (PID=653) to work on /home/airflow/.local/lib/python3.7/site-packages/airflow/example_dags/example_task_group.py
[2022-08-01 12:31:14,679] {processor.py:625} INFO - Processing file /home/airflow/.local/lib/python3.7/site-packages/airflow/example_dags/example_task_group.py for tasks to queue
[2022-08-01 12:31:14,680] {logging_mixin.py:109} INFO - [2022-08-01 12:31:14,680] {dagbag.py:500} INFO - Filling up the DagBag from /home/airflow/.local/lib/python3.7/site-packages/airflow/example_dags/example_task_group.py
[2022-08-01 12:31:14,703] {processor.py:637} INFO - DAG(s) dict_keys(['example_task_group']) retrieved from /home/airflow/.local/lib/python3.7/site-packages/airflow/example_dags/example_task_group.py
[2022-08-01 12:31:14,711] {logging_mixin.py:109} INFO - [2022-08-01 12:31:14,711] {dag.py:2396} INFO - Sync 1 DAGs
[2022-08-01 12:31:14,722] {logging_mixin.py:109} INFO - [2022-08-01 12:31:14,721] {dag.py:2928} INFO - Setting next_dagrun for example_task_group to 2022-07-31T12:31:14.721725+00:00
[2022-08-01 12:31:14,730] {processor.py:171} INFO - Processing /home/airflow/.local/lib/python3.7/site-packages/airflow/example_dags/example_task_group.py took 0.054 seconds
[2022-08-01 12:31:44,828] {processor.py:163} INFO - Started process (PID=713) to work on /home/airflow/.local/lib/python3.7/site-packages/airflow/example_dags/example_task_group.py
[2022-08-01 12:31:44,830] {processor.py:625} INFO - Processing file /home/airflow/.local/lib/python3.7/site-packages/airflow/example_dags/example_task_group.py for tasks to queue
[2022-08-01 12:31:44,832] {logging_mixin.py:109} INFO - [2022-08-01 12:31:44,831] {dagbag.py:500} INFO - Filling up the DagBag from /home/airflow/.local/lib/python3.7/site-packages/airflow/example_dags/example_task_group.py
[2022-08-01 12:31:44,917] {processor.py:637} INFO - DAG(s) dict_keys(['example_task_group']) retrieved from /home/airflow/.local/lib/python3.7/site-packages/airflow/example_dags/example_task_group.py
[2022-08-01 12:31:44,941] {logging_mixin.py:109} INFO - [2022-08-01 12:31:44,941] {dag.py:2396} INFO - Sync 1 DAGs
[2022-08-01 12:31:44,973] {logging_mixin.py:109} INFO - [2022-08-01 12:31:44,973] {dag.py:2928} INFO - Setting next_dagrun for example_task_group to 2022-07-31T12:31:44.972767+00:00
[2022-08-01 12:31:44,995] {processor.py:171} INFO - Processing /home/airflow/.local/lib/python3.7/site-packages/airflow/example_dags/example_task_group.py took 0.179 seconds
[2022-08-01 12:32:16,275] {processor.py:163} INFO - Started process (PID=766) to work on /home/airflow/.local/lib/python3.7/site-packages/airflow/example_dags/example_task_group.py
[2022-08-01 12:32:16,277] {processor.py:625} INFO - Processing file /home/airflow/.local/lib/python3.7/site-packages/airflow/example_dags/example_task_group.py for tasks to queue
[2022-08-01 12:32:16,278] {logging_mixin.py:109} INFO - [2022-08-01 12:32:16,278] {dagbag.py:500} INFO - Filling up the DagBag from /home/airflow/.local/lib/python3.7/site-packages/airflow/example_dags/example_task_group.py
[2022-08-01 12:32:16,304] {processor.py:637} INFO - DAG(s) dict_keys(['example_task_group']) retrieved from /home/airflow/.local/lib/python3.7/site-packages/airflow/example_dags/example_task_group.py
[2022-08-01 12:32:16,314] {logging_mixin.py:109} INFO - [2022-08-01 12:32:16,314] {dag.py:2396} INFO - Sync 1 DAGs
[2022-08-01 12:32:16,329] {logging_mixin.py:109} INFO - [2022-08-01 12:32:16,329] {dag.py:2928} INFO - Setting next_dagrun for example_task_group to 2022-07-31T12:32:16.329183+00:00
[2022-08-01 12:32:16,338] {processor.py:171} INFO - Processing /home/airflow/.local/lib/python3.7/site-packages/airflow/example_dags/example_task_group.py took 0.066 seconds
[2022-08-01 12:32:47,891] {processor.py:163} INFO - Started process (PID=828) to work on /home/airflow/.local/lib/python3.7/site-packages/airflow/example_dags/example_task_group.py
[2022-08-01 12:32:47,897] {processor.py:625} INFO - Processing file /home/airflow/.local/lib/python3.7/site-packages/airflow/example_dags/example_task_group.py for tasks to queue
[2022-08-01 12:32:47,899] {logging_mixin.py:109} INFO - [2022-08-01 12:32:47,898] {dagbag.py:500} INFO - Filling up the DagBag from /home/airflow/.local/lib/python3.7/site-packages/airflow/example_dags/example_task_group.py
[2022-08-01 12:32:47,954] {processor.py:637} INFO - DAG(s) dict_keys(['example_task_group']) retrieved from /home/airflow/.local/lib/python3.7/site-packages/airflow/example_dags/example_task_group.py
[2022-08-01 12:32:47,971] {logging_mixin.py:109} INFO - [2022-08-01 12:32:47,971] {dag.py:2396} INFO - Sync 1 DAGs
[2022-08-01 12:32:47,999] {logging_mixin.py:109} INFO - [2022-08-01 12:32:47,999] {dag.py:2928} INFO - Setting next_dagrun for example_task_group to 2022-07-31T12:32:47.998652+00:00
[2022-08-01 12:32:48,016] {processor.py:171} INFO - Processing /home/airflow/.local/lib/python3.7/site-packages/airflow/example_dags/example_task_group.py took 0.131 seconds
[2022-08-01 12:33:18,535] {processor.py:163} INFO - Started process (PID=879) to work on /home/airflow/.local/lib/python3.7/site-packages/airflow/example_dags/example_task_group.py
[2022-08-01 12:33:18,536] {processor.py:625} INFO - Processing file /home/airflow/.local/lib/python3.7/site-packages/airflow/example_dags/example_task_group.py for tasks to queue
[2022-08-01 12:33:18,536] {logging_mixin.py:109} INFO - [2022-08-01 12:33:18,536] {dagbag.py:500} INFO - Filling up the DagBag from /home/airflow/.local/lib/python3.7/site-packages/airflow/example_dags/example_task_group.py
[2022-08-01 12:33:18,557] {processor.py:637} INFO - DAG(s) dict_keys(['example_task_group']) retrieved from /home/airflow/.local/lib/python3.7/site-packages/airflow/example_dags/example_task_group.py
[2022-08-01 12:33:18,564] {logging_mixin.py:109} INFO - [2022-08-01 12:33:18,564] {dag.py:2396} INFO - Sync 1 DAGs
[2022-08-01 12:33:18,573] {logging_mixin.py:109} INFO - [2022-08-01 12:33:18,573] {dag.py:2928} INFO - Setting next_dagrun for example_task_group to 2022-07-31T12:33:18.573321+00:00
[2022-08-01 12:33:18,581] {processor.py:171} INFO - Processing /home/airflow/.local/lib/python3.7/site-packages/airflow/example_dags/example_task_group.py took 0.048 seconds
[2022-08-01 12:33:49,253] {processor.py:163} INFO - Started process (PID=940) to work on /home/airflow/.local/lib/python3.7/site-packages/airflow/example_dags/example_task_group.py
[2022-08-01 12:33:49,259] {processor.py:625} INFO - Processing file /home/airflow/.local/lib/python3.7/site-packages/airflow/example_dags/example_task_group.py for tasks to queue
[2022-08-01 12:33:49,260] {logging_mixin.py:109} INFO - [2022-08-01 12:33:49,260] {dagbag.py:500} INFO - Filling up the DagBag from /home/airflow/.local/lib/python3.7/site-packages/airflow/example_dags/example_task_group.py
[2022-08-01 12:33:49,308] {processor.py:637} INFO - DAG(s) dict_keys(['example_task_group']) retrieved from /home/airflow/.local/lib/python3.7/site-packages/airflow/example_dags/example_task_group.py
[2022-08-01 12:33:49,332] {logging_mixin.py:109} INFO - [2022-08-01 12:33:49,332] {dag.py:2396} INFO - Sync 1 DAGs
[2022-08-01 12:33:49,365] {logging_mixin.py:109} INFO - [2022-08-01 12:33:49,364] {dag.py:2928} INFO - Setting next_dagrun for example_task_group to 2022-07-31T12:33:49.364377+00:00
[2022-08-01 12:33:49,396] {processor.py:171} INFO - Processing /home/airflow/.local/lib/python3.7/site-packages/airflow/example_dags/example_task_group.py took 0.149 seconds
[2022-08-01 12:34:20,262] {processor.py:163} INFO - Started process (PID=992) to work on /home/airflow/.local/lib/python3.7/site-packages/airflow/example_dags/example_task_group.py
[2022-08-01 12:34:20,263] {processor.py:625} INFO - Processing file /home/airflow/.local/lib/python3.7/site-packages/airflow/example_dags/example_task_group.py for tasks to queue
[2022-08-01 12:34:20,265] {logging_mixin.py:109} INFO - [2022-08-01 12:34:20,264] {dagbag.py:500} INFO - Filling up the DagBag from /home/airflow/.local/lib/python3.7/site-packages/airflow/example_dags/example_task_group.py
[2022-08-01 12:34:20,293] {processor.py:637} INFO - DAG(s) dict_keys(['example_task_group']) retrieved from /home/airflow/.local/lib/python3.7/site-packages/airflow/example_dags/example_task_group.py
[2022-08-01 12:34:20,304] {logging_mixin.py:109} INFO - [2022-08-01 12:34:20,304] {dag.py:2396} INFO - Sync 1 DAGs
[2022-08-01 12:34:20,323] {logging_mixin.py:109} INFO - [2022-08-01 12:34:20,323] {dag.py:2928} INFO - Setting next_dagrun for example_task_group to 2022-07-31T12:34:20.323107+00:00
[2022-08-01 12:34:20,337] {processor.py:171} INFO - Processing /home/airflow/.local/lib/python3.7/site-packages/airflow/example_dags/example_task_group.py took 0.079 seconds
[2022-08-01 12:34:51,037] {processor.py:163} INFO - Started process (PID=1044) to work on /home/airflow/.local/lib/python3.7/site-packages/airflow/example_dags/example_task_group.py
[2022-08-01 12:34:51,039] {processor.py:625} INFO - Processing file /home/airflow/.local/lib/python3.7/site-packages/airflow/example_dags/example_task_group.py for tasks to queue
[2022-08-01 12:34:51,040] {logging_mixin.py:109} INFO - [2022-08-01 12:34:51,040] {dagbag.py:500} INFO - Filling up the DagBag from /home/airflow/.local/lib/python3.7/site-packages/airflow/example_dags/example_task_group.py
[2022-08-01 12:34:51,082] {processor.py:637} INFO - DAG(s) dict_keys(['example_task_group']) retrieved from /home/airflow/.local/lib/python3.7/site-packages/airflow/example_dags/example_task_group.py
[2022-08-01 12:34:51,099] {logging_mixin.py:109} INFO - [2022-08-01 12:34:51,099] {dag.py:2396} INFO - Sync 1 DAGs
[2022-08-01 12:34:51,123] {logging_mixin.py:109} INFO - [2022-08-01 12:34:51,123] {dag.py:2928} INFO - Setting next_dagrun for example_task_group to 2022-07-31T12:34:51.122808+00:00
[2022-08-01 12:34:51,137] {processor.py:171} INFO - Processing /home/airflow/.local/lib/python3.7/site-packages/airflow/example_dags/example_task_group.py took 0.104 seconds
[2022-08-01 12:35:21,790] {processor.py:163} INFO - Started process (PID=1105) to work on /home/airflow/.local/lib/python3.7/site-packages/airflow/example_dags/example_task_group.py
[2022-08-01 12:35:21,792] {processor.py:625} INFO - Processing file /home/airflow/.local/lib/python3.7/site-packages/airflow/example_dags/example_task_group.py for tasks to queue
[2022-08-01 12:35:21,793] {logging_mixin.py:109} INFO - [2022-08-01 12:35:21,793] {dagbag.py:500} INFO - Filling up the DagBag from /home/airflow/.local/lib/python3.7/site-packages/airflow/example_dags/example_task_group.py
[2022-08-01 12:35:21,829] {processor.py:637} INFO - DAG(s) dict_keys(['example_task_group']) retrieved from /home/airflow/.local/lib/python3.7/site-packages/airflow/example_dags/example_task_group.py
[2022-08-01 12:35:21,844] {logging_mixin.py:109} INFO - [2022-08-01 12:35:21,844] {dag.py:2396} INFO - Sync 1 DAGs
[2022-08-01 12:35:21,868] {logging_mixin.py:109} INFO - [2022-08-01 12:35:21,867] {dag.py:2928} INFO - Setting next_dagrun for example_task_group to 2022-07-31T12:35:21.867450+00:00
[2022-08-01 12:35:21,882] {processor.py:171} INFO - Processing /home/airflow/.local/lib/python3.7/site-packages/airflow/example_dags/example_task_group.py took 0.098 seconds
[2022-08-01 12:35:52,055] {processor.py:163} INFO - Started process (PID=1157) to work on /home/airflow/.local/lib/python3.7/site-packages/airflow/example_dags/example_task_group.py
[2022-08-01 12:35:52,056] {processor.py:625} INFO - Processing file /home/airflow/.local/lib/python3.7/site-packages/airflow/example_dags/example_task_group.py for tasks to queue
[2022-08-01 12:35:52,057] {logging_mixin.py:109} INFO - [2022-08-01 12:35:52,057] {dagbag.py:500} INFO - Filling up the DagBag from /home/airflow/.local/lib/python3.7/site-packages/airflow/example_dags/example_task_group.py
[2022-08-01 12:35:52,077] {processor.py:637} INFO - DAG(s) dict_keys(['example_task_group']) retrieved from /home/airflow/.local/lib/python3.7/site-packages/airflow/example_dags/example_task_group.py
[2022-08-01 12:35:52,085] {logging_mixin.py:109} INFO - [2022-08-01 12:35:52,085] {dag.py:2396} INFO - Sync 1 DAGs
[2022-08-01 12:35:52,097] {logging_mixin.py:109} INFO - [2022-08-01 12:35:52,097] {dag.py:2928} INFO - Setting next_dagrun for example_task_group to 2022-07-31T12:35:52.097232+00:00
[2022-08-01 12:35:52,105] {processor.py:171} INFO - Processing /home/airflow/.local/lib/python3.7/site-packages/airflow/example_dags/example_task_group.py took 0.052 seconds
[2022-08-01 12:40:10,160] {processor.py:163} INFO - Started process (PID=45) to work on /home/airflow/.local/lib/python3.7/site-packages/airflow/example_dags/example_task_group.py
[2022-08-01 12:40:10,164] {processor.py:625} INFO - Processing file /home/airflow/.local/lib/python3.7/site-packages/airflow/example_dags/example_task_group.py for tasks to queue
[2022-08-01 12:40:10,165] {logging_mixin.py:109} INFO - [2022-08-01 12:40:10,165] {dagbag.py:500} INFO - Filling up the DagBag from /home/airflow/.local/lib/python3.7/site-packages/airflow/example_dags/example_task_group.py
[2022-08-01 12:40:10,227] {processor.py:637} INFO - DAG(s) dict_keys(['example_task_group']) retrieved from /home/airflow/.local/lib/python3.7/site-packages/airflow/example_dags/example_task_group.py
[2022-08-01 12:40:10,256] {logging_mixin.py:109} INFO - [2022-08-01 12:40:10,255] {dag.py:2396} INFO - Sync 1 DAGs
[2022-08-01 12:40:10,293] {logging_mixin.py:109} INFO - [2022-08-01 12:40:10,293] {dag.py:2928} INFO - Setting next_dagrun for example_task_group to 2022-07-31T12:40:10.292967+00:00
[2022-08-01 12:40:10,319] {processor.py:171} INFO - Processing /home/airflow/.local/lib/python3.7/site-packages/airflow/example_dags/example_task_group.py took 0.166 seconds
[2022-08-01 12:40:40,752] {processor.py:163} INFO - Started process (PID=95) to work on /home/airflow/.local/lib/python3.7/site-packages/airflow/example_dags/example_task_group.py
[2022-08-01 12:40:40,753] {processor.py:625} INFO - Processing file /home/airflow/.local/lib/python3.7/site-packages/airflow/example_dags/example_task_group.py for tasks to queue
[2022-08-01 12:40:40,754] {logging_mixin.py:109} INFO - [2022-08-01 12:40:40,754] {dagbag.py:500} INFO - Filling up the DagBag from /home/airflow/.local/lib/python3.7/site-packages/airflow/example_dags/example_task_group.py
[2022-08-01 12:40:40,773] {processor.py:637} INFO - DAG(s) dict_keys(['example_task_group']) retrieved from /home/airflow/.local/lib/python3.7/site-packages/airflow/example_dags/example_task_group.py
[2022-08-01 12:40:40,780] {logging_mixin.py:109} INFO - [2022-08-01 12:40:40,780] {dag.py:2396} INFO - Sync 1 DAGs
[2022-08-01 12:40:40,790] {logging_mixin.py:109} INFO - [2022-08-01 12:40:40,790] {dag.py:2928} INFO - Setting next_dagrun for example_task_group to 2022-07-31T12:40:40.790578+00:00
[2022-08-01 12:40:40,798] {processor.py:171} INFO - Processing /home/airflow/.local/lib/python3.7/site-packages/airflow/example_dags/example_task_group.py took 0.047 seconds
[2022-08-01 13:20:39,067] {processor.py:163} INFO - Started process (PID=45) to work on /home/airflow/.local/lib/python3.7/site-packages/airflow/example_dags/example_task_group.py
[2022-08-01 13:20:39,072] {processor.py:625} INFO - Processing file /home/airflow/.local/lib/python3.7/site-packages/airflow/example_dags/example_task_group.py for tasks to queue
[2022-08-01 13:20:39,073] {logging_mixin.py:109} INFO - [2022-08-01 13:20:39,073] {dagbag.py:500} INFO - Filling up the DagBag from /home/airflow/.local/lib/python3.7/site-packages/airflow/example_dags/example_task_group.py
[2022-08-01 13:20:39,146] {processor.py:637} INFO - DAG(s) dict_keys(['example_task_group']) retrieved from /home/airflow/.local/lib/python3.7/site-packages/airflow/example_dags/example_task_group.py
[2022-08-01 13:20:39,176] {logging_mixin.py:109} INFO - [2022-08-01 13:20:39,176] {dag.py:2396} INFO - Sync 1 DAGs
[2022-08-01 13:20:39,235] {logging_mixin.py:109} INFO - [2022-08-01 13:20:39,235] {dag.py:2928} INFO - Setting next_dagrun for example_task_group to 2022-07-31T13:20:39.234393+00:00
[2022-08-01 13:20:39,269] {processor.py:171} INFO - Processing /home/airflow/.local/lib/python3.7/site-packages/airflow/example_dags/example_task_group.py took 0.209 seconds
[2022-08-01 13:21:12,076] {processor.py:163} INFO - Started process (PID=97) to work on /home/airflow/.local/lib/python3.7/site-packages/airflow/example_dags/example_task_group.py
[2022-08-01 13:21:12,083] {processor.py:625} INFO - Processing file /home/airflow/.local/lib/python3.7/site-packages/airflow/example_dags/example_task_group.py for tasks to queue
[2022-08-01 13:21:12,085] {logging_mixin.py:109} INFO - [2022-08-01 13:21:12,084] {dagbag.py:500} INFO - Filling up the DagBag from /home/airflow/.local/lib/python3.7/site-packages/airflow/example_dags/example_task_group.py
[2022-08-01 13:21:12,181] {processor.py:637} INFO - DAG(s) dict_keys(['example_task_group']) retrieved from /home/airflow/.local/lib/python3.7/site-packages/airflow/example_dags/example_task_group.py
[2022-08-01 13:21:12,217] {logging_mixin.py:109} INFO - [2022-08-01 13:21:12,217] {dag.py:2396} INFO - Sync 1 DAGs
[2022-08-01 13:21:12,272] {logging_mixin.py:109} INFO - [2022-08-01 13:21:12,272] {dag.py:2928} INFO - Setting next_dagrun for example_task_group to 2022-07-31T13:21:12.267027+00:00
[2022-08-01 13:21:12,309] {processor.py:171} INFO - Processing /home/airflow/.local/lib/python3.7/site-packages/airflow/example_dags/example_task_group.py took 0.243 seconds
[2022-08-01 13:21:42,392] {processor.py:163} INFO - Started process (PID=139) to work on /home/airflow/.local/lib/python3.7/site-packages/airflow/example_dags/example_task_group.py
[2022-08-01 13:21:42,393] {processor.py:625} INFO - Processing file /home/airflow/.local/lib/python3.7/site-packages/airflow/example_dags/example_task_group.py for tasks to queue
[2022-08-01 13:21:42,393] {logging_mixin.py:109} INFO - [2022-08-01 13:21:42,393] {dagbag.py:500} INFO - Filling up the DagBag from /home/airflow/.local/lib/python3.7/site-packages/airflow/example_dags/example_task_group.py
[2022-08-01 13:21:42,413] {processor.py:637} INFO - DAG(s) dict_keys(['example_task_group']) retrieved from /home/airflow/.local/lib/python3.7/site-packages/airflow/example_dags/example_task_group.py
[2022-08-01 13:21:42,420] {logging_mixin.py:109} INFO - [2022-08-01 13:21:42,420] {dag.py:2396} INFO - Sync 1 DAGs
[2022-08-01 13:21:42,429] {logging_mixin.py:109} INFO - [2022-08-01 13:21:42,429] {dag.py:2928} INFO - Setting next_dagrun for example_task_group to 2022-07-31T13:21:42.429305+00:00
[2022-08-01 13:21:42,437] {processor.py:171} INFO - Processing /home/airflow/.local/lib/python3.7/site-packages/airflow/example_dags/example_task_group.py took 0.047 seconds
[2022-08-01 13:22:12,618] {processor.py:163} INFO - Started process (PID=200) to work on /home/airflow/.local/lib/python3.7/site-packages/airflow/example_dags/example_task_group.py
[2022-08-01 13:22:12,620] {processor.py:625} INFO - Processing file /home/airflow/.local/lib/python3.7/site-packages/airflow/example_dags/example_task_group.py for tasks to queue
[2022-08-01 13:22:12,620] {logging_mixin.py:109} INFO - [2022-08-01 13:22:12,620] {dagbag.py:500} INFO - Filling up the DagBag from /home/airflow/.local/lib/python3.7/site-packages/airflow/example_dags/example_task_group.py
[2022-08-01 13:22:12,659] {processor.py:637} INFO - DAG(s) dict_keys(['example_task_group']) retrieved from /home/airflow/.local/lib/python3.7/site-packages/airflow/example_dags/example_task_group.py
[2022-08-01 13:22:12,671] {logging_mixin.py:109} INFO - [2022-08-01 13:22:12,670] {dag.py:2396} INFO - Sync 1 DAGs
[2022-08-01 13:22:12,687] {logging_mixin.py:109} INFO - [2022-08-01 13:22:12,687] {dag.py:2928} INFO - Setting next_dagrun for example_task_group to 2022-07-31T13:22:12.687114+00:00
[2022-08-01 13:22:12,703] {processor.py:171} INFO - Processing /home/airflow/.local/lib/python3.7/site-packages/airflow/example_dags/example_task_group.py took 0.088 seconds
[2022-08-01 13:22:42,726] {processor.py:163} INFO - Started process (PID=251) to work on /home/airflow/.local/lib/python3.7/site-packages/airflow/example_dags/example_task_group.py
[2022-08-01 13:22:42,727] {processor.py:625} INFO - Processing file /home/airflow/.local/lib/python3.7/site-packages/airflow/example_dags/example_task_group.py for tasks to queue
[2022-08-01 13:22:42,728] {logging_mixin.py:109} INFO - [2022-08-01 13:22:42,728] {dagbag.py:500} INFO - Filling up the DagBag from /home/airflow/.local/lib/python3.7/site-packages/airflow/example_dags/example_task_group.py
[2022-08-01 13:22:42,748] {processor.py:637} INFO - DAG(s) dict_keys(['example_task_group']) retrieved from /home/airflow/.local/lib/python3.7/site-packages/airflow/example_dags/example_task_group.py
[2022-08-01 13:22:42,756] {logging_mixin.py:109} INFO - [2022-08-01 13:22:42,756] {dag.py:2396} INFO - Sync 1 DAGs
[2022-08-01 13:22:42,767] {logging_mixin.py:109} INFO - [2022-08-01 13:22:42,767] {dag.py:2928} INFO - Setting next_dagrun for example_task_group to 2022-07-31T13:22:42.766910+00:00
[2022-08-01 13:22:42,777] {processor.py:171} INFO - Processing /home/airflow/.local/lib/python3.7/site-packages/airflow/example_dags/example_task_group.py took 0.053 seconds
[2022-08-01 13:23:13,859] {processor.py:163} INFO - Started process (PID=313) to work on /home/airflow/.local/lib/python3.7/site-packages/airflow/example_dags/example_task_group.py
[2022-08-01 13:23:13,862] {processor.py:625} INFO - Processing file /home/airflow/.local/lib/python3.7/site-packages/airflow/example_dags/example_task_group.py for tasks to queue
[2022-08-01 13:23:13,863] {logging_mixin.py:109} INFO - [2022-08-01 13:23:13,863] {dagbag.py:500} INFO - Filling up the DagBag from /home/airflow/.local/lib/python3.7/site-packages/airflow/example_dags/example_task_group.py
[2022-08-01 13:23:13,895] {processor.py:637} INFO - DAG(s) dict_keys(['example_task_group']) retrieved from /home/airflow/.local/lib/python3.7/site-packages/airflow/example_dags/example_task_group.py
[2022-08-01 13:23:13,905] {logging_mixin.py:109} INFO - [2022-08-01 13:23:13,905] {dag.py:2396} INFO - Sync 1 DAGs
[2022-08-01 13:23:13,918] {logging_mixin.py:109} INFO - [2022-08-01 13:23:13,918] {dag.py:2928} INFO - Setting next_dagrun for example_task_group to 2022-07-31T13:23:13.918519+00:00
[2022-08-01 13:23:13,927] {processor.py:171} INFO - Processing /home/airflow/.local/lib/python3.7/site-packages/airflow/example_dags/example_task_group.py took 0.076 seconds
[2022-08-01 13:23:45,106] {processor.py:163} INFO - Started process (PID=365) to work on /home/airflow/.local/lib/python3.7/site-packages/airflow/example_dags/example_task_group.py
[2022-08-01 13:23:45,107] {processor.py:625} INFO - Processing file /home/airflow/.local/lib/python3.7/site-packages/airflow/example_dags/example_task_group.py for tasks to queue
[2022-08-01 13:23:45,108] {logging_mixin.py:109} INFO - [2022-08-01 13:23:45,108] {dagbag.py:500} INFO - Filling up the DagBag from /home/airflow/.local/lib/python3.7/site-packages/airflow/example_dags/example_task_group.py
[2022-08-01 13:23:45,132] {processor.py:637} INFO - DAG(s) dict_keys(['example_task_group']) retrieved from /home/airflow/.local/lib/python3.7/site-packages/airflow/example_dags/example_task_group.py
[2022-08-01 13:23:45,141] {logging_mixin.py:109} INFO - [2022-08-01 13:23:45,141] {dag.py:2396} INFO - Sync 1 DAGs
[2022-08-01 13:23:45,155] {logging_mixin.py:109} INFO - [2022-08-01 13:23:45,155] {dag.py:2928} INFO - Setting next_dagrun for example_task_group to 2022-07-31T13:23:45.155176+00:00
[2022-08-01 13:23:45,164] {processor.py:171} INFO - Processing /home/airflow/.local/lib/python3.7/site-packages/airflow/example_dags/example_task_group.py took 0.061 seconds
[2022-08-01 13:24:17,203] {processor.py:163} INFO - Started process (PID=417) to work on /home/airflow/.local/lib/python3.7/site-packages/airflow/example_dags/example_task_group.py
[2022-08-01 13:24:17,216] {processor.py:625} INFO - Processing file /home/airflow/.local/lib/python3.7/site-packages/airflow/example_dags/example_task_group.py for tasks to queue
[2022-08-01 13:24:17,217] {logging_mixin.py:109} INFO - [2022-08-01 13:24:17,217] {dagbag.py:500} INFO - Filling up the DagBag from /home/airflow/.local/lib/python3.7/site-packages/airflow/example_dags/example_task_group.py
[2022-08-01 13:24:17,314] {processor.py:637} INFO - DAG(s) dict_keys(['example_task_group']) retrieved from /home/airflow/.local/lib/python3.7/site-packages/airflow/example_dags/example_task_group.py
[2022-08-01 13:24:17,345] {logging_mixin.py:109} INFO - [2022-08-01 13:24:17,345] {dag.py:2396} INFO - Sync 1 DAGs
[2022-08-01 13:24:17,383] {logging_mixin.py:109} INFO - [2022-08-01 13:24:17,383] {dag.py:2928} INFO - Setting next_dagrun for example_task_group to 2022-07-31T13:24:17.382629+00:00
[2022-08-01 13:24:17,413] {processor.py:171} INFO - Processing /home/airflow/.local/lib/python3.7/site-packages/airflow/example_dags/example_task_group.py took 0.227 seconds
[2022-08-01 13:24:49,595] {processor.py:163} INFO - Started process (PID=470) to work on /home/airflow/.local/lib/python3.7/site-packages/airflow/example_dags/example_task_group.py
[2022-08-01 13:24:49,630] {processor.py:625} INFO - Processing file /home/airflow/.local/lib/python3.7/site-packages/airflow/example_dags/example_task_group.py for tasks to queue
[2022-08-01 13:24:49,632] {logging_mixin.py:109} INFO - [2022-08-01 13:24:49,632] {dagbag.py:500} INFO - Filling up the DagBag from /home/airflow/.local/lib/python3.7/site-packages/airflow/example_dags/example_task_group.py
[2022-08-01 13:24:49,821] {processor.py:637} INFO - DAG(s) dict_keys(['example_task_group']) retrieved from /home/airflow/.local/lib/python3.7/site-packages/airflow/example_dags/example_task_group.py
[2022-08-01 13:24:49,886] {logging_mixin.py:109} INFO - [2022-08-01 13:24:49,886] {dag.py:2396} INFO - Sync 1 DAGs
[2022-08-01 13:24:49,970] {logging_mixin.py:109} INFO - [2022-08-01 13:24:49,970] {dag.py:2928} INFO - Setting next_dagrun for example_task_group to 2022-07-31T13:24:49.969956+00:00
[2022-08-01 13:24:50,054] {processor.py:171} INFO - Processing /home/airflow/.local/lib/python3.7/site-packages/airflow/example_dags/example_task_group.py took 0.476 seconds
[2022-08-01 13:25:20,356] {processor.py:163} INFO - Started process (PID=521) to work on /home/airflow/.local/lib/python3.7/site-packages/airflow/example_dags/example_task_group.py
[2022-08-01 13:25:20,357] {processor.py:625} INFO - Processing file /home/airflow/.local/lib/python3.7/site-packages/airflow/example_dags/example_task_group.py for tasks to queue
[2022-08-01 13:25:20,357] {logging_mixin.py:109} INFO - [2022-08-01 13:25:20,357] {dagbag.py:500} INFO - Filling up the DagBag from /home/airflow/.local/lib/python3.7/site-packages/airflow/example_dags/example_task_group.py
[2022-08-01 13:25:20,379] {processor.py:637} INFO - DAG(s) dict_keys(['example_task_group']) retrieved from /home/airflow/.local/lib/python3.7/site-packages/airflow/example_dags/example_task_group.py
[2022-08-01 13:25:20,387] {logging_mixin.py:109} INFO - [2022-08-01 13:25:20,387] {dag.py:2396} INFO - Sync 1 DAGs
[2022-08-01 13:25:20,398] {logging_mixin.py:109} INFO - [2022-08-01 13:25:20,397] {dag.py:2928} INFO - Setting next_dagrun for example_task_group to 2022-07-31T13:25:20.397742+00:00
[2022-08-01 13:25:20,405] {processor.py:171} INFO - Processing /home/airflow/.local/lib/python3.7/site-packages/airflow/example_dags/example_task_group.py took 0.052 seconds
[2022-08-01 13:25:51,053] {processor.py:163} INFO - Started process (PID=574) to work on /home/airflow/.local/lib/python3.7/site-packages/airflow/example_dags/example_task_group.py
[2022-08-01 13:25:51,055] {processor.py:625} INFO - Processing file /home/airflow/.local/lib/python3.7/site-packages/airflow/example_dags/example_task_group.py for tasks to queue
[2022-08-01 13:25:51,056] {logging_mixin.py:109} INFO - [2022-08-01 13:25:51,056] {dagbag.py:500} INFO - Filling up the DagBag from /home/airflow/.local/lib/python3.7/site-packages/airflow/example_dags/example_task_group.py
[2022-08-01 13:25:51,085] {processor.py:637} INFO - DAG(s) dict_keys(['example_task_group']) retrieved from /home/airflow/.local/lib/python3.7/site-packages/airflow/example_dags/example_task_group.py
[2022-08-01 13:25:51,098] {logging_mixin.py:109} INFO - [2022-08-01 13:25:51,098] {dag.py:2396} INFO - Sync 1 DAGs
[2022-08-01 13:25:51,116] {logging_mixin.py:109} INFO - [2022-08-01 13:25:51,116] {dag.py:2928} INFO - Setting next_dagrun for example_task_group to 2022-07-31T13:25:51.115724+00:00
[2022-08-01 13:25:51,128] {processor.py:171} INFO - Processing /home/airflow/.local/lib/python3.7/site-packages/airflow/example_dags/example_task_group.py took 0.079 seconds
[2022-08-01 13:26:21,394] {processor.py:163} INFO - Started process (PID=626) to work on /home/airflow/.local/lib/python3.7/site-packages/airflow/example_dags/example_task_group.py
[2022-08-01 13:26:21,394] {processor.py:625} INFO - Processing file /home/airflow/.local/lib/python3.7/site-packages/airflow/example_dags/example_task_group.py for tasks to queue
[2022-08-01 13:26:21,395] {logging_mixin.py:109} INFO - [2022-08-01 13:26:21,395] {dagbag.py:500} INFO - Filling up the DagBag from /home/airflow/.local/lib/python3.7/site-packages/airflow/example_dags/example_task_group.py
[2022-08-01 13:26:21,415] {processor.py:637} INFO - DAG(s) dict_keys(['example_task_group']) retrieved from /home/airflow/.local/lib/python3.7/site-packages/airflow/example_dags/example_task_group.py
[2022-08-01 13:26:21,423] {logging_mixin.py:109} INFO - [2022-08-01 13:26:21,423] {dag.py:2396} INFO - Sync 1 DAGs
[2022-08-01 13:26:21,433] {logging_mixin.py:109} INFO - [2022-08-01 13:26:21,432] {dag.py:2928} INFO - Setting next_dagrun for example_task_group to 2022-07-31T13:26:21.432763+00:00
[2022-08-01 13:26:21,441] {processor.py:171} INFO - Processing /home/airflow/.local/lib/python3.7/site-packages/airflow/example_dags/example_task_group.py took 0.049 seconds
[2022-08-01 13:26:51,886] {processor.py:163} INFO - Started process (PID=687) to work on /home/airflow/.local/lib/python3.7/site-packages/airflow/example_dags/example_task_group.py
[2022-08-01 13:26:51,889] {processor.py:625} INFO - Processing file /home/airflow/.local/lib/python3.7/site-packages/airflow/example_dags/example_task_group.py for tasks to queue
[2022-08-01 13:26:51,890] {logging_mixin.py:109} INFO - [2022-08-01 13:26:51,889] {dagbag.py:500} INFO - Filling up the DagBag from /home/airflow/.local/lib/python3.7/site-packages/airflow/example_dags/example_task_group.py
[2022-08-01 13:26:51,935] {processor.py:637} INFO - DAG(s) dict_keys(['example_task_group']) retrieved from /home/airflow/.local/lib/python3.7/site-packages/airflow/example_dags/example_task_group.py
[2022-08-01 13:26:51,960] {logging_mixin.py:109} INFO - [2022-08-01 13:26:51,960] {dag.py:2396} INFO - Sync 1 DAGs
[2022-08-01 13:26:51,983] {logging_mixin.py:109} INFO - [2022-08-01 13:26:51,983] {dag.py:2928} INFO - Setting next_dagrun for example_task_group to 2022-07-31T13:26:51.983064+00:00
[2022-08-01 13:26:51,995] {processor.py:171} INFO - Processing /home/airflow/.local/lib/python3.7/site-packages/airflow/example_dags/example_task_group.py took 0.114 seconds
[2022-08-01 13:27:22,418] {processor.py:163} INFO - Started process (PID=739) to work on /home/airflow/.local/lib/python3.7/site-packages/airflow/example_dags/example_task_group.py
[2022-08-01 13:27:22,420] {processor.py:625} INFO - Processing file /home/airflow/.local/lib/python3.7/site-packages/airflow/example_dags/example_task_group.py for tasks to queue
[2022-08-01 13:27:22,420] {logging_mixin.py:109} INFO - [2022-08-01 13:27:22,420] {dagbag.py:500} INFO - Filling up the DagBag from /home/airflow/.local/lib/python3.7/site-packages/airflow/example_dags/example_task_group.py
[2022-08-01 13:27:22,444] {processor.py:637} INFO - DAG(s) dict_keys(['example_task_group']) retrieved from /home/airflow/.local/lib/python3.7/site-packages/airflow/example_dags/example_task_group.py
[2022-08-01 13:27:22,454] {logging_mixin.py:109} INFO - [2022-08-01 13:27:22,453] {dag.py:2396} INFO - Sync 1 DAGs
[2022-08-01 13:27:22,482] {logging_mixin.py:109} INFO - [2022-08-01 13:27:22,481] {dag.py:2928} INFO - Setting next_dagrun for example_task_group to 2022-07-31T13:27:22.480749+00:00
[2022-08-01 13:27:22,497] {processor.py:171} INFO - Processing /home/airflow/.local/lib/python3.7/site-packages/airflow/example_dags/example_task_group.py took 0.081 seconds
[2022-08-01 13:27:53,164] {processor.py:163} INFO - Started process (PID=791) to work on /home/airflow/.local/lib/python3.7/site-packages/airflow/example_dags/example_task_group.py
[2022-08-01 13:27:53,166] {processor.py:625} INFO - Processing file /home/airflow/.local/lib/python3.7/site-packages/airflow/example_dags/example_task_group.py for tasks to queue
[2022-08-01 13:27:53,167] {logging_mixin.py:109} INFO - [2022-08-01 13:27:53,167] {dagbag.py:500} INFO - Filling up the DagBag from /home/airflow/.local/lib/python3.7/site-packages/airflow/example_dags/example_task_group.py
[2022-08-01 13:27:53,203] {processor.py:637} INFO - DAG(s) dict_keys(['example_task_group']) retrieved from /home/airflow/.local/lib/python3.7/site-packages/airflow/example_dags/example_task_group.py
[2022-08-01 13:27:53,216] {logging_mixin.py:109} INFO - [2022-08-01 13:27:53,216] {dag.py:2396} INFO - Sync 1 DAGs
[2022-08-01 13:27:53,233] {logging_mixin.py:109} INFO - [2022-08-01 13:27:53,233] {dag.py:2928} INFO - Setting next_dagrun for example_task_group to 2022-07-31T13:27:53.233521+00:00
[2022-08-01 13:27:53,249] {processor.py:171} INFO - Processing /home/airflow/.local/lib/python3.7/site-packages/airflow/example_dags/example_task_group.py took 0.089 seconds
[2022-08-01 13:28:24,448] {processor.py:163} INFO - Started process (PID=852) to work on /home/airflow/.local/lib/python3.7/site-packages/airflow/example_dags/example_task_group.py
[2022-08-01 13:28:24,451] {processor.py:625} INFO - Processing file /home/airflow/.local/lib/python3.7/site-packages/airflow/example_dags/example_task_group.py for tasks to queue
[2022-08-01 13:28:24,453] {logging_mixin.py:109} INFO - [2022-08-01 13:28:24,453] {dagbag.py:500} INFO - Filling up the DagBag from /home/airflow/.local/lib/python3.7/site-packages/airflow/example_dags/example_task_group.py
[2022-08-01 13:28:24,496] {processor.py:637} INFO - DAG(s) dict_keys(['example_task_group']) retrieved from /home/airflow/.local/lib/python3.7/site-packages/airflow/example_dags/example_task_group.py
[2022-08-01 13:28:24,512] {logging_mixin.py:109} INFO - [2022-08-01 13:28:24,512] {dag.py:2396} INFO - Sync 1 DAGs
[2022-08-01 13:28:24,538] {logging_mixin.py:109} INFO - [2022-08-01 13:28:24,538] {dag.py:2928} INFO - Setting next_dagrun for example_task_group to 2022-07-31T13:28:24.537809+00:00
[2022-08-01 13:28:24,554] {processor.py:171} INFO - Processing /home/airflow/.local/lib/python3.7/site-packages/airflow/example_dags/example_task_group.py took 0.114 seconds
[2022-08-01 13:28:55,484] {processor.py:163} INFO - Started process (PID=904) to work on /home/airflow/.local/lib/python3.7/site-packages/airflow/example_dags/example_task_group.py
[2022-08-01 13:28:55,485] {processor.py:625} INFO - Processing file /home/airflow/.local/lib/python3.7/site-packages/airflow/example_dags/example_task_group.py for tasks to queue
[2022-08-01 13:28:55,485] {logging_mixin.py:109} INFO - [2022-08-01 13:28:55,485] {dagbag.py:500} INFO - Filling up the DagBag from /home/airflow/.local/lib/python3.7/site-packages/airflow/example_dags/example_task_group.py
[2022-08-01 13:28:55,509] {processor.py:637} INFO - DAG(s) dict_keys(['example_task_group']) retrieved from /home/airflow/.local/lib/python3.7/site-packages/airflow/example_dags/example_task_group.py
[2022-08-01 13:28:55,518] {logging_mixin.py:109} INFO - [2022-08-01 13:28:55,517] {dag.py:2396} INFO - Sync 1 DAGs
[2022-08-01 13:28:55,531] {logging_mixin.py:109} INFO - [2022-08-01 13:28:55,531] {dag.py:2928} INFO - Setting next_dagrun for example_task_group to 2022-07-31T13:28:55.531387+00:00
[2022-08-01 13:28:55,539] {processor.py:171} INFO - Processing /home/airflow/.local/lib/python3.7/site-packages/airflow/example_dags/example_task_group.py took 0.058 seconds
[2022-08-01 13:29:25,816] {processor.py:163} INFO - Started process (PID=956) to work on /home/airflow/.local/lib/python3.7/site-packages/airflow/example_dags/example_task_group.py
[2022-08-01 13:29:25,817] {processor.py:625} INFO - Processing file /home/airflow/.local/lib/python3.7/site-packages/airflow/example_dags/example_task_group.py for tasks to queue
[2022-08-01 13:29:25,818] {logging_mixin.py:109} INFO - [2022-08-01 13:29:25,817] {dagbag.py:500} INFO - Filling up the DagBag from /home/airflow/.local/lib/python3.7/site-packages/airflow/example_dags/example_task_group.py
[2022-08-01 13:29:25,838] {processor.py:637} INFO - DAG(s) dict_keys(['example_task_group']) retrieved from /home/airflow/.local/lib/python3.7/site-packages/airflow/example_dags/example_task_group.py
[2022-08-01 13:29:25,845] {logging_mixin.py:109} INFO - [2022-08-01 13:29:25,845] {dag.py:2396} INFO - Sync 1 DAGs
[2022-08-01 13:29:25,857] {logging_mixin.py:109} INFO - [2022-08-01 13:29:25,857] {dag.py:2928} INFO - Setting next_dagrun for example_task_group to 2022-07-31T13:29:25.857485+00:00
[2022-08-01 13:29:25,866] {processor.py:171} INFO - Processing /home/airflow/.local/lib/python3.7/site-packages/airflow/example_dags/example_task_group.py took 0.052 seconds
[2022-08-01 13:29:56,533] {processor.py:163} INFO - Started process (PID=1018) to work on /home/airflow/.local/lib/python3.7/site-packages/airflow/example_dags/example_task_group.py
[2022-08-01 13:29:56,534] {processor.py:625} INFO - Processing file /home/airflow/.local/lib/python3.7/site-packages/airflow/example_dags/example_task_group.py for tasks to queue
[2022-08-01 13:29:56,534] {logging_mixin.py:109} INFO - [2022-08-01 13:29:56,534] {dagbag.py:500} INFO - Filling up the DagBag from /home/airflow/.local/lib/python3.7/site-packages/airflow/example_dags/example_task_group.py
[2022-08-01 13:29:56,554] {processor.py:637} INFO - DAG(s) dict_keys(['example_task_group']) retrieved from /home/airflow/.local/lib/python3.7/site-packages/airflow/example_dags/example_task_group.py
[2022-08-01 13:29:56,563] {logging_mixin.py:109} INFO - [2022-08-01 13:29:56,563] {dag.py:2396} INFO - Sync 1 DAGs
[2022-08-01 13:29:56,575] {logging_mixin.py:109} INFO - [2022-08-01 13:29:56,575] {dag.py:2928} INFO - Setting next_dagrun for example_task_group to 2022-07-31T13:29:56.574802+00:00
[2022-08-01 13:29:56,583] {processor.py:171} INFO - Processing /home/airflow/.local/lib/python3.7/site-packages/airflow/example_dags/example_task_group.py took 0.052 seconds
[2022-08-01 13:30:26,969] {processor.py:163} INFO - Started process (PID=1071) to work on /home/airflow/.local/lib/python3.7/site-packages/airflow/example_dags/example_task_group.py
[2022-08-01 13:30:26,970] {processor.py:625} INFO - Processing file /home/airflow/.local/lib/python3.7/site-packages/airflow/example_dags/example_task_group.py for tasks to queue
[2022-08-01 13:30:26,971] {logging_mixin.py:109} INFO - [2022-08-01 13:30:26,971] {dagbag.py:500} INFO - Filling up the DagBag from /home/airflow/.local/lib/python3.7/site-packages/airflow/example_dags/example_task_group.py
[2022-08-01 13:30:26,999] {processor.py:637} INFO - DAG(s) dict_keys(['example_task_group']) retrieved from /home/airflow/.local/lib/python3.7/site-packages/airflow/example_dags/example_task_group.py
[2022-08-01 13:30:27,012] {logging_mixin.py:109} INFO - [2022-08-01 13:30:27,012] {dag.py:2396} INFO - Sync 1 DAGs
[2022-08-01 13:30:27,031] {logging_mixin.py:109} INFO - [2022-08-01 13:30:27,031] {dag.py:2928} INFO - Setting next_dagrun for example_task_group to 2022-07-31T13:30:27.031191+00:00
[2022-08-01 13:30:27,045] {processor.py:171} INFO - Processing /home/airflow/.local/lib/python3.7/site-packages/airflow/example_dags/example_task_group.py took 0.079 seconds
