[2022-08-01 12:25:37,385] {processor.py:163} INFO - Started process (PID=59) to work on /home/airflow/.local/lib/python3.7/site-packages/airflow/example_dags/example_time_delta_sensor_async.py
[2022-08-01 12:25:37,386] {processor.py:625} INFO - Processing file /home/airflow/.local/lib/python3.7/site-packages/airflow/example_dags/example_time_delta_sensor_async.py for tasks to queue
[2022-08-01 12:25:37,387] {logging_mixin.py:109} INFO - [2022-08-01 12:25:37,387] {dagbag.py:500} INFO - Filling up the DagBag from /home/airflow/.local/lib/python3.7/site-packages/airflow/example_dags/example_time_delta_sensor_async.py
[2022-08-01 12:25:37,422] {processor.py:637} INFO - DAG(s) dict_keys(['example_time_delta_sensor_async']) retrieved from /home/airflow/.local/lib/python3.7/site-packages/airflow/example_dags/example_time_delta_sensor_async.py
[2022-08-01 12:25:37,435] {logging_mixin.py:109} INFO - [2022-08-01 12:25:37,435] {dag.py:2396} INFO - Sync 1 DAGs
[2022-08-01 12:25:37,457] {logging_mixin.py:109} INFO - [2022-08-01 12:25:37,457] {dag.py:2928} INFO - Setting next_dagrun for example_time_delta_sensor_async to None
[2022-08-01 12:25:37,470] {processor.py:171} INFO - Processing /home/airflow/.local/lib/python3.7/site-packages/airflow/example_dags/example_time_delta_sensor_async.py took 0.089 seconds
[2022-08-01 12:26:07,729] {processor.py:163} INFO - Started process (PID=112) to work on /home/airflow/.local/lib/python3.7/site-packages/airflow/example_dags/example_time_delta_sensor_async.py
[2022-08-01 12:26:07,731] {processor.py:625} INFO - Processing file /home/airflow/.local/lib/python3.7/site-packages/airflow/example_dags/example_time_delta_sensor_async.py for tasks to queue
[2022-08-01 12:26:07,732] {logging_mixin.py:109} INFO - [2022-08-01 12:26:07,731] {dagbag.py:500} INFO - Filling up the DagBag from /home/airflow/.local/lib/python3.7/site-packages/airflow/example_dags/example_time_delta_sensor_async.py
[2022-08-01 12:26:07,761] {processor.py:637} INFO - DAG(s) dict_keys(['example_time_delta_sensor_async']) retrieved from /home/airflow/.local/lib/python3.7/site-packages/airflow/example_dags/example_time_delta_sensor_async.py
[2022-08-01 12:26:07,772] {logging_mixin.py:109} INFO - [2022-08-01 12:26:07,772] {dag.py:2396} INFO - Sync 1 DAGs
[2022-08-01 12:26:07,788] {logging_mixin.py:109} INFO - [2022-08-01 12:26:07,788] {dag.py:2928} INFO - Setting next_dagrun for example_time_delta_sensor_async to None
[2022-08-01 12:26:07,800] {processor.py:171} INFO - Processing /home/airflow/.local/lib/python3.7/site-packages/airflow/example_dags/example_time_delta_sensor_async.py took 0.074 seconds
[2022-08-01 12:26:38,130] {processor.py:163} INFO - Started process (PID=163) to work on /home/airflow/.local/lib/python3.7/site-packages/airflow/example_dags/example_time_delta_sensor_async.py
[2022-08-01 12:26:38,132] {processor.py:625} INFO - Processing file /home/airflow/.local/lib/python3.7/site-packages/airflow/example_dags/example_time_delta_sensor_async.py for tasks to queue
[2022-08-01 12:26:38,133] {logging_mixin.py:109} INFO - [2022-08-01 12:26:38,132] {dagbag.py:500} INFO - Filling up the DagBag from /home/airflow/.local/lib/python3.7/site-packages/airflow/example_dags/example_time_delta_sensor_async.py
[2022-08-01 12:26:38,168] {processor.py:637} INFO - DAG(s) dict_keys(['example_time_delta_sensor_async']) retrieved from /home/airflow/.local/lib/python3.7/site-packages/airflow/example_dags/example_time_delta_sensor_async.py
[2022-08-01 12:26:38,182] {logging_mixin.py:109} INFO - [2022-08-01 12:26:38,182] {dag.py:2396} INFO - Sync 1 DAGs
[2022-08-01 12:26:38,203] {logging_mixin.py:109} INFO - [2022-08-01 12:26:38,203] {dag.py:2928} INFO - Setting next_dagrun for example_time_delta_sensor_async to None
[2022-08-01 12:26:38,215] {processor.py:171} INFO - Processing /home/airflow/.local/lib/python3.7/site-packages/airflow/example_dags/example_time_delta_sensor_async.py took 0.090 seconds
[2022-08-01 12:27:09,111] {processor.py:163} INFO - Started process (PID=224) to work on /home/airflow/.local/lib/python3.7/site-packages/airflow/example_dags/example_time_delta_sensor_async.py
[2022-08-01 12:27:09,114] {processor.py:625} INFO - Processing file /home/airflow/.local/lib/python3.7/site-packages/airflow/example_dags/example_time_delta_sensor_async.py for tasks to queue
[2022-08-01 12:27:09,115] {logging_mixin.py:109} INFO - [2022-08-01 12:27:09,115] {dagbag.py:500} INFO - Filling up the DagBag from /home/airflow/.local/lib/python3.7/site-packages/airflow/example_dags/example_time_delta_sensor_async.py
[2022-08-01 12:27:09,155] {processor.py:637} INFO - DAG(s) dict_keys(['example_time_delta_sensor_async']) retrieved from /home/airflow/.local/lib/python3.7/site-packages/airflow/example_dags/example_time_delta_sensor_async.py
[2022-08-01 12:27:09,172] {logging_mixin.py:109} INFO - [2022-08-01 12:27:09,172] {dag.py:2396} INFO - Sync 1 DAGs
[2022-08-01 12:27:09,196] {logging_mixin.py:109} INFO - [2022-08-01 12:27:09,196] {dag.py:2928} INFO - Setting next_dagrun for example_time_delta_sensor_async to None
[2022-08-01 12:27:09,211] {processor.py:171} INFO - Processing /home/airflow/.local/lib/python3.7/site-packages/airflow/example_dags/example_time_delta_sensor_async.py took 0.104 seconds
[2022-08-01 12:27:39,488] {processor.py:163} INFO - Started process (PID=276) to work on /home/airflow/.local/lib/python3.7/site-packages/airflow/example_dags/example_time_delta_sensor_async.py
[2022-08-01 12:27:39,489] {processor.py:625} INFO - Processing file /home/airflow/.local/lib/python3.7/site-packages/airflow/example_dags/example_time_delta_sensor_async.py for tasks to queue
[2022-08-01 12:27:39,489] {logging_mixin.py:109} INFO - [2022-08-01 12:27:39,489] {dagbag.py:500} INFO - Filling up the DagBag from /home/airflow/.local/lib/python3.7/site-packages/airflow/example_dags/example_time_delta_sensor_async.py
[2022-08-01 12:27:39,507] {processor.py:637} INFO - DAG(s) dict_keys(['example_time_delta_sensor_async']) retrieved from /home/airflow/.local/lib/python3.7/site-packages/airflow/example_dags/example_time_delta_sensor_async.py
[2022-08-01 12:27:39,515] {logging_mixin.py:109} INFO - [2022-08-01 12:27:39,515] {dag.py:2396} INFO - Sync 1 DAGs
[2022-08-01 12:27:39,525] {logging_mixin.py:109} INFO - [2022-08-01 12:27:39,525] {dag.py:2928} INFO - Setting next_dagrun for example_time_delta_sensor_async to None
[2022-08-01 12:27:39,532] {processor.py:171} INFO - Processing /home/airflow/.local/lib/python3.7/site-packages/airflow/example_dags/example_time_delta_sensor_async.py took 0.047 seconds
[2022-08-01 12:28:10,754] {processor.py:163} INFO - Started process (PID=337) to work on /home/airflow/.local/lib/python3.7/site-packages/airflow/example_dags/example_time_delta_sensor_async.py
[2022-08-01 12:28:10,755] {processor.py:625} INFO - Processing file /home/airflow/.local/lib/python3.7/site-packages/airflow/example_dags/example_time_delta_sensor_async.py for tasks to queue
[2022-08-01 12:28:10,755] {logging_mixin.py:109} INFO - [2022-08-01 12:28:10,755] {dagbag.py:500} INFO - Filling up the DagBag from /home/airflow/.local/lib/python3.7/site-packages/airflow/example_dags/example_time_delta_sensor_async.py
[2022-08-01 12:28:10,779] {processor.py:637} INFO - DAG(s) dict_keys(['example_time_delta_sensor_async']) retrieved from /home/airflow/.local/lib/python3.7/site-packages/airflow/example_dags/example_time_delta_sensor_async.py
[2022-08-01 12:28:10,788] {logging_mixin.py:109} INFO - [2022-08-01 12:28:10,788] {dag.py:2396} INFO - Sync 1 DAGs
[2022-08-01 12:28:10,804] {logging_mixin.py:109} INFO - [2022-08-01 12:28:10,804] {dag.py:2928} INFO - Setting next_dagrun for example_time_delta_sensor_async to None
[2022-08-01 12:28:10,814] {processor.py:171} INFO - Processing /home/airflow/.local/lib/python3.7/site-packages/airflow/example_dags/example_time_delta_sensor_async.py took 0.063 seconds
[2022-08-01 12:28:41,285] {processor.py:163} INFO - Started process (PID=389) to work on /home/airflow/.local/lib/python3.7/site-packages/airflow/example_dags/example_time_delta_sensor_async.py
[2022-08-01 12:28:41,286] {processor.py:625} INFO - Processing file /home/airflow/.local/lib/python3.7/site-packages/airflow/example_dags/example_time_delta_sensor_async.py for tasks to queue
[2022-08-01 12:28:41,287] {logging_mixin.py:109} INFO - [2022-08-01 12:28:41,287] {dagbag.py:500} INFO - Filling up the DagBag from /home/airflow/.local/lib/python3.7/site-packages/airflow/example_dags/example_time_delta_sensor_async.py
[2022-08-01 12:28:41,307] {processor.py:637} INFO - DAG(s) dict_keys(['example_time_delta_sensor_async']) retrieved from /home/airflow/.local/lib/python3.7/site-packages/airflow/example_dags/example_time_delta_sensor_async.py
[2022-08-01 12:28:41,315] {logging_mixin.py:109} INFO - [2022-08-01 12:28:41,315] {dag.py:2396} INFO - Sync 1 DAGs
[2022-08-01 12:28:41,329] {logging_mixin.py:109} INFO - [2022-08-01 12:28:41,329] {dag.py:2928} INFO - Setting next_dagrun for example_time_delta_sensor_async to None
[2022-08-01 12:28:41,338] {processor.py:171} INFO - Processing /home/airflow/.local/lib/python3.7/site-packages/airflow/example_dags/example_time_delta_sensor_async.py took 0.056 seconds
[2022-08-01 12:29:12,493] {processor.py:163} INFO - Started process (PID=450) to work on /home/airflow/.local/lib/python3.7/site-packages/airflow/example_dags/example_time_delta_sensor_async.py
[2022-08-01 12:29:12,494] {processor.py:625} INFO - Processing file /home/airflow/.local/lib/python3.7/site-packages/airflow/example_dags/example_time_delta_sensor_async.py for tasks to queue
[2022-08-01 12:29:12,495] {logging_mixin.py:109} INFO - [2022-08-01 12:29:12,495] {dagbag.py:500} INFO - Filling up the DagBag from /home/airflow/.local/lib/python3.7/site-packages/airflow/example_dags/example_time_delta_sensor_async.py
[2022-08-01 12:29:12,525] {processor.py:637} INFO - DAG(s) dict_keys(['example_time_delta_sensor_async']) retrieved from /home/airflow/.local/lib/python3.7/site-packages/airflow/example_dags/example_time_delta_sensor_async.py
[2022-08-01 12:29:12,536] {logging_mixin.py:109} INFO - [2022-08-01 12:29:12,535] {dag.py:2396} INFO - Sync 1 DAGs
[2022-08-01 12:29:12,557] {logging_mixin.py:109} INFO - [2022-08-01 12:29:12,557] {dag.py:2928} INFO - Setting next_dagrun for example_time_delta_sensor_async to None
[2022-08-01 12:29:12,574] {processor.py:171} INFO - Processing /home/airflow/.local/lib/python3.7/site-packages/airflow/example_dags/example_time_delta_sensor_async.py took 0.084 seconds
[2022-08-01 12:29:43,156] {processor.py:163} INFO - Started process (PID=502) to work on /home/airflow/.local/lib/python3.7/site-packages/airflow/example_dags/example_time_delta_sensor_async.py
[2022-08-01 12:29:43,158] {processor.py:625} INFO - Processing file /home/airflow/.local/lib/python3.7/site-packages/airflow/example_dags/example_time_delta_sensor_async.py for tasks to queue
[2022-08-01 12:29:43,158] {logging_mixin.py:109} INFO - [2022-08-01 12:29:43,158] {dagbag.py:500} INFO - Filling up the DagBag from /home/airflow/.local/lib/python3.7/site-packages/airflow/example_dags/example_time_delta_sensor_async.py
[2022-08-01 12:29:43,184] {processor.py:637} INFO - DAG(s) dict_keys(['example_time_delta_sensor_async']) retrieved from /home/airflow/.local/lib/python3.7/site-packages/airflow/example_dags/example_time_delta_sensor_async.py
[2022-08-01 12:29:43,194] {logging_mixin.py:109} INFO - [2022-08-01 12:29:43,194] {dag.py:2396} INFO - Sync 1 DAGs
[2022-08-01 12:29:43,211] {logging_mixin.py:109} INFO - [2022-08-01 12:29:43,211] {dag.py:2928} INFO - Setting next_dagrun for example_time_delta_sensor_async to None
[2022-08-01 12:29:43,221] {processor.py:171} INFO - Processing /home/airflow/.local/lib/python3.7/site-packages/airflow/example_dags/example_time_delta_sensor_async.py took 0.068 seconds
[2022-08-01 12:30:13,708] {processor.py:163} INFO - Started process (PID=563) to work on /home/airflow/.local/lib/python3.7/site-packages/airflow/example_dags/example_time_delta_sensor_async.py
[2022-08-01 12:30:13,709] {processor.py:625} INFO - Processing file /home/airflow/.local/lib/python3.7/site-packages/airflow/example_dags/example_time_delta_sensor_async.py for tasks to queue
[2022-08-01 12:30:13,709] {logging_mixin.py:109} INFO - [2022-08-01 12:30:13,709] {dagbag.py:500} INFO - Filling up the DagBag from /home/airflow/.local/lib/python3.7/site-packages/airflow/example_dags/example_time_delta_sensor_async.py
[2022-08-01 12:30:13,741] {processor.py:637} INFO - DAG(s) dict_keys(['example_time_delta_sensor_async']) retrieved from /home/airflow/.local/lib/python3.7/site-packages/airflow/example_dags/example_time_delta_sensor_async.py
[2022-08-01 12:30:13,752] {logging_mixin.py:109} INFO - [2022-08-01 12:30:13,752] {dag.py:2396} INFO - Sync 1 DAGs
[2022-08-01 12:30:13,770] {logging_mixin.py:109} INFO - [2022-08-01 12:30:13,769] {dag.py:2928} INFO - Setting next_dagrun for example_time_delta_sensor_async to None
[2022-08-01 12:30:13,781] {processor.py:171} INFO - Processing /home/airflow/.local/lib/python3.7/site-packages/airflow/example_dags/example_time_delta_sensor_async.py took 0.078 seconds
[2022-08-01 12:30:47,109] {processor.py:163} INFO - Started process (PID=616) to work on /home/airflow/.local/lib/python3.7/site-packages/airflow/example_dags/example_time_delta_sensor_async.py
[2022-08-01 12:30:47,111] {processor.py:625} INFO - Processing file /home/airflow/.local/lib/python3.7/site-packages/airflow/example_dags/example_time_delta_sensor_async.py for tasks to queue
[2022-08-01 12:30:47,113] {logging_mixin.py:109} INFO - [2022-08-01 12:30:47,112] {dagbag.py:500} INFO - Filling up the DagBag from /home/airflow/.local/lib/python3.7/site-packages/airflow/example_dags/example_time_delta_sensor_async.py
[2022-08-01 12:30:47,155] {processor.py:637} INFO - DAG(s) dict_keys(['example_time_delta_sensor_async']) retrieved from /home/airflow/.local/lib/python3.7/site-packages/airflow/example_dags/example_time_delta_sensor_async.py
[2022-08-01 12:30:47,169] {logging_mixin.py:109} INFO - [2022-08-01 12:30:47,169] {dag.py:2396} INFO - Sync 1 DAGs
[2022-08-01 12:30:47,192] {logging_mixin.py:109} INFO - [2022-08-01 12:30:47,192] {dag.py:2928} INFO - Setting next_dagrun for example_time_delta_sensor_async to None
[2022-08-01 12:30:47,204] {processor.py:171} INFO - Processing /home/airflow/.local/lib/python3.7/site-packages/airflow/example_dags/example_time_delta_sensor_async.py took 0.102 seconds
[2022-08-01 12:31:17,703] {processor.py:163} INFO - Started process (PID=677) to work on /home/airflow/.local/lib/python3.7/site-packages/airflow/example_dags/example_time_delta_sensor_async.py
[2022-08-01 12:31:17,705] {processor.py:625} INFO - Processing file /home/airflow/.local/lib/python3.7/site-packages/airflow/example_dags/example_time_delta_sensor_async.py for tasks to queue
[2022-08-01 12:31:17,706] {logging_mixin.py:109} INFO - [2022-08-01 12:31:17,705] {dagbag.py:500} INFO - Filling up the DagBag from /home/airflow/.local/lib/python3.7/site-packages/airflow/example_dags/example_time_delta_sensor_async.py
[2022-08-01 12:31:17,735] {processor.py:637} INFO - DAG(s) dict_keys(['example_time_delta_sensor_async']) retrieved from /home/airflow/.local/lib/python3.7/site-packages/airflow/example_dags/example_time_delta_sensor_async.py
[2022-08-01 12:31:17,744] {logging_mixin.py:109} INFO - [2022-08-01 12:31:17,744] {dag.py:2396} INFO - Sync 1 DAGs
[2022-08-01 12:31:17,762] {logging_mixin.py:109} INFO - [2022-08-01 12:31:17,762] {dag.py:2928} INFO - Setting next_dagrun for example_time_delta_sensor_async to None
[2022-08-01 12:31:17,772] {processor.py:171} INFO - Processing /home/airflow/.local/lib/python3.7/site-packages/airflow/example_dags/example_time_delta_sensor_async.py took 0.073 seconds
[2022-08-01 12:31:48,827] {processor.py:163} INFO - Started process (PID=729) to work on /home/airflow/.local/lib/python3.7/site-packages/airflow/example_dags/example_time_delta_sensor_async.py
[2022-08-01 12:31:48,829] {processor.py:625} INFO - Processing file /home/airflow/.local/lib/python3.7/site-packages/airflow/example_dags/example_time_delta_sensor_async.py for tasks to queue
[2022-08-01 12:31:48,830] {logging_mixin.py:109} INFO - [2022-08-01 12:31:48,830] {dagbag.py:500} INFO - Filling up the DagBag from /home/airflow/.local/lib/python3.7/site-packages/airflow/example_dags/example_time_delta_sensor_async.py
[2022-08-01 12:31:48,864] {processor.py:637} INFO - DAG(s) dict_keys(['example_time_delta_sensor_async']) retrieved from /home/airflow/.local/lib/python3.7/site-packages/airflow/example_dags/example_time_delta_sensor_async.py
[2022-08-01 12:31:48,878] {logging_mixin.py:109} INFO - [2022-08-01 12:31:48,878] {dag.py:2396} INFO - Sync 1 DAGs
[2022-08-01 12:31:48,901] {logging_mixin.py:109} INFO - [2022-08-01 12:31:48,901] {dag.py:2928} INFO - Setting next_dagrun for example_time_delta_sensor_async to None
[2022-08-01 12:31:48,916] {processor.py:171} INFO - Processing /home/airflow/.local/lib/python3.7/site-packages/airflow/example_dags/example_time_delta_sensor_async.py took 0.094 seconds
[2022-08-01 12:32:19,089] {processor.py:163} INFO - Started process (PID=781) to work on /home/airflow/.local/lib/python3.7/site-packages/airflow/example_dags/example_time_delta_sensor_async.py
[2022-08-01 12:32:19,091] {processor.py:625} INFO - Processing file /home/airflow/.local/lib/python3.7/site-packages/airflow/example_dags/example_time_delta_sensor_async.py for tasks to queue
[2022-08-01 12:32:19,091] {logging_mixin.py:109} INFO - [2022-08-01 12:32:19,091] {dagbag.py:500} INFO - Filling up the DagBag from /home/airflow/.local/lib/python3.7/site-packages/airflow/example_dags/example_time_delta_sensor_async.py
[2022-08-01 12:32:19,117] {processor.py:637} INFO - DAG(s) dict_keys(['example_time_delta_sensor_async']) retrieved from /home/airflow/.local/lib/python3.7/site-packages/airflow/example_dags/example_time_delta_sensor_async.py
[2022-08-01 12:32:19,130] {logging_mixin.py:109} INFO - [2022-08-01 12:32:19,130] {dag.py:2396} INFO - Sync 1 DAGs
[2022-08-01 12:32:19,145] {logging_mixin.py:109} INFO - [2022-08-01 12:32:19,145] {dag.py:2928} INFO - Setting next_dagrun for example_time_delta_sensor_async to None
[2022-08-01 12:32:19,157] {processor.py:171} INFO - Processing /home/airflow/.local/lib/python3.7/site-packages/airflow/example_dags/example_time_delta_sensor_async.py took 0.070 seconds
[2022-08-01 12:32:49,920] {processor.py:163} INFO - Started process (PID=843) to work on /home/airflow/.local/lib/python3.7/site-packages/airflow/example_dags/example_time_delta_sensor_async.py
[2022-08-01 12:32:49,922] {processor.py:625} INFO - Processing file /home/airflow/.local/lib/python3.7/site-packages/airflow/example_dags/example_time_delta_sensor_async.py for tasks to queue
[2022-08-01 12:32:49,922] {logging_mixin.py:109} INFO - [2022-08-01 12:32:49,922] {dagbag.py:500} INFO - Filling up the DagBag from /home/airflow/.local/lib/python3.7/site-packages/airflow/example_dags/example_time_delta_sensor_async.py
[2022-08-01 12:32:49,961] {processor.py:637} INFO - DAG(s) dict_keys(['example_time_delta_sensor_async']) retrieved from /home/airflow/.local/lib/python3.7/site-packages/airflow/example_dags/example_time_delta_sensor_async.py
[2022-08-01 12:32:49,974] {logging_mixin.py:109} INFO - [2022-08-01 12:32:49,973] {dag.py:2396} INFO - Sync 1 DAGs
[2022-08-01 12:32:49,994] {logging_mixin.py:109} INFO - [2022-08-01 12:32:49,994] {dag.py:2928} INFO - Setting next_dagrun for example_time_delta_sensor_async to None
[2022-08-01 12:32:50,008] {processor.py:171} INFO - Processing /home/airflow/.local/lib/python3.7/site-packages/airflow/example_dags/example_time_delta_sensor_async.py took 0.094 seconds
[2022-08-01 12:33:20,238] {processor.py:163} INFO - Started process (PID=894) to work on /home/airflow/.local/lib/python3.7/site-packages/airflow/example_dags/example_time_delta_sensor_async.py
[2022-08-01 12:33:20,240] {processor.py:625} INFO - Processing file /home/airflow/.local/lib/python3.7/site-packages/airflow/example_dags/example_time_delta_sensor_async.py for tasks to queue
[2022-08-01 12:33:20,240] {logging_mixin.py:109} INFO - [2022-08-01 12:33:20,240] {dagbag.py:500} INFO - Filling up the DagBag from /home/airflow/.local/lib/python3.7/site-packages/airflow/example_dags/example_time_delta_sensor_async.py
[2022-08-01 12:33:20,264] {processor.py:637} INFO - DAG(s) dict_keys(['example_time_delta_sensor_async']) retrieved from /home/airflow/.local/lib/python3.7/site-packages/airflow/example_dags/example_time_delta_sensor_async.py
[2022-08-01 12:33:20,272] {logging_mixin.py:109} INFO - [2022-08-01 12:33:20,272] {dag.py:2396} INFO - Sync 1 DAGs
[2022-08-01 12:33:20,282] {logging_mixin.py:109} INFO - [2022-08-01 12:33:20,282] {dag.py:2928} INFO - Setting next_dagrun for example_time_delta_sensor_async to None
[2022-08-01 12:33:20,292] {processor.py:171} INFO - Processing /home/airflow/.local/lib/python3.7/site-packages/airflow/example_dags/example_time_delta_sensor_async.py took 0.056 seconds
[2022-08-01 12:33:51,779] {processor.py:163} INFO - Started process (PID=955) to work on /home/airflow/.local/lib/python3.7/site-packages/airflow/example_dags/example_time_delta_sensor_async.py
[2022-08-01 12:33:51,781] {processor.py:625} INFO - Processing file /home/airflow/.local/lib/python3.7/site-packages/airflow/example_dags/example_time_delta_sensor_async.py for tasks to queue
[2022-08-01 12:33:51,783] {logging_mixin.py:109} INFO - [2022-08-01 12:33:51,782] {dagbag.py:500} INFO - Filling up the DagBag from /home/airflow/.local/lib/python3.7/site-packages/airflow/example_dags/example_time_delta_sensor_async.py
[2022-08-01 12:33:51,821] {processor.py:637} INFO - DAG(s) dict_keys(['example_time_delta_sensor_async']) retrieved from /home/airflow/.local/lib/python3.7/site-packages/airflow/example_dags/example_time_delta_sensor_async.py
[2022-08-01 12:33:51,835] {logging_mixin.py:109} INFO - [2022-08-01 12:33:51,835] {dag.py:2396} INFO - Sync 1 DAGs
[2022-08-01 12:33:51,861] {logging_mixin.py:109} INFO - [2022-08-01 12:33:51,860] {dag.py:2928} INFO - Setting next_dagrun for example_time_delta_sensor_async to None
[2022-08-01 12:33:51,879] {processor.py:171} INFO - Processing /home/airflow/.local/lib/python3.7/site-packages/airflow/example_dags/example_time_delta_sensor_async.py took 0.105 seconds
[2022-08-01 12:34:22,215] {processor.py:163} INFO - Started process (PID=1007) to work on /home/airflow/.local/lib/python3.7/site-packages/airflow/example_dags/example_time_delta_sensor_async.py
[2022-08-01 12:34:22,216] {processor.py:625} INFO - Processing file /home/airflow/.local/lib/python3.7/site-packages/airflow/example_dags/example_time_delta_sensor_async.py for tasks to queue
[2022-08-01 12:34:22,217] {logging_mixin.py:109} INFO - [2022-08-01 12:34:22,217] {dagbag.py:500} INFO - Filling up the DagBag from /home/airflow/.local/lib/python3.7/site-packages/airflow/example_dags/example_time_delta_sensor_async.py
[2022-08-01 12:34:22,243] {processor.py:637} INFO - DAG(s) dict_keys(['example_time_delta_sensor_async']) retrieved from /home/airflow/.local/lib/python3.7/site-packages/airflow/example_dags/example_time_delta_sensor_async.py
[2022-08-01 12:34:22,252] {logging_mixin.py:109} INFO - [2022-08-01 12:34:22,252] {dag.py:2396} INFO - Sync 1 DAGs
[2022-08-01 12:34:22,269] {logging_mixin.py:109} INFO - [2022-08-01 12:34:22,269] {dag.py:2928} INFO - Setting next_dagrun for example_time_delta_sensor_async to None
[2022-08-01 12:34:22,279] {processor.py:171} INFO - Processing /home/airflow/.local/lib/python3.7/site-packages/airflow/example_dags/example_time_delta_sensor_async.py took 0.067 seconds
[2022-08-01 12:34:53,942] {processor.py:163} INFO - Started process (PID=1068) to work on /home/airflow/.local/lib/python3.7/site-packages/airflow/example_dags/example_time_delta_sensor_async.py
[2022-08-01 12:34:53,944] {processor.py:625} INFO - Processing file /home/airflow/.local/lib/python3.7/site-packages/airflow/example_dags/example_time_delta_sensor_async.py for tasks to queue
[2022-08-01 12:34:53,946] {logging_mixin.py:109} INFO - [2022-08-01 12:34:53,945] {dagbag.py:500} INFO - Filling up the DagBag from /home/airflow/.local/lib/python3.7/site-packages/airflow/example_dags/example_time_delta_sensor_async.py
[2022-08-01 12:34:53,992] {processor.py:637} INFO - DAG(s) dict_keys(['example_time_delta_sensor_async']) retrieved from /home/airflow/.local/lib/python3.7/site-packages/airflow/example_dags/example_time_delta_sensor_async.py
[2022-08-01 12:34:54,008] {logging_mixin.py:109} INFO - [2022-08-01 12:34:54,008] {dag.py:2396} INFO - Sync 1 DAGs
[2022-08-01 12:34:54,034] {logging_mixin.py:109} INFO - [2022-08-01 12:34:54,034] {dag.py:2928} INFO - Setting next_dagrun for example_time_delta_sensor_async to None
[2022-08-01 12:34:54,050] {processor.py:171} INFO - Processing /home/airflow/.local/lib/python3.7/site-packages/airflow/example_dags/example_time_delta_sensor_async.py took 0.117 seconds
[2022-08-01 12:35:24,753] {processor.py:163} INFO - Started process (PID=1119) to work on /home/airflow/.local/lib/python3.7/site-packages/airflow/example_dags/example_time_delta_sensor_async.py
[2022-08-01 12:35:24,755] {processor.py:625} INFO - Processing file /home/airflow/.local/lib/python3.7/site-packages/airflow/example_dags/example_time_delta_sensor_async.py for tasks to queue
[2022-08-01 12:35:24,755] {logging_mixin.py:109} INFO - [2022-08-01 12:35:24,755] {dagbag.py:500} INFO - Filling up the DagBag from /home/airflow/.local/lib/python3.7/site-packages/airflow/example_dags/example_time_delta_sensor_async.py
[2022-08-01 12:35:24,786] {processor.py:637} INFO - DAG(s) dict_keys(['example_time_delta_sensor_async']) retrieved from /home/airflow/.local/lib/python3.7/site-packages/airflow/example_dags/example_time_delta_sensor_async.py
[2022-08-01 12:35:24,797] {logging_mixin.py:109} INFO - [2022-08-01 12:35:24,797] {dag.py:2396} INFO - Sync 1 DAGs
[2022-08-01 12:35:24,816] {logging_mixin.py:109} INFO - [2022-08-01 12:35:24,816] {dag.py:2928} INFO - Setting next_dagrun for example_time_delta_sensor_async to None
[2022-08-01 12:35:24,830] {processor.py:171} INFO - Processing /home/airflow/.local/lib/python3.7/site-packages/airflow/example_dags/example_time_delta_sensor_async.py took 0.082 seconds
[2022-08-01 12:35:55,856] {processor.py:163} INFO - Started process (PID=1179) to work on /home/airflow/.local/lib/python3.7/site-packages/airflow/example_dags/example_time_delta_sensor_async.py
[2022-08-01 12:35:55,857] {processor.py:625} INFO - Processing file /home/airflow/.local/lib/python3.7/site-packages/airflow/example_dags/example_time_delta_sensor_async.py for tasks to queue
[2022-08-01 12:35:55,858] {logging_mixin.py:109} INFO - [2022-08-01 12:35:55,858] {dagbag.py:500} INFO - Filling up the DagBag from /home/airflow/.local/lib/python3.7/site-packages/airflow/example_dags/example_time_delta_sensor_async.py
[2022-08-01 12:35:55,880] {processor.py:637} INFO - DAG(s) dict_keys(['example_time_delta_sensor_async']) retrieved from /home/airflow/.local/lib/python3.7/site-packages/airflow/example_dags/example_time_delta_sensor_async.py
[2022-08-01 12:35:55,888] {logging_mixin.py:109} INFO - [2022-08-01 12:35:55,887] {dag.py:2396} INFO - Sync 1 DAGs
[2022-08-01 12:35:55,899] {logging_mixin.py:109} INFO - [2022-08-01 12:35:55,899] {dag.py:2928} INFO - Setting next_dagrun for example_time_delta_sensor_async to None
[2022-08-01 12:35:55,907] {processor.py:171} INFO - Processing /home/airflow/.local/lib/python3.7/site-packages/airflow/example_dags/example_time_delta_sensor_async.py took 0.053 seconds
[2022-08-01 12:40:12,714] {processor.py:163} INFO - Started process (PID=59) to work on /home/airflow/.local/lib/python3.7/site-packages/airflow/example_dags/example_time_delta_sensor_async.py
[2022-08-01 12:40:12,717] {processor.py:625} INFO - Processing file /home/airflow/.local/lib/python3.7/site-packages/airflow/example_dags/example_time_delta_sensor_async.py for tasks to queue
[2022-08-01 12:40:12,718] {logging_mixin.py:109} INFO - [2022-08-01 12:40:12,718] {dagbag.py:500} INFO - Filling up the DagBag from /home/airflow/.local/lib/python3.7/site-packages/airflow/example_dags/example_time_delta_sensor_async.py
[2022-08-01 12:40:12,767] {processor.py:637} INFO - DAG(s) dict_keys(['example_time_delta_sensor_async']) retrieved from /home/airflow/.local/lib/python3.7/site-packages/airflow/example_dags/example_time_delta_sensor_async.py
[2022-08-01 12:40:12,787] {logging_mixin.py:109} INFO - [2022-08-01 12:40:12,786] {dag.py:2396} INFO - Sync 1 DAGs
[2022-08-01 12:40:12,829] {logging_mixin.py:109} INFO - [2022-08-01 12:40:12,829] {dag.py:2928} INFO - Setting next_dagrun for example_time_delta_sensor_async to None
[2022-08-01 12:40:12,852] {processor.py:171} INFO - Processing /home/airflow/.local/lib/python3.7/site-packages/airflow/example_dags/example_time_delta_sensor_async.py took 0.145 seconds
[2022-08-01 12:40:43,531] {processor.py:163} INFO - Started process (PID=110) to work on /home/airflow/.local/lib/python3.7/site-packages/airflow/example_dags/example_time_delta_sensor_async.py
[2022-08-01 12:40:43,533] {processor.py:625} INFO - Processing file /home/airflow/.local/lib/python3.7/site-packages/airflow/example_dags/example_time_delta_sensor_async.py for tasks to queue
[2022-08-01 12:40:43,533] {logging_mixin.py:109} INFO - [2022-08-01 12:40:43,533] {dagbag.py:500} INFO - Filling up the DagBag from /home/airflow/.local/lib/python3.7/site-packages/airflow/example_dags/example_time_delta_sensor_async.py
[2022-08-01 12:40:43,553] {processor.py:637} INFO - DAG(s) dict_keys(['example_time_delta_sensor_async']) retrieved from /home/airflow/.local/lib/python3.7/site-packages/airflow/example_dags/example_time_delta_sensor_async.py
[2022-08-01 12:40:43,559] {logging_mixin.py:109} INFO - [2022-08-01 12:40:43,559] {dag.py:2396} INFO - Sync 1 DAGs
[2022-08-01 12:40:43,570] {logging_mixin.py:109} INFO - [2022-08-01 12:40:43,570] {dag.py:2928} INFO - Setting next_dagrun for example_time_delta_sensor_async to None
[2022-08-01 12:40:43,578] {processor.py:171} INFO - Processing /home/airflow/.local/lib/python3.7/site-packages/airflow/example_dags/example_time_delta_sensor_async.py took 0.049 seconds
[2022-08-01 13:20:41,178] {processor.py:163} INFO - Started process (PID=59) to work on /home/airflow/.local/lib/python3.7/site-packages/airflow/example_dags/example_time_delta_sensor_async.py
[2022-08-01 13:20:41,181] {processor.py:625} INFO - Processing file /home/airflow/.local/lib/python3.7/site-packages/airflow/example_dags/example_time_delta_sensor_async.py for tasks to queue
[2022-08-01 13:20:41,182] {logging_mixin.py:109} INFO - [2022-08-01 13:20:41,182] {dagbag.py:500} INFO - Filling up the DagBag from /home/airflow/.local/lib/python3.7/site-packages/airflow/example_dags/example_time_delta_sensor_async.py
[2022-08-01 13:20:41,237] {processor.py:637} INFO - DAG(s) dict_keys(['example_time_delta_sensor_async']) retrieved from /home/airflow/.local/lib/python3.7/site-packages/airflow/example_dags/example_time_delta_sensor_async.py
[2022-08-01 13:20:41,258] {logging_mixin.py:109} INFO - [2022-08-01 13:20:41,258] {dag.py:2396} INFO - Sync 1 DAGs
[2022-08-01 13:20:41,298] {logging_mixin.py:109} INFO - [2022-08-01 13:20:41,298] {dag.py:2928} INFO - Setting next_dagrun for example_time_delta_sensor_async to None
[2022-08-01 13:20:41,340] {processor.py:171} INFO - Processing /home/airflow/.local/lib/python3.7/site-packages/airflow/example_dags/example_time_delta_sensor_async.py took 0.167 seconds
[2022-08-01 13:21:16,361] {processor.py:163} INFO - Started process (PID=111) to work on /home/airflow/.local/lib/python3.7/site-packages/airflow/example_dags/example_time_delta_sensor_async.py
[2022-08-01 13:21:16,364] {processor.py:625} INFO - Processing file /home/airflow/.local/lib/python3.7/site-packages/airflow/example_dags/example_time_delta_sensor_async.py for tasks to queue
[2022-08-01 13:21:16,365] {logging_mixin.py:109} INFO - [2022-08-01 13:21:16,365] {dagbag.py:500} INFO - Filling up the DagBag from /home/airflow/.local/lib/python3.7/site-packages/airflow/example_dags/example_time_delta_sensor_async.py
[2022-08-01 13:21:16,429] {processor.py:637} INFO - DAG(s) dict_keys(['example_time_delta_sensor_async']) retrieved from /home/airflow/.local/lib/python3.7/site-packages/airflow/example_dags/example_time_delta_sensor_async.py
[2022-08-01 13:21:16,460] {logging_mixin.py:109} INFO - [2022-08-01 13:21:16,459] {dag.py:2396} INFO - Sync 1 DAGs
[2022-08-01 13:21:16,503] {logging_mixin.py:109} INFO - [2022-08-01 13:21:16,503] {dag.py:2928} INFO - Setting next_dagrun for example_time_delta_sensor_async to None
[2022-08-01 13:21:16,537] {processor.py:171} INFO - Processing /home/airflow/.local/lib/python3.7/site-packages/airflow/example_dags/example_time_delta_sensor_async.py took 0.189 seconds
[2022-08-01 13:21:47,262] {processor.py:163} INFO - Started process (PID=163) to work on /home/airflow/.local/lib/python3.7/site-packages/airflow/example_dags/example_time_delta_sensor_async.py
[2022-08-01 13:21:47,264] {processor.py:625} INFO - Processing file /home/airflow/.local/lib/python3.7/site-packages/airflow/example_dags/example_time_delta_sensor_async.py for tasks to queue
[2022-08-01 13:21:47,266] {logging_mixin.py:109} INFO - [2022-08-01 13:21:47,265] {dagbag.py:500} INFO - Filling up the DagBag from /home/airflow/.local/lib/python3.7/site-packages/airflow/example_dags/example_time_delta_sensor_async.py
[2022-08-01 13:21:47,304] {processor.py:637} INFO - DAG(s) dict_keys(['example_time_delta_sensor_async']) retrieved from /home/airflow/.local/lib/python3.7/site-packages/airflow/example_dags/example_time_delta_sensor_async.py
[2022-08-01 13:21:47,317] {logging_mixin.py:109} INFO - [2022-08-01 13:21:47,317] {dag.py:2396} INFO - Sync 1 DAGs
[2022-08-01 13:21:47,338] {logging_mixin.py:109} INFO - [2022-08-01 13:21:47,338] {dag.py:2928} INFO - Setting next_dagrun for example_time_delta_sensor_async to None
[2022-08-01 13:21:47,355] {processor.py:171} INFO - Processing /home/airflow/.local/lib/python3.7/site-packages/airflow/example_dags/example_time_delta_sensor_async.py took 0.098 seconds
[2022-08-01 13:22:17,430] {processor.py:163} INFO - Started process (PID=214) to work on /home/airflow/.local/lib/python3.7/site-packages/airflow/example_dags/example_time_delta_sensor_async.py
[2022-08-01 13:22:17,431] {processor.py:625} INFO - Processing file /home/airflow/.local/lib/python3.7/site-packages/airflow/example_dags/example_time_delta_sensor_async.py for tasks to queue
[2022-08-01 13:22:17,432] {logging_mixin.py:109} INFO - [2022-08-01 13:22:17,432] {dagbag.py:500} INFO - Filling up the DagBag from /home/airflow/.local/lib/python3.7/site-packages/airflow/example_dags/example_time_delta_sensor_async.py
[2022-08-01 13:22:17,451] {processor.py:637} INFO - DAG(s) dict_keys(['example_time_delta_sensor_async']) retrieved from /home/airflow/.local/lib/python3.7/site-packages/airflow/example_dags/example_time_delta_sensor_async.py
[2022-08-01 13:22:17,458] {logging_mixin.py:109} INFO - [2022-08-01 13:22:17,457] {dag.py:2396} INFO - Sync 1 DAGs
[2022-08-01 13:22:17,467] {logging_mixin.py:109} INFO - [2022-08-01 13:22:17,467] {dag.py:2928} INFO - Setting next_dagrun for example_time_delta_sensor_async to None
[2022-08-01 13:22:17,475] {processor.py:171} INFO - Processing /home/airflow/.local/lib/python3.7/site-packages/airflow/example_dags/example_time_delta_sensor_async.py took 0.048 seconds
[2022-08-01 13:22:47,669] {processor.py:163} INFO - Started process (PID=275) to work on /home/airflow/.local/lib/python3.7/site-packages/airflow/example_dags/example_time_delta_sensor_async.py
[2022-08-01 13:22:47,672] {processor.py:625} INFO - Processing file /home/airflow/.local/lib/python3.7/site-packages/airflow/example_dags/example_time_delta_sensor_async.py for tasks to queue
[2022-08-01 13:22:47,672] {logging_mixin.py:109} INFO - [2022-08-01 13:22:47,672] {dagbag.py:500} INFO - Filling up the DagBag from /home/airflow/.local/lib/python3.7/site-packages/airflow/example_dags/example_time_delta_sensor_async.py
[2022-08-01 13:22:47,698] {processor.py:637} INFO - DAG(s) dict_keys(['example_time_delta_sensor_async']) retrieved from /home/airflow/.local/lib/python3.7/site-packages/airflow/example_dags/example_time_delta_sensor_async.py
[2022-08-01 13:22:47,707] {logging_mixin.py:109} INFO - [2022-08-01 13:22:47,707] {dag.py:2396} INFO - Sync 1 DAGs
[2022-08-01 13:22:47,722] {logging_mixin.py:109} INFO - [2022-08-01 13:22:47,722] {dag.py:2928} INFO - Setting next_dagrun for example_time_delta_sensor_async to None
[2022-08-01 13:22:47,730] {processor.py:171} INFO - Processing /home/airflow/.local/lib/python3.7/site-packages/airflow/example_dags/example_time_delta_sensor_async.py took 0.064 seconds
[2022-08-01 13:23:17,892] {processor.py:163} INFO - Started process (PID=327) to work on /home/airflow/.local/lib/python3.7/site-packages/airflow/example_dags/example_time_delta_sensor_async.py
[2022-08-01 13:23:17,894] {processor.py:625} INFO - Processing file /home/airflow/.local/lib/python3.7/site-packages/airflow/example_dags/example_time_delta_sensor_async.py for tasks to queue
[2022-08-01 13:23:17,895] {logging_mixin.py:109} INFO - [2022-08-01 13:23:17,895] {dagbag.py:500} INFO - Filling up the DagBag from /home/airflow/.local/lib/python3.7/site-packages/airflow/example_dags/example_time_delta_sensor_async.py
[2022-08-01 13:23:17,926] {processor.py:637} INFO - DAG(s) dict_keys(['example_time_delta_sensor_async']) retrieved from /home/airflow/.local/lib/python3.7/site-packages/airflow/example_dags/example_time_delta_sensor_async.py
[2022-08-01 13:23:17,935] {logging_mixin.py:109} INFO - [2022-08-01 13:23:17,935] {dag.py:2396} INFO - Sync 1 DAGs
[2022-08-01 13:23:17,952] {logging_mixin.py:109} INFO - [2022-08-01 13:23:17,952] {dag.py:2928} INFO - Setting next_dagrun for example_time_delta_sensor_async to None
[2022-08-01 13:23:17,966] {processor.py:171} INFO - Processing /home/airflow/.local/lib/python3.7/site-packages/airflow/example_dags/example_time_delta_sensor_async.py took 0.078 seconds
[2022-08-01 13:23:48,854] {processor.py:163} INFO - Started process (PID=379) to work on /home/airflow/.local/lib/python3.7/site-packages/airflow/example_dags/example_time_delta_sensor_async.py
[2022-08-01 13:23:48,856] {processor.py:625} INFO - Processing file /home/airflow/.local/lib/python3.7/site-packages/airflow/example_dags/example_time_delta_sensor_async.py for tasks to queue
[2022-08-01 13:23:48,856] {logging_mixin.py:109} INFO - [2022-08-01 13:23:48,856] {dagbag.py:500} INFO - Filling up the DagBag from /home/airflow/.local/lib/python3.7/site-packages/airflow/example_dags/example_time_delta_sensor_async.py
[2022-08-01 13:23:48,878] {processor.py:637} INFO - DAG(s) dict_keys(['example_time_delta_sensor_async']) retrieved from /home/airflow/.local/lib/python3.7/site-packages/airflow/example_dags/example_time_delta_sensor_async.py
[2022-08-01 13:23:48,886] {logging_mixin.py:109} INFO - [2022-08-01 13:23:48,886] {dag.py:2396} INFO - Sync 1 DAGs
[2022-08-01 13:23:48,898] {logging_mixin.py:109} INFO - [2022-08-01 13:23:48,898] {dag.py:2928} INFO - Setting next_dagrun for example_time_delta_sensor_async to None
[2022-08-01 13:23:48,907] {processor.py:171} INFO - Processing /home/airflow/.local/lib/python3.7/site-packages/airflow/example_dags/example_time_delta_sensor_async.py took 0.055 seconds
[2022-08-01 13:24:19,641] {processor.py:163} INFO - Started process (PID=431) to work on /home/airflow/.local/lib/python3.7/site-packages/airflow/example_dags/example_time_delta_sensor_async.py
[2022-08-01 13:24:19,645] {processor.py:625} INFO - Processing file /home/airflow/.local/lib/python3.7/site-packages/airflow/example_dags/example_time_delta_sensor_async.py for tasks to queue
[2022-08-01 13:24:19,647] {logging_mixin.py:109} INFO - [2022-08-01 13:24:19,646] {dagbag.py:500} INFO - Filling up the DagBag from /home/airflow/.local/lib/python3.7/site-packages/airflow/example_dags/example_time_delta_sensor_async.py
[2022-08-01 13:24:19,708] {processor.py:637} INFO - DAG(s) dict_keys(['example_time_delta_sensor_async']) retrieved from /home/airflow/.local/lib/python3.7/site-packages/airflow/example_dags/example_time_delta_sensor_async.py
[2022-08-01 13:24:19,729] {logging_mixin.py:109} INFO - [2022-08-01 13:24:19,728] {dag.py:2396} INFO - Sync 1 DAGs
[2022-08-01 13:24:19,775] {logging_mixin.py:109} INFO - [2022-08-01 13:24:19,775] {dag.py:2928} INFO - Setting next_dagrun for example_time_delta_sensor_async to None
[2022-08-01 13:24:19,808] {processor.py:171} INFO - Processing /home/airflow/.local/lib/python3.7/site-packages/airflow/example_dags/example_time_delta_sensor_async.py took 0.174 seconds
[2022-08-01 13:24:54,032] {processor.py:163} INFO - Started process (PID=484) to work on /home/airflow/.local/lib/python3.7/site-packages/airflow/example_dags/example_time_delta_sensor_async.py
[2022-08-01 13:24:54,036] {processor.py:625} INFO - Processing file /home/airflow/.local/lib/python3.7/site-packages/airflow/example_dags/example_time_delta_sensor_async.py for tasks to queue
[2022-08-01 13:24:54,038] {logging_mixin.py:109} INFO - [2022-08-01 13:24:54,038] {dagbag.py:500} INFO - Filling up the DagBag from /home/airflow/.local/lib/python3.7/site-packages/airflow/example_dags/example_time_delta_sensor_async.py
[2022-08-01 13:24:54,133] {processor.py:637} INFO - DAG(s) dict_keys(['example_time_delta_sensor_async']) retrieved from /home/airflow/.local/lib/python3.7/site-packages/airflow/example_dags/example_time_delta_sensor_async.py
[2022-08-01 13:24:54,160] {logging_mixin.py:109} INFO - [2022-08-01 13:24:54,158] {dag.py:2396} INFO - Sync 1 DAGs
[2022-08-01 13:24:54,209] {logging_mixin.py:109} INFO - [2022-08-01 13:24:54,208] {dag.py:2928} INFO - Setting next_dagrun for example_time_delta_sensor_async to None
[2022-08-01 13:24:54,239] {processor.py:171} INFO - Processing /home/airflow/.local/lib/python3.7/site-packages/airflow/example_dags/example_time_delta_sensor_async.py took 0.219 seconds
[2022-08-01 13:25:25,143] {processor.py:163} INFO - Started process (PID=536) to work on /home/airflow/.local/lib/python3.7/site-packages/airflow/example_dags/example_time_delta_sensor_async.py
[2022-08-01 13:25:25,144] {processor.py:625} INFO - Processing file /home/airflow/.local/lib/python3.7/site-packages/airflow/example_dags/example_time_delta_sensor_async.py for tasks to queue
[2022-08-01 13:25:25,144] {logging_mixin.py:109} INFO - [2022-08-01 13:25:25,144] {dagbag.py:500} INFO - Filling up the DagBag from /home/airflow/.local/lib/python3.7/site-packages/airflow/example_dags/example_time_delta_sensor_async.py
[2022-08-01 13:25:25,170] {processor.py:637} INFO - DAG(s) dict_keys(['example_time_delta_sensor_async']) retrieved from /home/airflow/.local/lib/python3.7/site-packages/airflow/example_dags/example_time_delta_sensor_async.py
[2022-08-01 13:25:25,177] {logging_mixin.py:109} INFO - [2022-08-01 13:25:25,177] {dag.py:2396} INFO - Sync 1 DAGs
[2022-08-01 13:25:25,190] {logging_mixin.py:109} INFO - [2022-08-01 13:25:25,190] {dag.py:2928} INFO - Setting next_dagrun for example_time_delta_sensor_async to None
[2022-08-01 13:25:25,198] {processor.py:171} INFO - Processing /home/airflow/.local/lib/python3.7/site-packages/airflow/example_dags/example_time_delta_sensor_async.py took 0.058 seconds
[2022-08-01 13:25:55,731] {processor.py:163} INFO - Started process (PID=589) to work on /home/airflow/.local/lib/python3.7/site-packages/airflow/example_dags/example_time_delta_sensor_async.py
[2022-08-01 13:25:55,734] {processor.py:625} INFO - Processing file /home/airflow/.local/lib/python3.7/site-packages/airflow/example_dags/example_time_delta_sensor_async.py for tasks to queue
[2022-08-01 13:25:55,735] {logging_mixin.py:109} INFO - [2022-08-01 13:25:55,735] {dagbag.py:500} INFO - Filling up the DagBag from /home/airflow/.local/lib/python3.7/site-packages/airflow/example_dags/example_time_delta_sensor_async.py
[2022-08-01 13:25:55,754] {processor.py:637} INFO - DAG(s) dict_keys(['example_time_delta_sensor_async']) retrieved from /home/airflow/.local/lib/python3.7/site-packages/airflow/example_dags/example_time_delta_sensor_async.py
[2022-08-01 13:25:55,762] {logging_mixin.py:109} INFO - [2022-08-01 13:25:55,762] {dag.py:2396} INFO - Sync 1 DAGs
[2022-08-01 13:25:55,773] {logging_mixin.py:109} INFO - [2022-08-01 13:25:55,773] {dag.py:2928} INFO - Setting next_dagrun for example_time_delta_sensor_async to None
[2022-08-01 13:25:55,782] {processor.py:171} INFO - Processing /home/airflow/.local/lib/python3.7/site-packages/airflow/example_dags/example_time_delta_sensor_async.py took 0.053 seconds
[2022-08-01 13:26:26,517] {processor.py:163} INFO - Started process (PID=650) to work on /home/airflow/.local/lib/python3.7/site-packages/airflow/example_dags/example_time_delta_sensor_async.py
[2022-08-01 13:26:26,518] {processor.py:625} INFO - Processing file /home/airflow/.local/lib/python3.7/site-packages/airflow/example_dags/example_time_delta_sensor_async.py for tasks to queue
[2022-08-01 13:26:26,518] {logging_mixin.py:109} INFO - [2022-08-01 13:26:26,518] {dagbag.py:500} INFO - Filling up the DagBag from /home/airflow/.local/lib/python3.7/site-packages/airflow/example_dags/example_time_delta_sensor_async.py
[2022-08-01 13:26:26,538] {processor.py:637} INFO - DAG(s) dict_keys(['example_time_delta_sensor_async']) retrieved from /home/airflow/.local/lib/python3.7/site-packages/airflow/example_dags/example_time_delta_sensor_async.py
[2022-08-01 13:26:26,546] {logging_mixin.py:109} INFO - [2022-08-01 13:26:26,546] {dag.py:2396} INFO - Sync 1 DAGs
[2022-08-01 13:26:26,558] {logging_mixin.py:109} INFO - [2022-08-01 13:26:26,558] {dag.py:2928} INFO - Setting next_dagrun for example_time_delta_sensor_async to None
[2022-08-01 13:26:26,567] {processor.py:171} INFO - Processing /home/airflow/.local/lib/python3.7/site-packages/airflow/example_dags/example_time_delta_sensor_async.py took 0.052 seconds
[2022-08-01 13:26:56,890] {processor.py:163} INFO - Started process (PID=702) to work on /home/airflow/.local/lib/python3.7/site-packages/airflow/example_dags/example_time_delta_sensor_async.py
[2022-08-01 13:26:56,894] {processor.py:625} INFO - Processing file /home/airflow/.local/lib/python3.7/site-packages/airflow/example_dags/example_time_delta_sensor_async.py for tasks to queue
[2022-08-01 13:26:56,896] {logging_mixin.py:109} INFO - [2022-08-01 13:26:56,896] {dagbag.py:500} INFO - Filling up the DagBag from /home/airflow/.local/lib/python3.7/site-packages/airflow/example_dags/example_time_delta_sensor_async.py
[2022-08-01 13:26:56,943] {processor.py:637} INFO - DAG(s) dict_keys(['example_time_delta_sensor_async']) retrieved from /home/airflow/.local/lib/python3.7/site-packages/airflow/example_dags/example_time_delta_sensor_async.py
[2022-08-01 13:26:56,969] {logging_mixin.py:109} INFO - [2022-08-01 13:26:56,969] {dag.py:2396} INFO - Sync 1 DAGs
[2022-08-01 13:26:57,043] {logging_mixin.py:109} INFO - [2022-08-01 13:26:57,042] {dag.py:2928} INFO - Setting next_dagrun for example_time_delta_sensor_async to None
[2022-08-01 13:26:57,088] {processor.py:171} INFO - Processing /home/airflow/.local/lib/python3.7/site-packages/airflow/example_dags/example_time_delta_sensor_async.py took 0.203 seconds
[2022-08-01 13:27:27,137] {processor.py:163} INFO - Started process (PID=753) to work on /home/airflow/.local/lib/python3.7/site-packages/airflow/example_dags/example_time_delta_sensor_async.py
[2022-08-01 13:27:27,148] {processor.py:625} INFO - Processing file /home/airflow/.local/lib/python3.7/site-packages/airflow/example_dags/example_time_delta_sensor_async.py for tasks to queue
[2022-08-01 13:27:27,149] {logging_mixin.py:109} INFO - [2022-08-01 13:27:27,149] {dagbag.py:500} INFO - Filling up the DagBag from /home/airflow/.local/lib/python3.7/site-packages/airflow/example_dags/example_time_delta_sensor_async.py
[2022-08-01 13:27:27,243] {processor.py:637} INFO - DAG(s) dict_keys(['example_time_delta_sensor_async']) retrieved from /home/airflow/.local/lib/python3.7/site-packages/airflow/example_dags/example_time_delta_sensor_async.py
[2022-08-01 13:27:27,253] {logging_mixin.py:109} INFO - [2022-08-01 13:27:27,253] {dag.py:2396} INFO - Sync 1 DAGs
[2022-08-01 13:27:27,274] {logging_mixin.py:109} INFO - [2022-08-01 13:27:27,274] {dag.py:2928} INFO - Setting next_dagrun for example_time_delta_sensor_async to None
[2022-08-01 13:27:27,284] {processor.py:171} INFO - Processing /home/airflow/.local/lib/python3.7/site-packages/airflow/example_dags/example_time_delta_sensor_async.py took 0.153 seconds
[2022-08-01 13:27:57,773] {processor.py:163} INFO - Started process (PID=814) to work on /home/airflow/.local/lib/python3.7/site-packages/airflow/example_dags/example_time_delta_sensor_async.py
[2022-08-01 13:27:57,777] {processor.py:625} INFO - Processing file /home/airflow/.local/lib/python3.7/site-packages/airflow/example_dags/example_time_delta_sensor_async.py for tasks to queue
[2022-08-01 13:27:57,778] {logging_mixin.py:109} INFO - [2022-08-01 13:27:57,778] {dagbag.py:500} INFO - Filling up the DagBag from /home/airflow/.local/lib/python3.7/site-packages/airflow/example_dags/example_time_delta_sensor_async.py
[2022-08-01 13:27:57,801] {processor.py:637} INFO - DAG(s) dict_keys(['example_time_delta_sensor_async']) retrieved from /home/airflow/.local/lib/python3.7/site-packages/airflow/example_dags/example_time_delta_sensor_async.py
[2022-08-01 13:27:57,809] {logging_mixin.py:109} INFO - [2022-08-01 13:27:57,809] {dag.py:2396} INFO - Sync 1 DAGs
[2022-08-01 13:27:57,822] {logging_mixin.py:109} INFO - [2022-08-01 13:27:57,822] {dag.py:2928} INFO - Setting next_dagrun for example_time_delta_sensor_async to None
[2022-08-01 13:27:57,831] {processor.py:171} INFO - Processing /home/airflow/.local/lib/python3.7/site-packages/airflow/example_dags/example_time_delta_sensor_async.py took 0.060 seconds
[2022-08-01 13:28:28,147] {processor.py:163} INFO - Started process (PID=866) to work on /home/airflow/.local/lib/python3.7/site-packages/airflow/example_dags/example_time_delta_sensor_async.py
[2022-08-01 13:28:28,152] {processor.py:625} INFO - Processing file /home/airflow/.local/lib/python3.7/site-packages/airflow/example_dags/example_time_delta_sensor_async.py for tasks to queue
[2022-08-01 13:28:28,152] {logging_mixin.py:109} INFO - [2022-08-01 13:28:28,152] {dagbag.py:500} INFO - Filling up the DagBag from /home/airflow/.local/lib/python3.7/site-packages/airflow/example_dags/example_time_delta_sensor_async.py
[2022-08-01 13:28:28,181] {processor.py:637} INFO - DAG(s) dict_keys(['example_time_delta_sensor_async']) retrieved from /home/airflow/.local/lib/python3.7/site-packages/airflow/example_dags/example_time_delta_sensor_async.py
[2022-08-01 13:28:28,189] {logging_mixin.py:109} INFO - [2022-08-01 13:28:28,189] {dag.py:2396} INFO - Sync 1 DAGs
[2022-08-01 13:28:28,204] {logging_mixin.py:109} INFO - [2022-08-01 13:28:28,204] {dag.py:2928} INFO - Setting next_dagrun for example_time_delta_sensor_async to None
[2022-08-01 13:28:28,215] {processor.py:171} INFO - Processing /home/airflow/.local/lib/python3.7/site-packages/airflow/example_dags/example_time_delta_sensor_async.py took 0.070 seconds
[2022-08-01 13:28:58,273] {processor.py:163} INFO - Started process (PID=918) to work on /home/airflow/.local/lib/python3.7/site-packages/airflow/example_dags/example_time_delta_sensor_async.py
[2022-08-01 13:28:58,274] {processor.py:625} INFO - Processing file /home/airflow/.local/lib/python3.7/site-packages/airflow/example_dags/example_time_delta_sensor_async.py for tasks to queue
[2022-08-01 13:28:58,274] {logging_mixin.py:109} INFO - [2022-08-01 13:28:58,274] {dagbag.py:500} INFO - Filling up the DagBag from /home/airflow/.local/lib/python3.7/site-packages/airflow/example_dags/example_time_delta_sensor_async.py
[2022-08-01 13:28:58,294] {processor.py:637} INFO - DAG(s) dict_keys(['example_time_delta_sensor_async']) retrieved from /home/airflow/.local/lib/python3.7/site-packages/airflow/example_dags/example_time_delta_sensor_async.py
[2022-08-01 13:28:58,301] {logging_mixin.py:109} INFO - [2022-08-01 13:28:58,301] {dag.py:2396} INFO - Sync 1 DAGs
[2022-08-01 13:28:58,311] {logging_mixin.py:109} INFO - [2022-08-01 13:28:58,311] {dag.py:2928} INFO - Setting next_dagrun for example_time_delta_sensor_async to None
[2022-08-01 13:28:58,319] {processor.py:171} INFO - Processing /home/airflow/.local/lib/python3.7/site-packages/airflow/example_dags/example_time_delta_sensor_async.py took 0.048 seconds
[2022-08-01 13:29:28,640] {processor.py:163} INFO - Started process (PID=979) to work on /home/airflow/.local/lib/python3.7/site-packages/airflow/example_dags/example_time_delta_sensor_async.py
[2022-08-01 13:29:28,641] {processor.py:625} INFO - Processing file /home/airflow/.local/lib/python3.7/site-packages/airflow/example_dags/example_time_delta_sensor_async.py for tasks to queue
[2022-08-01 13:29:28,642] {logging_mixin.py:109} INFO - [2022-08-01 13:29:28,642] {dagbag.py:500} INFO - Filling up the DagBag from /home/airflow/.local/lib/python3.7/site-packages/airflow/example_dags/example_time_delta_sensor_async.py
[2022-08-01 13:29:28,672] {processor.py:637} INFO - DAG(s) dict_keys(['example_time_delta_sensor_async']) retrieved from /home/airflow/.local/lib/python3.7/site-packages/airflow/example_dags/example_time_delta_sensor_async.py
[2022-08-01 13:29:28,684] {logging_mixin.py:109} INFO - [2022-08-01 13:29:28,684] {dag.py:2396} INFO - Sync 1 DAGs
[2022-08-01 13:29:28,702] {logging_mixin.py:109} INFO - [2022-08-01 13:29:28,702] {dag.py:2928} INFO - Setting next_dagrun for example_time_delta_sensor_async to None
[2022-08-01 13:29:28,718] {processor.py:171} INFO - Processing /home/airflow/.local/lib/python3.7/site-packages/airflow/example_dags/example_time_delta_sensor_async.py took 0.082 seconds
[2022-08-01 13:29:59,165] {processor.py:163} INFO - Started process (PID=1031) to work on /home/airflow/.local/lib/python3.7/site-packages/airflow/example_dags/example_time_delta_sensor_async.py
[2022-08-01 13:29:59,170] {processor.py:625} INFO - Processing file /home/airflow/.local/lib/python3.7/site-packages/airflow/example_dags/example_time_delta_sensor_async.py for tasks to queue
[2022-08-01 13:29:59,170] {logging_mixin.py:109} INFO - [2022-08-01 13:29:59,170] {dagbag.py:500} INFO - Filling up the DagBag from /home/airflow/.local/lib/python3.7/site-packages/airflow/example_dags/example_time_delta_sensor_async.py
[2022-08-01 13:29:59,196] {processor.py:637} INFO - DAG(s) dict_keys(['example_time_delta_sensor_async']) retrieved from /home/airflow/.local/lib/python3.7/site-packages/airflow/example_dags/example_time_delta_sensor_async.py
[2022-08-01 13:29:59,206] {logging_mixin.py:109} INFO - [2022-08-01 13:29:59,206] {dag.py:2396} INFO - Sync 1 DAGs
[2022-08-01 13:29:59,222] {logging_mixin.py:109} INFO - [2022-08-01 13:29:59,222] {dag.py:2928} INFO - Setting next_dagrun for example_time_delta_sensor_async to None
[2022-08-01 13:29:59,233] {processor.py:171} INFO - Processing /home/airflow/.local/lib/python3.7/site-packages/airflow/example_dags/example_time_delta_sensor_async.py took 0.071 seconds
