[2022-08-01 12:25:35,968] {processor.py:163} INFO - Started process (PID=47) to work on /home/airflow/.local/lib/python3.7/site-packages/airflow/example_dags/example_kubernetes_executor_config.py
[2022-08-01 12:25:35,970] {processor.py:625} INFO - Processing file /home/airflow/.local/lib/python3.7/site-packages/airflow/example_dags/example_kubernetes_executor_config.py for tasks to queue
[2022-08-01 12:25:35,971] {logging_mixin.py:109} INFO - [2022-08-01 12:25:35,971] {dagbag.py:500} INFO - Filling up the DagBag from /home/airflow/.local/lib/python3.7/site-packages/airflow/example_dags/example_kubernetes_executor_config.py
[2022-08-01 12:25:36,020] {processor.py:637} INFO - DAG(s) dict_keys(['example_kubernetes_executor_config']) retrieved from /home/airflow/.local/lib/python3.7/site-packages/airflow/example_dags/example_kubernetes_executor_config.py
[2022-08-01 12:25:36,043] {logging_mixin.py:109} INFO - [2022-08-01 12:25:36,043] {dag.py:2396} INFO - Sync 1 DAGs
[2022-08-01 12:25:36,079] {logging_mixin.py:109} INFO - [2022-08-01 12:25:36,078] {dag.py:2928} INFO - Setting next_dagrun for example_kubernetes_executor_config to None
[2022-08-01 12:25:36,110] {processor.py:171} INFO - Processing /home/airflow/.local/lib/python3.7/site-packages/airflow/example_dags/example_kubernetes_executor_config.py took 0.150 seconds
[2022-08-01 12:26:06,654] {processor.py:163} INFO - Started process (PID=100) to work on /home/airflow/.local/lib/python3.7/site-packages/airflow/example_dags/example_kubernetes_executor_config.py
[2022-08-01 12:26:06,655] {processor.py:625} INFO - Processing file /home/airflow/.local/lib/python3.7/site-packages/airflow/example_dags/example_kubernetes_executor_config.py for tasks to queue
[2022-08-01 12:26:06,656] {logging_mixin.py:109} INFO - [2022-08-01 12:26:06,656] {dagbag.py:500} INFO - Filling up the DagBag from /home/airflow/.local/lib/python3.7/site-packages/airflow/example_dags/example_kubernetes_executor_config.py
[2022-08-01 12:26:06,685] {processor.py:637} INFO - DAG(s) dict_keys(['example_kubernetes_executor_config']) retrieved from /home/airflow/.local/lib/python3.7/site-packages/airflow/example_dags/example_kubernetes_executor_config.py
[2022-08-01 12:26:06,699] {logging_mixin.py:109} INFO - [2022-08-01 12:26:06,699] {dag.py:2396} INFO - Sync 1 DAGs
[2022-08-01 12:26:06,714] {logging_mixin.py:109} INFO - [2022-08-01 12:26:06,714] {dag.py:2928} INFO - Setting next_dagrun for example_kubernetes_executor_config to None
[2022-08-01 12:26:06,728] {processor.py:171} INFO - Processing /home/airflow/.local/lib/python3.7/site-packages/airflow/example_dags/example_kubernetes_executor_config.py took 0.077 seconds
[2022-08-01 12:26:37,215] {processor.py:163} INFO - Started process (PID=151) to work on /home/airflow/.local/lib/python3.7/site-packages/airflow/example_dags/example_kubernetes_executor_config.py
[2022-08-01 12:26:37,216] {processor.py:625} INFO - Processing file /home/airflow/.local/lib/python3.7/site-packages/airflow/example_dags/example_kubernetes_executor_config.py for tasks to queue
[2022-08-01 12:26:37,217] {logging_mixin.py:109} INFO - [2022-08-01 12:26:37,217] {dagbag.py:500} INFO - Filling up the DagBag from /home/airflow/.local/lib/python3.7/site-packages/airflow/example_dags/example_kubernetes_executor_config.py
[2022-08-01 12:26:37,248] {processor.py:637} INFO - DAG(s) dict_keys(['example_kubernetes_executor_config']) retrieved from /home/airflow/.local/lib/python3.7/site-packages/airflow/example_dags/example_kubernetes_executor_config.py
[2022-08-01 12:26:37,260] {logging_mixin.py:109} INFO - [2022-08-01 12:26:37,260] {dag.py:2396} INFO - Sync 1 DAGs
[2022-08-01 12:26:37,275] {logging_mixin.py:109} INFO - [2022-08-01 12:26:37,275] {dag.py:2928} INFO - Setting next_dagrun for example_kubernetes_executor_config to None
[2022-08-01 12:26:37,286] {processor.py:171} INFO - Processing /home/airflow/.local/lib/python3.7/site-packages/airflow/example_dags/example_kubernetes_executor_config.py took 0.075 seconds
[2022-08-01 12:27:08,051] {processor.py:163} INFO - Started process (PID=213) to work on /home/airflow/.local/lib/python3.7/site-packages/airflow/example_dags/example_kubernetes_executor_config.py
[2022-08-01 12:27:08,053] {processor.py:625} INFO - Processing file /home/airflow/.local/lib/python3.7/site-packages/airflow/example_dags/example_kubernetes_executor_config.py for tasks to queue
[2022-08-01 12:27:08,054] {logging_mixin.py:109} INFO - [2022-08-01 12:27:08,054] {dagbag.py:500} INFO - Filling up the DagBag from /home/airflow/.local/lib/python3.7/site-packages/airflow/example_dags/example_kubernetes_executor_config.py
[2022-08-01 12:27:08,095] {processor.py:637} INFO - DAG(s) dict_keys(['example_kubernetes_executor_config']) retrieved from /home/airflow/.local/lib/python3.7/site-packages/airflow/example_dags/example_kubernetes_executor_config.py
[2022-08-01 12:27:08,111] {logging_mixin.py:109} INFO - [2022-08-01 12:27:08,111] {dag.py:2396} INFO - Sync 1 DAGs
[2022-08-01 12:27:08,133] {logging_mixin.py:109} INFO - [2022-08-01 12:27:08,133] {dag.py:2928} INFO - Setting next_dagrun for example_kubernetes_executor_config to None
[2022-08-01 12:27:08,148] {processor.py:171} INFO - Processing /home/airflow/.local/lib/python3.7/site-packages/airflow/example_dags/example_kubernetes_executor_config.py took 0.101 seconds
[2022-08-01 12:27:38,806] {processor.py:163} INFO - Started process (PID=264) to work on /home/airflow/.local/lib/python3.7/site-packages/airflow/example_dags/example_kubernetes_executor_config.py
[2022-08-01 12:27:38,807] {processor.py:625} INFO - Processing file /home/airflow/.local/lib/python3.7/site-packages/airflow/example_dags/example_kubernetes_executor_config.py for tasks to queue
[2022-08-01 12:27:38,807] {logging_mixin.py:109} INFO - [2022-08-01 12:27:38,807] {dagbag.py:500} INFO - Filling up the DagBag from /home/airflow/.local/lib/python3.7/site-packages/airflow/example_dags/example_kubernetes_executor_config.py
[2022-08-01 12:27:38,826] {processor.py:637} INFO - DAG(s) dict_keys(['example_kubernetes_executor_config']) retrieved from /home/airflow/.local/lib/python3.7/site-packages/airflow/example_dags/example_kubernetes_executor_config.py
[2022-08-01 12:27:38,833] {logging_mixin.py:109} INFO - [2022-08-01 12:27:38,833] {dag.py:2396} INFO - Sync 1 DAGs
[2022-08-01 12:27:38,842] {logging_mixin.py:109} INFO - [2022-08-01 12:27:38,842] {dag.py:2928} INFO - Setting next_dagrun for example_kubernetes_executor_config to None
[2022-08-01 12:27:38,849] {processor.py:171} INFO - Processing /home/airflow/.local/lib/python3.7/site-packages/airflow/example_dags/example_kubernetes_executor_config.py took 0.046 seconds
[2022-08-01 12:28:10,095] {processor.py:163} INFO - Started process (PID=326) to work on /home/airflow/.local/lib/python3.7/site-packages/airflow/example_dags/example_kubernetes_executor_config.py
[2022-08-01 12:28:10,096] {processor.py:625} INFO - Processing file /home/airflow/.local/lib/python3.7/site-packages/airflow/example_dags/example_kubernetes_executor_config.py for tasks to queue
[2022-08-01 12:28:10,096] {logging_mixin.py:109} INFO - [2022-08-01 12:28:10,096] {dagbag.py:500} INFO - Filling up the DagBag from /home/airflow/.local/lib/python3.7/site-packages/airflow/example_dags/example_kubernetes_executor_config.py
[2022-08-01 12:28:10,120] {processor.py:637} INFO - DAG(s) dict_keys(['example_kubernetes_executor_config']) retrieved from /home/airflow/.local/lib/python3.7/site-packages/airflow/example_dags/example_kubernetes_executor_config.py
[2022-08-01 12:28:10,129] {logging_mixin.py:109} INFO - [2022-08-01 12:28:10,129] {dag.py:2396} INFO - Sync 1 DAGs
[2022-08-01 12:28:10,140] {logging_mixin.py:109} INFO - [2022-08-01 12:28:10,140] {dag.py:2928} INFO - Setting next_dagrun for example_kubernetes_executor_config to None
[2022-08-01 12:28:10,147] {processor.py:171} INFO - Processing /home/airflow/.local/lib/python3.7/site-packages/airflow/example_dags/example_kubernetes_executor_config.py took 0.054 seconds
[2022-08-01 12:28:40,770] {processor.py:163} INFO - Started process (PID=378) to work on /home/airflow/.local/lib/python3.7/site-packages/airflow/example_dags/example_kubernetes_executor_config.py
[2022-08-01 12:28:40,771] {processor.py:625} INFO - Processing file /home/airflow/.local/lib/python3.7/site-packages/airflow/example_dags/example_kubernetes_executor_config.py for tasks to queue
[2022-08-01 12:28:40,771] {logging_mixin.py:109} INFO - [2022-08-01 12:28:40,771] {dagbag.py:500} INFO - Filling up the DagBag from /home/airflow/.local/lib/python3.7/site-packages/airflow/example_dags/example_kubernetes_executor_config.py
[2022-08-01 12:28:40,793] {processor.py:637} INFO - DAG(s) dict_keys(['example_kubernetes_executor_config']) retrieved from /home/airflow/.local/lib/python3.7/site-packages/airflow/example_dags/example_kubernetes_executor_config.py
[2022-08-01 12:28:40,802] {logging_mixin.py:109} INFO - [2022-08-01 12:28:40,802] {dag.py:2396} INFO - Sync 1 DAGs
[2022-08-01 12:28:40,815] {logging_mixin.py:109} INFO - [2022-08-01 12:28:40,815] {dag.py:2928} INFO - Setting next_dagrun for example_kubernetes_executor_config to None
[2022-08-01 12:28:40,826] {processor.py:171} INFO - Processing /home/airflow/.local/lib/python3.7/site-packages/airflow/example_dags/example_kubernetes_executor_config.py took 0.058 seconds
[2022-08-01 12:29:11,820] {processor.py:163} INFO - Started process (PID=439) to work on /home/airflow/.local/lib/python3.7/site-packages/airflow/example_dags/example_kubernetes_executor_config.py
[2022-08-01 12:29:11,821] {processor.py:625} INFO - Processing file /home/airflow/.local/lib/python3.7/site-packages/airflow/example_dags/example_kubernetes_executor_config.py for tasks to queue
[2022-08-01 12:29:11,821] {logging_mixin.py:109} INFO - [2022-08-01 12:29:11,821] {dagbag.py:500} INFO - Filling up the DagBag from /home/airflow/.local/lib/python3.7/site-packages/airflow/example_dags/example_kubernetes_executor_config.py
[2022-08-01 12:29:11,855] {processor.py:637} INFO - DAG(s) dict_keys(['example_kubernetes_executor_config']) retrieved from /home/airflow/.local/lib/python3.7/site-packages/airflow/example_dags/example_kubernetes_executor_config.py
[2022-08-01 12:29:11,870] {logging_mixin.py:109} INFO - [2022-08-01 12:29:11,869] {dag.py:2396} INFO - Sync 1 DAGs
[2022-08-01 12:29:11,883] {logging_mixin.py:109} INFO - [2022-08-01 12:29:11,883] {dag.py:2928} INFO - Setting next_dagrun for example_kubernetes_executor_config to None
[2022-08-01 12:29:11,894] {processor.py:171} INFO - Processing /home/airflow/.local/lib/python3.7/site-packages/airflow/example_dags/example_kubernetes_executor_config.py took 0.078 seconds
[2022-08-01 12:29:42,605] {processor.py:163} INFO - Started process (PID=491) to work on /home/airflow/.local/lib/python3.7/site-packages/airflow/example_dags/example_kubernetes_executor_config.py
[2022-08-01 12:29:42,606] {processor.py:625} INFO - Processing file /home/airflow/.local/lib/python3.7/site-packages/airflow/example_dags/example_kubernetes_executor_config.py for tasks to queue
[2022-08-01 12:29:42,607] {logging_mixin.py:109} INFO - [2022-08-01 12:29:42,607] {dagbag.py:500} INFO - Filling up the DagBag from /home/airflow/.local/lib/python3.7/site-packages/airflow/example_dags/example_kubernetes_executor_config.py
[2022-08-01 12:29:42,641] {processor.py:637} INFO - DAG(s) dict_keys(['example_kubernetes_executor_config']) retrieved from /home/airflow/.local/lib/python3.7/site-packages/airflow/example_dags/example_kubernetes_executor_config.py
[2022-08-01 12:29:42,654] {logging_mixin.py:109} INFO - [2022-08-01 12:29:42,654] {dag.py:2396} INFO - Sync 1 DAGs
[2022-08-01 12:29:42,667] {logging_mixin.py:109} INFO - [2022-08-01 12:29:42,667] {dag.py:2928} INFO - Setting next_dagrun for example_kubernetes_executor_config to None
[2022-08-01 12:29:42,677] {processor.py:171} INFO - Processing /home/airflow/.local/lib/python3.7/site-packages/airflow/example_dags/example_kubernetes_executor_config.py took 0.076 seconds
[2022-08-01 12:30:12,827] {processor.py:163} INFO - Started process (PID=552) to work on /home/airflow/.local/lib/python3.7/site-packages/airflow/example_dags/example_kubernetes_executor_config.py
[2022-08-01 12:30:12,828] {processor.py:625} INFO - Processing file /home/airflow/.local/lib/python3.7/site-packages/airflow/example_dags/example_kubernetes_executor_config.py for tasks to queue
[2022-08-01 12:30:12,830] {logging_mixin.py:109} INFO - [2022-08-01 12:30:12,829] {dagbag.py:500} INFO - Filling up the DagBag from /home/airflow/.local/lib/python3.7/site-packages/airflow/example_dags/example_kubernetes_executor_config.py
[2022-08-01 12:30:12,863] {processor.py:637} INFO - DAG(s) dict_keys(['example_kubernetes_executor_config']) retrieved from /home/airflow/.local/lib/python3.7/site-packages/airflow/example_dags/example_kubernetes_executor_config.py
[2022-08-01 12:30:12,877] {logging_mixin.py:109} INFO - [2022-08-01 12:30:12,877] {dag.py:2396} INFO - Sync 1 DAGs
[2022-08-01 12:30:12,899] {logging_mixin.py:109} INFO - [2022-08-01 12:30:12,899] {dag.py:2928} INFO - Setting next_dagrun for example_kubernetes_executor_config to None
[2022-08-01 12:30:12,913] {processor.py:171} INFO - Processing /home/airflow/.local/lib/python3.7/site-packages/airflow/example_dags/example_kubernetes_executor_config.py took 0.091 seconds
[2022-08-01 12:30:44,459] {processor.py:163} INFO - Started process (PID=604) to work on /home/airflow/.local/lib/python3.7/site-packages/airflow/example_dags/example_kubernetes_executor_config.py
[2022-08-01 12:30:44,467] {processor.py:625} INFO - Processing file /home/airflow/.local/lib/python3.7/site-packages/airflow/example_dags/example_kubernetes_executor_config.py for tasks to queue
[2022-08-01 12:30:44,471] {logging_mixin.py:109} INFO - [2022-08-01 12:30:44,471] {dagbag.py:500} INFO - Filling up the DagBag from /home/airflow/.local/lib/python3.7/site-packages/airflow/example_dags/example_kubernetes_executor_config.py
[2022-08-01 12:30:44,555] {processor.py:637} INFO - DAG(s) dict_keys(['example_kubernetes_executor_config']) retrieved from /home/airflow/.local/lib/python3.7/site-packages/airflow/example_dags/example_kubernetes_executor_config.py
[2022-08-01 12:30:44,588] {logging_mixin.py:109} INFO - [2022-08-01 12:30:44,587] {dag.py:2396} INFO - Sync 1 DAGs
[2022-08-01 12:30:44,638] {logging_mixin.py:109} INFO - [2022-08-01 12:30:44,638] {dag.py:2928} INFO - Setting next_dagrun for example_kubernetes_executor_config to None
[2022-08-01 12:30:44,679] {processor.py:171} INFO - Processing /home/airflow/.local/lib/python3.7/site-packages/airflow/example_dags/example_kubernetes_executor_config.py took 0.235 seconds
[2022-08-01 12:31:14,804] {processor.py:163} INFO - Started process (PID=655) to work on /home/airflow/.local/lib/python3.7/site-packages/airflow/example_dags/example_kubernetes_executor_config.py
[2022-08-01 12:31:14,805] {processor.py:625} INFO - Processing file /home/airflow/.local/lib/python3.7/site-packages/airflow/example_dags/example_kubernetes_executor_config.py for tasks to queue
[2022-08-01 12:31:14,805] {logging_mixin.py:109} INFO - [2022-08-01 12:31:14,805] {dagbag.py:500} INFO - Filling up the DagBag from /home/airflow/.local/lib/python3.7/site-packages/airflow/example_dags/example_kubernetes_executor_config.py
[2022-08-01 12:31:14,825] {processor.py:637} INFO - DAG(s) dict_keys(['example_kubernetes_executor_config']) retrieved from /home/airflow/.local/lib/python3.7/site-packages/airflow/example_dags/example_kubernetes_executor_config.py
[2022-08-01 12:31:14,833] {logging_mixin.py:109} INFO - [2022-08-01 12:31:14,833] {dag.py:2396} INFO - Sync 1 DAGs
[2022-08-01 12:31:14,843] {logging_mixin.py:109} INFO - [2022-08-01 12:31:14,843] {dag.py:2928} INFO - Setting next_dagrun for example_kubernetes_executor_config to None
[2022-08-01 12:31:14,851] {processor.py:171} INFO - Processing /home/airflow/.local/lib/python3.7/site-packages/airflow/example_dags/example_kubernetes_executor_config.py took 0.050 seconds
[2022-08-01 12:31:45,476] {processor.py:163} INFO - Started process (PID=716) to work on /home/airflow/.local/lib/python3.7/site-packages/airflow/example_dags/example_kubernetes_executor_config.py
[2022-08-01 12:31:45,479] {processor.py:625} INFO - Processing file /home/airflow/.local/lib/python3.7/site-packages/airflow/example_dags/example_kubernetes_executor_config.py for tasks to queue
[2022-08-01 12:31:45,481] {logging_mixin.py:109} INFO - [2022-08-01 12:31:45,481] {dagbag.py:500} INFO - Filling up the DagBag from /home/airflow/.local/lib/python3.7/site-packages/airflow/example_dags/example_kubernetes_executor_config.py
[2022-08-01 12:31:45,532] {processor.py:637} INFO - DAG(s) dict_keys(['example_kubernetes_executor_config']) retrieved from /home/airflow/.local/lib/python3.7/site-packages/airflow/example_dags/example_kubernetes_executor_config.py
[2022-08-01 12:31:45,558] {logging_mixin.py:109} INFO - [2022-08-01 12:31:45,557] {dag.py:2396} INFO - Sync 1 DAGs
[2022-08-01 12:31:45,587] {logging_mixin.py:109} INFO - [2022-08-01 12:31:45,587] {dag.py:2928} INFO - Setting next_dagrun for example_kubernetes_executor_config to None
[2022-08-01 12:31:45,607] {processor.py:171} INFO - Processing /home/airflow/.local/lib/python3.7/site-packages/airflow/example_dags/example_kubernetes_executor_config.py took 0.140 seconds
[2022-08-01 12:32:16,351] {processor.py:163} INFO - Started process (PID=768) to work on /home/airflow/.local/lib/python3.7/site-packages/airflow/example_dags/example_kubernetes_executor_config.py
[2022-08-01 12:32:16,352] {processor.py:625} INFO - Processing file /home/airflow/.local/lib/python3.7/site-packages/airflow/example_dags/example_kubernetes_executor_config.py for tasks to queue
[2022-08-01 12:32:16,353] {logging_mixin.py:109} INFO - [2022-08-01 12:32:16,353] {dagbag.py:500} INFO - Filling up the DagBag from /home/airflow/.local/lib/python3.7/site-packages/airflow/example_dags/example_kubernetes_executor_config.py
[2022-08-01 12:32:16,380] {processor.py:637} INFO - DAG(s) dict_keys(['example_kubernetes_executor_config']) retrieved from /home/airflow/.local/lib/python3.7/site-packages/airflow/example_dags/example_kubernetes_executor_config.py
[2022-08-01 12:32:16,392] {logging_mixin.py:109} INFO - [2022-08-01 12:32:16,391] {dag.py:2396} INFO - Sync 1 DAGs
[2022-08-01 12:32:16,404] {logging_mixin.py:109} INFO - [2022-08-01 12:32:16,404] {dag.py:2928} INFO - Setting next_dagrun for example_kubernetes_executor_config to None
[2022-08-01 12:32:16,416] {processor.py:171} INFO - Processing /home/airflow/.local/lib/python3.7/site-packages/airflow/example_dags/example_kubernetes_executor_config.py took 0.069 seconds
[2022-08-01 12:32:48,041] {processor.py:163} INFO - Started process (PID=830) to work on /home/airflow/.local/lib/python3.7/site-packages/airflow/example_dags/example_kubernetes_executor_config.py
[2022-08-01 12:32:48,045] {processor.py:625} INFO - Processing file /home/airflow/.local/lib/python3.7/site-packages/airflow/example_dags/example_kubernetes_executor_config.py for tasks to queue
[2022-08-01 12:32:48,046] {logging_mixin.py:109} INFO - [2022-08-01 12:32:48,046] {dagbag.py:500} INFO - Filling up the DagBag from /home/airflow/.local/lib/python3.7/site-packages/airflow/example_dags/example_kubernetes_executor_config.py
[2022-08-01 12:32:48,100] {processor.py:637} INFO - DAG(s) dict_keys(['example_kubernetes_executor_config']) retrieved from /home/airflow/.local/lib/python3.7/site-packages/airflow/example_dags/example_kubernetes_executor_config.py
[2022-08-01 12:32:48,121] {logging_mixin.py:109} INFO - [2022-08-01 12:32:48,121] {dag.py:2396} INFO - Sync 1 DAGs
[2022-08-01 12:32:48,149] {logging_mixin.py:109} INFO - [2022-08-01 12:32:48,149] {dag.py:2928} INFO - Setting next_dagrun for example_kubernetes_executor_config to None
[2022-08-01 12:32:48,164] {processor.py:171} INFO - Processing /home/airflow/.local/lib/python3.7/site-packages/airflow/example_dags/example_kubernetes_executor_config.py took 0.129 seconds
[2022-08-01 12:33:18,592] {processor.py:163} INFO - Started process (PID=881) to work on /home/airflow/.local/lib/python3.7/site-packages/airflow/example_dags/example_kubernetes_executor_config.py
[2022-08-01 12:33:18,592] {processor.py:625} INFO - Processing file /home/airflow/.local/lib/python3.7/site-packages/airflow/example_dags/example_kubernetes_executor_config.py for tasks to queue
[2022-08-01 12:33:18,593] {logging_mixin.py:109} INFO - [2022-08-01 12:33:18,593] {dagbag.py:500} INFO - Filling up the DagBag from /home/airflow/.local/lib/python3.7/site-packages/airflow/example_dags/example_kubernetes_executor_config.py
[2022-08-01 12:33:18,614] {processor.py:637} INFO - DAG(s) dict_keys(['example_kubernetes_executor_config']) retrieved from /home/airflow/.local/lib/python3.7/site-packages/airflow/example_dags/example_kubernetes_executor_config.py
[2022-08-01 12:33:18,622] {logging_mixin.py:109} INFO - [2022-08-01 12:33:18,622] {dag.py:2396} INFO - Sync 1 DAGs
[2022-08-01 12:33:18,632] {logging_mixin.py:109} INFO - [2022-08-01 12:33:18,632] {dag.py:2928} INFO - Setting next_dagrun for example_kubernetes_executor_config to None
[2022-08-01 12:33:18,640] {processor.py:171} INFO - Processing /home/airflow/.local/lib/python3.7/site-packages/airflow/example_dags/example_kubernetes_executor_config.py took 0.051 seconds
[2022-08-01 12:33:49,424] {processor.py:163} INFO - Started process (PID=942) to work on /home/airflow/.local/lib/python3.7/site-packages/airflow/example_dags/example_kubernetes_executor_config.py
[2022-08-01 12:33:49,426] {processor.py:625} INFO - Processing file /home/airflow/.local/lib/python3.7/site-packages/airflow/example_dags/example_kubernetes_executor_config.py for tasks to queue
[2022-08-01 12:33:49,427] {logging_mixin.py:109} INFO - [2022-08-01 12:33:49,427] {dagbag.py:500} INFO - Filling up the DagBag from /home/airflow/.local/lib/python3.7/site-packages/airflow/example_dags/example_kubernetes_executor_config.py
[2022-08-01 12:33:49,508] {processor.py:637} INFO - DAG(s) dict_keys(['example_kubernetes_executor_config']) retrieved from /home/airflow/.local/lib/python3.7/site-packages/airflow/example_dags/example_kubernetes_executor_config.py
[2022-08-01 12:33:49,544] {logging_mixin.py:109} INFO - [2022-08-01 12:33:49,544] {dag.py:2396} INFO - Sync 1 DAGs
[2022-08-01 12:33:49,584] {logging_mixin.py:109} INFO - [2022-08-01 12:33:49,584] {dag.py:2928} INFO - Setting next_dagrun for example_kubernetes_executor_config to None
[2022-08-01 12:33:49,602] {processor.py:171} INFO - Processing /home/airflow/.local/lib/python3.7/site-packages/airflow/example_dags/example_kubernetes_executor_config.py took 0.186 seconds
[2022-08-01 12:34:20,354] {processor.py:163} INFO - Started process (PID=994) to work on /home/airflow/.local/lib/python3.7/site-packages/airflow/example_dags/example_kubernetes_executor_config.py
[2022-08-01 12:34:20,356] {processor.py:625} INFO - Processing file /home/airflow/.local/lib/python3.7/site-packages/airflow/example_dags/example_kubernetes_executor_config.py for tasks to queue
[2022-08-01 12:34:20,356] {logging_mixin.py:109} INFO - [2022-08-01 12:34:20,356] {dagbag.py:500} INFO - Filling up the DagBag from /home/airflow/.local/lib/python3.7/site-packages/airflow/example_dags/example_kubernetes_executor_config.py
[2022-08-01 12:34:20,387] {processor.py:637} INFO - DAG(s) dict_keys(['example_kubernetes_executor_config']) retrieved from /home/airflow/.local/lib/python3.7/site-packages/airflow/example_dags/example_kubernetes_executor_config.py
[2022-08-01 12:34:20,400] {logging_mixin.py:109} INFO - [2022-08-01 12:34:20,399] {dag.py:2396} INFO - Sync 1 DAGs
[2022-08-01 12:34:20,418] {logging_mixin.py:109} INFO - [2022-08-01 12:34:20,418] {dag.py:2928} INFO - Setting next_dagrun for example_kubernetes_executor_config to None
[2022-08-01 12:34:20,429] {processor.py:171} INFO - Processing /home/airflow/.local/lib/python3.7/site-packages/airflow/example_dags/example_kubernetes_executor_config.py took 0.078 seconds
[2022-08-01 12:34:51,161] {processor.py:163} INFO - Started process (PID=1046) to work on /home/airflow/.local/lib/python3.7/site-packages/airflow/example_dags/example_kubernetes_executor_config.py
[2022-08-01 12:34:51,163] {processor.py:625} INFO - Processing file /home/airflow/.local/lib/python3.7/site-packages/airflow/example_dags/example_kubernetes_executor_config.py for tasks to queue
[2022-08-01 12:34:51,164] {logging_mixin.py:109} INFO - [2022-08-01 12:34:51,164] {dagbag.py:500} INFO - Filling up the DagBag from /home/airflow/.local/lib/python3.7/site-packages/airflow/example_dags/example_kubernetes_executor_config.py
[2022-08-01 12:34:51,215] {processor.py:637} INFO - DAG(s) dict_keys(['example_kubernetes_executor_config']) retrieved from /home/airflow/.local/lib/python3.7/site-packages/airflow/example_dags/example_kubernetes_executor_config.py
[2022-08-01 12:34:51,236] {logging_mixin.py:109} INFO - [2022-08-01 12:34:51,236] {dag.py:2396} INFO - Sync 1 DAGs
[2022-08-01 12:34:51,261] {logging_mixin.py:109} INFO - [2022-08-01 12:34:51,260] {dag.py:2928} INFO - Setting next_dagrun for example_kubernetes_executor_config to None
[2022-08-01 12:34:51,275] {processor.py:171} INFO - Processing /home/airflow/.local/lib/python3.7/site-packages/airflow/example_dags/example_kubernetes_executor_config.py took 0.119 seconds
[2022-08-01 12:35:21,900] {processor.py:163} INFO - Started process (PID=1107) to work on /home/airflow/.local/lib/python3.7/site-packages/airflow/example_dags/example_kubernetes_executor_config.py
[2022-08-01 12:35:21,902] {processor.py:625} INFO - Processing file /home/airflow/.local/lib/python3.7/site-packages/airflow/example_dags/example_kubernetes_executor_config.py for tasks to queue
[2022-08-01 12:35:21,903] {logging_mixin.py:109} INFO - [2022-08-01 12:35:21,902] {dagbag.py:500} INFO - Filling up the DagBag from /home/airflow/.local/lib/python3.7/site-packages/airflow/example_dags/example_kubernetes_executor_config.py
[2022-08-01 12:35:21,944] {processor.py:637} INFO - DAG(s) dict_keys(['example_kubernetes_executor_config']) retrieved from /home/airflow/.local/lib/python3.7/site-packages/airflow/example_dags/example_kubernetes_executor_config.py
[2022-08-01 12:35:21,961] {logging_mixin.py:109} INFO - [2022-08-01 12:35:21,960] {dag.py:2396} INFO - Sync 1 DAGs
[2022-08-01 12:35:21,980] {logging_mixin.py:109} INFO - [2022-08-01 12:35:21,980] {dag.py:2928} INFO - Setting next_dagrun for example_kubernetes_executor_config to None
[2022-08-01 12:35:21,999] {processor.py:171} INFO - Processing /home/airflow/.local/lib/python3.7/site-packages/airflow/example_dags/example_kubernetes_executor_config.py took 0.103 seconds
[2022-08-01 12:35:52,181] {processor.py:163} INFO - Started process (PID=1159) to work on /home/airflow/.local/lib/python3.7/site-packages/airflow/example_dags/example_kubernetes_executor_config.py
[2022-08-01 12:35:52,182] {processor.py:625} INFO - Processing file /home/airflow/.local/lib/python3.7/site-packages/airflow/example_dags/example_kubernetes_executor_config.py for tasks to queue
[2022-08-01 12:35:52,183] {logging_mixin.py:109} INFO - [2022-08-01 12:35:52,183] {dagbag.py:500} INFO - Filling up the DagBag from /home/airflow/.local/lib/python3.7/site-packages/airflow/example_dags/example_kubernetes_executor_config.py
[2022-08-01 12:35:52,205] {processor.py:637} INFO - DAG(s) dict_keys(['example_kubernetes_executor_config']) retrieved from /home/airflow/.local/lib/python3.7/site-packages/airflow/example_dags/example_kubernetes_executor_config.py
[2022-08-01 12:35:52,214] {logging_mixin.py:109} INFO - [2022-08-01 12:35:52,214] {dag.py:2396} INFO - Sync 1 DAGs
[2022-08-01 12:35:52,223] {logging_mixin.py:109} INFO - [2022-08-01 12:35:52,223] {dag.py:2928} INFO - Setting next_dagrun for example_kubernetes_executor_config to None
[2022-08-01 12:35:52,231] {processor.py:171} INFO - Processing /home/airflow/.local/lib/python3.7/site-packages/airflow/example_dags/example_kubernetes_executor_config.py took 0.052 seconds
[2022-08-01 12:40:10,624] {processor.py:163} INFO - Started process (PID=47) to work on /home/airflow/.local/lib/python3.7/site-packages/airflow/example_dags/example_kubernetes_executor_config.py
[2022-08-01 12:40:10,637] {processor.py:625} INFO - Processing file /home/airflow/.local/lib/python3.7/site-packages/airflow/example_dags/example_kubernetes_executor_config.py for tasks to queue
[2022-08-01 12:40:10,638] {logging_mixin.py:109} INFO - [2022-08-01 12:40:10,638] {dagbag.py:500} INFO - Filling up the DagBag from /home/airflow/.local/lib/python3.7/site-packages/airflow/example_dags/example_kubernetes_executor_config.py
[2022-08-01 12:40:10,755] {processor.py:637} INFO - DAG(s) dict_keys(['example_kubernetes_executor_config']) retrieved from /home/airflow/.local/lib/python3.7/site-packages/airflow/example_dags/example_kubernetes_executor_config.py
[2022-08-01 12:40:10,797] {logging_mixin.py:109} INFO - [2022-08-01 12:40:10,796] {dag.py:2396} INFO - Sync 1 DAGs
[2022-08-01 12:40:10,859] {logging_mixin.py:109} INFO - [2022-08-01 12:40:10,859] {dag.py:2928} INFO - Setting next_dagrun for example_kubernetes_executor_config to None
[2022-08-01 12:40:10,942] {processor.py:171} INFO - Processing /home/airflow/.local/lib/python3.7/site-packages/airflow/example_dags/example_kubernetes_executor_config.py took 0.328 seconds
[2022-08-01 12:40:41,814] {processor.py:163} INFO - Started process (PID=98) to work on /home/airflow/.local/lib/python3.7/site-packages/airflow/example_dags/example_kubernetes_executor_config.py
[2022-08-01 12:40:41,815] {processor.py:625} INFO - Processing file /home/airflow/.local/lib/python3.7/site-packages/airflow/example_dags/example_kubernetes_executor_config.py for tasks to queue
[2022-08-01 12:40:41,815] {logging_mixin.py:109} INFO - [2022-08-01 12:40:41,815] {dagbag.py:500} INFO - Filling up the DagBag from /home/airflow/.local/lib/python3.7/site-packages/airflow/example_dags/example_kubernetes_executor_config.py
[2022-08-01 12:40:41,839] {processor.py:637} INFO - DAG(s) dict_keys(['example_kubernetes_executor_config']) retrieved from /home/airflow/.local/lib/python3.7/site-packages/airflow/example_dags/example_kubernetes_executor_config.py
[2022-08-01 12:40:41,847] {logging_mixin.py:109} INFO - [2022-08-01 12:40:41,847] {dag.py:2396} INFO - Sync 1 DAGs
[2022-08-01 12:40:41,858] {logging_mixin.py:109} INFO - [2022-08-01 12:40:41,857] {dag.py:2928} INFO - Setting next_dagrun for example_kubernetes_executor_config to None
[2022-08-01 12:40:41,865] {processor.py:171} INFO - Processing /home/airflow/.local/lib/python3.7/site-packages/airflow/example_dags/example_kubernetes_executor_config.py took 0.054 seconds
[2022-08-01 13:20:39,594] {processor.py:163} INFO - Started process (PID=47) to work on /home/airflow/.local/lib/python3.7/site-packages/airflow/example_dags/example_kubernetes_executor_config.py
[2022-08-01 13:20:39,602] {processor.py:625} INFO - Processing file /home/airflow/.local/lib/python3.7/site-packages/airflow/example_dags/example_kubernetes_executor_config.py for tasks to queue
[2022-08-01 13:20:39,603] {logging_mixin.py:109} INFO - [2022-08-01 13:20:39,603] {dagbag.py:500} INFO - Filling up the DagBag from /home/airflow/.local/lib/python3.7/site-packages/airflow/example_dags/example_kubernetes_executor_config.py
[2022-08-01 13:20:39,666] {processor.py:637} INFO - DAG(s) dict_keys(['example_kubernetes_executor_config']) retrieved from /home/airflow/.local/lib/python3.7/site-packages/airflow/example_dags/example_kubernetes_executor_config.py
[2022-08-01 13:20:39,696] {logging_mixin.py:109} INFO - [2022-08-01 13:20:39,696] {dag.py:2396} INFO - Sync 1 DAGs
[2022-08-01 13:20:39,729] {logging_mixin.py:109} INFO - [2022-08-01 13:20:39,728] {dag.py:2928} INFO - Setting next_dagrun for example_kubernetes_executor_config to None
[2022-08-01 13:20:39,743] {processor.py:171} INFO - Processing /home/airflow/.local/lib/python3.7/site-packages/airflow/example_dags/example_kubernetes_executor_config.py took 0.159 seconds
[2022-08-01 13:21:12,972] {processor.py:163} INFO - Started process (PID=99) to work on /home/airflow/.local/lib/python3.7/site-packages/airflow/example_dags/example_kubernetes_executor_config.py
[2022-08-01 13:21:12,985] {processor.py:625} INFO - Processing file /home/airflow/.local/lib/python3.7/site-packages/airflow/example_dags/example_kubernetes_executor_config.py for tasks to queue
[2022-08-01 13:21:12,987] {logging_mixin.py:109} INFO - [2022-08-01 13:21:12,987] {dagbag.py:500} INFO - Filling up the DagBag from /home/airflow/.local/lib/python3.7/site-packages/airflow/example_dags/example_kubernetes_executor_config.py
[2022-08-01 13:21:13,148] {processor.py:637} INFO - DAG(s) dict_keys(['example_kubernetes_executor_config']) retrieved from /home/airflow/.local/lib/python3.7/site-packages/airflow/example_dags/example_kubernetes_executor_config.py
[2022-08-01 13:21:13,223] {logging_mixin.py:109} INFO - [2022-08-01 13:21:13,222] {dag.py:2396} INFO - Sync 1 DAGs
[2022-08-01 13:21:13,276] {logging_mixin.py:109} INFO - [2022-08-01 13:21:13,276] {dag.py:2928} INFO - Setting next_dagrun for example_kubernetes_executor_config to None
[2022-08-01 13:21:13,320] {processor.py:171} INFO - Processing /home/airflow/.local/lib/python3.7/site-packages/airflow/example_dags/example_kubernetes_executor_config.py took 0.365 seconds
[2022-08-01 13:21:43,403] {processor.py:163} INFO - Started process (PID=141) to work on /home/airflow/.local/lib/python3.7/site-packages/airflow/example_dags/example_kubernetes_executor_config.py
[2022-08-01 13:21:43,409] {processor.py:625} INFO - Processing file /home/airflow/.local/lib/python3.7/site-packages/airflow/example_dags/example_kubernetes_executor_config.py for tasks to queue
[2022-08-01 13:21:43,410] {logging_mixin.py:109} INFO - [2022-08-01 13:21:43,410] {dagbag.py:500} INFO - Filling up the DagBag from /home/airflow/.local/lib/python3.7/site-packages/airflow/example_dags/example_kubernetes_executor_config.py
[2022-08-01 13:21:43,430] {processor.py:637} INFO - DAG(s) dict_keys(['example_kubernetes_executor_config']) retrieved from /home/airflow/.local/lib/python3.7/site-packages/airflow/example_dags/example_kubernetes_executor_config.py
[2022-08-01 13:21:43,439] {logging_mixin.py:109} INFO - [2022-08-01 13:21:43,439] {dag.py:2396} INFO - Sync 1 DAGs
[2022-08-01 13:21:43,450] {logging_mixin.py:109} INFO - [2022-08-01 13:21:43,450] {dag.py:2928} INFO - Setting next_dagrun for example_kubernetes_executor_config to None
[2022-08-01 13:21:43,458] {processor.py:171} INFO - Processing /home/airflow/.local/lib/python3.7/site-packages/airflow/example_dags/example_kubernetes_executor_config.py took 0.057 seconds
[2022-08-01 13:22:13,724] {processor.py:163} INFO - Started process (PID=202) to work on /home/airflow/.local/lib/python3.7/site-packages/airflow/example_dags/example_kubernetes_executor_config.py
[2022-08-01 13:22:13,726] {processor.py:625} INFO - Processing file /home/airflow/.local/lib/python3.7/site-packages/airflow/example_dags/example_kubernetes_executor_config.py for tasks to queue
[2022-08-01 13:22:13,726] {logging_mixin.py:109} INFO - [2022-08-01 13:22:13,726] {dagbag.py:500} INFO - Filling up the DagBag from /home/airflow/.local/lib/python3.7/site-packages/airflow/example_dags/example_kubernetes_executor_config.py
[2022-08-01 13:22:13,752] {processor.py:637} INFO - DAG(s) dict_keys(['example_kubernetes_executor_config']) retrieved from /home/airflow/.local/lib/python3.7/site-packages/airflow/example_dags/example_kubernetes_executor_config.py
[2022-08-01 13:22:13,764] {logging_mixin.py:109} INFO - [2022-08-01 13:22:13,764] {dag.py:2396} INFO - Sync 1 DAGs
[2022-08-01 13:22:13,779] {logging_mixin.py:109} INFO - [2022-08-01 13:22:13,779] {dag.py:2928} INFO - Setting next_dagrun for example_kubernetes_executor_config to None
[2022-08-01 13:22:13,794] {processor.py:171} INFO - Processing /home/airflow/.local/lib/python3.7/site-packages/airflow/example_dags/example_kubernetes_executor_config.py took 0.073 seconds
[2022-08-01 13:22:43,849] {processor.py:163} INFO - Started process (PID=254) to work on /home/airflow/.local/lib/python3.7/site-packages/airflow/example_dags/example_kubernetes_executor_config.py
[2022-08-01 13:22:43,851] {processor.py:625} INFO - Processing file /home/airflow/.local/lib/python3.7/site-packages/airflow/example_dags/example_kubernetes_executor_config.py for tasks to queue
[2022-08-01 13:22:43,852] {logging_mixin.py:109} INFO - [2022-08-01 13:22:43,851] {dagbag.py:500} INFO - Filling up the DagBag from /home/airflow/.local/lib/python3.7/site-packages/airflow/example_dags/example_kubernetes_executor_config.py
[2022-08-01 13:22:43,872] {processor.py:637} INFO - DAG(s) dict_keys(['example_kubernetes_executor_config']) retrieved from /home/airflow/.local/lib/python3.7/site-packages/airflow/example_dags/example_kubernetes_executor_config.py
[2022-08-01 13:22:43,881] {logging_mixin.py:109} INFO - [2022-08-01 13:22:43,881] {dag.py:2396} INFO - Sync 1 DAGs
[2022-08-01 13:22:43,892] {logging_mixin.py:109} INFO - [2022-08-01 13:22:43,891] {dag.py:2928} INFO - Setting next_dagrun for example_kubernetes_executor_config to None
[2022-08-01 13:22:43,899] {processor.py:171} INFO - Processing /home/airflow/.local/lib/python3.7/site-packages/airflow/example_dags/example_kubernetes_executor_config.py took 0.052 seconds
[2022-08-01 13:23:13,942] {processor.py:163} INFO - Started process (PID=315) to work on /home/airflow/.local/lib/python3.7/site-packages/airflow/example_dags/example_kubernetes_executor_config.py
[2022-08-01 13:23:13,944] {processor.py:625} INFO - Processing file /home/airflow/.local/lib/python3.7/site-packages/airflow/example_dags/example_kubernetes_executor_config.py for tasks to queue
[2022-08-01 13:23:13,944] {logging_mixin.py:109} INFO - [2022-08-01 13:23:13,944] {dagbag.py:500} INFO - Filling up the DagBag from /home/airflow/.local/lib/python3.7/site-packages/airflow/example_dags/example_kubernetes_executor_config.py
[2022-08-01 13:23:13,971] {processor.py:637} INFO - DAG(s) dict_keys(['example_kubernetes_executor_config']) retrieved from /home/airflow/.local/lib/python3.7/site-packages/airflow/example_dags/example_kubernetes_executor_config.py
[2022-08-01 13:23:13,983] {logging_mixin.py:109} INFO - [2022-08-01 13:23:13,983] {dag.py:2396} INFO - Sync 1 DAGs
[2022-08-01 13:23:14,001] {logging_mixin.py:109} INFO - [2022-08-01 13:23:14,000] {dag.py:2928} INFO - Setting next_dagrun for example_kubernetes_executor_config to None
[2022-08-01 13:23:14,013] {processor.py:171} INFO - Processing /home/airflow/.local/lib/python3.7/site-packages/airflow/example_dags/example_kubernetes_executor_config.py took 0.074 seconds
[2022-08-01 13:23:45,255] {processor.py:163} INFO - Started process (PID=367) to work on /home/airflow/.local/lib/python3.7/site-packages/airflow/example_dags/example_kubernetes_executor_config.py
[2022-08-01 13:23:45,256] {processor.py:625} INFO - Processing file /home/airflow/.local/lib/python3.7/site-packages/airflow/example_dags/example_kubernetes_executor_config.py for tasks to queue
[2022-08-01 13:23:45,257] {logging_mixin.py:109} INFO - [2022-08-01 13:23:45,257] {dagbag.py:500} INFO - Filling up the DagBag from /home/airflow/.local/lib/python3.7/site-packages/airflow/example_dags/example_kubernetes_executor_config.py
[2022-08-01 13:23:45,283] {processor.py:637} INFO - DAG(s) dict_keys(['example_kubernetes_executor_config']) retrieved from /home/airflow/.local/lib/python3.7/site-packages/airflow/example_dags/example_kubernetes_executor_config.py
[2022-08-01 13:23:45,293] {logging_mixin.py:109} INFO - [2022-08-01 13:23:45,293] {dag.py:2396} INFO - Sync 1 DAGs
[2022-08-01 13:23:45,306] {logging_mixin.py:109} INFO - [2022-08-01 13:23:45,306] {dag.py:2928} INFO - Setting next_dagrun for example_kubernetes_executor_config to None
[2022-08-01 13:23:45,317] {processor.py:171} INFO - Processing /home/airflow/.local/lib/python3.7/site-packages/airflow/example_dags/example_kubernetes_executor_config.py took 0.065 seconds
[2022-08-01 13:24:17,445] {processor.py:163} INFO - Started process (PID=419) to work on /home/airflow/.local/lib/python3.7/site-packages/airflow/example_dags/example_kubernetes_executor_config.py
[2022-08-01 13:24:17,447] {processor.py:625} INFO - Processing file /home/airflow/.local/lib/python3.7/site-packages/airflow/example_dags/example_kubernetes_executor_config.py for tasks to queue
[2022-08-01 13:24:17,449] {logging_mixin.py:109} INFO - [2022-08-01 13:24:17,448] {dagbag.py:500} INFO - Filling up the DagBag from /home/airflow/.local/lib/python3.7/site-packages/airflow/example_dags/example_kubernetes_executor_config.py
[2022-08-01 13:24:17,539] {processor.py:637} INFO - DAG(s) dict_keys(['example_kubernetes_executor_config']) retrieved from /home/airflow/.local/lib/python3.7/site-packages/airflow/example_dags/example_kubernetes_executor_config.py
[2022-08-01 13:24:17,594] {logging_mixin.py:109} INFO - [2022-08-01 13:24:17,594] {dag.py:2396} INFO - Sync 1 DAGs
[2022-08-01 13:24:17,663] {logging_mixin.py:109} INFO - [2022-08-01 13:24:17,652] {dag.py:2928} INFO - Setting next_dagrun for example_kubernetes_executor_config to None
[2022-08-01 13:24:17,712] {processor.py:171} INFO - Processing /home/airflow/.local/lib/python3.7/site-packages/airflow/example_dags/example_kubernetes_executor_config.py took 0.274 seconds
[2022-08-01 13:24:50,741] {processor.py:163} INFO - Started process (PID=472) to work on /home/airflow/.local/lib/python3.7/site-packages/airflow/example_dags/example_kubernetes_executor_config.py
[2022-08-01 13:24:50,754] {processor.py:625} INFO - Processing file /home/airflow/.local/lib/python3.7/site-packages/airflow/example_dags/example_kubernetes_executor_config.py for tasks to queue
[2022-08-01 13:24:50,755] {logging_mixin.py:109} INFO - [2022-08-01 13:24:50,755] {dagbag.py:500} INFO - Filling up the DagBag from /home/airflow/.local/lib/python3.7/site-packages/airflow/example_dags/example_kubernetes_executor_config.py
[2022-08-01 13:24:50,920] {processor.py:637} INFO - DAG(s) dict_keys(['example_kubernetes_executor_config']) retrieved from /home/airflow/.local/lib/python3.7/site-packages/airflow/example_dags/example_kubernetes_executor_config.py
[2022-08-01 13:24:50,996] {logging_mixin.py:109} INFO - [2022-08-01 13:24:50,995] {dag.py:2396} INFO - Sync 1 DAGs
[2022-08-01 13:24:51,081] {logging_mixin.py:109} INFO - [2022-08-01 13:24:51,081] {dag.py:2928} INFO - Setting next_dagrun for example_kubernetes_executor_config to None
[2022-08-01 13:24:51,140] {processor.py:171} INFO - Processing /home/airflow/.local/lib/python3.7/site-packages/airflow/example_dags/example_kubernetes_executor_config.py took 0.417 seconds
[2022-08-01 13:25:21,447] {processor.py:163} INFO - Started process (PID=524) to work on /home/airflow/.local/lib/python3.7/site-packages/airflow/example_dags/example_kubernetes_executor_config.py
[2022-08-01 13:25:21,448] {processor.py:625} INFO - Processing file /home/airflow/.local/lib/python3.7/site-packages/airflow/example_dags/example_kubernetes_executor_config.py for tasks to queue
[2022-08-01 13:25:21,449] {logging_mixin.py:109} INFO - [2022-08-01 13:25:21,449] {dagbag.py:500} INFO - Filling up the DagBag from /home/airflow/.local/lib/python3.7/site-packages/airflow/example_dags/example_kubernetes_executor_config.py
[2022-08-01 13:25:21,479] {processor.py:637} INFO - DAG(s) dict_keys(['example_kubernetes_executor_config']) retrieved from /home/airflow/.local/lib/python3.7/site-packages/airflow/example_dags/example_kubernetes_executor_config.py
[2022-08-01 13:25:21,492] {logging_mixin.py:109} INFO - [2022-08-01 13:25:21,491] {dag.py:2396} INFO - Sync 1 DAGs
[2022-08-01 13:25:21,509] {logging_mixin.py:109} INFO - [2022-08-01 13:25:21,509] {dag.py:2928} INFO - Setting next_dagrun for example_kubernetes_executor_config to None
[2022-08-01 13:25:21,523] {processor.py:171} INFO - Processing /home/airflow/.local/lib/python3.7/site-packages/airflow/example_dags/example_kubernetes_executor_config.py took 0.079 seconds
[2022-08-01 13:25:52,151] {processor.py:163} INFO - Started process (PID=577) to work on /home/airflow/.local/lib/python3.7/site-packages/airflow/example_dags/example_kubernetes_executor_config.py
[2022-08-01 13:25:52,152] {processor.py:625} INFO - Processing file /home/airflow/.local/lib/python3.7/site-packages/airflow/example_dags/example_kubernetes_executor_config.py for tasks to queue
[2022-08-01 13:25:52,153] {logging_mixin.py:109} INFO - [2022-08-01 13:25:52,153] {dagbag.py:500} INFO - Filling up the DagBag from /home/airflow/.local/lib/python3.7/site-packages/airflow/example_dags/example_kubernetes_executor_config.py
[2022-08-01 13:25:52,180] {processor.py:637} INFO - DAG(s) dict_keys(['example_kubernetes_executor_config']) retrieved from /home/airflow/.local/lib/python3.7/site-packages/airflow/example_dags/example_kubernetes_executor_config.py
[2022-08-01 13:25:52,192] {logging_mixin.py:109} INFO - [2022-08-01 13:25:52,192] {dag.py:2396} INFO - Sync 1 DAGs
[2022-08-01 13:25:52,206] {logging_mixin.py:109} INFO - [2022-08-01 13:25:52,206] {dag.py:2928} INFO - Setting next_dagrun for example_kubernetes_executor_config to None
[2022-08-01 13:25:52,218] {processor.py:171} INFO - Processing /home/airflow/.local/lib/python3.7/site-packages/airflow/example_dags/example_kubernetes_executor_config.py took 0.070 seconds
[2022-08-01 13:26:22,564] {processor.py:163} INFO - Started process (PID=635) to work on /home/airflow/.local/lib/python3.7/site-packages/airflow/example_dags/example_kubernetes_executor_config.py
[2022-08-01 13:26:22,564] {processor.py:625} INFO - Processing file /home/airflow/.local/lib/python3.7/site-packages/airflow/example_dags/example_kubernetes_executor_config.py for tasks to queue
[2022-08-01 13:26:22,565] {logging_mixin.py:109} INFO - [2022-08-01 13:26:22,565] {dagbag.py:500} INFO - Filling up the DagBag from /home/airflow/.local/lib/python3.7/site-packages/airflow/example_dags/example_kubernetes_executor_config.py
[2022-08-01 13:26:22,589] {processor.py:637} INFO - DAG(s) dict_keys(['example_kubernetes_executor_config']) retrieved from /home/airflow/.local/lib/python3.7/site-packages/airflow/example_dags/example_kubernetes_executor_config.py
[2022-08-01 13:26:22,599] {logging_mixin.py:109} INFO - [2022-08-01 13:26:22,599] {dag.py:2396} INFO - Sync 1 DAGs
[2022-08-01 13:26:22,611] {logging_mixin.py:109} INFO - [2022-08-01 13:26:22,611] {dag.py:2928} INFO - Setting next_dagrun for example_kubernetes_executor_config to None
[2022-08-01 13:26:22,622] {processor.py:171} INFO - Processing /home/airflow/.local/lib/python3.7/site-packages/airflow/example_dags/example_kubernetes_executor_config.py took 0.061 seconds
[2022-08-01 13:26:53,062] {processor.py:163} INFO - Started process (PID=690) to work on /home/airflow/.local/lib/python3.7/site-packages/airflow/example_dags/example_kubernetes_executor_config.py
[2022-08-01 13:26:53,064] {processor.py:625} INFO - Processing file /home/airflow/.local/lib/python3.7/site-packages/airflow/example_dags/example_kubernetes_executor_config.py for tasks to queue
[2022-08-01 13:26:53,065] {logging_mixin.py:109} INFO - [2022-08-01 13:26:53,065] {dagbag.py:500} INFO - Filling up the DagBag from /home/airflow/.local/lib/python3.7/site-packages/airflow/example_dags/example_kubernetes_executor_config.py
[2022-08-01 13:26:53,106] {processor.py:637} INFO - DAG(s) dict_keys(['example_kubernetes_executor_config']) retrieved from /home/airflow/.local/lib/python3.7/site-packages/airflow/example_dags/example_kubernetes_executor_config.py
[2022-08-01 13:26:53,125] {logging_mixin.py:109} INFO - [2022-08-01 13:26:53,125] {dag.py:2396} INFO - Sync 1 DAGs
[2022-08-01 13:26:53,145] {logging_mixin.py:109} INFO - [2022-08-01 13:26:53,145] {dag.py:2928} INFO - Setting next_dagrun for example_kubernetes_executor_config to None
[2022-08-01 13:26:53,163] {processor.py:171} INFO - Processing /home/airflow/.local/lib/python3.7/site-packages/airflow/example_dags/example_kubernetes_executor_config.py took 0.106 seconds
[2022-08-01 13:27:23,600] {processor.py:163} INFO - Started process (PID=742) to work on /home/airflow/.local/lib/python3.7/site-packages/airflow/example_dags/example_kubernetes_executor_config.py
[2022-08-01 13:27:23,601] {processor.py:625} INFO - Processing file /home/airflow/.local/lib/python3.7/site-packages/airflow/example_dags/example_kubernetes_executor_config.py for tasks to queue
[2022-08-01 13:27:23,601] {logging_mixin.py:109} INFO - [2022-08-01 13:27:23,601] {dagbag.py:500} INFO - Filling up the DagBag from /home/airflow/.local/lib/python3.7/site-packages/airflow/example_dags/example_kubernetes_executor_config.py
[2022-08-01 13:27:23,624] {processor.py:637} INFO - DAG(s) dict_keys(['example_kubernetes_executor_config']) retrieved from /home/airflow/.local/lib/python3.7/site-packages/airflow/example_dags/example_kubernetes_executor_config.py
[2022-08-01 13:27:23,636] {logging_mixin.py:109} INFO - [2022-08-01 13:27:23,635] {dag.py:2396} INFO - Sync 1 DAGs
[2022-08-01 13:27:23,648] {logging_mixin.py:109} INFO - [2022-08-01 13:27:23,648] {dag.py:2928} INFO - Setting next_dagrun for example_kubernetes_executor_config to None
[2022-08-01 13:27:23,657] {processor.py:171} INFO - Processing /home/airflow/.local/lib/python3.7/site-packages/airflow/example_dags/example_kubernetes_executor_config.py took 0.060 seconds
[2022-08-01 13:27:54,247] {processor.py:163} INFO - Started process (PID=794) to work on /home/airflow/.local/lib/python3.7/site-packages/airflow/example_dags/example_kubernetes_executor_config.py
[2022-08-01 13:27:54,248] {processor.py:625} INFO - Processing file /home/airflow/.local/lib/python3.7/site-packages/airflow/example_dags/example_kubernetes_executor_config.py for tasks to queue
[2022-08-01 13:27:54,249] {logging_mixin.py:109} INFO - [2022-08-01 13:27:54,249] {dagbag.py:500} INFO - Filling up the DagBag from /home/airflow/.local/lib/python3.7/site-packages/airflow/example_dags/example_kubernetes_executor_config.py
[2022-08-01 13:27:54,273] {processor.py:637} INFO - DAG(s) dict_keys(['example_kubernetes_executor_config']) retrieved from /home/airflow/.local/lib/python3.7/site-packages/airflow/example_dags/example_kubernetes_executor_config.py
[2022-08-01 13:27:54,284] {logging_mixin.py:109} INFO - [2022-08-01 13:27:54,283] {dag.py:2396} INFO - Sync 1 DAGs
[2022-08-01 13:27:54,297] {logging_mixin.py:109} INFO - [2022-08-01 13:27:54,297] {dag.py:2928} INFO - Setting next_dagrun for example_kubernetes_executor_config to None
[2022-08-01 13:27:54,307] {processor.py:171} INFO - Processing /home/airflow/.local/lib/python3.7/site-packages/airflow/example_dags/example_kubernetes_executor_config.py took 0.063 seconds
[2022-08-01 13:28:24,573] {processor.py:163} INFO - Started process (PID=854) to work on /home/airflow/.local/lib/python3.7/site-packages/airflow/example_dags/example_kubernetes_executor_config.py
[2022-08-01 13:28:24,575] {processor.py:625} INFO - Processing file /home/airflow/.local/lib/python3.7/site-packages/airflow/example_dags/example_kubernetes_executor_config.py for tasks to queue
[2022-08-01 13:28:24,575] {logging_mixin.py:109} INFO - [2022-08-01 13:28:24,575] {dagbag.py:500} INFO - Filling up the DagBag from /home/airflow/.local/lib/python3.7/site-packages/airflow/example_dags/example_kubernetes_executor_config.py
[2022-08-01 13:28:24,616] {processor.py:637} INFO - DAG(s) dict_keys(['example_kubernetes_executor_config']) retrieved from /home/airflow/.local/lib/python3.7/site-packages/airflow/example_dags/example_kubernetes_executor_config.py
[2022-08-01 13:28:24,635] {logging_mixin.py:109} INFO - [2022-08-01 13:28:24,635] {dag.py:2396} INFO - Sync 1 DAGs
[2022-08-01 13:28:24,662] {logging_mixin.py:109} INFO - [2022-08-01 13:28:24,662] {dag.py:2928} INFO - Setting next_dagrun for example_kubernetes_executor_config to None
[2022-08-01 13:28:24,679] {processor.py:171} INFO - Processing /home/airflow/.local/lib/python3.7/site-packages/airflow/example_dags/example_kubernetes_executor_config.py took 0.110 seconds
[2022-08-01 13:28:55,551] {processor.py:163} INFO - Started process (PID=906) to work on /home/airflow/.local/lib/python3.7/site-packages/airflow/example_dags/example_kubernetes_executor_config.py
[2022-08-01 13:28:55,553] {processor.py:625} INFO - Processing file /home/airflow/.local/lib/python3.7/site-packages/airflow/example_dags/example_kubernetes_executor_config.py for tasks to queue
[2022-08-01 13:28:55,553] {logging_mixin.py:109} INFO - [2022-08-01 13:28:55,553] {dagbag.py:500} INFO - Filling up the DagBag from /home/airflow/.local/lib/python3.7/site-packages/airflow/example_dags/example_kubernetes_executor_config.py
[2022-08-01 13:28:55,578] {processor.py:637} INFO - DAG(s) dict_keys(['example_kubernetes_executor_config']) retrieved from /home/airflow/.local/lib/python3.7/site-packages/airflow/example_dags/example_kubernetes_executor_config.py
[2022-08-01 13:28:55,589] {logging_mixin.py:109} INFO - [2022-08-01 13:28:55,589] {dag.py:2396} INFO - Sync 1 DAGs
[2022-08-01 13:28:55,603] {logging_mixin.py:109} INFO - [2022-08-01 13:28:55,603] {dag.py:2928} INFO - Setting next_dagrun for example_kubernetes_executor_config to None
[2022-08-01 13:28:55,615] {processor.py:171} INFO - Processing /home/airflow/.local/lib/python3.7/site-packages/airflow/example_dags/example_kubernetes_executor_config.py took 0.065 seconds
[2022-08-01 13:29:25,878] {processor.py:163} INFO - Started process (PID=958) to work on /home/airflow/.local/lib/python3.7/site-packages/airflow/example_dags/example_kubernetes_executor_config.py
[2022-08-01 13:29:25,879] {processor.py:625} INFO - Processing file /home/airflow/.local/lib/python3.7/site-packages/airflow/example_dags/example_kubernetes_executor_config.py for tasks to queue
[2022-08-01 13:29:25,879] {logging_mixin.py:109} INFO - [2022-08-01 13:29:25,879] {dagbag.py:500} INFO - Filling up the DagBag from /home/airflow/.local/lib/python3.7/site-packages/airflow/example_dags/example_kubernetes_executor_config.py
[2022-08-01 13:29:25,899] {processor.py:637} INFO - DAG(s) dict_keys(['example_kubernetes_executor_config']) retrieved from /home/airflow/.local/lib/python3.7/site-packages/airflow/example_dags/example_kubernetes_executor_config.py
[2022-08-01 13:29:25,907] {logging_mixin.py:109} INFO - [2022-08-01 13:29:25,907] {dag.py:2396} INFO - Sync 1 DAGs
[2022-08-01 13:29:25,916] {logging_mixin.py:109} INFO - [2022-08-01 13:29:25,916] {dag.py:2928} INFO - Setting next_dagrun for example_kubernetes_executor_config to None
[2022-08-01 13:29:25,924] {processor.py:171} INFO - Processing /home/airflow/.local/lib/python3.7/site-packages/airflow/example_dags/example_kubernetes_executor_config.py took 0.049 seconds
[2022-08-01 13:29:56,662] {processor.py:163} INFO - Started process (PID=1020) to work on /home/airflow/.local/lib/python3.7/site-packages/airflow/example_dags/example_kubernetes_executor_config.py
[2022-08-01 13:29:56,663] {processor.py:625} INFO - Processing file /home/airflow/.local/lib/python3.7/site-packages/airflow/example_dags/example_kubernetes_executor_config.py for tasks to queue
[2022-08-01 13:29:56,664] {logging_mixin.py:109} INFO - [2022-08-01 13:29:56,664] {dagbag.py:500} INFO - Filling up the DagBag from /home/airflow/.local/lib/python3.7/site-packages/airflow/example_dags/example_kubernetes_executor_config.py
[2022-08-01 13:29:56,686] {processor.py:637} INFO - DAG(s) dict_keys(['example_kubernetes_executor_config']) retrieved from /home/airflow/.local/lib/python3.7/site-packages/airflow/example_dags/example_kubernetes_executor_config.py
[2022-08-01 13:29:56,696] {logging_mixin.py:109} INFO - [2022-08-01 13:29:56,696] {dag.py:2396} INFO - Sync 1 DAGs
[2022-08-01 13:29:56,708] {logging_mixin.py:109} INFO - [2022-08-01 13:29:56,708] {dag.py:2928} INFO - Setting next_dagrun for example_kubernetes_executor_config to None
[2022-08-01 13:29:56,717] {processor.py:171} INFO - Processing /home/airflow/.local/lib/python3.7/site-packages/airflow/example_dags/example_kubernetes_executor_config.py took 0.057 seconds
[2022-08-01 13:30:27,208] {processor.py:163} INFO - Started process (PID=1073) to work on /home/airflow/.local/lib/python3.7/site-packages/airflow/example_dags/example_kubernetes_executor_config.py
[2022-08-01 13:30:27,210] {processor.py:625} INFO - Processing file /home/airflow/.local/lib/python3.7/site-packages/airflow/example_dags/example_kubernetes_executor_config.py for tasks to queue
[2022-08-01 13:30:27,210] {logging_mixin.py:109} INFO - [2022-08-01 13:30:27,210] {dagbag.py:500} INFO - Filling up the DagBag from /home/airflow/.local/lib/python3.7/site-packages/airflow/example_dags/example_kubernetes_executor_config.py
[2022-08-01 13:30:27,245] {processor.py:637} INFO - DAG(s) dict_keys(['example_kubernetes_executor_config']) retrieved from /home/airflow/.local/lib/python3.7/site-packages/airflow/example_dags/example_kubernetes_executor_config.py
[2022-08-01 13:30:27,261] {logging_mixin.py:109} INFO - [2022-08-01 13:30:27,261] {dag.py:2396} INFO - Sync 1 DAGs
[2022-08-01 13:30:27,283] {logging_mixin.py:109} INFO - [2022-08-01 13:30:27,283] {dag.py:2928} INFO - Setting next_dagrun for example_kubernetes_executor_config to None
[2022-08-01 13:30:27,297] {processor.py:171} INFO - Processing /home/airflow/.local/lib/python3.7/site-packages/airflow/example_dags/example_kubernetes_executor_config.py took 0.093 seconds
