[2022-08-01 12:25:34,871] {processor.py:163} INFO - Started process (PID=41) to work on /home/airflow/.local/lib/python3.7/site-packages/airflow/example_dags/example_xcom.py
[2022-08-01 12:25:34,873] {processor.py:625} INFO - Processing file /home/airflow/.local/lib/python3.7/site-packages/airflow/example_dags/example_xcom.py for tasks to queue
[2022-08-01 12:25:34,875] {logging_mixin.py:109} INFO - [2022-08-01 12:25:34,874] {dagbag.py:500} INFO - Filling up the DagBag from /home/airflow/.local/lib/python3.7/site-packages/airflow/example_dags/example_xcom.py
[2022-08-01 12:25:34,930] {processor.py:637} INFO - DAG(s) dict_keys(['example_xcom']) retrieved from /home/airflow/.local/lib/python3.7/site-packages/airflow/example_dags/example_xcom.py
[2022-08-01 12:25:35,448] {logging_mixin.py:109} INFO - [2022-08-01 12:25:35,448] {dag.py:2396} INFO - Sync 1 DAGs
[2022-08-01 12:25:35,478] {logging_mixin.py:109} INFO - [2022-08-01 12:25:35,478] {dag.py:2928} INFO - Setting next_dagrun for example_xcom to 2021-01-01T00:00:00+00:00
[2022-08-01 12:25:35,534] {processor.py:171} INFO - Processing /home/airflow/.local/lib/python3.7/site-packages/airflow/example_dags/example_xcom.py took 0.669 seconds
[2022-08-01 12:26:06,059] {processor.py:163} INFO - Started process (PID=94) to work on /home/airflow/.local/lib/python3.7/site-packages/airflow/example_dags/example_xcom.py
[2022-08-01 12:26:06,061] {processor.py:625} INFO - Processing file /home/airflow/.local/lib/python3.7/site-packages/airflow/example_dags/example_xcom.py for tasks to queue
[2022-08-01 12:26:06,061] {logging_mixin.py:109} INFO - [2022-08-01 12:26:06,061] {dagbag.py:500} INFO - Filling up the DagBag from /home/airflow/.local/lib/python3.7/site-packages/airflow/example_dags/example_xcom.py
[2022-08-01 12:26:06,083] {processor.py:637} INFO - DAG(s) dict_keys(['example_xcom']) retrieved from /home/airflow/.local/lib/python3.7/site-packages/airflow/example_dags/example_xcom.py
[2022-08-01 12:26:06,342] {logging_mixin.py:109} INFO - [2022-08-01 12:26:06,342] {dag.py:2396} INFO - Sync 1 DAGs
[2022-08-01 12:26:06,354] {logging_mixin.py:109} INFO - [2022-08-01 12:26:06,354] {dag.py:2928} INFO - Setting next_dagrun for example_xcom to 2021-01-01T00:00:00+00:00
[2022-08-01 12:26:06,366] {processor.py:171} INFO - Processing /home/airflow/.local/lib/python3.7/site-packages/airflow/example_dags/example_xcom.py took 0.310 seconds
[2022-08-01 12:26:36,767] {processor.py:163} INFO - Started process (PID=146) to work on /home/airflow/.local/lib/python3.7/site-packages/airflow/example_dags/example_xcom.py
[2022-08-01 12:26:36,774] {processor.py:625} INFO - Processing file /home/airflow/.local/lib/python3.7/site-packages/airflow/example_dags/example_xcom.py for tasks to queue
[2022-08-01 12:26:36,774] {logging_mixin.py:109} INFO - [2022-08-01 12:26:36,774] {dagbag.py:500} INFO - Filling up the DagBag from /home/airflow/.local/lib/python3.7/site-packages/airflow/example_dags/example_xcom.py
[2022-08-01 12:26:36,798] {processor.py:637} INFO - DAG(s) dict_keys(['example_xcom']) retrieved from /home/airflow/.local/lib/python3.7/site-packages/airflow/example_dags/example_xcom.py
[2022-08-01 12:26:37,099] {logging_mixin.py:109} INFO - [2022-08-01 12:26:37,099] {dag.py:2396} INFO - Sync 1 DAGs
[2022-08-01 12:26:37,111] {logging_mixin.py:109} INFO - [2022-08-01 12:26:37,111] {dag.py:2928} INFO - Setting next_dagrun for example_xcom to 2021-01-01T00:00:00+00:00
[2022-08-01 12:26:37,122] {processor.py:171} INFO - Processing /home/airflow/.local/lib/python3.7/site-packages/airflow/example_dags/example_xcom.py took 0.357 seconds
[2022-08-01 12:27:07,312] {processor.py:163} INFO - Started process (PID=207) to work on /home/airflow/.local/lib/python3.7/site-packages/airflow/example_dags/example_xcom.py
[2022-08-01 12:27:07,314] {processor.py:625} INFO - Processing file /home/airflow/.local/lib/python3.7/site-packages/airflow/example_dags/example_xcom.py for tasks to queue
[2022-08-01 12:27:07,314] {logging_mixin.py:109} INFO - [2022-08-01 12:27:07,314] {dagbag.py:500} INFO - Filling up the DagBag from /home/airflow/.local/lib/python3.7/site-packages/airflow/example_dags/example_xcom.py
[2022-08-01 12:27:07,345] {processor.py:637} INFO - DAG(s) dict_keys(['example_xcom']) retrieved from /home/airflow/.local/lib/python3.7/site-packages/airflow/example_dags/example_xcom.py
[2022-08-01 12:27:07,671] {logging_mixin.py:109} INFO - [2022-08-01 12:27:07,670] {dag.py:2396} INFO - Sync 1 DAGs
[2022-08-01 12:27:07,690] {logging_mixin.py:109} INFO - [2022-08-01 12:27:07,689] {dag.py:2928} INFO - Setting next_dagrun for example_xcom to 2021-01-01T00:00:00+00:00
[2022-08-01 12:27:07,707] {processor.py:171} INFO - Processing /home/airflow/.local/lib/python3.7/site-packages/airflow/example_dags/example_xcom.py took 0.398 seconds
[2022-08-01 12:27:38,373] {processor.py:163} INFO - Started process (PID=259) to work on /home/airflow/.local/lib/python3.7/site-packages/airflow/example_dags/example_xcom.py
[2022-08-01 12:27:38,380] {processor.py:625} INFO - Processing file /home/airflow/.local/lib/python3.7/site-packages/airflow/example_dags/example_xcom.py for tasks to queue
[2022-08-01 12:27:38,380] {logging_mixin.py:109} INFO - [2022-08-01 12:27:38,380] {dagbag.py:500} INFO - Filling up the DagBag from /home/airflow/.local/lib/python3.7/site-packages/airflow/example_dags/example_xcom.py
[2022-08-01 12:27:38,400] {processor.py:637} INFO - DAG(s) dict_keys(['example_xcom']) retrieved from /home/airflow/.local/lib/python3.7/site-packages/airflow/example_dags/example_xcom.py
[2022-08-01 12:27:38,605] {logging_mixin.py:109} INFO - [2022-08-01 12:27:38,605] {dag.py:2396} INFO - Sync 1 DAGs
[2022-08-01 12:27:38,614] {logging_mixin.py:109} INFO - [2022-08-01 12:27:38,614] {dag.py:2928} INFO - Setting next_dagrun for example_xcom to 2021-01-01T00:00:00+00:00
[2022-08-01 12:27:38,631] {processor.py:171} INFO - Processing /home/airflow/.local/lib/python3.7/site-packages/airflow/example_dags/example_xcom.py took 0.260 seconds
[2022-08-01 12:28:09,602] {processor.py:163} INFO - Started process (PID=311) to work on /home/airflow/.local/lib/python3.7/site-packages/airflow/example_dags/example_xcom.py
[2022-08-01 12:28:09,603] {processor.py:625} INFO - Processing file /home/airflow/.local/lib/python3.7/site-packages/airflow/example_dags/example_xcom.py for tasks to queue
[2022-08-01 12:28:09,603] {logging_mixin.py:109} INFO - [2022-08-01 12:28:09,603] {dagbag.py:500} INFO - Filling up the DagBag from /home/airflow/.local/lib/python3.7/site-packages/airflow/example_dags/example_xcom.py
[2022-08-01 12:28:09,624] {processor.py:637} INFO - DAG(s) dict_keys(['example_xcom']) retrieved from /home/airflow/.local/lib/python3.7/site-packages/airflow/example_dags/example_xcom.py
[2022-08-01 12:28:09,812] {logging_mixin.py:109} INFO - [2022-08-01 12:28:09,812] {dag.py:2396} INFO - Sync 1 DAGs
[2022-08-01 12:28:09,821] {logging_mixin.py:109} INFO - [2022-08-01 12:28:09,821] {dag.py:2928} INFO - Setting next_dagrun for example_xcom to 2021-01-01T00:00:00+00:00
[2022-08-01 12:28:09,829] {processor.py:171} INFO - Processing /home/airflow/.local/lib/python3.7/site-packages/airflow/example_dags/example_xcom.py took 0.230 seconds
[2022-08-01 12:28:40,274] {processor.py:163} INFO - Started process (PID=372) to work on /home/airflow/.local/lib/python3.7/site-packages/airflow/example_dags/example_xcom.py
[2022-08-01 12:28:40,281] {processor.py:625} INFO - Processing file /home/airflow/.local/lib/python3.7/site-packages/airflow/example_dags/example_xcom.py for tasks to queue
[2022-08-01 12:28:40,281] {logging_mixin.py:109} INFO - [2022-08-01 12:28:40,281] {dagbag.py:500} INFO - Filling up the DagBag from /home/airflow/.local/lib/python3.7/site-packages/airflow/example_dags/example_xcom.py
[2022-08-01 12:28:40,300] {processor.py:637} INFO - DAG(s) dict_keys(['example_xcom']) retrieved from /home/airflow/.local/lib/python3.7/site-packages/airflow/example_dags/example_xcom.py
[2022-08-01 12:28:40,510] {logging_mixin.py:109} INFO - [2022-08-01 12:28:40,510] {dag.py:2396} INFO - Sync 1 DAGs
[2022-08-01 12:28:40,520] {logging_mixin.py:109} INFO - [2022-08-01 12:28:40,520] {dag.py:2928} INFO - Setting next_dagrun for example_xcom to 2021-01-01T00:00:00+00:00
[2022-08-01 12:28:40,529] {processor.py:171} INFO - Processing /home/airflow/.local/lib/python3.7/site-packages/airflow/example_dags/example_xcom.py took 0.257 seconds
[2022-08-01 12:29:11,359] {processor.py:163} INFO - Started process (PID=433) to work on /home/airflow/.local/lib/python3.7/site-packages/airflow/example_dags/example_xcom.py
[2022-08-01 12:29:11,360] {processor.py:625} INFO - Processing file /home/airflow/.local/lib/python3.7/site-packages/airflow/example_dags/example_xcom.py for tasks to queue
[2022-08-01 12:29:11,360] {logging_mixin.py:109} INFO - [2022-08-01 12:29:11,360] {dagbag.py:500} INFO - Filling up the DagBag from /home/airflow/.local/lib/python3.7/site-packages/airflow/example_dags/example_xcom.py
[2022-08-01 12:29:11,390] {processor.py:637} INFO - DAG(s) dict_keys(['example_xcom']) retrieved from /home/airflow/.local/lib/python3.7/site-packages/airflow/example_dags/example_xcom.py
[2022-08-01 12:29:11,678] {logging_mixin.py:109} INFO - [2022-08-01 12:29:11,678] {dag.py:2396} INFO - Sync 1 DAGs
[2022-08-01 12:29:11,691] {logging_mixin.py:109} INFO - [2022-08-01 12:29:11,691] {dag.py:2928} INFO - Setting next_dagrun for example_xcom to 2021-01-01T00:00:00+00:00
[2022-08-01 12:29:11,707] {processor.py:171} INFO - Processing /home/airflow/.local/lib/python3.7/site-packages/airflow/example_dags/example_xcom.py took 0.352 seconds
[2022-08-01 12:29:42,102] {processor.py:163} INFO - Started process (PID=485) to work on /home/airflow/.local/lib/python3.7/site-packages/airflow/example_dags/example_xcom.py
[2022-08-01 12:29:42,107] {processor.py:625} INFO - Processing file /home/airflow/.local/lib/python3.7/site-packages/airflow/example_dags/example_xcom.py for tasks to queue
[2022-08-01 12:29:42,107] {logging_mixin.py:109} INFO - [2022-08-01 12:29:42,107] {dagbag.py:500} INFO - Filling up the DagBag from /home/airflow/.local/lib/python3.7/site-packages/airflow/example_dags/example_xcom.py
[2022-08-01 12:29:42,134] {processor.py:637} INFO - DAG(s) dict_keys(['example_xcom']) retrieved from /home/airflow/.local/lib/python3.7/site-packages/airflow/example_dags/example_xcom.py
[2022-08-01 12:29:42,362] {logging_mixin.py:109} INFO - [2022-08-01 12:29:42,362] {dag.py:2396} INFO - Sync 1 DAGs
[2022-08-01 12:29:42,376] {logging_mixin.py:109} INFO - [2022-08-01 12:29:42,376] {dag.py:2928} INFO - Setting next_dagrun for example_xcom to 2021-01-01T00:00:00+00:00
[2022-08-01 12:29:42,391] {processor.py:171} INFO - Processing /home/airflow/.local/lib/python3.7/site-packages/airflow/example_dags/example_xcom.py took 0.292 seconds
[2022-08-01 12:30:12,436] {processor.py:163} INFO - Started process (PID=548) to work on /home/airflow/.local/lib/python3.7/site-packages/airflow/example_dags/example_xcom.py
[2022-08-01 12:30:12,437] {processor.py:625} INFO - Processing file /home/airflow/.local/lib/python3.7/site-packages/airflow/example_dags/example_xcom.py for tasks to queue
[2022-08-01 12:30:12,438] {logging_mixin.py:109} INFO - [2022-08-01 12:30:12,437] {dagbag.py:500} INFO - Filling up the DagBag from /home/airflow/.local/lib/python3.7/site-packages/airflow/example_dags/example_xcom.py
[2022-08-01 12:30:12,467] {processor.py:637} INFO - DAG(s) dict_keys(['example_xcom']) retrieved from /home/airflow/.local/lib/python3.7/site-packages/airflow/example_dags/example_xcom.py
[2022-08-01 12:30:12,722] {logging_mixin.py:109} INFO - [2022-08-01 12:30:12,722] {dag.py:2396} INFO - Sync 1 DAGs
[2022-08-01 12:30:12,735] {logging_mixin.py:109} INFO - [2022-08-01 12:30:12,735] {dag.py:2928} INFO - Setting next_dagrun for example_xcom to 2021-01-01T00:00:00+00:00
[2022-08-01 12:30:12,746] {processor.py:171} INFO - Processing /home/airflow/.local/lib/python3.7/site-packages/airflow/example_dags/example_xcom.py took 0.313 seconds
[2022-08-01 12:30:43,511] {processor.py:163} INFO - Started process (PID=600) to work on /home/airflow/.local/lib/python3.7/site-packages/airflow/example_dags/example_xcom.py
[2022-08-01 12:30:43,513] {processor.py:625} INFO - Processing file /home/airflow/.local/lib/python3.7/site-packages/airflow/example_dags/example_xcom.py for tasks to queue
[2022-08-01 12:30:43,514] {logging_mixin.py:109} INFO - [2022-08-01 12:30:43,514] {dagbag.py:500} INFO - Filling up the DagBag from /home/airflow/.local/lib/python3.7/site-packages/airflow/example_dags/example_xcom.py
[2022-08-01 12:30:43,548] {processor.py:637} INFO - DAG(s) dict_keys(['example_xcom']) retrieved from /home/airflow/.local/lib/python3.7/site-packages/airflow/example_dags/example_xcom.py
[2022-08-01 12:30:44,000] {logging_mixin.py:109} INFO - [2022-08-01 12:30:44,000] {dag.py:2396} INFO - Sync 1 DAGs
[2022-08-01 12:30:44,025] {logging_mixin.py:109} INFO - [2022-08-01 12:30:44,025] {dag.py:2928} INFO - Setting next_dagrun for example_xcom to 2021-01-01T00:00:00+00:00
[2022-08-01 12:30:44,049] {processor.py:171} INFO - Processing /home/airflow/.local/lib/python3.7/site-packages/airflow/example_dags/example_xcom.py took 0.543 seconds
[2022-08-01 12:31:14,609] {processor.py:163} INFO - Started process (PID=652) to work on /home/airflow/.local/lib/python3.7/site-packages/airflow/example_dags/example_xcom.py
[2022-08-01 12:31:14,610] {processor.py:625} INFO - Processing file /home/airflow/.local/lib/python3.7/site-packages/airflow/example_dags/example_xcom.py for tasks to queue
[2022-08-01 12:31:14,611] {logging_mixin.py:109} INFO - [2022-08-01 12:31:14,611] {dagbag.py:500} INFO - Filling up the DagBag from /home/airflow/.local/lib/python3.7/site-packages/airflow/example_dags/example_xcom.py
[2022-08-01 12:31:14,642] {processor.py:637} INFO - DAG(s) dict_keys(['example_xcom']) retrieved from /home/airflow/.local/lib/python3.7/site-packages/airflow/example_dags/example_xcom.py
[2022-08-01 12:31:14,650] {logging_mixin.py:109} INFO - [2022-08-01 12:31:14,650] {dag.py:2396} INFO - Sync 1 DAGs
[2022-08-01 12:31:14,661] {logging_mixin.py:109} INFO - [2022-08-01 12:31:14,661] {dag.py:2928} INFO - Setting next_dagrun for example_xcom to 2021-01-01T00:00:00+00:00
[2022-08-01 12:31:14,669] {processor.py:171} INFO - Processing /home/airflow/.local/lib/python3.7/site-packages/airflow/example_dags/example_xcom.py took 0.063 seconds
[2022-08-01 12:31:44,815] {processor.py:163} INFO - Started process (PID=712) to work on /home/airflow/.local/lib/python3.7/site-packages/airflow/example_dags/example_xcom.py
[2022-08-01 12:31:44,822] {processor.py:625} INFO - Processing file /home/airflow/.local/lib/python3.7/site-packages/airflow/example_dags/example_xcom.py for tasks to queue
[2022-08-01 12:31:44,823] {logging_mixin.py:109} INFO - [2022-08-01 12:31:44,823] {dagbag.py:500} INFO - Filling up the DagBag from /home/airflow/.local/lib/python3.7/site-packages/airflow/example_dags/example_xcom.py
[2022-08-01 12:31:44,905] {processor.py:637} INFO - DAG(s) dict_keys(['example_xcom']) retrieved from /home/airflow/.local/lib/python3.7/site-packages/airflow/example_dags/example_xcom.py
[2022-08-01 12:31:45,383] {logging_mixin.py:109} INFO - [2022-08-01 12:31:45,383] {dag.py:2396} INFO - Sync 1 DAGs
[2022-08-01 12:31:45,408] {logging_mixin.py:109} INFO - [2022-08-01 12:31:45,408] {dag.py:2928} INFO - Setting next_dagrun for example_xcom to 2021-01-01T00:00:00+00:00
[2022-08-01 12:31:45,433] {processor.py:171} INFO - Processing /home/airflow/.local/lib/python3.7/site-packages/airflow/example_dags/example_xcom.py took 0.625 seconds
[2022-08-01 12:32:15,993] {processor.py:163} INFO - Started process (PID=765) to work on /home/airflow/.local/lib/python3.7/site-packages/airflow/example_dags/example_xcom.py
[2022-08-01 12:32:15,995] {processor.py:625} INFO - Processing file /home/airflow/.local/lib/python3.7/site-packages/airflow/example_dags/example_xcom.py for tasks to queue
[2022-08-01 12:32:15,996] {logging_mixin.py:109} INFO - [2022-08-01 12:32:15,996] {dagbag.py:500} INFO - Filling up the DagBag from /home/airflow/.local/lib/python3.7/site-packages/airflow/example_dags/example_xcom.py
[2022-08-01 12:32:16,021] {processor.py:637} INFO - DAG(s) dict_keys(['example_xcom']) retrieved from /home/airflow/.local/lib/python3.7/site-packages/airflow/example_dags/example_xcom.py
[2022-08-01 12:32:16,244] {logging_mixin.py:109} INFO - [2022-08-01 12:32:16,244] {dag.py:2396} INFO - Sync 1 DAGs
[2022-08-01 12:32:16,257] {logging_mixin.py:109} INFO - [2022-08-01 12:32:16,257] {dag.py:2928} INFO - Setting next_dagrun for example_xcom to 2021-01-01T00:00:00+00:00
[2022-08-01 12:32:16,268] {processor.py:171} INFO - Processing /home/airflow/.local/lib/python3.7/site-packages/airflow/example_dags/example_xcom.py took 0.277 seconds
[2022-08-01 12:32:47,232] {processor.py:163} INFO - Started process (PID=827) to work on /home/airflow/.local/lib/python3.7/site-packages/airflow/example_dags/example_xcom.py
[2022-08-01 12:32:47,234] {processor.py:625} INFO - Processing file /home/airflow/.local/lib/python3.7/site-packages/airflow/example_dags/example_xcom.py for tasks to queue
[2022-08-01 12:32:47,235] {logging_mixin.py:109} INFO - [2022-08-01 12:32:47,235] {dagbag.py:500} INFO - Filling up the DagBag from /home/airflow/.local/lib/python3.7/site-packages/airflow/example_dags/example_xcom.py
[2022-08-01 12:32:47,281] {processor.py:637} INFO - DAG(s) dict_keys(['example_xcom']) retrieved from /home/airflow/.local/lib/python3.7/site-packages/airflow/example_dags/example_xcom.py
[2022-08-01 12:32:47,797] {logging_mixin.py:109} INFO - [2022-08-01 12:32:47,797] {dag.py:2396} INFO - Sync 1 DAGs
[2022-08-01 12:32:47,831] {logging_mixin.py:109} INFO - [2022-08-01 12:32:47,831] {dag.py:2928} INFO - Setting next_dagrun for example_xcom to 2021-01-01T00:00:00+00:00
[2022-08-01 12:32:47,859] {processor.py:171} INFO - Processing /home/airflow/.local/lib/python3.7/site-packages/airflow/example_dags/example_xcom.py took 0.630 seconds
[2022-08-01 12:33:18,306] {processor.py:163} INFO - Started process (PID=878) to work on /home/airflow/.local/lib/python3.7/site-packages/airflow/example_dags/example_xcom.py
[2022-08-01 12:33:18,307] {processor.py:625} INFO - Processing file /home/airflow/.local/lib/python3.7/site-packages/airflow/example_dags/example_xcom.py for tasks to queue
[2022-08-01 12:33:18,307] {logging_mixin.py:109} INFO - [2022-08-01 12:33:18,307] {dagbag.py:500} INFO - Filling up the DagBag from /home/airflow/.local/lib/python3.7/site-packages/airflow/example_dags/example_xcom.py
[2022-08-01 12:33:18,328] {processor.py:637} INFO - DAG(s) dict_keys(['example_xcom']) retrieved from /home/airflow/.local/lib/python3.7/site-packages/airflow/example_dags/example_xcom.py
[2022-08-01 12:33:18,500] {logging_mixin.py:109} INFO - [2022-08-01 12:33:18,500] {dag.py:2396} INFO - Sync 1 DAGs
[2022-08-01 12:33:18,510] {logging_mixin.py:109} INFO - [2022-08-01 12:33:18,510] {dag.py:2928} INFO - Setting next_dagrun for example_xcom to 2021-01-01T00:00:00+00:00
[2022-08-01 12:33:18,524] {processor.py:171} INFO - Processing /home/airflow/.local/lib/python3.7/site-packages/airflow/example_dags/example_xcom.py took 0.220 seconds
[2022-08-01 12:33:48,624] {processor.py:163} INFO - Started process (PID=937) to work on /home/airflow/.local/lib/python3.7/site-packages/airflow/example_dags/example_xcom.py
[2022-08-01 12:33:48,626] {processor.py:625} INFO - Processing file /home/airflow/.local/lib/python3.7/site-packages/airflow/example_dags/example_xcom.py for tasks to queue
[2022-08-01 12:33:48,627] {logging_mixin.py:109} INFO - [2022-08-01 12:33:48,627] {dagbag.py:500} INFO - Filling up the DagBag from /home/airflow/.local/lib/python3.7/site-packages/airflow/example_dags/example_xcom.py
[2022-08-01 12:33:48,674] {processor.py:637} INFO - DAG(s) dict_keys(['example_xcom']) retrieved from /home/airflow/.local/lib/python3.7/site-packages/airflow/example_dags/example_xcom.py
[2022-08-01 12:33:49,184] {logging_mixin.py:109} INFO - [2022-08-01 12:33:49,184] {dag.py:2396} INFO - Sync 1 DAGs
[2022-08-01 12:33:49,209] {logging_mixin.py:109} INFO - [2022-08-01 12:33:49,209] {dag.py:2928} INFO - Setting next_dagrun for example_xcom to 2021-01-01T00:00:00+00:00
[2022-08-01 12:33:49,228] {processor.py:171} INFO - Processing /home/airflow/.local/lib/python3.7/site-packages/airflow/example_dags/example_xcom.py took 0.608 seconds
[2022-08-01 12:34:19,927] {processor.py:163} INFO - Started process (PID=991) to work on /home/airflow/.local/lib/python3.7/site-packages/airflow/example_dags/example_xcom.py
[2022-08-01 12:34:19,928] {processor.py:625} INFO - Processing file /home/airflow/.local/lib/python3.7/site-packages/airflow/example_dags/example_xcom.py for tasks to queue
[2022-08-01 12:34:19,928] {logging_mixin.py:109} INFO - [2022-08-01 12:34:19,928] {dagbag.py:500} INFO - Filling up the DagBag from /home/airflow/.local/lib/python3.7/site-packages/airflow/example_dags/example_xcom.py
[2022-08-01 12:34:19,954] {processor.py:637} INFO - DAG(s) dict_keys(['example_xcom']) retrieved from /home/airflow/.local/lib/python3.7/site-packages/airflow/example_dags/example_xcom.py
[2022-08-01 12:34:20,218] {logging_mixin.py:109} INFO - [2022-08-01 12:34:20,218] {dag.py:2396} INFO - Sync 1 DAGs
[2022-08-01 12:34:20,232] {logging_mixin.py:109} INFO - [2022-08-01 12:34:20,232] {dag.py:2928} INFO - Setting next_dagrun for example_xcom to 2021-01-01T00:00:00+00:00
[2022-08-01 12:34:20,245] {processor.py:171} INFO - Processing /home/airflow/.local/lib/python3.7/site-packages/airflow/example_dags/example_xcom.py took 0.321 seconds
[2022-08-01 12:34:50,317] {processor.py:163} INFO - Started process (PID=1043) to work on /home/airflow/.local/lib/python3.7/site-packages/airflow/example_dags/example_xcom.py
[2022-08-01 12:34:50,320] {processor.py:625} INFO - Processing file /home/airflow/.local/lib/python3.7/site-packages/airflow/example_dags/example_xcom.py for tasks to queue
[2022-08-01 12:34:50,321] {logging_mixin.py:109} INFO - [2022-08-01 12:34:50,320] {dagbag.py:500} INFO - Filling up the DagBag from /home/airflow/.local/lib/python3.7/site-packages/airflow/example_dags/example_xcom.py
[2022-08-01 12:34:50,372] {processor.py:637} INFO - DAG(s) dict_keys(['example_xcom']) retrieved from /home/airflow/.local/lib/python3.7/site-packages/airflow/example_dags/example_xcom.py
[2022-08-01 12:34:50,951] {logging_mixin.py:109} INFO - [2022-08-01 12:34:50,950] {dag.py:2396} INFO - Sync 1 DAGs
[2022-08-01 12:34:50,983] {logging_mixin.py:109} INFO - [2022-08-01 12:34:50,982] {dag.py:2928} INFO - Setting next_dagrun for example_xcom to 2021-01-01T00:00:00+00:00
[2022-08-01 12:34:51,010] {processor.py:171} INFO - Processing /home/airflow/.local/lib/python3.7/site-packages/airflow/example_dags/example_xcom.py took 0.703 seconds
[2022-08-01 12:35:21,373] {processor.py:163} INFO - Started process (PID=1104) to work on /home/airflow/.local/lib/python3.7/site-packages/airflow/example_dags/example_xcom.py
[2022-08-01 12:35:21,374] {processor.py:625} INFO - Processing file /home/airflow/.local/lib/python3.7/site-packages/airflow/example_dags/example_xcom.py for tasks to queue
[2022-08-01 12:35:21,375] {logging_mixin.py:109} INFO - [2022-08-01 12:35:21,375] {dagbag.py:500} INFO - Filling up the DagBag from /home/airflow/.local/lib/python3.7/site-packages/airflow/example_dags/example_xcom.py
[2022-08-01 12:35:21,406] {processor.py:637} INFO - DAG(s) dict_keys(['example_xcom']) retrieved from /home/airflow/.local/lib/python3.7/site-packages/airflow/example_dags/example_xcom.py
[2022-08-01 12:35:21,770] {logging_mixin.py:109} INFO - [2022-08-01 12:35:21,770] {dag.py:2396} INFO - Sync 1 DAGs
[2022-08-01 12:35:21,786] {logging_mixin.py:109} INFO - [2022-08-01 12:35:21,786] {dag.py:2928} INFO - Setting next_dagrun for example_xcom to 2021-01-01T00:00:00+00:00
[2022-08-01 12:35:21,800] {processor.py:171} INFO - Processing /home/airflow/.local/lib/python3.7/site-packages/airflow/example_dags/example_xcom.py took 0.431 seconds
[2022-08-01 12:35:51,866] {processor.py:163} INFO - Started process (PID=1156) to work on /home/airflow/.local/lib/python3.7/site-packages/airflow/example_dags/example_xcom.py
[2022-08-01 12:35:51,869] {processor.py:625} INFO - Processing file /home/airflow/.local/lib/python3.7/site-packages/airflow/example_dags/example_xcom.py for tasks to queue
[2022-08-01 12:35:51,869] {logging_mixin.py:109} INFO - [2022-08-01 12:35:51,869] {dagbag.py:500} INFO - Filling up the DagBag from /home/airflow/.local/lib/python3.7/site-packages/airflow/example_dags/example_xcom.py
[2022-08-01 12:35:51,891] {processor.py:637} INFO - DAG(s) dict_keys(['example_xcom']) retrieved from /home/airflow/.local/lib/python3.7/site-packages/airflow/example_dags/example_xcom.py
[2022-08-01 12:35:52,081] {logging_mixin.py:109} INFO - [2022-08-01 12:35:52,081] {dag.py:2396} INFO - Sync 1 DAGs
[2022-08-01 12:35:52,091] {logging_mixin.py:109} INFO - [2022-08-01 12:35:52,091] {dag.py:2928} INFO - Setting next_dagrun for example_xcom to 2021-01-01T00:00:00+00:00
[2022-08-01 12:35:52,100] {processor.py:171} INFO - Processing /home/airflow/.local/lib/python3.7/site-packages/airflow/example_dags/example_xcom.py took 0.236 seconds
[2022-08-01 12:40:09,161] {processor.py:163} INFO - Started process (PID=41) to work on /home/airflow/.local/lib/python3.7/site-packages/airflow/example_dags/example_xcom.py
[2022-08-01 12:40:09,164] {processor.py:625} INFO - Processing file /home/airflow/.local/lib/python3.7/site-packages/airflow/example_dags/example_xcom.py for tasks to queue
[2022-08-01 12:40:09,166] {logging_mixin.py:109} INFO - [2022-08-01 12:40:09,165] {dagbag.py:500} INFO - Filling up the DagBag from /home/airflow/.local/lib/python3.7/site-packages/airflow/example_dags/example_xcom.py
[2022-08-01 12:40:09,238] {processor.py:637} INFO - DAG(s) dict_keys(['example_xcom']) retrieved from /home/airflow/.local/lib/python3.7/site-packages/airflow/example_dags/example_xcom.py
[2022-08-01 12:40:09,959] {logging_mixin.py:109} INFO - [2022-08-01 12:40:09,959] {dag.py:2396} INFO - Sync 1 DAGs
[2022-08-01 12:40:09,993] {logging_mixin.py:109} INFO - [2022-08-01 12:40:09,993] {dag.py:2928} INFO - Setting next_dagrun for example_xcom to 2021-01-01T00:00:00+00:00
[2022-08-01 12:40:10,022] {processor.py:171} INFO - Processing /home/airflow/.local/lib/python3.7/site-packages/airflow/example_dags/example_xcom.py took 0.869 seconds
[2022-08-01 12:40:40,452] {processor.py:163} INFO - Started process (PID=92) to work on /home/airflow/.local/lib/python3.7/site-packages/airflow/example_dags/example_xcom.py
[2022-08-01 12:40:40,458] {processor.py:625} INFO - Processing file /home/airflow/.local/lib/python3.7/site-packages/airflow/example_dags/example_xcom.py for tasks to queue
[2022-08-01 12:40:40,459] {logging_mixin.py:109} INFO - [2022-08-01 12:40:40,459] {dagbag.py:500} INFO - Filling up the DagBag from /home/airflow/.local/lib/python3.7/site-packages/airflow/example_dags/example_xcom.py
[2022-08-01 12:40:40,478] {processor.py:637} INFO - DAG(s) dict_keys(['example_xcom']) retrieved from /home/airflow/.local/lib/python3.7/site-packages/airflow/example_dags/example_xcom.py
[2022-08-01 12:40:40,665] {logging_mixin.py:109} INFO - [2022-08-01 12:40:40,665] {dag.py:2396} INFO - Sync 1 DAGs
[2022-08-01 12:40:40,674] {logging_mixin.py:109} INFO - [2022-08-01 12:40:40,674] {dag.py:2928} INFO - Setting next_dagrun for example_xcom to 2021-01-01T00:00:00+00:00
[2022-08-01 12:40:40,687] {processor.py:171} INFO - Processing /home/airflow/.local/lib/python3.7/site-packages/airflow/example_dags/example_xcom.py took 0.238 seconds
[2022-08-01 13:20:38,256] {processor.py:163} INFO - Started process (PID=41) to work on /home/airflow/.local/lib/python3.7/site-packages/airflow/example_dags/example_xcom.py
[2022-08-01 13:20:38,258] {processor.py:625} INFO - Processing file /home/airflow/.local/lib/python3.7/site-packages/airflow/example_dags/example_xcom.py for tasks to queue
[2022-08-01 13:20:38,259] {logging_mixin.py:109} INFO - [2022-08-01 13:20:38,259] {dagbag.py:500} INFO - Filling up the DagBag from /home/airflow/.local/lib/python3.7/site-packages/airflow/example_dags/example_xcom.py
[2022-08-01 13:20:38,323] {processor.py:637} INFO - DAG(s) dict_keys(['example_xcom']) retrieved from /home/airflow/.local/lib/python3.7/site-packages/airflow/example_dags/example_xcom.py
[2022-08-01 13:20:38,903] {logging_mixin.py:109} INFO - [2022-08-01 13:20:38,903] {dag.py:2396} INFO - Sync 1 DAGs
[2022-08-01 13:20:38,928] {logging_mixin.py:109} INFO - [2022-08-01 13:20:38,928] {dag.py:2928} INFO - Setting next_dagrun for example_xcom to 2021-01-01T00:00:00+00:00
[2022-08-01 13:20:38,950] {processor.py:171} INFO - Processing /home/airflow/.local/lib/python3.7/site-packages/airflow/example_dags/example_xcom.py took 0.700 seconds
[2022-08-01 13:21:09,796] {processor.py:163} INFO - Started process (PID=93) to work on /home/airflow/.local/lib/python3.7/site-packages/airflow/example_dags/example_xcom.py
[2022-08-01 13:21:09,801] {processor.py:625} INFO - Processing file /home/airflow/.local/lib/python3.7/site-packages/airflow/example_dags/example_xcom.py for tasks to queue
[2022-08-01 13:21:09,802] {logging_mixin.py:109} INFO - [2022-08-01 13:21:09,802] {dagbag.py:500} INFO - Filling up the DagBag from /home/airflow/.local/lib/python3.7/site-packages/airflow/example_dags/example_xcom.py
[2022-08-01 13:21:09,957] {processor.py:637} INFO - DAG(s) dict_keys(['example_xcom']) retrieved from /home/airflow/.local/lib/python3.7/site-packages/airflow/example_dags/example_xcom.py
[2022-08-01 13:21:11,886] {logging_mixin.py:109} INFO - [2022-08-01 13:21:11,886] {dag.py:2396} INFO - Sync 1 DAGs
[2022-08-01 13:21:11,950] {logging_mixin.py:109} INFO - [2022-08-01 13:21:11,950] {dag.py:2928} INFO - Setting next_dagrun for example_xcom to 2021-01-01T00:00:00+00:00
[2022-08-01 13:21:12,013] {processor.py:171} INFO - Processing /home/airflow/.local/lib/python3.7/site-packages/airflow/example_dags/example_xcom.py took 2.245 seconds
[2022-08-01 13:21:42,174] {processor.py:163} INFO - Started process (PID=136) to work on /home/airflow/.local/lib/python3.7/site-packages/airflow/example_dags/example_xcom.py
[2022-08-01 13:21:42,175] {processor.py:625} INFO - Processing file /home/airflow/.local/lib/python3.7/site-packages/airflow/example_dags/example_xcom.py for tasks to queue
[2022-08-01 13:21:42,175] {logging_mixin.py:109} INFO - [2022-08-01 13:21:42,175] {dagbag.py:500} INFO - Filling up the DagBag from /home/airflow/.local/lib/python3.7/site-packages/airflow/example_dags/example_xcom.py
[2022-08-01 13:21:42,196] {processor.py:637} INFO - DAG(s) dict_keys(['example_xcom']) retrieved from /home/airflow/.local/lib/python3.7/site-packages/airflow/example_dags/example_xcom.py
[2022-08-01 13:21:42,361] {logging_mixin.py:109} INFO - [2022-08-01 13:21:42,361] {dag.py:2396} INFO - Sync 1 DAGs
[2022-08-01 13:21:42,369] {logging_mixin.py:109} INFO - [2022-08-01 13:21:42,369] {dag.py:2928} INFO - Setting next_dagrun for example_xcom to 2021-01-01T00:00:00+00:00
[2022-08-01 13:21:42,381] {processor.py:171} INFO - Processing /home/airflow/.local/lib/python3.7/site-packages/airflow/example_dags/example_xcom.py took 0.209 seconds
[2022-08-01 13:22:12,450] {processor.py:163} INFO - Started process (PID=197) to work on /home/airflow/.local/lib/python3.7/site-packages/airflow/example_dags/example_xcom.py
[2022-08-01 13:22:12,455] {processor.py:625} INFO - Processing file /home/airflow/.local/lib/python3.7/site-packages/airflow/example_dags/example_xcom.py for tasks to queue
[2022-08-01 13:22:12,455] {logging_mixin.py:109} INFO - [2022-08-01 13:22:12,455] {dagbag.py:500} INFO - Filling up the DagBag from /home/airflow/.local/lib/python3.7/site-packages/airflow/example_dags/example_xcom.py
[2022-08-01 13:22:12,484] {processor.py:637} INFO - DAG(s) dict_keys(['example_xcom']) retrieved from /home/airflow/.local/lib/python3.7/site-packages/airflow/example_dags/example_xcom.py
[2022-08-01 13:22:12,769] {logging_mixin.py:109} INFO - [2022-08-01 13:22:12,768] {dag.py:2396} INFO - Sync 1 DAGs
[2022-08-01 13:22:12,784] {logging_mixin.py:109} INFO - [2022-08-01 13:22:12,784] {dag.py:2928} INFO - Setting next_dagrun for example_xcom to 2021-01-01T00:00:00+00:00
[2022-08-01 13:22:12,799] {processor.py:171} INFO - Processing /home/airflow/.local/lib/python3.7/site-packages/airflow/example_dags/example_xcom.py took 0.352 seconds
[2022-08-01 13:22:42,838] {processor.py:163} INFO - Started process (PID=252) to work on /home/airflow/.local/lib/python3.7/site-packages/airflow/example_dags/example_xcom.py
[2022-08-01 13:22:42,839] {processor.py:625} INFO - Processing file /home/airflow/.local/lib/python3.7/site-packages/airflow/example_dags/example_xcom.py for tasks to queue
[2022-08-01 13:22:42,840] {logging_mixin.py:109} INFO - [2022-08-01 13:22:42,840] {dagbag.py:500} INFO - Filling up the DagBag from /home/airflow/.local/lib/python3.7/site-packages/airflow/example_dags/example_xcom.py
[2022-08-01 13:22:42,859] {processor.py:637} INFO - DAG(s) dict_keys(['example_xcom']) retrieved from /home/airflow/.local/lib/python3.7/site-packages/airflow/example_dags/example_xcom.py
[2022-08-01 13:22:43,015] {logging_mixin.py:109} INFO - [2022-08-01 13:22:43,015] {dag.py:2396} INFO - Sync 1 DAGs
[2022-08-01 13:22:43,023] {logging_mixin.py:109} INFO - [2022-08-01 13:22:43,023] {dag.py:2928} INFO - Setting next_dagrun for example_xcom to 2021-01-01T00:00:00+00:00
[2022-08-01 13:22:43,035] {processor.py:171} INFO - Processing /home/airflow/.local/lib/python3.7/site-packages/airflow/example_dags/example_xcom.py took 0.199 seconds
[2022-08-01 13:23:13,523] {processor.py:163} INFO - Started process (PID=310) to work on /home/airflow/.local/lib/python3.7/site-packages/airflow/example_dags/example_xcom.py
[2022-08-01 13:23:13,524] {processor.py:625} INFO - Processing file /home/airflow/.local/lib/python3.7/site-packages/airflow/example_dags/example_xcom.py for tasks to queue
[2022-08-01 13:23:13,525] {logging_mixin.py:109} INFO - [2022-08-01 13:23:13,525] {dagbag.py:500} INFO - Filling up the DagBag from /home/airflow/.local/lib/python3.7/site-packages/airflow/example_dags/example_xcom.py
[2022-08-01 13:23:13,545] {processor.py:637} INFO - DAG(s) dict_keys(['example_xcom']) retrieved from /home/airflow/.local/lib/python3.7/site-packages/airflow/example_dags/example_xcom.py
[2022-08-01 13:23:13,751] {logging_mixin.py:109} INFO - [2022-08-01 13:23:13,751] {dag.py:2396} INFO - Sync 1 DAGs
[2022-08-01 13:23:13,762] {logging_mixin.py:109} INFO - [2022-08-01 13:23:13,762] {dag.py:2928} INFO - Setting next_dagrun for example_xcom to 2021-01-01T00:00:00+00:00
[2022-08-01 13:23:13,771] {processor.py:171} INFO - Processing /home/airflow/.local/lib/python3.7/site-packages/airflow/example_dags/example_xcom.py took 0.249 seconds
[2022-08-01 13:23:44,755] {processor.py:163} INFO - Started process (PID=362) to work on /home/airflow/.local/lib/python3.7/site-packages/airflow/example_dags/example_xcom.py
[2022-08-01 13:23:44,756] {processor.py:625} INFO - Processing file /home/airflow/.local/lib/python3.7/site-packages/airflow/example_dags/example_xcom.py for tasks to queue
[2022-08-01 13:23:44,756] {logging_mixin.py:109} INFO - [2022-08-01 13:23:44,756] {dagbag.py:500} INFO - Filling up the DagBag from /home/airflow/.local/lib/python3.7/site-packages/airflow/example_dags/example_xcom.py
[2022-08-01 13:23:44,777] {processor.py:637} INFO - DAG(s) dict_keys(['example_xcom']) retrieved from /home/airflow/.local/lib/python3.7/site-packages/airflow/example_dags/example_xcom.py
[2022-08-01 13:23:44,997] {logging_mixin.py:109} INFO - [2022-08-01 13:23:44,997] {dag.py:2396} INFO - Sync 1 DAGs
[2022-08-01 13:23:45,007] {logging_mixin.py:109} INFO - [2022-08-01 13:23:45,007] {dag.py:2928} INFO - Setting next_dagrun for example_xcom to 2021-01-01T00:00:00+00:00
[2022-08-01 13:23:45,023] {processor.py:171} INFO - Processing /home/airflow/.local/lib/python3.7/site-packages/airflow/example_dags/example_xcom.py took 0.271 seconds
[2022-08-01 13:24:15,657] {processor.py:163} INFO - Started process (PID=414) to work on /home/airflow/.local/lib/python3.7/site-packages/airflow/example_dags/example_xcom.py
[2022-08-01 13:24:15,663] {processor.py:625} INFO - Processing file /home/airflow/.local/lib/python3.7/site-packages/airflow/example_dags/example_xcom.py for tasks to queue
[2022-08-01 13:24:15,671] {logging_mixin.py:109} INFO - [2022-08-01 13:24:15,671] {dagbag.py:500} INFO - Filling up the DagBag from /home/airflow/.local/lib/python3.7/site-packages/airflow/example_dags/example_xcom.py
[2022-08-01 13:24:15,793] {processor.py:637} INFO - DAG(s) dict_keys(['example_xcom']) retrieved from /home/airflow/.local/lib/python3.7/site-packages/airflow/example_dags/example_xcom.py
[2022-08-01 13:24:16,777] {logging_mixin.py:109} INFO - [2022-08-01 13:24:16,777] {dag.py:2396} INFO - Sync 1 DAGs
[2022-08-01 13:24:16,855] {logging_mixin.py:109} INFO - [2022-08-01 13:24:16,855] {dag.py:2928} INFO - Setting next_dagrun for example_xcom to 2021-01-01T00:00:00+00:00
[2022-08-01 13:24:16,901] {processor.py:171} INFO - Processing /home/airflow/.local/lib/python3.7/site-packages/airflow/example_dags/example_xcom.py took 1.262 seconds
[2022-08-01 13:24:47,410] {processor.py:163} INFO - Started process (PID=466) to work on /home/airflow/.local/lib/python3.7/site-packages/airflow/example_dags/example_xcom.py
[2022-08-01 13:24:47,432] {processor.py:625} INFO - Processing file /home/airflow/.local/lib/python3.7/site-packages/airflow/example_dags/example_xcom.py for tasks to queue
[2022-08-01 13:24:47,434] {logging_mixin.py:109} INFO - [2022-08-01 13:24:47,433] {dagbag.py:500} INFO - Filling up the DagBag from /home/airflow/.local/lib/python3.7/site-packages/airflow/example_dags/example_xcom.py
[2022-08-01 13:24:47,563] {processor.py:637} INFO - DAG(s) dict_keys(['example_xcom']) retrieved from /home/airflow/.local/lib/python3.7/site-packages/airflow/example_dags/example_xcom.py
[2022-08-01 13:24:48,972] {logging_mixin.py:109} INFO - [2022-08-01 13:24:48,971] {dag.py:2396} INFO - Sync 1 DAGs
[2022-08-01 13:24:49,011] {logging_mixin.py:109} INFO - [2022-08-01 13:24:49,010] {dag.py:2928} INFO - Setting next_dagrun for example_xcom to 2021-01-01T00:00:00+00:00
[2022-08-01 13:24:49,061] {processor.py:171} INFO - Processing /home/airflow/.local/lib/python3.7/site-packages/airflow/example_dags/example_xcom.py took 1.667 seconds
[2022-08-01 13:25:19,251] {processor.py:163} INFO - Started process (PID=518) to work on /home/airflow/.local/lib/python3.7/site-packages/airflow/example_dags/example_xcom.py
[2022-08-01 13:25:19,252] {processor.py:625} INFO - Processing file /home/airflow/.local/lib/python3.7/site-packages/airflow/example_dags/example_xcom.py for tasks to queue
[2022-08-01 13:25:19,252] {logging_mixin.py:109} INFO - [2022-08-01 13:25:19,252] {dagbag.py:500} INFO - Filling up the DagBag from /home/airflow/.local/lib/python3.7/site-packages/airflow/example_dags/example_xcom.py
[2022-08-01 13:25:19,274] {processor.py:637} INFO - DAG(s) dict_keys(['example_xcom']) retrieved from /home/airflow/.local/lib/python3.7/site-packages/airflow/example_dags/example_xcom.py
[2022-08-01 13:25:19,501] {logging_mixin.py:109} INFO - [2022-08-01 13:25:19,501] {dag.py:2396} INFO - Sync 1 DAGs
[2022-08-01 13:25:19,512] {logging_mixin.py:109} INFO - [2022-08-01 13:25:19,512] {dag.py:2928} INFO - Setting next_dagrun for example_xcom to 2021-01-01T00:00:00+00:00
[2022-08-01 13:25:19,526] {processor.py:171} INFO - Processing /home/airflow/.local/lib/python3.7/site-packages/airflow/example_dags/example_xcom.py took 0.278 seconds
[2022-08-01 13:25:49,551] {processor.py:163} INFO - Started process (PID=571) to work on /home/airflow/.local/lib/python3.7/site-packages/airflow/example_dags/example_xcom.py
[2022-08-01 13:25:49,552] {processor.py:625} INFO - Processing file /home/airflow/.local/lib/python3.7/site-packages/airflow/example_dags/example_xcom.py for tasks to queue
[2022-08-01 13:25:49,553] {logging_mixin.py:109} INFO - [2022-08-01 13:25:49,552] {dagbag.py:500} INFO - Filling up the DagBag from /home/airflow/.local/lib/python3.7/site-packages/airflow/example_dags/example_xcom.py
[2022-08-01 13:25:49,583] {processor.py:637} INFO - DAG(s) dict_keys(['example_xcom']) retrieved from /home/airflow/.local/lib/python3.7/site-packages/airflow/example_dags/example_xcom.py
[2022-08-01 13:25:49,929] {logging_mixin.py:109} INFO - [2022-08-01 13:25:49,929] {dag.py:2396} INFO - Sync 1 DAGs
[2022-08-01 13:25:49,944] {logging_mixin.py:109} INFO - [2022-08-01 13:25:49,944] {dag.py:2928} INFO - Setting next_dagrun for example_xcom to 2021-01-01T00:00:00+00:00
[2022-08-01 13:25:49,959] {processor.py:171} INFO - Processing /home/airflow/.local/lib/python3.7/site-packages/airflow/example_dags/example_xcom.py took 0.413 seconds
[2022-08-01 13:26:20,045] {processor.py:163} INFO - Started process (PID=623) to work on /home/airflow/.local/lib/python3.7/site-packages/airflow/example_dags/example_xcom.py
[2022-08-01 13:26:20,046] {processor.py:625} INFO - Processing file /home/airflow/.local/lib/python3.7/site-packages/airflow/example_dags/example_xcom.py for tasks to queue
[2022-08-01 13:26:20,047] {logging_mixin.py:109} INFO - [2022-08-01 13:26:20,046] {dagbag.py:500} INFO - Filling up the DagBag from /home/airflow/.local/lib/python3.7/site-packages/airflow/example_dags/example_xcom.py
[2022-08-01 13:26:20,099] {processor.py:637} INFO - DAG(s) dict_keys(['example_xcom']) retrieved from /home/airflow/.local/lib/python3.7/site-packages/airflow/example_dags/example_xcom.py
[2022-08-01 13:26:20,303] {logging_mixin.py:109} INFO - [2022-08-01 13:26:20,303] {dag.py:2396} INFO - Sync 1 DAGs
[2022-08-01 13:26:20,311] {logging_mixin.py:109} INFO - [2022-08-01 13:26:20,311] {dag.py:2928} INFO - Setting next_dagrun for example_xcom to 2021-01-01T00:00:00+00:00
[2022-08-01 13:26:20,320] {processor.py:171} INFO - Processing /home/airflow/.local/lib/python3.7/site-packages/airflow/example_dags/example_xcom.py took 0.278 seconds
[2022-08-01 13:26:51,291] {processor.py:163} INFO - Started process (PID=684) to work on /home/airflow/.local/lib/python3.7/site-packages/airflow/example_dags/example_xcom.py
[2022-08-01 13:26:51,294] {processor.py:625} INFO - Processing file /home/airflow/.local/lib/python3.7/site-packages/airflow/example_dags/example_xcom.py for tasks to queue
[2022-08-01 13:26:51,294] {logging_mixin.py:109} INFO - [2022-08-01 13:26:51,294] {dagbag.py:500} INFO - Filling up the DagBag from /home/airflow/.local/lib/python3.7/site-packages/airflow/example_dags/example_xcom.py
[2022-08-01 13:26:51,325] {processor.py:637} INFO - DAG(s) dict_keys(['example_xcom']) retrieved from /home/airflow/.local/lib/python3.7/site-packages/airflow/example_dags/example_xcom.py
[2022-08-01 13:26:51,707] {logging_mixin.py:109} INFO - [2022-08-01 13:26:51,707] {dag.py:2396} INFO - Sync 1 DAGs
[2022-08-01 13:26:51,727] {logging_mixin.py:109} INFO - [2022-08-01 13:26:51,727] {dag.py:2928} INFO - Setting next_dagrun for example_xcom to 2021-01-01T00:00:00+00:00
[2022-08-01 13:26:51,745] {processor.py:171} INFO - Processing /home/airflow/.local/lib/python3.7/site-packages/airflow/example_dags/example_xcom.py took 0.457 seconds
[2022-08-01 13:27:22,070] {processor.py:163} INFO - Started process (PID=736) to work on /home/airflow/.local/lib/python3.7/site-packages/airflow/example_dags/example_xcom.py
[2022-08-01 13:27:22,076] {processor.py:625} INFO - Processing file /home/airflow/.local/lib/python3.7/site-packages/airflow/example_dags/example_xcom.py for tasks to queue
[2022-08-01 13:27:22,076] {logging_mixin.py:109} INFO - [2022-08-01 13:27:22,076] {dagbag.py:500} INFO - Filling up the DagBag from /home/airflow/.local/lib/python3.7/site-packages/airflow/example_dags/example_xcom.py
[2022-08-01 13:27:22,101] {processor.py:637} INFO - DAG(s) dict_keys(['example_xcom']) retrieved from /home/airflow/.local/lib/python3.7/site-packages/airflow/example_dags/example_xcom.py
[2022-08-01 13:27:22,322] {logging_mixin.py:109} INFO - [2022-08-01 13:27:22,322] {dag.py:2396} INFO - Sync 1 DAGs
[2022-08-01 13:27:22,332] {logging_mixin.py:109} INFO - [2022-08-01 13:27:22,332] {dag.py:2928} INFO - Setting next_dagrun for example_xcom to 2021-01-01T00:00:00+00:00
[2022-08-01 13:27:22,345] {processor.py:171} INFO - Processing /home/airflow/.local/lib/python3.7/site-packages/airflow/example_dags/example_xcom.py took 0.277 seconds
[2022-08-01 13:27:52,679] {processor.py:163} INFO - Started process (PID=788) to work on /home/airflow/.local/lib/python3.7/site-packages/airflow/example_dags/example_xcom.py
[2022-08-01 13:27:52,680] {processor.py:625} INFO - Processing file /home/airflow/.local/lib/python3.7/site-packages/airflow/example_dags/example_xcom.py for tasks to queue
[2022-08-01 13:27:52,680] {logging_mixin.py:109} INFO - [2022-08-01 13:27:52,680] {dagbag.py:500} INFO - Filling up the DagBag from /home/airflow/.local/lib/python3.7/site-packages/airflow/example_dags/example_xcom.py
[2022-08-01 13:27:52,711] {processor.py:637} INFO - DAG(s) dict_keys(['example_xcom']) retrieved from /home/airflow/.local/lib/python3.7/site-packages/airflow/example_dags/example_xcom.py
[2022-08-01 13:27:52,982] {logging_mixin.py:109} INFO - [2022-08-01 13:27:52,982] {dag.py:2396} INFO - Sync 1 DAGs
[2022-08-01 13:27:52,998] {logging_mixin.py:109} INFO - [2022-08-01 13:27:52,998] {dag.py:2928} INFO - Setting next_dagrun for example_xcom to 2021-01-01T00:00:00+00:00
[2022-08-01 13:27:53,010] {processor.py:171} INFO - Processing /home/airflow/.local/lib/python3.7/site-packages/airflow/example_dags/example_xcom.py took 0.334 seconds
[2022-08-01 13:28:23,824] {processor.py:163} INFO - Started process (PID=849) to work on /home/airflow/.local/lib/python3.7/site-packages/airflow/example_dags/example_xcom.py
[2022-08-01 13:28:23,825] {processor.py:625} INFO - Processing file /home/airflow/.local/lib/python3.7/site-packages/airflow/example_dags/example_xcom.py for tasks to queue
[2022-08-01 13:28:23,826] {logging_mixin.py:109} INFO - [2022-08-01 13:28:23,826] {dagbag.py:500} INFO - Filling up the DagBag from /home/airflow/.local/lib/python3.7/site-packages/airflow/example_dags/example_xcom.py
[2022-08-01 13:28:23,859] {processor.py:637} INFO - DAG(s) dict_keys(['example_xcom']) retrieved from /home/airflow/.local/lib/python3.7/site-packages/airflow/example_dags/example_xcom.py
[2022-08-01 13:28:24,250] {logging_mixin.py:109} INFO - [2022-08-01 13:28:24,250] {dag.py:2396} INFO - Sync 1 DAGs
[2022-08-01 13:28:24,273] {logging_mixin.py:109} INFO - [2022-08-01 13:28:24,272] {dag.py:2928} INFO - Setting next_dagrun for example_xcom to 2021-01-01T00:00:00+00:00
[2022-08-01 13:28:24,296] {processor.py:171} INFO - Processing /home/airflow/.local/lib/python3.7/site-packages/airflow/example_dags/example_xcom.py took 0.475 seconds
[2022-08-01 13:28:55,134] {processor.py:163} INFO - Started process (PID=901) to work on /home/airflow/.local/lib/python3.7/site-packages/airflow/example_dags/example_xcom.py
[2022-08-01 13:28:55,139] {processor.py:625} INFO - Processing file /home/airflow/.local/lib/python3.7/site-packages/airflow/example_dags/example_xcom.py for tasks to queue
[2022-08-01 13:28:55,140] {logging_mixin.py:109} INFO - [2022-08-01 13:28:55,140] {dagbag.py:500} INFO - Filling up the DagBag from /home/airflow/.local/lib/python3.7/site-packages/airflow/example_dags/example_xcom.py
[2022-08-01 13:28:55,161] {processor.py:637} INFO - DAG(s) dict_keys(['example_xcom']) retrieved from /home/airflow/.local/lib/python3.7/site-packages/airflow/example_dags/example_xcom.py
[2022-08-01 13:28:55,345] {logging_mixin.py:109} INFO - [2022-08-01 13:28:55,345] {dag.py:2396} INFO - Sync 1 DAGs
[2022-08-01 13:28:55,358] {logging_mixin.py:109} INFO - [2022-08-01 13:28:55,358] {dag.py:2928} INFO - Setting next_dagrun for example_xcom to 2021-01-01T00:00:00+00:00
[2022-08-01 13:28:55,376] {processor.py:171} INFO - Processing /home/airflow/.local/lib/python3.7/site-packages/airflow/example_dags/example_xcom.py took 0.245 seconds
[2022-08-01 13:29:25,521] {processor.py:163} INFO - Started process (PID=953) to work on /home/airflow/.local/lib/python3.7/site-packages/airflow/example_dags/example_xcom.py
[2022-08-01 13:29:25,522] {processor.py:625} INFO - Processing file /home/airflow/.local/lib/python3.7/site-packages/airflow/example_dags/example_xcom.py for tasks to queue
[2022-08-01 13:29:25,522] {logging_mixin.py:109} INFO - [2022-08-01 13:29:25,522] {dagbag.py:500} INFO - Filling up the DagBag from /home/airflow/.local/lib/python3.7/site-packages/airflow/example_dags/example_xcom.py
[2022-08-01 13:29:25,544] {processor.py:637} INFO - DAG(s) dict_keys(['example_xcom']) retrieved from /home/airflow/.local/lib/python3.7/site-packages/airflow/example_dags/example_xcom.py
[2022-08-01 13:29:25,727] {logging_mixin.py:109} INFO - [2022-08-01 13:29:25,727] {dag.py:2396} INFO - Sync 1 DAGs
[2022-08-01 13:29:25,737] {logging_mixin.py:109} INFO - [2022-08-01 13:29:25,737] {dag.py:2928} INFO - Setting next_dagrun for example_xcom to 2021-01-01T00:00:00+00:00
[2022-08-01 13:29:25,751] {processor.py:171} INFO - Processing /home/airflow/.local/lib/python3.7/site-packages/airflow/example_dags/example_xcom.py took 0.232 seconds
[2022-08-01 13:29:56,216] {processor.py:163} INFO - Started process (PID=1014) to work on /home/airflow/.local/lib/python3.7/site-packages/airflow/example_dags/example_xcom.py
[2022-08-01 13:29:56,217] {processor.py:625} INFO - Processing file /home/airflow/.local/lib/python3.7/site-packages/airflow/example_dags/example_xcom.py for tasks to queue
[2022-08-01 13:29:56,218] {logging_mixin.py:109} INFO - [2022-08-01 13:29:56,218] {dagbag.py:500} INFO - Filling up the DagBag from /home/airflow/.local/lib/python3.7/site-packages/airflow/example_dags/example_xcom.py
[2022-08-01 13:29:56,247] {processor.py:637} INFO - DAG(s) dict_keys(['example_xcom']) retrieved from /home/airflow/.local/lib/python3.7/site-packages/airflow/example_dags/example_xcom.py
[2022-08-01 13:29:56,445] {logging_mixin.py:109} INFO - [2022-08-01 13:29:56,445] {dag.py:2396} INFO - Sync 1 DAGs
[2022-08-01 13:29:56,454] {logging_mixin.py:109} INFO - [2022-08-01 13:29:56,454] {dag.py:2928} INFO - Setting next_dagrun for example_xcom to 2021-01-01T00:00:00+00:00
[2022-08-01 13:29:56,463] {processor.py:171} INFO - Processing /home/airflow/.local/lib/python3.7/site-packages/airflow/example_dags/example_xcom.py took 0.249 seconds
[2022-08-01 13:30:26,491] {processor.py:163} INFO - Started process (PID=1067) to work on /home/airflow/.local/lib/python3.7/site-packages/airflow/example_dags/example_xcom.py
[2022-08-01 13:30:26,492] {processor.py:625} INFO - Processing file /home/airflow/.local/lib/python3.7/site-packages/airflow/example_dags/example_xcom.py for tasks to queue
[2022-08-01 13:30:26,493] {logging_mixin.py:109} INFO - [2022-08-01 13:30:26,493] {dagbag.py:500} INFO - Filling up the DagBag from /home/airflow/.local/lib/python3.7/site-packages/airflow/example_dags/example_xcom.py
[2022-08-01 13:30:26,520] {processor.py:637} INFO - DAG(s) dict_keys(['example_xcom']) retrieved from /home/airflow/.local/lib/python3.7/site-packages/airflow/example_dags/example_xcom.py
[2022-08-01 13:30:26,767] {logging_mixin.py:109} INFO - [2022-08-01 13:30:26,767] {dag.py:2396} INFO - Sync 1 DAGs
[2022-08-01 13:30:26,780] {logging_mixin.py:109} INFO - [2022-08-01 13:30:26,780] {dag.py:2928} INFO - Setting next_dagrun for example_xcom to 2021-01-01T00:00:00+00:00
[2022-08-01 13:30:26,793] {processor.py:171} INFO - Processing /home/airflow/.local/lib/python3.7/site-packages/airflow/example_dags/example_xcom.py took 0.305 seconds
