[2022-08-01 12:25:37,711] {processor.py:163} INFO - Started process (PID=62) to work on /home/airflow/.local/lib/python3.7/site-packages/airflow/example_dags/example_task_group_decorator.py
[2022-08-01 12:25:37,713] {processor.py:625} INFO - Processing file /home/airflow/.local/lib/python3.7/site-packages/airflow/example_dags/example_task_group_decorator.py for tasks to queue
[2022-08-01 12:25:37,714] {logging_mixin.py:109} INFO - [2022-08-01 12:25:37,713] {dagbag.py:500} INFO - Filling up the DagBag from /home/airflow/.local/lib/python3.7/site-packages/airflow/example_dags/example_task_group_decorator.py
[2022-08-01 12:25:37,761] {processor.py:637} INFO - DAG(s) dict_keys(['example_task_group_decorator']) retrieved from /home/airflow/.local/lib/python3.7/site-packages/airflow/example_dags/example_task_group_decorator.py
[2022-08-01 12:25:38,136] {logging_mixin.py:109} INFO - [2022-08-01 12:25:38,136] {dag.py:2396} INFO - Sync 1 DAGs
[2022-08-01 12:25:38,153] {logging_mixin.py:109} INFO - [2022-08-01 12:25:38,152] {dag.py:2928} INFO - Setting next_dagrun for example_task_group_decorator to 2022-07-31T12:25:38.152746+00:00
[2022-08-01 12:25:38,169] {processor.py:171} INFO - Processing /home/airflow/.local/lib/python3.7/site-packages/airflow/example_dags/example_task_group_decorator.py took 0.461 seconds
[2022-08-01 12:26:09,127] {processor.py:163} INFO - Started process (PID=118) to work on /home/airflow/.local/lib/python3.7/site-packages/airflow/example_dags/example_task_group_decorator.py
[2022-08-01 12:26:09,128] {processor.py:625} INFO - Processing file /home/airflow/.local/lib/python3.7/site-packages/airflow/example_dags/example_task_group_decorator.py for tasks to queue
[2022-08-01 12:26:09,128] {logging_mixin.py:109} INFO - [2022-08-01 12:26:09,128] {dagbag.py:500} INFO - Filling up the DagBag from /home/airflow/.local/lib/python3.7/site-packages/airflow/example_dags/example_task_group_decorator.py
[2022-08-01 12:26:09,163] {processor.py:637} INFO - DAG(s) dict_keys(['example_task_group_decorator']) retrieved from /home/airflow/.local/lib/python3.7/site-packages/airflow/example_dags/example_task_group_decorator.py
[2022-08-01 12:26:09,464] {logging_mixin.py:109} INFO - [2022-08-01 12:26:09,464] {dag.py:2396} INFO - Sync 1 DAGs
[2022-08-01 12:26:09,499] {logging_mixin.py:109} INFO - [2022-08-01 12:26:09,498] {dag.py:2928} INFO - Setting next_dagrun for example_task_group_decorator to 2022-07-31T12:26:09.498620+00:00
[2022-08-01 12:26:09,515] {processor.py:171} INFO - Processing /home/airflow/.local/lib/python3.7/site-packages/airflow/example_dags/example_task_group_decorator.py took 0.391 seconds
[2022-08-01 12:26:39,644] {processor.py:163} INFO - Started process (PID=170) to work on /home/airflow/.local/lib/python3.7/site-packages/airflow/example_dags/example_task_group_decorator.py
[2022-08-01 12:26:39,648] {processor.py:625} INFO - Processing file /home/airflow/.local/lib/python3.7/site-packages/airflow/example_dags/example_task_group_decorator.py for tasks to queue
[2022-08-01 12:26:39,649] {logging_mixin.py:109} INFO - [2022-08-01 12:26:39,649] {dagbag.py:500} INFO - Filling up the DagBag from /home/airflow/.local/lib/python3.7/site-packages/airflow/example_dags/example_task_group_decorator.py
[2022-08-01 12:26:39,682] {processor.py:637} INFO - DAG(s) dict_keys(['example_task_group_decorator']) retrieved from /home/airflow/.local/lib/python3.7/site-packages/airflow/example_dags/example_task_group_decorator.py
[2022-08-01 12:26:39,990] {logging_mixin.py:109} INFO - [2022-08-01 12:26:39,990] {dag.py:2396} INFO - Sync 1 DAGs
[2022-08-01 12:26:40,009] {logging_mixin.py:109} INFO - [2022-08-01 12:26:40,008] {dag.py:2928} INFO - Setting next_dagrun for example_task_group_decorator to 2022-07-31T12:26:40.008548+00:00
[2022-08-01 12:26:40,030] {processor.py:171} INFO - Processing /home/airflow/.local/lib/python3.7/site-packages/airflow/example_dags/example_task_group_decorator.py took 0.389 seconds
[2022-08-01 12:27:10,093] {processor.py:163} INFO - Started process (PID=231) to work on /home/airflow/.local/lib/python3.7/site-packages/airflow/example_dags/example_task_group_decorator.py
[2022-08-01 12:27:10,096] {processor.py:625} INFO - Processing file /home/airflow/.local/lib/python3.7/site-packages/airflow/example_dags/example_task_group_decorator.py for tasks to queue
[2022-08-01 12:27:10,096] {logging_mixin.py:109} INFO - [2022-08-01 12:27:10,096] {dagbag.py:500} INFO - Filling up the DagBag from /home/airflow/.local/lib/python3.7/site-packages/airflow/example_dags/example_task_group_decorator.py
[2022-08-01 12:27:10,166] {processor.py:637} INFO - DAG(s) dict_keys(['example_task_group_decorator']) retrieved from /home/airflow/.local/lib/python3.7/site-packages/airflow/example_dags/example_task_group_decorator.py
[2022-08-01 12:27:10,662] {logging_mixin.py:109} INFO - [2022-08-01 12:27:10,662] {dag.py:2396} INFO - Sync 1 DAGs
[2022-08-01 12:27:10,687] {logging_mixin.py:109} INFO - [2022-08-01 12:27:10,687] {dag.py:2928} INFO - Setting next_dagrun for example_task_group_decorator to 2022-07-31T12:27:10.687016+00:00
[2022-08-01 12:27:10,705] {processor.py:171} INFO - Processing /home/airflow/.local/lib/python3.7/site-packages/airflow/example_dags/example_task_group_decorator.py took 0.616 seconds
[2022-08-01 12:27:40,976] {processor.py:163} INFO - Started process (PID=288) to work on /home/airflow/.local/lib/python3.7/site-packages/airflow/example_dags/example_task_group_decorator.py
[2022-08-01 12:27:40,977] {processor.py:625} INFO - Processing file /home/airflow/.local/lib/python3.7/site-packages/airflow/example_dags/example_task_group_decorator.py for tasks to queue
[2022-08-01 12:27:40,978] {logging_mixin.py:109} INFO - [2022-08-01 12:27:40,978] {dagbag.py:500} INFO - Filling up the DagBag from /home/airflow/.local/lib/python3.7/site-packages/airflow/example_dags/example_task_group_decorator.py
[2022-08-01 12:27:41,005] {processor.py:637} INFO - DAG(s) dict_keys(['example_task_group_decorator']) retrieved from /home/airflow/.local/lib/python3.7/site-packages/airflow/example_dags/example_task_group_decorator.py
[2022-08-01 12:27:41,181] {logging_mixin.py:109} INFO - [2022-08-01 12:27:41,181] {dag.py:2396} INFO - Sync 1 DAGs
[2022-08-01 12:27:41,189] {logging_mixin.py:109} INFO - [2022-08-01 12:27:41,189] {dag.py:2928} INFO - Setting next_dagrun for example_task_group_decorator to 2022-07-31T12:27:41.189543+00:00
[2022-08-01 12:27:41,203] {processor.py:171} INFO - Processing /home/airflow/.local/lib/python3.7/site-packages/airflow/example_dags/example_task_group_decorator.py took 0.229 seconds
[2022-08-01 12:28:11,618] {processor.py:163} INFO - Started process (PID=349) to work on /home/airflow/.local/lib/python3.7/site-packages/airflow/example_dags/example_task_group_decorator.py
[2022-08-01 12:28:11,619] {processor.py:625} INFO - Processing file /home/airflow/.local/lib/python3.7/site-packages/airflow/example_dags/example_task_group_decorator.py for tasks to queue
[2022-08-01 12:28:11,620] {logging_mixin.py:109} INFO - [2022-08-01 12:28:11,620] {dagbag.py:500} INFO - Filling up the DagBag from /home/airflow/.local/lib/python3.7/site-packages/airflow/example_dags/example_task_group_decorator.py
[2022-08-01 12:28:11,669] {processor.py:637} INFO - DAG(s) dict_keys(['example_task_group_decorator']) retrieved from /home/airflow/.local/lib/python3.7/site-packages/airflow/example_dags/example_task_group_decorator.py
[2022-08-01 12:28:12,085] {logging_mixin.py:109} INFO - [2022-08-01 12:28:12,085] {dag.py:2396} INFO - Sync 1 DAGs
[2022-08-01 12:28:12,102] {logging_mixin.py:109} INFO - [2022-08-01 12:28:12,102] {dag.py:2928} INFO - Setting next_dagrun for example_task_group_decorator to 2022-07-31T12:28:12.102470+00:00
[2022-08-01 12:28:12,127] {processor.py:171} INFO - Processing /home/airflow/.local/lib/python3.7/site-packages/airflow/example_dags/example_task_group_decorator.py took 0.514 seconds
[2022-08-01 12:28:42,873] {processor.py:163} INFO - Started process (PID=401) to work on /home/airflow/.local/lib/python3.7/site-packages/airflow/example_dags/example_task_group_decorator.py
[2022-08-01 12:28:42,877] {processor.py:625} INFO - Processing file /home/airflow/.local/lib/python3.7/site-packages/airflow/example_dags/example_task_group_decorator.py for tasks to queue
[2022-08-01 12:28:42,877] {logging_mixin.py:109} INFO - [2022-08-01 12:28:42,877] {dagbag.py:500} INFO - Filling up the DagBag from /home/airflow/.local/lib/python3.7/site-packages/airflow/example_dags/example_task_group_decorator.py
[2022-08-01 12:28:42,941] {processor.py:637} INFO - DAG(s) dict_keys(['example_task_group_decorator']) retrieved from /home/airflow/.local/lib/python3.7/site-packages/airflow/example_dags/example_task_group_decorator.py
[2022-08-01 12:28:43,161] {logging_mixin.py:109} INFO - [2022-08-01 12:28:43,161] {dag.py:2396} INFO - Sync 1 DAGs
[2022-08-01 12:28:43,171] {logging_mixin.py:109} INFO - [2022-08-01 12:28:43,171] {dag.py:2928} INFO - Setting next_dagrun for example_task_group_decorator to 2022-07-31T12:28:43.171307+00:00
[2022-08-01 12:28:43,180] {processor.py:171} INFO - Processing /home/airflow/.local/lib/python3.7/site-packages/airflow/example_dags/example_task_group_decorator.py took 0.311 seconds
[2022-08-01 12:29:13,395] {processor.py:163} INFO - Started process (PID=462) to work on /home/airflow/.local/lib/python3.7/site-packages/airflow/example_dags/example_task_group_decorator.py
[2022-08-01 12:29:13,397] {processor.py:625} INFO - Processing file /home/airflow/.local/lib/python3.7/site-packages/airflow/example_dags/example_task_group_decorator.py for tasks to queue
[2022-08-01 12:29:13,398] {logging_mixin.py:109} INFO - [2022-08-01 12:29:13,398] {dagbag.py:500} INFO - Filling up the DagBag from /home/airflow/.local/lib/python3.7/site-packages/airflow/example_dags/example_task_group_decorator.py
[2022-08-01 12:29:13,489] {processor.py:637} INFO - DAG(s) dict_keys(['example_task_group_decorator']) retrieved from /home/airflow/.local/lib/python3.7/site-packages/airflow/example_dags/example_task_group_decorator.py
[2022-08-01 12:29:13,870] {logging_mixin.py:109} INFO - [2022-08-01 12:29:13,870] {dag.py:2396} INFO - Sync 1 DAGs
[2022-08-01 12:29:13,887] {logging_mixin.py:109} INFO - [2022-08-01 12:29:13,886] {dag.py:2928} INFO - Setting next_dagrun for example_task_group_decorator to 2022-07-31T12:29:13.886665+00:00
[2022-08-01 12:29:13,901] {processor.py:171} INFO - Processing /home/airflow/.local/lib/python3.7/site-packages/airflow/example_dags/example_task_group_decorator.py took 0.512 seconds
[2022-08-01 12:29:44,838] {processor.py:163} INFO - Started process (PID=514) to work on /home/airflow/.local/lib/python3.7/site-packages/airflow/example_dags/example_task_group_decorator.py
[2022-08-01 12:29:44,840] {processor.py:625} INFO - Processing file /home/airflow/.local/lib/python3.7/site-packages/airflow/example_dags/example_task_group_decorator.py for tasks to queue
[2022-08-01 12:29:44,840] {logging_mixin.py:109} INFO - [2022-08-01 12:29:44,840] {dagbag.py:500} INFO - Filling up the DagBag from /home/airflow/.local/lib/python3.7/site-packages/airflow/example_dags/example_task_group_decorator.py
[2022-08-01 12:29:44,870] {processor.py:637} INFO - DAG(s) dict_keys(['example_task_group_decorator']) retrieved from /home/airflow/.local/lib/python3.7/site-packages/airflow/example_dags/example_task_group_decorator.py
[2022-08-01 12:29:45,099] {logging_mixin.py:109} INFO - [2022-08-01 12:29:45,099] {dag.py:2396} INFO - Sync 1 DAGs
[2022-08-01 12:29:45,108] {logging_mixin.py:109} INFO - [2022-08-01 12:29:45,108] {dag.py:2928} INFO - Setting next_dagrun for example_task_group_decorator to 2022-07-31T12:29:45.107859+00:00
[2022-08-01 12:29:45,125] {processor.py:171} INFO - Processing /home/airflow/.local/lib/python3.7/site-packages/airflow/example_dags/example_task_group_decorator.py took 0.289 seconds
[2022-08-01 12:30:15,421] {processor.py:163} INFO - Started process (PID=575) to work on /home/airflow/.local/lib/python3.7/site-packages/airflow/example_dags/example_task_group_decorator.py
[2022-08-01 12:30:15,422] {processor.py:625} INFO - Processing file /home/airflow/.local/lib/python3.7/site-packages/airflow/example_dags/example_task_group_decorator.py for tasks to queue
[2022-08-01 12:30:15,423] {logging_mixin.py:109} INFO - [2022-08-01 12:30:15,423] {dagbag.py:500} INFO - Filling up the DagBag from /home/airflow/.local/lib/python3.7/site-packages/airflow/example_dags/example_task_group_decorator.py
[2022-08-01 12:30:15,458] {processor.py:637} INFO - DAG(s) dict_keys(['example_task_group_decorator']) retrieved from /home/airflow/.local/lib/python3.7/site-packages/airflow/example_dags/example_task_group_decorator.py
[2022-08-01 12:30:15,720] {logging_mixin.py:109} INFO - [2022-08-01 12:30:15,720] {dag.py:2396} INFO - Sync 1 DAGs
[2022-08-01 12:30:15,734] {logging_mixin.py:109} INFO - [2022-08-01 12:30:15,734] {dag.py:2928} INFO - Setting next_dagrun for example_task_group_decorator to 2022-07-31T12:30:15.733752+00:00
[2022-08-01 12:30:15,756] {processor.py:171} INFO - Processing /home/airflow/.local/lib/python3.7/site-packages/airflow/example_dags/example_task_group_decorator.py took 0.337 seconds
[2022-08-01 12:30:47,414] {processor.py:163} INFO - Started process (PID=619) to work on /home/airflow/.local/lib/python3.7/site-packages/airflow/example_dags/example_task_group_decorator.py
[2022-08-01 12:30:47,416] {processor.py:625} INFO - Processing file /home/airflow/.local/lib/python3.7/site-packages/airflow/example_dags/example_task_group_decorator.py for tasks to queue
[2022-08-01 12:30:47,417] {logging_mixin.py:109} INFO - [2022-08-01 12:30:47,416] {dagbag.py:500} INFO - Filling up the DagBag from /home/airflow/.local/lib/python3.7/site-packages/airflow/example_dags/example_task_group_decorator.py
[2022-08-01 12:30:47,516] {processor.py:637} INFO - DAG(s) dict_keys(['example_task_group_decorator']) retrieved from /home/airflow/.local/lib/python3.7/site-packages/airflow/example_dags/example_task_group_decorator.py
[2022-08-01 12:30:48,020] {logging_mixin.py:109} INFO - [2022-08-01 12:30:48,020] {dag.py:2396} INFO - Sync 1 DAGs
[2022-08-01 12:30:48,047] {logging_mixin.py:109} INFO - [2022-08-01 12:30:48,047] {dag.py:2928} INFO - Setting next_dagrun for example_task_group_decorator to 2022-07-31T12:30:48.047336+00:00
[2022-08-01 12:30:48,073] {processor.py:171} INFO - Processing /home/airflow/.local/lib/python3.7/site-packages/airflow/example_dags/example_task_group_decorator.py took 0.664 seconds
[2022-08-01 12:31:18,983] {processor.py:163} INFO - Started process (PID=683) to work on /home/airflow/.local/lib/python3.7/site-packages/airflow/example_dags/example_task_group_decorator.py
[2022-08-01 12:31:18,985] {processor.py:625} INFO - Processing file /home/airflow/.local/lib/python3.7/site-packages/airflow/example_dags/example_task_group_decorator.py for tasks to queue
[2022-08-01 12:31:18,985] {logging_mixin.py:109} INFO - [2022-08-01 12:31:18,985] {dagbag.py:500} INFO - Filling up the DagBag from /home/airflow/.local/lib/python3.7/site-packages/airflow/example_dags/example_task_group_decorator.py
[2022-08-01 12:31:19,029] {processor.py:637} INFO - DAG(s) dict_keys(['example_task_group_decorator']) retrieved from /home/airflow/.local/lib/python3.7/site-packages/airflow/example_dags/example_task_group_decorator.py
[2022-08-01 12:31:19,313] {logging_mixin.py:109} INFO - [2022-08-01 12:31:19,313] {dag.py:2396} INFO - Sync 1 DAGs
[2022-08-01 12:31:19,331] {logging_mixin.py:109} INFO - [2022-08-01 12:31:19,330] {dag.py:2928} INFO - Setting next_dagrun for example_task_group_decorator to 2022-07-31T12:31:19.330757+00:00
[2022-08-01 12:31:19,344] {processor.py:171} INFO - Processing /home/airflow/.local/lib/python3.7/site-packages/airflow/example_dags/example_task_group_decorator.py took 0.364 seconds
[2022-08-01 12:31:49,415] {processor.py:163} INFO - Started process (PID=737) to work on /home/airflow/.local/lib/python3.7/site-packages/airflow/example_dags/example_task_group_decorator.py
[2022-08-01 12:31:49,417] {processor.py:625} INFO - Processing file /home/airflow/.local/lib/python3.7/site-packages/airflow/example_dags/example_task_group_decorator.py for tasks to queue
[2022-08-01 12:31:49,417] {logging_mixin.py:109} INFO - [2022-08-01 12:31:49,417] {dagbag.py:500} INFO - Filling up the DagBag from /home/airflow/.local/lib/python3.7/site-packages/airflow/example_dags/example_task_group_decorator.py
[2022-08-01 12:31:49,455] {processor.py:637} INFO - DAG(s) dict_keys(['example_task_group_decorator']) retrieved from /home/airflow/.local/lib/python3.7/site-packages/airflow/example_dags/example_task_group_decorator.py
[2022-08-01 12:31:49,696] {logging_mixin.py:109} INFO - [2022-08-01 12:31:49,696] {dag.py:2396} INFO - Sync 1 DAGs
[2022-08-01 12:31:49,708] {logging_mixin.py:109} INFO - [2022-08-01 12:31:49,707] {dag.py:2928} INFO - Setting next_dagrun for example_task_group_decorator to 2022-07-31T12:31:49.707720+00:00
[2022-08-01 12:31:49,719] {processor.py:171} INFO - Processing /home/airflow/.local/lib/python3.7/site-packages/airflow/example_dags/example_task_group_decorator.py took 0.307 seconds
[2022-08-01 12:32:20,618] {processor.py:163} INFO - Started process (PID=792) to work on /home/airflow/.local/lib/python3.7/site-packages/airflow/example_dags/example_task_group_decorator.py
[2022-08-01 12:32:20,627] {processor.py:625} INFO - Processing file /home/airflow/.local/lib/python3.7/site-packages/airflow/example_dags/example_task_group_decorator.py for tasks to queue
[2022-08-01 12:32:20,628] {logging_mixin.py:109} INFO - [2022-08-01 12:32:20,628] {dagbag.py:500} INFO - Filling up the DagBag from /home/airflow/.local/lib/python3.7/site-packages/airflow/example_dags/example_task_group_decorator.py
[2022-08-01 12:32:20,671] {processor.py:637} INFO - DAG(s) dict_keys(['example_task_group_decorator']) retrieved from /home/airflow/.local/lib/python3.7/site-packages/airflow/example_dags/example_task_group_decorator.py
[2022-08-01 12:32:20,965] {logging_mixin.py:109} INFO - [2022-08-01 12:32:20,965] {dag.py:2396} INFO - Sync 1 DAGs
[2022-08-01 12:32:20,979] {logging_mixin.py:109} INFO - [2022-08-01 12:32:20,979] {dag.py:2928} INFO - Setting next_dagrun for example_task_group_decorator to 2022-07-31T12:32:20.978719+00:00
[2022-08-01 12:32:20,995] {processor.py:171} INFO - Processing /home/airflow/.local/lib/python3.7/site-packages/airflow/example_dags/example_task_group_decorator.py took 0.380 seconds
[2022-08-01 12:32:51,745] {processor.py:163} INFO - Started process (PID=854) to work on /home/airflow/.local/lib/python3.7/site-packages/airflow/example_dags/example_task_group_decorator.py
[2022-08-01 12:32:51,746] {processor.py:625} INFO - Processing file /home/airflow/.local/lib/python3.7/site-packages/airflow/example_dags/example_task_group_decorator.py for tasks to queue
[2022-08-01 12:32:51,747] {logging_mixin.py:109} INFO - [2022-08-01 12:32:51,746] {dagbag.py:500} INFO - Filling up the DagBag from /home/airflow/.local/lib/python3.7/site-packages/airflow/example_dags/example_task_group_decorator.py
[2022-08-01 12:32:51,782] {processor.py:637} INFO - DAG(s) dict_keys(['example_task_group_decorator']) retrieved from /home/airflow/.local/lib/python3.7/site-packages/airflow/example_dags/example_task_group_decorator.py
[2022-08-01 12:32:52,090] {logging_mixin.py:109} INFO - [2022-08-01 12:32:52,090] {dag.py:2396} INFO - Sync 1 DAGs
[2022-08-01 12:32:52,104] {logging_mixin.py:109} INFO - [2022-08-01 12:32:52,104] {dag.py:2928} INFO - Setting next_dagrun for example_task_group_decorator to 2022-07-31T12:32:52.104331+00:00
[2022-08-01 12:32:52,121] {processor.py:171} INFO - Processing /home/airflow/.local/lib/python3.7/site-packages/airflow/example_dags/example_task_group_decorator.py took 0.379 seconds
[2022-08-01 12:33:22,688] {processor.py:163} INFO - Started process (PID=905) to work on /home/airflow/.local/lib/python3.7/site-packages/airflow/example_dags/example_task_group_decorator.py
[2022-08-01 12:33:22,689] {processor.py:625} INFO - Processing file /home/airflow/.local/lib/python3.7/site-packages/airflow/example_dags/example_task_group_decorator.py for tasks to queue
[2022-08-01 12:33:22,689] {logging_mixin.py:109} INFO - [2022-08-01 12:33:22,689] {dagbag.py:500} INFO - Filling up the DagBag from /home/airflow/.local/lib/python3.7/site-packages/airflow/example_dags/example_task_group_decorator.py
[2022-08-01 12:33:22,720] {processor.py:637} INFO - DAG(s) dict_keys(['example_task_group_decorator']) retrieved from /home/airflow/.local/lib/python3.7/site-packages/airflow/example_dags/example_task_group_decorator.py
[2022-08-01 12:33:22,957] {logging_mixin.py:109} INFO - [2022-08-01 12:33:22,957] {dag.py:2396} INFO - Sync 1 DAGs
[2022-08-01 12:33:22,970] {logging_mixin.py:109} INFO - [2022-08-01 12:33:22,970] {dag.py:2928} INFO - Setting next_dagrun for example_task_group_decorator to 2022-07-31T12:33:22.969955+00:00
[2022-08-01 12:33:22,990] {processor.py:171} INFO - Processing /home/airflow/.local/lib/python3.7/site-packages/airflow/example_dags/example_task_group_decorator.py took 0.304 seconds
[2022-08-01 12:33:53,591] {processor.py:163} INFO - Started process (PID=966) to work on /home/airflow/.local/lib/python3.7/site-packages/airflow/example_dags/example_task_group_decorator.py
[2022-08-01 12:33:53,593] {processor.py:625} INFO - Processing file /home/airflow/.local/lib/python3.7/site-packages/airflow/example_dags/example_task_group_decorator.py for tasks to queue
[2022-08-01 12:33:53,594] {logging_mixin.py:109} INFO - [2022-08-01 12:33:53,593] {dagbag.py:500} INFO - Filling up the DagBag from /home/airflow/.local/lib/python3.7/site-packages/airflow/example_dags/example_task_group_decorator.py
[2022-08-01 12:33:53,642] {processor.py:637} INFO - DAG(s) dict_keys(['example_task_group_decorator']) retrieved from /home/airflow/.local/lib/python3.7/site-packages/airflow/example_dags/example_task_group_decorator.py
[2022-08-01 12:33:54,004] {logging_mixin.py:109} INFO - [2022-08-01 12:33:54,004] {dag.py:2396} INFO - Sync 1 DAGs
[2022-08-01 12:33:54,019] {logging_mixin.py:109} INFO - [2022-08-01 12:33:54,019] {dag.py:2928} INFO - Setting next_dagrun for example_task_group_decorator to 2022-07-31T12:33:54.018591+00:00
[2022-08-01 12:33:54,034] {processor.py:171} INFO - Processing /home/airflow/.local/lib/python3.7/site-packages/airflow/example_dags/example_task_group_decorator.py took 0.447 seconds
[2022-08-01 12:34:24,778] {processor.py:163} INFO - Started process (PID=1019) to work on /home/airflow/.local/lib/python3.7/site-packages/airflow/example_dags/example_task_group_decorator.py
[2022-08-01 12:34:24,781] {processor.py:625} INFO - Processing file /home/airflow/.local/lib/python3.7/site-packages/airflow/example_dags/example_task_group_decorator.py for tasks to queue
[2022-08-01 12:34:24,781] {logging_mixin.py:109} INFO - [2022-08-01 12:34:24,781] {dagbag.py:500} INFO - Filling up the DagBag from /home/airflow/.local/lib/python3.7/site-packages/airflow/example_dags/example_task_group_decorator.py
[2022-08-01 12:34:24,819] {processor.py:637} INFO - DAG(s) dict_keys(['example_task_group_decorator']) retrieved from /home/airflow/.local/lib/python3.7/site-packages/airflow/example_dags/example_task_group_decorator.py
[2022-08-01 12:34:25,054] {logging_mixin.py:109} INFO - [2022-08-01 12:34:25,054] {dag.py:2396} INFO - Sync 1 DAGs
[2022-08-01 12:34:25,066] {logging_mixin.py:109} INFO - [2022-08-01 12:34:25,066] {dag.py:2928} INFO - Setting next_dagrun for example_task_group_decorator to 2022-07-31T12:34:25.065885+00:00
[2022-08-01 12:34:25,084] {processor.py:171} INFO - Processing /home/airflow/.local/lib/python3.7/site-packages/airflow/example_dags/example_task_group_decorator.py took 0.310 seconds
[2022-08-01 12:34:55,198] {processor.py:163} INFO - Started process (PID=1079) to work on /home/airflow/.local/lib/python3.7/site-packages/airflow/example_dags/example_task_group_decorator.py
[2022-08-01 12:34:55,201] {processor.py:625} INFO - Processing file /home/airflow/.local/lib/python3.7/site-packages/airflow/example_dags/example_task_group_decorator.py for tasks to queue
[2022-08-01 12:34:55,203] {logging_mixin.py:109} INFO - [2022-08-01 12:34:55,203] {dagbag.py:500} INFO - Filling up the DagBag from /home/airflow/.local/lib/python3.7/site-packages/airflow/example_dags/example_task_group_decorator.py
[2022-08-01 12:34:55,273] {processor.py:637} INFO - DAG(s) dict_keys(['example_task_group_decorator']) retrieved from /home/airflow/.local/lib/python3.7/site-packages/airflow/example_dags/example_task_group_decorator.py
[2022-08-01 12:34:55,689] {logging_mixin.py:109} INFO - [2022-08-01 12:34:55,688] {dag.py:2396} INFO - Sync 1 DAGs
[2022-08-01 12:34:55,705] {logging_mixin.py:109} INFO - [2022-08-01 12:34:55,705] {dag.py:2928} INFO - Setting next_dagrun for example_task_group_decorator to 2022-07-31T12:34:55.704895+00:00
[2022-08-01 12:34:55,723] {processor.py:171} INFO - Processing /home/airflow/.local/lib/python3.7/site-packages/airflow/example_dags/example_task_group_decorator.py took 0.530 seconds
[2022-08-01 12:35:26,703] {processor.py:163} INFO - Started process (PID=1131) to work on /home/airflow/.local/lib/python3.7/site-packages/airflow/example_dags/example_task_group_decorator.py
[2022-08-01 12:35:26,704] {processor.py:625} INFO - Processing file /home/airflow/.local/lib/python3.7/site-packages/airflow/example_dags/example_task_group_decorator.py for tasks to queue
[2022-08-01 12:35:26,704] {logging_mixin.py:109} INFO - [2022-08-01 12:35:26,704] {dagbag.py:500} INFO - Filling up the DagBag from /home/airflow/.local/lib/python3.7/site-packages/airflow/example_dags/example_task_group_decorator.py
[2022-08-01 12:35:26,731] {processor.py:637} INFO - DAG(s) dict_keys(['example_task_group_decorator']) retrieved from /home/airflow/.local/lib/python3.7/site-packages/airflow/example_dags/example_task_group_decorator.py
[2022-08-01 12:35:26,937] {logging_mixin.py:109} INFO - [2022-08-01 12:35:26,937] {dag.py:2396} INFO - Sync 1 DAGs
[2022-08-01 12:35:26,947] {logging_mixin.py:109} INFO - [2022-08-01 12:35:26,946] {dag.py:2928} INFO - Setting next_dagrun for example_task_group_decorator to 2022-07-31T12:35:26.946801+00:00
[2022-08-01 12:35:26,958] {processor.py:171} INFO - Processing /home/airflow/.local/lib/python3.7/site-packages/airflow/example_dags/example_task_group_decorator.py took 0.258 seconds
[2022-08-01 12:35:57,269] {processor.py:163} INFO - Started process (PID=1192) to work on /home/airflow/.local/lib/python3.7/site-packages/airflow/example_dags/example_task_group_decorator.py
[2022-08-01 12:35:57,278] {processor.py:625} INFO - Processing file /home/airflow/.local/lib/python3.7/site-packages/airflow/example_dags/example_task_group_decorator.py for tasks to queue
[2022-08-01 12:35:57,279] {logging_mixin.py:109} INFO - [2022-08-01 12:35:57,279] {dagbag.py:500} INFO - Filling up the DagBag from /home/airflow/.local/lib/python3.7/site-packages/airflow/example_dags/example_task_group_decorator.py
[2022-08-01 12:35:57,313] {processor.py:637} INFO - DAG(s) dict_keys(['example_task_group_decorator']) retrieved from /home/airflow/.local/lib/python3.7/site-packages/airflow/example_dags/example_task_group_decorator.py
[2022-08-01 12:35:57,602] {logging_mixin.py:109} INFO - [2022-08-01 12:35:57,602] {dag.py:2396} INFO - Sync 1 DAGs
[2022-08-01 12:35:57,615] {logging_mixin.py:109} INFO - [2022-08-01 12:35:57,615] {dag.py:2928} INFO - Setting next_dagrun for example_task_group_decorator to 2022-07-31T12:35:57.615365+00:00
[2022-08-01 12:35:57,627] {processor.py:171} INFO - Processing /home/airflow/.local/lib/python3.7/site-packages/airflow/example_dags/example_task_group_decorator.py took 0.361 seconds
[2022-08-01 12:40:13,099] {processor.py:163} INFO - Started process (PID=62) to work on /home/airflow/.local/lib/python3.7/site-packages/airflow/example_dags/example_task_group_decorator.py
[2022-08-01 12:40:13,102] {processor.py:625} INFO - Processing file /home/airflow/.local/lib/python3.7/site-packages/airflow/example_dags/example_task_group_decorator.py for tasks to queue
[2022-08-01 12:40:13,104] {logging_mixin.py:109} INFO - [2022-08-01 12:40:13,104] {dagbag.py:500} INFO - Filling up the DagBag from /home/airflow/.local/lib/python3.7/site-packages/airflow/example_dags/example_task_group_decorator.py
[2022-08-01 12:40:13,193] {processor.py:637} INFO - DAG(s) dict_keys(['example_task_group_decorator']) retrieved from /home/airflow/.local/lib/python3.7/site-packages/airflow/example_dags/example_task_group_decorator.py
[2022-08-01 12:40:13,741] {logging_mixin.py:109} INFO - [2022-08-01 12:40:13,741] {dag.py:2396} INFO - Sync 1 DAGs
[2022-08-01 12:40:13,765] {logging_mixin.py:109} INFO - [2022-08-01 12:40:13,765] {dag.py:2928} INFO - Setting next_dagrun for example_task_group_decorator to 2022-07-31T12:40:13.764877+00:00
[2022-08-01 12:40:13,788] {processor.py:171} INFO - Processing /home/airflow/.local/lib/python3.7/site-packages/airflow/example_dags/example_task_group_decorator.py took 0.700 seconds
[2022-08-01 12:40:44,780] {processor.py:163} INFO - Started process (PID=116) to work on /home/airflow/.local/lib/python3.7/site-packages/airflow/example_dags/example_task_group_decorator.py
[2022-08-01 12:40:44,789] {processor.py:625} INFO - Processing file /home/airflow/.local/lib/python3.7/site-packages/airflow/example_dags/example_task_group_decorator.py for tasks to queue
[2022-08-01 12:40:44,789] {logging_mixin.py:109} INFO - [2022-08-01 12:40:44,789] {dagbag.py:500} INFO - Filling up the DagBag from /home/airflow/.local/lib/python3.7/site-packages/airflow/example_dags/example_task_group_decorator.py
[2022-08-01 12:40:44,818] {processor.py:637} INFO - DAG(s) dict_keys(['example_task_group_decorator']) retrieved from /home/airflow/.local/lib/python3.7/site-packages/airflow/example_dags/example_task_group_decorator.py
[2022-08-01 12:40:45,004] {logging_mixin.py:109} INFO - [2022-08-01 12:40:45,004] {dag.py:2396} INFO - Sync 1 DAGs
[2022-08-01 12:40:45,013] {logging_mixin.py:109} INFO - [2022-08-01 12:40:45,013] {dag.py:2928} INFO - Setting next_dagrun for example_task_group_decorator to 2022-07-31T12:40:45.012811+00:00
[2022-08-01 12:40:45,022] {processor.py:171} INFO - Processing /home/airflow/.local/lib/python3.7/site-packages/airflow/example_dags/example_task_group_decorator.py took 0.246 seconds
[2022-08-01 13:20:41,580] {processor.py:163} INFO - Started process (PID=62) to work on /home/airflow/.local/lib/python3.7/site-packages/airflow/example_dags/example_task_group_decorator.py
[2022-08-01 13:20:41,583] {processor.py:625} INFO - Processing file /home/airflow/.local/lib/python3.7/site-packages/airflow/example_dags/example_task_group_decorator.py for tasks to queue
[2022-08-01 13:20:41,584] {logging_mixin.py:109} INFO - [2022-08-01 13:20:41,584] {dagbag.py:500} INFO - Filling up the DagBag from /home/airflow/.local/lib/python3.7/site-packages/airflow/example_dags/example_task_group_decorator.py
[2022-08-01 13:20:41,684] {processor.py:637} INFO - DAG(s) dict_keys(['example_task_group_decorator']) retrieved from /home/airflow/.local/lib/python3.7/site-packages/airflow/example_dags/example_task_group_decorator.py
[2022-08-01 13:20:42,844] {logging_mixin.py:109} INFO - [2022-08-01 13:20:42,843] {dag.py:2396} INFO - Sync 1 DAGs
[2022-08-01 13:20:42,915] {logging_mixin.py:109} INFO - [2022-08-01 13:20:42,915] {dag.py:2928} INFO - Setting next_dagrun for example_task_group_decorator to 2022-07-31T13:20:42.914614+00:00
[2022-08-01 13:20:42,981] {processor.py:171} INFO - Processing /home/airflow/.local/lib/python3.7/site-packages/airflow/example_dags/example_task_group_decorator.py took 1.408 seconds
[2022-08-01 13:21:16,949] {processor.py:163} INFO - Started process (PID=114) to work on /home/airflow/.local/lib/python3.7/site-packages/airflow/example_dags/example_task_group_decorator.py
[2022-08-01 13:21:16,953] {processor.py:625} INFO - Processing file /home/airflow/.local/lib/python3.7/site-packages/airflow/example_dags/example_task_group_decorator.py for tasks to queue
[2022-08-01 13:21:16,955] {logging_mixin.py:109} INFO - [2022-08-01 13:21:16,954] {dagbag.py:500} INFO - Filling up the DagBag from /home/airflow/.local/lib/python3.7/site-packages/airflow/example_dags/example_task_group_decorator.py
[2022-08-01 13:21:17,160] {processor.py:637} INFO - DAG(s) dict_keys(['example_task_group_decorator']) retrieved from /home/airflow/.local/lib/python3.7/site-packages/airflow/example_dags/example_task_group_decorator.py
[2022-08-01 13:21:18,080] {logging_mixin.py:109} INFO - [2022-08-01 13:21:18,080] {dag.py:2396} INFO - Sync 1 DAGs
[2022-08-01 13:21:18,157] {logging_mixin.py:109} INFO - [2022-08-01 13:21:18,157] {dag.py:2928} INFO - Setting next_dagrun for example_task_group_decorator to 2022-07-31T13:21:18.156641+00:00
[2022-08-01 13:21:18,187] {processor.py:171} INFO - Processing /home/airflow/.local/lib/python3.7/site-packages/airflow/example_dags/example_task_group_decorator.py took 1.255 seconds
[2022-08-01 13:21:48,647] {processor.py:163} INFO - Started process (PID=167) to work on /home/airflow/.local/lib/python3.7/site-packages/airflow/example_dags/example_task_group_decorator.py
[2022-08-01 13:21:48,656] {processor.py:625} INFO - Processing file /home/airflow/.local/lib/python3.7/site-packages/airflow/example_dags/example_task_group_decorator.py for tasks to queue
[2022-08-01 13:21:48,657] {logging_mixin.py:109} INFO - [2022-08-01 13:21:48,657] {dagbag.py:500} INFO - Filling up the DagBag from /home/airflow/.local/lib/python3.7/site-packages/airflow/example_dags/example_task_group_decorator.py
[2022-08-01 13:21:48,703] {processor.py:637} INFO - DAG(s) dict_keys(['example_task_group_decorator']) retrieved from /home/airflow/.local/lib/python3.7/site-packages/airflow/example_dags/example_task_group_decorator.py
[2022-08-01 13:21:49,031] {logging_mixin.py:109} INFO - [2022-08-01 13:21:49,031] {dag.py:2396} INFO - Sync 1 DAGs
[2022-08-01 13:21:49,047] {logging_mixin.py:109} INFO - [2022-08-01 13:21:49,047] {dag.py:2928} INFO - Setting next_dagrun for example_task_group_decorator to 2022-07-31T13:21:49.046970+00:00
[2022-08-01 13:21:49,060] {processor.py:171} INFO - Processing /home/airflow/.local/lib/python3.7/site-packages/airflow/example_dags/example_task_group_decorator.py took 0.417 seconds
[2022-08-01 13:22:19,617] {processor.py:163} INFO - Started process (PID=219) to work on /home/airflow/.local/lib/python3.7/site-packages/airflow/example_dags/example_task_group_decorator.py
[2022-08-01 13:22:19,621] {processor.py:625} INFO - Processing file /home/airflow/.local/lib/python3.7/site-packages/airflow/example_dags/example_task_group_decorator.py for tasks to queue
[2022-08-01 13:22:19,622] {logging_mixin.py:109} INFO - [2022-08-01 13:22:19,622] {dagbag.py:500} INFO - Filling up the DagBag from /home/airflow/.local/lib/python3.7/site-packages/airflow/example_dags/example_task_group_decorator.py
[2022-08-01 13:22:19,722] {processor.py:637} INFO - DAG(s) dict_keys(['example_task_group_decorator']) retrieved from /home/airflow/.local/lib/python3.7/site-packages/airflow/example_dags/example_task_group_decorator.py
[2022-08-01 13:22:19,964] {logging_mixin.py:109} INFO - [2022-08-01 13:22:19,964] {dag.py:2396} INFO - Sync 1 DAGs
[2022-08-01 13:22:19,976] {logging_mixin.py:109} INFO - [2022-08-01 13:22:19,976] {dag.py:2928} INFO - Setting next_dagrun for example_task_group_decorator to 2022-07-31T13:22:19.975948+00:00
[2022-08-01 13:22:19,991] {processor.py:171} INFO - Processing /home/airflow/.local/lib/python3.7/site-packages/airflow/example_dags/example_task_group_decorator.py took 0.377 seconds
[2022-08-01 13:22:50,041] {processor.py:163} INFO - Started process (PID=283) to work on /home/airflow/.local/lib/python3.7/site-packages/airflow/example_dags/example_task_group_decorator.py
[2022-08-01 13:22:50,042] {processor.py:625} INFO - Processing file /home/airflow/.local/lib/python3.7/site-packages/airflow/example_dags/example_task_group_decorator.py for tasks to queue
[2022-08-01 13:22:50,043] {logging_mixin.py:109} INFO - [2022-08-01 13:22:50,043] {dagbag.py:500} INFO - Filling up the DagBag from /home/airflow/.local/lib/python3.7/site-packages/airflow/example_dags/example_task_group_decorator.py
[2022-08-01 13:22:50,082] {processor.py:637} INFO - DAG(s) dict_keys(['example_task_group_decorator']) retrieved from /home/airflow/.local/lib/python3.7/site-packages/airflow/example_dags/example_task_group_decorator.py
[2022-08-01 13:22:50,336] {logging_mixin.py:109} INFO - [2022-08-01 13:22:50,336] {dag.py:2396} INFO - Sync 1 DAGs
[2022-08-01 13:22:50,349] {logging_mixin.py:109} INFO - [2022-08-01 13:22:50,348] {dag.py:2928} INFO - Setting next_dagrun for example_task_group_decorator to 2022-07-31T13:22:50.348771+00:00
[2022-08-01 13:22:50,364] {processor.py:171} INFO - Processing /home/airflow/.local/lib/python3.7/site-packages/airflow/example_dags/example_task_group_decorator.py took 0.325 seconds
[2022-08-01 13:23:21,303] {processor.py:163} INFO - Started process (PID=338) to work on /home/airflow/.local/lib/python3.7/site-packages/airflow/example_dags/example_task_group_decorator.py
[2022-08-01 13:23:21,312] {processor.py:625} INFO - Processing file /home/airflow/.local/lib/python3.7/site-packages/airflow/example_dags/example_task_group_decorator.py for tasks to queue
[2022-08-01 13:23:21,313] {logging_mixin.py:109} INFO - [2022-08-01 13:23:21,313] {dagbag.py:500} INFO - Filling up the DagBag from /home/airflow/.local/lib/python3.7/site-packages/airflow/example_dags/example_task_group_decorator.py
[2022-08-01 13:23:21,391] {processor.py:637} INFO - DAG(s) dict_keys(['example_task_group_decorator']) retrieved from /home/airflow/.local/lib/python3.7/site-packages/airflow/example_dags/example_task_group_decorator.py
[2022-08-01 13:23:21,568] {logging_mixin.py:109} INFO - [2022-08-01 13:23:21,568] {dag.py:2396} INFO - Sync 1 DAGs
[2022-08-01 13:23:21,576] {logging_mixin.py:109} INFO - [2022-08-01 13:23:21,576] {dag.py:2928} INFO - Setting next_dagrun for example_task_group_decorator to 2022-07-31T13:23:21.576207+00:00
[2022-08-01 13:23:21,589] {processor.py:171} INFO - Processing /home/airflow/.local/lib/python3.7/site-packages/airflow/example_dags/example_task_group_decorator.py took 0.288 seconds
[2022-08-01 13:23:51,627] {processor.py:163} INFO - Started process (PID=399) to work on /home/airflow/.local/lib/python3.7/site-packages/airflow/example_dags/example_task_group_decorator.py
[2022-08-01 13:23:51,632] {processor.py:625} INFO - Processing file /home/airflow/.local/lib/python3.7/site-packages/airflow/example_dags/example_task_group_decorator.py for tasks to queue
[2022-08-01 13:23:51,633] {logging_mixin.py:109} INFO - [2022-08-01 13:23:51,633] {dagbag.py:500} INFO - Filling up the DagBag from /home/airflow/.local/lib/python3.7/site-packages/airflow/example_dags/example_task_group_decorator.py
[2022-08-01 13:23:51,721] {processor.py:637} INFO - DAG(s) dict_keys(['example_task_group_decorator']) retrieved from /home/airflow/.local/lib/python3.7/site-packages/airflow/example_dags/example_task_group_decorator.py
[2022-08-01 13:23:52,067] {logging_mixin.py:109} INFO - [2022-08-01 13:23:52,067] {dag.py:2396} INFO - Sync 1 DAGs
[2022-08-01 13:23:52,083] {logging_mixin.py:109} INFO - [2022-08-01 13:23:52,083] {dag.py:2928} INFO - Setting next_dagrun for example_task_group_decorator to 2022-07-31T13:23:52.082927+00:00
[2022-08-01 13:23:52,115] {processor.py:171} INFO - Processing /home/airflow/.local/lib/python3.7/site-packages/airflow/example_dags/example_task_group_decorator.py took 0.496 seconds
[2022-08-01 13:24:22,654] {processor.py:163} INFO - Started process (PID=449) to work on /home/airflow/.local/lib/python3.7/site-packages/airflow/example_dags/example_task_group_decorator.py
[2022-08-01 13:24:22,659] {processor.py:625} INFO - Processing file /home/airflow/.local/lib/python3.7/site-packages/airflow/example_dags/example_task_group_decorator.py for tasks to queue
[2022-08-01 13:24:22,660] {logging_mixin.py:109} INFO - [2022-08-01 13:24:22,660] {dagbag.py:500} INFO - Filling up the DagBag from /home/airflow/.local/lib/python3.7/site-packages/airflow/example_dags/example_task_group_decorator.py
[2022-08-01 13:24:22,830] {processor.py:637} INFO - DAG(s) dict_keys(['example_task_group_decorator']) retrieved from /home/airflow/.local/lib/python3.7/site-packages/airflow/example_dags/example_task_group_decorator.py
[2022-08-01 13:24:24,102] {logging_mixin.py:109} INFO - [2022-08-01 13:24:24,102] {dag.py:2396} INFO - Sync 1 DAGs
[2022-08-01 13:24:24,184] {logging_mixin.py:109} INFO - [2022-08-01 13:24:24,183] {dag.py:2928} INFO - Setting next_dagrun for example_task_group_decorator to 2022-07-31T13:24:24.183220+00:00
[2022-08-01 13:24:24,256] {processor.py:171} INFO - Processing /home/airflow/.local/lib/python3.7/site-packages/airflow/example_dags/example_task_group_decorator.py took 1.619 seconds
[2022-08-01 13:24:55,536] {processor.py:163} INFO - Started process (PID=495) to work on /home/airflow/.local/lib/python3.7/site-packages/airflow/example_dags/example_task_group_decorator.py
[2022-08-01 13:24:55,538] {processor.py:625} INFO - Processing file /home/airflow/.local/lib/python3.7/site-packages/airflow/example_dags/example_task_group_decorator.py for tasks to queue
[2022-08-01 13:24:55,539] {logging_mixin.py:109} INFO - [2022-08-01 13:24:55,539] {dagbag.py:500} INFO - Filling up the DagBag from /home/airflow/.local/lib/python3.7/site-packages/airflow/example_dags/example_task_group_decorator.py
[2022-08-01 13:24:55,636] {processor.py:637} INFO - DAG(s) dict_keys(['example_task_group_decorator']) retrieved from /home/airflow/.local/lib/python3.7/site-packages/airflow/example_dags/example_task_group_decorator.py
[2022-08-01 13:24:56,095] {logging_mixin.py:109} INFO - [2022-08-01 13:24:56,095] {dag.py:2396} INFO - Sync 1 DAGs
[2022-08-01 13:24:56,114] {logging_mixin.py:109} INFO - [2022-08-01 13:24:56,114] {dag.py:2928} INFO - Setting next_dagrun for example_task_group_decorator to 2022-07-31T13:24:56.114015+00:00
[2022-08-01 13:24:56,132] {processor.py:171} INFO - Processing /home/airflow/.local/lib/python3.7/site-packages/airflow/example_dags/example_task_group_decorator.py took 0.606 seconds
[2022-08-01 13:25:26,928] {processor.py:163} INFO - Started process (PID=547) to work on /home/airflow/.local/lib/python3.7/site-packages/airflow/example_dags/example_task_group_decorator.py
[2022-08-01 13:25:26,929] {processor.py:625} INFO - Processing file /home/airflow/.local/lib/python3.7/site-packages/airflow/example_dags/example_task_group_decorator.py for tasks to queue
[2022-08-01 13:25:26,930] {logging_mixin.py:109} INFO - [2022-08-01 13:25:26,930] {dagbag.py:500} INFO - Filling up the DagBag from /home/airflow/.local/lib/python3.7/site-packages/airflow/example_dags/example_task_group_decorator.py
[2022-08-01 13:25:26,979] {processor.py:637} INFO - DAG(s) dict_keys(['example_task_group_decorator']) retrieved from /home/airflow/.local/lib/python3.7/site-packages/airflow/example_dags/example_task_group_decorator.py
[2022-08-01 13:25:27,286] {logging_mixin.py:109} INFO - [2022-08-01 13:25:27,286] {dag.py:2396} INFO - Sync 1 DAGs
[2022-08-01 13:25:27,299] {logging_mixin.py:109} INFO - [2022-08-01 13:25:27,299] {dag.py:2928} INFO - Setting next_dagrun for example_task_group_decorator to 2022-07-31T13:25:27.298790+00:00
[2022-08-01 13:25:27,316] {processor.py:171} INFO - Processing /home/airflow/.local/lib/python3.7/site-packages/airflow/example_dags/example_task_group_decorator.py took 0.391 seconds
[2022-08-01 13:25:58,308] {processor.py:163} INFO - Started process (PID=609) to work on /home/airflow/.local/lib/python3.7/site-packages/airflow/example_dags/example_task_group_decorator.py
[2022-08-01 13:25:58,323] {processor.py:625} INFO - Processing file /home/airflow/.local/lib/python3.7/site-packages/airflow/example_dags/example_task_group_decorator.py for tasks to queue
[2022-08-01 13:25:58,324] {logging_mixin.py:109} INFO - [2022-08-01 13:25:58,324] {dagbag.py:500} INFO - Filling up the DagBag from /home/airflow/.local/lib/python3.7/site-packages/airflow/example_dags/example_task_group_decorator.py
[2022-08-01 13:25:58,398] {processor.py:637} INFO - DAG(s) dict_keys(['example_task_group_decorator']) retrieved from /home/airflow/.local/lib/python3.7/site-packages/airflow/example_dags/example_task_group_decorator.py
[2022-08-01 13:25:58,855] {logging_mixin.py:109} INFO - [2022-08-01 13:25:58,855] {dag.py:2396} INFO - Sync 1 DAGs
[2022-08-01 13:25:58,877] {logging_mixin.py:109} INFO - [2022-08-01 13:25:58,877] {dag.py:2928} INFO - Setting next_dagrun for example_task_group_decorator to 2022-07-31T13:25:58.876871+00:00
[2022-08-01 13:25:58,894] {processor.py:171} INFO - Processing /home/airflow/.local/lib/python3.7/site-packages/airflow/example_dags/example_task_group_decorator.py took 0.600 seconds
[2022-08-01 13:26:29,012] {processor.py:163} INFO - Started process (PID=661) to work on /home/airflow/.local/lib/python3.7/site-packages/airflow/example_dags/example_task_group_decorator.py
[2022-08-01 13:26:29,014] {processor.py:625} INFO - Processing file /home/airflow/.local/lib/python3.7/site-packages/airflow/example_dags/example_task_group_decorator.py for tasks to queue
[2022-08-01 13:26:29,014] {logging_mixin.py:109} INFO - [2022-08-01 13:26:29,014] {dagbag.py:500} INFO - Filling up the DagBag from /home/airflow/.local/lib/python3.7/site-packages/airflow/example_dags/example_task_group_decorator.py
[2022-08-01 13:26:29,066] {processor.py:637} INFO - DAG(s) dict_keys(['example_task_group_decorator']) retrieved from /home/airflow/.local/lib/python3.7/site-packages/airflow/example_dags/example_task_group_decorator.py
[2022-08-01 13:26:29,397] {logging_mixin.py:109} INFO - [2022-08-01 13:26:29,396] {dag.py:2396} INFO - Sync 1 DAGs
[2022-08-01 13:26:29,411] {logging_mixin.py:109} INFO - [2022-08-01 13:26:29,411] {dag.py:2928} INFO - Setting next_dagrun for example_task_group_decorator to 2022-07-31T13:26:29.411616+00:00
[2022-08-01 13:26:29,435] {processor.py:171} INFO - Processing /home/airflow/.local/lib/python3.7/site-packages/airflow/example_dags/example_task_group_decorator.py took 0.426 seconds
[2022-08-01 13:27:00,408] {processor.py:163} INFO - Started process (PID=713) to work on /home/airflow/.local/lib/python3.7/site-packages/airflow/example_dags/example_task_group_decorator.py
[2022-08-01 13:27:00,410] {processor.py:625} INFO - Processing file /home/airflow/.local/lib/python3.7/site-packages/airflow/example_dags/example_task_group_decorator.py for tasks to queue
[2022-08-01 13:27:00,411] {logging_mixin.py:109} INFO - [2022-08-01 13:27:00,411] {dagbag.py:500} INFO - Filling up the DagBag from /home/airflow/.local/lib/python3.7/site-packages/airflow/example_dags/example_task_group_decorator.py
[2022-08-01 13:27:00,471] {processor.py:637} INFO - DAG(s) dict_keys(['example_task_group_decorator']) retrieved from /home/airflow/.local/lib/python3.7/site-packages/airflow/example_dags/example_task_group_decorator.py
[2022-08-01 13:27:00,883] {logging_mixin.py:109} INFO - [2022-08-01 13:27:00,883] {dag.py:2396} INFO - Sync 1 DAGs
[2022-08-01 13:27:00,899] {logging_mixin.py:109} INFO - [2022-08-01 13:27:00,899] {dag.py:2928} INFO - Setting next_dagrun for example_task_group_decorator to 2022-07-31T13:27:00.899178+00:00
[2022-08-01 13:27:00,914] {processor.py:171} INFO - Processing /home/airflow/.local/lib/python3.7/site-packages/airflow/example_dags/example_task_group_decorator.py took 0.510 seconds
[2022-08-01 13:27:31,076] {processor.py:163} INFO - Started process (PID=774) to work on /home/airflow/.local/lib/python3.7/site-packages/airflow/example_dags/example_task_group_decorator.py
[2022-08-01 13:27:31,081] {processor.py:625} INFO - Processing file /home/airflow/.local/lib/python3.7/site-packages/airflow/example_dags/example_task_group_decorator.py for tasks to queue
[2022-08-01 13:27:31,082] {logging_mixin.py:109} INFO - [2022-08-01 13:27:31,082] {dagbag.py:500} INFO - Filling up the DagBag from /home/airflow/.local/lib/python3.7/site-packages/airflow/example_dags/example_task_group_decorator.py
[2022-08-01 13:27:31,130] {processor.py:637} INFO - DAG(s) dict_keys(['example_task_group_decorator']) retrieved from /home/airflow/.local/lib/python3.7/site-packages/airflow/example_dags/example_task_group_decorator.py
[2022-08-01 13:27:31,470] {logging_mixin.py:109} INFO - [2022-08-01 13:27:31,469] {dag.py:2396} INFO - Sync 1 DAGs
[2022-08-01 13:27:31,486] {logging_mixin.py:109} INFO - [2022-08-01 13:27:31,486] {dag.py:2928} INFO - Setting next_dagrun for example_task_group_decorator to 2022-07-31T13:27:31.485998+00:00
[2022-08-01 13:27:31,500] {processor.py:171} INFO - Processing /home/airflow/.local/lib/python3.7/site-packages/airflow/example_dags/example_task_group_decorator.py took 0.427 seconds
[2022-08-01 13:28:01,570] {processor.py:163} INFO - Started process (PID=826) to work on /home/airflow/.local/lib/python3.7/site-packages/airflow/example_dags/example_task_group_decorator.py
[2022-08-01 13:28:01,580] {processor.py:625} INFO - Processing file /home/airflow/.local/lib/python3.7/site-packages/airflow/example_dags/example_task_group_decorator.py for tasks to queue
[2022-08-01 13:28:01,580] {logging_mixin.py:109} INFO - [2022-08-01 13:28:01,580] {dagbag.py:500} INFO - Filling up the DagBag from /home/airflow/.local/lib/python3.7/site-packages/airflow/example_dags/example_task_group_decorator.py
[2022-08-01 13:28:01,611] {processor.py:637} INFO - DAG(s) dict_keys(['example_task_group_decorator']) retrieved from /home/airflow/.local/lib/python3.7/site-packages/airflow/example_dags/example_task_group_decorator.py
[2022-08-01 13:28:01,785] {logging_mixin.py:109} INFO - [2022-08-01 13:28:01,785] {dag.py:2396} INFO - Sync 1 DAGs
[2022-08-01 13:28:01,794] {logging_mixin.py:109} INFO - [2022-08-01 13:28:01,794] {dag.py:2928} INFO - Setting next_dagrun for example_task_group_decorator to 2022-07-31T13:28:01.794622+00:00
[2022-08-01 13:28:01,804] {processor.py:171} INFO - Processing /home/airflow/.local/lib/python3.7/site-packages/airflow/example_dags/example_task_group_decorator.py took 0.237 seconds
[2022-08-01 13:28:32,397] {processor.py:163} INFO - Started process (PID=878) to work on /home/airflow/.local/lib/python3.7/site-packages/airflow/example_dags/example_task_group_decorator.py
[2022-08-01 13:28:32,403] {processor.py:625} INFO - Processing file /home/airflow/.local/lib/python3.7/site-packages/airflow/example_dags/example_task_group_decorator.py for tasks to queue
[2022-08-01 13:28:32,404] {logging_mixin.py:109} INFO - [2022-08-01 13:28:32,404] {dagbag.py:500} INFO - Filling up the DagBag from /home/airflow/.local/lib/python3.7/site-packages/airflow/example_dags/example_task_group_decorator.py
[2022-08-01 13:28:32,477] {processor.py:637} INFO - DAG(s) dict_keys(['example_task_group_decorator']) retrieved from /home/airflow/.local/lib/python3.7/site-packages/airflow/example_dags/example_task_group_decorator.py
[2022-08-01 13:28:32,936] {logging_mixin.py:109} INFO - [2022-08-01 13:28:32,936] {dag.py:2396} INFO - Sync 1 DAGs
[2022-08-01 13:28:32,965] {logging_mixin.py:109} INFO - [2022-08-01 13:28:32,965] {dag.py:2928} INFO - Setting next_dagrun for example_task_group_decorator to 2022-07-31T13:28:32.965099+00:00
[2022-08-01 13:28:32,994] {processor.py:171} INFO - Processing /home/airflow/.local/lib/python3.7/site-packages/airflow/example_dags/example_task_group_decorator.py took 0.608 seconds
[2022-08-01 13:29:03,770] {processor.py:163} INFO - Started process (PID=939) to work on /home/airflow/.local/lib/python3.7/site-packages/airflow/example_dags/example_task_group_decorator.py
[2022-08-01 13:29:03,776] {processor.py:625} INFO - Processing file /home/airflow/.local/lib/python3.7/site-packages/airflow/example_dags/example_task_group_decorator.py for tasks to queue
[2022-08-01 13:29:03,778] {logging_mixin.py:109} INFO - [2022-08-01 13:29:03,778] {dagbag.py:500} INFO - Filling up the DagBag from /home/airflow/.local/lib/python3.7/site-packages/airflow/example_dags/example_task_group_decorator.py
[2022-08-01 13:29:03,828] {processor.py:637} INFO - DAG(s) dict_keys(['example_task_group_decorator']) retrieved from /home/airflow/.local/lib/python3.7/site-packages/airflow/example_dags/example_task_group_decorator.py
[2022-08-01 13:29:04,295] {logging_mixin.py:109} INFO - [2022-08-01 13:29:04,295] {dag.py:2396} INFO - Sync 1 DAGs
[2022-08-01 13:29:04,320] {logging_mixin.py:109} INFO - [2022-08-01 13:29:04,320] {dag.py:2928} INFO - Setting next_dagrun for example_task_group_decorator to 2022-07-31T13:29:04.319855+00:00
[2022-08-01 13:29:04,347] {processor.py:171} INFO - Processing /home/airflow/.local/lib/python3.7/site-packages/airflow/example_dags/example_task_group_decorator.py took 0.584 seconds
[2022-08-01 13:29:35,112] {processor.py:163} INFO - Started process (PID=991) to work on /home/airflow/.local/lib/python3.7/site-packages/airflow/example_dags/example_task_group_decorator.py
[2022-08-01 13:29:35,113] {processor.py:625} INFO - Processing file /home/airflow/.local/lib/python3.7/site-packages/airflow/example_dags/example_task_group_decorator.py for tasks to queue
[2022-08-01 13:29:35,113] {logging_mixin.py:109} INFO - [2022-08-01 13:29:35,113] {dagbag.py:500} INFO - Filling up the DagBag from /home/airflow/.local/lib/python3.7/site-packages/airflow/example_dags/example_task_group_decorator.py
[2022-08-01 13:29:35,137] {processor.py:637} INFO - DAG(s) dict_keys(['example_task_group_decorator']) retrieved from /home/airflow/.local/lib/python3.7/site-packages/airflow/example_dags/example_task_group_decorator.py
[2022-08-01 13:29:35,347] {logging_mixin.py:109} INFO - [2022-08-01 13:29:35,347] {dag.py:2396} INFO - Sync 1 DAGs
[2022-08-01 13:29:35,356] {logging_mixin.py:109} INFO - [2022-08-01 13:29:35,356] {dag.py:2928} INFO - Setting next_dagrun for example_task_group_decorator to 2022-07-31T13:29:35.356364+00:00
[2022-08-01 13:29:35,375] {processor.py:171} INFO - Processing /home/airflow/.local/lib/python3.7/site-packages/airflow/example_dags/example_task_group_decorator.py took 0.266 seconds
[2022-08-01 13:30:05,751] {processor.py:163} INFO - Started process (PID=1053) to work on /home/airflow/.local/lib/python3.7/site-packages/airflow/example_dags/example_task_group_decorator.py
[2022-08-01 13:30:05,761] {processor.py:625} INFO - Processing file /home/airflow/.local/lib/python3.7/site-packages/airflow/example_dags/example_task_group_decorator.py for tasks to queue
[2022-08-01 13:30:05,761] {logging_mixin.py:109} INFO - [2022-08-01 13:30:05,761] {dagbag.py:500} INFO - Filling up the DagBag from /home/airflow/.local/lib/python3.7/site-packages/airflow/example_dags/example_task_group_decorator.py
[2022-08-01 13:30:05,802] {processor.py:637} INFO - DAG(s) dict_keys(['example_task_group_decorator']) retrieved from /home/airflow/.local/lib/python3.7/site-packages/airflow/example_dags/example_task_group_decorator.py
[2022-08-01 13:30:06,127] {logging_mixin.py:109} INFO - [2022-08-01 13:30:06,127] {dag.py:2396} INFO - Sync 1 DAGs
[2022-08-01 13:30:06,145] {logging_mixin.py:109} INFO - [2022-08-01 13:30:06,145] {dag.py:2928} INFO - Setting next_dagrun for example_task_group_decorator to 2022-07-31T13:30:06.144762+00:00
[2022-08-01 13:30:06,161] {processor.py:171} INFO - Processing /home/airflow/.local/lib/python3.7/site-packages/airflow/example_dags/example_task_group_decorator.py took 0.413 seconds
