[2022-08-01 12:25:36,357] {processor.py:163} INFO - Started process (PID=51) to work on /home/airflow/.local/lib/python3.7/site-packages/airflow/example_dags/tutorial_taskflow_api_etl.py
[2022-08-01 12:25:36,359] {processor.py:625} INFO - Processing file /home/airflow/.local/lib/python3.7/site-packages/airflow/example_dags/tutorial_taskflow_api_etl.py for tasks to queue
[2022-08-01 12:25:36,360] {logging_mixin.py:109} INFO - [2022-08-01 12:25:36,360] {dagbag.py:500} INFO - Filling up the DagBag from /home/airflow/.local/lib/python3.7/site-packages/airflow/example_dags/tutorial_taskflow_api_etl.py
[2022-08-01 12:25:36,415] {processor.py:637} INFO - DAG(s) dict_keys(['tutorial_taskflow_api_etl']) retrieved from /home/airflow/.local/lib/python3.7/site-packages/airflow/example_dags/tutorial_taskflow_api_etl.py
[2022-08-01 12:25:36,826] {logging_mixin.py:109} INFO - [2022-08-01 12:25:36,825] {dag.py:2396} INFO - Sync 1 DAGs
[2022-08-01 12:25:36,847] {logging_mixin.py:109} INFO - [2022-08-01 12:25:36,847] {dag.py:2928} INFO - Setting next_dagrun for tutorial_taskflow_api_etl to None
[2022-08-01 12:25:36,864] {processor.py:171} INFO - Processing /home/airflow/.local/lib/python3.7/site-packages/airflow/example_dags/tutorial_taskflow_api_etl.py took 0.515 seconds
[2022-08-01 12:26:07,001] {processor.py:163} INFO - Started process (PID=104) to work on /home/airflow/.local/lib/python3.7/site-packages/airflow/example_dags/tutorial_taskflow_api_etl.py
[2022-08-01 12:26:07,003] {processor.py:625} INFO - Processing file /home/airflow/.local/lib/python3.7/site-packages/airflow/example_dags/tutorial_taskflow_api_etl.py for tasks to queue
[2022-08-01 12:26:07,004] {logging_mixin.py:109} INFO - [2022-08-01 12:26:07,004] {dagbag.py:500} INFO - Filling up the DagBag from /home/airflow/.local/lib/python3.7/site-packages/airflow/example_dags/tutorial_taskflow_api_etl.py
[2022-08-01 12:26:07,039] {processor.py:637} INFO - DAG(s) dict_keys(['tutorial_taskflow_api_etl']) retrieved from /home/airflow/.local/lib/python3.7/site-packages/airflow/example_dags/tutorial_taskflow_api_etl.py
[2022-08-01 12:26:07,313] {logging_mixin.py:109} INFO - [2022-08-01 12:26:07,312] {dag.py:2396} INFO - Sync 1 DAGs
[2022-08-01 12:26:07,327] {logging_mixin.py:109} INFO - [2022-08-01 12:26:07,327] {dag.py:2928} INFO - Setting next_dagrun for tutorial_taskflow_api_etl to None
[2022-08-01 12:26:07,347] {processor.py:171} INFO - Processing /home/airflow/.local/lib/python3.7/site-packages/airflow/example_dags/tutorial_taskflow_api_etl.py took 0.349 seconds
[2022-08-01 12:26:37,571] {processor.py:163} INFO - Started process (PID=156) to work on /home/airflow/.local/lib/python3.7/site-packages/airflow/example_dags/tutorial_taskflow_api_etl.py
[2022-08-01 12:26:37,573] {processor.py:625} INFO - Processing file /home/airflow/.local/lib/python3.7/site-packages/airflow/example_dags/tutorial_taskflow_api_etl.py for tasks to queue
[2022-08-01 12:26:37,573] {logging_mixin.py:109} INFO - [2022-08-01 12:26:37,573] {dagbag.py:500} INFO - Filling up the DagBag from /home/airflow/.local/lib/python3.7/site-packages/airflow/example_dags/tutorial_taskflow_api_etl.py
[2022-08-01 12:26:37,608] {processor.py:637} INFO - DAG(s) dict_keys(['tutorial_taskflow_api_etl']) retrieved from /home/airflow/.local/lib/python3.7/site-packages/airflow/example_dags/tutorial_taskflow_api_etl.py
[2022-08-01 12:26:37,924] {logging_mixin.py:109} INFO - [2022-08-01 12:26:37,924] {dag.py:2396} INFO - Sync 1 DAGs
[2022-08-01 12:26:37,938] {logging_mixin.py:109} INFO - [2022-08-01 12:26:37,938] {dag.py:2928} INFO - Setting next_dagrun for tutorial_taskflow_api_etl to None
[2022-08-01 12:26:37,949] {processor.py:171} INFO - Processing /home/airflow/.local/lib/python3.7/site-packages/airflow/example_dags/tutorial_taskflow_api_etl.py took 0.382 seconds
[2022-08-01 12:27:08,561] {processor.py:163} INFO - Started process (PID=219) to work on /home/airflow/.local/lib/python3.7/site-packages/airflow/example_dags/tutorial_taskflow_api_etl.py
[2022-08-01 12:27:08,562] {processor.py:625} INFO - Processing file /home/airflow/.local/lib/python3.7/site-packages/airflow/example_dags/tutorial_taskflow_api_etl.py for tasks to queue
[2022-08-01 12:27:08,563] {logging_mixin.py:109} INFO - [2022-08-01 12:27:08,563] {dagbag.py:500} INFO - Filling up the DagBag from /home/airflow/.local/lib/python3.7/site-packages/airflow/example_dags/tutorial_taskflow_api_etl.py
[2022-08-01 12:27:08,610] {processor.py:637} INFO - DAG(s) dict_keys(['tutorial_taskflow_api_etl']) retrieved from /home/airflow/.local/lib/python3.7/site-packages/airflow/example_dags/tutorial_taskflow_api_etl.py
[2022-08-01 12:27:09,051] {logging_mixin.py:109} INFO - [2022-08-01 12:27:09,051] {dag.py:2396} INFO - Sync 1 DAGs
[2022-08-01 12:27:09,070] {logging_mixin.py:109} INFO - [2022-08-01 12:27:09,070] {dag.py:2928} INFO - Setting next_dagrun for tutorial_taskflow_api_etl to None
[2022-08-01 12:27:09,085] {processor.py:171} INFO - Processing /home/airflow/.local/lib/python3.7/site-packages/airflow/example_dags/tutorial_taskflow_api_etl.py took 0.528 seconds
[2022-08-01 12:27:39,223] {processor.py:163} INFO - Started process (PID=272) to work on /home/airflow/.local/lib/python3.7/site-packages/airflow/example_dags/tutorial_taskflow_api_etl.py
[2022-08-01 12:27:39,224] {processor.py:625} INFO - Processing file /home/airflow/.local/lib/python3.7/site-packages/airflow/example_dags/tutorial_taskflow_api_etl.py for tasks to queue
[2022-08-01 12:27:39,224] {logging_mixin.py:109} INFO - [2022-08-01 12:27:39,224] {dagbag.py:500} INFO - Filling up the DagBag from /home/airflow/.local/lib/python3.7/site-packages/airflow/example_dags/tutorial_taskflow_api_etl.py
[2022-08-01 12:27:39,245] {processor.py:637} INFO - DAG(s) dict_keys(['tutorial_taskflow_api_etl']) retrieved from /home/airflow/.local/lib/python3.7/site-packages/airflow/example_dags/tutorial_taskflow_api_etl.py
[2022-08-01 12:27:39,399] {logging_mixin.py:109} INFO - [2022-08-01 12:27:39,399] {dag.py:2396} INFO - Sync 1 DAGs
[2022-08-01 12:27:39,406] {logging_mixin.py:109} INFO - [2022-08-01 12:27:39,406] {dag.py:2928} INFO - Setting next_dagrun for tutorial_taskflow_api_etl to None
[2022-08-01 12:27:39,417] {processor.py:171} INFO - Processing /home/airflow/.local/lib/python3.7/site-packages/airflow/example_dags/tutorial_taskflow_api_etl.py took 0.197 seconds
[2022-08-01 12:28:10,288] {processor.py:163} INFO - Started process (PID=330) to work on /home/airflow/.local/lib/python3.7/site-packages/airflow/example_dags/tutorial_taskflow_api_etl.py
[2022-08-01 12:28:10,288] {processor.py:625} INFO - Processing file /home/airflow/.local/lib/python3.7/site-packages/airflow/example_dags/tutorial_taskflow_api_etl.py for tasks to queue
[2022-08-01 12:28:10,289] {logging_mixin.py:109} INFO - [2022-08-01 12:28:10,289] {dagbag.py:500} INFO - Filling up the DagBag from /home/airflow/.local/lib/python3.7/site-packages/airflow/example_dags/tutorial_taskflow_api_etl.py
[2022-08-01 12:28:10,309] {processor.py:637} INFO - DAG(s) dict_keys(['tutorial_taskflow_api_etl']) retrieved from /home/airflow/.local/lib/python3.7/site-packages/airflow/example_dags/tutorial_taskflow_api_etl.py
[2022-08-01 12:28:10,490] {logging_mixin.py:109} INFO - [2022-08-01 12:28:10,490] {dag.py:2396} INFO - Sync 1 DAGs
[2022-08-01 12:28:10,498] {logging_mixin.py:109} INFO - [2022-08-01 12:28:10,498] {dag.py:2928} INFO - Setting next_dagrun for tutorial_taskflow_api_etl to None
[2022-08-01 12:28:10,506] {processor.py:171} INFO - Processing /home/airflow/.local/lib/python3.7/site-packages/airflow/example_dags/tutorial_taskflow_api_etl.py took 0.221 seconds
[2022-08-01 12:28:40,969] {processor.py:163} INFO - Started process (PID=382) to work on /home/airflow/.local/lib/python3.7/site-packages/airflow/example_dags/tutorial_taskflow_api_etl.py
[2022-08-01 12:28:40,971] {processor.py:625} INFO - Processing file /home/airflow/.local/lib/python3.7/site-packages/airflow/example_dags/tutorial_taskflow_api_etl.py for tasks to queue
[2022-08-01 12:28:40,971] {logging_mixin.py:109} INFO - [2022-08-01 12:28:40,971] {dagbag.py:500} INFO - Filling up the DagBag from /home/airflow/.local/lib/python3.7/site-packages/airflow/example_dags/tutorial_taskflow_api_etl.py
[2022-08-01 12:28:40,995] {processor.py:637} INFO - DAG(s) dict_keys(['tutorial_taskflow_api_etl']) retrieved from /home/airflow/.local/lib/python3.7/site-packages/airflow/example_dags/tutorial_taskflow_api_etl.py
[2022-08-01 12:28:41,204] {logging_mixin.py:109} INFO - [2022-08-01 12:28:41,203] {dag.py:2396} INFO - Sync 1 DAGs
[2022-08-01 12:28:41,213] {logging_mixin.py:109} INFO - [2022-08-01 12:28:41,213] {dag.py:2928} INFO - Setting next_dagrun for tutorial_taskflow_api_etl to None
[2022-08-01 12:28:41,221] {processor.py:171} INFO - Processing /home/airflow/.local/lib/python3.7/site-packages/airflow/example_dags/tutorial_taskflow_api_etl.py took 0.254 seconds
[2022-08-01 12:29:12,010] {processor.py:163} INFO - Started process (PID=443) to work on /home/airflow/.local/lib/python3.7/site-packages/airflow/example_dags/tutorial_taskflow_api_etl.py
[2022-08-01 12:29:12,011] {processor.py:625} INFO - Processing file /home/airflow/.local/lib/python3.7/site-packages/airflow/example_dags/tutorial_taskflow_api_etl.py for tasks to queue
[2022-08-01 12:29:12,011] {logging_mixin.py:109} INFO - [2022-08-01 12:29:12,011] {dagbag.py:500} INFO - Filling up the DagBag from /home/airflow/.local/lib/python3.7/site-packages/airflow/example_dags/tutorial_taskflow_api_etl.py
[2022-08-01 12:29:12,045] {processor.py:637} INFO - DAG(s) dict_keys(['tutorial_taskflow_api_etl']) retrieved from /home/airflow/.local/lib/python3.7/site-packages/airflow/example_dags/tutorial_taskflow_api_etl.py
[2022-08-01 12:29:12,344] {logging_mixin.py:109} INFO - [2022-08-01 12:29:12,344] {dag.py:2396} INFO - Sync 1 DAGs
[2022-08-01 12:29:12,359] {logging_mixin.py:109} INFO - [2022-08-01 12:29:12,359] {dag.py:2928} INFO - Setting next_dagrun for tutorial_taskflow_api_etl to None
[2022-08-01 12:29:12,374] {processor.py:171} INFO - Processing /home/airflow/.local/lib/python3.7/site-packages/airflow/example_dags/tutorial_taskflow_api_etl.py took 0.368 seconds
[2022-08-01 12:29:42,765] {processor.py:163} INFO - Started process (PID=495) to work on /home/airflow/.local/lib/python3.7/site-packages/airflow/example_dags/tutorial_taskflow_api_etl.py
[2022-08-01 12:29:42,767] {processor.py:625} INFO - Processing file /home/airflow/.local/lib/python3.7/site-packages/airflow/example_dags/tutorial_taskflow_api_etl.py for tasks to queue
[2022-08-01 12:29:42,767] {logging_mixin.py:109} INFO - [2022-08-01 12:29:42,767] {dagbag.py:500} INFO - Filling up the DagBag from /home/airflow/.local/lib/python3.7/site-packages/airflow/example_dags/tutorial_taskflow_api_etl.py
[2022-08-01 12:29:42,796] {processor.py:637} INFO - DAG(s) dict_keys(['tutorial_taskflow_api_etl']) retrieved from /home/airflow/.local/lib/python3.7/site-packages/airflow/example_dags/tutorial_taskflow_api_etl.py
[2022-08-01 12:29:43,037] {logging_mixin.py:109} INFO - [2022-08-01 12:29:43,037] {dag.py:2396} INFO - Sync 1 DAGs
[2022-08-01 12:29:43,049] {logging_mixin.py:109} INFO - [2022-08-01 12:29:43,049] {dag.py:2928} INFO - Setting next_dagrun for tutorial_taskflow_api_etl to None
[2022-08-01 12:29:43,060] {processor.py:171} INFO - Processing /home/airflow/.local/lib/python3.7/site-packages/airflow/example_dags/tutorial_taskflow_api_etl.py took 0.298 seconds
[2022-08-01 12:30:13,276] {processor.py:163} INFO - Started process (PID=558) to work on /home/airflow/.local/lib/python3.7/site-packages/airflow/example_dags/tutorial_taskflow_api_etl.py
[2022-08-01 12:30:13,278] {processor.py:625} INFO - Processing file /home/airflow/.local/lib/python3.7/site-packages/airflow/example_dags/tutorial_taskflow_api_etl.py for tasks to queue
[2022-08-01 12:30:13,279] {logging_mixin.py:109} INFO - [2022-08-01 12:30:13,278] {dagbag.py:500} INFO - Filling up the DagBag from /home/airflow/.local/lib/python3.7/site-packages/airflow/example_dags/tutorial_taskflow_api_etl.py
[2022-08-01 12:30:13,318] {processor.py:637} INFO - DAG(s) dict_keys(['tutorial_taskflow_api_etl']) retrieved from /home/airflow/.local/lib/python3.7/site-packages/airflow/example_dags/tutorial_taskflow_api_etl.py
[2022-08-01 12:30:13,660] {logging_mixin.py:109} INFO - [2022-08-01 12:30:13,660] {dag.py:2396} INFO - Sync 1 DAGs
[2022-08-01 12:30:13,676] {logging_mixin.py:109} INFO - [2022-08-01 12:30:13,676] {dag.py:2928} INFO - Setting next_dagrun for tutorial_taskflow_api_etl to None
[2022-08-01 12:30:13,688] {processor.py:171} INFO - Processing /home/airflow/.local/lib/python3.7/site-packages/airflow/example_dags/tutorial_taskflow_api_etl.py took 0.418 seconds
[2022-08-01 12:30:46,038] {processor.py:163} INFO - Started process (PID=611) to work on /home/airflow/.local/lib/python3.7/site-packages/airflow/example_dags/tutorial_taskflow_api_etl.py
[2022-08-01 12:30:46,052] {processor.py:625} INFO - Processing file /home/airflow/.local/lib/python3.7/site-packages/airflow/example_dags/tutorial_taskflow_api_etl.py for tasks to queue
[2022-08-01 12:30:46,054] {logging_mixin.py:109} INFO - [2022-08-01 12:30:46,054] {dagbag.py:500} INFO - Filling up the DagBag from /home/airflow/.local/lib/python3.7/site-packages/airflow/example_dags/tutorial_taskflow_api_etl.py
[2022-08-01 12:30:46,163] {processor.py:637} INFO - DAG(s) dict_keys(['tutorial_taskflow_api_etl']) retrieved from /home/airflow/.local/lib/python3.7/site-packages/airflow/example_dags/tutorial_taskflow_api_etl.py
[2022-08-01 12:30:46,858] {logging_mixin.py:109} INFO - [2022-08-01 12:30:46,858] {dag.py:2396} INFO - Sync 1 DAGs
[2022-08-01 12:30:46,887] {logging_mixin.py:109} INFO - [2022-08-01 12:30:46,887] {dag.py:2928} INFO - Setting next_dagrun for tutorial_taskflow_api_etl to None
[2022-08-01 12:30:46,912] {processor.py:171} INFO - Processing /home/airflow/.local/lib/python3.7/site-packages/airflow/example_dags/tutorial_taskflow_api_etl.py took 0.890 seconds
[2022-08-01 12:31:17,226] {processor.py:163} INFO - Started process (PID=663) to work on /home/airflow/.local/lib/python3.7/site-packages/airflow/example_dags/tutorial_taskflow_api_etl.py
[2022-08-01 12:31:17,228] {processor.py:625} INFO - Processing file /home/airflow/.local/lib/python3.7/site-packages/airflow/example_dags/tutorial_taskflow_api_etl.py for tasks to queue
[2022-08-01 12:31:17,228] {logging_mixin.py:109} INFO - [2022-08-01 12:31:17,228] {dagbag.py:500} INFO - Filling up the DagBag from /home/airflow/.local/lib/python3.7/site-packages/airflow/example_dags/tutorial_taskflow_api_etl.py
[2022-08-01 12:31:17,255] {processor.py:637} INFO - DAG(s) dict_keys(['tutorial_taskflow_api_etl']) retrieved from /home/airflow/.local/lib/python3.7/site-packages/airflow/example_dags/tutorial_taskflow_api_etl.py
[2022-08-01 12:31:17,481] {logging_mixin.py:109} INFO - [2022-08-01 12:31:17,481] {dag.py:2396} INFO - Sync 1 DAGs
[2022-08-01 12:31:17,497] {logging_mixin.py:109} INFO - [2022-08-01 12:31:17,497] {dag.py:2928} INFO - Setting next_dagrun for tutorial_taskflow_api_etl to None
[2022-08-01 12:31:17,513] {processor.py:171} INFO - Processing /home/airflow/.local/lib/python3.7/site-packages/airflow/example_dags/tutorial_taskflow_api_etl.py took 0.289 seconds
[2022-08-01 12:31:48,270] {processor.py:163} INFO - Started process (PID=724) to work on /home/airflow/.local/lib/python3.7/site-packages/airflow/example_dags/tutorial_taskflow_api_etl.py
[2022-08-01 12:31:48,275] {processor.py:625} INFO - Processing file /home/airflow/.local/lib/python3.7/site-packages/airflow/example_dags/tutorial_taskflow_api_etl.py for tasks to queue
[2022-08-01 12:31:48,276] {logging_mixin.py:109} INFO - [2022-08-01 12:31:48,276] {dagbag.py:500} INFO - Filling up the DagBag from /home/airflow/.local/lib/python3.7/site-packages/airflow/example_dags/tutorial_taskflow_api_etl.py
[2022-08-01 12:31:48,311] {processor.py:637} INFO - DAG(s) dict_keys(['tutorial_taskflow_api_etl']) retrieved from /home/airflow/.local/lib/python3.7/site-packages/airflow/example_dags/tutorial_taskflow_api_etl.py
[2022-08-01 12:31:48,658] {logging_mixin.py:109} INFO - [2022-08-01 12:31:48,657] {dag.py:2396} INFO - Sync 1 DAGs
[2022-08-01 12:31:48,675] {logging_mixin.py:109} INFO - [2022-08-01 12:31:48,675] {dag.py:2928} INFO - Setting next_dagrun for tutorial_taskflow_api_etl to None
[2022-08-01 12:31:48,692] {processor.py:171} INFO - Processing /home/airflow/.local/lib/python3.7/site-packages/airflow/example_dags/tutorial_taskflow_api_etl.py took 0.425 seconds
[2022-08-01 12:32:18,739] {processor.py:163} INFO - Started process (PID=776) to work on /home/airflow/.local/lib/python3.7/site-packages/airflow/example_dags/tutorial_taskflow_api_etl.py
[2022-08-01 12:32:18,743] {processor.py:625} INFO - Processing file /home/airflow/.local/lib/python3.7/site-packages/airflow/example_dags/tutorial_taskflow_api_etl.py for tasks to queue
[2022-08-01 12:32:18,744] {logging_mixin.py:109} INFO - [2022-08-01 12:32:18,744] {dagbag.py:500} INFO - Filling up the DagBag from /home/airflow/.local/lib/python3.7/site-packages/airflow/example_dags/tutorial_taskflow_api_etl.py
[2022-08-01 12:32:18,768] {processor.py:637} INFO - DAG(s) dict_keys(['tutorial_taskflow_api_etl']) retrieved from /home/airflow/.local/lib/python3.7/site-packages/airflow/example_dags/tutorial_taskflow_api_etl.py
[2022-08-01 12:32:18,977] {logging_mixin.py:109} INFO - [2022-08-01 12:32:18,977] {dag.py:2396} INFO - Sync 1 DAGs
[2022-08-01 12:32:18,990] {logging_mixin.py:109} INFO - [2022-08-01 12:32:18,990] {dag.py:2928} INFO - Setting next_dagrun for tutorial_taskflow_api_etl to None
[2022-08-01 12:32:19,002] {processor.py:171} INFO - Processing /home/airflow/.local/lib/python3.7/site-packages/airflow/example_dags/tutorial_taskflow_api_etl.py took 0.266 seconds
[2022-08-01 12:32:49,092] {processor.py:163} INFO - Started process (PID=838) to work on /home/airflow/.local/lib/python3.7/site-packages/airflow/example_dags/tutorial_taskflow_api_etl.py
[2022-08-01 12:32:49,093] {processor.py:625} INFO - Processing file /home/airflow/.local/lib/python3.7/site-packages/airflow/example_dags/tutorial_taskflow_api_etl.py for tasks to queue
[2022-08-01 12:32:49,093] {logging_mixin.py:109} INFO - [2022-08-01 12:32:49,093] {dagbag.py:500} INFO - Filling up the DagBag from /home/airflow/.local/lib/python3.7/site-packages/airflow/example_dags/tutorial_taskflow_api_etl.py
[2022-08-01 12:32:49,132] {processor.py:637} INFO - DAG(s) dict_keys(['tutorial_taskflow_api_etl']) retrieved from /home/airflow/.local/lib/python3.7/site-packages/airflow/example_dags/tutorial_taskflow_api_etl.py
[2022-08-01 12:32:49,473] {logging_mixin.py:109} INFO - [2022-08-01 12:32:49,473] {dag.py:2396} INFO - Sync 1 DAGs
[2022-08-01 12:32:49,493] {logging_mixin.py:109} INFO - [2022-08-01 12:32:49,493] {dag.py:2928} INFO - Setting next_dagrun for tutorial_taskflow_api_etl to None
[2022-08-01 12:32:49,510] {processor.py:171} INFO - Processing /home/airflow/.local/lib/python3.7/site-packages/airflow/example_dags/tutorial_taskflow_api_etl.py took 0.423 seconds
[2022-08-01 12:33:19,817] {processor.py:163} INFO - Started process (PID=886) to work on /home/airflow/.local/lib/python3.7/site-packages/airflow/example_dags/tutorial_taskflow_api_etl.py
[2022-08-01 12:33:19,818] {processor.py:625} INFO - Processing file /home/airflow/.local/lib/python3.7/site-packages/airflow/example_dags/tutorial_taskflow_api_etl.py for tasks to queue
[2022-08-01 12:33:19,818] {logging_mixin.py:109} INFO - [2022-08-01 12:33:19,818] {dagbag.py:500} INFO - Filling up the DagBag from /home/airflow/.local/lib/python3.7/site-packages/airflow/example_dags/tutorial_taskflow_api_etl.py
[2022-08-01 12:33:19,841] {processor.py:637} INFO - DAG(s) dict_keys(['tutorial_taskflow_api_etl']) retrieved from /home/airflow/.local/lib/python3.7/site-packages/airflow/example_dags/tutorial_taskflow_api_etl.py
[2022-08-01 12:33:20,023] {logging_mixin.py:109} INFO - [2022-08-01 12:33:20,023] {dag.py:2396} INFO - Sync 1 DAGs
[2022-08-01 12:33:20,032] {logging_mixin.py:109} INFO - [2022-08-01 12:33:20,032] {dag.py:2928} INFO - Setting next_dagrun for tutorial_taskflow_api_etl to None
[2022-08-01 12:33:20,041] {processor.py:171} INFO - Processing /home/airflow/.local/lib/python3.7/site-packages/airflow/example_dags/tutorial_taskflow_api_etl.py took 0.226 seconds
[2022-08-01 12:33:50,890] {processor.py:163} INFO - Started process (PID=947) to work on /home/airflow/.local/lib/python3.7/site-packages/airflow/example_dags/tutorial_taskflow_api_etl.py
[2022-08-01 12:33:50,893] {processor.py:625} INFO - Processing file /home/airflow/.local/lib/python3.7/site-packages/airflow/example_dags/tutorial_taskflow_api_etl.py for tasks to queue
[2022-08-01 12:33:50,893] {logging_mixin.py:109} INFO - [2022-08-01 12:33:50,893] {dagbag.py:500} INFO - Filling up the DagBag from /home/airflow/.local/lib/python3.7/site-packages/airflow/example_dags/tutorial_taskflow_api_etl.py
[2022-08-01 12:33:50,943] {processor.py:637} INFO - DAG(s) dict_keys(['tutorial_taskflow_api_etl']) retrieved from /home/airflow/.local/lib/python3.7/site-packages/airflow/example_dags/tutorial_taskflow_api_etl.py
[2022-08-01 12:33:51,364] {logging_mixin.py:109} INFO - [2022-08-01 12:33:51,364] {dag.py:2396} INFO - Sync 1 DAGs
[2022-08-01 12:33:51,385] {logging_mixin.py:109} INFO - [2022-08-01 12:33:51,385] {dag.py:2928} INFO - Setting next_dagrun for tutorial_taskflow_api_etl to None
[2022-08-01 12:33:51,401] {processor.py:171} INFO - Processing /home/airflow/.local/lib/python3.7/site-packages/airflow/example_dags/tutorial_taskflow_api_etl.py took 0.517 seconds
[2022-08-01 12:34:21,650] {processor.py:163} INFO - Started process (PID=999) to work on /home/airflow/.local/lib/python3.7/site-packages/airflow/example_dags/tutorial_taskflow_api_etl.py
[2022-08-01 12:34:21,652] {processor.py:625} INFO - Processing file /home/airflow/.local/lib/python3.7/site-packages/airflow/example_dags/tutorial_taskflow_api_etl.py for tasks to queue
[2022-08-01 12:34:21,652] {logging_mixin.py:109} INFO - [2022-08-01 12:34:21,652] {dagbag.py:500} INFO - Filling up the DagBag from /home/airflow/.local/lib/python3.7/site-packages/airflow/example_dags/tutorial_taskflow_api_etl.py
[2022-08-01 12:34:21,679] {processor.py:637} INFO - DAG(s) dict_keys(['tutorial_taskflow_api_etl']) retrieved from /home/airflow/.local/lib/python3.7/site-packages/airflow/example_dags/tutorial_taskflow_api_etl.py
[2022-08-01 12:34:21,920] {logging_mixin.py:109} INFO - [2022-08-01 12:34:21,920] {dag.py:2396} INFO - Sync 1 DAGs
[2022-08-01 12:34:21,932] {logging_mixin.py:109} INFO - [2022-08-01 12:34:21,932] {dag.py:2928} INFO - Setting next_dagrun for tutorial_taskflow_api_etl to None
[2022-08-01 12:34:21,944] {processor.py:171} INFO - Processing /home/airflow/.local/lib/python3.7/site-packages/airflow/example_dags/tutorial_taskflow_api_etl.py took 0.297 seconds
[2022-08-01 12:34:52,570] {processor.py:163} INFO - Started process (PID=1060) to work on /home/airflow/.local/lib/python3.7/site-packages/airflow/example_dags/tutorial_taskflow_api_etl.py
[2022-08-01 12:34:52,572] {processor.py:625} INFO - Processing file /home/airflow/.local/lib/python3.7/site-packages/airflow/example_dags/tutorial_taskflow_api_etl.py for tasks to queue
[2022-08-01 12:34:52,574] {logging_mixin.py:109} INFO - [2022-08-01 12:34:52,573] {dagbag.py:500} INFO - Filling up the DagBag from /home/airflow/.local/lib/python3.7/site-packages/airflow/example_dags/tutorial_taskflow_api_etl.py
[2022-08-01 12:34:52,638] {processor.py:637} INFO - DAG(s) dict_keys(['tutorial_taskflow_api_etl']) retrieved from /home/airflow/.local/lib/python3.7/site-packages/airflow/example_dags/tutorial_taskflow_api_etl.py
[2022-08-01 12:34:53,431] {logging_mixin.py:109} INFO - [2022-08-01 12:34:53,431] {dag.py:2396} INFO - Sync 1 DAGs
[2022-08-01 12:34:53,482] {logging_mixin.py:109} INFO - [2022-08-01 12:34:53,482] {dag.py:2928} INFO - Setting next_dagrun for tutorial_taskflow_api_etl to None
[2022-08-01 12:34:53,509] {processor.py:171} INFO - Processing /home/airflow/.local/lib/python3.7/site-packages/airflow/example_dags/tutorial_taskflow_api_etl.py took 0.945 seconds
[2022-08-01 12:35:24,376] {processor.py:163} INFO - Started process (PID=1114) to work on /home/airflow/.local/lib/python3.7/site-packages/airflow/example_dags/tutorial_taskflow_api_etl.py
[2022-08-01 12:35:24,385] {processor.py:625} INFO - Processing file /home/airflow/.local/lib/python3.7/site-packages/airflow/example_dags/tutorial_taskflow_api_etl.py for tasks to queue
[2022-08-01 12:35:24,385] {logging_mixin.py:109} INFO - [2022-08-01 12:35:24,385] {dagbag.py:500} INFO - Filling up the DagBag from /home/airflow/.local/lib/python3.7/site-packages/airflow/example_dags/tutorial_taskflow_api_etl.py
[2022-08-01 12:35:24,417] {processor.py:637} INFO - DAG(s) dict_keys(['tutorial_taskflow_api_etl']) retrieved from /home/airflow/.local/lib/python3.7/site-packages/airflow/example_dags/tutorial_taskflow_api_etl.py
[2022-08-01 12:35:24,705] {logging_mixin.py:109} INFO - [2022-08-01 12:35:24,705] {dag.py:2396} INFO - Sync 1 DAGs
[2022-08-01 12:35:24,722] {logging_mixin.py:109} INFO - [2022-08-01 12:35:24,721] {dag.py:2928} INFO - Setting next_dagrun for tutorial_taskflow_api_etl to None
[2022-08-01 12:35:24,737] {processor.py:171} INFO - Processing /home/airflow/.local/lib/python3.7/site-packages/airflow/example_dags/tutorial_taskflow_api_etl.py took 0.364 seconds
[2022-08-01 12:35:55,495] {processor.py:163} INFO - Started process (PID=1167) to work on /home/airflow/.local/lib/python3.7/site-packages/airflow/example_dags/tutorial_taskflow_api_etl.py
[2022-08-01 12:35:55,496] {processor.py:625} INFO - Processing file /home/airflow/.local/lib/python3.7/site-packages/airflow/example_dags/tutorial_taskflow_api_etl.py for tasks to queue
[2022-08-01 12:35:55,497] {logging_mixin.py:109} INFO - [2022-08-01 12:35:55,497] {dagbag.py:500} INFO - Filling up the DagBag from /home/airflow/.local/lib/python3.7/site-packages/airflow/example_dags/tutorial_taskflow_api_etl.py
[2022-08-01 12:35:55,516] {processor.py:637} INFO - DAG(s) dict_keys(['tutorial_taskflow_api_etl']) retrieved from /home/airflow/.local/lib/python3.7/site-packages/airflow/example_dags/tutorial_taskflow_api_etl.py
[2022-08-01 12:35:55,700] {logging_mixin.py:109} INFO - [2022-08-01 12:35:55,700] {dag.py:2396} INFO - Sync 1 DAGs
[2022-08-01 12:35:55,709] {logging_mixin.py:109} INFO - [2022-08-01 12:35:55,709] {dag.py:2928} INFO - Setting next_dagrun for tutorial_taskflow_api_etl to None
[2022-08-01 12:35:55,718] {processor.py:171} INFO - Processing /home/airflow/.local/lib/python3.7/site-packages/airflow/example_dags/tutorial_taskflow_api_etl.py took 0.225 seconds
[2022-08-01 12:40:11,287] {processor.py:163} INFO - Started process (PID=51) to work on /home/airflow/.local/lib/python3.7/site-packages/airflow/example_dags/tutorial_taskflow_api_etl.py
[2022-08-01 12:40:11,291] {processor.py:625} INFO - Processing file /home/airflow/.local/lib/python3.7/site-packages/airflow/example_dags/tutorial_taskflow_api_etl.py for tasks to queue
[2022-08-01 12:40:11,293] {logging_mixin.py:109} INFO - [2022-08-01 12:40:11,293] {dagbag.py:500} INFO - Filling up the DagBag from /home/airflow/.local/lib/python3.7/site-packages/airflow/example_dags/tutorial_taskflow_api_etl.py
[2022-08-01 12:40:11,367] {processor.py:637} INFO - DAG(s) dict_keys(['tutorial_taskflow_api_etl']) retrieved from /home/airflow/.local/lib/python3.7/site-packages/airflow/example_dags/tutorial_taskflow_api_etl.py
[2022-08-01 12:40:12,026] {logging_mixin.py:109} INFO - [2022-08-01 12:40:12,026] {dag.py:2396} INFO - Sync 1 DAGs
[2022-08-01 12:40:12,062] {logging_mixin.py:109} INFO - [2022-08-01 12:40:12,062] {dag.py:2928} INFO - Setting next_dagrun for tutorial_taskflow_api_etl to None
[2022-08-01 12:40:12,104] {processor.py:171} INFO - Processing /home/airflow/.local/lib/python3.7/site-packages/airflow/example_dags/tutorial_taskflow_api_etl.py took 0.825 seconds
[2022-08-01 12:40:42,171] {processor.py:163} INFO - Started process (PID=105) to work on /home/airflow/.local/lib/python3.7/site-packages/airflow/example_dags/tutorial_taskflow_api_etl.py
[2022-08-01 12:40:42,172] {processor.py:625} INFO - Processing file /home/airflow/.local/lib/python3.7/site-packages/airflow/example_dags/tutorial_taskflow_api_etl.py for tasks to queue
[2022-08-01 12:40:42,173] {logging_mixin.py:109} INFO - [2022-08-01 12:40:42,173] {dagbag.py:500} INFO - Filling up the DagBag from /home/airflow/.local/lib/python3.7/site-packages/airflow/example_dags/tutorial_taskflow_api_etl.py
[2022-08-01 12:40:42,195] {processor.py:637} INFO - DAG(s) dict_keys(['tutorial_taskflow_api_etl']) retrieved from /home/airflow/.local/lib/python3.7/site-packages/airflow/example_dags/tutorial_taskflow_api_etl.py
[2022-08-01 12:40:42,373] {logging_mixin.py:109} INFO - [2022-08-01 12:40:42,373] {dag.py:2396} INFO - Sync 1 DAGs
[2022-08-01 12:40:42,381] {logging_mixin.py:109} INFO - [2022-08-01 12:40:42,381] {dag.py:2928} INFO - Setting next_dagrun for tutorial_taskflow_api_etl to None
[2022-08-01 12:40:42,390] {processor.py:171} INFO - Processing /home/airflow/.local/lib/python3.7/site-packages/airflow/example_dags/tutorial_taskflow_api_etl.py took 0.222 seconds
[2022-08-01 13:20:39,931] {processor.py:163} INFO - Started process (PID=51) to work on /home/airflow/.local/lib/python3.7/site-packages/airflow/example_dags/tutorial_taskflow_api_etl.py
[2022-08-01 13:20:39,935] {processor.py:625} INFO - Processing file /home/airflow/.local/lib/python3.7/site-packages/airflow/example_dags/tutorial_taskflow_api_etl.py for tasks to queue
[2022-08-01 13:20:39,937] {logging_mixin.py:109} INFO - [2022-08-01 13:20:39,936] {dagbag.py:500} INFO - Filling up the DagBag from /home/airflow/.local/lib/python3.7/site-packages/airflow/example_dags/tutorial_taskflow_api_etl.py
[2022-08-01 13:20:39,990] {processor.py:637} INFO - DAG(s) dict_keys(['tutorial_taskflow_api_etl']) retrieved from /home/airflow/.local/lib/python3.7/site-packages/airflow/example_dags/tutorial_taskflow_api_etl.py
[2022-08-01 13:20:40,477] {logging_mixin.py:109} INFO - [2022-08-01 13:20:40,476] {dag.py:2396} INFO - Sync 1 DAGs
[2022-08-01 13:20:40,502] {logging_mixin.py:109} INFO - [2022-08-01 13:20:40,502] {dag.py:2928} INFO - Setting next_dagrun for tutorial_taskflow_api_etl to None
[2022-08-01 13:20:40,527] {processor.py:171} INFO - Processing /home/airflow/.local/lib/python3.7/site-packages/airflow/example_dags/tutorial_taskflow_api_etl.py took 0.600 seconds
[2022-08-01 13:21:13,937] {processor.py:163} INFO - Started process (PID=103) to work on /home/airflow/.local/lib/python3.7/site-packages/airflow/example_dags/tutorial_taskflow_api_etl.py
[2022-08-01 13:21:13,944] {processor.py:625} INFO - Processing file /home/airflow/.local/lib/python3.7/site-packages/airflow/example_dags/tutorial_taskflow_api_etl.py for tasks to queue
[2022-08-01 13:21:13,945] {logging_mixin.py:109} INFO - [2022-08-01 13:21:13,945] {dagbag.py:500} INFO - Filling up the DagBag from /home/airflow/.local/lib/python3.7/site-packages/airflow/example_dags/tutorial_taskflow_api_etl.py
[2022-08-01 13:21:14,045] {processor.py:637} INFO - DAG(s) dict_keys(['tutorial_taskflow_api_etl']) retrieved from /home/airflow/.local/lib/python3.7/site-packages/airflow/example_dags/tutorial_taskflow_api_etl.py
[2022-08-01 13:21:15,282] {logging_mixin.py:109} INFO - [2022-08-01 13:21:15,281] {dag.py:2396} INFO - Sync 1 DAGs
[2022-08-01 13:21:15,350] {logging_mixin.py:109} INFO - [2022-08-01 13:21:15,350] {dag.py:2928} INFO - Setting next_dagrun for tutorial_taskflow_api_etl to None
[2022-08-01 13:21:15,452] {processor.py:171} INFO - Processing /home/airflow/.local/lib/python3.7/site-packages/airflow/example_dags/tutorial_taskflow_api_etl.py took 1.524 seconds
[2022-08-01 13:21:45,744] {processor.py:163} INFO - Started process (PID=156) to work on /home/airflow/.local/lib/python3.7/site-packages/airflow/example_dags/tutorial_taskflow_api_etl.py
[2022-08-01 13:21:45,753] {processor.py:625} INFO - Processing file /home/airflow/.local/lib/python3.7/site-packages/airflow/example_dags/tutorial_taskflow_api_etl.py for tasks to queue
[2022-08-01 13:21:45,753] {logging_mixin.py:109} INFO - [2022-08-01 13:21:45,753] {dagbag.py:500} INFO - Filling up the DagBag from /home/airflow/.local/lib/python3.7/site-packages/airflow/example_dags/tutorial_taskflow_api_etl.py
[2022-08-01 13:21:45,785] {processor.py:637} INFO - DAG(s) dict_keys(['tutorial_taskflow_api_etl']) retrieved from /home/airflow/.local/lib/python3.7/site-packages/airflow/example_dags/tutorial_taskflow_api_etl.py
[2022-08-01 13:21:46,084] {logging_mixin.py:109} INFO - [2022-08-01 13:21:46,084] {dag.py:2396} INFO - Sync 1 DAGs
[2022-08-01 13:21:46,097] {logging_mixin.py:109} INFO - [2022-08-01 13:21:46,097] {dag.py:2928} INFO - Setting next_dagrun for tutorial_taskflow_api_etl to None
[2022-08-01 13:21:46,111] {processor.py:171} INFO - Processing /home/airflow/.local/lib/python3.7/site-packages/airflow/example_dags/tutorial_taskflow_api_etl.py took 0.371 seconds
[2022-08-01 13:22:16,193] {processor.py:163} INFO - Started process (PID=211) to work on /home/airflow/.local/lib/python3.7/site-packages/airflow/example_dags/tutorial_taskflow_api_etl.py
[2022-08-01 13:22:16,194] {processor.py:625} INFO - Processing file /home/airflow/.local/lib/python3.7/site-packages/airflow/example_dags/tutorial_taskflow_api_etl.py for tasks to queue
[2022-08-01 13:22:16,194] {logging_mixin.py:109} INFO - [2022-08-01 13:22:16,194] {dagbag.py:500} INFO - Filling up the DagBag from /home/airflow/.local/lib/python3.7/site-packages/airflow/example_dags/tutorial_taskflow_api_etl.py
[2022-08-01 13:22:16,215] {processor.py:637} INFO - DAG(s) dict_keys(['tutorial_taskflow_api_etl']) retrieved from /home/airflow/.local/lib/python3.7/site-packages/airflow/example_dags/tutorial_taskflow_api_etl.py
[2022-08-01 13:22:16,390] {logging_mixin.py:109} INFO - [2022-08-01 13:22:16,390] {dag.py:2396} INFO - Sync 1 DAGs
[2022-08-01 13:22:16,398] {logging_mixin.py:109} INFO - [2022-08-01 13:22:16,398] {dag.py:2928} INFO - Setting next_dagrun for tutorial_taskflow_api_etl to None
[2022-08-01 13:22:16,408] {processor.py:171} INFO - Processing /home/airflow/.local/lib/python3.7/site-packages/airflow/example_dags/tutorial_taskflow_api_etl.py took 0.217 seconds
[2022-08-01 13:22:46,508] {processor.py:163} INFO - Started process (PID=272) to work on /home/airflow/.local/lib/python3.7/site-packages/airflow/example_dags/tutorial_taskflow_api_etl.py
[2022-08-01 13:22:46,509] {processor.py:625} INFO - Processing file /home/airflow/.local/lib/python3.7/site-packages/airflow/example_dags/tutorial_taskflow_api_etl.py for tasks to queue
[2022-08-01 13:22:46,510] {logging_mixin.py:109} INFO - [2022-08-01 13:22:46,510] {dagbag.py:500} INFO - Filling up the DagBag from /home/airflow/.local/lib/python3.7/site-packages/airflow/example_dags/tutorial_taskflow_api_etl.py
[2022-08-01 13:22:46,591] {processor.py:637} INFO - DAG(s) dict_keys(['tutorial_taskflow_api_etl']) retrieved from /home/airflow/.local/lib/python3.7/site-packages/airflow/example_dags/tutorial_taskflow_api_etl.py
[2022-08-01 13:22:46,816] {logging_mixin.py:109} INFO - [2022-08-01 13:22:46,816] {dag.py:2396} INFO - Sync 1 DAGs
[2022-08-01 13:22:46,825] {logging_mixin.py:109} INFO - [2022-08-01 13:22:46,825] {dag.py:2928} INFO - Setting next_dagrun for tutorial_taskflow_api_etl to None
[2022-08-01 13:22:46,835] {processor.py:171} INFO - Processing /home/airflow/.local/lib/python3.7/site-packages/airflow/example_dags/tutorial_taskflow_api_etl.py took 0.330 seconds
[2022-08-01 13:23:16,882] {processor.py:163} INFO - Started process (PID=325) to work on /home/airflow/.local/lib/python3.7/site-packages/airflow/example_dags/tutorial_taskflow_api_etl.py
[2022-08-01 13:23:16,884] {processor.py:625} INFO - Processing file /home/airflow/.local/lib/python3.7/site-packages/airflow/example_dags/tutorial_taskflow_api_etl.py for tasks to queue
[2022-08-01 13:23:16,885] {logging_mixin.py:109} INFO - [2022-08-01 13:23:16,885] {dagbag.py:500} INFO - Filling up the DagBag from /home/airflow/.local/lib/python3.7/site-packages/airflow/example_dags/tutorial_taskflow_api_etl.py
[2022-08-01 13:23:16,916] {processor.py:637} INFO - DAG(s) dict_keys(['tutorial_taskflow_api_etl']) retrieved from /home/airflow/.local/lib/python3.7/site-packages/airflow/example_dags/tutorial_taskflow_api_etl.py
[2022-08-01 13:23:17,202] {logging_mixin.py:109} INFO - [2022-08-01 13:23:17,202] {dag.py:2396} INFO - Sync 1 DAGs
[2022-08-01 13:23:17,215] {logging_mixin.py:109} INFO - [2022-08-01 13:23:17,215] {dag.py:2928} INFO - Setting next_dagrun for tutorial_taskflow_api_etl to None
[2022-08-01 13:23:17,231] {processor.py:171} INFO - Processing /home/airflow/.local/lib/python3.7/site-packages/airflow/example_dags/tutorial_taskflow_api_etl.py took 0.353 seconds
[2022-08-01 13:23:47,476] {processor.py:163} INFO - Started process (PID=373) to work on /home/airflow/.local/lib/python3.7/site-packages/airflow/example_dags/tutorial_taskflow_api_etl.py
[2022-08-01 13:23:47,477] {processor.py:625} INFO - Processing file /home/airflow/.local/lib/python3.7/site-packages/airflow/example_dags/tutorial_taskflow_api_etl.py for tasks to queue
[2022-08-01 13:23:47,478] {logging_mixin.py:109} INFO - [2022-08-01 13:23:47,478] {dagbag.py:500} INFO - Filling up the DagBag from /home/airflow/.local/lib/python3.7/site-packages/airflow/example_dags/tutorial_taskflow_api_etl.py
[2022-08-01 13:23:47,501] {processor.py:637} INFO - DAG(s) dict_keys(['tutorial_taskflow_api_etl']) retrieved from /home/airflow/.local/lib/python3.7/site-packages/airflow/example_dags/tutorial_taskflow_api_etl.py
[2022-08-01 13:23:47,687] {logging_mixin.py:109} INFO - [2022-08-01 13:23:47,687] {dag.py:2396} INFO - Sync 1 DAGs
[2022-08-01 13:23:47,696] {logging_mixin.py:109} INFO - [2022-08-01 13:23:47,696] {dag.py:2928} INFO - Setting next_dagrun for tutorial_taskflow_api_etl to None
[2022-08-01 13:23:47,706] {processor.py:171} INFO - Processing /home/airflow/.local/lib/python3.7/site-packages/airflow/example_dags/tutorial_taskflow_api_etl.py took 0.232 seconds
[2022-08-01 13:24:18,262] {processor.py:163} INFO - Started process (PID=425) to work on /home/airflow/.local/lib/python3.7/site-packages/airflow/example_dags/tutorial_taskflow_api_etl.py
[2022-08-01 13:24:18,276] {processor.py:625} INFO - Processing file /home/airflow/.local/lib/python3.7/site-packages/airflow/example_dags/tutorial_taskflow_api_etl.py for tasks to queue
[2022-08-01 13:24:18,277] {logging_mixin.py:109} INFO - [2022-08-01 13:24:18,277] {dagbag.py:500} INFO - Filling up the DagBag from /home/airflow/.local/lib/python3.7/site-packages/airflow/example_dags/tutorial_taskflow_api_etl.py
[2022-08-01 13:24:18,403] {processor.py:637} INFO - DAG(s) dict_keys(['tutorial_taskflow_api_etl']) retrieved from /home/airflow/.local/lib/python3.7/site-packages/airflow/example_dags/tutorial_taskflow_api_etl.py
[2022-08-01 13:24:18,441] {logging_mixin.py:109} INFO - [2022-08-01 13:24:18,441] {dag.py:2396} INFO - Sync 1 DAGs
[2022-08-01 13:24:18,498] {logging_mixin.py:109} INFO - [2022-08-01 13:24:18,498] {dag.py:2928} INFO - Setting next_dagrun for tutorial_taskflow_api_etl to None
[2022-08-01 13:24:18,534] {processor.py:171} INFO - Processing /home/airflow/.local/lib/python3.7/site-packages/airflow/example_dags/tutorial_taskflow_api_etl.py took 0.290 seconds
[2022-08-01 13:24:51,775] {processor.py:163} INFO - Started process (PID=476) to work on /home/airflow/.local/lib/python3.7/site-packages/airflow/example_dags/tutorial_taskflow_api_etl.py
[2022-08-01 13:24:51,788] {processor.py:625} INFO - Processing file /home/airflow/.local/lib/python3.7/site-packages/airflow/example_dags/tutorial_taskflow_api_etl.py for tasks to queue
[2022-08-01 13:24:51,790] {logging_mixin.py:109} INFO - [2022-08-01 13:24:51,790] {dagbag.py:500} INFO - Filling up the DagBag from /home/airflow/.local/lib/python3.7/site-packages/airflow/example_dags/tutorial_taskflow_api_etl.py
[2022-08-01 13:24:51,923] {processor.py:637} INFO - DAG(s) dict_keys(['tutorial_taskflow_api_etl']) retrieved from /home/airflow/.local/lib/python3.7/site-packages/airflow/example_dags/tutorial_taskflow_api_etl.py
[2022-08-01 13:24:53,225] {logging_mixin.py:109} INFO - [2022-08-01 13:24:53,225] {dag.py:2396} INFO - Sync 1 DAGs
[2022-08-01 13:24:53,288] {logging_mixin.py:109} INFO - [2022-08-01 13:24:53,288] {dag.py:2928} INFO - Setting next_dagrun for tutorial_taskflow_api_etl to None
[2022-08-01 13:24:53,349] {processor.py:171} INFO - Processing /home/airflow/.local/lib/python3.7/site-packages/airflow/example_dags/tutorial_taskflow_api_etl.py took 1.592 seconds
[2022-08-01 13:25:23,812] {processor.py:163} INFO - Started process (PID=530) to work on /home/airflow/.local/lib/python3.7/site-packages/airflow/example_dags/tutorial_taskflow_api_etl.py
[2022-08-01 13:25:23,813] {processor.py:625} INFO - Processing file /home/airflow/.local/lib/python3.7/site-packages/airflow/example_dags/tutorial_taskflow_api_etl.py for tasks to queue
[2022-08-01 13:25:23,814] {logging_mixin.py:109} INFO - [2022-08-01 13:25:23,814] {dagbag.py:500} INFO - Filling up the DagBag from /home/airflow/.local/lib/python3.7/site-packages/airflow/example_dags/tutorial_taskflow_api_etl.py
[2022-08-01 13:25:23,841] {processor.py:637} INFO - DAG(s) dict_keys(['tutorial_taskflow_api_etl']) retrieved from /home/airflow/.local/lib/python3.7/site-packages/airflow/example_dags/tutorial_taskflow_api_etl.py
[2022-08-01 13:25:24,096] {logging_mixin.py:109} INFO - [2022-08-01 13:25:24,095] {dag.py:2396} INFO - Sync 1 DAGs
[2022-08-01 13:25:24,108] {logging_mixin.py:109} INFO - [2022-08-01 13:25:24,108] {dag.py:2928} INFO - Setting next_dagrun for tutorial_taskflow_api_etl to None
[2022-08-01 13:25:24,120] {processor.py:171} INFO - Processing /home/airflow/.local/lib/python3.7/site-packages/airflow/example_dags/tutorial_taskflow_api_etl.py took 0.311 seconds
[2022-08-01 13:25:54,438] {processor.py:163} INFO - Started process (PID=583) to work on /home/airflow/.local/lib/python3.7/site-packages/airflow/example_dags/tutorial_taskflow_api_etl.py
[2022-08-01 13:25:54,447] {processor.py:625} INFO - Processing file /home/airflow/.local/lib/python3.7/site-packages/airflow/example_dags/tutorial_taskflow_api_etl.py for tasks to queue
[2022-08-01 13:25:54,448] {logging_mixin.py:109} INFO - [2022-08-01 13:25:54,448] {dagbag.py:500} INFO - Filling up the DagBag from /home/airflow/.local/lib/python3.7/site-packages/airflow/example_dags/tutorial_taskflow_api_etl.py
[2022-08-01 13:25:54,473] {processor.py:637} INFO - DAG(s) dict_keys(['tutorial_taskflow_api_etl']) retrieved from /home/airflow/.local/lib/python3.7/site-packages/airflow/example_dags/tutorial_taskflow_api_etl.py
[2022-08-01 13:25:54,687] {logging_mixin.py:109} INFO - [2022-08-01 13:25:54,686] {dag.py:2396} INFO - Sync 1 DAGs
[2022-08-01 13:25:54,696] {logging_mixin.py:109} INFO - [2022-08-01 13:25:54,696] {dag.py:2928} INFO - Setting next_dagrun for tutorial_taskflow_api_etl to None
[2022-08-01 13:25:54,705] {processor.py:171} INFO - Processing /home/airflow/.local/lib/python3.7/site-packages/airflow/example_dags/tutorial_taskflow_api_etl.py took 0.269 seconds
[2022-08-01 13:26:24,927] {processor.py:163} INFO - Started process (PID=644) to work on /home/airflow/.local/lib/python3.7/site-packages/airflow/example_dags/tutorial_taskflow_api_etl.py
[2022-08-01 13:26:24,932] {processor.py:625} INFO - Processing file /home/airflow/.local/lib/python3.7/site-packages/airflow/example_dags/tutorial_taskflow_api_etl.py for tasks to queue
[2022-08-01 13:26:24,933] {logging_mixin.py:109} INFO - [2022-08-01 13:26:24,933] {dagbag.py:500} INFO - Filling up the DagBag from /home/airflow/.local/lib/python3.7/site-packages/airflow/example_dags/tutorial_taskflow_api_etl.py
[2022-08-01 13:26:24,992] {processor.py:637} INFO - DAG(s) dict_keys(['tutorial_taskflow_api_etl']) retrieved from /home/airflow/.local/lib/python3.7/site-packages/airflow/example_dags/tutorial_taskflow_api_etl.py
[2022-08-01 13:26:25,432] {logging_mixin.py:109} INFO - [2022-08-01 13:26:25,432] {dag.py:2396} INFO - Sync 1 DAGs
[2022-08-01 13:26:25,455] {logging_mixin.py:109} INFO - [2022-08-01 13:26:25,455] {dag.py:2928} INFO - Setting next_dagrun for tutorial_taskflow_api_etl to None
[2022-08-01 13:26:25,482] {processor.py:171} INFO - Processing /home/airflow/.local/lib/python3.7/site-packages/airflow/example_dags/tutorial_taskflow_api_etl.py took 0.559 seconds
[2022-08-01 13:26:55,528] {processor.py:163} INFO - Started process (PID=696) to work on /home/airflow/.local/lib/python3.7/site-packages/airflow/example_dags/tutorial_taskflow_api_etl.py
[2022-08-01 13:26:55,530] {processor.py:625} INFO - Processing file /home/airflow/.local/lib/python3.7/site-packages/airflow/example_dags/tutorial_taskflow_api_etl.py for tasks to queue
[2022-08-01 13:26:55,531] {logging_mixin.py:109} INFO - [2022-08-01 13:26:55,531] {dagbag.py:500} INFO - Filling up the DagBag from /home/airflow/.local/lib/python3.7/site-packages/airflow/example_dags/tutorial_taskflow_api_etl.py
[2022-08-01 13:26:55,558] {processor.py:637} INFO - DAG(s) dict_keys(['tutorial_taskflow_api_etl']) retrieved from /home/airflow/.local/lib/python3.7/site-packages/airflow/example_dags/tutorial_taskflow_api_etl.py
[2022-08-01 13:26:55,807] {logging_mixin.py:109} INFO - [2022-08-01 13:26:55,806] {dag.py:2396} INFO - Sync 1 DAGs
[2022-08-01 13:26:55,840] {logging_mixin.py:109} INFO - [2022-08-01 13:26:55,840] {dag.py:2928} INFO - Setting next_dagrun for tutorial_taskflow_api_etl to None
[2022-08-01 13:26:55,855] {processor.py:171} INFO - Processing /home/airflow/.local/lib/python3.7/site-packages/airflow/example_dags/tutorial_taskflow_api_etl.py took 0.332 seconds
[2022-08-01 13:27:25,878] {processor.py:163} INFO - Started process (PID=748) to work on /home/airflow/.local/lib/python3.7/site-packages/airflow/example_dags/tutorial_taskflow_api_etl.py
[2022-08-01 13:27:25,880] {processor.py:625} INFO - Processing file /home/airflow/.local/lib/python3.7/site-packages/airflow/example_dags/tutorial_taskflow_api_etl.py for tasks to queue
[2022-08-01 13:27:25,881] {logging_mixin.py:109} INFO - [2022-08-01 13:27:25,881] {dagbag.py:500} INFO - Filling up the DagBag from /home/airflow/.local/lib/python3.7/site-packages/airflow/example_dags/tutorial_taskflow_api_etl.py
[2022-08-01 13:27:25,909] {processor.py:637} INFO - DAG(s) dict_keys(['tutorial_taskflow_api_etl']) retrieved from /home/airflow/.local/lib/python3.7/site-packages/airflow/example_dags/tutorial_taskflow_api_etl.py
[2022-08-01 13:27:26,171] {logging_mixin.py:109} INFO - [2022-08-01 13:27:26,171] {dag.py:2396} INFO - Sync 1 DAGs
[2022-08-01 13:27:26,186] {logging_mixin.py:109} INFO - [2022-08-01 13:27:26,186] {dag.py:2928} INFO - Setting next_dagrun for tutorial_taskflow_api_etl to None
[2022-08-01 13:27:26,198] {processor.py:171} INFO - Processing /home/airflow/.local/lib/python3.7/site-packages/airflow/example_dags/tutorial_taskflow_api_etl.py took 0.322 seconds
[2022-08-01 13:27:56,529] {processor.py:163} INFO - Started process (PID=800) to work on /home/airflow/.local/lib/python3.7/site-packages/airflow/example_dags/tutorial_taskflow_api_etl.py
[2022-08-01 13:27:56,531] {processor.py:625} INFO - Processing file /home/airflow/.local/lib/python3.7/site-packages/airflow/example_dags/tutorial_taskflow_api_etl.py for tasks to queue
[2022-08-01 13:27:56,531] {logging_mixin.py:109} INFO - [2022-08-01 13:27:56,531] {dagbag.py:500} INFO - Filling up the DagBag from /home/airflow/.local/lib/python3.7/site-packages/airflow/example_dags/tutorial_taskflow_api_etl.py
[2022-08-01 13:27:56,555] {processor.py:637} INFO - DAG(s) dict_keys(['tutorial_taskflow_api_etl']) retrieved from /home/airflow/.local/lib/python3.7/site-packages/airflow/example_dags/tutorial_taskflow_api_etl.py
[2022-08-01 13:27:56,738] {logging_mixin.py:109} INFO - [2022-08-01 13:27:56,738] {dag.py:2396} INFO - Sync 1 DAGs
[2022-08-01 13:27:56,747] {logging_mixin.py:109} INFO - [2022-08-01 13:27:56,747] {dag.py:2928} INFO - Setting next_dagrun for tutorial_taskflow_api_etl to None
[2022-08-01 13:27:56,756] {processor.py:171} INFO - Processing /home/airflow/.local/lib/python3.7/site-packages/airflow/example_dags/tutorial_taskflow_api_etl.py took 0.229 seconds
[2022-08-01 13:28:26,878] {processor.py:163} INFO - Started process (PID=861) to work on /home/airflow/.local/lib/python3.7/site-packages/airflow/example_dags/tutorial_taskflow_api_etl.py
[2022-08-01 13:28:26,879] {processor.py:625} INFO - Processing file /home/airflow/.local/lib/python3.7/site-packages/airflow/example_dags/tutorial_taskflow_api_etl.py for tasks to queue
[2022-08-01 13:28:26,880] {logging_mixin.py:109} INFO - [2022-08-01 13:28:26,880] {dagbag.py:500} INFO - Filling up the DagBag from /home/airflow/.local/lib/python3.7/site-packages/airflow/example_dags/tutorial_taskflow_api_etl.py
[2022-08-01 13:28:26,903] {processor.py:637} INFO - DAG(s) dict_keys(['tutorial_taskflow_api_etl']) retrieved from /home/airflow/.local/lib/python3.7/site-packages/airflow/example_dags/tutorial_taskflow_api_etl.py
[2022-08-01 13:28:27,110] {logging_mixin.py:109} INFO - [2022-08-01 13:28:27,110] {dag.py:2396} INFO - Sync 1 DAGs
[2022-08-01 13:28:27,121] {logging_mixin.py:109} INFO - [2022-08-01 13:28:27,121] {dag.py:2928} INFO - Setting next_dagrun for tutorial_taskflow_api_etl to None
[2022-08-01 13:28:27,131] {processor.py:171} INFO - Processing /home/airflow/.local/lib/python3.7/site-packages/airflow/example_dags/tutorial_taskflow_api_etl.py took 0.257 seconds
[2022-08-01 13:28:57,202] {processor.py:163} INFO - Started process (PID=916) to work on /home/airflow/.local/lib/python3.7/site-packages/airflow/example_dags/tutorial_taskflow_api_etl.py
[2022-08-01 13:28:57,204] {processor.py:625} INFO - Processing file /home/airflow/.local/lib/python3.7/site-packages/airflow/example_dags/tutorial_taskflow_api_etl.py for tasks to queue
[2022-08-01 13:28:57,204] {logging_mixin.py:109} INFO - [2022-08-01 13:28:57,204] {dagbag.py:500} INFO - Filling up the DagBag from /home/airflow/.local/lib/python3.7/site-packages/airflow/example_dags/tutorial_taskflow_api_etl.py
[2022-08-01 13:28:57,228] {processor.py:637} INFO - DAG(s) dict_keys(['tutorial_taskflow_api_etl']) retrieved from /home/airflow/.local/lib/python3.7/site-packages/airflow/example_dags/tutorial_taskflow_api_etl.py
[2022-08-01 13:28:57,422] {logging_mixin.py:109} INFO - [2022-08-01 13:28:57,422] {dag.py:2396} INFO - Sync 1 DAGs
[2022-08-01 13:28:57,434] {logging_mixin.py:109} INFO - [2022-08-01 13:28:57,434] {dag.py:2928} INFO - Setting next_dagrun for tutorial_taskflow_api_etl to None
[2022-08-01 13:28:57,448] {processor.py:171} INFO - Processing /home/airflow/.local/lib/python3.7/site-packages/airflow/example_dags/tutorial_taskflow_api_etl.py took 0.249 seconds
[2022-08-01 13:29:27,635] {processor.py:163} INFO - Started process (PID=978) to work on /home/airflow/.local/lib/python3.7/site-packages/airflow/example_dags/tutorial_taskflow_api_etl.py
[2022-08-01 13:29:27,637] {processor.py:625} INFO - Processing file /home/airflow/.local/lib/python3.7/site-packages/airflow/example_dags/tutorial_taskflow_api_etl.py for tasks to queue
[2022-08-01 13:29:27,638] {logging_mixin.py:109} INFO - [2022-08-01 13:29:27,638] {dagbag.py:500} INFO - Filling up the DagBag from /home/airflow/.local/lib/python3.7/site-packages/airflow/example_dags/tutorial_taskflow_api_etl.py
[2022-08-01 13:29:27,678] {processor.py:637} INFO - DAG(s) dict_keys(['tutorial_taskflow_api_etl']) retrieved from /home/airflow/.local/lib/python3.7/site-packages/airflow/example_dags/tutorial_taskflow_api_etl.py
[2022-08-01 13:29:28,029] {logging_mixin.py:109} INFO - [2022-08-01 13:29:28,029] {dag.py:2396} INFO - Sync 1 DAGs
[2022-08-01 13:29:28,047] {logging_mixin.py:109} INFO - [2022-08-01 13:29:28,047] {dag.py:2928} INFO - Setting next_dagrun for tutorial_taskflow_api_etl to None
[2022-08-01 13:29:28,064] {processor.py:171} INFO - Processing /home/airflow/.local/lib/python3.7/site-packages/airflow/example_dags/tutorial_taskflow_api_etl.py took 0.433 seconds
[2022-08-01 13:29:58,158] {processor.py:163} INFO - Started process (PID=1030) to work on /home/airflow/.local/lib/python3.7/site-packages/airflow/example_dags/tutorial_taskflow_api_etl.py
[2022-08-01 13:29:58,159] {processor.py:625} INFO - Processing file /home/airflow/.local/lib/python3.7/site-packages/airflow/example_dags/tutorial_taskflow_api_etl.py for tasks to queue
[2022-08-01 13:29:58,160] {logging_mixin.py:109} INFO - [2022-08-01 13:29:58,160] {dagbag.py:500} INFO - Filling up the DagBag from /home/airflow/.local/lib/python3.7/site-packages/airflow/example_dags/tutorial_taskflow_api_etl.py
[2022-08-01 13:29:58,187] {processor.py:637} INFO - DAG(s) dict_keys(['tutorial_taskflow_api_etl']) retrieved from /home/airflow/.local/lib/python3.7/site-packages/airflow/example_dags/tutorial_taskflow_api_etl.py
[2022-08-01 13:29:58,487] {logging_mixin.py:109} INFO - [2022-08-01 13:29:58,487] {dag.py:2396} INFO - Sync 1 DAGs
[2022-08-01 13:29:58,501] {logging_mixin.py:109} INFO - [2022-08-01 13:29:58,500] {dag.py:2928} INFO - Setting next_dagrun for tutorial_taskflow_api_etl to None
[2022-08-01 13:29:58,515] {processor.py:171} INFO - Processing /home/airflow/.local/lib/python3.7/site-packages/airflow/example_dags/tutorial_taskflow_api_etl.py took 0.360 seconds
[2022-08-01 13:30:28,799] {processor.py:163} INFO - Started process (PID=1083) to work on /home/airflow/.local/lib/python3.7/site-packages/airflow/example_dags/tutorial_taskflow_api_etl.py
[2022-08-01 13:30:28,801] {processor.py:625} INFO - Processing file /home/airflow/.local/lib/python3.7/site-packages/airflow/example_dags/tutorial_taskflow_api_etl.py for tasks to queue
[2022-08-01 13:30:28,802] {logging_mixin.py:109} INFO - [2022-08-01 13:30:28,802] {dagbag.py:500} INFO - Filling up the DagBag from /home/airflow/.local/lib/python3.7/site-packages/airflow/example_dags/tutorial_taskflow_api_etl.py
[2022-08-01 13:30:28,853] {processor.py:637} INFO - DAG(s) dict_keys(['tutorial_taskflow_api_etl']) retrieved from /home/airflow/.local/lib/python3.7/site-packages/airflow/example_dags/tutorial_taskflow_api_etl.py
[2022-08-01 13:30:29,975] {logging_mixin.py:109} INFO - [2022-08-01 13:30:29,975] {process_utils.py:212} INFO - Waiting up to 5 seconds for processes to exit...
