[2022-08-01 12:25:36,140] {processor.py:163} INFO - Started process (PID=48) to work on /home/airflow/.local/lib/python3.7/site-packages/airflow/example_dags/tutorial_etl_dag.py
[2022-08-01 12:25:36,142] {processor.py:625} INFO - Processing file /home/airflow/.local/lib/python3.7/site-packages/airflow/example_dags/tutorial_etl_dag.py for tasks to queue
[2022-08-01 12:25:36,143] {logging_mixin.py:109} INFO - [2022-08-01 12:25:36,143] {dagbag.py:500} INFO - Filling up the DagBag from /home/airflow/.local/lib/python3.7/site-packages/airflow/example_dags/tutorial_etl_dag.py
[2022-08-01 12:25:36,197] {processor.py:637} INFO - DAG(s) dict_keys(['tutorial_etl_dag']) retrieved from /home/airflow/.local/lib/python3.7/site-packages/airflow/example_dags/tutorial_etl_dag.py
[2022-08-01 12:25:36,218] {logging_mixin.py:109} INFO - [2022-08-01 12:25:36,218] {dag.py:2396} INFO - Sync 1 DAGs
[2022-08-01 12:25:36,250] {logging_mixin.py:109} INFO - [2022-08-01 12:25:36,250] {dag.py:2928} INFO - Setting next_dagrun for tutorial_etl_dag to None
[2022-08-01 12:25:36,269] {processor.py:171} INFO - Processing /home/airflow/.local/lib/python3.7/site-packages/airflow/example_dags/tutorial_etl_dag.py took 0.136 seconds
[2022-08-01 12:26:06,743] {processor.py:163} INFO - Started process (PID=101) to work on /home/airflow/.local/lib/python3.7/site-packages/airflow/example_dags/tutorial_etl_dag.py
[2022-08-01 12:26:06,744] {processor.py:625} INFO - Processing file /home/airflow/.local/lib/python3.7/site-packages/airflow/example_dags/tutorial_etl_dag.py for tasks to queue
[2022-08-01 12:26:06,745] {logging_mixin.py:109} INFO - [2022-08-01 12:26:06,745] {dagbag.py:500} INFO - Filling up the DagBag from /home/airflow/.local/lib/python3.7/site-packages/airflow/example_dags/tutorial_etl_dag.py
[2022-08-01 12:26:06,773] {processor.py:637} INFO - DAG(s) dict_keys(['tutorial_etl_dag']) retrieved from /home/airflow/.local/lib/python3.7/site-packages/airflow/example_dags/tutorial_etl_dag.py
[2022-08-01 12:26:06,783] {logging_mixin.py:109} INFO - [2022-08-01 12:26:06,783] {dag.py:2396} INFO - Sync 1 DAGs
[2022-08-01 12:26:06,798] {logging_mixin.py:109} INFO - [2022-08-01 12:26:06,798] {dag.py:2928} INFO - Setting next_dagrun for tutorial_etl_dag to None
[2022-08-01 12:26:06,812] {processor.py:171} INFO - Processing /home/airflow/.local/lib/python3.7/site-packages/airflow/example_dags/tutorial_etl_dag.py took 0.073 seconds
[2022-08-01 12:26:37,300] {processor.py:163} INFO - Started process (PID=153) to work on /home/airflow/.local/lib/python3.7/site-packages/airflow/example_dags/tutorial_etl_dag.py
[2022-08-01 12:26:37,301] {processor.py:625} INFO - Processing file /home/airflow/.local/lib/python3.7/site-packages/airflow/example_dags/tutorial_etl_dag.py for tasks to queue
[2022-08-01 12:26:37,302] {logging_mixin.py:109} INFO - [2022-08-01 12:26:37,302] {dagbag.py:500} INFO - Filling up the DagBag from /home/airflow/.local/lib/python3.7/site-packages/airflow/example_dags/tutorial_etl_dag.py
[2022-08-01 12:26:37,332] {processor.py:637} INFO - DAG(s) dict_keys(['tutorial_etl_dag']) retrieved from /home/airflow/.local/lib/python3.7/site-packages/airflow/example_dags/tutorial_etl_dag.py
[2022-08-01 12:26:37,343] {logging_mixin.py:109} INFO - [2022-08-01 12:26:37,343] {dag.py:2396} INFO - Sync 1 DAGs
[2022-08-01 12:26:37,360] {logging_mixin.py:109} INFO - [2022-08-01 12:26:37,360] {dag.py:2928} INFO - Setting next_dagrun for tutorial_etl_dag to None
[2022-08-01 12:26:37,374] {processor.py:171} INFO - Processing /home/airflow/.local/lib/python3.7/site-packages/airflow/example_dags/tutorial_etl_dag.py took 0.077 seconds
[2022-08-01 12:27:08,171] {processor.py:163} INFO - Started process (PID=214) to work on /home/airflow/.local/lib/python3.7/site-packages/airflow/example_dags/tutorial_etl_dag.py
[2022-08-01 12:27:08,174] {processor.py:625} INFO - Processing file /home/airflow/.local/lib/python3.7/site-packages/airflow/example_dags/tutorial_etl_dag.py for tasks to queue
[2022-08-01 12:27:08,175] {logging_mixin.py:109} INFO - [2022-08-01 12:27:08,175] {dagbag.py:500} INFO - Filling up the DagBag from /home/airflow/.local/lib/python3.7/site-packages/airflow/example_dags/tutorial_etl_dag.py
[2022-08-01 12:27:08,220] {processor.py:637} INFO - DAG(s) dict_keys(['tutorial_etl_dag']) retrieved from /home/airflow/.local/lib/python3.7/site-packages/airflow/example_dags/tutorial_etl_dag.py
[2022-08-01 12:27:08,233] {logging_mixin.py:109} INFO - [2022-08-01 12:27:08,233] {dag.py:2396} INFO - Sync 1 DAGs
[2022-08-01 12:27:08,258] {logging_mixin.py:109} INFO - [2022-08-01 12:27:08,258] {dag.py:2928} INFO - Setting next_dagrun for tutorial_etl_dag to None
[2022-08-01 12:27:08,275] {processor.py:171} INFO - Processing /home/airflow/.local/lib/python3.7/site-packages/airflow/example_dags/tutorial_etl_dag.py took 0.109 seconds
[2022-08-01 12:27:38,808] {processor.py:163} INFO - Started process (PID=265) to work on /home/airflow/.local/lib/python3.7/site-packages/airflow/example_dags/tutorial_etl_dag.py
[2022-08-01 12:27:38,809] {processor.py:625} INFO - Processing file /home/airflow/.local/lib/python3.7/site-packages/airflow/example_dags/tutorial_etl_dag.py for tasks to queue
[2022-08-01 12:27:38,809] {logging_mixin.py:109} INFO - [2022-08-01 12:27:38,809] {dagbag.py:500} INFO - Filling up the DagBag from /home/airflow/.local/lib/python3.7/site-packages/airflow/example_dags/tutorial_etl_dag.py
[2022-08-01 12:27:38,826] {processor.py:637} INFO - DAG(s) dict_keys(['tutorial_etl_dag']) retrieved from /home/airflow/.local/lib/python3.7/site-packages/airflow/example_dags/tutorial_etl_dag.py
[2022-08-01 12:27:38,832] {logging_mixin.py:109} INFO - [2022-08-01 12:27:38,832] {dag.py:2396} INFO - Sync 1 DAGs
[2022-08-01 12:27:38,841] {logging_mixin.py:109} INFO - [2022-08-01 12:27:38,841] {dag.py:2928} INFO - Setting next_dagrun for tutorial_etl_dag to None
[2022-08-01 12:27:38,848] {processor.py:171} INFO - Processing /home/airflow/.local/lib/python3.7/site-packages/airflow/example_dags/tutorial_etl_dag.py took 0.043 seconds
[2022-08-01 12:28:10,173] {processor.py:163} INFO - Started process (PID=327) to work on /home/airflow/.local/lib/python3.7/site-packages/airflow/example_dags/tutorial_etl_dag.py
[2022-08-01 12:28:10,174] {processor.py:625} INFO - Processing file /home/airflow/.local/lib/python3.7/site-packages/airflow/example_dags/tutorial_etl_dag.py for tasks to queue
[2022-08-01 12:28:10,174] {logging_mixin.py:109} INFO - [2022-08-01 12:28:10,174] {dagbag.py:500} INFO - Filling up the DagBag from /home/airflow/.local/lib/python3.7/site-packages/airflow/example_dags/tutorial_etl_dag.py
[2022-08-01 12:28:10,197] {processor.py:637} INFO - DAG(s) dict_keys(['tutorial_etl_dag']) retrieved from /home/airflow/.local/lib/python3.7/site-packages/airflow/example_dags/tutorial_etl_dag.py
[2022-08-01 12:28:10,203] {logging_mixin.py:109} INFO - [2022-08-01 12:28:10,203] {dag.py:2396} INFO - Sync 1 DAGs
[2022-08-01 12:28:10,213] {logging_mixin.py:109} INFO - [2022-08-01 12:28:10,212] {dag.py:2928} INFO - Setting next_dagrun for tutorial_etl_dag to None
[2022-08-01 12:28:10,219] {processor.py:171} INFO - Processing /home/airflow/.local/lib/python3.7/site-packages/airflow/example_dags/tutorial_etl_dag.py took 0.049 seconds
[2022-08-01 12:28:40,833] {processor.py:163} INFO - Started process (PID=379) to work on /home/airflow/.local/lib/python3.7/site-packages/airflow/example_dags/tutorial_etl_dag.py
[2022-08-01 12:28:40,834] {processor.py:625} INFO - Processing file /home/airflow/.local/lib/python3.7/site-packages/airflow/example_dags/tutorial_etl_dag.py for tasks to queue
[2022-08-01 12:28:40,835] {logging_mixin.py:109} INFO - [2022-08-01 12:28:40,835] {dagbag.py:500} INFO - Filling up the DagBag from /home/airflow/.local/lib/python3.7/site-packages/airflow/example_dags/tutorial_etl_dag.py
[2022-08-01 12:28:40,867] {processor.py:637} INFO - DAG(s) dict_keys(['tutorial_etl_dag']) retrieved from /home/airflow/.local/lib/python3.7/site-packages/airflow/example_dags/tutorial_etl_dag.py
[2022-08-01 12:28:40,877] {logging_mixin.py:109} INFO - [2022-08-01 12:28:40,877] {dag.py:2396} INFO - Sync 1 DAGs
[2022-08-01 12:28:40,890] {logging_mixin.py:109} INFO - [2022-08-01 12:28:40,890] {dag.py:2928} INFO - Setting next_dagrun for tutorial_etl_dag to None
[2022-08-01 12:28:40,900] {processor.py:171} INFO - Processing /home/airflow/.local/lib/python3.7/site-packages/airflow/example_dags/tutorial_etl_dag.py took 0.070 seconds
[2022-08-01 12:29:11,842] {processor.py:163} INFO - Started process (PID=440) to work on /home/airflow/.local/lib/python3.7/site-packages/airflow/example_dags/tutorial_etl_dag.py
[2022-08-01 12:29:11,843] {processor.py:625} INFO - Processing file /home/airflow/.local/lib/python3.7/site-packages/airflow/example_dags/tutorial_etl_dag.py for tasks to queue
[2022-08-01 12:29:11,843] {logging_mixin.py:109} INFO - [2022-08-01 12:29:11,843] {dagbag.py:500} INFO - Filling up the DagBag from /home/airflow/.local/lib/python3.7/site-packages/airflow/example_dags/tutorial_etl_dag.py
[2022-08-01 12:29:11,873] {processor.py:637} INFO - DAG(s) dict_keys(['tutorial_etl_dag']) retrieved from /home/airflow/.local/lib/python3.7/site-packages/airflow/example_dags/tutorial_etl_dag.py
[2022-08-01 12:29:11,882] {logging_mixin.py:109} INFO - [2022-08-01 12:29:11,881] {dag.py:2396} INFO - Sync 1 DAGs
[2022-08-01 12:29:11,903] {logging_mixin.py:109} INFO - [2022-08-01 12:29:11,903] {dag.py:2928} INFO - Setting next_dagrun for tutorial_etl_dag to None
[2022-08-01 12:29:11,915] {processor.py:171} INFO - Processing /home/airflow/.local/lib/python3.7/site-packages/airflow/example_dags/tutorial_etl_dag.py took 0.077 seconds
[2022-08-01 12:29:42,662] {processor.py:163} INFO - Started process (PID=492) to work on /home/airflow/.local/lib/python3.7/site-packages/airflow/example_dags/tutorial_etl_dag.py
[2022-08-01 12:29:42,664] {processor.py:625} INFO - Processing file /home/airflow/.local/lib/python3.7/site-packages/airflow/example_dags/tutorial_etl_dag.py for tasks to queue
[2022-08-01 12:29:42,664] {logging_mixin.py:109} INFO - [2022-08-01 12:29:42,664] {dagbag.py:500} INFO - Filling up the DagBag from /home/airflow/.local/lib/python3.7/site-packages/airflow/example_dags/tutorial_etl_dag.py
[2022-08-01 12:29:42,690] {processor.py:637} INFO - DAG(s) dict_keys(['tutorial_etl_dag']) retrieved from /home/airflow/.local/lib/python3.7/site-packages/airflow/example_dags/tutorial_etl_dag.py
[2022-08-01 12:29:42,699] {logging_mixin.py:109} INFO - [2022-08-01 12:29:42,699] {dag.py:2396} INFO - Sync 1 DAGs
[2022-08-01 12:29:42,713] {logging_mixin.py:109} INFO - [2022-08-01 12:29:42,713] {dag.py:2928} INFO - Setting next_dagrun for tutorial_etl_dag to None
[2022-08-01 12:29:42,722] {processor.py:171} INFO - Processing /home/airflow/.local/lib/python3.7/site-packages/airflow/example_dags/tutorial_etl_dag.py took 0.063 seconds
[2022-08-01 12:30:12,929] {processor.py:163} INFO - Started process (PID=553) to work on /home/airflow/.local/lib/python3.7/site-packages/airflow/example_dags/tutorial_etl_dag.py
[2022-08-01 12:30:12,930] {processor.py:625} INFO - Processing file /home/airflow/.local/lib/python3.7/site-packages/airflow/example_dags/tutorial_etl_dag.py for tasks to queue
[2022-08-01 12:30:12,931] {logging_mixin.py:109} INFO - [2022-08-01 12:30:12,931] {dagbag.py:500} INFO - Filling up the DagBag from /home/airflow/.local/lib/python3.7/site-packages/airflow/example_dags/tutorial_etl_dag.py
[2022-08-01 12:30:12,963] {processor.py:637} INFO - DAG(s) dict_keys(['tutorial_etl_dag']) retrieved from /home/airflow/.local/lib/python3.7/site-packages/airflow/example_dags/tutorial_etl_dag.py
[2022-08-01 12:30:12,977] {logging_mixin.py:109} INFO - [2022-08-01 12:30:12,977] {dag.py:2396} INFO - Sync 1 DAGs
[2022-08-01 12:30:12,995] {logging_mixin.py:109} INFO - [2022-08-01 12:30:12,995] {dag.py:2928} INFO - Setting next_dagrun for tutorial_etl_dag to None
[2022-08-01 12:30:13,012] {processor.py:171} INFO - Processing /home/airflow/.local/lib/python3.7/site-packages/airflow/example_dags/tutorial_etl_dag.py took 0.087 seconds
[2022-08-01 12:30:44,729] {processor.py:163} INFO - Started process (PID=605) to work on /home/airflow/.local/lib/python3.7/site-packages/airflow/example_dags/tutorial_etl_dag.py
[2022-08-01 12:30:44,748] {processor.py:625} INFO - Processing file /home/airflow/.local/lib/python3.7/site-packages/airflow/example_dags/tutorial_etl_dag.py for tasks to queue
[2022-08-01 12:30:44,749] {logging_mixin.py:109} INFO - [2022-08-01 12:30:44,749] {dagbag.py:500} INFO - Filling up the DagBag from /home/airflow/.local/lib/python3.7/site-packages/airflow/example_dags/tutorial_etl_dag.py
[2022-08-01 12:30:44,843] {processor.py:637} INFO - DAG(s) dict_keys(['tutorial_etl_dag']) retrieved from /home/airflow/.local/lib/python3.7/site-packages/airflow/example_dags/tutorial_etl_dag.py
[2022-08-01 12:30:44,870] {logging_mixin.py:109} INFO - [2022-08-01 12:30:44,870] {dag.py:2396} INFO - Sync 1 DAGs
[2022-08-01 12:30:44,939] {logging_mixin.py:109} INFO - [2022-08-01 12:30:44,939] {dag.py:2928} INFO - Setting next_dagrun for tutorial_etl_dag to None
[2022-08-01 12:30:44,975] {processor.py:171} INFO - Processing /home/airflow/.local/lib/python3.7/site-packages/airflow/example_dags/tutorial_etl_dag.py took 0.262 seconds
[2022-08-01 12:31:15,857] {processor.py:163} INFO - Started process (PID=657) to work on /home/airflow/.local/lib/python3.7/site-packages/airflow/example_dags/tutorial_etl_dag.py
[2022-08-01 12:31:15,857] {processor.py:625} INFO - Processing file /home/airflow/.local/lib/python3.7/site-packages/airflow/example_dags/tutorial_etl_dag.py for tasks to queue
[2022-08-01 12:31:15,858] {logging_mixin.py:109} INFO - [2022-08-01 12:31:15,858] {dagbag.py:500} INFO - Filling up the DagBag from /home/airflow/.local/lib/python3.7/site-packages/airflow/example_dags/tutorial_etl_dag.py
[2022-08-01 12:31:15,930] {processor.py:637} INFO - DAG(s) dict_keys(['tutorial_etl_dag']) retrieved from /home/airflow/.local/lib/python3.7/site-packages/airflow/example_dags/tutorial_etl_dag.py
[2022-08-01 12:31:15,938] {logging_mixin.py:109} INFO - [2022-08-01 12:31:15,938] {dag.py:2396} INFO - Sync 1 DAGs
[2022-08-01 12:31:15,949] {logging_mixin.py:109} INFO - [2022-08-01 12:31:15,949] {dag.py:2928} INFO - Setting next_dagrun for tutorial_etl_dag to None
[2022-08-01 12:31:15,960] {processor.py:171} INFO - Processing /home/airflow/.local/lib/python3.7/site-packages/airflow/example_dags/tutorial_etl_dag.py took 0.106 seconds
[2022-08-01 12:31:46,642] {processor.py:163} INFO - Started process (PID=718) to work on /home/airflow/.local/lib/python3.7/site-packages/airflow/example_dags/tutorial_etl_dag.py
[2022-08-01 12:31:46,644] {processor.py:625} INFO - Processing file /home/airflow/.local/lib/python3.7/site-packages/airflow/example_dags/tutorial_etl_dag.py for tasks to queue
[2022-08-01 12:31:46,645] {logging_mixin.py:109} INFO - [2022-08-01 12:31:46,645] {dagbag.py:500} INFO - Filling up the DagBag from /home/airflow/.local/lib/python3.7/site-packages/airflow/example_dags/tutorial_etl_dag.py
[2022-08-01 12:31:46,685] {processor.py:637} INFO - DAG(s) dict_keys(['tutorial_etl_dag']) retrieved from /home/airflow/.local/lib/python3.7/site-packages/airflow/example_dags/tutorial_etl_dag.py
[2022-08-01 12:31:46,703] {logging_mixin.py:109} INFO - [2022-08-01 12:31:46,703] {dag.py:2396} INFO - Sync 1 DAGs
[2022-08-01 12:31:46,732] {logging_mixin.py:109} INFO - [2022-08-01 12:31:46,731] {dag.py:2928} INFO - Setting next_dagrun for tutorial_etl_dag to None
[2022-08-01 12:31:46,751] {processor.py:171} INFO - Processing /home/airflow/.local/lib/python3.7/site-packages/airflow/example_dags/tutorial_etl_dag.py took 0.114 seconds
[2022-08-01 12:32:17,373] {processor.py:163} INFO - Started process (PID=770) to work on /home/airflow/.local/lib/python3.7/site-packages/airflow/example_dags/tutorial_etl_dag.py
[2022-08-01 12:32:17,374] {processor.py:625} INFO - Processing file /home/airflow/.local/lib/python3.7/site-packages/airflow/example_dags/tutorial_etl_dag.py for tasks to queue
[2022-08-01 12:32:17,374] {logging_mixin.py:109} INFO - [2022-08-01 12:32:17,374] {dagbag.py:500} INFO - Filling up the DagBag from /home/airflow/.local/lib/python3.7/site-packages/airflow/example_dags/tutorial_etl_dag.py
[2022-08-01 12:32:17,395] {processor.py:637} INFO - DAG(s) dict_keys(['tutorial_etl_dag']) retrieved from /home/airflow/.local/lib/python3.7/site-packages/airflow/example_dags/tutorial_etl_dag.py
[2022-08-01 12:32:17,402] {logging_mixin.py:109} INFO - [2022-08-01 12:32:17,402] {dag.py:2396} INFO - Sync 1 DAGs
[2022-08-01 12:32:17,412] {logging_mixin.py:109} INFO - [2022-08-01 12:32:17,412] {dag.py:2928} INFO - Setting next_dagrun for tutorial_etl_dag to None
[2022-08-01 12:32:17,420] {processor.py:171} INFO - Processing /home/airflow/.local/lib/python3.7/site-packages/airflow/example_dags/tutorial_etl_dag.py took 0.049 seconds
[2022-08-01 12:32:48,734] {processor.py:163} INFO - Started process (PID=832) to work on /home/airflow/.local/lib/python3.7/site-packages/airflow/example_dags/tutorial_etl_dag.py
[2022-08-01 12:32:48,736] {processor.py:625} INFO - Processing file /home/airflow/.local/lib/python3.7/site-packages/airflow/example_dags/tutorial_etl_dag.py for tasks to queue
[2022-08-01 12:32:48,736] {logging_mixin.py:109} INFO - [2022-08-01 12:32:48,736] {dagbag.py:500} INFO - Filling up the DagBag from /home/airflow/.local/lib/python3.7/site-packages/airflow/example_dags/tutorial_etl_dag.py
[2022-08-01 12:32:48,773] {processor.py:637} INFO - DAG(s) dict_keys(['tutorial_etl_dag']) retrieved from /home/airflow/.local/lib/python3.7/site-packages/airflow/example_dags/tutorial_etl_dag.py
[2022-08-01 12:32:48,785] {logging_mixin.py:109} INFO - [2022-08-01 12:32:48,785] {dag.py:2396} INFO - Sync 1 DAGs
[2022-08-01 12:32:48,807] {logging_mixin.py:109} INFO - [2022-08-01 12:32:48,807] {dag.py:2928} INFO - Setting next_dagrun for tutorial_etl_dag to None
[2022-08-01 12:32:48,824] {processor.py:171} INFO - Processing /home/airflow/.local/lib/python3.7/site-packages/airflow/example_dags/tutorial_etl_dag.py took 0.094 seconds
[2022-08-01 12:33:19,659] {processor.py:163} INFO - Started process (PID=883) to work on /home/airflow/.local/lib/python3.7/site-packages/airflow/example_dags/tutorial_etl_dag.py
[2022-08-01 12:33:19,660] {processor.py:625} INFO - Processing file /home/airflow/.local/lib/python3.7/site-packages/airflow/example_dags/tutorial_etl_dag.py for tasks to queue
[2022-08-01 12:33:19,660] {logging_mixin.py:109} INFO - [2022-08-01 12:33:19,660] {dagbag.py:500} INFO - Filling up the DagBag from /home/airflow/.local/lib/python3.7/site-packages/airflow/example_dags/tutorial_etl_dag.py
[2022-08-01 12:33:19,679] {processor.py:637} INFO - DAG(s) dict_keys(['tutorial_etl_dag']) retrieved from /home/airflow/.local/lib/python3.7/site-packages/airflow/example_dags/tutorial_etl_dag.py
[2022-08-01 12:33:19,685] {logging_mixin.py:109} INFO - [2022-08-01 12:33:19,685] {dag.py:2396} INFO - Sync 1 DAGs
[2022-08-01 12:33:19,695] {logging_mixin.py:109} INFO - [2022-08-01 12:33:19,694] {dag.py:2928} INFO - Setting next_dagrun for tutorial_etl_dag to None
[2022-08-01 12:33:19,702] {processor.py:171} INFO - Processing /home/airflow/.local/lib/python3.7/site-packages/airflow/example_dags/tutorial_etl_dag.py took 0.045 seconds
[2022-08-01 12:33:50,517] {processor.py:163} INFO - Started process (PID=944) to work on /home/airflow/.local/lib/python3.7/site-packages/airflow/example_dags/tutorial_etl_dag.py
[2022-08-01 12:33:50,519] {processor.py:625} INFO - Processing file /home/airflow/.local/lib/python3.7/site-packages/airflow/example_dags/tutorial_etl_dag.py for tasks to queue
[2022-08-01 12:33:50,520] {logging_mixin.py:109} INFO - [2022-08-01 12:33:50,519] {dagbag.py:500} INFO - Filling up the DagBag from /home/airflow/.local/lib/python3.7/site-packages/airflow/example_dags/tutorial_etl_dag.py
[2022-08-01 12:33:50,562] {processor.py:637} INFO - DAG(s) dict_keys(['tutorial_etl_dag']) retrieved from /home/airflow/.local/lib/python3.7/site-packages/airflow/example_dags/tutorial_etl_dag.py
[2022-08-01 12:33:50,576] {logging_mixin.py:109} INFO - [2022-08-01 12:33:50,576] {dag.py:2396} INFO - Sync 1 DAGs
[2022-08-01 12:33:50,604] {logging_mixin.py:109} INFO - [2022-08-01 12:33:50,603] {dag.py:2928} INFO - Setting next_dagrun for tutorial_etl_dag to None
[2022-08-01 12:33:50,617] {processor.py:171} INFO - Processing /home/airflow/.local/lib/python3.7/site-packages/airflow/example_dags/tutorial_etl_dag.py took 0.104 seconds
[2022-08-01 12:34:21,453] {processor.py:163} INFO - Started process (PID=996) to work on /home/airflow/.local/lib/python3.7/site-packages/airflow/example_dags/tutorial_etl_dag.py
[2022-08-01 12:34:21,455] {processor.py:625} INFO - Processing file /home/airflow/.local/lib/python3.7/site-packages/airflow/example_dags/tutorial_etl_dag.py for tasks to queue
[2022-08-01 12:34:21,455] {logging_mixin.py:109} INFO - [2022-08-01 12:34:21,455] {dagbag.py:500} INFO - Filling up the DagBag from /home/airflow/.local/lib/python3.7/site-packages/airflow/example_dags/tutorial_etl_dag.py
[2022-08-01 12:34:21,477] {processor.py:637} INFO - DAG(s) dict_keys(['tutorial_etl_dag']) retrieved from /home/airflow/.local/lib/python3.7/site-packages/airflow/example_dags/tutorial_etl_dag.py
[2022-08-01 12:34:21,485] {logging_mixin.py:109} INFO - [2022-08-01 12:34:21,485] {dag.py:2396} INFO - Sync 1 DAGs
[2022-08-01 12:34:21,499] {logging_mixin.py:109} INFO - [2022-08-01 12:34:21,498] {dag.py:2928} INFO - Setting next_dagrun for tutorial_etl_dag to None
[2022-08-01 12:34:21,507] {processor.py:171} INFO - Processing /home/airflow/.local/lib/python3.7/site-packages/airflow/example_dags/tutorial_etl_dag.py took 0.057 seconds
[2022-08-01 12:34:52,199] {processor.py:163} INFO - Started process (PID=1055) to work on /home/airflow/.local/lib/python3.7/site-packages/airflow/example_dags/tutorial_etl_dag.py
[2022-08-01 12:34:52,201] {processor.py:625} INFO - Processing file /home/airflow/.local/lib/python3.7/site-packages/airflow/example_dags/tutorial_etl_dag.py for tasks to queue
[2022-08-01 12:34:52,201] {logging_mixin.py:109} INFO - [2022-08-01 12:34:52,201] {dagbag.py:500} INFO - Filling up the DagBag from /home/airflow/.local/lib/python3.7/site-packages/airflow/example_dags/tutorial_etl_dag.py
[2022-08-01 12:34:52,235] {processor.py:637} INFO - DAG(s) dict_keys(['tutorial_etl_dag']) retrieved from /home/airflow/.local/lib/python3.7/site-packages/airflow/example_dags/tutorial_etl_dag.py
[2022-08-01 12:34:52,247] {logging_mixin.py:109} INFO - [2022-08-01 12:34:52,247] {dag.py:2396} INFO - Sync 1 DAGs
[2022-08-01 12:34:52,270] {logging_mixin.py:109} INFO - [2022-08-01 12:34:52,270] {dag.py:2928} INFO - Setting next_dagrun for tutorial_etl_dag to None
[2022-08-01 12:34:52,288] {processor.py:171} INFO - Processing /home/airflow/.local/lib/python3.7/site-packages/airflow/example_dags/tutorial_etl_dag.py took 0.093 seconds
[2022-08-01 12:35:22,949] {processor.py:163} INFO - Started process (PID=1109) to work on /home/airflow/.local/lib/python3.7/site-packages/airflow/example_dags/tutorial_etl_dag.py
[2022-08-01 12:35:22,951] {processor.py:625} INFO - Processing file /home/airflow/.local/lib/python3.7/site-packages/airflow/example_dags/tutorial_etl_dag.py for tasks to queue
[2022-08-01 12:35:22,952] {logging_mixin.py:109} INFO - [2022-08-01 12:35:22,952] {dagbag.py:500} INFO - Filling up the DagBag from /home/airflow/.local/lib/python3.7/site-packages/airflow/example_dags/tutorial_etl_dag.py
[2022-08-01 12:35:22,983] {processor.py:637} INFO - DAG(s) dict_keys(['tutorial_etl_dag']) retrieved from /home/airflow/.local/lib/python3.7/site-packages/airflow/example_dags/tutorial_etl_dag.py
[2022-08-01 12:35:22,993] {logging_mixin.py:109} INFO - [2022-08-01 12:35:22,993] {dag.py:2396} INFO - Sync 1 DAGs
[2022-08-01 12:35:23,013] {logging_mixin.py:109} INFO - [2022-08-01 12:35:23,013] {dag.py:2928} INFO - Setting next_dagrun for tutorial_etl_dag to None
[2022-08-01 12:35:23,028] {processor.py:171} INFO - Processing /home/airflow/.local/lib/python3.7/site-packages/airflow/example_dags/tutorial_etl_dag.py took 0.082 seconds
[2022-08-01 12:35:53,187] {processor.py:163} INFO - Started process (PID=1160) to work on /home/airflow/.local/lib/python3.7/site-packages/airflow/example_dags/tutorial_etl_dag.py
[2022-08-01 12:35:53,196] {processor.py:625} INFO - Processing file /home/airflow/.local/lib/python3.7/site-packages/airflow/example_dags/tutorial_etl_dag.py for tasks to queue
[2022-08-01 12:35:53,196] {logging_mixin.py:109} INFO - [2022-08-01 12:35:53,196] {dagbag.py:500} INFO - Filling up the DagBag from /home/airflow/.local/lib/python3.7/site-packages/airflow/example_dags/tutorial_etl_dag.py
[2022-08-01 12:35:53,215] {processor.py:637} INFO - DAG(s) dict_keys(['tutorial_etl_dag']) retrieved from /home/airflow/.local/lib/python3.7/site-packages/airflow/example_dags/tutorial_etl_dag.py
[2022-08-01 12:35:53,222] {logging_mixin.py:109} INFO - [2022-08-01 12:35:53,222] {dag.py:2396} INFO - Sync 1 DAGs
[2022-08-01 12:35:53,231] {logging_mixin.py:109} INFO - [2022-08-01 12:35:53,231] {dag.py:2928} INFO - Setting next_dagrun for tutorial_etl_dag to None
[2022-08-01 12:35:53,239] {processor.py:171} INFO - Processing /home/airflow/.local/lib/python3.7/site-packages/airflow/example_dags/tutorial_etl_dag.py took 0.055 seconds
[2022-08-01 12:40:11,031] {processor.py:163} INFO - Started process (PID=48) to work on /home/airflow/.local/lib/python3.7/site-packages/airflow/example_dags/tutorial_etl_dag.py
[2022-08-01 12:40:11,037] {processor.py:625} INFO - Processing file /home/airflow/.local/lib/python3.7/site-packages/airflow/example_dags/tutorial_etl_dag.py for tasks to queue
[2022-08-01 12:40:11,038] {logging_mixin.py:109} INFO - [2022-08-01 12:40:11,038] {dagbag.py:500} INFO - Filling up the DagBag from /home/airflow/.local/lib/python3.7/site-packages/airflow/example_dags/tutorial_etl_dag.py
[2022-08-01 12:40:11,097] {processor.py:637} INFO - DAG(s) dict_keys(['tutorial_etl_dag']) retrieved from /home/airflow/.local/lib/python3.7/site-packages/airflow/example_dags/tutorial_etl_dag.py
[2022-08-01 12:40:11,118] {logging_mixin.py:109} INFO - [2022-08-01 12:40:11,118] {dag.py:2396} INFO - Sync 1 DAGs
[2022-08-01 12:40:11,163] {logging_mixin.py:109} INFO - [2022-08-01 12:40:11,163] {dag.py:2928} INFO - Setting next_dagrun for tutorial_etl_dag to None
[2022-08-01 12:40:11,213] {processor.py:171} INFO - Processing /home/airflow/.local/lib/python3.7/site-packages/airflow/example_dags/tutorial_etl_dag.py took 0.194 seconds
[2022-08-01 12:40:41,875] {processor.py:163} INFO - Started process (PID=99) to work on /home/airflow/.local/lib/python3.7/site-packages/airflow/example_dags/tutorial_etl_dag.py
[2022-08-01 12:40:41,876] {processor.py:625} INFO - Processing file /home/airflow/.local/lib/python3.7/site-packages/airflow/example_dags/tutorial_etl_dag.py for tasks to queue
[2022-08-01 12:40:41,876] {logging_mixin.py:109} INFO - [2022-08-01 12:40:41,876] {dagbag.py:500} INFO - Filling up the DagBag from /home/airflow/.local/lib/python3.7/site-packages/airflow/example_dags/tutorial_etl_dag.py
[2022-08-01 12:40:41,896] {processor.py:637} INFO - DAG(s) dict_keys(['tutorial_etl_dag']) retrieved from /home/airflow/.local/lib/python3.7/site-packages/airflow/example_dags/tutorial_etl_dag.py
[2022-08-01 12:40:41,904] {logging_mixin.py:109} INFO - [2022-08-01 12:40:41,904] {dag.py:2396} INFO - Sync 1 DAGs
[2022-08-01 12:40:41,915] {logging_mixin.py:109} INFO - [2022-08-01 12:40:41,915] {dag.py:2928} INFO - Setting next_dagrun for tutorial_etl_dag to None
[2022-08-01 12:40:41,924] {processor.py:171} INFO - Processing /home/airflow/.local/lib/python3.7/site-packages/airflow/example_dags/tutorial_etl_dag.py took 0.052 seconds
[2022-08-01 13:20:39,768] {processor.py:163} INFO - Started process (PID=48) to work on /home/airflow/.local/lib/python3.7/site-packages/airflow/example_dags/tutorial_etl_dag.py
[2022-08-01 13:20:39,771] {processor.py:625} INFO - Processing file /home/airflow/.local/lib/python3.7/site-packages/airflow/example_dags/tutorial_etl_dag.py for tasks to queue
[2022-08-01 13:20:39,772] {logging_mixin.py:109} INFO - [2022-08-01 13:20:39,771] {dagbag.py:500} INFO - Filling up the DagBag from /home/airflow/.local/lib/python3.7/site-packages/airflow/example_dags/tutorial_etl_dag.py
[2022-08-01 13:20:39,821] {processor.py:637} INFO - DAG(s) dict_keys(['tutorial_etl_dag']) retrieved from /home/airflow/.local/lib/python3.7/site-packages/airflow/example_dags/tutorial_etl_dag.py
[2022-08-01 13:20:39,840] {logging_mixin.py:109} INFO - [2022-08-01 13:20:39,839] {dag.py:2396} INFO - Sync 1 DAGs
[2022-08-01 13:20:39,867] {logging_mixin.py:109} INFO - [2022-08-01 13:20:39,867] {dag.py:2928} INFO - Setting next_dagrun for tutorial_etl_dag to None
[2022-08-01 13:20:39,883] {processor.py:171} INFO - Processing /home/airflow/.local/lib/python3.7/site-packages/airflow/example_dags/tutorial_etl_dag.py took 0.123 seconds
[2022-08-01 13:21:13,372] {processor.py:163} INFO - Started process (PID=100) to work on /home/airflow/.local/lib/python3.7/site-packages/airflow/example_dags/tutorial_etl_dag.py
[2022-08-01 13:21:13,381] {processor.py:625} INFO - Processing file /home/airflow/.local/lib/python3.7/site-packages/airflow/example_dags/tutorial_etl_dag.py for tasks to queue
[2022-08-01 13:21:13,383] {logging_mixin.py:109} INFO - [2022-08-01 13:21:13,382] {dagbag.py:500} INFO - Filling up the DagBag from /home/airflow/.local/lib/python3.7/site-packages/airflow/example_dags/tutorial_etl_dag.py
[2022-08-01 13:21:13,498] {processor.py:637} INFO - DAG(s) dict_keys(['tutorial_etl_dag']) retrieved from /home/airflow/.local/lib/python3.7/site-packages/airflow/example_dags/tutorial_etl_dag.py
[2022-08-01 13:21:13,537] {logging_mixin.py:109} INFO - [2022-08-01 13:21:13,537] {dag.py:2396} INFO - Sync 1 DAGs
[2022-08-01 13:21:13,626] {logging_mixin.py:109} INFO - [2022-08-01 13:21:13,625] {dag.py:2928} INFO - Setting next_dagrun for tutorial_etl_dag to None
[2022-08-01 13:21:13,659] {processor.py:171} INFO - Processing /home/airflow/.local/lib/python3.7/site-packages/airflow/example_dags/tutorial_etl_dag.py took 0.305 seconds
[2022-08-01 13:21:44,474] {processor.py:163} INFO - Started process (PID=152) to work on /home/airflow/.local/lib/python3.7/site-packages/airflow/example_dags/tutorial_etl_dag.py
[2022-08-01 13:21:44,481] {processor.py:625} INFO - Processing file /home/airflow/.local/lib/python3.7/site-packages/airflow/example_dags/tutorial_etl_dag.py for tasks to queue
[2022-08-01 13:21:44,481] {logging_mixin.py:109} INFO - [2022-08-01 13:21:44,481] {dagbag.py:500} INFO - Filling up the DagBag from /home/airflow/.local/lib/python3.7/site-packages/airflow/example_dags/tutorial_etl_dag.py
[2022-08-01 13:21:44,503] {processor.py:637} INFO - DAG(s) dict_keys(['tutorial_etl_dag']) retrieved from /home/airflow/.local/lib/python3.7/site-packages/airflow/example_dags/tutorial_etl_dag.py
[2022-08-01 13:21:44,511] {logging_mixin.py:109} INFO - [2022-08-01 13:21:44,511] {dag.py:2396} INFO - Sync 1 DAGs
[2022-08-01 13:21:44,524] {logging_mixin.py:109} INFO - [2022-08-01 13:21:44,524] {dag.py:2928} INFO - Setting next_dagrun for tutorial_etl_dag to None
[2022-08-01 13:21:44,533] {processor.py:171} INFO - Processing /home/airflow/.local/lib/python3.7/site-packages/airflow/example_dags/tutorial_etl_dag.py took 0.060 seconds
[2022-08-01 13:22:14,814] {processor.py:163} INFO - Started process (PID=204) to work on /home/airflow/.local/lib/python3.7/site-packages/airflow/example_dags/tutorial_etl_dag.py
[2022-08-01 13:22:14,816] {processor.py:625} INFO - Processing file /home/airflow/.local/lib/python3.7/site-packages/airflow/example_dags/tutorial_etl_dag.py for tasks to queue
[2022-08-01 13:22:14,816] {logging_mixin.py:109} INFO - [2022-08-01 13:22:14,816] {dagbag.py:500} INFO - Filling up the DagBag from /home/airflow/.local/lib/python3.7/site-packages/airflow/example_dags/tutorial_etl_dag.py
[2022-08-01 13:22:14,838] {processor.py:637} INFO - DAG(s) dict_keys(['tutorial_etl_dag']) retrieved from /home/airflow/.local/lib/python3.7/site-packages/airflow/example_dags/tutorial_etl_dag.py
[2022-08-01 13:22:14,845] {logging_mixin.py:109} INFO - [2022-08-01 13:22:14,845] {dag.py:2396} INFO - Sync 1 DAGs
[2022-08-01 13:22:14,855] {logging_mixin.py:109} INFO - [2022-08-01 13:22:14,855] {dag.py:2928} INFO - Setting next_dagrun for tutorial_etl_dag to None
[2022-08-01 13:22:14,865] {processor.py:171} INFO - Processing /home/airflow/.local/lib/python3.7/site-packages/airflow/example_dags/tutorial_etl_dag.py took 0.053 seconds
[2022-08-01 13:22:44,916] {processor.py:163} INFO - Started process (PID=255) to work on /home/airflow/.local/lib/python3.7/site-packages/airflow/example_dags/tutorial_etl_dag.py
[2022-08-01 13:22:44,920] {processor.py:625} INFO - Processing file /home/airflow/.local/lib/python3.7/site-packages/airflow/example_dags/tutorial_etl_dag.py for tasks to queue
[2022-08-01 13:22:44,920] {logging_mixin.py:109} INFO - [2022-08-01 13:22:44,920] {dagbag.py:500} INFO - Filling up the DagBag from /home/airflow/.local/lib/python3.7/site-packages/airflow/example_dags/tutorial_etl_dag.py
[2022-08-01 13:22:44,938] {processor.py:637} INFO - DAG(s) dict_keys(['tutorial_etl_dag']) retrieved from /home/airflow/.local/lib/python3.7/site-packages/airflow/example_dags/tutorial_etl_dag.py
[2022-08-01 13:22:44,944] {logging_mixin.py:109} INFO - [2022-08-01 13:22:44,944] {dag.py:2396} INFO - Sync 1 DAGs
[2022-08-01 13:22:44,953] {logging_mixin.py:109} INFO - [2022-08-01 13:22:44,953] {dag.py:2928} INFO - Setting next_dagrun for tutorial_etl_dag to None
[2022-08-01 13:22:44,961] {processor.py:171} INFO - Processing /home/airflow/.local/lib/python3.7/site-packages/airflow/example_dags/tutorial_etl_dag.py took 0.048 seconds
[2022-08-01 13:23:15,030] {processor.py:163} INFO - Started process (PID=316) to work on /home/airflow/.local/lib/python3.7/site-packages/airflow/example_dags/tutorial_etl_dag.py
[2022-08-01 13:23:15,032] {processor.py:625} INFO - Processing file /home/airflow/.local/lib/python3.7/site-packages/airflow/example_dags/tutorial_etl_dag.py for tasks to queue
[2022-08-01 13:23:15,033] {logging_mixin.py:109} INFO - [2022-08-01 13:23:15,033] {dagbag.py:500} INFO - Filling up the DagBag from /home/airflow/.local/lib/python3.7/site-packages/airflow/example_dags/tutorial_etl_dag.py
[2022-08-01 13:23:15,054] {processor.py:637} INFO - DAG(s) dict_keys(['tutorial_etl_dag']) retrieved from /home/airflow/.local/lib/python3.7/site-packages/airflow/example_dags/tutorial_etl_dag.py
[2022-08-01 13:23:15,062] {logging_mixin.py:109} INFO - [2022-08-01 13:23:15,062] {dag.py:2396} INFO - Sync 1 DAGs
[2022-08-01 13:23:15,073] {logging_mixin.py:109} INFO - [2022-08-01 13:23:15,073] {dag.py:2928} INFO - Setting next_dagrun for tutorial_etl_dag to None
[2022-08-01 13:23:15,081] {processor.py:171} INFO - Processing /home/airflow/.local/lib/python3.7/site-packages/airflow/example_dags/tutorial_etl_dag.py took 0.054 seconds
[2022-08-01 13:23:45,329] {processor.py:163} INFO - Started process (PID=368) to work on /home/airflow/.local/lib/python3.7/site-packages/airflow/example_dags/tutorial_etl_dag.py
[2022-08-01 13:23:45,330] {processor.py:625} INFO - Processing file /home/airflow/.local/lib/python3.7/site-packages/airflow/example_dags/tutorial_etl_dag.py for tasks to queue
[2022-08-01 13:23:45,331] {logging_mixin.py:109} INFO - [2022-08-01 13:23:45,331] {dagbag.py:500} INFO - Filling up the DagBag from /home/airflow/.local/lib/python3.7/site-packages/airflow/example_dags/tutorial_etl_dag.py
[2022-08-01 13:23:45,355] {processor.py:637} INFO - DAG(s) dict_keys(['tutorial_etl_dag']) retrieved from /home/airflow/.local/lib/python3.7/site-packages/airflow/example_dags/tutorial_etl_dag.py
[2022-08-01 13:23:45,363] {logging_mixin.py:109} INFO - [2022-08-01 13:23:45,363] {dag.py:2396} INFO - Sync 1 DAGs
[2022-08-01 13:23:45,378] {logging_mixin.py:109} INFO - [2022-08-01 13:23:45,377] {dag.py:2928} INFO - Setting next_dagrun for tutorial_etl_dag to None
[2022-08-01 13:23:45,387] {processor.py:171} INFO - Processing /home/airflow/.local/lib/python3.7/site-packages/airflow/example_dags/tutorial_etl_dag.py took 0.061 seconds
[2022-08-01 13:24:17,588] {processor.py:163} INFO - Started process (PID=420) to work on /home/airflow/.local/lib/python3.7/site-packages/airflow/example_dags/tutorial_etl_dag.py
[2022-08-01 13:24:17,594] {processor.py:625} INFO - Processing file /home/airflow/.local/lib/python3.7/site-packages/airflow/example_dags/tutorial_etl_dag.py for tasks to queue
[2022-08-01 13:24:17,596] {logging_mixin.py:109} INFO - [2022-08-01 13:24:17,595] {dagbag.py:500} INFO - Filling up the DagBag from /home/airflow/.local/lib/python3.7/site-packages/airflow/example_dags/tutorial_etl_dag.py
[2022-08-01 13:24:17,687] {processor.py:637} INFO - DAG(s) dict_keys(['tutorial_etl_dag']) retrieved from /home/airflow/.local/lib/python3.7/site-packages/airflow/example_dags/tutorial_etl_dag.py
[2022-08-01 13:24:17,738] {logging_mixin.py:109} INFO - [2022-08-01 13:24:17,737] {dag.py:2396} INFO - Sync 1 DAGs
[2022-08-01 13:24:17,786] {logging_mixin.py:109} INFO - [2022-08-01 13:24:17,786] {dag.py:2928} INFO - Setting next_dagrun for tutorial_etl_dag to None
[2022-08-01 13:24:17,812] {processor.py:171} INFO - Processing /home/airflow/.local/lib/python3.7/site-packages/airflow/example_dags/tutorial_etl_dag.py took 0.237 seconds
[2022-08-01 13:24:51,184] {processor.py:163} INFO - Started process (PID=473) to work on /home/airflow/.local/lib/python3.7/site-packages/airflow/example_dags/tutorial_etl_dag.py
[2022-08-01 13:24:51,188] {processor.py:625} INFO - Processing file /home/airflow/.local/lib/python3.7/site-packages/airflow/example_dags/tutorial_etl_dag.py for tasks to queue
[2022-08-01 13:24:51,198] {logging_mixin.py:109} INFO - [2022-08-01 13:24:51,198] {dagbag.py:500} INFO - Filling up the DagBag from /home/airflow/.local/lib/python3.7/site-packages/airflow/example_dags/tutorial_etl_dag.py
[2022-08-01 13:24:51,318] {processor.py:637} INFO - DAG(s) dict_keys(['tutorial_etl_dag']) retrieved from /home/airflow/.local/lib/python3.7/site-packages/airflow/example_dags/tutorial_etl_dag.py
[2022-08-01 13:24:51,368] {logging_mixin.py:109} INFO - [2022-08-01 13:24:51,368] {dag.py:2396} INFO - Sync 1 DAGs
[2022-08-01 13:24:51,446] {logging_mixin.py:109} INFO - [2022-08-01 13:24:51,446] {dag.py:2928} INFO - Setting next_dagrun for tutorial_etl_dag to None
[2022-08-01 13:24:51,489] {processor.py:171} INFO - Processing /home/airflow/.local/lib/python3.7/site-packages/airflow/example_dags/tutorial_etl_dag.py took 0.321 seconds
[2022-08-01 13:25:21,538] {processor.py:163} INFO - Started process (PID=525) to work on /home/airflow/.local/lib/python3.7/site-packages/airflow/example_dags/tutorial_etl_dag.py
[2022-08-01 13:25:21,539] {processor.py:625} INFO - Processing file /home/airflow/.local/lib/python3.7/site-packages/airflow/example_dags/tutorial_etl_dag.py for tasks to queue
[2022-08-01 13:25:21,540] {logging_mixin.py:109} INFO - [2022-08-01 13:25:21,540] {dagbag.py:500} INFO - Filling up the DagBag from /home/airflow/.local/lib/python3.7/site-packages/airflow/example_dags/tutorial_etl_dag.py
[2022-08-01 13:25:21,568] {processor.py:637} INFO - DAG(s) dict_keys(['tutorial_etl_dag']) retrieved from /home/airflow/.local/lib/python3.7/site-packages/airflow/example_dags/tutorial_etl_dag.py
[2022-08-01 13:25:21,577] {logging_mixin.py:109} INFO - [2022-08-01 13:25:21,577] {dag.py:2396} INFO - Sync 1 DAGs
[2022-08-01 13:25:21,592] {logging_mixin.py:109} INFO - [2022-08-01 13:25:21,592] {dag.py:2928} INFO - Setting next_dagrun for tutorial_etl_dag to None
[2022-08-01 13:25:21,607] {processor.py:171} INFO - Processing /home/airflow/.local/lib/python3.7/site-packages/airflow/example_dags/tutorial_etl_dag.py took 0.073 seconds
[2022-08-01 13:25:52,232] {processor.py:163} INFO - Started process (PID=578) to work on /home/airflow/.local/lib/python3.7/site-packages/airflow/example_dags/tutorial_etl_dag.py
[2022-08-01 13:25:52,234] {processor.py:625} INFO - Processing file /home/airflow/.local/lib/python3.7/site-packages/airflow/example_dags/tutorial_etl_dag.py for tasks to queue
[2022-08-01 13:25:52,234] {logging_mixin.py:109} INFO - [2022-08-01 13:25:52,234] {dagbag.py:500} INFO - Filling up the DagBag from /home/airflow/.local/lib/python3.7/site-packages/airflow/example_dags/tutorial_etl_dag.py
[2022-08-01 13:25:52,259] {processor.py:637} INFO - DAG(s) dict_keys(['tutorial_etl_dag']) retrieved from /home/airflow/.local/lib/python3.7/site-packages/airflow/example_dags/tutorial_etl_dag.py
[2022-08-01 13:25:52,269] {logging_mixin.py:109} INFO - [2022-08-01 13:25:52,269] {dag.py:2396} INFO - Sync 1 DAGs
[2022-08-01 13:25:52,286] {logging_mixin.py:109} INFO - [2022-08-01 13:25:52,286] {dag.py:2928} INFO - Setting next_dagrun for tutorial_etl_dag to None
[2022-08-01 13:25:52,296] {processor.py:171} INFO - Processing /home/airflow/.local/lib/python3.7/site-packages/airflow/example_dags/tutorial_etl_dag.py took 0.068 seconds
[2022-08-01 13:26:22,635] {processor.py:163} INFO - Started process (PID=637) to work on /home/airflow/.local/lib/python3.7/site-packages/airflow/example_dags/tutorial_etl_dag.py
[2022-08-01 13:26:22,636] {processor.py:625} INFO - Processing file /home/airflow/.local/lib/python3.7/site-packages/airflow/example_dags/tutorial_etl_dag.py for tasks to queue
[2022-08-01 13:26:22,636] {logging_mixin.py:109} INFO - [2022-08-01 13:26:22,636] {dagbag.py:500} INFO - Filling up the DagBag from /home/airflow/.local/lib/python3.7/site-packages/airflow/example_dags/tutorial_etl_dag.py
[2022-08-01 13:26:22,659] {processor.py:637} INFO - DAG(s) dict_keys(['tutorial_etl_dag']) retrieved from /home/airflow/.local/lib/python3.7/site-packages/airflow/example_dags/tutorial_etl_dag.py
[2022-08-01 13:26:22,667] {logging_mixin.py:109} INFO - [2022-08-01 13:26:22,667] {dag.py:2396} INFO - Sync 1 DAGs
[2022-08-01 13:26:22,680] {logging_mixin.py:109} INFO - [2022-08-01 13:26:22,680] {dag.py:2928} INFO - Setting next_dagrun for tutorial_etl_dag to None
[2022-08-01 13:26:22,689] {processor.py:171} INFO - Processing /home/airflow/.local/lib/python3.7/site-packages/airflow/example_dags/tutorial_etl_dag.py took 0.056 seconds
[2022-08-01 13:26:53,183] {processor.py:163} INFO - Started process (PID=691) to work on /home/airflow/.local/lib/python3.7/site-packages/airflow/example_dags/tutorial_etl_dag.py
[2022-08-01 13:26:53,184] {processor.py:625} INFO - Processing file /home/airflow/.local/lib/python3.7/site-packages/airflow/example_dags/tutorial_etl_dag.py for tasks to queue
[2022-08-01 13:26:53,185] {logging_mixin.py:109} INFO - [2022-08-01 13:26:53,185] {dagbag.py:500} INFO - Filling up the DagBag from /home/airflow/.local/lib/python3.7/site-packages/airflow/example_dags/tutorial_etl_dag.py
[2022-08-01 13:26:53,215] {processor.py:637} INFO - DAG(s) dict_keys(['tutorial_etl_dag']) retrieved from /home/airflow/.local/lib/python3.7/site-packages/airflow/example_dags/tutorial_etl_dag.py
[2022-08-01 13:26:53,229] {logging_mixin.py:109} INFO - [2022-08-01 13:26:53,229] {dag.py:2396} INFO - Sync 1 DAGs
[2022-08-01 13:26:53,251] {logging_mixin.py:109} INFO - [2022-08-01 13:26:53,251] {dag.py:2928} INFO - Setting next_dagrun for tutorial_etl_dag to None
[2022-08-01 13:26:53,266] {processor.py:171} INFO - Processing /home/airflow/.local/lib/python3.7/site-packages/airflow/example_dags/tutorial_etl_dag.py took 0.087 seconds
[2022-08-01 13:27:23,667] {processor.py:163} INFO - Started process (PID=743) to work on /home/airflow/.local/lib/python3.7/site-packages/airflow/example_dags/tutorial_etl_dag.py
[2022-08-01 13:27:23,669] {processor.py:625} INFO - Processing file /home/airflow/.local/lib/python3.7/site-packages/airflow/example_dags/tutorial_etl_dag.py for tasks to queue
[2022-08-01 13:27:23,669] {logging_mixin.py:109} INFO - [2022-08-01 13:27:23,669] {dagbag.py:500} INFO - Filling up the DagBag from /home/airflow/.local/lib/python3.7/site-packages/airflow/example_dags/tutorial_etl_dag.py
[2022-08-01 13:27:23,695] {processor.py:637} INFO - DAG(s) dict_keys(['tutorial_etl_dag']) retrieved from /home/airflow/.local/lib/python3.7/site-packages/airflow/example_dags/tutorial_etl_dag.py
[2022-08-01 13:27:23,703] {logging_mixin.py:109} INFO - [2022-08-01 13:27:23,703] {dag.py:2396} INFO - Sync 1 DAGs
[2022-08-01 13:27:23,714] {logging_mixin.py:109} INFO - [2022-08-01 13:27:23,714] {dag.py:2928} INFO - Setting next_dagrun for tutorial_etl_dag to None
[2022-08-01 13:27:23,723] {processor.py:171} INFO - Processing /home/airflow/.local/lib/python3.7/site-packages/airflow/example_dags/tutorial_etl_dag.py took 0.058 seconds
[2022-08-01 13:27:54,318] {processor.py:163} INFO - Started process (PID=795) to work on /home/airflow/.local/lib/python3.7/site-packages/airflow/example_dags/tutorial_etl_dag.py
[2022-08-01 13:27:54,319] {processor.py:625} INFO - Processing file /home/airflow/.local/lib/python3.7/site-packages/airflow/example_dags/tutorial_etl_dag.py for tasks to queue
[2022-08-01 13:27:54,319] {logging_mixin.py:109} INFO - [2022-08-01 13:27:54,319] {dagbag.py:500} INFO - Filling up the DagBag from /home/airflow/.local/lib/python3.7/site-packages/airflow/example_dags/tutorial_etl_dag.py
[2022-08-01 13:27:54,343] {processor.py:637} INFO - DAG(s) dict_keys(['tutorial_etl_dag']) retrieved from /home/airflow/.local/lib/python3.7/site-packages/airflow/example_dags/tutorial_etl_dag.py
[2022-08-01 13:27:54,351] {logging_mixin.py:109} INFO - [2022-08-01 13:27:54,351] {dag.py:2396} INFO - Sync 1 DAGs
[2022-08-01 13:27:54,363] {logging_mixin.py:109} INFO - [2022-08-01 13:27:54,363] {dag.py:2928} INFO - Setting next_dagrun for tutorial_etl_dag to None
[2022-08-01 13:27:54,372] {processor.py:171} INFO - Processing /home/airflow/.local/lib/python3.7/site-packages/airflow/example_dags/tutorial_etl_dag.py took 0.057 seconds
[2022-08-01 13:28:24,601] {processor.py:163} INFO - Started process (PID=855) to work on /home/airflow/.local/lib/python3.7/site-packages/airflow/example_dags/tutorial_etl_dag.py
[2022-08-01 13:28:24,603] {processor.py:625} INFO - Processing file /home/airflow/.local/lib/python3.7/site-packages/airflow/example_dags/tutorial_etl_dag.py for tasks to queue
[2022-08-01 13:28:24,604] {logging_mixin.py:109} INFO - [2022-08-01 13:28:24,604] {dagbag.py:500} INFO - Filling up the DagBag from /home/airflow/.local/lib/python3.7/site-packages/airflow/example_dags/tutorial_etl_dag.py
[2022-08-01 13:28:24,650] {processor.py:637} INFO - DAG(s) dict_keys(['tutorial_etl_dag']) retrieved from /home/airflow/.local/lib/python3.7/site-packages/airflow/example_dags/tutorial_etl_dag.py
[2022-08-01 13:28:24,665] {logging_mixin.py:109} INFO - [2022-08-01 13:28:24,665] {dag.py:2396} INFO - Sync 1 DAGs
[2022-08-01 13:28:24,687] {logging_mixin.py:109} INFO - [2022-08-01 13:28:24,686] {dag.py:2928} INFO - Setting next_dagrun for tutorial_etl_dag to None
[2022-08-01 13:28:24,701] {processor.py:171} INFO - Processing /home/airflow/.local/lib/python3.7/site-packages/airflow/example_dags/tutorial_etl_dag.py took 0.105 seconds
[2022-08-01 13:28:55,625] {processor.py:163} INFO - Started process (PID=907) to work on /home/airflow/.local/lib/python3.7/site-packages/airflow/example_dags/tutorial_etl_dag.py
[2022-08-01 13:28:55,626] {processor.py:625} INFO - Processing file /home/airflow/.local/lib/python3.7/site-packages/airflow/example_dags/tutorial_etl_dag.py for tasks to queue
[2022-08-01 13:28:55,627] {logging_mixin.py:109} INFO - [2022-08-01 13:28:55,627] {dagbag.py:500} INFO - Filling up the DagBag from /home/airflow/.local/lib/python3.7/site-packages/airflow/example_dags/tutorial_etl_dag.py
[2022-08-01 13:28:55,649] {processor.py:637} INFO - DAG(s) dict_keys(['tutorial_etl_dag']) retrieved from /home/airflow/.local/lib/python3.7/site-packages/airflow/example_dags/tutorial_etl_dag.py
[2022-08-01 13:28:55,658] {logging_mixin.py:109} INFO - [2022-08-01 13:28:55,658] {dag.py:2396} INFO - Sync 1 DAGs
[2022-08-01 13:28:55,672] {logging_mixin.py:109} INFO - [2022-08-01 13:28:55,672] {dag.py:2928} INFO - Setting next_dagrun for tutorial_etl_dag to None
[2022-08-01 13:28:55,682] {processor.py:171} INFO - Processing /home/airflow/.local/lib/python3.7/site-packages/airflow/example_dags/tutorial_etl_dag.py took 0.059 seconds
[2022-08-01 13:29:25,933] {processor.py:163} INFO - Started process (PID=959) to work on /home/airflow/.local/lib/python3.7/site-packages/airflow/example_dags/tutorial_etl_dag.py
[2022-08-01 13:29:25,934] {processor.py:625} INFO - Processing file /home/airflow/.local/lib/python3.7/site-packages/airflow/example_dags/tutorial_etl_dag.py for tasks to queue
[2022-08-01 13:29:25,934] {logging_mixin.py:109} INFO - [2022-08-01 13:29:25,934] {dagbag.py:500} INFO - Filling up the DagBag from /home/airflow/.local/lib/python3.7/site-packages/airflow/example_dags/tutorial_etl_dag.py
[2022-08-01 13:29:25,953] {processor.py:637} INFO - DAG(s) dict_keys(['tutorial_etl_dag']) retrieved from /home/airflow/.local/lib/python3.7/site-packages/airflow/example_dags/tutorial_etl_dag.py
[2022-08-01 13:29:25,959] {logging_mixin.py:109} INFO - [2022-08-01 13:29:25,959] {dag.py:2396} INFO - Sync 1 DAGs
[2022-08-01 13:29:25,969] {logging_mixin.py:109} INFO - [2022-08-01 13:29:25,969] {dag.py:2928} INFO - Setting next_dagrun for tutorial_etl_dag to None
[2022-08-01 13:29:25,977] {processor.py:171} INFO - Processing /home/airflow/.local/lib/python3.7/site-packages/airflow/example_dags/tutorial_etl_dag.py took 0.046 seconds
[2022-08-01 13:29:56,728] {processor.py:163} INFO - Started process (PID=1021) to work on /home/airflow/.local/lib/python3.7/site-packages/airflow/example_dags/tutorial_etl_dag.py
[2022-08-01 13:29:56,729] {processor.py:625} INFO - Processing file /home/airflow/.local/lib/python3.7/site-packages/airflow/example_dags/tutorial_etl_dag.py for tasks to queue
[2022-08-01 13:29:56,730] {logging_mixin.py:109} INFO - [2022-08-01 13:29:56,730] {dagbag.py:500} INFO - Filling up the DagBag from /home/airflow/.local/lib/python3.7/site-packages/airflow/example_dags/tutorial_etl_dag.py
[2022-08-01 13:29:56,753] {processor.py:637} INFO - DAG(s) dict_keys(['tutorial_etl_dag']) retrieved from /home/airflow/.local/lib/python3.7/site-packages/airflow/example_dags/tutorial_etl_dag.py
[2022-08-01 13:29:56,761] {logging_mixin.py:109} INFO - [2022-08-01 13:29:56,761] {dag.py:2396} INFO - Sync 1 DAGs
[2022-08-01 13:29:56,774] {logging_mixin.py:109} INFO - [2022-08-01 13:29:56,773] {dag.py:2928} INFO - Setting next_dagrun for tutorial_etl_dag to None
[2022-08-01 13:29:56,784] {processor.py:171} INFO - Processing /home/airflow/.local/lib/python3.7/site-packages/airflow/example_dags/tutorial_etl_dag.py took 0.058 seconds
[2022-08-01 13:30:27,292] {processor.py:163} INFO - Started process (PID=1074) to work on /home/airflow/.local/lib/python3.7/site-packages/airflow/example_dags/tutorial_etl_dag.py
[2022-08-01 13:30:27,294] {processor.py:625} INFO - Processing file /home/airflow/.local/lib/python3.7/site-packages/airflow/example_dags/tutorial_etl_dag.py for tasks to queue
[2022-08-01 13:30:27,295] {logging_mixin.py:109} INFO - [2022-08-01 13:30:27,295] {dagbag.py:500} INFO - Filling up the DagBag from /home/airflow/.local/lib/python3.7/site-packages/airflow/example_dags/tutorial_etl_dag.py
[2022-08-01 13:30:27,329] {processor.py:637} INFO - DAG(s) dict_keys(['tutorial_etl_dag']) retrieved from /home/airflow/.local/lib/python3.7/site-packages/airflow/example_dags/tutorial_etl_dag.py
[2022-08-01 13:30:27,340] {logging_mixin.py:109} INFO - [2022-08-01 13:30:27,340] {dag.py:2396} INFO - Sync 1 DAGs
[2022-08-01 13:30:27,358] {logging_mixin.py:109} INFO - [2022-08-01 13:30:27,358] {dag.py:2928} INFO - Setting next_dagrun for tutorial_etl_dag to None
[2022-08-01 13:30:27,369] {processor.py:171} INFO - Processing /home/airflow/.local/lib/python3.7/site-packages/airflow/example_dags/tutorial_etl_dag.py took 0.082 seconds
