[2022-07-28 20:14:29,019] {taskinstance.py:1035} INFO - Dependencies all met for <TaskInstance: btc_price_operator.get_btc manual__2022-07-28T20:14:28.300879+00:00 [queued]>
[2022-07-28 20:14:29,028] {taskinstance.py:1035} INFO - Dependencies all met for <TaskInstance: btc_price_operator.get_btc manual__2022-07-28T20:14:28.300879+00:00 [queued]>
[2022-07-28 20:14:29,028] {taskinstance.py:1241} INFO - 
--------------------------------------------------------------------------------
[2022-07-28 20:14:29,028] {taskinstance.py:1242} INFO - Starting attempt 1 of 1
[2022-07-28 20:14:29,028] {taskinstance.py:1243} INFO - 
--------------------------------------------------------------------------------
[2022-07-28 20:14:29,038] {taskinstance.py:1262} INFO - Executing <Task(_PythonDecoratedOperator): get_btc> on 2022-07-28 20:14:28.300879+00:00
[2022-07-28 20:14:29,041] {standard_task_runner.py:52} INFO - Started process 91 to run task
[2022-07-28 20:14:29,044] {standard_task_runner.py:76} INFO - Running: ['***', 'tasks', 'run', 'btc_price_operator', 'get_btc', 'manual__2022-07-28T20:14:28.300879+00:00', '--job-id', '103', '--raw', '--subdir', 'DAGS_FOLDER/btc_price.py', '--cfg-path', '/tmp/tmp1gphn2lm', '--error-file', '/tmp/tmpd8xma_em']
[2022-07-28 20:14:29,045] {standard_task_runner.py:77} INFO - Job 103: Subtask get_btc
[2022-07-28 20:14:29,086] {logging_mixin.py:109} INFO - Running <TaskInstance: btc_price_operator.get_btc manual__2022-07-28T20:14:28.300879+00:00 [running]> on host aeed186f5814
[2022-07-28 20:14:29,137] {taskinstance.py:1429} INFO - Exporting the following env vars:
AIRFLOW_CTX_DAG_OWNER=***
AIRFLOW_CTX_DAG_ID=btc_price_operator
AIRFLOW_CTX_TASK_ID=get_btc
AIRFLOW_CTX_EXECUTION_DATE=2022-07-28T20:14:28.300879+00:00
AIRFLOW_CTX_DAG_RUN_ID=manual__2022-07-28T20:14:28.300879+00:00
[2022-07-28 20:14:29,203] {python.py:152} INFO - Done. Returned value was: {'prices': [USD:23837.8864 @ 2022-07-28 20:14:28.743266, GBP:19918.7471 @ 2022-07-28 20:14:28.743266, EUR:23221.5817 @ 2022-07-28 20:14:28.743266]}
[2022-07-28 20:14:29,203] {xcom.py:334} ERROR - Could not serialize the XCom value into JSON. If you are using pickle instead of JSON for XCom, then you need to enable pickle support for XCom in your *** config.
[2022-07-28 20:14:29,204] {taskinstance.py:1703} ERROR - Task failed with exception
Traceback (most recent call last):
  File "/home/airflow/.local/lib/python3.7/site-packages/airflow/models/taskinstance.py", line 1332, in _run_raw_task
    self._execute_task_with_callbacks(context)
  File "/home/airflow/.local/lib/python3.7/site-packages/airflow/models/taskinstance.py", line 1458, in _execute_task_with_callbacks
    result = self._execute_task(context, self.task)
  File "/home/airflow/.local/lib/python3.7/site-packages/airflow/models/taskinstance.py", line 1517, in _execute_task
    self.xcom_push(key=XCOM_RETURN_KEY, value=result)
  File "/home/airflow/.local/lib/python3.7/site-packages/airflow/utils/session.py", line 70, in wrapper
    return func(*args, session=session, **kwargs)
  File "/home/airflow/.local/lib/python3.7/site-packages/airflow/models/taskinstance.py", line 2262, in xcom_push
    session=session,
  File "/home/airflow/.local/lib/python3.7/site-packages/airflow/utils/session.py", line 67, in wrapper
    return func(*args, **kwargs)
  File "/home/airflow/.local/lib/python3.7/site-packages/airflow/models/xcom.py", line 100, in set
    value = XCom.serialize_value(value)
  File "/home/airflow/.local/lib/python3.7/site-packages/airflow/models/xcom.py", line 331, in serialize_value
    return json.dumps(value).encode('UTF-8')
  File "/usr/local/lib/python3.7/json/__init__.py", line 231, in dumps
    return _default_encoder.encode(obj)
  File "/usr/local/lib/python3.7/json/encoder.py", line 199, in encode
    chunks = self.iterencode(o, _one_shot=True)
  File "/usr/local/lib/python3.7/json/encoder.py", line 257, in iterencode
    return _iterencode(o, 0)
  File "/usr/local/lib/python3.7/json/encoder.py", line 179, in default
    raise TypeError(f'Object of type {o.__class__.__name__} '
TypeError: Object of type BTCPrice is not JSON serializable
[2022-07-28 20:14:29,217] {taskinstance.py:1280} INFO - Marking task as FAILED. dag_id=btc_price_operator, task_id=get_btc, execution_date=20220728T201428, start_date=20220728T201429, end_date=20220728T201429
[2022-07-28 20:14:29,229] {standard_task_runner.py:91} ERROR - Failed to execute job 103 for task get_btc
Traceback (most recent call last):
  File "/home/airflow/.local/lib/python3.7/site-packages/airflow/task/task_runner/standard_task_runner.py", line 85, in _start_by_fork
    args.func(args, dag=self.dag)
  File "/home/airflow/.local/lib/python3.7/site-packages/airflow/cli/cli_parser.py", line 48, in command
    return func(*args, **kwargs)
  File "/home/airflow/.local/lib/python3.7/site-packages/airflow/utils/cli.py", line 92, in wrapper
    return f(*args, **kwargs)
  File "/home/airflow/.local/lib/python3.7/site-packages/airflow/cli/commands/task_command.py", line 292, in task_run
    _run_task_by_selected_method(args, dag, ti)
  File "/home/airflow/.local/lib/python3.7/site-packages/airflow/cli/commands/task_command.py", line 107, in _run_task_by_selected_method
    _run_raw_task(args, ti)
  File "/home/airflow/.local/lib/python3.7/site-packages/airflow/cli/commands/task_command.py", line 184, in _run_raw_task
    error_file=args.error_file,
  File "/home/airflow/.local/lib/python3.7/site-packages/airflow/utils/session.py", line 70, in wrapper
    return func(*args, session=session, **kwargs)
  File "/home/airflow/.local/lib/python3.7/site-packages/airflow/models/taskinstance.py", line 1332, in _run_raw_task
    self._execute_task_with_callbacks(context)
  File "/home/airflow/.local/lib/python3.7/site-packages/airflow/models/taskinstance.py", line 1458, in _execute_task_with_callbacks
    result = self._execute_task(context, self.task)
  File "/home/airflow/.local/lib/python3.7/site-packages/airflow/models/taskinstance.py", line 1517, in _execute_task
    self.xcom_push(key=XCOM_RETURN_KEY, value=result)
  File "/home/airflow/.local/lib/python3.7/site-packages/airflow/utils/session.py", line 70, in wrapper
    return func(*args, session=session, **kwargs)
  File "/home/airflow/.local/lib/python3.7/site-packages/airflow/models/taskinstance.py", line 2262, in xcom_push
    session=session,
  File "/home/airflow/.local/lib/python3.7/site-packages/airflow/utils/session.py", line 67, in wrapper
    return func(*args, **kwargs)
  File "/home/airflow/.local/lib/python3.7/site-packages/airflow/models/xcom.py", line 100, in set
    value = XCom.serialize_value(value)
  File "/home/airflow/.local/lib/python3.7/site-packages/airflow/models/xcom.py", line 331, in serialize_value
    return json.dumps(value).encode('UTF-8')
  File "/usr/local/lib/python3.7/json/__init__.py", line 231, in dumps
    return _default_encoder.encode(obj)
  File "/usr/local/lib/python3.7/json/encoder.py", line 199, in encode
    chunks = self.iterencode(o, _one_shot=True)
  File "/usr/local/lib/python3.7/json/encoder.py", line 257, in iterencode
    return _iterencode(o, 0)
  File "/usr/local/lib/python3.7/json/encoder.py", line 179, in default
    raise TypeError(f'Object of type {o.__class__.__name__} '
TypeError: Object of type BTCPrice is not JSON serializable
[2022-07-28 20:14:29,257] {local_task_job.py:154} INFO - Task exited with return code 1
[2022-07-28 20:14:29,278] {baseoperator.py:1386} WARNING - Dependency <Task(_PythonDecoratedOperator): compose_price_email>, send_price_email already registered for DAG: btc_price_operator
[2022-07-28 20:14:29,278] {baseoperator.py:1386} WARNING - Dependency <Task(EmailOperator): send_price_email>, compose_price_email already registered for DAG: btc_price_operator
[2022-07-28 20:14:29,278] {baseoperator.py:1386} WARNING - Dependency <Task(_PythonDecoratedOperator): compose_price_email>, send_price_email already registered for DAG: btc_price_operator
[2022-07-28 20:14:29,278] {baseoperator.py:1386} WARNING - Dependency <Task(EmailOperator): send_price_email>, compose_price_email already registered for DAG: btc_price_operator
[2022-07-28 20:14:29,278] {baseoperator.py:1386} WARNING - Dependency <Task(_PythonDecoratedOperator): compose_price_email>, send_price_email already registered for DAG: btc_price_operator
[2022-07-28 20:14:29,278] {baseoperator.py:1386} WARNING - Dependency <Task(EmailOperator): send_price_email>, compose_price_email already registered for DAG: btc_price_operator
[2022-07-28 20:14:29,278] {baseoperator.py:1386} WARNING - Dependency <Task(_PythonDecoratedOperator): compose_price_email>, send_price_email already registered for DAG: btc_price_operator
[2022-07-28 20:14:29,278] {baseoperator.py:1386} WARNING - Dependency <Task(EmailOperator): send_price_email>, compose_price_email already registered for DAG: btc_price_operator
[2022-07-28 20:14:29,279] {baseoperator.py:1386} WARNING - Dependency <Task(_PythonDecoratedOperator): compose_price_email>, send_price_email already registered for DAG: btc_price_operator
[2022-07-28 20:14:29,279] {baseoperator.py:1386} WARNING - Dependency <Task(EmailOperator): send_price_email>, compose_price_email already registered for DAG: btc_price_operator
[2022-07-28 20:14:29,295] {local_task_job.py:264} INFO - 0 downstream tasks scheduled from follow-on schedule check
