[2022-08-04 19:09:03,742] {taskinstance.py:1035} INFO - Dependencies all met for <TaskInstance: btc_price_operator.process_prices manual__2022-08-04T19:09:01.240416+00:00 [queued]>
[2022-08-04 19:09:03,765] {taskinstance.py:1035} INFO - Dependencies all met for <TaskInstance: btc_price_operator.process_prices manual__2022-08-04T19:09:01.240416+00:00 [queued]>
[2022-08-04 19:09:03,766] {taskinstance.py:1241} INFO - 
--------------------------------------------------------------------------------
[2022-08-04 19:09:03,766] {taskinstance.py:1242} INFO - Starting attempt 1 of 1
[2022-08-04 19:09:03,766] {taskinstance.py:1243} INFO - 
--------------------------------------------------------------------------------
[2022-08-04 19:09:03,792] {taskinstance.py:1262} INFO - Executing <Task(_PythonDecoratedOperator): process_prices> on 2022-08-04 19:09:01.240416+00:00
[2022-08-04 19:09:03,799] {standard_task_runner.py:52} INFO - Started process 4119 to run task
[2022-08-04 19:09:03,807] {standard_task_runner.py:76} INFO - Running: ['***', 'tasks', 'run', 'btc_price_operator', 'process_prices', 'manual__2022-08-04T19:09:01.240416+00:00', '--job-id', '8', '--raw', '--subdir', 'DAGS_FOLDER/btc_price.py', '--cfg-path', '/tmp/tmp3570xc9v', '--error-file', '/tmp/tmpna1eb1z_']
[2022-08-04 19:09:03,807] {standard_task_runner.py:77} INFO - Job 8: Subtask process_prices
[2022-08-04 19:09:03,886] {logging_mixin.py:109} INFO - Running <TaskInstance: btc_price_operator.process_prices manual__2022-08-04T19:09:01.240416+00:00 [running]> on host 81472222a2e9
[2022-08-04 19:09:03,984] {taskinstance.py:1429} INFO - Exporting the following env vars:
AIRFLOW_CTX_DAG_OWNER=***
AIRFLOW_CTX_DAG_ID=btc_price_operator
AIRFLOW_CTX_TASK_ID=process_prices
AIRFLOW_CTX_EXECUTION_DATE=2022-08-04T19:09:01.240416+00:00
AIRFLOW_CTX_DAG_RUN_ID=manual__2022-08-04T19:09:01.240416+00:00
[2022-08-04 19:09:03,986] {python.py:152} INFO - Done. Returned value was: {"prices": [{"currency": "USD", "rate": 22530.6004, "price_date": "2022-08-04 19:09:02.058392"}, {"currency": "GBP", "rate": 18826.3895, "price_date": "2022-08-04 19:09:02.058392"}, {"currency": "EUR", "rate": 21948.0943, "price_date": "2022-08-04 19:09:02.058392"}]}
[2022-08-04 19:09:04,019] {taskinstance.py:1280} INFO - Marking task as SUCCESS. dag_id=btc_price_operator, task_id=process_prices, execution_date=20220804T190901, start_date=20220804T190903, end_date=20220804T190904
[2022-08-04 19:09:04,058] {local_task_job.py:154} INFO - Task exited with return code 0
[2022-08-04 19:09:04,092] {baseoperator.py:1386} WARNING - Dependency <Task(_PythonDecoratedOperator): compose_price_email>, send_price_email already registered for DAG: btc_price_operator
[2022-08-04 19:09:04,092] {baseoperator.py:1386} WARNING - Dependency <Task(EmailOperator): send_price_email>, compose_price_email already registered for DAG: btc_price_operator
[2022-08-04 19:09:04,093] {baseoperator.py:1386} WARNING - Dependency <Task(_PythonDecoratedOperator): compose_price_email>, send_price_email already registered for DAG: btc_price_operator
[2022-08-04 19:09:04,093] {baseoperator.py:1386} WARNING - Dependency <Task(EmailOperator): send_price_email>, compose_price_email already registered for DAG: btc_price_operator
[2022-08-04 19:09:04,093] {baseoperator.py:1386} WARNING - Dependency <Task(_PythonDecoratedOperator): compose_price_email>, send_price_email already registered for DAG: btc_price_operator
[2022-08-04 19:09:04,093] {baseoperator.py:1386} WARNING - Dependency <Task(EmailOperator): send_price_email>, compose_price_email already registered for DAG: btc_price_operator
[2022-08-04 19:09:04,093] {baseoperator.py:1386} WARNING - Dependency <Task(_PythonDecoratedOperator): compose_price_email>, send_price_email already registered for DAG: btc_price_operator
[2022-08-04 19:09:04,093] {baseoperator.py:1386} WARNING - Dependency <Task(EmailOperator): send_price_email>, compose_price_email already registered for DAG: btc_price_operator
[2022-08-04 19:09:04,093] {baseoperator.py:1386} WARNING - Dependency <Task(_PythonDecoratedOperator): compose_price_email>, send_price_email already registered for DAG: btc_price_operator
[2022-08-04 19:09:04,093] {baseoperator.py:1386} WARNING - Dependency <Task(EmailOperator): send_price_email>, compose_price_email already registered for DAG: btc_price_operator
[2022-08-04 19:09:04,117] {local_task_job.py:264} INFO - 1 downstream tasks scheduled from follow-on schedule check
